[2025-02-09T18:48:02.694-0700] {processor.py:186} INFO - Started process (PID=18821) to work on /Users/pranithjain/Desktop/DE Project/Apache Airflow Project/venv/lib/python3.10/site-packages/airflow/example_dags/example_skip_dag.py
[2025-02-09T18:48:02.694-0700] {processor.py:914} INFO - Processing file /Users/pranithjain/Desktop/DE Project/Apache Airflow Project/venv/lib/python3.10/site-packages/airflow/example_dags/example_skip_dag.py for tasks to queue
[2025-02-09T18:48:02.695-0700] {logging_mixin.py:190} INFO - [2025-02-09T18:48:02.695-0700] {dagbag.py:588} INFO - Filling up the DagBag from /Users/pranithjain/Desktop/DE Project/Apache Airflow Project/venv/lib/python3.10/site-packages/airflow/example_dags/example_skip_dag.py
[2025-02-09T18:48:02.698-0700] {processor.py:925} INFO - DAG(s) 'example_skip_dag' retrieved from /Users/pranithjain/Desktop/DE Project/Apache Airflow Project/venv/lib/python3.10/site-packages/airflow/example_dags/example_skip_dag.py
[2025-02-09T18:48:02.799-0700] {logging_mixin.py:190} INFO - [2025-02-09T18:48:02.799-0700] {override.py:1930} INFO - Created Permission View: can edit on DAG:example_skip_dag
[2025-02-09T18:48:02.803-0700] {logging_mixin.py:190} INFO - [2025-02-09T18:48:02.803-0700] {override.py:1930} INFO - Created Permission View: can delete on DAG:example_skip_dag
[2025-02-09T18:48:02.805-0700] {logging_mixin.py:190} INFO - [2025-02-09T18:48:02.805-0700] {override.py:1930} INFO - Created Permission View: can read on DAG:example_skip_dag
[2025-02-09T18:48:02.807-0700] {logging_mixin.py:190} INFO - [2025-02-09T18:48:02.807-0700] {override.py:1930} INFO - Created Permission View: menu access on DAG Run:example_skip_dag
[2025-02-09T18:48:02.809-0700] {logging_mixin.py:190} INFO - [2025-02-09T18:48:02.809-0700] {override.py:1930} INFO - Created Permission View: can create on DAG Run:example_skip_dag
[2025-02-09T18:48:02.811-0700] {logging_mixin.py:190} INFO - [2025-02-09T18:48:02.811-0700] {override.py:1930} INFO - Created Permission View: can delete on DAG Run:example_skip_dag
[2025-02-09T18:48:02.813-0700] {logging_mixin.py:190} INFO - [2025-02-09T18:48:02.813-0700] {override.py:1930} INFO - Created Permission View: can read on DAG Run:example_skip_dag
[2025-02-09T18:48:02.813-0700] {logging_mixin.py:190} INFO - [2025-02-09T18:48:02.813-0700] {dag.py:3239} INFO - Sync 1 DAGs
[2025-02-09T18:48:02.818-0700] {logging_mixin.py:190} INFO - [2025-02-09T18:48:02.818-0700] {dag.py:3262} INFO - Creating ORM DAG for example_skip_dag
[2025-02-09T18:48:02.821-0700] {logging_mixin.py:190} INFO - [2025-02-09T18:48:02.821-0700] {dag.py:4180} INFO - Setting next_dagrun for example_skip_dag to 2025-02-09 00:00:00+00:00, run_after=2025-02-10 00:00:00+00:00
[2025-02-09T18:48:02.827-0700] {processor.py:208} INFO - Processing /Users/pranithjain/Desktop/DE Project/Apache Airflow Project/venv/lib/python3.10/site-packages/airflow/example_dags/example_skip_dag.py took 0.135 seconds
[2025-02-09T18:49:45.462-0700] {processor.py:186} INFO - Started process (PID=19140) to work on /Users/pranithjain/Desktop/DE Project/Apache Airflow Project/venv/lib/python3.10/site-packages/airflow/example_dags/example_skip_dag.py
[2025-02-09T18:49:45.462-0700] {processor.py:914} INFO - Processing file /Users/pranithjain/Desktop/DE Project/Apache Airflow Project/venv/lib/python3.10/site-packages/airflow/example_dags/example_skip_dag.py for tasks to queue
[2025-02-09T18:49:45.463-0700] {logging_mixin.py:190} INFO - [2025-02-09T18:49:45.463-0700] {dagbag.py:588} INFO - Filling up the DagBag from /Users/pranithjain/Desktop/DE Project/Apache Airflow Project/venv/lib/python3.10/site-packages/airflow/example_dags/example_skip_dag.py
[2025-02-09T18:49:45.466-0700] {processor.py:925} INFO - DAG(s) 'example_skip_dag' retrieved from /Users/pranithjain/Desktop/DE Project/Apache Airflow Project/venv/lib/python3.10/site-packages/airflow/example_dags/example_skip_dag.py
[2025-02-09T18:49:45.534-0700] {logging_mixin.py:190} INFO - [2025-02-09T18:49:45.533-0700] {dag.py:3239} INFO - Sync 1 DAGs
[2025-02-09T18:49:45.540-0700] {logging_mixin.py:190} INFO - [2025-02-09T18:49:45.540-0700] {dag.py:4180} INFO - Setting next_dagrun for example_skip_dag to 2025-02-09 00:00:00+00:00, run_after=2025-02-10 00:00:00+00:00
[2025-02-09T18:49:45.547-0700] {processor.py:208} INFO - Processing /Users/pranithjain/Desktop/DE Project/Apache Airflow Project/venv/lib/python3.10/site-packages/airflow/example_dags/example_skip_dag.py took 0.087 seconds
[2025-02-09T18:51:00.474-0700] {processor.py:186} INFO - Started process (PID=19370) to work on /Users/pranithjain/Desktop/DE Project/Apache Airflow Project/venv/lib/python3.10/site-packages/airflow/example_dags/example_skip_dag.py
[2025-02-09T18:51:00.475-0700] {processor.py:914} INFO - Processing file /Users/pranithjain/Desktop/DE Project/Apache Airflow Project/venv/lib/python3.10/site-packages/airflow/example_dags/example_skip_dag.py for tasks to queue
[2025-02-09T18:51:00.475-0700] {logging_mixin.py:190} INFO - [2025-02-09T18:51:00.475-0700] {dagbag.py:588} INFO - Filling up the DagBag from /Users/pranithjain/Desktop/DE Project/Apache Airflow Project/venv/lib/python3.10/site-packages/airflow/example_dags/example_skip_dag.py
[2025-02-09T18:51:00.479-0700] {processor.py:925} INFO - DAG(s) 'example_skip_dag' retrieved from /Users/pranithjain/Desktop/DE Project/Apache Airflow Project/venv/lib/python3.10/site-packages/airflow/example_dags/example_skip_dag.py
[2025-02-09T18:51:00.547-0700] {logging_mixin.py:190} INFO - [2025-02-09T18:51:00.546-0700] {dag.py:3239} INFO - Sync 1 DAGs
[2025-02-09T18:51:00.553-0700] {logging_mixin.py:190} INFO - [2025-02-09T18:51:00.553-0700] {dag.py:4180} INFO - Setting next_dagrun for example_skip_dag to 2025-02-09 00:00:00+00:00, run_after=2025-02-10 00:00:00+00:00
[2025-02-09T18:51:00.560-0700] {processor.py:208} INFO - Processing /Users/pranithjain/Desktop/DE Project/Apache Airflow Project/venv/lib/python3.10/site-packages/airflow/example_dags/example_skip_dag.py took 0.088 seconds
[2025-02-09T18:52:11.462-0700] {processor.py:186} INFO - Started process (PID=19602) to work on /Users/pranithjain/Desktop/DE Project/Apache Airflow Project/venv/lib/python3.10/site-packages/airflow/example_dags/example_skip_dag.py
[2025-02-09T18:52:11.462-0700] {processor.py:914} INFO - Processing file /Users/pranithjain/Desktop/DE Project/Apache Airflow Project/venv/lib/python3.10/site-packages/airflow/example_dags/example_skip_dag.py for tasks to queue
[2025-02-09T18:52:11.463-0700] {logging_mixin.py:190} INFO - [2025-02-09T18:52:11.463-0700] {dagbag.py:588} INFO - Filling up the DagBag from /Users/pranithjain/Desktop/DE Project/Apache Airflow Project/venv/lib/python3.10/site-packages/airflow/example_dags/example_skip_dag.py
[2025-02-09T18:52:11.466-0700] {processor.py:925} INFO - DAG(s) 'example_skip_dag' retrieved from /Users/pranithjain/Desktop/DE Project/Apache Airflow Project/venv/lib/python3.10/site-packages/airflow/example_dags/example_skip_dag.py
[2025-02-09T18:52:11.535-0700] {logging_mixin.py:190} INFO - [2025-02-09T18:52:11.535-0700] {dag.py:3239} INFO - Sync 1 DAGs
[2025-02-09T18:52:11.542-0700] {logging_mixin.py:190} INFO - [2025-02-09T18:52:11.542-0700] {dag.py:4180} INFO - Setting next_dagrun for example_skip_dag to 2025-02-09 00:00:00+00:00, run_after=2025-02-10 00:00:00+00:00
[2025-02-09T18:52:11.548-0700] {processor.py:208} INFO - Processing /Users/pranithjain/Desktop/DE Project/Apache Airflow Project/venv/lib/python3.10/site-packages/airflow/example_dags/example_skip_dag.py took 0.089 seconds
[2025-02-09T18:53:12.023-0700] {processor.py:186} INFO - Started process (PID=19790) to work on /Users/pranithjain/Desktop/DE Project/Apache Airflow Project/venv/lib/python3.10/site-packages/airflow/example_dags/example_skip_dag.py
[2025-02-09T18:53:12.025-0700] {processor.py:914} INFO - Processing file /Users/pranithjain/Desktop/DE Project/Apache Airflow Project/venv/lib/python3.10/site-packages/airflow/example_dags/example_skip_dag.py for tasks to queue
[2025-02-09T18:53:12.025-0700] {logging_mixin.py:190} INFO - [2025-02-09T18:53:12.025-0700] {dagbag.py:588} INFO - Filling up the DagBag from /Users/pranithjain/Desktop/DE Project/Apache Airflow Project/venv/lib/python3.10/site-packages/airflow/example_dags/example_skip_dag.py
[2025-02-09T18:53:12.029-0700] {processor.py:925} INFO - DAG(s) 'example_skip_dag' retrieved from /Users/pranithjain/Desktop/DE Project/Apache Airflow Project/venv/lib/python3.10/site-packages/airflow/example_dags/example_skip_dag.py
[2025-02-09T18:53:12.097-0700] {logging_mixin.py:190} INFO - [2025-02-09T18:53:12.097-0700] {dag.py:3239} INFO - Sync 1 DAGs
[2025-02-09T18:53:12.104-0700] {logging_mixin.py:190} INFO - [2025-02-09T18:53:12.104-0700] {dag.py:4180} INFO - Setting next_dagrun for example_skip_dag to 2025-02-09 00:00:00+00:00, run_after=2025-02-10 00:00:00+00:00
[2025-02-09T18:53:12.111-0700] {processor.py:208} INFO - Processing /Users/pranithjain/Desktop/DE Project/Apache Airflow Project/venv/lib/python3.10/site-packages/airflow/example_dags/example_skip_dag.py took 0.089 seconds
[2025-02-09T18:54:53.162-0700] {processor.py:186} INFO - Started process (PID=20103) to work on /Users/pranithjain/Desktop/DE Project/Apache Airflow Project/venv/lib/python3.10/site-packages/airflow/example_dags/example_skip_dag.py
[2025-02-09T18:54:53.162-0700] {processor.py:914} INFO - Processing file /Users/pranithjain/Desktop/DE Project/Apache Airflow Project/venv/lib/python3.10/site-packages/airflow/example_dags/example_skip_dag.py for tasks to queue
[2025-02-09T18:54:53.163-0700] {logging_mixin.py:190} INFO - [2025-02-09T18:54:53.163-0700] {dagbag.py:588} INFO - Filling up the DagBag from /Users/pranithjain/Desktop/DE Project/Apache Airflow Project/venv/lib/python3.10/site-packages/airflow/example_dags/example_skip_dag.py
[2025-02-09T18:54:53.167-0700] {processor.py:925} INFO - DAG(s) 'example_skip_dag' retrieved from /Users/pranithjain/Desktop/DE Project/Apache Airflow Project/venv/lib/python3.10/site-packages/airflow/example_dags/example_skip_dag.py
[2025-02-09T18:54:53.239-0700] {logging_mixin.py:190} INFO - [2025-02-09T18:54:53.239-0700] {dag.py:3239} INFO - Sync 1 DAGs
[2025-02-09T18:54:53.246-0700] {logging_mixin.py:190} INFO - [2025-02-09T18:54:53.246-0700] {dag.py:4180} INFO - Setting next_dagrun for example_skip_dag to 2025-02-09 00:00:00+00:00, run_after=2025-02-10 00:00:00+00:00
[2025-02-09T18:54:53.254-0700] {processor.py:208} INFO - Processing /Users/pranithjain/Desktop/DE Project/Apache Airflow Project/venv/lib/python3.10/site-packages/airflow/example_dags/example_skip_dag.py took 0.094 seconds
[2025-02-09T18:56:06.235-0700] {processor.py:186} INFO - Started process (PID=20331) to work on /Users/pranithjain/Desktop/DE Project/Apache Airflow Project/venv/lib/python3.10/site-packages/airflow/example_dags/example_skip_dag.py
[2025-02-09T18:56:06.236-0700] {processor.py:914} INFO - Processing file /Users/pranithjain/Desktop/DE Project/Apache Airflow Project/venv/lib/python3.10/site-packages/airflow/example_dags/example_skip_dag.py for tasks to queue
[2025-02-09T18:56:06.236-0700] {logging_mixin.py:190} INFO - [2025-02-09T18:56:06.236-0700] {dagbag.py:588} INFO - Filling up the DagBag from /Users/pranithjain/Desktop/DE Project/Apache Airflow Project/venv/lib/python3.10/site-packages/airflow/example_dags/example_skip_dag.py
[2025-02-09T18:56:06.240-0700] {processor.py:925} INFO - DAG(s) 'example_skip_dag' retrieved from /Users/pranithjain/Desktop/DE Project/Apache Airflow Project/venv/lib/python3.10/site-packages/airflow/example_dags/example_skip_dag.py
[2025-02-09T18:56:06.311-0700] {logging_mixin.py:190} INFO - [2025-02-09T18:56:06.310-0700] {dag.py:3239} INFO - Sync 1 DAGs
[2025-02-09T18:56:06.317-0700] {logging_mixin.py:190} INFO - [2025-02-09T18:56:06.317-0700] {dag.py:4180} INFO - Setting next_dagrun for example_skip_dag to 2025-02-09 00:00:00+00:00, run_after=2025-02-10 00:00:00+00:00
[2025-02-09T18:56:06.325-0700] {processor.py:208} INFO - Processing /Users/pranithjain/Desktop/DE Project/Apache Airflow Project/venv/lib/python3.10/site-packages/airflow/example_dags/example_skip_dag.py took 0.092 seconds
[2025-02-09T18:57:19.922-0700] {processor.py:186} INFO - Started process (PID=20560) to work on /Users/pranithjain/Desktop/DE Project/Apache Airflow Project/venv/lib/python3.10/site-packages/airflow/example_dags/example_skip_dag.py
[2025-02-09T18:57:19.922-0700] {processor.py:914} INFO - Processing file /Users/pranithjain/Desktop/DE Project/Apache Airflow Project/venv/lib/python3.10/site-packages/airflow/example_dags/example_skip_dag.py for tasks to queue
[2025-02-09T18:57:19.923-0700] {logging_mixin.py:190} INFO - [2025-02-09T18:57:19.922-0700] {dagbag.py:588} INFO - Filling up the DagBag from /Users/pranithjain/Desktop/DE Project/Apache Airflow Project/venv/lib/python3.10/site-packages/airflow/example_dags/example_skip_dag.py
[2025-02-09T18:57:19.926-0700] {processor.py:925} INFO - DAG(s) 'example_skip_dag' retrieved from /Users/pranithjain/Desktop/DE Project/Apache Airflow Project/venv/lib/python3.10/site-packages/airflow/example_dags/example_skip_dag.py
[2025-02-09T18:57:19.999-0700] {logging_mixin.py:190} INFO - [2025-02-09T18:57:19.999-0700] {dag.py:3239} INFO - Sync 1 DAGs
[2025-02-09T18:57:20.007-0700] {logging_mixin.py:190} INFO - [2025-02-09T18:57:20.007-0700] {dag.py:4180} INFO - Setting next_dagrun for example_skip_dag to 2025-02-09 00:00:00+00:00, run_after=2025-02-10 00:00:00+00:00
[2025-02-09T18:57:20.015-0700] {processor.py:208} INFO - Processing /Users/pranithjain/Desktop/DE Project/Apache Airflow Project/venv/lib/python3.10/site-packages/airflow/example_dags/example_skip_dag.py took 0.095 seconds
[2025-02-09T18:58:31.926-0700] {processor.py:186} INFO - Started process (PID=20776) to work on /Users/pranithjain/Desktop/DE Project/Apache Airflow Project/venv/lib/python3.10/site-packages/airflow/example_dags/example_skip_dag.py
[2025-02-09T18:58:31.926-0700] {processor.py:914} INFO - Processing file /Users/pranithjain/Desktop/DE Project/Apache Airflow Project/venv/lib/python3.10/site-packages/airflow/example_dags/example_skip_dag.py for tasks to queue
[2025-02-09T18:58:31.927-0700] {logging_mixin.py:190} INFO - [2025-02-09T18:58:31.927-0700] {dagbag.py:588} INFO - Filling up the DagBag from /Users/pranithjain/Desktop/DE Project/Apache Airflow Project/venv/lib/python3.10/site-packages/airflow/example_dags/example_skip_dag.py
[2025-02-09T18:58:31.931-0700] {processor.py:925} INFO - DAG(s) 'example_skip_dag' retrieved from /Users/pranithjain/Desktop/DE Project/Apache Airflow Project/venv/lib/python3.10/site-packages/airflow/example_dags/example_skip_dag.py
[2025-02-09T18:58:31.998-0700] {logging_mixin.py:190} INFO - [2025-02-09T18:58:31.998-0700] {dag.py:3239} INFO - Sync 1 DAGs
[2025-02-09T18:58:32.004-0700] {logging_mixin.py:190} INFO - [2025-02-09T18:58:32.004-0700] {dag.py:4180} INFO - Setting next_dagrun for example_skip_dag to 2025-02-09 00:00:00+00:00, run_after=2025-02-10 00:00:00+00:00
[2025-02-09T18:58:32.012-0700] {processor.py:208} INFO - Processing /Users/pranithjain/Desktop/DE Project/Apache Airflow Project/venv/lib/python3.10/site-packages/airflow/example_dags/example_skip_dag.py took 0.087 seconds
[2025-02-09T19:06:46.716-0700] {processor.py:186} INFO - Started process (PID=21966) to work on /Users/pranithjain/Desktop/DE Project/Apache Airflow Project/venv/lib/python3.10/site-packages/airflow/example_dags/example_skip_dag.py
[2025-02-09T19:06:46.716-0700] {processor.py:914} INFO - Processing file /Users/pranithjain/Desktop/DE Project/Apache Airflow Project/venv/lib/python3.10/site-packages/airflow/example_dags/example_skip_dag.py for tasks to queue
[2025-02-09T19:06:46.717-0700] {logging_mixin.py:190} INFO - [2025-02-09T19:06:46.717-0700] {dagbag.py:588} INFO - Filling up the DagBag from /Users/pranithjain/Desktop/DE Project/Apache Airflow Project/venv/lib/python3.10/site-packages/airflow/example_dags/example_skip_dag.py
[2025-02-09T19:06:46.720-0700] {processor.py:925} INFO - DAG(s) 'example_skip_dag' retrieved from /Users/pranithjain/Desktop/DE Project/Apache Airflow Project/venv/lib/python3.10/site-packages/airflow/example_dags/example_skip_dag.py
[2025-02-09T19:06:46.802-0700] {logging_mixin.py:190} INFO - [2025-02-09T19:06:46.802-0700] {dag.py:3239} INFO - Sync 1 DAGs
[2025-02-09T19:06:46.809-0700] {logging_mixin.py:190} INFO - [2025-02-09T19:06:46.809-0700] {dag.py:4180} INFO - Setting next_dagrun for example_skip_dag to 2025-02-09 00:00:00+00:00, run_after=2025-02-10 00:00:00+00:00
[2025-02-09T19:06:46.817-0700] {processor.py:208} INFO - Processing /Users/pranithjain/Desktop/DE Project/Apache Airflow Project/venv/lib/python3.10/site-packages/airflow/example_dags/example_skip_dag.py took 0.103 seconds
[2025-02-09T19:08:25.601-0700] {processor.py:186} INFO - Started process (PID=22272) to work on /Users/pranithjain/Desktop/DE Project/Apache Airflow Project/venv/lib/python3.10/site-packages/airflow/example_dags/example_skip_dag.py
[2025-02-09T19:08:25.602-0700] {processor.py:914} INFO - Processing file /Users/pranithjain/Desktop/DE Project/Apache Airflow Project/venv/lib/python3.10/site-packages/airflow/example_dags/example_skip_dag.py for tasks to queue
[2025-02-09T19:08:25.602-0700] {logging_mixin.py:190} INFO - [2025-02-09T19:08:25.602-0700] {dagbag.py:588} INFO - Filling up the DagBag from /Users/pranithjain/Desktop/DE Project/Apache Airflow Project/venv/lib/python3.10/site-packages/airflow/example_dags/example_skip_dag.py
[2025-02-09T19:08:25.606-0700] {processor.py:925} INFO - DAG(s) 'example_skip_dag' retrieved from /Users/pranithjain/Desktop/DE Project/Apache Airflow Project/venv/lib/python3.10/site-packages/airflow/example_dags/example_skip_dag.py
[2025-02-09T19:08:25.674-0700] {logging_mixin.py:190} INFO - [2025-02-09T19:08:25.674-0700] {dag.py:3239} INFO - Sync 1 DAGs
[2025-02-09T19:08:25.680-0700] {logging_mixin.py:190} INFO - [2025-02-09T19:08:25.680-0700] {dag.py:4180} INFO - Setting next_dagrun for example_skip_dag to 2025-02-09 00:00:00+00:00, run_after=2025-02-10 00:00:00+00:00
[2025-02-09T19:08:25.687-0700] {processor.py:208} INFO - Processing /Users/pranithjain/Desktop/DE Project/Apache Airflow Project/venv/lib/python3.10/site-packages/airflow/example_dags/example_skip_dag.py took 0.087 seconds
[2025-02-09T19:09:37.651-0700] {processor.py:186} INFO - Started process (PID=22495) to work on /Users/pranithjain/Desktop/DE Project/Apache Airflow Project/venv/lib/python3.10/site-packages/airflow/example_dags/example_skip_dag.py
[2025-02-09T19:09:37.652-0700] {processor.py:914} INFO - Processing file /Users/pranithjain/Desktop/DE Project/Apache Airflow Project/venv/lib/python3.10/site-packages/airflow/example_dags/example_skip_dag.py for tasks to queue
[2025-02-09T19:09:37.652-0700] {logging_mixin.py:190} INFO - [2025-02-09T19:09:37.652-0700] {dagbag.py:588} INFO - Filling up the DagBag from /Users/pranithjain/Desktop/DE Project/Apache Airflow Project/venv/lib/python3.10/site-packages/airflow/example_dags/example_skip_dag.py
[2025-02-09T19:09:37.656-0700] {processor.py:925} INFO - DAG(s) 'example_skip_dag' retrieved from /Users/pranithjain/Desktop/DE Project/Apache Airflow Project/venv/lib/python3.10/site-packages/airflow/example_dags/example_skip_dag.py
[2025-02-09T19:09:37.757-0700] {logging_mixin.py:190} INFO - [2025-02-09T19:09:37.757-0700] {dag.py:3239} INFO - Sync 1 DAGs
[2025-02-09T19:09:37.764-0700] {logging_mixin.py:190} INFO - [2025-02-09T19:09:37.764-0700] {dag.py:4180} INFO - Setting next_dagrun for example_skip_dag to 2025-02-09 00:00:00+00:00, run_after=2025-02-10 00:00:00+00:00
[2025-02-09T19:09:37.772-0700] {processor.py:208} INFO - Processing /Users/pranithjain/Desktop/DE Project/Apache Airflow Project/venv/lib/python3.10/site-packages/airflow/example_dags/example_skip_dag.py took 0.122 seconds
[2025-02-09T19:13:17.628-0700] {processor.py:186} INFO - Started process (PID=23121) to work on /Users/pranithjain/Desktop/DE Project/Apache Airflow Project/venv/lib/python3.10/site-packages/airflow/example_dags/example_skip_dag.py
[2025-02-09T19:13:17.628-0700] {processor.py:914} INFO - Processing file /Users/pranithjain/Desktop/DE Project/Apache Airflow Project/venv/lib/python3.10/site-packages/airflow/example_dags/example_skip_dag.py for tasks to queue
[2025-02-09T19:13:17.629-0700] {logging_mixin.py:190} INFO - [2025-02-09T19:13:17.629-0700] {dagbag.py:588} INFO - Filling up the DagBag from /Users/pranithjain/Desktop/DE Project/Apache Airflow Project/venv/lib/python3.10/site-packages/airflow/example_dags/example_skip_dag.py
[2025-02-09T19:13:17.632-0700] {processor.py:925} INFO - DAG(s) 'example_skip_dag' retrieved from /Users/pranithjain/Desktop/DE Project/Apache Airflow Project/venv/lib/python3.10/site-packages/airflow/example_dags/example_skip_dag.py
[2025-02-09T19:13:17.700-0700] {logging_mixin.py:190} INFO - [2025-02-09T19:13:17.700-0700] {dag.py:3239} INFO - Sync 1 DAGs
[2025-02-09T19:13:17.707-0700] {logging_mixin.py:190} INFO - [2025-02-09T19:13:17.707-0700] {dag.py:4180} INFO - Setting next_dagrun for example_skip_dag to 2025-02-09 00:00:00+00:00, run_after=2025-02-10 00:00:00+00:00
[2025-02-09T19:13:17.714-0700] {processor.py:208} INFO - Processing /Users/pranithjain/Desktop/DE Project/Apache Airflow Project/venv/lib/python3.10/site-packages/airflow/example_dags/example_skip_dag.py took 0.088 seconds
[2025-02-09T19:15:00.530-0700] {processor.py:186} INFO - Started process (PID=23439) to work on /Users/pranithjain/Desktop/DE Project/Apache Airflow Project/venv/lib/python3.10/site-packages/airflow/example_dags/example_skip_dag.py
[2025-02-09T19:15:00.530-0700] {processor.py:914} INFO - Processing file /Users/pranithjain/Desktop/DE Project/Apache Airflow Project/venv/lib/python3.10/site-packages/airflow/example_dags/example_skip_dag.py for tasks to queue
[2025-02-09T19:15:00.531-0700] {logging_mixin.py:190} INFO - [2025-02-09T19:15:00.531-0700] {dagbag.py:588} INFO - Filling up the DagBag from /Users/pranithjain/Desktop/DE Project/Apache Airflow Project/venv/lib/python3.10/site-packages/airflow/example_dags/example_skip_dag.py
[2025-02-09T19:15:00.535-0700] {processor.py:925} INFO - DAG(s) 'example_skip_dag' retrieved from /Users/pranithjain/Desktop/DE Project/Apache Airflow Project/venv/lib/python3.10/site-packages/airflow/example_dags/example_skip_dag.py
[2025-02-09T19:15:00.603-0700] {logging_mixin.py:190} INFO - [2025-02-09T19:15:00.603-0700] {dag.py:3239} INFO - Sync 1 DAGs
[2025-02-09T19:15:00.610-0700] {logging_mixin.py:190} INFO - [2025-02-09T19:15:00.610-0700] {dag.py:4180} INFO - Setting next_dagrun for example_skip_dag to 2025-02-09 00:00:00+00:00, run_after=2025-02-10 00:00:00+00:00
[2025-02-09T19:15:00.617-0700] {processor.py:208} INFO - Processing /Users/pranithjain/Desktop/DE Project/Apache Airflow Project/venv/lib/python3.10/site-packages/airflow/example_dags/example_skip_dag.py took 0.089 seconds
[2025-02-09T19:17:20.055-0700] {processor.py:186} INFO - Started process (PID=23864) to work on /Users/pranithjain/Desktop/DE Project/Apache Airflow Project/venv/lib/python3.10/site-packages/airflow/example_dags/example_skip_dag.py
[2025-02-09T19:17:20.056-0700] {processor.py:914} INFO - Processing file /Users/pranithjain/Desktop/DE Project/Apache Airflow Project/venv/lib/python3.10/site-packages/airflow/example_dags/example_skip_dag.py for tasks to queue
[2025-02-09T19:17:20.056-0700] {logging_mixin.py:190} INFO - [2025-02-09T19:17:20.056-0700] {dagbag.py:588} INFO - Filling up the DagBag from /Users/pranithjain/Desktop/DE Project/Apache Airflow Project/venv/lib/python3.10/site-packages/airflow/example_dags/example_skip_dag.py
[2025-02-09T19:17:20.061-0700] {processor.py:925} INFO - DAG(s) 'example_skip_dag' retrieved from /Users/pranithjain/Desktop/DE Project/Apache Airflow Project/venv/lib/python3.10/site-packages/airflow/example_dags/example_skip_dag.py
[2025-02-09T19:17:20.127-0700] {logging_mixin.py:190} INFO - [2025-02-09T19:17:20.127-0700] {dag.py:3239} INFO - Sync 1 DAGs
[2025-02-09T19:17:20.134-0700] {logging_mixin.py:190} INFO - [2025-02-09T19:17:20.134-0700] {dag.py:4180} INFO - Setting next_dagrun for example_skip_dag to 2025-02-09 00:00:00+00:00, run_after=2025-02-10 00:00:00+00:00
[2025-02-09T19:17:20.140-0700] {processor.py:208} INFO - Processing /Users/pranithjain/Desktop/DE Project/Apache Airflow Project/venv/lib/python3.10/site-packages/airflow/example_dags/example_skip_dag.py took 0.087 seconds
[2025-02-09T19:18:33.167-0700] {processor.py:186} INFO - Started process (PID=24087) to work on /Users/pranithjain/Desktop/DE Project/Apache Airflow Project/venv/lib/python3.10/site-packages/airflow/example_dags/example_skip_dag.py
[2025-02-09T19:18:33.167-0700] {processor.py:914} INFO - Processing file /Users/pranithjain/Desktop/DE Project/Apache Airflow Project/venv/lib/python3.10/site-packages/airflow/example_dags/example_skip_dag.py for tasks to queue
[2025-02-09T19:18:33.168-0700] {logging_mixin.py:190} INFO - [2025-02-09T19:18:33.168-0700] {dagbag.py:588} INFO - Filling up the DagBag from /Users/pranithjain/Desktop/DE Project/Apache Airflow Project/venv/lib/python3.10/site-packages/airflow/example_dags/example_skip_dag.py
[2025-02-09T19:18:33.172-0700] {processor.py:925} INFO - DAG(s) 'example_skip_dag' retrieved from /Users/pranithjain/Desktop/DE Project/Apache Airflow Project/venv/lib/python3.10/site-packages/airflow/example_dags/example_skip_dag.py
[2025-02-09T19:18:33.242-0700] {logging_mixin.py:190} INFO - [2025-02-09T19:18:33.242-0700] {dag.py:3239} INFO - Sync 1 DAGs
[2025-02-09T19:18:33.248-0700] {logging_mixin.py:190} INFO - [2025-02-09T19:18:33.248-0700] {dag.py:4180} INFO - Setting next_dagrun for example_skip_dag to 2025-02-09 00:00:00+00:00, run_after=2025-02-10 00:00:00+00:00
[2025-02-09T19:18:33.256-0700] {processor.py:208} INFO - Processing /Users/pranithjain/Desktop/DE Project/Apache Airflow Project/venv/lib/python3.10/site-packages/airflow/example_dags/example_skip_dag.py took 0.090 seconds
[2025-02-09T19:19:45.883-0700] {processor.py:186} INFO - Started process (PID=24314) to work on /Users/pranithjain/Desktop/DE Project/Apache Airflow Project/venv/lib/python3.10/site-packages/airflow/example_dags/example_skip_dag.py
[2025-02-09T19:19:45.883-0700] {processor.py:914} INFO - Processing file /Users/pranithjain/Desktop/DE Project/Apache Airflow Project/venv/lib/python3.10/site-packages/airflow/example_dags/example_skip_dag.py for tasks to queue
[2025-02-09T19:19:45.884-0700] {logging_mixin.py:190} INFO - [2025-02-09T19:19:45.884-0700] {dagbag.py:588} INFO - Filling up the DagBag from /Users/pranithjain/Desktop/DE Project/Apache Airflow Project/venv/lib/python3.10/site-packages/airflow/example_dags/example_skip_dag.py
[2025-02-09T19:19:45.887-0700] {processor.py:925} INFO - DAG(s) 'example_skip_dag' retrieved from /Users/pranithjain/Desktop/DE Project/Apache Airflow Project/venv/lib/python3.10/site-packages/airflow/example_dags/example_skip_dag.py
[2025-02-09T19:19:45.955-0700] {logging_mixin.py:190} INFO - [2025-02-09T19:19:45.955-0700] {dag.py:3239} INFO - Sync 1 DAGs
[2025-02-09T19:19:45.961-0700] {logging_mixin.py:190} INFO - [2025-02-09T19:19:45.961-0700] {dag.py:4180} INFO - Setting next_dagrun for example_skip_dag to 2025-02-09 00:00:00+00:00, run_after=2025-02-10 00:00:00+00:00
[2025-02-09T19:19:45.968-0700] {processor.py:208} INFO - Processing /Users/pranithjain/Desktop/DE Project/Apache Airflow Project/venv/lib/python3.10/site-packages/airflow/example_dags/example_skip_dag.py took 0.087 seconds
[2025-02-09T19:20:59.717-0700] {processor.py:186} INFO - Started process (PID=24537) to work on /Users/pranithjain/Desktop/DE Project/Apache Airflow Project/venv/lib/python3.10/site-packages/airflow/example_dags/example_skip_dag.py
[2025-02-09T19:20:59.717-0700] {processor.py:914} INFO - Processing file /Users/pranithjain/Desktop/DE Project/Apache Airflow Project/venv/lib/python3.10/site-packages/airflow/example_dags/example_skip_dag.py for tasks to queue
[2025-02-09T19:20:59.718-0700] {logging_mixin.py:190} INFO - [2025-02-09T19:20:59.717-0700] {dagbag.py:588} INFO - Filling up the DagBag from /Users/pranithjain/Desktop/DE Project/Apache Airflow Project/venv/lib/python3.10/site-packages/airflow/example_dags/example_skip_dag.py
[2025-02-09T19:20:59.721-0700] {processor.py:925} INFO - DAG(s) 'example_skip_dag' retrieved from /Users/pranithjain/Desktop/DE Project/Apache Airflow Project/venv/lib/python3.10/site-packages/airflow/example_dags/example_skip_dag.py
[2025-02-09T19:20:59.800-0700] {logging_mixin.py:190} INFO - [2025-02-09T19:20:59.799-0700] {dag.py:3239} INFO - Sync 1 DAGs
[2025-02-09T19:20:59.807-0700] {logging_mixin.py:190} INFO - [2025-02-09T19:20:59.807-0700] {dag.py:4180} INFO - Setting next_dagrun for example_skip_dag to 2025-02-09 00:00:00+00:00, run_after=2025-02-10 00:00:00+00:00
[2025-02-09T19:20:59.818-0700] {processor.py:208} INFO - Processing /Users/pranithjain/Desktop/DE Project/Apache Airflow Project/venv/lib/python3.10/site-packages/airflow/example_dags/example_skip_dag.py took 0.103 seconds
[2025-02-09T19:22:13.650-0700] {processor.py:186} INFO - Started process (PID=24856) to work on /Users/pranithjain/Desktop/DE Project/Apache Airflow Project/venv/lib/python3.10/site-packages/airflow/example_dags/example_skip_dag.py
[2025-02-09T19:22:13.650-0700] {processor.py:914} INFO - Processing file /Users/pranithjain/Desktop/DE Project/Apache Airflow Project/venv/lib/python3.10/site-packages/airflow/example_dags/example_skip_dag.py for tasks to queue
[2025-02-09T19:22:13.651-0700] {logging_mixin.py:190} INFO - [2025-02-09T19:22:13.651-0700] {dagbag.py:588} INFO - Filling up the DagBag from /Users/pranithjain/Desktop/DE Project/Apache Airflow Project/venv/lib/python3.10/site-packages/airflow/example_dags/example_skip_dag.py
[2025-02-09T19:22:13.654-0700] {processor.py:925} INFO - DAG(s) 'example_skip_dag' retrieved from /Users/pranithjain/Desktop/DE Project/Apache Airflow Project/venv/lib/python3.10/site-packages/airflow/example_dags/example_skip_dag.py
[2025-02-09T19:22:13.724-0700] {logging_mixin.py:190} INFO - [2025-02-09T19:22:13.724-0700] {dag.py:3239} INFO - Sync 1 DAGs
[2025-02-09T19:22:13.731-0700] {logging_mixin.py:190} INFO - [2025-02-09T19:22:13.731-0700] {dag.py:4180} INFO - Setting next_dagrun for example_skip_dag to 2025-02-09 00:00:00+00:00, run_after=2025-02-10 00:00:00+00:00
[2025-02-09T19:22:13.738-0700] {processor.py:208} INFO - Processing /Users/pranithjain/Desktop/DE Project/Apache Airflow Project/venv/lib/python3.10/site-packages/airflow/example_dags/example_skip_dag.py took 0.090 seconds
[2025-02-09T19:23:24.870-0700] {processor.py:186} INFO - Started process (PID=25073) to work on /Users/pranithjain/Desktop/DE Project/Apache Airflow Project/venv/lib/python3.10/site-packages/airflow/example_dags/example_skip_dag.py
[2025-02-09T19:23:24.871-0700] {processor.py:914} INFO - Processing file /Users/pranithjain/Desktop/DE Project/Apache Airflow Project/venv/lib/python3.10/site-packages/airflow/example_dags/example_skip_dag.py for tasks to queue
[2025-02-09T19:23:24.871-0700] {logging_mixin.py:190} INFO - [2025-02-09T19:23:24.871-0700] {dagbag.py:588} INFO - Filling up the DagBag from /Users/pranithjain/Desktop/DE Project/Apache Airflow Project/venv/lib/python3.10/site-packages/airflow/example_dags/example_skip_dag.py
[2025-02-09T19:23:24.875-0700] {processor.py:925} INFO - DAG(s) 'example_skip_dag' retrieved from /Users/pranithjain/Desktop/DE Project/Apache Airflow Project/venv/lib/python3.10/site-packages/airflow/example_dags/example_skip_dag.py
[2025-02-09T19:23:24.942-0700] {logging_mixin.py:190} INFO - [2025-02-09T19:23:24.942-0700] {dag.py:3239} INFO - Sync 1 DAGs
[2025-02-09T19:23:24.949-0700] {logging_mixin.py:190} INFO - [2025-02-09T19:23:24.949-0700] {dag.py:4180} INFO - Setting next_dagrun for example_skip_dag to 2025-02-09 00:00:00+00:00, run_after=2025-02-10 00:00:00+00:00
[2025-02-09T19:23:24.956-0700] {processor.py:208} INFO - Processing /Users/pranithjain/Desktop/DE Project/Apache Airflow Project/venv/lib/python3.10/site-packages/airflow/example_dags/example_skip_dag.py took 0.087 seconds
[2025-02-09T19:24:33.830-0700] {processor.py:186} INFO - Started process (PID=25286) to work on /Users/pranithjain/Desktop/DE Project/Apache Airflow Project/venv/lib/python3.10/site-packages/airflow/example_dags/example_skip_dag.py
[2025-02-09T19:24:33.830-0700] {processor.py:914} INFO - Processing file /Users/pranithjain/Desktop/DE Project/Apache Airflow Project/venv/lib/python3.10/site-packages/airflow/example_dags/example_skip_dag.py for tasks to queue
[2025-02-09T19:24:33.831-0700] {logging_mixin.py:190} INFO - [2025-02-09T19:24:33.830-0700] {dagbag.py:588} INFO - Filling up the DagBag from /Users/pranithjain/Desktop/DE Project/Apache Airflow Project/venv/lib/python3.10/site-packages/airflow/example_dags/example_skip_dag.py
[2025-02-09T19:24:33.834-0700] {processor.py:925} INFO - DAG(s) 'example_skip_dag' retrieved from /Users/pranithjain/Desktop/DE Project/Apache Airflow Project/venv/lib/python3.10/site-packages/airflow/example_dags/example_skip_dag.py
[2025-02-09T19:24:33.902-0700] {logging_mixin.py:190} INFO - [2025-02-09T19:24:33.902-0700] {dag.py:3239} INFO - Sync 1 DAGs
[2025-02-09T19:24:33.909-0700] {logging_mixin.py:190} INFO - [2025-02-09T19:24:33.909-0700] {dag.py:4180} INFO - Setting next_dagrun for example_skip_dag to 2025-02-09 00:00:00+00:00, run_after=2025-02-10 00:00:00+00:00
[2025-02-09T19:24:33.916-0700] {processor.py:208} INFO - Processing /Users/pranithjain/Desktop/DE Project/Apache Airflow Project/venv/lib/python3.10/site-packages/airflow/example_dags/example_skip_dag.py took 0.088 seconds
[2025-02-09T19:26:50.389-0700] {processor.py:186} INFO - Started process (PID=25807) to work on /Users/pranithjain/Desktop/DE Project/Apache Airflow Project/venv/lib/python3.10/site-packages/airflow/example_dags/example_skip_dag.py
[2025-02-09T19:26:50.390-0700] {processor.py:914} INFO - Processing file /Users/pranithjain/Desktop/DE Project/Apache Airflow Project/venv/lib/python3.10/site-packages/airflow/example_dags/example_skip_dag.py for tasks to queue
[2025-02-09T19:26:50.391-0700] {logging_mixin.py:190} INFO - [2025-02-09T19:26:50.391-0700] {dagbag.py:588} INFO - Filling up the DagBag from /Users/pranithjain/Desktop/DE Project/Apache Airflow Project/venv/lib/python3.10/site-packages/airflow/example_dags/example_skip_dag.py
[2025-02-09T19:26:50.395-0700] {processor.py:925} INFO - DAG(s) 'example_skip_dag' retrieved from /Users/pranithjain/Desktop/DE Project/Apache Airflow Project/venv/lib/python3.10/site-packages/airflow/example_dags/example_skip_dag.py
[2025-02-09T19:26:50.464-0700] {logging_mixin.py:190} INFO - [2025-02-09T19:26:50.464-0700] {dag.py:3239} INFO - Sync 1 DAGs
[2025-02-09T19:26:50.471-0700] {logging_mixin.py:190} INFO - [2025-02-09T19:26:50.471-0700] {dag.py:4180} INFO - Setting next_dagrun for example_skip_dag to 2025-02-09 00:00:00+00:00, run_after=2025-02-10 00:00:00+00:00
[2025-02-09T19:26:50.478-0700] {processor.py:208} INFO - Processing /Users/pranithjain/Desktop/DE Project/Apache Airflow Project/venv/lib/python3.10/site-packages/airflow/example_dags/example_skip_dag.py took 0.090 seconds
[2025-02-09T19:28:42.472-0700] {processor.py:186} INFO - Started process (PID=26178) to work on /Users/pranithjain/Desktop/DE Project/Apache Airflow Project/venv/lib/python3.10/site-packages/airflow/example_dags/example_skip_dag.py
[2025-02-09T19:28:42.473-0700] {processor.py:914} INFO - Processing file /Users/pranithjain/Desktop/DE Project/Apache Airflow Project/venv/lib/python3.10/site-packages/airflow/example_dags/example_skip_dag.py for tasks to queue
[2025-02-09T19:28:42.473-0700] {logging_mixin.py:190} INFO - [2025-02-09T19:28:42.473-0700] {dagbag.py:588} INFO - Filling up the DagBag from /Users/pranithjain/Desktop/DE Project/Apache Airflow Project/venv/lib/python3.10/site-packages/airflow/example_dags/example_skip_dag.py
[2025-02-09T19:28:42.477-0700] {processor.py:925} INFO - DAG(s) 'example_skip_dag' retrieved from /Users/pranithjain/Desktop/DE Project/Apache Airflow Project/venv/lib/python3.10/site-packages/airflow/example_dags/example_skip_dag.py
[2025-02-09T19:28:42.548-0700] {logging_mixin.py:190} INFO - [2025-02-09T19:28:42.548-0700] {dag.py:3239} INFO - Sync 1 DAGs
[2025-02-09T19:28:42.555-0700] {logging_mixin.py:190} INFO - [2025-02-09T19:28:42.555-0700] {dag.py:4180} INFO - Setting next_dagrun for example_skip_dag to 2025-02-09 00:00:00+00:00, run_after=2025-02-10 00:00:00+00:00
[2025-02-09T19:28:42.563-0700] {processor.py:208} INFO - Processing /Users/pranithjain/Desktop/DE Project/Apache Airflow Project/venv/lib/python3.10/site-packages/airflow/example_dags/example_skip_dag.py took 0.092 seconds
