[2025-02-09T18:48:12.025-0700] {processor.py:186} INFO - Started process (PID=18850) to work on /Users/pranithjain/Desktop/DE Project/Apache Airflow Project/venv/lib/python3.10/site-packages/airflow/example_dags/example_sensors.py
[2025-02-09T18:48:12.025-0700] {processor.py:914} INFO - Processing file /Users/pranithjain/Desktop/DE Project/Apache Airflow Project/venv/lib/python3.10/site-packages/airflow/example_dags/example_sensors.py for tasks to queue
[2025-02-09T18:48:12.026-0700] {logging_mixin.py:190} INFO - [2025-02-09T18:48:12.026-0700] {dagbag.py:588} INFO - Filling up the DagBag from /Users/pranithjain/Desktop/DE Project/Apache Airflow Project/venv/lib/python3.10/site-packages/airflow/example_dags/example_sensors.py
[2025-02-09T18:48:12.032-0700] {processor.py:925} INFO - DAG(s) 'example_sensors' retrieved from /Users/pranithjain/Desktop/DE Project/Apache Airflow Project/venv/lib/python3.10/site-packages/airflow/example_dags/example_sensors.py
[2025-02-09T18:48:12.331-0700] {logging_mixin.py:190} INFO - [2025-02-09T18:48:12.331-0700] {override.py:1930} INFO - Created Permission View: can read on DAG:example_sensors
[2025-02-09T18:48:12.335-0700] {logging_mixin.py:190} INFO - [2025-02-09T18:48:12.335-0700] {override.py:1930} INFO - Created Permission View: can delete on DAG:example_sensors
[2025-02-09T18:48:12.337-0700] {logging_mixin.py:190} INFO - [2025-02-09T18:48:12.337-0700] {override.py:1930} INFO - Created Permission View: can edit on DAG:example_sensors
[2025-02-09T18:48:12.340-0700] {logging_mixin.py:190} INFO - [2025-02-09T18:48:12.340-0700] {override.py:1930} INFO - Created Permission View: can read on DAG Run:example_sensors
[2025-02-09T18:48:12.342-0700] {logging_mixin.py:190} INFO - [2025-02-09T18:48:12.342-0700] {override.py:1930} INFO - Created Permission View: menu access on DAG Run:example_sensors
[2025-02-09T18:48:12.344-0700] {logging_mixin.py:190} INFO - [2025-02-09T18:48:12.344-0700] {override.py:1930} INFO - Created Permission View: can create on DAG Run:example_sensors
[2025-02-09T18:48:12.346-0700] {logging_mixin.py:190} INFO - [2025-02-09T18:48:12.346-0700] {override.py:1930} INFO - Created Permission View: can delete on DAG Run:example_sensors
[2025-02-09T18:48:12.347-0700] {logging_mixin.py:190} INFO - [2025-02-09T18:48:12.346-0700] {dag.py:3239} INFO - Sync 1 DAGs
[2025-02-09T18:48:12.351-0700] {logging_mixin.py:190} INFO - [2025-02-09T18:48:12.351-0700] {dag.py:3262} INFO - Creating ORM DAG for example_sensors
[2025-02-09T18:48:12.352-0700] {logging_mixin.py:190} INFO - [2025-02-09T18:48:12.352-0700] {dag.py:4180} INFO - Setting next_dagrun for example_sensors to None, run_after=None
[2025-02-09T18:48:12.359-0700] {processor.py:208} INFO - Processing /Users/pranithjain/Desktop/DE Project/Apache Airflow Project/venv/lib/python3.10/site-packages/airflow/example_dags/example_sensors.py took 0.336 seconds
[2025-02-09T18:49:53.997-0700] {processor.py:186} INFO - Started process (PID=19166) to work on /Users/pranithjain/Desktop/DE Project/Apache Airflow Project/venv/lib/python3.10/site-packages/airflow/example_dags/example_sensors.py
[2025-02-09T18:49:53.997-0700] {processor.py:914} INFO - Processing file /Users/pranithjain/Desktop/DE Project/Apache Airflow Project/venv/lib/python3.10/site-packages/airflow/example_dags/example_sensors.py for tasks to queue
[2025-02-09T18:49:53.998-0700] {logging_mixin.py:190} INFO - [2025-02-09T18:49:53.998-0700] {dagbag.py:588} INFO - Filling up the DagBag from /Users/pranithjain/Desktop/DE Project/Apache Airflow Project/venv/lib/python3.10/site-packages/airflow/example_dags/example_sensors.py
[2025-02-09T18:49:54.004-0700] {processor.py:925} INFO - DAG(s) 'example_sensors' retrieved from /Users/pranithjain/Desktop/DE Project/Apache Airflow Project/venv/lib/python3.10/site-packages/airflow/example_dags/example_sensors.py
[2025-02-09T18:49:54.214-0700] {logging_mixin.py:190} INFO - [2025-02-09T18:49:54.214-0700] {dag.py:3239} INFO - Sync 1 DAGs
[2025-02-09T18:49:54.219-0700] {logging_mixin.py:190} INFO - [2025-02-09T18:49:54.219-0700] {dag.py:4180} INFO - Setting next_dagrun for example_sensors to None, run_after=None
[2025-02-09T18:49:54.226-0700] {processor.py:208} INFO - Processing /Users/pranithjain/Desktop/DE Project/Apache Airflow Project/venv/lib/python3.10/site-packages/airflow/example_dags/example_sensors.py took 0.231 seconds
[2025-02-09T18:52:16.819-0700] {processor.py:186} INFO - Started process (PID=19619) to work on /Users/pranithjain/Desktop/DE Project/Apache Airflow Project/venv/lib/python3.10/site-packages/airflow/example_dags/example_sensors.py
[2025-02-09T18:52:16.821-0700] {processor.py:914} INFO - Processing file /Users/pranithjain/Desktop/DE Project/Apache Airflow Project/venv/lib/python3.10/site-packages/airflow/example_dags/example_sensors.py for tasks to queue
[2025-02-09T18:52:16.821-0700] {logging_mixin.py:190} INFO - [2025-02-09T18:52:16.821-0700] {dagbag.py:588} INFO - Filling up the DagBag from /Users/pranithjain/Desktop/DE Project/Apache Airflow Project/venv/lib/python3.10/site-packages/airflow/example_dags/example_sensors.py
[2025-02-09T18:52:16.831-0700] {processor.py:925} INFO - DAG(s) 'example_sensors' retrieved from /Users/pranithjain/Desktop/DE Project/Apache Airflow Project/venv/lib/python3.10/site-packages/airflow/example_dags/example_sensors.py
[2025-02-09T18:52:17.047-0700] {logging_mixin.py:190} INFO - [2025-02-09T18:52:17.047-0700] {dag.py:3239} INFO - Sync 1 DAGs
[2025-02-09T18:52:17.052-0700] {logging_mixin.py:190} INFO - [2025-02-09T18:52:17.052-0700] {dag.py:4180} INFO - Setting next_dagrun for example_sensors to None, run_after=None
[2025-02-09T18:52:17.059-0700] {processor.py:208} INFO - Processing /Users/pranithjain/Desktop/DE Project/Apache Airflow Project/venv/lib/python3.10/site-packages/airflow/example_dags/example_sensors.py took 0.242 seconds
[2025-02-09T18:53:20.687-0700] {processor.py:186} INFO - Started process (PID=19816) to work on /Users/pranithjain/Desktop/DE Project/Apache Airflow Project/venv/lib/python3.10/site-packages/airflow/example_dags/example_sensors.py
[2025-02-09T18:53:20.689-0700] {processor.py:914} INFO - Processing file /Users/pranithjain/Desktop/DE Project/Apache Airflow Project/venv/lib/python3.10/site-packages/airflow/example_dags/example_sensors.py for tasks to queue
[2025-02-09T18:53:20.689-0700] {logging_mixin.py:190} INFO - [2025-02-09T18:53:20.689-0700] {dagbag.py:588} INFO - Filling up the DagBag from /Users/pranithjain/Desktop/DE Project/Apache Airflow Project/venv/lib/python3.10/site-packages/airflow/example_dags/example_sensors.py
[2025-02-09T18:53:20.696-0700] {processor.py:925} INFO - DAG(s) 'example_sensors' retrieved from /Users/pranithjain/Desktop/DE Project/Apache Airflow Project/venv/lib/python3.10/site-packages/airflow/example_dags/example_sensors.py
[2025-02-09T18:53:20.903-0700] {logging_mixin.py:190} INFO - [2025-02-09T18:53:20.903-0700] {dag.py:3239} INFO - Sync 1 DAGs
[2025-02-09T18:53:20.907-0700] {logging_mixin.py:190} INFO - [2025-02-09T18:53:20.907-0700] {dag.py:4180} INFO - Setting next_dagrun for example_sensors to None, run_after=None
[2025-02-09T18:53:20.915-0700] {processor.py:208} INFO - Processing /Users/pranithjain/Desktop/DE Project/Apache Airflow Project/venv/lib/python3.10/site-packages/airflow/example_dags/example_sensors.py took 0.229 seconds
[2025-02-09T18:55:02.470-0700] {processor.py:186} INFO - Started process (PID=20130) to work on /Users/pranithjain/Desktop/DE Project/Apache Airflow Project/venv/lib/python3.10/site-packages/airflow/example_dags/example_sensors.py
[2025-02-09T18:55:02.470-0700] {processor.py:914} INFO - Processing file /Users/pranithjain/Desktop/DE Project/Apache Airflow Project/venv/lib/python3.10/site-packages/airflow/example_dags/example_sensors.py for tasks to queue
[2025-02-09T18:55:02.471-0700] {logging_mixin.py:190} INFO - [2025-02-09T18:55:02.470-0700] {dagbag.py:588} INFO - Filling up the DagBag from /Users/pranithjain/Desktop/DE Project/Apache Airflow Project/venv/lib/python3.10/site-packages/airflow/example_dags/example_sensors.py
[2025-02-09T18:55:02.477-0700] {processor.py:925} INFO - DAG(s) 'example_sensors' retrieved from /Users/pranithjain/Desktop/DE Project/Apache Airflow Project/venv/lib/python3.10/site-packages/airflow/example_dags/example_sensors.py
[2025-02-09T18:55:02.685-0700] {logging_mixin.py:190} INFO - [2025-02-09T18:55:02.685-0700] {dag.py:3239} INFO - Sync 1 DAGs
[2025-02-09T18:55:02.689-0700] {logging_mixin.py:190} INFO - [2025-02-09T18:55:02.689-0700] {dag.py:4180} INFO - Setting next_dagrun for example_sensors to None, run_after=None
[2025-02-09T18:55:02.696-0700] {processor.py:208} INFO - Processing /Users/pranithjain/Desktop/DE Project/Apache Airflow Project/venv/lib/python3.10/site-packages/airflow/example_dags/example_sensors.py took 0.228 seconds
[2025-02-09T18:57:28.580-0700] {processor.py:186} INFO - Started process (PID=20586) to work on /Users/pranithjain/Desktop/DE Project/Apache Airflow Project/venv/lib/python3.10/site-packages/airflow/example_dags/example_sensors.py
[2025-02-09T18:57:28.580-0700] {processor.py:914} INFO - Processing file /Users/pranithjain/Desktop/DE Project/Apache Airflow Project/venv/lib/python3.10/site-packages/airflow/example_dags/example_sensors.py for tasks to queue
[2025-02-09T18:57:28.581-0700] {logging_mixin.py:190} INFO - [2025-02-09T18:57:28.581-0700] {dagbag.py:588} INFO - Filling up the DagBag from /Users/pranithjain/Desktop/DE Project/Apache Airflow Project/venv/lib/python3.10/site-packages/airflow/example_dags/example_sensors.py
[2025-02-09T18:57:28.587-0700] {processor.py:925} INFO - DAG(s) 'example_sensors' retrieved from /Users/pranithjain/Desktop/DE Project/Apache Airflow Project/venv/lib/python3.10/site-packages/airflow/example_dags/example_sensors.py
[2025-02-09T18:57:28.798-0700] {logging_mixin.py:190} INFO - [2025-02-09T18:57:28.798-0700] {dag.py:3239} INFO - Sync 1 DAGs
[2025-02-09T18:57:28.803-0700] {logging_mixin.py:190} INFO - [2025-02-09T18:57:28.803-0700] {dag.py:4180} INFO - Setting next_dagrun for example_sensors to None, run_after=None
[2025-02-09T18:57:28.810-0700] {processor.py:208} INFO - Processing /Users/pranithjain/Desktop/DE Project/Apache Airflow Project/venv/lib/python3.10/site-packages/airflow/example_dags/example_sensors.py took 0.232 seconds
[2025-02-09T19:06:56.070-0700] {processor.py:186} INFO - Started process (PID=21995) to work on /Users/pranithjain/Desktop/DE Project/Apache Airflow Project/venv/lib/python3.10/site-packages/airflow/example_dags/example_sensors.py
[2025-02-09T19:06:56.071-0700] {processor.py:914} INFO - Processing file /Users/pranithjain/Desktop/DE Project/Apache Airflow Project/venv/lib/python3.10/site-packages/airflow/example_dags/example_sensors.py for tasks to queue
[2025-02-09T19:06:56.071-0700] {logging_mixin.py:190} INFO - [2025-02-09T19:06:56.071-0700] {dagbag.py:588} INFO - Filling up the DagBag from /Users/pranithjain/Desktop/DE Project/Apache Airflow Project/venv/lib/python3.10/site-packages/airflow/example_dags/example_sensors.py
[2025-02-09T19:06:56.078-0700] {processor.py:925} INFO - DAG(s) 'example_sensors' retrieved from /Users/pranithjain/Desktop/DE Project/Apache Airflow Project/venv/lib/python3.10/site-packages/airflow/example_dags/example_sensors.py
[2025-02-09T19:06:56.295-0700] {logging_mixin.py:190} INFO - [2025-02-09T19:06:56.295-0700] {dag.py:3239} INFO - Sync 1 DAGs
[2025-02-09T19:06:56.301-0700] {logging_mixin.py:190} INFO - [2025-02-09T19:06:56.300-0700] {dag.py:4180} INFO - Setting next_dagrun for example_sensors to None, run_after=None
[2025-02-09T19:06:56.309-0700] {processor.py:208} INFO - Processing /Users/pranithjain/Desktop/DE Project/Apache Airflow Project/venv/lib/python3.10/site-packages/airflow/example_dags/example_sensors.py took 0.240 seconds
[2025-02-09T19:08:34.340-0700] {processor.py:186} INFO - Started process (PID=22296) to work on /Users/pranithjain/Desktop/DE Project/Apache Airflow Project/venv/lib/python3.10/site-packages/airflow/example_dags/example_sensors.py
[2025-02-09T19:08:34.341-0700] {processor.py:914} INFO - Processing file /Users/pranithjain/Desktop/DE Project/Apache Airflow Project/venv/lib/python3.10/site-packages/airflow/example_dags/example_sensors.py for tasks to queue
[2025-02-09T19:08:34.341-0700] {logging_mixin.py:190} INFO - [2025-02-09T19:08:34.341-0700] {dagbag.py:588} INFO - Filling up the DagBag from /Users/pranithjain/Desktop/DE Project/Apache Airflow Project/venv/lib/python3.10/site-packages/airflow/example_dags/example_sensors.py
[2025-02-09T19:08:34.347-0700] {processor.py:925} INFO - DAG(s) 'example_sensors' retrieved from /Users/pranithjain/Desktop/DE Project/Apache Airflow Project/venv/lib/python3.10/site-packages/airflow/example_dags/example_sensors.py
[2025-02-09T19:08:34.558-0700] {logging_mixin.py:190} INFO - [2025-02-09T19:08:34.558-0700] {dag.py:3239} INFO - Sync 1 DAGs
[2025-02-09T19:08:34.563-0700] {logging_mixin.py:190} INFO - [2025-02-09T19:08:34.563-0700] {dag.py:4180} INFO - Setting next_dagrun for example_sensors to None, run_after=None
[2025-02-09T19:08:34.570-0700] {processor.py:208} INFO - Processing /Users/pranithjain/Desktop/DE Project/Apache Airflow Project/venv/lib/python3.10/site-packages/airflow/example_dags/example_sensors.py took 0.232 seconds
[2025-02-09T19:13:26.547-0700] {processor.py:186} INFO - Started process (PID=23152) to work on /Users/pranithjain/Desktop/DE Project/Apache Airflow Project/venv/lib/python3.10/site-packages/airflow/example_dags/example_sensors.py
[2025-02-09T19:13:26.547-0700] {processor.py:914} INFO - Processing file /Users/pranithjain/Desktop/DE Project/Apache Airflow Project/venv/lib/python3.10/site-packages/airflow/example_dags/example_sensors.py for tasks to queue
[2025-02-09T19:13:26.548-0700] {logging_mixin.py:190} INFO - [2025-02-09T19:13:26.548-0700] {dagbag.py:588} INFO - Filling up the DagBag from /Users/pranithjain/Desktop/DE Project/Apache Airflow Project/venv/lib/python3.10/site-packages/airflow/example_dags/example_sensors.py
[2025-02-09T19:13:26.554-0700] {processor.py:925} INFO - DAG(s) 'example_sensors' retrieved from /Users/pranithjain/Desktop/DE Project/Apache Airflow Project/venv/lib/python3.10/site-packages/airflow/example_dags/example_sensors.py
[2025-02-09T19:13:26.825-0700] {logging_mixin.py:190} INFO - [2025-02-09T19:13:26.825-0700] {dag.py:3239} INFO - Sync 1 DAGs
[2025-02-09T19:13:26.829-0700] {logging_mixin.py:190} INFO - [2025-02-09T19:13:26.829-0700] {dag.py:4180} INFO - Setting next_dagrun for example_sensors to None, run_after=None
[2025-02-09T19:13:26.838-0700] {processor.py:208} INFO - Processing /Users/pranithjain/Desktop/DE Project/Apache Airflow Project/venv/lib/python3.10/site-packages/airflow/example_dags/example_sensors.py took 0.292 seconds
[2025-02-09T19:15:09.490-0700] {processor.py:186} INFO - Started process (PID=23465) to work on /Users/pranithjain/Desktop/DE Project/Apache Airflow Project/venv/lib/python3.10/site-packages/airflow/example_dags/example_sensors.py
[2025-02-09T19:15:09.491-0700] {processor.py:914} INFO - Processing file /Users/pranithjain/Desktop/DE Project/Apache Airflow Project/venv/lib/python3.10/site-packages/airflow/example_dags/example_sensors.py for tasks to queue
[2025-02-09T19:15:09.491-0700] {logging_mixin.py:190} INFO - [2025-02-09T19:15:09.491-0700] {dagbag.py:588} INFO - Filling up the DagBag from /Users/pranithjain/Desktop/DE Project/Apache Airflow Project/venv/lib/python3.10/site-packages/airflow/example_dags/example_sensors.py
[2025-02-09T19:15:09.498-0700] {processor.py:925} INFO - DAG(s) 'example_sensors' retrieved from /Users/pranithjain/Desktop/DE Project/Apache Airflow Project/venv/lib/python3.10/site-packages/airflow/example_dags/example_sensors.py
[2025-02-09T19:15:09.706-0700] {logging_mixin.py:190} INFO - [2025-02-09T19:15:09.706-0700] {dag.py:3239} INFO - Sync 1 DAGs
[2025-02-09T19:15:09.711-0700] {logging_mixin.py:190} INFO - [2025-02-09T19:15:09.710-0700] {dag.py:4180} INFO - Setting next_dagrun for example_sensors to None, run_after=None
[2025-02-09T19:15:09.718-0700] {processor.py:208} INFO - Processing /Users/pranithjain/Desktop/DE Project/Apache Airflow Project/venv/lib/python3.10/site-packages/airflow/example_dags/example_sensors.py took 0.229 seconds
[2025-02-09T19:17:28.227-0700] {processor.py:186} INFO - Started process (PID=23891) to work on /Users/pranithjain/Desktop/DE Project/Apache Airflow Project/venv/lib/python3.10/site-packages/airflow/example_dags/example_sensors.py
[2025-02-09T19:17:28.228-0700] {processor.py:914} INFO - Processing file /Users/pranithjain/Desktop/DE Project/Apache Airflow Project/venv/lib/python3.10/site-packages/airflow/example_dags/example_sensors.py for tasks to queue
[2025-02-09T19:17:28.229-0700] {logging_mixin.py:190} INFO - [2025-02-09T19:17:28.229-0700] {dagbag.py:588} INFO - Filling up the DagBag from /Users/pranithjain/Desktop/DE Project/Apache Airflow Project/venv/lib/python3.10/site-packages/airflow/example_dags/example_sensors.py
[2025-02-09T19:17:28.237-0700] {processor.py:925} INFO - DAG(s) 'example_sensors' retrieved from /Users/pranithjain/Desktop/DE Project/Apache Airflow Project/venv/lib/python3.10/site-packages/airflow/example_dags/example_sensors.py
[2025-02-09T19:17:28.444-0700] {logging_mixin.py:190} INFO - [2025-02-09T19:17:28.444-0700] {dag.py:3239} INFO - Sync 1 DAGs
[2025-02-09T19:17:28.449-0700] {logging_mixin.py:190} INFO - [2025-02-09T19:17:28.449-0700] {dag.py:4180} INFO - Setting next_dagrun for example_sensors to None, run_after=None
[2025-02-09T19:17:28.456-0700] {processor.py:208} INFO - Processing /Users/pranithjain/Desktop/DE Project/Apache Airflow Project/venv/lib/python3.10/site-packages/airflow/example_dags/example_sensors.py took 0.230 seconds
[2025-02-09T19:19:55.133-0700] {processor.py:186} INFO - Started process (PID=24343) to work on /Users/pranithjain/Desktop/DE Project/Apache Airflow Project/venv/lib/python3.10/site-packages/airflow/example_dags/example_sensors.py
[2025-02-09T19:19:55.134-0700] {processor.py:914} INFO - Processing file /Users/pranithjain/Desktop/DE Project/Apache Airflow Project/venv/lib/python3.10/site-packages/airflow/example_dags/example_sensors.py for tasks to queue
[2025-02-09T19:19:55.134-0700] {logging_mixin.py:190} INFO - [2025-02-09T19:19:55.134-0700] {dagbag.py:588} INFO - Filling up the DagBag from /Users/pranithjain/Desktop/DE Project/Apache Airflow Project/venv/lib/python3.10/site-packages/airflow/example_dags/example_sensors.py
[2025-02-09T19:19:55.140-0700] {processor.py:925} INFO - DAG(s) 'example_sensors' retrieved from /Users/pranithjain/Desktop/DE Project/Apache Airflow Project/venv/lib/python3.10/site-packages/airflow/example_dags/example_sensors.py
[2025-02-09T19:19:55.352-0700] {logging_mixin.py:190} INFO - [2025-02-09T19:19:55.352-0700] {dag.py:3239} INFO - Sync 1 DAGs
[2025-02-09T19:19:55.357-0700] {logging_mixin.py:190} INFO - [2025-02-09T19:19:55.357-0700] {dag.py:4180} INFO - Setting next_dagrun for example_sensors to None, run_after=None
[2025-02-09T19:19:55.365-0700] {processor.py:208} INFO - Processing /Users/pranithjain/Desktop/DE Project/Apache Airflow Project/venv/lib/python3.10/site-packages/airflow/example_dags/example_sensors.py took 0.233 seconds
[2025-02-09T19:22:22.508-0700] {processor.py:186} INFO - Started process (PID=24882) to work on /Users/pranithjain/Desktop/DE Project/Apache Airflow Project/venv/lib/python3.10/site-packages/airflow/example_dags/example_sensors.py
[2025-02-09T19:22:22.509-0700] {processor.py:914} INFO - Processing file /Users/pranithjain/Desktop/DE Project/Apache Airflow Project/venv/lib/python3.10/site-packages/airflow/example_dags/example_sensors.py for tasks to queue
[2025-02-09T19:22:22.509-0700] {logging_mixin.py:190} INFO - [2025-02-09T19:22:22.509-0700] {dagbag.py:588} INFO - Filling up the DagBag from /Users/pranithjain/Desktop/DE Project/Apache Airflow Project/venv/lib/python3.10/site-packages/airflow/example_dags/example_sensors.py
[2025-02-09T19:22:22.516-0700] {processor.py:925} INFO - DAG(s) 'example_sensors' retrieved from /Users/pranithjain/Desktop/DE Project/Apache Airflow Project/venv/lib/python3.10/site-packages/airflow/example_dags/example_sensors.py
[2025-02-09T19:22:22.727-0700] {logging_mixin.py:190} INFO - [2025-02-09T19:22:22.727-0700] {dag.py:3239} INFO - Sync 1 DAGs
[2025-02-09T19:22:22.732-0700] {logging_mixin.py:190} INFO - [2025-02-09T19:22:22.732-0700] {dag.py:4180} INFO - Setting next_dagrun for example_sensors to None, run_after=None
[2025-02-09T19:22:22.739-0700] {processor.py:208} INFO - Processing /Users/pranithjain/Desktop/DE Project/Apache Airflow Project/venv/lib/python3.10/site-packages/airflow/example_dags/example_sensors.py took 0.232 seconds
[2025-02-09T19:24:40.143-0700] {processor.py:186} INFO - Started process (PID=25305) to work on /Users/pranithjain/Desktop/DE Project/Apache Airflow Project/venv/lib/python3.10/site-packages/airflow/example_dags/example_sensors.py
[2025-02-09T19:24:40.144-0700] {processor.py:914} INFO - Processing file /Users/pranithjain/Desktop/DE Project/Apache Airflow Project/venv/lib/python3.10/site-packages/airflow/example_dags/example_sensors.py for tasks to queue
[2025-02-09T19:24:40.144-0700] {logging_mixin.py:190} INFO - [2025-02-09T19:24:40.144-0700] {dagbag.py:588} INFO - Filling up the DagBag from /Users/pranithjain/Desktop/DE Project/Apache Airflow Project/venv/lib/python3.10/site-packages/airflow/example_dags/example_sensors.py
[2025-02-09T19:24:40.151-0700] {processor.py:925} INFO - DAG(s) 'example_sensors' retrieved from /Users/pranithjain/Desktop/DE Project/Apache Airflow Project/venv/lib/python3.10/site-packages/airflow/example_dags/example_sensors.py
[2025-02-09T19:24:40.360-0700] {logging_mixin.py:190} INFO - [2025-02-09T19:24:40.360-0700] {dag.py:3239} INFO - Sync 1 DAGs
[2025-02-09T19:24:40.364-0700] {logging_mixin.py:190} INFO - [2025-02-09T19:24:40.364-0700] {dag.py:4180} INFO - Setting next_dagrun for example_sensors to None, run_after=None
[2025-02-09T19:24:40.372-0700] {processor.py:208} INFO - Processing /Users/pranithjain/Desktop/DE Project/Apache Airflow Project/venv/lib/python3.10/site-packages/airflow/example_dags/example_sensors.py took 0.230 seconds
[2025-02-09T19:26:59.040-0700] {processor.py:186} INFO - Started process (PID=25848) to work on /Users/pranithjain/Desktop/DE Project/Apache Airflow Project/venv/lib/python3.10/site-packages/airflow/example_dags/example_sensors.py
[2025-02-09T19:26:59.041-0700] {processor.py:914} INFO - Processing file /Users/pranithjain/Desktop/DE Project/Apache Airflow Project/venv/lib/python3.10/site-packages/airflow/example_dags/example_sensors.py for tasks to queue
[2025-02-09T19:26:59.042-0700] {logging_mixin.py:190} INFO - [2025-02-09T19:26:59.042-0700] {dagbag.py:588} INFO - Filling up the DagBag from /Users/pranithjain/Desktop/DE Project/Apache Airflow Project/venv/lib/python3.10/site-packages/airflow/example_dags/example_sensors.py
[2025-02-09T19:26:59.050-0700] {processor.py:925} INFO - DAG(s) 'example_sensors' retrieved from /Users/pranithjain/Desktop/DE Project/Apache Airflow Project/venv/lib/python3.10/site-packages/airflow/example_dags/example_sensors.py
[2025-02-09T19:26:59.264-0700] {logging_mixin.py:190} INFO - [2025-02-09T19:26:59.264-0700] {dag.py:3239} INFO - Sync 1 DAGs
[2025-02-09T19:26:59.269-0700] {logging_mixin.py:190} INFO - [2025-02-09T19:26:59.269-0700] {dag.py:4180} INFO - Setting next_dagrun for example_sensors to None, run_after=None
[2025-02-09T19:26:59.276-0700] {processor.py:208} INFO - Processing /Users/pranithjain/Desktop/DE Project/Apache Airflow Project/venv/lib/python3.10/site-packages/airflow/example_dags/example_sensors.py took 0.238 seconds
[2025-02-09T19:28:51.574-0700] {processor.py:186} INFO - Started process (PID=26217) to work on /Users/pranithjain/Desktop/DE Project/Apache Airflow Project/venv/lib/python3.10/site-packages/airflow/example_dags/example_sensors.py
[2025-02-09T19:28:51.576-0700] {processor.py:914} INFO - Processing file /Users/pranithjain/Desktop/DE Project/Apache Airflow Project/venv/lib/python3.10/site-packages/airflow/example_dags/example_sensors.py for tasks to queue
[2025-02-09T19:28:51.576-0700] {logging_mixin.py:190} INFO - [2025-02-09T19:28:51.576-0700] {dagbag.py:588} INFO - Filling up the DagBag from /Users/pranithjain/Desktop/DE Project/Apache Airflow Project/venv/lib/python3.10/site-packages/airflow/example_dags/example_sensors.py
[2025-02-09T19:28:51.584-0700] {processor.py:925} INFO - DAG(s) 'example_sensors' retrieved from /Users/pranithjain/Desktop/DE Project/Apache Airflow Project/venv/lib/python3.10/site-packages/airflow/example_dags/example_sensors.py
[2025-02-09T19:28:51.855-0700] {logging_mixin.py:190} INFO - [2025-02-09T19:28:51.855-0700] {dag.py:3239} INFO - Sync 1 DAGs
[2025-02-09T19:28:51.860-0700] {logging_mixin.py:190} INFO - [2025-02-09T19:28:51.860-0700] {dag.py:4180} INFO - Setting next_dagrun for example_sensors to None, run_after=None
[2025-02-09T19:28:51.867-0700] {processor.py:208} INFO - Processing /Users/pranithjain/Desktop/DE Project/Apache Airflow Project/venv/lib/python3.10/site-packages/airflow/example_dags/example_sensors.py took 0.294 seconds
