[2025-02-09T18:47:56.906-0700] {processor.py:186} INFO - Started process (PID=18804) to work on /Users/pranithjain/Desktop/DE Project/Apache Airflow Project/venv/lib/python3.10/site-packages/airflow/example_dags/example_task_group.py
[2025-02-09T18:47:56.907-0700] {processor.py:914} INFO - Processing file /Users/pranithjain/Desktop/DE Project/Apache Airflow Project/venv/lib/python3.10/site-packages/airflow/example_dags/example_task_group.py for tasks to queue
[2025-02-09T18:47:56.907-0700] {logging_mixin.py:190} INFO - [2025-02-09T18:47:56.907-0700] {dagbag.py:588} INFO - Filling up the DagBag from /Users/pranithjain/Desktop/DE Project/Apache Airflow Project/venv/lib/python3.10/site-packages/airflow/example_dags/example_task_group.py
[2025-02-09T18:47:56.911-0700] {processor.py:925} INFO - DAG(s) 'example_task_group' retrieved from /Users/pranithjain/Desktop/DE Project/Apache Airflow Project/venv/lib/python3.10/site-packages/airflow/example_dags/example_task_group.py
[2025-02-09T18:47:57.014-0700] {logging_mixin.py:190} INFO - [2025-02-09T18:47:57.014-0700] {override.py:1930} INFO - Created Permission View: can delete on DAG:example_task_group
[2025-02-09T18:47:57.017-0700] {logging_mixin.py:190} INFO - [2025-02-09T18:47:57.017-0700] {override.py:1930} INFO - Created Permission View: can read on DAG:example_task_group
[2025-02-09T18:47:57.019-0700] {logging_mixin.py:190} INFO - [2025-02-09T18:47:57.019-0700] {override.py:1930} INFO - Created Permission View: can edit on DAG:example_task_group
[2025-02-09T18:47:57.022-0700] {logging_mixin.py:190} INFO - [2025-02-09T18:47:57.022-0700] {override.py:1930} INFO - Created Permission View: menu access on DAG Run:example_task_group
[2025-02-09T18:47:57.024-0700] {logging_mixin.py:190} INFO - [2025-02-09T18:47:57.024-0700] {override.py:1930} INFO - Created Permission View: can delete on DAG Run:example_task_group
[2025-02-09T18:47:57.026-0700] {logging_mixin.py:190} INFO - [2025-02-09T18:47:57.026-0700] {override.py:1930} INFO - Created Permission View: can read on DAG Run:example_task_group
[2025-02-09T18:47:57.028-0700] {logging_mixin.py:190} INFO - [2025-02-09T18:47:57.027-0700] {override.py:1930} INFO - Created Permission View: can create on DAG Run:example_task_group
[2025-02-09T18:47:57.028-0700] {logging_mixin.py:190} INFO - [2025-02-09T18:47:57.028-0700] {dag.py:3239} INFO - Sync 1 DAGs
[2025-02-09T18:47:57.033-0700] {logging_mixin.py:190} INFO - [2025-02-09T18:47:57.032-0700] {dag.py:3262} INFO - Creating ORM DAG for example_task_group
[2025-02-09T18:47:57.033-0700] {logging_mixin.py:190} INFO - [2025-02-09T18:47:57.033-0700] {dag.py:4180} INFO - Setting next_dagrun for example_task_group to None, run_after=None
[2025-02-09T18:47:57.039-0700] {processor.py:208} INFO - Processing /Users/pranithjain/Desktop/DE Project/Apache Airflow Project/venv/lib/python3.10/site-packages/airflow/example_dags/example_task_group.py took 0.134 seconds
[2025-02-09T18:49:41.465-0700] {processor.py:186} INFO - Started process (PID=19127) to work on /Users/pranithjain/Desktop/DE Project/Apache Airflow Project/venv/lib/python3.10/site-packages/airflow/example_dags/example_task_group.py
[2025-02-09T18:49:41.465-0700] {processor.py:914} INFO - Processing file /Users/pranithjain/Desktop/DE Project/Apache Airflow Project/venv/lib/python3.10/site-packages/airflow/example_dags/example_task_group.py for tasks to queue
[2025-02-09T18:49:41.466-0700] {logging_mixin.py:190} INFO - [2025-02-09T18:49:41.465-0700] {dagbag.py:588} INFO - Filling up the DagBag from /Users/pranithjain/Desktop/DE Project/Apache Airflow Project/venv/lib/python3.10/site-packages/airflow/example_dags/example_task_group.py
[2025-02-09T18:49:41.470-0700] {processor.py:925} INFO - DAG(s) 'example_task_group' retrieved from /Users/pranithjain/Desktop/DE Project/Apache Airflow Project/venv/lib/python3.10/site-packages/airflow/example_dags/example_task_group.py
[2025-02-09T18:49:41.537-0700] {logging_mixin.py:190} INFO - [2025-02-09T18:49:41.537-0700] {dag.py:3239} INFO - Sync 1 DAGs
[2025-02-09T18:49:41.542-0700] {logging_mixin.py:190} INFO - [2025-02-09T18:49:41.541-0700] {dag.py:4180} INFO - Setting next_dagrun for example_task_group to None, run_after=None
[2025-02-09T18:49:41.549-0700] {processor.py:208} INFO - Processing /Users/pranithjain/Desktop/DE Project/Apache Airflow Project/venv/lib/python3.10/site-packages/airflow/example_dags/example_task_group.py took 0.086 seconds
[2025-02-09T18:50:55.387-0700] {processor.py:186} INFO - Started process (PID=19356) to work on /Users/pranithjain/Desktop/DE Project/Apache Airflow Project/venv/lib/python3.10/site-packages/airflow/example_dags/example_task_group.py
[2025-02-09T18:50:55.388-0700] {processor.py:914} INFO - Processing file /Users/pranithjain/Desktop/DE Project/Apache Airflow Project/venv/lib/python3.10/site-packages/airflow/example_dags/example_task_group.py for tasks to queue
[2025-02-09T18:50:55.389-0700] {logging_mixin.py:190} INFO - [2025-02-09T18:50:55.389-0700] {dagbag.py:588} INFO - Filling up the DagBag from /Users/pranithjain/Desktop/DE Project/Apache Airflow Project/venv/lib/python3.10/site-packages/airflow/example_dags/example_task_group.py
[2025-02-09T18:50:55.393-0700] {processor.py:925} INFO - DAG(s) 'example_task_group' retrieved from /Users/pranithjain/Desktop/DE Project/Apache Airflow Project/venv/lib/python3.10/site-packages/airflow/example_dags/example_task_group.py
[2025-02-09T18:50:55.460-0700] {logging_mixin.py:190} INFO - [2025-02-09T18:50:55.460-0700] {dag.py:3239} INFO - Sync 1 DAGs
[2025-02-09T18:50:55.464-0700] {logging_mixin.py:190} INFO - [2025-02-09T18:50:55.464-0700] {dag.py:4180} INFO - Setting next_dagrun for example_task_group to None, run_after=None
[2025-02-09T18:50:55.471-0700] {processor.py:208} INFO - Processing /Users/pranithjain/Desktop/DE Project/Apache Airflow Project/venv/lib/python3.10/site-packages/airflow/example_dags/example_task_group.py took 0.086 seconds
[2025-02-09T18:52:05.662-0700] {processor.py:186} INFO - Started process (PID=19574) to work on /Users/pranithjain/Desktop/DE Project/Apache Airflow Project/venv/lib/python3.10/site-packages/airflow/example_dags/example_task_group.py
[2025-02-09T18:52:05.662-0700] {processor.py:914} INFO - Processing file /Users/pranithjain/Desktop/DE Project/Apache Airflow Project/venv/lib/python3.10/site-packages/airflow/example_dags/example_task_group.py for tasks to queue
[2025-02-09T18:52:05.663-0700] {logging_mixin.py:190} INFO - [2025-02-09T18:52:05.663-0700] {dagbag.py:588} INFO - Filling up the DagBag from /Users/pranithjain/Desktop/DE Project/Apache Airflow Project/venv/lib/python3.10/site-packages/airflow/example_dags/example_task_group.py
[2025-02-09T18:52:05.667-0700] {processor.py:925} INFO - DAG(s) 'example_task_group' retrieved from /Users/pranithjain/Desktop/DE Project/Apache Airflow Project/venv/lib/python3.10/site-packages/airflow/example_dags/example_task_group.py
[2025-02-09T18:52:05.739-0700] {logging_mixin.py:190} INFO - [2025-02-09T18:52:05.739-0700] {dag.py:3239} INFO - Sync 1 DAGs
[2025-02-09T18:52:05.743-0700] {logging_mixin.py:190} INFO - [2025-02-09T18:52:05.743-0700] {dag.py:4180} INFO - Setting next_dagrun for example_task_group to None, run_after=None
[2025-02-09T18:52:05.750-0700] {processor.py:208} INFO - Processing /Users/pranithjain/Desktop/DE Project/Apache Airflow Project/venv/lib/python3.10/site-packages/airflow/example_dags/example_task_group.py took 0.090 seconds
[2025-02-09T18:53:06.320-0700] {processor.py:186} INFO - Started process (PID=19773) to work on /Users/pranithjain/Desktop/DE Project/Apache Airflow Project/venv/lib/python3.10/site-packages/airflow/example_dags/example_task_group.py
[2025-02-09T18:53:06.321-0700] {processor.py:914} INFO - Processing file /Users/pranithjain/Desktop/DE Project/Apache Airflow Project/venv/lib/python3.10/site-packages/airflow/example_dags/example_task_group.py for tasks to queue
[2025-02-09T18:53:06.322-0700] {logging_mixin.py:190} INFO - [2025-02-09T18:53:06.322-0700] {dagbag.py:588} INFO - Filling up the DagBag from /Users/pranithjain/Desktop/DE Project/Apache Airflow Project/venv/lib/python3.10/site-packages/airflow/example_dags/example_task_group.py
[2025-02-09T18:53:06.327-0700] {processor.py:925} INFO - DAG(s) 'example_task_group' retrieved from /Users/pranithjain/Desktop/DE Project/Apache Airflow Project/venv/lib/python3.10/site-packages/airflow/example_dags/example_task_group.py
[2025-02-09T18:53:06.394-0700] {logging_mixin.py:190} INFO - [2025-02-09T18:53:06.394-0700] {dag.py:3239} INFO - Sync 1 DAGs
[2025-02-09T18:53:06.399-0700] {logging_mixin.py:190} INFO - [2025-02-09T18:53:06.399-0700] {dag.py:4180} INFO - Setting next_dagrun for example_task_group to None, run_after=None
[2025-02-09T18:53:06.406-0700] {processor.py:208} INFO - Processing /Users/pranithjain/Desktop/DE Project/Apache Airflow Project/venv/lib/python3.10/site-packages/airflow/example_dags/example_task_group.py took 0.088 seconds
[2025-02-09T18:54:48.157-0700] {processor.py:186} INFO - Started process (PID=20086) to work on /Users/pranithjain/Desktop/DE Project/Apache Airflow Project/venv/lib/python3.10/site-packages/airflow/example_dags/example_task_group.py
[2025-02-09T18:54:48.157-0700] {processor.py:914} INFO - Processing file /Users/pranithjain/Desktop/DE Project/Apache Airflow Project/venv/lib/python3.10/site-packages/airflow/example_dags/example_task_group.py for tasks to queue
[2025-02-09T18:54:48.158-0700] {logging_mixin.py:190} INFO - [2025-02-09T18:54:48.158-0700] {dagbag.py:588} INFO - Filling up the DagBag from /Users/pranithjain/Desktop/DE Project/Apache Airflow Project/venv/lib/python3.10/site-packages/airflow/example_dags/example_task_group.py
[2025-02-09T18:54:48.162-0700] {processor.py:925} INFO - DAG(s) 'example_task_group' retrieved from /Users/pranithjain/Desktop/DE Project/Apache Airflow Project/venv/lib/python3.10/site-packages/airflow/example_dags/example_task_group.py
[2025-02-09T18:54:48.229-0700] {logging_mixin.py:190} INFO - [2025-02-09T18:54:48.229-0700] {dag.py:3239} INFO - Sync 1 DAGs
[2025-02-09T18:54:48.234-0700] {logging_mixin.py:190} INFO - [2025-02-09T18:54:48.233-0700] {dag.py:4180} INFO - Setting next_dagrun for example_task_group to None, run_after=None
[2025-02-09T18:54:48.241-0700] {processor.py:208} INFO - Processing /Users/pranithjain/Desktop/DE Project/Apache Airflow Project/venv/lib/python3.10/site-packages/airflow/example_dags/example_task_group.py took 0.085 seconds
[2025-02-09T18:56:01.044-0700] {processor.py:186} INFO - Started process (PID=20307) to work on /Users/pranithjain/Desktop/DE Project/Apache Airflow Project/venv/lib/python3.10/site-packages/airflow/example_dags/example_task_group.py
[2025-02-09T18:56:01.045-0700] {processor.py:914} INFO - Processing file /Users/pranithjain/Desktop/DE Project/Apache Airflow Project/venv/lib/python3.10/site-packages/airflow/example_dags/example_task_group.py for tasks to queue
[2025-02-09T18:56:01.045-0700] {logging_mixin.py:190} INFO - [2025-02-09T18:56:01.045-0700] {dagbag.py:588} INFO - Filling up the DagBag from /Users/pranithjain/Desktop/DE Project/Apache Airflow Project/venv/lib/python3.10/site-packages/airflow/example_dags/example_task_group.py
[2025-02-09T18:56:01.050-0700] {processor.py:925} INFO - DAG(s) 'example_task_group' retrieved from /Users/pranithjain/Desktop/DE Project/Apache Airflow Project/venv/lib/python3.10/site-packages/airflow/example_dags/example_task_group.py
[2025-02-09T18:56:01.120-0700] {logging_mixin.py:190} INFO - [2025-02-09T18:56:01.120-0700] {dag.py:3239} INFO - Sync 1 DAGs
[2025-02-09T18:56:01.125-0700] {logging_mixin.py:190} INFO - [2025-02-09T18:56:01.125-0700] {dag.py:4180} INFO - Setting next_dagrun for example_task_group to None, run_after=None
[2025-02-09T18:56:01.133-0700] {processor.py:208} INFO - Processing /Users/pranithjain/Desktop/DE Project/Apache Airflow Project/venv/lib/python3.10/site-packages/airflow/example_dags/example_task_group.py took 0.091 seconds
[2025-02-09T18:57:14.683-0700] {processor.py:186} INFO - Started process (PID=20543) to work on /Users/pranithjain/Desktop/DE Project/Apache Airflow Project/venv/lib/python3.10/site-packages/airflow/example_dags/example_task_group.py
[2025-02-09T18:57:14.684-0700] {processor.py:914} INFO - Processing file /Users/pranithjain/Desktop/DE Project/Apache Airflow Project/venv/lib/python3.10/site-packages/airflow/example_dags/example_task_group.py for tasks to queue
[2025-02-09T18:57:14.685-0700] {logging_mixin.py:190} INFO - [2025-02-09T18:57:14.685-0700] {dagbag.py:588} INFO - Filling up the DagBag from /Users/pranithjain/Desktop/DE Project/Apache Airflow Project/venv/lib/python3.10/site-packages/airflow/example_dags/example_task_group.py
[2025-02-09T18:57:14.690-0700] {processor.py:925} INFO - DAG(s) 'example_task_group' retrieved from /Users/pranithjain/Desktop/DE Project/Apache Airflow Project/venv/lib/python3.10/site-packages/airflow/example_dags/example_task_group.py
[2025-02-09T18:57:14.760-0700] {logging_mixin.py:190} INFO - [2025-02-09T18:57:14.760-0700] {dag.py:3239} INFO - Sync 1 DAGs
[2025-02-09T18:57:14.764-0700] {logging_mixin.py:190} INFO - [2025-02-09T18:57:14.764-0700] {dag.py:4180} INFO - Setting next_dagrun for example_task_group to None, run_after=None
[2025-02-09T18:57:14.771-0700] {processor.py:208} INFO - Processing /Users/pranithjain/Desktop/DE Project/Apache Airflow Project/venv/lib/python3.10/site-packages/airflow/example_dags/example_task_group.py took 0.090 seconds
[2025-02-09T18:58:26.538-0700] {processor.py:186} INFO - Started process (PID=20759) to work on /Users/pranithjain/Desktop/DE Project/Apache Airflow Project/venv/lib/python3.10/site-packages/airflow/example_dags/example_task_group.py
[2025-02-09T18:58:26.538-0700] {processor.py:914} INFO - Processing file /Users/pranithjain/Desktop/DE Project/Apache Airflow Project/venv/lib/python3.10/site-packages/airflow/example_dags/example_task_group.py for tasks to queue
[2025-02-09T18:58:26.539-0700] {logging_mixin.py:190} INFO - [2025-02-09T18:58:26.539-0700] {dagbag.py:588} INFO - Filling up the DagBag from /Users/pranithjain/Desktop/DE Project/Apache Airflow Project/venv/lib/python3.10/site-packages/airflow/example_dags/example_task_group.py
[2025-02-09T18:58:26.543-0700] {processor.py:925} INFO - DAG(s) 'example_task_group' retrieved from /Users/pranithjain/Desktop/DE Project/Apache Airflow Project/venv/lib/python3.10/site-packages/airflow/example_dags/example_task_group.py
[2025-02-09T18:58:26.611-0700] {logging_mixin.py:190} INFO - [2025-02-09T18:58:26.611-0700] {dag.py:3239} INFO - Sync 1 DAGs
[2025-02-09T18:58:26.615-0700] {logging_mixin.py:190} INFO - [2025-02-09T18:58:26.615-0700] {dag.py:4180} INFO - Setting next_dagrun for example_task_group to None, run_after=None
[2025-02-09T18:58:26.622-0700] {processor.py:208} INFO - Processing /Users/pranithjain/Desktop/DE Project/Apache Airflow Project/venv/lib/python3.10/site-packages/airflow/example_dags/example_task_group.py took 0.086 seconds
[2025-02-09T19:06:40.874-0700] {processor.py:186} INFO - Started process (PID=21950) to work on /Users/pranithjain/Desktop/DE Project/Apache Airflow Project/venv/lib/python3.10/site-packages/airflow/example_dags/example_task_group.py
[2025-02-09T19:06:40.875-0700] {processor.py:914} INFO - Processing file /Users/pranithjain/Desktop/DE Project/Apache Airflow Project/venv/lib/python3.10/site-packages/airflow/example_dags/example_task_group.py for tasks to queue
[2025-02-09T19:06:40.876-0700] {logging_mixin.py:190} INFO - [2025-02-09T19:06:40.875-0700] {dagbag.py:588} INFO - Filling up the DagBag from /Users/pranithjain/Desktop/DE Project/Apache Airflow Project/venv/lib/python3.10/site-packages/airflow/example_dags/example_task_group.py
[2025-02-09T19:06:40.880-0700] {processor.py:925} INFO - DAG(s) 'example_task_group' retrieved from /Users/pranithjain/Desktop/DE Project/Apache Airflow Project/venv/lib/python3.10/site-packages/airflow/example_dags/example_task_group.py
[2025-02-09T19:06:40.947-0700] {logging_mixin.py:190} INFO - [2025-02-09T19:06:40.947-0700] {dag.py:3239} INFO - Sync 1 DAGs
[2025-02-09T19:06:40.951-0700] {logging_mixin.py:190} INFO - [2025-02-09T19:06:40.951-0700] {dag.py:4180} INFO - Setting next_dagrun for example_task_group to None, run_after=None
[2025-02-09T19:06:40.959-0700] {processor.py:208} INFO - Processing /Users/pranithjain/Desktop/DE Project/Apache Airflow Project/venv/lib/python3.10/site-packages/airflow/example_dags/example_task_group.py took 0.086 seconds
[2025-02-09T19:08:19.873-0700] {processor.py:186} INFO - Started process (PID=22253) to work on /Users/pranithjain/Desktop/DE Project/Apache Airflow Project/venv/lib/python3.10/site-packages/airflow/example_dags/example_task_group.py
[2025-02-09T19:08:19.874-0700] {processor.py:914} INFO - Processing file /Users/pranithjain/Desktop/DE Project/Apache Airflow Project/venv/lib/python3.10/site-packages/airflow/example_dags/example_task_group.py for tasks to queue
[2025-02-09T19:08:19.874-0700] {logging_mixin.py:190} INFO - [2025-02-09T19:08:19.874-0700] {dagbag.py:588} INFO - Filling up the DagBag from /Users/pranithjain/Desktop/DE Project/Apache Airflow Project/venv/lib/python3.10/site-packages/airflow/example_dags/example_task_group.py
[2025-02-09T19:08:19.878-0700] {processor.py:925} INFO - DAG(s) 'example_task_group' retrieved from /Users/pranithjain/Desktop/DE Project/Apache Airflow Project/venv/lib/python3.10/site-packages/airflow/example_dags/example_task_group.py
[2025-02-09T19:08:19.949-0700] {logging_mixin.py:190} INFO - [2025-02-09T19:08:19.949-0700] {dag.py:3239} INFO - Sync 1 DAGs
[2025-02-09T19:08:19.953-0700] {logging_mixin.py:190} INFO - [2025-02-09T19:08:19.953-0700] {dag.py:4180} INFO - Setting next_dagrun for example_task_group to None, run_after=None
[2025-02-09T19:08:19.960-0700] {processor.py:208} INFO - Processing /Users/pranithjain/Desktop/DE Project/Apache Airflow Project/venv/lib/python3.10/site-packages/airflow/example_dags/example_task_group.py took 0.088 seconds
[2025-02-09T19:09:31.726-0700] {processor.py:186} INFO - Started process (PID=22481) to work on /Users/pranithjain/Desktop/DE Project/Apache Airflow Project/venv/lib/python3.10/site-packages/airflow/example_dags/example_task_group.py
[2025-02-09T19:09:31.726-0700] {processor.py:914} INFO - Processing file /Users/pranithjain/Desktop/DE Project/Apache Airflow Project/venv/lib/python3.10/site-packages/airflow/example_dags/example_task_group.py for tasks to queue
[2025-02-09T19:09:31.727-0700] {logging_mixin.py:190} INFO - [2025-02-09T19:09:31.727-0700] {dagbag.py:588} INFO - Filling up the DagBag from /Users/pranithjain/Desktop/DE Project/Apache Airflow Project/venv/lib/python3.10/site-packages/airflow/example_dags/example_task_group.py
[2025-02-09T19:09:31.731-0700] {processor.py:925} INFO - DAG(s) 'example_task_group' retrieved from /Users/pranithjain/Desktop/DE Project/Apache Airflow Project/venv/lib/python3.10/site-packages/airflow/example_dags/example_task_group.py
[2025-02-09T19:09:31.837-0700] {logging_mixin.py:190} INFO - [2025-02-09T19:09:31.837-0700] {dag.py:3239} INFO - Sync 1 DAGs
[2025-02-09T19:09:31.841-0700] {logging_mixin.py:190} INFO - [2025-02-09T19:09:31.841-0700] {dag.py:4180} INFO - Setting next_dagrun for example_task_group to None, run_after=None
[2025-02-09T19:09:31.849-0700] {processor.py:208} INFO - Processing /Users/pranithjain/Desktop/DE Project/Apache Airflow Project/venv/lib/python3.10/site-packages/airflow/example_dags/example_task_group.py took 0.125 seconds
[2025-02-09T19:10:44.789-0700] {processor.py:186} INFO - Started process (PID=22698) to work on /Users/pranithjain/Desktop/DE Project/Apache Airflow Project/venv/lib/python3.10/site-packages/airflow/example_dags/example_task_group.py
[2025-02-09T19:10:44.789-0700] {processor.py:914} INFO - Processing file /Users/pranithjain/Desktop/DE Project/Apache Airflow Project/venv/lib/python3.10/site-packages/airflow/example_dags/example_task_group.py for tasks to queue
[2025-02-09T19:10:44.790-0700] {logging_mixin.py:190} INFO - [2025-02-09T19:10:44.790-0700] {dagbag.py:588} INFO - Filling up the DagBag from /Users/pranithjain/Desktop/DE Project/Apache Airflow Project/venv/lib/python3.10/site-packages/airflow/example_dags/example_task_group.py
[2025-02-09T19:10:44.794-0700] {processor.py:925} INFO - DAG(s) 'example_task_group' retrieved from /Users/pranithjain/Desktop/DE Project/Apache Airflow Project/venv/lib/python3.10/site-packages/airflow/example_dags/example_task_group.py
[2025-02-09T19:10:44.862-0700] {logging_mixin.py:190} INFO - [2025-02-09T19:10:44.862-0700] {dag.py:3239} INFO - Sync 1 DAGs
[2025-02-09T19:10:44.867-0700] {logging_mixin.py:190} INFO - [2025-02-09T19:10:44.867-0700] {dag.py:4180} INFO - Setting next_dagrun for example_task_group to None, run_after=None
[2025-02-09T19:10:44.874-0700] {processor.py:208} INFO - Processing /Users/pranithjain/Desktop/DE Project/Apache Airflow Project/venv/lib/python3.10/site-packages/airflow/example_dags/example_task_group.py took 0.087 seconds
[2025-02-09T19:13:12.033-0700] {processor.py:186} INFO - Started process (PID=23107) to work on /Users/pranithjain/Desktop/DE Project/Apache Airflow Project/venv/lib/python3.10/site-packages/airflow/example_dags/example_task_group.py
[2025-02-09T19:13:12.034-0700] {processor.py:914} INFO - Processing file /Users/pranithjain/Desktop/DE Project/Apache Airflow Project/venv/lib/python3.10/site-packages/airflow/example_dags/example_task_group.py for tasks to queue
[2025-02-09T19:13:12.034-0700] {logging_mixin.py:190} INFO - [2025-02-09T19:13:12.034-0700] {dagbag.py:588} INFO - Filling up the DagBag from /Users/pranithjain/Desktop/DE Project/Apache Airflow Project/venv/lib/python3.10/site-packages/airflow/example_dags/example_task_group.py
[2025-02-09T19:13:12.038-0700] {processor.py:925} INFO - DAG(s) 'example_task_group' retrieved from /Users/pranithjain/Desktop/DE Project/Apache Airflow Project/venv/lib/python3.10/site-packages/airflow/example_dags/example_task_group.py
[2025-02-09T19:13:12.106-0700] {logging_mixin.py:190} INFO - [2025-02-09T19:13:12.106-0700] {dag.py:3239} INFO - Sync 1 DAGs
[2025-02-09T19:13:12.110-0700] {logging_mixin.py:190} INFO - [2025-02-09T19:13:12.110-0700] {dag.py:4180} INFO - Setting next_dagrun for example_task_group to None, run_after=None
[2025-02-09T19:13:12.117-0700] {processor.py:208} INFO - Processing /Users/pranithjain/Desktop/DE Project/Apache Airflow Project/venv/lib/python3.10/site-packages/airflow/example_dags/example_task_group.py took 0.086 seconds
[2025-02-09T19:14:55.171-0700] {processor.py:186} INFO - Started process (PID=23422) to work on /Users/pranithjain/Desktop/DE Project/Apache Airflow Project/venv/lib/python3.10/site-packages/airflow/example_dags/example_task_group.py
[2025-02-09T19:14:55.171-0700] {processor.py:914} INFO - Processing file /Users/pranithjain/Desktop/DE Project/Apache Airflow Project/venv/lib/python3.10/site-packages/airflow/example_dags/example_task_group.py for tasks to queue
[2025-02-09T19:14:55.172-0700] {logging_mixin.py:190} INFO - [2025-02-09T19:14:55.172-0700] {dagbag.py:588} INFO - Filling up the DagBag from /Users/pranithjain/Desktop/DE Project/Apache Airflow Project/venv/lib/python3.10/site-packages/airflow/example_dags/example_task_group.py
[2025-02-09T19:14:55.176-0700] {processor.py:925} INFO - DAG(s) 'example_task_group' retrieved from /Users/pranithjain/Desktop/DE Project/Apache Airflow Project/venv/lib/python3.10/site-packages/airflow/example_dags/example_task_group.py
[2025-02-09T19:14:55.244-0700] {logging_mixin.py:190} INFO - [2025-02-09T19:14:55.244-0700] {dag.py:3239} INFO - Sync 1 DAGs
[2025-02-09T19:14:55.248-0700] {logging_mixin.py:190} INFO - [2025-02-09T19:14:55.248-0700] {dag.py:4180} INFO - Setting next_dagrun for example_task_group to None, run_after=None
[2025-02-09T19:14:55.255-0700] {processor.py:208} INFO - Processing /Users/pranithjain/Desktop/DE Project/Apache Airflow Project/venv/lib/python3.10/site-packages/airflow/example_dags/example_task_group.py took 0.087 seconds
[2025-02-09T19:16:05.185-0700] {processor.py:186} INFO - Started process (PID=23638) to work on /Users/pranithjain/Desktop/DE Project/Apache Airflow Project/venv/lib/python3.10/site-packages/airflow/example_dags/example_task_group.py
[2025-02-09T19:16:05.185-0700] {processor.py:914} INFO - Processing file /Users/pranithjain/Desktop/DE Project/Apache Airflow Project/venv/lib/python3.10/site-packages/airflow/example_dags/example_task_group.py for tasks to queue
[2025-02-09T19:16:05.186-0700] {logging_mixin.py:190} INFO - [2025-02-09T19:16:05.185-0700] {dagbag.py:588} INFO - Filling up the DagBag from /Users/pranithjain/Desktop/DE Project/Apache Airflow Project/venv/lib/python3.10/site-packages/airflow/example_dags/example_task_group.py
[2025-02-09T19:16:05.190-0700] {processor.py:925} INFO - DAG(s) 'example_task_group' retrieved from /Users/pranithjain/Desktop/DE Project/Apache Airflow Project/venv/lib/python3.10/site-packages/airflow/example_dags/example_task_group.py
[2025-02-09T19:16:05.260-0700] {logging_mixin.py:190} INFO - [2025-02-09T19:16:05.260-0700] {dag.py:3239} INFO - Sync 1 DAGs
[2025-02-09T19:16:05.265-0700] {logging_mixin.py:190} INFO - [2025-02-09T19:16:05.265-0700] {dag.py:4180} INFO - Setting next_dagrun for example_task_group to None, run_after=None
[2025-02-09T19:16:05.274-0700] {processor.py:208} INFO - Processing /Users/pranithjain/Desktop/DE Project/Apache Airflow Project/venv/lib/python3.10/site-packages/airflow/example_dags/example_task_group.py took 0.091 seconds
[2025-02-09T19:17:15.754-0700] {processor.py:186} INFO - Started process (PID=23850) to work on /Users/pranithjain/Desktop/DE Project/Apache Airflow Project/venv/lib/python3.10/site-packages/airflow/example_dags/example_task_group.py
[2025-02-09T19:17:15.756-0700] {processor.py:914} INFO - Processing file /Users/pranithjain/Desktop/DE Project/Apache Airflow Project/venv/lib/python3.10/site-packages/airflow/example_dags/example_task_group.py for tasks to queue
[2025-02-09T19:17:15.756-0700] {logging_mixin.py:190} INFO - [2025-02-09T19:17:15.756-0700] {dagbag.py:588} INFO - Filling up the DagBag from /Users/pranithjain/Desktop/DE Project/Apache Airflow Project/venv/lib/python3.10/site-packages/airflow/example_dags/example_task_group.py
[2025-02-09T19:17:15.761-0700] {processor.py:925} INFO - DAG(s) 'example_task_group' retrieved from /Users/pranithjain/Desktop/DE Project/Apache Airflow Project/venv/lib/python3.10/site-packages/airflow/example_dags/example_task_group.py
[2025-02-09T19:17:15.828-0700] {logging_mixin.py:190} INFO - [2025-02-09T19:17:15.828-0700] {dag.py:3239} INFO - Sync 1 DAGs
[2025-02-09T19:17:15.832-0700] {logging_mixin.py:190} INFO - [2025-02-09T19:17:15.832-0700] {dag.py:4180} INFO - Setting next_dagrun for example_task_group to None, run_after=None
[2025-02-09T19:17:15.839-0700] {processor.py:208} INFO - Processing /Users/pranithjain/Desktop/DE Project/Apache Airflow Project/venv/lib/python3.10/site-packages/airflow/example_dags/example_task_group.py took 0.086 seconds
[2025-02-09T19:18:28.076-0700] {processor.py:186} INFO - Started process (PID=24073) to work on /Users/pranithjain/Desktop/DE Project/Apache Airflow Project/venv/lib/python3.10/site-packages/airflow/example_dags/example_task_group.py
[2025-02-09T19:18:28.076-0700] {processor.py:914} INFO - Processing file /Users/pranithjain/Desktop/DE Project/Apache Airflow Project/venv/lib/python3.10/site-packages/airflow/example_dags/example_task_group.py for tasks to queue
[2025-02-09T19:18:28.077-0700] {logging_mixin.py:190} INFO - [2025-02-09T19:18:28.077-0700] {dagbag.py:588} INFO - Filling up the DagBag from /Users/pranithjain/Desktop/DE Project/Apache Airflow Project/venv/lib/python3.10/site-packages/airflow/example_dags/example_task_group.py
[2025-02-09T19:18:28.081-0700] {processor.py:925} INFO - DAG(s) 'example_task_group' retrieved from /Users/pranithjain/Desktop/DE Project/Apache Airflow Project/venv/lib/python3.10/site-packages/airflow/example_dags/example_task_group.py
[2025-02-09T19:18:28.149-0700] {logging_mixin.py:190} INFO - [2025-02-09T19:18:28.149-0700] {dag.py:3239} INFO - Sync 1 DAGs
[2025-02-09T19:18:28.153-0700] {logging_mixin.py:190} INFO - [2025-02-09T19:18:28.153-0700] {dag.py:4180} INFO - Setting next_dagrun for example_task_group to None, run_after=None
[2025-02-09T19:18:28.160-0700] {processor.py:208} INFO - Processing /Users/pranithjain/Desktop/DE Project/Apache Airflow Project/venv/lib/python3.10/site-packages/airflow/example_dags/example_task_group.py took 0.086 seconds
[2025-02-09T19:19:40.212-0700] {processor.py:186} INFO - Started process (PID=24297) to work on /Users/pranithjain/Desktop/DE Project/Apache Airflow Project/venv/lib/python3.10/site-packages/airflow/example_dags/example_task_group.py
[2025-02-09T19:19:40.213-0700] {processor.py:914} INFO - Processing file /Users/pranithjain/Desktop/DE Project/Apache Airflow Project/venv/lib/python3.10/site-packages/airflow/example_dags/example_task_group.py for tasks to queue
[2025-02-09T19:19:40.213-0700] {logging_mixin.py:190} INFO - [2025-02-09T19:19:40.213-0700] {dagbag.py:588} INFO - Filling up the DagBag from /Users/pranithjain/Desktop/DE Project/Apache Airflow Project/venv/lib/python3.10/site-packages/airflow/example_dags/example_task_group.py
[2025-02-09T19:19:40.218-0700] {processor.py:925} INFO - DAG(s) 'example_task_group' retrieved from /Users/pranithjain/Desktop/DE Project/Apache Airflow Project/venv/lib/python3.10/site-packages/airflow/example_dags/example_task_group.py
[2025-02-09T19:19:40.285-0700] {logging_mixin.py:190} INFO - [2025-02-09T19:19:40.285-0700] {dag.py:3239} INFO - Sync 1 DAGs
[2025-02-09T19:19:40.289-0700] {logging_mixin.py:190} INFO - [2025-02-09T19:19:40.289-0700] {dag.py:4180} INFO - Setting next_dagrun for example_task_group to None, run_after=None
[2025-02-09T19:19:40.296-0700] {processor.py:208} INFO - Processing /Users/pranithjain/Desktop/DE Project/Apache Airflow Project/venv/lib/python3.10/site-packages/airflow/example_dags/example_task_group.py took 0.086 seconds
[2025-02-09T19:20:53.811-0700] {processor.py:186} INFO - Started process (PID=24517) to work on /Users/pranithjain/Desktop/DE Project/Apache Airflow Project/venv/lib/python3.10/site-packages/airflow/example_dags/example_task_group.py
[2025-02-09T19:20:53.812-0700] {processor.py:914} INFO - Processing file /Users/pranithjain/Desktop/DE Project/Apache Airflow Project/venv/lib/python3.10/site-packages/airflow/example_dags/example_task_group.py for tasks to queue
[2025-02-09T19:20:53.812-0700] {logging_mixin.py:190} INFO - [2025-02-09T19:20:53.812-0700] {dagbag.py:588} INFO - Filling up the DagBag from /Users/pranithjain/Desktop/DE Project/Apache Airflow Project/venv/lib/python3.10/site-packages/airflow/example_dags/example_task_group.py
[2025-02-09T19:20:53.817-0700] {processor.py:925} INFO - DAG(s) 'example_task_group' retrieved from /Users/pranithjain/Desktop/DE Project/Apache Airflow Project/venv/lib/python3.10/site-packages/airflow/example_dags/example_task_group.py
[2025-02-09T19:20:53.892-0700] {logging_mixin.py:190} INFO - [2025-02-09T19:20:53.892-0700] {dag.py:3239} INFO - Sync 1 DAGs
[2025-02-09T19:20:53.897-0700] {logging_mixin.py:190} INFO - [2025-02-09T19:20:53.897-0700] {dag.py:4180} INFO - Setting next_dagrun for example_task_group to None, run_after=None
[2025-02-09T19:20:53.905-0700] {processor.py:208} INFO - Processing /Users/pranithjain/Desktop/DE Project/Apache Airflow Project/venv/lib/python3.10/site-packages/airflow/example_dags/example_task_group.py took 0.095 seconds
[2025-02-09T19:22:07.956-0700] {processor.py:186} INFO - Started process (PID=24839) to work on /Users/pranithjain/Desktop/DE Project/Apache Airflow Project/venv/lib/python3.10/site-packages/airflow/example_dags/example_task_group.py
[2025-02-09T19:22:07.957-0700] {processor.py:914} INFO - Processing file /Users/pranithjain/Desktop/DE Project/Apache Airflow Project/venv/lib/python3.10/site-packages/airflow/example_dags/example_task_group.py for tasks to queue
[2025-02-09T19:22:07.957-0700] {logging_mixin.py:190} INFO - [2025-02-09T19:22:07.957-0700] {dagbag.py:588} INFO - Filling up the DagBag from /Users/pranithjain/Desktop/DE Project/Apache Airflow Project/venv/lib/python3.10/site-packages/airflow/example_dags/example_task_group.py
[2025-02-09T19:22:07.962-0700] {processor.py:925} INFO - DAG(s) 'example_task_group' retrieved from /Users/pranithjain/Desktop/DE Project/Apache Airflow Project/venv/lib/python3.10/site-packages/airflow/example_dags/example_task_group.py
[2025-02-09T19:22:08.031-0700] {logging_mixin.py:190} INFO - [2025-02-09T19:22:08.031-0700] {dag.py:3239} INFO - Sync 1 DAGs
[2025-02-09T19:22:08.036-0700] {logging_mixin.py:190} INFO - [2025-02-09T19:22:08.036-0700] {dag.py:4180} INFO - Setting next_dagrun for example_task_group to None, run_after=None
[2025-02-09T19:22:08.043-0700] {processor.py:208} INFO - Processing /Users/pranithjain/Desktop/DE Project/Apache Airflow Project/venv/lib/python3.10/site-packages/airflow/example_dags/example_task_group.py took 0.088 seconds
[2025-02-09T19:23:19.202-0700] {processor.py:186} INFO - Started process (PID=25056) to work on /Users/pranithjain/Desktop/DE Project/Apache Airflow Project/venv/lib/python3.10/site-packages/airflow/example_dags/example_task_group.py
[2025-02-09T19:23:19.202-0700] {processor.py:914} INFO - Processing file /Users/pranithjain/Desktop/DE Project/Apache Airflow Project/venv/lib/python3.10/site-packages/airflow/example_dags/example_task_group.py for tasks to queue
[2025-02-09T19:23:19.203-0700] {logging_mixin.py:190} INFO - [2025-02-09T19:23:19.203-0700] {dagbag.py:588} INFO - Filling up the DagBag from /Users/pranithjain/Desktop/DE Project/Apache Airflow Project/venv/lib/python3.10/site-packages/airflow/example_dags/example_task_group.py
[2025-02-09T19:23:19.207-0700] {processor.py:925} INFO - DAG(s) 'example_task_group' retrieved from /Users/pranithjain/Desktop/DE Project/Apache Airflow Project/venv/lib/python3.10/site-packages/airflow/example_dags/example_task_group.py
[2025-02-09T19:23:19.279-0700] {logging_mixin.py:190} INFO - [2025-02-09T19:23:19.279-0700] {dag.py:3239} INFO - Sync 1 DAGs
[2025-02-09T19:23:19.283-0700] {logging_mixin.py:190} INFO - [2025-02-09T19:23:19.283-0700] {dag.py:4180} INFO - Setting next_dagrun for example_task_group to None, run_after=None
[2025-02-09T19:23:19.291-0700] {processor.py:208} INFO - Processing /Users/pranithjain/Desktop/DE Project/Apache Airflow Project/venv/lib/python3.10/site-packages/airflow/example_dags/example_task_group.py took 0.091 seconds
[2025-02-09T19:24:28.183-0700] {processor.py:186} INFO - Started process (PID=25272) to work on /Users/pranithjain/Desktop/DE Project/Apache Airflow Project/venv/lib/python3.10/site-packages/airflow/example_dags/example_task_group.py
[2025-02-09T19:24:28.183-0700] {processor.py:914} INFO - Processing file /Users/pranithjain/Desktop/DE Project/Apache Airflow Project/venv/lib/python3.10/site-packages/airflow/example_dags/example_task_group.py for tasks to queue
[2025-02-09T19:24:28.184-0700] {logging_mixin.py:190} INFO - [2025-02-09T19:24:28.184-0700] {dagbag.py:588} INFO - Filling up the DagBag from /Users/pranithjain/Desktop/DE Project/Apache Airflow Project/venv/lib/python3.10/site-packages/airflow/example_dags/example_task_group.py
[2025-02-09T19:24:28.188-0700] {processor.py:925} INFO - DAG(s) 'example_task_group' retrieved from /Users/pranithjain/Desktop/DE Project/Apache Airflow Project/venv/lib/python3.10/site-packages/airflow/example_dags/example_task_group.py
[2025-02-09T19:24:28.256-0700] {logging_mixin.py:190} INFO - [2025-02-09T19:24:28.255-0700] {dag.py:3239} INFO - Sync 1 DAGs
[2025-02-09T19:24:28.260-0700] {logging_mixin.py:190} INFO - [2025-02-09T19:24:28.260-0700] {dag.py:4180} INFO - Setting next_dagrun for example_task_group to None, run_after=None
[2025-02-09T19:24:28.267-0700] {processor.py:208} INFO - Processing /Users/pranithjain/Desktop/DE Project/Apache Airflow Project/venv/lib/python3.10/site-packages/airflow/example_dags/example_task_group.py took 0.085 seconds
[2025-02-09T19:25:36.504-0700] {processor.py:186} INFO - Started process (PID=25479) to work on /Users/pranithjain/Desktop/DE Project/Apache Airflow Project/venv/lib/python3.10/site-packages/airflow/example_dags/example_task_group.py
[2025-02-09T19:25:36.504-0700] {processor.py:914} INFO - Processing file /Users/pranithjain/Desktop/DE Project/Apache Airflow Project/venv/lib/python3.10/site-packages/airflow/example_dags/example_task_group.py for tasks to queue
[2025-02-09T19:25:36.505-0700] {logging_mixin.py:190} INFO - [2025-02-09T19:25:36.505-0700] {dagbag.py:588} INFO - Filling up the DagBag from /Users/pranithjain/Desktop/DE Project/Apache Airflow Project/venv/lib/python3.10/site-packages/airflow/example_dags/example_task_group.py
[2025-02-09T19:25:36.509-0700] {processor.py:925} INFO - DAG(s) 'example_task_group' retrieved from /Users/pranithjain/Desktop/DE Project/Apache Airflow Project/venv/lib/python3.10/site-packages/airflow/example_dags/example_task_group.py
[2025-02-09T19:25:36.580-0700] {logging_mixin.py:190} INFO - [2025-02-09T19:25:36.580-0700] {dag.py:3239} INFO - Sync 1 DAGs
[2025-02-09T19:25:36.584-0700] {logging_mixin.py:190} INFO - [2025-02-09T19:25:36.584-0700] {dag.py:4180} INFO - Setting next_dagrun for example_task_group to None, run_after=None
[2025-02-09T19:25:36.592-0700] {processor.py:208} INFO - Processing /Users/pranithjain/Desktop/DE Project/Apache Airflow Project/venv/lib/python3.10/site-packages/airflow/example_dags/example_task_group.py took 0.090 seconds
[2025-02-09T19:26:44.583-0700] {processor.py:186} INFO - Started process (PID=25781) to work on /Users/pranithjain/Desktop/DE Project/Apache Airflow Project/venv/lib/python3.10/site-packages/airflow/example_dags/example_task_group.py
[2025-02-09T19:26:44.585-0700] {processor.py:914} INFO - Processing file /Users/pranithjain/Desktop/DE Project/Apache Airflow Project/venv/lib/python3.10/site-packages/airflow/example_dags/example_task_group.py for tasks to queue
[2025-02-09T19:26:44.585-0700] {logging_mixin.py:190} INFO - [2025-02-09T19:26:44.585-0700] {dagbag.py:588} INFO - Filling up the DagBag from /Users/pranithjain/Desktop/DE Project/Apache Airflow Project/venv/lib/python3.10/site-packages/airflow/example_dags/example_task_group.py
[2025-02-09T19:26:44.590-0700] {processor.py:925} INFO - DAG(s) 'example_task_group' retrieved from /Users/pranithjain/Desktop/DE Project/Apache Airflow Project/venv/lib/python3.10/site-packages/airflow/example_dags/example_task_group.py
[2025-02-09T19:26:44.662-0700] {logging_mixin.py:190} INFO - [2025-02-09T19:26:44.662-0700] {dag.py:3239} INFO - Sync 1 DAGs
[2025-02-09T19:26:44.667-0700] {logging_mixin.py:190} INFO - [2025-02-09T19:26:44.667-0700] {dag.py:4180} INFO - Setting next_dagrun for example_task_group to None, run_after=None
[2025-02-09T19:26:44.674-0700] {processor.py:208} INFO - Processing /Users/pranithjain/Desktop/DE Project/Apache Airflow Project/venv/lib/python3.10/site-packages/airflow/example_dags/example_task_group.py took 0.093 seconds
[2025-02-09T19:28:36.831-0700] {processor.py:186} INFO - Started process (PID=26161) to work on /Users/pranithjain/Desktop/DE Project/Apache Airflow Project/venv/lib/python3.10/site-packages/airflow/example_dags/example_task_group.py
[2025-02-09T19:28:36.832-0700] {processor.py:914} INFO - Processing file /Users/pranithjain/Desktop/DE Project/Apache Airflow Project/venv/lib/python3.10/site-packages/airflow/example_dags/example_task_group.py for tasks to queue
[2025-02-09T19:28:36.832-0700] {logging_mixin.py:190} INFO - [2025-02-09T19:28:36.832-0700] {dagbag.py:588} INFO - Filling up the DagBag from /Users/pranithjain/Desktop/DE Project/Apache Airflow Project/venv/lib/python3.10/site-packages/airflow/example_dags/example_task_group.py
[2025-02-09T19:28:36.837-0700] {processor.py:925} INFO - DAG(s) 'example_task_group' retrieved from /Users/pranithjain/Desktop/DE Project/Apache Airflow Project/venv/lib/python3.10/site-packages/airflow/example_dags/example_task_group.py
[2025-02-09T19:28:36.905-0700] {logging_mixin.py:190} INFO - [2025-02-09T19:28:36.905-0700] {dag.py:3239} INFO - Sync 1 DAGs
[2025-02-09T19:28:36.910-0700] {logging_mixin.py:190} INFO - [2025-02-09T19:28:36.910-0700] {dag.py:4180} INFO - Setting next_dagrun for example_task_group to None, run_after=None
[2025-02-09T19:28:36.917-0700] {processor.py:208} INFO - Processing /Users/pranithjain/Desktop/DE Project/Apache Airflow Project/venv/lib/python3.10/site-packages/airflow/example_dags/example_task_group.py took 0.087 seconds
