[2025-02-09T18:48:10.122-0700] {processor.py:186} INFO - Started process (PID=18843) to work on /Users/pranithjain/Desktop/DE Project/Apache Airflow Project/venv/lib/python3.10/site-packages/airflow/example_dags/example_setup_teardown.py
[2025-02-09T18:48:10.122-0700] {processor.py:914} INFO - Processing file /Users/pranithjain/Desktop/DE Project/Apache Airflow Project/venv/lib/python3.10/site-packages/airflow/example_dags/example_setup_teardown.py for tasks to queue
[2025-02-09T18:48:10.123-0700] {logging_mixin.py:190} INFO - [2025-02-09T18:48:10.123-0700] {dagbag.py:588} INFO - Filling up the DagBag from /Users/pranithjain/Desktop/DE Project/Apache Airflow Project/venv/lib/python3.10/site-packages/airflow/example_dags/example_setup_teardown.py
[2025-02-09T18:48:10.127-0700] {processor.py:925} INFO - DAG(s) 'example_setup_teardown' retrieved from /Users/pranithjain/Desktop/DE Project/Apache Airflow Project/venv/lib/python3.10/site-packages/airflow/example_dags/example_setup_teardown.py
[2025-02-09T18:48:10.227-0700] {logging_mixin.py:190} INFO - [2025-02-09T18:48:10.226-0700] {override.py:1930} INFO - Created Permission View: can edit on DAG:example_setup_teardown
[2025-02-09T18:48:10.230-0700] {logging_mixin.py:190} INFO - [2025-02-09T18:48:10.230-0700] {override.py:1930} INFO - Created Permission View: can delete on DAG:example_setup_teardown
[2025-02-09T18:48:10.232-0700] {logging_mixin.py:190} INFO - [2025-02-09T18:48:10.232-0700] {override.py:1930} INFO - Created Permission View: can read on DAG:example_setup_teardown
[2025-02-09T18:48:10.235-0700] {logging_mixin.py:190} INFO - [2025-02-09T18:48:10.234-0700] {override.py:1930} INFO - Created Permission View: can create on DAG Run:example_setup_teardown
[2025-02-09T18:48:10.236-0700] {logging_mixin.py:190} INFO - [2025-02-09T18:48:10.236-0700] {override.py:1930} INFO - Created Permission View: can delete on DAG Run:example_setup_teardown
[2025-02-09T18:48:10.238-0700] {logging_mixin.py:190} INFO - [2025-02-09T18:48:10.238-0700] {override.py:1930} INFO - Created Permission View: can read on DAG Run:example_setup_teardown
[2025-02-09T18:48:10.240-0700] {logging_mixin.py:190} INFO - [2025-02-09T18:48:10.240-0700] {override.py:1930} INFO - Created Permission View: menu access on DAG Run:example_setup_teardown
[2025-02-09T18:48:10.240-0700] {logging_mixin.py:190} INFO - [2025-02-09T18:48:10.240-0700] {dag.py:3239} INFO - Sync 1 DAGs
[2025-02-09T18:48:10.245-0700] {logging_mixin.py:190} INFO - [2025-02-09T18:48:10.245-0700] {dag.py:3262} INFO - Creating ORM DAG for example_setup_teardown
[2025-02-09T18:48:10.246-0700] {logging_mixin.py:190} INFO - [2025-02-09T18:48:10.245-0700] {dag.py:4180} INFO - Setting next_dagrun for example_setup_teardown to None, run_after=None
[2025-02-09T18:48:10.251-0700] {processor.py:208} INFO - Processing /Users/pranithjain/Desktop/DE Project/Apache Airflow Project/venv/lib/python3.10/site-packages/airflow/example_dags/example_setup_teardown.py took 0.131 seconds
[2025-02-09T18:49:52.770-0700] {processor.py:186} INFO - Started process (PID=19161) to work on /Users/pranithjain/Desktop/DE Project/Apache Airflow Project/venv/lib/python3.10/site-packages/airflow/example_dags/example_setup_teardown.py
[2025-02-09T18:49:52.770-0700] {processor.py:914} INFO - Processing file /Users/pranithjain/Desktop/DE Project/Apache Airflow Project/venv/lib/python3.10/site-packages/airflow/example_dags/example_setup_teardown.py for tasks to queue
[2025-02-09T18:49:52.771-0700] {logging_mixin.py:190} INFO - [2025-02-09T18:49:52.771-0700] {dagbag.py:588} INFO - Filling up the DagBag from /Users/pranithjain/Desktop/DE Project/Apache Airflow Project/venv/lib/python3.10/site-packages/airflow/example_dags/example_setup_teardown.py
[2025-02-09T18:49:52.775-0700] {processor.py:925} INFO - DAG(s) 'example_setup_teardown' retrieved from /Users/pranithjain/Desktop/DE Project/Apache Airflow Project/venv/lib/python3.10/site-packages/airflow/example_dags/example_setup_teardown.py
[2025-02-09T18:49:52.841-0700] {logging_mixin.py:190} INFO - [2025-02-09T18:49:52.841-0700] {dag.py:3239} INFO - Sync 1 DAGs
[2025-02-09T18:49:52.845-0700] {logging_mixin.py:190} INFO - [2025-02-09T18:49:52.845-0700] {dag.py:4180} INFO - Setting next_dagrun for example_setup_teardown to None, run_after=None
[2025-02-09T18:49:52.853-0700] {processor.py:208} INFO - Processing /Users/pranithjain/Desktop/DE Project/Apache Airflow Project/venv/lib/python3.10/site-packages/airflow/example_dags/example_setup_teardown.py took 0.084 seconds
[2025-02-09T18:52:14.971-0700] {processor.py:186} INFO - Started process (PID=19614) to work on /Users/pranithjain/Desktop/DE Project/Apache Airflow Project/venv/lib/python3.10/site-packages/airflow/example_dags/example_setup_teardown.py
[2025-02-09T18:52:14.972-0700] {processor.py:914} INFO - Processing file /Users/pranithjain/Desktop/DE Project/Apache Airflow Project/venv/lib/python3.10/site-packages/airflow/example_dags/example_setup_teardown.py for tasks to queue
[2025-02-09T18:52:14.973-0700] {logging_mixin.py:190} INFO - [2025-02-09T18:52:14.973-0700] {dagbag.py:588} INFO - Filling up the DagBag from /Users/pranithjain/Desktop/DE Project/Apache Airflow Project/venv/lib/python3.10/site-packages/airflow/example_dags/example_setup_teardown.py
[2025-02-09T18:52:14.977-0700] {processor.py:925} INFO - DAG(s) 'example_setup_teardown' retrieved from /Users/pranithjain/Desktop/DE Project/Apache Airflow Project/venv/lib/python3.10/site-packages/airflow/example_dags/example_setup_teardown.py
[2025-02-09T18:52:15.043-0700] {logging_mixin.py:190} INFO - [2025-02-09T18:52:15.043-0700] {dag.py:3239} INFO - Sync 1 DAGs
[2025-02-09T18:52:15.048-0700] {logging_mixin.py:190} INFO - [2025-02-09T18:52:15.048-0700] {dag.py:4180} INFO - Setting next_dagrun for example_setup_teardown to None, run_after=None
[2025-02-09T18:52:15.055-0700] {processor.py:208} INFO - Processing /Users/pranithjain/Desktop/DE Project/Apache Airflow Project/venv/lib/python3.10/site-packages/airflow/example_dags/example_setup_teardown.py took 0.085 seconds
[2025-02-09T18:53:18.863-0700] {processor.py:186} INFO - Started process (PID=19809) to work on /Users/pranithjain/Desktop/DE Project/Apache Airflow Project/venv/lib/python3.10/site-packages/airflow/example_dags/example_setup_teardown.py
[2025-02-09T18:53:18.864-0700] {processor.py:914} INFO - Processing file /Users/pranithjain/Desktop/DE Project/Apache Airflow Project/venv/lib/python3.10/site-packages/airflow/example_dags/example_setup_teardown.py for tasks to queue
[2025-02-09T18:53:18.865-0700] {logging_mixin.py:190} INFO - [2025-02-09T18:53:18.865-0700] {dagbag.py:588} INFO - Filling up the DagBag from /Users/pranithjain/Desktop/DE Project/Apache Airflow Project/venv/lib/python3.10/site-packages/airflow/example_dags/example_setup_teardown.py
[2025-02-09T18:53:18.869-0700] {processor.py:925} INFO - DAG(s) 'example_setup_teardown' retrieved from /Users/pranithjain/Desktop/DE Project/Apache Airflow Project/venv/lib/python3.10/site-packages/airflow/example_dags/example_setup_teardown.py
[2025-02-09T18:53:18.935-0700] {logging_mixin.py:190} INFO - [2025-02-09T18:53:18.935-0700] {dag.py:3239} INFO - Sync 1 DAGs
[2025-02-09T18:53:18.939-0700] {logging_mixin.py:190} INFO - [2025-02-09T18:53:18.939-0700] {dag.py:4180} INFO - Setting next_dagrun for example_setup_teardown to None, run_after=None
[2025-02-09T18:53:18.946-0700] {processor.py:208} INFO - Processing /Users/pranithjain/Desktop/DE Project/Apache Airflow Project/venv/lib/python3.10/site-packages/airflow/example_dags/example_setup_teardown.py took 0.086 seconds
[2025-02-09T18:55:00.609-0700] {processor.py:186} INFO - Started process (PID=20125) to work on /Users/pranithjain/Desktop/DE Project/Apache Airflow Project/venv/lib/python3.10/site-packages/airflow/example_dags/example_setup_teardown.py
[2025-02-09T18:55:00.609-0700] {processor.py:914} INFO - Processing file /Users/pranithjain/Desktop/DE Project/Apache Airflow Project/venv/lib/python3.10/site-packages/airflow/example_dags/example_setup_teardown.py for tasks to queue
[2025-02-09T18:55:00.610-0700] {logging_mixin.py:190} INFO - [2025-02-09T18:55:00.610-0700] {dagbag.py:588} INFO - Filling up the DagBag from /Users/pranithjain/Desktop/DE Project/Apache Airflow Project/venv/lib/python3.10/site-packages/airflow/example_dags/example_setup_teardown.py
[2025-02-09T18:55:00.614-0700] {processor.py:925} INFO - DAG(s) 'example_setup_teardown' retrieved from /Users/pranithjain/Desktop/DE Project/Apache Airflow Project/venv/lib/python3.10/site-packages/airflow/example_dags/example_setup_teardown.py
[2025-02-09T18:55:00.681-0700] {logging_mixin.py:190} INFO - [2025-02-09T18:55:00.681-0700] {dag.py:3239} INFO - Sync 1 DAGs
[2025-02-09T18:55:00.685-0700] {logging_mixin.py:190} INFO - [2025-02-09T18:55:00.685-0700] {dag.py:4180} INFO - Setting next_dagrun for example_setup_teardown to None, run_after=None
[2025-02-09T18:55:00.692-0700] {processor.py:208} INFO - Processing /Users/pranithjain/Desktop/DE Project/Apache Airflow Project/venv/lib/python3.10/site-packages/airflow/example_dags/example_setup_teardown.py took 0.085 seconds
[2025-02-09T18:57:26.744-0700] {processor.py:186} INFO - Started process (PID=20580) to work on /Users/pranithjain/Desktop/DE Project/Apache Airflow Project/venv/lib/python3.10/site-packages/airflow/example_dags/example_setup_teardown.py
[2025-02-09T18:57:26.745-0700] {processor.py:914} INFO - Processing file /Users/pranithjain/Desktop/DE Project/Apache Airflow Project/venv/lib/python3.10/site-packages/airflow/example_dags/example_setup_teardown.py for tasks to queue
[2025-02-09T18:57:26.745-0700] {logging_mixin.py:190} INFO - [2025-02-09T18:57:26.745-0700] {dagbag.py:588} INFO - Filling up the DagBag from /Users/pranithjain/Desktop/DE Project/Apache Airflow Project/venv/lib/python3.10/site-packages/airflow/example_dags/example_setup_teardown.py
[2025-02-09T18:57:26.749-0700] {processor.py:925} INFO - DAG(s) 'example_setup_teardown' retrieved from /Users/pranithjain/Desktop/DE Project/Apache Airflow Project/venv/lib/python3.10/site-packages/airflow/example_dags/example_setup_teardown.py
[2025-02-09T18:57:26.816-0700] {logging_mixin.py:190} INFO - [2025-02-09T18:57:26.816-0700] {dag.py:3239} INFO - Sync 1 DAGs
[2025-02-09T18:57:26.820-0700] {logging_mixin.py:190} INFO - [2025-02-09T18:57:26.820-0700] {dag.py:4180} INFO - Setting next_dagrun for example_setup_teardown to None, run_after=None
[2025-02-09T18:57:26.827-0700] {processor.py:208} INFO - Processing /Users/pranithjain/Desktop/DE Project/Apache Airflow Project/venv/lib/python3.10/site-packages/airflow/example_dags/example_setup_teardown.py took 0.084 seconds
[2025-02-09T19:06:54.188-0700] {processor.py:186} INFO - Started process (PID=21990) to work on /Users/pranithjain/Desktop/DE Project/Apache Airflow Project/venv/lib/python3.10/site-packages/airflow/example_dags/example_setup_teardown.py
[2025-02-09T19:06:54.189-0700] {processor.py:914} INFO - Processing file /Users/pranithjain/Desktop/DE Project/Apache Airflow Project/venv/lib/python3.10/site-packages/airflow/example_dags/example_setup_teardown.py for tasks to queue
[2025-02-09T19:06:54.189-0700] {logging_mixin.py:190} INFO - [2025-02-09T19:06:54.189-0700] {dagbag.py:588} INFO - Filling up the DagBag from /Users/pranithjain/Desktop/DE Project/Apache Airflow Project/venv/lib/python3.10/site-packages/airflow/example_dags/example_setup_teardown.py
[2025-02-09T19:06:54.193-0700] {processor.py:925} INFO - DAG(s) 'example_setup_teardown' retrieved from /Users/pranithjain/Desktop/DE Project/Apache Airflow Project/venv/lib/python3.10/site-packages/airflow/example_dags/example_setup_teardown.py
[2025-02-09T19:06:54.260-0700] {logging_mixin.py:190} INFO - [2025-02-09T19:06:54.260-0700] {dag.py:3239} INFO - Sync 1 DAGs
[2025-02-09T19:06:54.264-0700] {logging_mixin.py:190} INFO - [2025-02-09T19:06:54.264-0700] {dag.py:4180} INFO - Setting next_dagrun for example_setup_teardown to None, run_after=None
[2025-02-09T19:06:54.271-0700] {processor.py:208} INFO - Processing /Users/pranithjain/Desktop/DE Project/Apache Airflow Project/venv/lib/python3.10/site-packages/airflow/example_dags/example_setup_teardown.py took 0.084 seconds
[2025-02-09T19:08:32.524-0700] {processor.py:186} INFO - Started process (PID=22291) to work on /Users/pranithjain/Desktop/DE Project/Apache Airflow Project/venv/lib/python3.10/site-packages/airflow/example_dags/example_setup_teardown.py
[2025-02-09T19:08:32.525-0700] {processor.py:914} INFO - Processing file /Users/pranithjain/Desktop/DE Project/Apache Airflow Project/venv/lib/python3.10/site-packages/airflow/example_dags/example_setup_teardown.py for tasks to queue
[2025-02-09T19:08:32.525-0700] {logging_mixin.py:190} INFO - [2025-02-09T19:08:32.525-0700] {dagbag.py:588} INFO - Filling up the DagBag from /Users/pranithjain/Desktop/DE Project/Apache Airflow Project/venv/lib/python3.10/site-packages/airflow/example_dags/example_setup_teardown.py
[2025-02-09T19:08:32.529-0700] {processor.py:925} INFO - DAG(s) 'example_setup_teardown' retrieved from /Users/pranithjain/Desktop/DE Project/Apache Airflow Project/venv/lib/python3.10/site-packages/airflow/example_dags/example_setup_teardown.py
[2025-02-09T19:08:32.597-0700] {logging_mixin.py:190} INFO - [2025-02-09T19:08:32.597-0700] {dag.py:3239} INFO - Sync 1 DAGs
[2025-02-09T19:08:32.601-0700] {logging_mixin.py:190} INFO - [2025-02-09T19:08:32.601-0700] {dag.py:4180} INFO - Setting next_dagrun for example_setup_teardown to None, run_after=None
[2025-02-09T19:08:32.609-0700] {processor.py:208} INFO - Processing /Users/pranithjain/Desktop/DE Project/Apache Airflow Project/venv/lib/python3.10/site-packages/airflow/example_dags/example_setup_teardown.py took 0.086 seconds
[2025-02-09T19:13:24.685-0700] {processor.py:186} INFO - Started process (PID=23147) to work on /Users/pranithjain/Desktop/DE Project/Apache Airflow Project/venv/lib/python3.10/site-packages/airflow/example_dags/example_setup_teardown.py
[2025-02-09T19:13:24.685-0700] {processor.py:914} INFO - Processing file /Users/pranithjain/Desktop/DE Project/Apache Airflow Project/venv/lib/python3.10/site-packages/airflow/example_dags/example_setup_teardown.py for tasks to queue
[2025-02-09T19:13:24.686-0700] {logging_mixin.py:190} INFO - [2025-02-09T19:13:24.686-0700] {dagbag.py:588} INFO - Filling up the DagBag from /Users/pranithjain/Desktop/DE Project/Apache Airflow Project/venv/lib/python3.10/site-packages/airflow/example_dags/example_setup_teardown.py
[2025-02-09T19:13:24.690-0700] {processor.py:925} INFO - DAG(s) 'example_setup_teardown' retrieved from /Users/pranithjain/Desktop/DE Project/Apache Airflow Project/venv/lib/python3.10/site-packages/airflow/example_dags/example_setup_teardown.py
[2025-02-09T19:13:24.792-0700] {logging_mixin.py:190} INFO - [2025-02-09T19:13:24.792-0700] {dag.py:3239} INFO - Sync 1 DAGs
[2025-02-09T19:13:24.796-0700] {logging_mixin.py:190} INFO - [2025-02-09T19:13:24.796-0700] {dag.py:4180} INFO - Setting next_dagrun for example_setup_teardown to None, run_after=None
[2025-02-09T19:13:24.804-0700] {processor.py:208} INFO - Processing /Users/pranithjain/Desktop/DE Project/Apache Airflow Project/venv/lib/python3.10/site-packages/airflow/example_dags/example_setup_teardown.py took 0.121 seconds
[2025-02-09T19:15:07.663-0700] {processor.py:186} INFO - Started process (PID=23458) to work on /Users/pranithjain/Desktop/DE Project/Apache Airflow Project/venv/lib/python3.10/site-packages/airflow/example_dags/example_setup_teardown.py
[2025-02-09T19:15:07.664-0700] {processor.py:914} INFO - Processing file /Users/pranithjain/Desktop/DE Project/Apache Airflow Project/venv/lib/python3.10/site-packages/airflow/example_dags/example_setup_teardown.py for tasks to queue
[2025-02-09T19:15:07.664-0700] {logging_mixin.py:190} INFO - [2025-02-09T19:15:07.664-0700] {dagbag.py:588} INFO - Filling up the DagBag from /Users/pranithjain/Desktop/DE Project/Apache Airflow Project/venv/lib/python3.10/site-packages/airflow/example_dags/example_setup_teardown.py
[2025-02-09T19:15:07.668-0700] {processor.py:925} INFO - DAG(s) 'example_setup_teardown' retrieved from /Users/pranithjain/Desktop/DE Project/Apache Airflow Project/venv/lib/python3.10/site-packages/airflow/example_dags/example_setup_teardown.py
[2025-02-09T19:15:07.735-0700] {logging_mixin.py:190} INFO - [2025-02-09T19:15:07.735-0700] {dag.py:3239} INFO - Sync 1 DAGs
[2025-02-09T19:15:07.739-0700] {logging_mixin.py:190} INFO - [2025-02-09T19:15:07.739-0700] {dag.py:4180} INFO - Setting next_dagrun for example_setup_teardown to None, run_after=None
[2025-02-09T19:15:07.747-0700] {processor.py:208} INFO - Processing /Users/pranithjain/Desktop/DE Project/Apache Airflow Project/venv/lib/python3.10/site-packages/airflow/example_dags/example_setup_teardown.py took 0.085 seconds
[2025-02-09T19:17:26.928-0700] {processor.py:186} INFO - Started process (PID=23889) to work on /Users/pranithjain/Desktop/DE Project/Apache Airflow Project/venv/lib/python3.10/site-packages/airflow/example_dags/example_setup_teardown.py
[2025-02-09T19:17:26.929-0700] {processor.py:914} INFO - Processing file /Users/pranithjain/Desktop/DE Project/Apache Airflow Project/venv/lib/python3.10/site-packages/airflow/example_dags/example_setup_teardown.py for tasks to queue
[2025-02-09T19:17:26.930-0700] {logging_mixin.py:190} INFO - [2025-02-09T19:17:26.930-0700] {dagbag.py:588} INFO - Filling up the DagBag from /Users/pranithjain/Desktop/DE Project/Apache Airflow Project/venv/lib/python3.10/site-packages/airflow/example_dags/example_setup_teardown.py
[2025-02-09T19:17:26.934-0700] {processor.py:925} INFO - DAG(s) 'example_setup_teardown' retrieved from /Users/pranithjain/Desktop/DE Project/Apache Airflow Project/venv/lib/python3.10/site-packages/airflow/example_dags/example_setup_teardown.py
[2025-02-09T19:17:27.001-0700] {logging_mixin.py:190} INFO - [2025-02-09T19:17:27.001-0700] {dag.py:3239} INFO - Sync 1 DAGs
[2025-02-09T19:17:27.006-0700] {logging_mixin.py:190} INFO - [2025-02-09T19:17:27.006-0700] {dag.py:4180} INFO - Setting next_dagrun for example_setup_teardown to None, run_after=None
[2025-02-09T19:17:27.013-0700] {processor.py:208} INFO - Processing /Users/pranithjain/Desktop/DE Project/Apache Airflow Project/venv/lib/python3.10/site-packages/airflow/example_dags/example_setup_teardown.py took 0.087 seconds
[2025-02-09T19:19:53.291-0700] {processor.py:186} INFO - Started process (PID=24338) to work on /Users/pranithjain/Desktop/DE Project/Apache Airflow Project/venv/lib/python3.10/site-packages/airflow/example_dags/example_setup_teardown.py
[2025-02-09T19:19:53.291-0700] {processor.py:914} INFO - Processing file /Users/pranithjain/Desktop/DE Project/Apache Airflow Project/venv/lib/python3.10/site-packages/airflow/example_dags/example_setup_teardown.py for tasks to queue
[2025-02-09T19:19:53.292-0700] {logging_mixin.py:190} INFO - [2025-02-09T19:19:53.292-0700] {dagbag.py:588} INFO - Filling up the DagBag from /Users/pranithjain/Desktop/DE Project/Apache Airflow Project/venv/lib/python3.10/site-packages/airflow/example_dags/example_setup_teardown.py
[2025-02-09T19:19:53.296-0700] {processor.py:925} INFO - DAG(s) 'example_setup_teardown' retrieved from /Users/pranithjain/Desktop/DE Project/Apache Airflow Project/venv/lib/python3.10/site-packages/airflow/example_dags/example_setup_teardown.py
[2025-02-09T19:19:53.363-0700] {logging_mixin.py:190} INFO - [2025-02-09T19:19:53.363-0700] {dag.py:3239} INFO - Sync 1 DAGs
[2025-02-09T19:19:53.367-0700] {logging_mixin.py:190} INFO - [2025-02-09T19:19:53.367-0700] {dag.py:4180} INFO - Setting next_dagrun for example_setup_teardown to None, run_after=None
[2025-02-09T19:19:53.374-0700] {processor.py:208} INFO - Processing /Users/pranithjain/Desktop/DE Project/Apache Airflow Project/venv/lib/python3.10/site-packages/airflow/example_dags/example_setup_teardown.py took 0.085 seconds
[2025-02-09T19:22:20.675-0700] {processor.py:186} INFO - Started process (PID=24877) to work on /Users/pranithjain/Desktop/DE Project/Apache Airflow Project/venv/lib/python3.10/site-packages/airflow/example_dags/example_setup_teardown.py
[2025-02-09T19:22:20.676-0700] {processor.py:914} INFO - Processing file /Users/pranithjain/Desktop/DE Project/Apache Airflow Project/venv/lib/python3.10/site-packages/airflow/example_dags/example_setup_teardown.py for tasks to queue
[2025-02-09T19:22:20.676-0700] {logging_mixin.py:190} INFO - [2025-02-09T19:22:20.676-0700] {dagbag.py:588} INFO - Filling up the DagBag from /Users/pranithjain/Desktop/DE Project/Apache Airflow Project/venv/lib/python3.10/site-packages/airflow/example_dags/example_setup_teardown.py
[2025-02-09T19:22:20.681-0700] {processor.py:925} INFO - DAG(s) 'example_setup_teardown' retrieved from /Users/pranithjain/Desktop/DE Project/Apache Airflow Project/venv/lib/python3.10/site-packages/airflow/example_dags/example_setup_teardown.py
[2025-02-09T19:22:20.749-0700] {logging_mixin.py:190} INFO - [2025-02-09T19:22:20.749-0700] {dag.py:3239} INFO - Sync 1 DAGs
[2025-02-09T19:22:20.753-0700] {logging_mixin.py:190} INFO - [2025-02-09T19:22:20.753-0700] {dag.py:4180} INFO - Setting next_dagrun for example_setup_teardown to None, run_after=None
[2025-02-09T19:22:20.760-0700] {processor.py:208} INFO - Processing /Users/pranithjain/Desktop/DE Project/Apache Airflow Project/venv/lib/python3.10/site-packages/airflow/example_dags/example_setup_teardown.py took 0.087 seconds
[2025-02-09T19:24:38.342-0700] {processor.py:186} INFO - Started process (PID=25303) to work on /Users/pranithjain/Desktop/DE Project/Apache Airflow Project/venv/lib/python3.10/site-packages/airflow/example_dags/example_setup_teardown.py
[2025-02-09T19:24:38.342-0700] {processor.py:914} INFO - Processing file /Users/pranithjain/Desktop/DE Project/Apache Airflow Project/venv/lib/python3.10/site-packages/airflow/example_dags/example_setup_teardown.py for tasks to queue
[2025-02-09T19:24:38.342-0700] {logging_mixin.py:190} INFO - [2025-02-09T19:24:38.342-0700] {dagbag.py:588} INFO - Filling up the DagBag from /Users/pranithjain/Desktop/DE Project/Apache Airflow Project/venv/lib/python3.10/site-packages/airflow/example_dags/example_setup_teardown.py
[2025-02-09T19:24:38.346-0700] {processor.py:925} INFO - DAG(s) 'example_setup_teardown' retrieved from /Users/pranithjain/Desktop/DE Project/Apache Airflow Project/venv/lib/python3.10/site-packages/airflow/example_dags/example_setup_teardown.py
[2025-02-09T19:24:38.414-0700] {logging_mixin.py:190} INFO - [2025-02-09T19:24:38.413-0700] {dag.py:3239} INFO - Sync 1 DAGs
[2025-02-09T19:24:38.418-0700] {logging_mixin.py:190} INFO - [2025-02-09T19:24:38.418-0700] {dag.py:4180} INFO - Setting next_dagrun for example_setup_teardown to None, run_after=None
[2025-02-09T19:24:38.425-0700] {processor.py:208} INFO - Processing /Users/pranithjain/Desktop/DE Project/Apache Airflow Project/venv/lib/python3.10/site-packages/airflow/example_dags/example_setup_teardown.py took 0.085 seconds
[2025-02-09T19:26:57.537-0700] {processor.py:186} INFO - Started process (PID=25838) to work on /Users/pranithjain/Desktop/DE Project/Apache Airflow Project/venv/lib/python3.10/site-packages/airflow/example_dags/example_setup_teardown.py
[2025-02-09T19:26:57.538-0700] {processor.py:914} INFO - Processing file /Users/pranithjain/Desktop/DE Project/Apache Airflow Project/venv/lib/python3.10/site-packages/airflow/example_dags/example_setup_teardown.py for tasks to queue
[2025-02-09T19:26:57.539-0700] {logging_mixin.py:190} INFO - [2025-02-09T19:26:57.539-0700] {dagbag.py:588} INFO - Filling up the DagBag from /Users/pranithjain/Desktop/DE Project/Apache Airflow Project/venv/lib/python3.10/site-packages/airflow/example_dags/example_setup_teardown.py
[2025-02-09T19:26:57.543-0700] {processor.py:925} INFO - DAG(s) 'example_setup_teardown' retrieved from /Users/pranithjain/Desktop/DE Project/Apache Airflow Project/venv/lib/python3.10/site-packages/airflow/example_dags/example_setup_teardown.py
[2025-02-09T19:26:57.614-0700] {logging_mixin.py:190} INFO - [2025-02-09T19:26:57.613-0700] {dag.py:3239} INFO - Sync 1 DAGs
[2025-02-09T19:26:57.618-0700] {logging_mixin.py:190} INFO - [2025-02-09T19:26:57.618-0700] {dag.py:4180} INFO - Setting next_dagrun for example_setup_teardown to None, run_after=None
[2025-02-09T19:26:57.625-0700] {processor.py:208} INFO - Processing /Users/pranithjain/Desktop/DE Project/Apache Airflow Project/venv/lib/python3.10/site-packages/airflow/example_dags/example_setup_teardown.py took 0.090 seconds
[2025-02-09T19:28:49.614-0700] {processor.py:186} INFO - Started process (PID=26204) to work on /Users/pranithjain/Desktop/DE Project/Apache Airflow Project/venv/lib/python3.10/site-packages/airflow/example_dags/example_setup_teardown.py
[2025-02-09T19:28:49.615-0700] {processor.py:914} INFO - Processing file /Users/pranithjain/Desktop/DE Project/Apache Airflow Project/venv/lib/python3.10/site-packages/airflow/example_dags/example_setup_teardown.py for tasks to queue
[2025-02-09T19:28:49.616-0700] {logging_mixin.py:190} INFO - [2025-02-09T19:28:49.616-0700] {dagbag.py:588} INFO - Filling up the DagBag from /Users/pranithjain/Desktop/DE Project/Apache Airflow Project/venv/lib/python3.10/site-packages/airflow/example_dags/example_setup_teardown.py
[2025-02-09T19:28:49.623-0700] {processor.py:925} INFO - DAG(s) 'example_setup_teardown' retrieved from /Users/pranithjain/Desktop/DE Project/Apache Airflow Project/venv/lib/python3.10/site-packages/airflow/example_dags/example_setup_teardown.py
[2025-02-09T19:28:49.702-0700] {logging_mixin.py:190} INFO - [2025-02-09T19:28:49.702-0700] {dag.py:3239} INFO - Sync 1 DAGs
[2025-02-09T19:28:49.708-0700] {logging_mixin.py:190} INFO - [2025-02-09T19:28:49.708-0700] {dag.py:4180} INFO - Setting next_dagrun for example_setup_teardown to None, run_after=None
[2025-02-09T19:28:49.716-0700] {processor.py:208} INFO - Processing /Users/pranithjain/Desktop/DE Project/Apache Airflow Project/venv/lib/python3.10/site-packages/airflow/example_dags/example_setup_teardown.py took 0.104 seconds
