[2025-02-09T18:49:05.417-0700] {processor.py:186} INFO - Started process (PID=19016) to work on /Users/pranithjain/Desktop/DE Project/Apache Airflow Project/venv/lib/python3.10/site-packages/airflow/example_dags/example_bash_operator.py
[2025-02-09T18:49:05.418-0700] {processor.py:914} INFO - Processing file /Users/pranithjain/Desktop/DE Project/Apache Airflow Project/venv/lib/python3.10/site-packages/airflow/example_dags/example_bash_operator.py for tasks to queue
[2025-02-09T18:49:05.418-0700] {logging_mixin.py:190} INFO - [2025-02-09T18:49:05.418-0700] {dagbag.py:588} INFO - Filling up the DagBag from /Users/pranithjain/Desktop/DE Project/Apache Airflow Project/venv/lib/python3.10/site-packages/airflow/example_dags/example_bash_operator.py
[2025-02-09T18:49:05.424-0700] {processor.py:925} INFO - DAG(s) 'example_bash_operator' retrieved from /Users/pranithjain/Desktop/DE Project/Apache Airflow Project/venv/lib/python3.10/site-packages/airflow/example_dags/example_bash_operator.py
[2025-02-09T18:49:05.530-0700] {logging_mixin.py:190} INFO - [2025-02-09T18:49:05.530-0700] {override.py:1930} INFO - Created Permission View: can read on DAG:example_bash_operator
[2025-02-09T18:49:05.535-0700] {logging_mixin.py:190} INFO - [2025-02-09T18:49:05.534-0700] {override.py:1930} INFO - Created Permission View: can delete on DAG:example_bash_operator
[2025-02-09T18:49:05.537-0700] {logging_mixin.py:190} INFO - [2025-02-09T18:49:05.537-0700] {override.py:1930} INFO - Created Permission View: can edit on DAG:example_bash_operator
[2025-02-09T18:49:05.540-0700] {logging_mixin.py:190} INFO - [2025-02-09T18:49:05.539-0700] {override.py:1930} INFO - Created Permission View: can read on DAG Run:example_bash_operator
[2025-02-09T18:49:05.542-0700] {logging_mixin.py:190} INFO - [2025-02-09T18:49:05.541-0700] {override.py:1930} INFO - Created Permission View: can delete on DAG Run:example_bash_operator
[2025-02-09T18:49:05.543-0700] {logging_mixin.py:190} INFO - [2025-02-09T18:49:05.543-0700] {override.py:1930} INFO - Created Permission View: menu access on DAG Run:example_bash_operator
[2025-02-09T18:49:05.545-0700] {logging_mixin.py:190} INFO - [2025-02-09T18:49:05.545-0700] {override.py:1930} INFO - Created Permission View: can create on DAG Run:example_bash_operator
[2025-02-09T18:49:05.546-0700] {logging_mixin.py:190} INFO - [2025-02-09T18:49:05.546-0700] {dag.py:3239} INFO - Sync 1 DAGs
[2025-02-09T18:49:05.551-0700] {logging_mixin.py:190} INFO - [2025-02-09T18:49:05.551-0700] {dag.py:3262} INFO - Creating ORM DAG for example_bash_operator
[2025-02-09T18:49:05.555-0700] {logging_mixin.py:190} INFO - [2025-02-09T18:49:05.554-0700] {dag.py:4180} INFO - Setting next_dagrun for example_bash_operator to 2025-02-09 00:00:00+00:00, run_after=2025-02-10 00:00:00+00:00
[2025-02-09T18:49:05.561-0700] {processor.py:208} INFO - Processing /Users/pranithjain/Desktop/DE Project/Apache Airflow Project/venv/lib/python3.10/site-packages/airflow/example_dags/example_bash_operator.py took 0.145 seconds
[2025-02-09T18:51:29.242-0700] {processor.py:186} INFO - Started process (PID=19465) to work on /Users/pranithjain/Desktop/DE Project/Apache Airflow Project/venv/lib/python3.10/site-packages/airflow/example_dags/example_bash_operator.py
[2025-02-09T18:51:29.244-0700] {processor.py:914} INFO - Processing file /Users/pranithjain/Desktop/DE Project/Apache Airflow Project/venv/lib/python3.10/site-packages/airflow/example_dags/example_bash_operator.py for tasks to queue
[2025-02-09T18:51:29.244-0700] {logging_mixin.py:190} INFO - [2025-02-09T18:51:29.244-0700] {dagbag.py:588} INFO - Filling up the DagBag from /Users/pranithjain/Desktop/DE Project/Apache Airflow Project/venv/lib/python3.10/site-packages/airflow/example_dags/example_bash_operator.py
[2025-02-09T18:51:29.250-0700] {processor.py:925} INFO - DAG(s) 'example_bash_operator' retrieved from /Users/pranithjain/Desktop/DE Project/Apache Airflow Project/venv/lib/python3.10/site-packages/airflow/example_dags/example_bash_operator.py
[2025-02-09T18:51:29.323-0700] {logging_mixin.py:190} INFO - [2025-02-09T18:51:29.323-0700] {dag.py:3239} INFO - Sync 1 DAGs
[2025-02-09T18:51:29.331-0700] {logging_mixin.py:190} INFO - [2025-02-09T18:51:29.331-0700] {dag.py:4180} INFO - Setting next_dagrun for example_bash_operator to 2025-02-09 00:00:00+00:00, run_after=2025-02-10 00:00:00+00:00
[2025-02-09T18:51:29.338-0700] {processor.py:208} INFO - Processing /Users/pranithjain/Desktop/DE Project/Apache Airflow Project/venv/lib/python3.10/site-packages/airflow/example_dags/example_bash_operator.py took 0.098 seconds
[2025-02-09T18:54:11.891-0700] {processor.py:186} INFO - Started process (PID=19976) to work on /Users/pranithjain/Desktop/DE Project/Apache Airflow Project/venv/lib/python3.10/site-packages/airflow/example_dags/example_bash_operator.py
[2025-02-09T18:54:11.892-0700] {processor.py:914} INFO - Processing file /Users/pranithjain/Desktop/DE Project/Apache Airflow Project/venv/lib/python3.10/site-packages/airflow/example_dags/example_bash_operator.py for tasks to queue
[2025-02-09T18:54:11.893-0700] {logging_mixin.py:190} INFO - [2025-02-09T18:54:11.893-0700] {dagbag.py:588} INFO - Filling up the DagBag from /Users/pranithjain/Desktop/DE Project/Apache Airflow Project/venv/lib/python3.10/site-packages/airflow/example_dags/example_bash_operator.py
[2025-02-09T18:54:11.899-0700] {processor.py:925} INFO - DAG(s) 'example_bash_operator' retrieved from /Users/pranithjain/Desktop/DE Project/Apache Airflow Project/venv/lib/python3.10/site-packages/airflow/example_dags/example_bash_operator.py
[2025-02-09T18:54:11.971-0700] {logging_mixin.py:190} INFO - [2025-02-09T18:54:11.971-0700] {dag.py:3239} INFO - Sync 1 DAGs
[2025-02-09T18:54:11.978-0700] {logging_mixin.py:190} INFO - [2025-02-09T18:54:11.978-0700] {dag.py:4180} INFO - Setting next_dagrun for example_bash_operator to 2025-02-09 00:00:00+00:00, run_after=2025-02-10 00:00:00+00:00
[2025-02-09T18:54:11.986-0700] {processor.py:208} INFO - Processing /Users/pranithjain/Desktop/DE Project/Apache Airflow Project/venv/lib/python3.10/site-packages/airflow/example_dags/example_bash_operator.py took 0.097 seconds
[2025-02-09T18:56:36.494-0700] {processor.py:186} INFO - Started process (PID=20430) to work on /Users/pranithjain/Desktop/DE Project/Apache Airflow Project/venv/lib/python3.10/site-packages/airflow/example_dags/example_bash_operator.py
[2025-02-09T18:56:36.494-0700] {processor.py:914} INFO - Processing file /Users/pranithjain/Desktop/DE Project/Apache Airflow Project/venv/lib/python3.10/site-packages/airflow/example_dags/example_bash_operator.py for tasks to queue
[2025-02-09T18:56:36.495-0700] {logging_mixin.py:190} INFO - [2025-02-09T18:56:36.495-0700] {dagbag.py:588} INFO - Filling up the DagBag from /Users/pranithjain/Desktop/DE Project/Apache Airflow Project/venv/lib/python3.10/site-packages/airflow/example_dags/example_bash_operator.py
[2025-02-09T18:56:36.500-0700] {processor.py:925} INFO - DAG(s) 'example_bash_operator' retrieved from /Users/pranithjain/Desktop/DE Project/Apache Airflow Project/venv/lib/python3.10/site-packages/airflow/example_dags/example_bash_operator.py
[2025-02-09T18:56:36.574-0700] {logging_mixin.py:190} INFO - [2025-02-09T18:56:36.574-0700] {dag.py:3239} INFO - Sync 1 DAGs
[2025-02-09T18:56:36.582-0700] {logging_mixin.py:190} INFO - [2025-02-09T18:56:36.582-0700] {dag.py:4180} INFO - Setting next_dagrun for example_bash_operator to 2025-02-09 00:00:00+00:00, run_after=2025-02-10 00:00:00+00:00
[2025-02-09T18:56:36.589-0700] {processor.py:208} INFO - Processing /Users/pranithjain/Desktop/DE Project/Apache Airflow Project/venv/lib/python3.10/site-packages/airflow/example_dags/example_bash_operator.py took 0.097 seconds
[2025-02-09T19:07:44.105-0700] {processor.py:186} INFO - Started process (PID=22144) to work on /Users/pranithjain/Desktop/DE Project/Apache Airflow Project/venv/lib/python3.10/site-packages/airflow/example_dags/example_bash_operator.py
[2025-02-09T19:07:44.106-0700] {processor.py:914} INFO - Processing file /Users/pranithjain/Desktop/DE Project/Apache Airflow Project/venv/lib/python3.10/site-packages/airflow/example_dags/example_bash_operator.py for tasks to queue
[2025-02-09T19:07:44.106-0700] {logging_mixin.py:190} INFO - [2025-02-09T19:07:44.106-0700] {dagbag.py:588} INFO - Filling up the DagBag from /Users/pranithjain/Desktop/DE Project/Apache Airflow Project/venv/lib/python3.10/site-packages/airflow/example_dags/example_bash_operator.py
[2025-02-09T19:07:44.112-0700] {processor.py:925} INFO - DAG(s) 'example_bash_operator' retrieved from /Users/pranithjain/Desktop/DE Project/Apache Airflow Project/venv/lib/python3.10/site-packages/airflow/example_dags/example_bash_operator.py
[2025-02-09T19:07:44.182-0700] {logging_mixin.py:190} INFO - [2025-02-09T19:07:44.182-0700] {dag.py:3239} INFO - Sync 1 DAGs
[2025-02-09T19:07:44.189-0700] {logging_mixin.py:190} INFO - [2025-02-09T19:07:44.189-0700] {dag.py:4180} INFO - Setting next_dagrun for example_bash_operator to 2025-02-09 00:00:00+00:00, run_after=2025-02-10 00:00:00+00:00
[2025-02-09T19:07:44.196-0700] {processor.py:208} INFO - Processing /Users/pranithjain/Desktop/DE Project/Apache Airflow Project/venv/lib/python3.10/site-packages/airflow/example_dags/example_bash_operator.py took 0.092 seconds
[2025-02-09T19:10:06.568-0700] {processor.py:186} INFO - Started process (PID=22588) to work on /Users/pranithjain/Desktop/DE Project/Apache Airflow Project/venv/lib/python3.10/site-packages/airflow/example_dags/example_bash_operator.py
[2025-02-09T19:10:06.568-0700] {processor.py:914} INFO - Processing file /Users/pranithjain/Desktop/DE Project/Apache Airflow Project/venv/lib/python3.10/site-packages/airflow/example_dags/example_bash_operator.py for tasks to queue
[2025-02-09T19:10:06.569-0700] {logging_mixin.py:190} INFO - [2025-02-09T19:10:06.569-0700] {dagbag.py:588} INFO - Filling up the DagBag from /Users/pranithjain/Desktop/DE Project/Apache Airflow Project/venv/lib/python3.10/site-packages/airflow/example_dags/example_bash_operator.py
[2025-02-09T19:10:06.574-0700] {processor.py:925} INFO - DAG(s) 'example_bash_operator' retrieved from /Users/pranithjain/Desktop/DE Project/Apache Airflow Project/venv/lib/python3.10/site-packages/airflow/example_dags/example_bash_operator.py
[2025-02-09T19:10:06.683-0700] {logging_mixin.py:190} INFO - [2025-02-09T19:10:06.683-0700] {dag.py:3239} INFO - Sync 1 DAGs
[2025-02-09T19:10:06.690-0700] {logging_mixin.py:190} INFO - [2025-02-09T19:10:06.690-0700] {dag.py:4180} INFO - Setting next_dagrun for example_bash_operator to 2025-02-09 00:00:00+00:00, run_after=2025-02-10 00:00:00+00:00
[2025-02-09T19:10:06.698-0700] {processor.py:208} INFO - Processing /Users/pranithjain/Desktop/DE Project/Apache Airflow Project/venv/lib/python3.10/site-packages/airflow/example_dags/example_bash_operator.py took 0.132 seconds
[2025-02-09T19:14:18.628-0700] {processor.py:186} INFO - Started process (PID=23309) to work on /Users/pranithjain/Desktop/DE Project/Apache Airflow Project/venv/lib/python3.10/site-packages/airflow/example_dags/example_bash_operator.py
[2025-02-09T19:14:18.628-0700] {processor.py:914} INFO - Processing file /Users/pranithjain/Desktop/DE Project/Apache Airflow Project/venv/lib/python3.10/site-packages/airflow/example_dags/example_bash_operator.py for tasks to queue
[2025-02-09T19:14:18.629-0700] {logging_mixin.py:190} INFO - [2025-02-09T19:14:18.629-0700] {dagbag.py:588} INFO - Filling up the DagBag from /Users/pranithjain/Desktop/DE Project/Apache Airflow Project/venv/lib/python3.10/site-packages/airflow/example_dags/example_bash_operator.py
[2025-02-09T19:14:18.634-0700] {processor.py:925} INFO - DAG(s) 'example_bash_operator' retrieved from /Users/pranithjain/Desktop/DE Project/Apache Airflow Project/venv/lib/python3.10/site-packages/airflow/example_dags/example_bash_operator.py
[2025-02-09T19:14:18.704-0700] {logging_mixin.py:190} INFO - [2025-02-09T19:14:18.704-0700] {dag.py:3239} INFO - Sync 1 DAGs
[2025-02-09T19:14:18.711-0700] {logging_mixin.py:190} INFO - [2025-02-09T19:14:18.711-0700] {dag.py:4180} INFO - Setting next_dagrun for example_bash_operator to 2025-02-09 00:00:00+00:00, run_after=2025-02-10 00:00:00+00:00
[2025-02-09T19:14:18.718-0700] {processor.py:208} INFO - Processing /Users/pranithjain/Desktop/DE Project/Apache Airflow Project/venv/lib/python3.10/site-packages/airflow/example_dags/example_bash_operator.py took 0.092 seconds
[2025-02-09T19:16:37.495-0700] {processor.py:186} INFO - Started process (PID=23740) to work on /Users/pranithjain/Desktop/DE Project/Apache Airflow Project/venv/lib/python3.10/site-packages/airflow/example_dags/example_bash_operator.py
[2025-02-09T19:16:37.496-0700] {processor.py:914} INFO - Processing file /Users/pranithjain/Desktop/DE Project/Apache Airflow Project/venv/lib/python3.10/site-packages/airflow/example_dags/example_bash_operator.py for tasks to queue
[2025-02-09T19:16:37.497-0700] {logging_mixin.py:190} INFO - [2025-02-09T19:16:37.497-0700] {dagbag.py:588} INFO - Filling up the DagBag from /Users/pranithjain/Desktop/DE Project/Apache Airflow Project/venv/lib/python3.10/site-packages/airflow/example_dags/example_bash_operator.py
[2025-02-09T19:16:37.504-0700] {processor.py:925} INFO - DAG(s) 'example_bash_operator' retrieved from /Users/pranithjain/Desktop/DE Project/Apache Airflow Project/venv/lib/python3.10/site-packages/airflow/example_dags/example_bash_operator.py
[2025-02-09T19:16:37.578-0700] {logging_mixin.py:190} INFO - [2025-02-09T19:16:37.578-0700] {dag.py:3239} INFO - Sync 1 DAGs
[2025-02-09T19:16:37.586-0700] {logging_mixin.py:190} INFO - [2025-02-09T19:16:37.586-0700] {dag.py:4180} INFO - Setting next_dagrun for example_bash_operator to 2025-02-09 00:00:00+00:00, run_after=2025-02-10 00:00:00+00:00
[2025-02-09T19:16:37.593-0700] {processor.py:208} INFO - Processing /Users/pranithjain/Desktop/DE Project/Apache Airflow Project/venv/lib/python3.10/site-packages/airflow/example_dags/example_bash_operator.py took 0.100 seconds
[2025-02-09T19:19:03.236-0700] {processor.py:186} INFO - Started process (PID=24181) to work on /Users/pranithjain/Desktop/DE Project/Apache Airflow Project/venv/lib/python3.10/site-packages/airflow/example_dags/example_bash_operator.py
[2025-02-09T19:19:03.236-0700] {processor.py:914} INFO - Processing file /Users/pranithjain/Desktop/DE Project/Apache Airflow Project/venv/lib/python3.10/site-packages/airflow/example_dags/example_bash_operator.py for tasks to queue
[2025-02-09T19:19:03.237-0700] {logging_mixin.py:190} INFO - [2025-02-09T19:19:03.237-0700] {dagbag.py:588} INFO - Filling up the DagBag from /Users/pranithjain/Desktop/DE Project/Apache Airflow Project/venv/lib/python3.10/site-packages/airflow/example_dags/example_bash_operator.py
[2025-02-09T19:19:03.242-0700] {processor.py:925} INFO - DAG(s) 'example_bash_operator' retrieved from /Users/pranithjain/Desktop/DE Project/Apache Airflow Project/venv/lib/python3.10/site-packages/airflow/example_dags/example_bash_operator.py
[2025-02-09T19:19:03.312-0700] {logging_mixin.py:190} INFO - [2025-02-09T19:19:03.312-0700] {dag.py:3239} INFO - Sync 1 DAGs
[2025-02-09T19:19:03.320-0700] {logging_mixin.py:190} INFO - [2025-02-09T19:19:03.320-0700] {dag.py:4180} INFO - Setting next_dagrun for example_bash_operator to 2025-02-09 00:00:00+00:00, run_after=2025-02-10 00:00:00+00:00
[2025-02-09T19:19:03.327-0700] {processor.py:208} INFO - Processing /Users/pranithjain/Desktop/DE Project/Apache Airflow Project/venv/lib/python3.10/site-packages/airflow/example_dags/example_bash_operator.py took 0.093 seconds
[2025-02-09T19:21:29.623-0700] {processor.py:186} INFO - Started process (PID=24628) to work on /Users/pranithjain/Desktop/DE Project/Apache Airflow Project/venv/lib/python3.10/site-packages/airflow/example_dags/example_bash_operator.py
[2025-02-09T19:21:29.624-0700] {processor.py:914} INFO - Processing file /Users/pranithjain/Desktop/DE Project/Apache Airflow Project/venv/lib/python3.10/site-packages/airflow/example_dags/example_bash_operator.py for tasks to queue
[2025-02-09T19:21:29.624-0700] {logging_mixin.py:190} INFO - [2025-02-09T19:21:29.624-0700] {dagbag.py:588} INFO - Filling up the DagBag from /Users/pranithjain/Desktop/DE Project/Apache Airflow Project/venv/lib/python3.10/site-packages/airflow/example_dags/example_bash_operator.py
[2025-02-09T19:21:29.630-0700] {processor.py:925} INFO - DAG(s) 'example_bash_operator' retrieved from /Users/pranithjain/Desktop/DE Project/Apache Airflow Project/venv/lib/python3.10/site-packages/airflow/example_dags/example_bash_operator.py
[2025-02-09T19:21:29.703-0700] {logging_mixin.py:190} INFO - [2025-02-09T19:21:29.703-0700] {dag.py:3239} INFO - Sync 1 DAGs
[2025-02-09T19:21:29.710-0700] {logging_mixin.py:190} INFO - [2025-02-09T19:21:29.710-0700] {dag.py:4180} INFO - Setting next_dagrun for example_bash_operator to 2025-02-09 00:00:00+00:00, run_after=2025-02-10 00:00:00+00:00
[2025-02-09T19:21:29.718-0700] {processor.py:208} INFO - Processing /Users/pranithjain/Desktop/DE Project/Apache Airflow Project/venv/lib/python3.10/site-packages/airflow/example_dags/example_bash_operator.py took 0.097 seconds
[2025-02-09T19:23:52.752-0700] {processor.py:186} INFO - Started process (PID=25162) to work on /Users/pranithjain/Desktop/DE Project/Apache Airflow Project/venv/lib/python3.10/site-packages/airflow/example_dags/example_bash_operator.py
[2025-02-09T19:23:52.752-0700] {processor.py:914} INFO - Processing file /Users/pranithjain/Desktop/DE Project/Apache Airflow Project/venv/lib/python3.10/site-packages/airflow/example_dags/example_bash_operator.py for tasks to queue
[2025-02-09T19:23:52.753-0700] {logging_mixin.py:190} INFO - [2025-02-09T19:23:52.753-0700] {dagbag.py:588} INFO - Filling up the DagBag from /Users/pranithjain/Desktop/DE Project/Apache Airflow Project/venv/lib/python3.10/site-packages/airflow/example_dags/example_bash_operator.py
[2025-02-09T19:23:52.758-0700] {processor.py:925} INFO - DAG(s) 'example_bash_operator' retrieved from /Users/pranithjain/Desktop/DE Project/Apache Airflow Project/venv/lib/python3.10/site-packages/airflow/example_dags/example_bash_operator.py
[2025-02-09T19:23:52.829-0700] {logging_mixin.py:190} INFO - [2025-02-09T19:23:52.829-0700] {dag.py:3239} INFO - Sync 1 DAGs
[2025-02-09T19:23:52.836-0700] {logging_mixin.py:190} INFO - [2025-02-09T19:23:52.836-0700] {dag.py:4180} INFO - Setting next_dagrun for example_bash_operator to 2025-02-09 00:00:00+00:00, run_after=2025-02-10 00:00:00+00:00
[2025-02-09T19:23:52.843-0700] {processor.py:208} INFO - Processing /Users/pranithjain/Desktop/DE Project/Apache Airflow Project/venv/lib/python3.10/site-packages/airflow/example_dags/example_bash_operator.py took 0.093 seconds
[2025-02-09T19:26:09.155-0700] {processor.py:186} INFO - Started process (PID=25595) to work on /Users/pranithjain/Desktop/DE Project/Apache Airflow Project/venv/lib/python3.10/site-packages/airflow/example_dags/example_bash_operator.py
[2025-02-09T19:26:09.155-0700] {processor.py:914} INFO - Processing file /Users/pranithjain/Desktop/DE Project/Apache Airflow Project/venv/lib/python3.10/site-packages/airflow/example_dags/example_bash_operator.py for tasks to queue
[2025-02-09T19:26:09.156-0700] {logging_mixin.py:190} INFO - [2025-02-09T19:26:09.156-0700] {dagbag.py:588} INFO - Filling up the DagBag from /Users/pranithjain/Desktop/DE Project/Apache Airflow Project/venv/lib/python3.10/site-packages/airflow/example_dags/example_bash_operator.py
[2025-02-09T19:26:09.162-0700] {processor.py:925} INFO - DAG(s) 'example_bash_operator' retrieved from /Users/pranithjain/Desktop/DE Project/Apache Airflow Project/venv/lib/python3.10/site-packages/airflow/example_dags/example_bash_operator.py
[2025-02-09T19:26:09.231-0700] {logging_mixin.py:190} INFO - [2025-02-09T19:26:09.231-0700] {dag.py:3239} INFO - Sync 1 DAGs
[2025-02-09T19:26:09.238-0700] {logging_mixin.py:190} INFO - [2025-02-09T19:26:09.238-0700] {dag.py:4180} INFO - Setting next_dagrun for example_bash_operator to 2025-02-09 00:00:00+00:00, run_after=2025-02-10 00:00:00+00:00
[2025-02-09T19:26:09.246-0700] {processor.py:208} INFO - Processing /Users/pranithjain/Desktop/DE Project/Apache Airflow Project/venv/lib/python3.10/site-packages/airflow/example_dags/example_bash_operator.py took 0.092 seconds
