[2025-02-09T18:47:48.976-0700] {processor.py:186} INFO - Started process (PID=18705) to work on /Users/pranithjain/Desktop/DE Project/Apache Airflow Project/venv/lib/python3.10/site-packages/airflow/example_dags/example_workday_timetable.py
[2025-02-09T18:47:48.976-0700] {processor.py:914} INFO - Processing file /Users/pranithjain/Desktop/DE Project/Apache Airflow Project/venv/lib/python3.10/site-packages/airflow/example_dags/example_workday_timetable.py for tasks to queue
[2025-02-09T18:47:48.977-0700] {logging_mixin.py:190} INFO - [2025-02-09T18:47:48.977-0700] {dagbag.py:588} INFO - Filling up the DagBag from /Users/pranithjain/Desktop/DE Project/Apache Airflow Project/venv/lib/python3.10/site-packages/airflow/example_dags/example_workday_timetable.py
[2025-02-09T18:47:49.140-0700] {processor.py:925} INFO - DAG(s) 'example_workday_timetable' retrieved from /Users/pranithjain/Desktop/DE Project/Apache Airflow Project/venv/lib/python3.10/site-packages/airflow/example_dags/example_workday_timetable.py
[2025-02-09T18:47:49.247-0700] {logging_mixin.py:190} INFO - [2025-02-09T18:47:49.246-0700] {override.py:1930} INFO - Created Permission View: can read on DAG:example_workday_timetable
[2025-02-09T18:47:49.250-0700] {logging_mixin.py:190} INFO - [2025-02-09T18:47:49.250-0700] {override.py:1930} INFO - Created Permission View: can delete on DAG:example_workday_timetable
[2025-02-09T18:47:49.252-0700] {logging_mixin.py:190} INFO - [2025-02-09T18:47:49.252-0700] {override.py:1930} INFO - Created Permission View: can edit on DAG:example_workday_timetable
[2025-02-09T18:47:49.255-0700] {logging_mixin.py:190} INFO - [2025-02-09T18:47:49.254-0700] {override.py:1930} INFO - Created Permission View: can read on DAG Run:example_workday_timetable
[2025-02-09T18:47:49.256-0700] {logging_mixin.py:190} INFO - [2025-02-09T18:47:49.256-0700] {override.py:1930} INFO - Created Permission View: can delete on DAG Run:example_workday_timetable
[2025-02-09T18:47:49.258-0700] {logging_mixin.py:190} INFO - [2025-02-09T18:47:49.258-0700] {override.py:1930} INFO - Created Permission View: can create on DAG Run:example_workday_timetable
[2025-02-09T18:47:49.260-0700] {logging_mixin.py:190} INFO - [2025-02-09T18:47:49.260-0700] {override.py:1930} INFO - Created Permission View: menu access on DAG Run:example_workday_timetable
[2025-02-09T18:47:49.261-0700] {logging_mixin.py:190} INFO - [2025-02-09T18:47:49.260-0700] {dag.py:3239} INFO - Sync 1 DAGs
[2025-02-09T18:47:49.265-0700] {logging_mixin.py:190} INFO - [2025-02-09T18:47:49.265-0700] {dag.py:3262} INFO - Creating ORM DAG for example_workday_timetable
[2025-02-09T18:47:49.280-0700] {logging_mixin.py:190} INFO - [2025-02-09T18:47:49.280-0700] {dag.py:4180} INFO - Setting next_dagrun for example_workday_timetable to 2021-01-04 00:00:00+00:00, run_after=2021-01-05 00:00:00+00:00
[2025-02-09T18:47:49.286-0700] {processor.py:208} INFO - Processing /Users/pranithjain/Desktop/DE Project/Apache Airflow Project/venv/lib/python3.10/site-packages/airflow/example_dags/example_workday_timetable.py took 0.312 seconds
[2025-02-09T18:49:32.003-0700] {processor.py:186} INFO - Started process (PID=19099) to work on /Users/pranithjain/Desktop/DE Project/Apache Airflow Project/venv/lib/python3.10/site-packages/airflow/example_dags/example_workday_timetable.py
[2025-02-09T18:49:32.003-0700] {processor.py:914} INFO - Processing file /Users/pranithjain/Desktop/DE Project/Apache Airflow Project/venv/lib/python3.10/site-packages/airflow/example_dags/example_workday_timetable.py for tasks to queue
[2025-02-09T18:49:32.004-0700] {logging_mixin.py:190} INFO - [2025-02-09T18:49:32.004-0700] {dagbag.py:588} INFO - Filling up the DagBag from /Users/pranithjain/Desktop/DE Project/Apache Airflow Project/venv/lib/python3.10/site-packages/airflow/example_dags/example_workday_timetable.py
[2025-02-09T18:49:32.168-0700] {processor.py:925} INFO - DAG(s) 'example_workday_timetable' retrieved from /Users/pranithjain/Desktop/DE Project/Apache Airflow Project/venv/lib/python3.10/site-packages/airflow/example_dags/example_workday_timetable.py
[2025-02-09T18:49:32.213-0700] {logging_mixin.py:190} INFO - [2025-02-09T18:49:32.213-0700] {dag.py:3239} INFO - Sync 1 DAGs
[2025-02-09T18:49:32.231-0700] {logging_mixin.py:190} INFO - [2025-02-09T18:49:32.231-0700] {dag.py:4180} INFO - Setting next_dagrun for example_workday_timetable to 2021-01-04 00:00:00+00:00, run_after=2021-01-05 00:00:00+00:00
[2025-02-09T18:49:32.237-0700] {processor.py:208} INFO - Processing /Users/pranithjain/Desktop/DE Project/Apache Airflow Project/venv/lib/python3.10/site-packages/airflow/example_dags/example_workday_timetable.py took 0.236 seconds
[2025-02-09T18:50:46.360-0700] {processor.py:186} INFO - Started process (PID=19327) to work on /Users/pranithjain/Desktop/DE Project/Apache Airflow Project/venv/lib/python3.10/site-packages/airflow/example_dags/example_workday_timetable.py
[2025-02-09T18:50:46.361-0700] {processor.py:914} INFO - Processing file /Users/pranithjain/Desktop/DE Project/Apache Airflow Project/venv/lib/python3.10/site-packages/airflow/example_dags/example_workday_timetable.py for tasks to queue
[2025-02-09T18:50:46.362-0700] {logging_mixin.py:190} INFO - [2025-02-09T18:50:46.362-0700] {dagbag.py:588} INFO - Filling up the DagBag from /Users/pranithjain/Desktop/DE Project/Apache Airflow Project/venv/lib/python3.10/site-packages/airflow/example_dags/example_workday_timetable.py
[2025-02-09T18:50:46.549-0700] {processor.py:925} INFO - DAG(s) 'example_workday_timetable' retrieved from /Users/pranithjain/Desktop/DE Project/Apache Airflow Project/venv/lib/python3.10/site-packages/airflow/example_dags/example_workday_timetable.py
[2025-02-09T18:50:46.600-0700] {logging_mixin.py:190} INFO - [2025-02-09T18:50:46.600-0700] {dag.py:3239} INFO - Sync 1 DAGs
[2025-02-09T18:50:46.621-0700] {logging_mixin.py:190} INFO - [2025-02-09T18:50:46.621-0700] {dag.py:4180} INFO - Setting next_dagrun for example_workday_timetable to 2021-01-04 00:00:00+00:00, run_after=2021-01-05 00:00:00+00:00
[2025-02-09T18:50:46.629-0700] {processor.py:208} INFO - Processing /Users/pranithjain/Desktop/DE Project/Apache Airflow Project/venv/lib/python3.10/site-packages/airflow/example_dags/example_workday_timetable.py took 0.270 seconds
[2025-02-09T18:51:56.438-0700] {processor.py:186} INFO - Started process (PID=19548) to work on /Users/pranithjain/Desktop/DE Project/Apache Airflow Project/venv/lib/python3.10/site-packages/airflow/example_dags/example_workday_timetable.py
[2025-02-09T18:51:56.438-0700] {processor.py:914} INFO - Processing file /Users/pranithjain/Desktop/DE Project/Apache Airflow Project/venv/lib/python3.10/site-packages/airflow/example_dags/example_workday_timetable.py for tasks to queue
[2025-02-09T18:51:56.439-0700] {logging_mixin.py:190} INFO - [2025-02-09T18:51:56.439-0700] {dagbag.py:588} INFO - Filling up the DagBag from /Users/pranithjain/Desktop/DE Project/Apache Airflow Project/venv/lib/python3.10/site-packages/airflow/example_dags/example_workday_timetable.py
[2025-02-09T18:51:56.606-0700] {processor.py:925} INFO - DAG(s) 'example_workday_timetable' retrieved from /Users/pranithjain/Desktop/DE Project/Apache Airflow Project/venv/lib/python3.10/site-packages/airflow/example_dags/example_workday_timetable.py
[2025-02-09T18:51:56.652-0700] {logging_mixin.py:190} INFO - [2025-02-09T18:51:56.652-0700] {dag.py:3239} INFO - Sync 1 DAGs
[2025-02-09T18:51:56.669-0700] {logging_mixin.py:190} INFO - [2025-02-09T18:51:56.669-0700] {dag.py:4180} INFO - Setting next_dagrun for example_workday_timetable to 2021-01-04 00:00:00+00:00, run_after=2021-01-05 00:00:00+00:00
[2025-02-09T18:51:56.676-0700] {processor.py:208} INFO - Processing /Users/pranithjain/Desktop/DE Project/Apache Airflow Project/venv/lib/python3.10/site-packages/airflow/example_dags/example_workday_timetable.py took 0.240 seconds
[2025-02-09T18:52:57.330-0700] {processor.py:186} INFO - Started process (PID=19747) to work on /Users/pranithjain/Desktop/DE Project/Apache Airflow Project/venv/lib/python3.10/site-packages/airflow/example_dags/example_workday_timetable.py
[2025-02-09T18:52:57.332-0700] {processor.py:914} INFO - Processing file /Users/pranithjain/Desktop/DE Project/Apache Airflow Project/venv/lib/python3.10/site-packages/airflow/example_dags/example_workday_timetable.py for tasks to queue
[2025-02-09T18:52:57.332-0700] {logging_mixin.py:190} INFO - [2025-02-09T18:52:57.332-0700] {dagbag.py:588} INFO - Filling up the DagBag from /Users/pranithjain/Desktop/DE Project/Apache Airflow Project/venv/lib/python3.10/site-packages/airflow/example_dags/example_workday_timetable.py
[2025-02-09T18:52:57.503-0700] {processor.py:925} INFO - DAG(s) 'example_workday_timetable' retrieved from /Users/pranithjain/Desktop/DE Project/Apache Airflow Project/venv/lib/python3.10/site-packages/airflow/example_dags/example_workday_timetable.py
[2025-02-09T18:52:57.549-0700] {logging_mixin.py:190} INFO - [2025-02-09T18:52:57.549-0700] {dag.py:3239} INFO - Sync 1 DAGs
[2025-02-09T18:52:57.567-0700] {logging_mixin.py:190} INFO - [2025-02-09T18:52:57.567-0700] {dag.py:4180} INFO - Setting next_dagrun for example_workday_timetable to 2021-01-04 00:00:00+00:00, run_after=2021-01-05 00:00:00+00:00
[2025-02-09T18:52:57.574-0700] {processor.py:208} INFO - Processing /Users/pranithjain/Desktop/DE Project/Apache Airflow Project/venv/lib/python3.10/site-packages/airflow/example_dags/example_workday_timetable.py took 0.246 seconds
[2025-02-09T18:54:38.659-0700] {processor.py:186} INFO - Started process (PID=20060) to work on /Users/pranithjain/Desktop/DE Project/Apache Airflow Project/venv/lib/python3.10/site-packages/airflow/example_dags/example_workday_timetable.py
[2025-02-09T18:54:38.660-0700] {processor.py:914} INFO - Processing file /Users/pranithjain/Desktop/DE Project/Apache Airflow Project/venv/lib/python3.10/site-packages/airflow/example_dags/example_workday_timetable.py for tasks to queue
[2025-02-09T18:54:38.660-0700] {logging_mixin.py:190} INFO - [2025-02-09T18:54:38.660-0700] {dagbag.py:588} INFO - Filling up the DagBag from /Users/pranithjain/Desktop/DE Project/Apache Airflow Project/venv/lib/python3.10/site-packages/airflow/example_dags/example_workday_timetable.py
[2025-02-09T18:54:38.826-0700] {processor.py:925} INFO - DAG(s) 'example_workday_timetable' retrieved from /Users/pranithjain/Desktop/DE Project/Apache Airflow Project/venv/lib/python3.10/site-packages/airflow/example_dags/example_workday_timetable.py
[2025-02-09T18:54:38.870-0700] {logging_mixin.py:190} INFO - [2025-02-09T18:54:38.870-0700] {dag.py:3239} INFO - Sync 1 DAGs
[2025-02-09T18:54:38.888-0700] {logging_mixin.py:190} INFO - [2025-02-09T18:54:38.888-0700] {dag.py:4180} INFO - Setting next_dagrun for example_workday_timetable to 2021-01-04 00:00:00+00:00, run_after=2021-01-05 00:00:00+00:00
[2025-02-09T18:54:38.895-0700] {processor.py:208} INFO - Processing /Users/pranithjain/Desktop/DE Project/Apache Airflow Project/venv/lib/python3.10/site-packages/airflow/example_dags/example_workday_timetable.py took 0.238 seconds
[2025-02-09T18:55:51.917-0700] {processor.py:186} INFO - Started process (PID=20281) to work on /Users/pranithjain/Desktop/DE Project/Apache Airflow Project/venv/lib/python3.10/site-packages/airflow/example_dags/example_workday_timetable.py
[2025-02-09T18:55:51.918-0700] {processor.py:914} INFO - Processing file /Users/pranithjain/Desktop/DE Project/Apache Airflow Project/venv/lib/python3.10/site-packages/airflow/example_dags/example_workday_timetable.py for tasks to queue
[2025-02-09T18:55:51.918-0700] {logging_mixin.py:190} INFO - [2025-02-09T18:55:51.918-0700] {dagbag.py:588} INFO - Filling up the DagBag from /Users/pranithjain/Desktop/DE Project/Apache Airflow Project/venv/lib/python3.10/site-packages/airflow/example_dags/example_workday_timetable.py
[2025-02-09T18:55:52.085-0700] {processor.py:925} INFO - DAG(s) 'example_workday_timetable' retrieved from /Users/pranithjain/Desktop/DE Project/Apache Airflow Project/venv/lib/python3.10/site-packages/airflow/example_dags/example_workday_timetable.py
[2025-02-09T18:55:52.133-0700] {logging_mixin.py:190} INFO - [2025-02-09T18:55:52.132-0700] {dag.py:3239} INFO - Sync 1 DAGs
[2025-02-09T18:55:52.151-0700] {logging_mixin.py:190} INFO - [2025-02-09T18:55:52.151-0700] {dag.py:4180} INFO - Setting next_dagrun for example_workday_timetable to 2021-01-04 00:00:00+00:00, run_after=2021-01-05 00:00:00+00:00
[2025-02-09T18:55:52.159-0700] {processor.py:208} INFO - Processing /Users/pranithjain/Desktop/DE Project/Apache Airflow Project/venv/lib/python3.10/site-packages/airflow/example_dags/example_workday_timetable.py took 0.243 seconds
[2025-02-09T18:57:05.614-0700] {processor.py:186} INFO - Started process (PID=20517) to work on /Users/pranithjain/Desktop/DE Project/Apache Airflow Project/venv/lib/python3.10/site-packages/airflow/example_dags/example_workday_timetable.py
[2025-02-09T18:57:05.615-0700] {processor.py:914} INFO - Processing file /Users/pranithjain/Desktop/DE Project/Apache Airflow Project/venv/lib/python3.10/site-packages/airflow/example_dags/example_workday_timetable.py for tasks to queue
[2025-02-09T18:57:05.615-0700] {logging_mixin.py:190} INFO - [2025-02-09T18:57:05.615-0700] {dagbag.py:588} INFO - Filling up the DagBag from /Users/pranithjain/Desktop/DE Project/Apache Airflow Project/venv/lib/python3.10/site-packages/airflow/example_dags/example_workday_timetable.py
[2025-02-09T18:57:05.845-0700] {processor.py:925} INFO - DAG(s) 'example_workday_timetable' retrieved from /Users/pranithjain/Desktop/DE Project/Apache Airflow Project/venv/lib/python3.10/site-packages/airflow/example_dags/example_workday_timetable.py
[2025-02-09T18:57:05.895-0700] {logging_mixin.py:190} INFO - [2025-02-09T18:57:05.895-0700] {dag.py:3239} INFO - Sync 1 DAGs
[2025-02-09T18:57:05.915-0700] {logging_mixin.py:190} INFO - [2025-02-09T18:57:05.915-0700] {dag.py:4180} INFO - Setting next_dagrun for example_workday_timetable to 2021-01-04 00:00:00+00:00, run_after=2021-01-05 00:00:00+00:00
[2025-02-09T18:57:05.923-0700] {processor.py:208} INFO - Processing /Users/pranithjain/Desktop/DE Project/Apache Airflow Project/venv/lib/python3.10/site-packages/airflow/example_dags/example_workday_timetable.py took 0.314 seconds
[2025-02-09T18:58:17.013-0700] {processor.py:186} INFO - Started process (PID=20733) to work on /Users/pranithjain/Desktop/DE Project/Apache Airflow Project/venv/lib/python3.10/site-packages/airflow/example_dags/example_workday_timetable.py
[2025-02-09T18:58:17.013-0700] {processor.py:914} INFO - Processing file /Users/pranithjain/Desktop/DE Project/Apache Airflow Project/venv/lib/python3.10/site-packages/airflow/example_dags/example_workday_timetable.py for tasks to queue
[2025-02-09T18:58:17.014-0700] {logging_mixin.py:190} INFO - [2025-02-09T18:58:17.014-0700] {dagbag.py:588} INFO - Filling up the DagBag from /Users/pranithjain/Desktop/DE Project/Apache Airflow Project/venv/lib/python3.10/site-packages/airflow/example_dags/example_workday_timetable.py
[2025-02-09T18:58:17.188-0700] {processor.py:925} INFO - DAG(s) 'example_workday_timetable' retrieved from /Users/pranithjain/Desktop/DE Project/Apache Airflow Project/venv/lib/python3.10/site-packages/airflow/example_dags/example_workday_timetable.py
[2025-02-09T18:58:17.233-0700] {logging_mixin.py:190} INFO - [2025-02-09T18:58:17.233-0700] {dag.py:3239} INFO - Sync 1 DAGs
[2025-02-09T18:58:17.250-0700] {logging_mixin.py:190} INFO - [2025-02-09T18:58:17.250-0700] {dag.py:4180} INFO - Setting next_dagrun for example_workday_timetable to 2021-01-04 00:00:00+00:00, run_after=2021-01-05 00:00:00+00:00
[2025-02-09T18:58:17.257-0700] {processor.py:208} INFO - Processing /Users/pranithjain/Desktop/DE Project/Apache Airflow Project/venv/lib/python3.10/site-packages/airflow/example_dags/example_workday_timetable.py took 0.246 seconds
[2025-02-09T19:06:33.159-0700] {processor.py:186} INFO - Started process (PID=21920) to work on /Users/pranithjain/Desktop/DE Project/Apache Airflow Project/venv/lib/python3.10/site-packages/airflow/example_dags/example_workday_timetable.py
[2025-02-09T19:06:33.160-0700] {processor.py:914} INFO - Processing file /Users/pranithjain/Desktop/DE Project/Apache Airflow Project/venv/lib/python3.10/site-packages/airflow/example_dags/example_workday_timetable.py for tasks to queue
[2025-02-09T19:06:33.160-0700] {logging_mixin.py:190} INFO - [2025-02-09T19:06:33.160-0700] {dagbag.py:588} INFO - Filling up the DagBag from /Users/pranithjain/Desktop/DE Project/Apache Airflow Project/venv/lib/python3.10/site-packages/airflow/example_dags/example_workday_timetable.py
[2025-02-09T19:06:33.333-0700] {processor.py:925} INFO - DAG(s) 'example_workday_timetable' retrieved from /Users/pranithjain/Desktop/DE Project/Apache Airflow Project/venv/lib/python3.10/site-packages/airflow/example_dags/example_workday_timetable.py
[2025-02-09T19:06:33.380-0700] {logging_mixin.py:190} INFO - [2025-02-09T19:06:33.380-0700] {dag.py:3239} INFO - Sync 1 DAGs
[2025-02-09T19:06:33.399-0700] {logging_mixin.py:190} INFO - [2025-02-09T19:06:33.399-0700] {dag.py:4180} INFO - Setting next_dagrun for example_workday_timetable to 2021-01-04 00:00:00+00:00, run_after=2021-01-05 00:00:00+00:00
[2025-02-09T19:06:33.407-0700] {processor.py:208} INFO - Processing /Users/pranithjain/Desktop/DE Project/Apache Airflow Project/venv/lib/python3.10/site-packages/airflow/example_dags/example_workday_timetable.py took 0.250 seconds
[2025-02-09T19:08:10.919-0700] {processor.py:186} INFO - Started process (PID=22227) to work on /Users/pranithjain/Desktop/DE Project/Apache Airflow Project/venv/lib/python3.10/site-packages/airflow/example_dags/example_workday_timetable.py
[2025-02-09T19:08:10.919-0700] {processor.py:914} INFO - Processing file /Users/pranithjain/Desktop/DE Project/Apache Airflow Project/venv/lib/python3.10/site-packages/airflow/example_dags/example_workday_timetable.py for tasks to queue
[2025-02-09T19:08:10.920-0700] {logging_mixin.py:190} INFO - [2025-02-09T19:08:10.920-0700] {dagbag.py:588} INFO - Filling up the DagBag from /Users/pranithjain/Desktop/DE Project/Apache Airflow Project/venv/lib/python3.10/site-packages/airflow/example_dags/example_workday_timetable.py
[2025-02-09T19:08:11.084-0700] {processor.py:925} INFO - DAG(s) 'example_workday_timetable' retrieved from /Users/pranithjain/Desktop/DE Project/Apache Airflow Project/venv/lib/python3.10/site-packages/airflow/example_dags/example_workday_timetable.py
[2025-02-09T19:08:11.131-0700] {logging_mixin.py:190} INFO - [2025-02-09T19:08:11.131-0700] {dag.py:3239} INFO - Sync 1 DAGs
[2025-02-09T19:08:11.150-0700] {logging_mixin.py:190} INFO - [2025-02-09T19:08:11.150-0700] {dag.py:4180} INFO - Setting next_dagrun for example_workday_timetable to 2021-01-04 00:00:00+00:00, run_after=2021-01-05 00:00:00+00:00
[2025-02-09T19:08:11.158-0700] {processor.py:208} INFO - Processing /Users/pranithjain/Desktop/DE Project/Apache Airflow Project/venv/lib/python3.10/site-packages/airflow/example_dags/example_workday_timetable.py took 0.241 seconds
[2025-02-09T19:09:21.660-0700] {processor.py:186} INFO - Started process (PID=22452) to work on /Users/pranithjain/Desktop/DE Project/Apache Airflow Project/venv/lib/python3.10/site-packages/airflow/example_dags/example_workday_timetable.py
[2025-02-09T19:09:21.661-0700] {processor.py:914} INFO - Processing file /Users/pranithjain/Desktop/DE Project/Apache Airflow Project/venv/lib/python3.10/site-packages/airflow/example_dags/example_workday_timetable.py for tasks to queue
[2025-02-09T19:09:21.661-0700] {logging_mixin.py:190} INFO - [2025-02-09T19:09:21.661-0700] {dagbag.py:588} INFO - Filling up the DagBag from /Users/pranithjain/Desktop/DE Project/Apache Airflow Project/venv/lib/python3.10/site-packages/airflow/example_dags/example_workday_timetable.py
[2025-02-09T19:09:21.829-0700] {processor.py:925} INFO - DAG(s) 'example_workday_timetable' retrieved from /Users/pranithjain/Desktop/DE Project/Apache Airflow Project/venv/lib/python3.10/site-packages/airflow/example_dags/example_workday_timetable.py
[2025-02-09T19:09:21.832-0700] {logging_mixin.py:190} INFO - [2025-02-09T19:09:21.832-0700] {dag.py:3239} INFO - Sync 1 DAGs
[2025-02-09T19:09:21.888-0700] {logging_mixin.py:190} INFO - [2025-02-09T19:09:21.888-0700] {dag.py:4180} INFO - Setting next_dagrun for example_workday_timetable to 2021-01-04 00:00:00+00:00, run_after=2021-01-05 00:00:00+00:00
[2025-02-09T19:09:21.896-0700] {processor.py:208} INFO - Processing /Users/pranithjain/Desktop/DE Project/Apache Airflow Project/venv/lib/python3.10/site-packages/airflow/example_dags/example_workday_timetable.py took 0.237 seconds
[2025-02-09T19:10:34.991-0700] {processor.py:186} INFO - Started process (PID=22672) to work on /Users/pranithjain/Desktop/DE Project/Apache Airflow Project/venv/lib/python3.10/site-packages/airflow/example_dags/example_workday_timetable.py
[2025-02-09T19:10:34.992-0700] {processor.py:914} INFO - Processing file /Users/pranithjain/Desktop/DE Project/Apache Airflow Project/venv/lib/python3.10/site-packages/airflow/example_dags/example_workday_timetable.py for tasks to queue
[2025-02-09T19:10:34.992-0700] {logging_mixin.py:190} INFO - [2025-02-09T19:10:34.992-0700] {dagbag.py:588} INFO - Filling up the DagBag from /Users/pranithjain/Desktop/DE Project/Apache Airflow Project/venv/lib/python3.10/site-packages/airflow/example_dags/example_workday_timetable.py
[2025-02-09T19:10:35.160-0700] {processor.py:925} INFO - DAG(s) 'example_workday_timetable' retrieved from /Users/pranithjain/Desktop/DE Project/Apache Airflow Project/venv/lib/python3.10/site-packages/airflow/example_dags/example_workday_timetable.py
[2025-02-09T19:10:35.271-0700] {logging_mixin.py:190} INFO - [2025-02-09T19:10:35.271-0700] {dag.py:3239} INFO - Sync 1 DAGs
[2025-02-09T19:10:35.290-0700] {logging_mixin.py:190} INFO - [2025-02-09T19:10:35.290-0700] {dag.py:4180} INFO - Setting next_dagrun for example_workday_timetable to 2021-01-04 00:00:00+00:00, run_after=2021-01-05 00:00:00+00:00
[2025-02-09T19:10:35.297-0700] {processor.py:208} INFO - Processing /Users/pranithjain/Desktop/DE Project/Apache Airflow Project/venv/lib/python3.10/site-packages/airflow/example_dags/example_workday_timetable.py took 0.308 seconds
[2025-02-09T19:13:03.175-0700] {processor.py:186} INFO - Started process (PID=23080) to work on /Users/pranithjain/Desktop/DE Project/Apache Airflow Project/venv/lib/python3.10/site-packages/airflow/example_dags/example_workday_timetable.py
[2025-02-09T19:13:03.176-0700] {processor.py:914} INFO - Processing file /Users/pranithjain/Desktop/DE Project/Apache Airflow Project/venv/lib/python3.10/site-packages/airflow/example_dags/example_workday_timetable.py for tasks to queue
[2025-02-09T19:13:03.176-0700] {logging_mixin.py:190} INFO - [2025-02-09T19:13:03.176-0700] {dagbag.py:588} INFO - Filling up the DagBag from /Users/pranithjain/Desktop/DE Project/Apache Airflow Project/venv/lib/python3.10/site-packages/airflow/example_dags/example_workday_timetable.py
[2025-02-09T19:13:03.344-0700] {processor.py:925} INFO - DAG(s) 'example_workday_timetable' retrieved from /Users/pranithjain/Desktop/DE Project/Apache Airflow Project/venv/lib/python3.10/site-packages/airflow/example_dags/example_workday_timetable.py
[2025-02-09T19:13:03.389-0700] {logging_mixin.py:190} INFO - [2025-02-09T19:13:03.389-0700] {dag.py:3239} INFO - Sync 1 DAGs
[2025-02-09T19:13:03.407-0700] {logging_mixin.py:190} INFO - [2025-02-09T19:13:03.406-0700] {dag.py:4180} INFO - Setting next_dagrun for example_workday_timetable to 2021-01-04 00:00:00+00:00, run_after=2021-01-05 00:00:00+00:00
[2025-02-09T19:13:03.414-0700] {processor.py:208} INFO - Processing /Users/pranithjain/Desktop/DE Project/Apache Airflow Project/venv/lib/python3.10/site-packages/airflow/example_dags/example_workday_timetable.py took 0.240 seconds
[2025-02-09T19:14:45.653-0700] {processor.py:186} INFO - Started process (PID=23396) to work on /Users/pranithjain/Desktop/DE Project/Apache Airflow Project/venv/lib/python3.10/site-packages/airflow/example_dags/example_workday_timetable.py
[2025-02-09T19:14:45.654-0700] {processor.py:914} INFO - Processing file /Users/pranithjain/Desktop/DE Project/Apache Airflow Project/venv/lib/python3.10/site-packages/airflow/example_dags/example_workday_timetable.py for tasks to queue
[2025-02-09T19:14:45.654-0700] {logging_mixin.py:190} INFO - [2025-02-09T19:14:45.654-0700] {dagbag.py:588} INFO - Filling up the DagBag from /Users/pranithjain/Desktop/DE Project/Apache Airflow Project/venv/lib/python3.10/site-packages/airflow/example_dags/example_workday_timetable.py
[2025-02-09T19:14:45.820-0700] {processor.py:925} INFO - DAG(s) 'example_workday_timetable' retrieved from /Users/pranithjain/Desktop/DE Project/Apache Airflow Project/venv/lib/python3.10/site-packages/airflow/example_dags/example_workday_timetable.py
[2025-02-09T19:14:45.866-0700] {logging_mixin.py:190} INFO - [2025-02-09T19:14:45.865-0700] {dag.py:3239} INFO - Sync 1 DAGs
[2025-02-09T19:14:45.883-0700] {logging_mixin.py:190} INFO - [2025-02-09T19:14:45.883-0700] {dag.py:4180} INFO - Setting next_dagrun for example_workday_timetable to 2021-01-04 00:00:00+00:00, run_after=2021-01-05 00:00:00+00:00
[2025-02-09T19:14:45.890-0700] {processor.py:208} INFO - Processing /Users/pranithjain/Desktop/DE Project/Apache Airflow Project/venv/lib/python3.10/site-packages/airflow/example_dags/example_workday_timetable.py took 0.239 seconds
[2025-02-09T19:15:56.221-0700] {processor.py:186} INFO - Started process (PID=23609) to work on /Users/pranithjain/Desktop/DE Project/Apache Airflow Project/venv/lib/python3.10/site-packages/airflow/example_dags/example_workday_timetable.py
[2025-02-09T19:15:56.222-0700] {processor.py:914} INFO - Processing file /Users/pranithjain/Desktop/DE Project/Apache Airflow Project/venv/lib/python3.10/site-packages/airflow/example_dags/example_workday_timetable.py for tasks to queue
[2025-02-09T19:15:56.222-0700] {logging_mixin.py:190} INFO - [2025-02-09T19:15:56.222-0700] {dagbag.py:588} INFO - Filling up the DagBag from /Users/pranithjain/Desktop/DE Project/Apache Airflow Project/venv/lib/python3.10/site-packages/airflow/example_dags/example_workday_timetable.py
[2025-02-09T19:15:56.389-0700] {processor.py:925} INFO - DAG(s) 'example_workday_timetable' retrieved from /Users/pranithjain/Desktop/DE Project/Apache Airflow Project/venv/lib/python3.10/site-packages/airflow/example_dags/example_workday_timetable.py
[2025-02-09T19:15:56.437-0700] {logging_mixin.py:190} INFO - [2025-02-09T19:15:56.437-0700] {dag.py:3239} INFO - Sync 1 DAGs
[2025-02-09T19:15:56.456-0700] {logging_mixin.py:190} INFO - [2025-02-09T19:15:56.456-0700] {dag.py:4180} INFO - Setting next_dagrun for example_workday_timetable to 2021-01-04 00:00:00+00:00, run_after=2021-01-05 00:00:00+00:00
[2025-02-09T19:15:56.464-0700] {processor.py:208} INFO - Processing /Users/pranithjain/Desktop/DE Project/Apache Airflow Project/venv/lib/python3.10/site-packages/airflow/example_dags/example_workday_timetable.py took 0.245 seconds
[2025-02-09T19:17:06.204-0700] {processor.py:186} INFO - Started process (PID=23826) to work on /Users/pranithjain/Desktop/DE Project/Apache Airflow Project/venv/lib/python3.10/site-packages/airflow/example_dags/example_workday_timetable.py
[2025-02-09T19:17:06.205-0700] {processor.py:914} INFO - Processing file /Users/pranithjain/Desktop/DE Project/Apache Airflow Project/venv/lib/python3.10/site-packages/airflow/example_dags/example_workday_timetable.py for tasks to queue
[2025-02-09T19:17:06.206-0700] {logging_mixin.py:190} INFO - [2025-02-09T19:17:06.206-0700] {dagbag.py:588} INFO - Filling up the DagBag from /Users/pranithjain/Desktop/DE Project/Apache Airflow Project/venv/lib/python3.10/site-packages/airflow/example_dags/example_workday_timetable.py
[2025-02-09T19:17:06.370-0700] {processor.py:925} INFO - DAG(s) 'example_workday_timetable' retrieved from /Users/pranithjain/Desktop/DE Project/Apache Airflow Project/venv/lib/python3.10/site-packages/airflow/example_dags/example_workday_timetable.py
[2025-02-09T19:17:06.415-0700] {logging_mixin.py:190} INFO - [2025-02-09T19:17:06.415-0700] {dag.py:3239} INFO - Sync 1 DAGs
[2025-02-09T19:17:06.434-0700] {logging_mixin.py:190} INFO - [2025-02-09T19:17:06.434-0700] {dag.py:4180} INFO - Setting next_dagrun for example_workday_timetable to 2021-01-04 00:00:00+00:00, run_after=2021-01-05 00:00:00+00:00
[2025-02-09T19:17:06.441-0700] {processor.py:208} INFO - Processing /Users/pranithjain/Desktop/DE Project/Apache Airflow Project/venv/lib/python3.10/site-packages/airflow/example_dags/example_workday_timetable.py took 0.239 seconds
[2025-02-09T19:18:18.909-0700] {processor.py:186} INFO - Started process (PID=24043) to work on /Users/pranithjain/Desktop/DE Project/Apache Airflow Project/venv/lib/python3.10/site-packages/airflow/example_dags/example_workday_timetable.py
[2025-02-09T19:18:18.909-0700] {processor.py:914} INFO - Processing file /Users/pranithjain/Desktop/DE Project/Apache Airflow Project/venv/lib/python3.10/site-packages/airflow/example_dags/example_workday_timetable.py for tasks to queue
[2025-02-09T19:18:18.910-0700] {logging_mixin.py:190} INFO - [2025-02-09T19:18:18.910-0700] {dagbag.py:588} INFO - Filling up the DagBag from /Users/pranithjain/Desktop/DE Project/Apache Airflow Project/venv/lib/python3.10/site-packages/airflow/example_dags/example_workday_timetable.py
[2025-02-09T19:18:19.076-0700] {processor.py:925} INFO - DAG(s) 'example_workday_timetable' retrieved from /Users/pranithjain/Desktop/DE Project/Apache Airflow Project/venv/lib/python3.10/site-packages/airflow/example_dags/example_workday_timetable.py
[2025-02-09T19:18:19.120-0700] {logging_mixin.py:190} INFO - [2025-02-09T19:18:19.120-0700] {dag.py:3239} INFO - Sync 1 DAGs
[2025-02-09T19:18:19.138-0700] {logging_mixin.py:190} INFO - [2025-02-09T19:18:19.138-0700] {dag.py:4180} INFO - Setting next_dagrun for example_workday_timetable to 2021-01-04 00:00:00+00:00, run_after=2021-01-05 00:00:00+00:00
[2025-02-09T19:18:19.145-0700] {processor.py:208} INFO - Processing /Users/pranithjain/Desktop/DE Project/Apache Airflow Project/venv/lib/python3.10/site-packages/airflow/example_dags/example_workday_timetable.py took 0.238 seconds
[2025-02-09T19:19:30.956-0700] {processor.py:186} INFO - Started process (PID=24271) to work on /Users/pranithjain/Desktop/DE Project/Apache Airflow Project/venv/lib/python3.10/site-packages/airflow/example_dags/example_workday_timetable.py
[2025-02-09T19:19:30.957-0700] {processor.py:914} INFO - Processing file /Users/pranithjain/Desktop/DE Project/Apache Airflow Project/venv/lib/python3.10/site-packages/airflow/example_dags/example_workday_timetable.py for tasks to queue
[2025-02-09T19:19:30.957-0700] {logging_mixin.py:190} INFO - [2025-02-09T19:19:30.957-0700] {dagbag.py:588} INFO - Filling up the DagBag from /Users/pranithjain/Desktop/DE Project/Apache Airflow Project/venv/lib/python3.10/site-packages/airflow/example_dags/example_workday_timetable.py
[2025-02-09T19:19:31.120-0700] {processor.py:925} INFO - DAG(s) 'example_workday_timetable' retrieved from /Users/pranithjain/Desktop/DE Project/Apache Airflow Project/venv/lib/python3.10/site-packages/airflow/example_dags/example_workday_timetable.py
[2025-02-09T19:19:31.165-0700] {logging_mixin.py:190} INFO - [2025-02-09T19:19:31.165-0700] {dag.py:3239} INFO - Sync 1 DAGs
[2025-02-09T19:19:31.183-0700] {logging_mixin.py:190} INFO - [2025-02-09T19:19:31.183-0700] {dag.py:4180} INFO - Setting next_dagrun for example_workday_timetable to 2021-01-04 00:00:00+00:00, run_after=2021-01-05 00:00:00+00:00
[2025-02-09T19:19:31.190-0700] {processor.py:208} INFO - Processing /Users/pranithjain/Desktop/DE Project/Apache Airflow Project/venv/lib/python3.10/site-packages/airflow/example_dags/example_workday_timetable.py took 0.236 seconds
[2025-02-09T19:20:44.087-0700] {processor.py:186} INFO - Started process (PID=24493) to work on /Users/pranithjain/Desktop/DE Project/Apache Airflow Project/venv/lib/python3.10/site-packages/airflow/example_dags/example_workday_timetable.py
[2025-02-09T19:20:44.088-0700] {processor.py:914} INFO - Processing file /Users/pranithjain/Desktop/DE Project/Apache Airflow Project/venv/lib/python3.10/site-packages/airflow/example_dags/example_workday_timetable.py for tasks to queue
[2025-02-09T19:20:44.088-0700] {logging_mixin.py:190} INFO - [2025-02-09T19:20:44.088-0700] {dagbag.py:588} INFO - Filling up the DagBag from /Users/pranithjain/Desktop/DE Project/Apache Airflow Project/venv/lib/python3.10/site-packages/airflow/example_dags/example_workday_timetable.py
[2025-02-09T19:20:44.275-0700] {processor.py:925} INFO - DAG(s) 'example_workday_timetable' retrieved from /Users/pranithjain/Desktop/DE Project/Apache Airflow Project/venv/lib/python3.10/site-packages/airflow/example_dags/example_workday_timetable.py
[2025-02-09T19:20:44.325-0700] {logging_mixin.py:190} INFO - [2025-02-09T19:20:44.325-0700] {dag.py:3239} INFO - Sync 1 DAGs
[2025-02-09T19:20:44.343-0700] {logging_mixin.py:190} INFO - [2025-02-09T19:20:44.343-0700] {dag.py:4180} INFO - Setting next_dagrun for example_workday_timetable to 2021-01-04 00:00:00+00:00, run_after=2021-01-05 00:00:00+00:00
[2025-02-09T19:20:44.350-0700] {processor.py:208} INFO - Processing /Users/pranithjain/Desktop/DE Project/Apache Airflow Project/venv/lib/python3.10/site-packages/airflow/example_dags/example_workday_timetable.py took 0.264 seconds
[2025-02-09T19:21:58.931-0700] {processor.py:186} INFO - Started process (PID=24810) to work on /Users/pranithjain/Desktop/DE Project/Apache Airflow Project/venv/lib/python3.10/site-packages/airflow/example_dags/example_workday_timetable.py
[2025-02-09T19:21:58.932-0700] {processor.py:914} INFO - Processing file /Users/pranithjain/Desktop/DE Project/Apache Airflow Project/venv/lib/python3.10/site-packages/airflow/example_dags/example_workday_timetable.py for tasks to queue
[2025-02-09T19:21:58.932-0700] {logging_mixin.py:190} INFO - [2025-02-09T19:21:58.932-0700] {dagbag.py:588} INFO - Filling up the DagBag from /Users/pranithjain/Desktop/DE Project/Apache Airflow Project/venv/lib/python3.10/site-packages/airflow/example_dags/example_workday_timetable.py
[2025-02-09T19:21:59.097-0700] {processor.py:925} INFO - DAG(s) 'example_workday_timetable' retrieved from /Users/pranithjain/Desktop/DE Project/Apache Airflow Project/venv/lib/python3.10/site-packages/airflow/example_dags/example_workday_timetable.py
[2025-02-09T19:21:59.142-0700] {logging_mixin.py:190} INFO - [2025-02-09T19:21:59.142-0700] {dag.py:3239} INFO - Sync 1 DAGs
[2025-02-09T19:21:59.160-0700] {logging_mixin.py:190} INFO - [2025-02-09T19:21:59.160-0700] {dag.py:4180} INFO - Setting next_dagrun for example_workday_timetable to 2021-01-04 00:00:00+00:00, run_after=2021-01-05 00:00:00+00:00
[2025-02-09T19:21:59.167-0700] {processor.py:208} INFO - Processing /Users/pranithjain/Desktop/DE Project/Apache Airflow Project/venv/lib/python3.10/site-packages/airflow/example_dags/example_workday_timetable.py took 0.237 seconds
[2025-02-09T19:23:11.568-0700] {processor.py:186} INFO - Started process (PID=25032) to work on /Users/pranithjain/Desktop/DE Project/Apache Airflow Project/venv/lib/python3.10/site-packages/airflow/example_dags/example_workday_timetable.py
[2025-02-09T19:23:11.569-0700] {processor.py:914} INFO - Processing file /Users/pranithjain/Desktop/DE Project/Apache Airflow Project/venv/lib/python3.10/site-packages/airflow/example_dags/example_workday_timetable.py for tasks to queue
[2025-02-09T19:23:11.569-0700] {logging_mixin.py:190} INFO - [2025-02-09T19:23:11.569-0700] {dagbag.py:588} INFO - Filling up the DagBag from /Users/pranithjain/Desktop/DE Project/Apache Airflow Project/venv/lib/python3.10/site-packages/airflow/example_dags/example_workday_timetable.py
[2025-02-09T19:23:11.736-0700] {processor.py:925} INFO - DAG(s) 'example_workday_timetable' retrieved from /Users/pranithjain/Desktop/DE Project/Apache Airflow Project/venv/lib/python3.10/site-packages/airflow/example_dags/example_workday_timetable.py
[2025-02-09T19:23:11.780-0700] {logging_mixin.py:190} INFO - [2025-02-09T19:23:11.780-0700] {dag.py:3239} INFO - Sync 1 DAGs
[2025-02-09T19:23:11.798-0700] {logging_mixin.py:190} INFO - [2025-02-09T19:23:11.798-0700] {dag.py:4180} INFO - Setting next_dagrun for example_workday_timetable to 2021-01-04 00:00:00+00:00, run_after=2021-01-05 00:00:00+00:00
[2025-02-09T19:23:11.805-0700] {processor.py:208} INFO - Processing /Users/pranithjain/Desktop/DE Project/Apache Airflow Project/venv/lib/python3.10/site-packages/airflow/example_dags/example_workday_timetable.py took 0.238 seconds
[2025-02-09T19:24:19.216-0700] {processor.py:186} INFO - Started process (PID=25243) to work on /Users/pranithjain/Desktop/DE Project/Apache Airflow Project/venv/lib/python3.10/site-packages/airflow/example_dags/example_workday_timetable.py
[2025-02-09T19:24:19.216-0700] {processor.py:914} INFO - Processing file /Users/pranithjain/Desktop/DE Project/Apache Airflow Project/venv/lib/python3.10/site-packages/airflow/example_dags/example_workday_timetable.py for tasks to queue
[2025-02-09T19:24:19.217-0700] {logging_mixin.py:190} INFO - [2025-02-09T19:24:19.217-0700] {dagbag.py:588} INFO - Filling up the DagBag from /Users/pranithjain/Desktop/DE Project/Apache Airflow Project/venv/lib/python3.10/site-packages/airflow/example_dags/example_workday_timetable.py
[2025-02-09T19:24:19.381-0700] {processor.py:925} INFO - DAG(s) 'example_workday_timetable' retrieved from /Users/pranithjain/Desktop/DE Project/Apache Airflow Project/venv/lib/python3.10/site-packages/airflow/example_dags/example_workday_timetable.py
[2025-02-09T19:24:19.427-0700] {logging_mixin.py:190} INFO - [2025-02-09T19:24:19.426-0700] {dag.py:3239} INFO - Sync 1 DAGs
[2025-02-09T19:24:19.446-0700] {logging_mixin.py:190} INFO - [2025-02-09T19:24:19.446-0700] {dag.py:4180} INFO - Setting next_dagrun for example_workday_timetable to 2021-01-04 00:00:00+00:00, run_after=2021-01-05 00:00:00+00:00
[2025-02-09T19:24:19.454-0700] {processor.py:208} INFO - Processing /Users/pranithjain/Desktop/DE Project/Apache Airflow Project/venv/lib/python3.10/site-packages/airflow/example_dags/example_workday_timetable.py took 0.240 seconds
[2025-02-09T19:25:27.133-0700] {processor.py:186} INFO - Started process (PID=25455) to work on /Users/pranithjain/Desktop/DE Project/Apache Airflow Project/venv/lib/python3.10/site-packages/airflow/example_dags/example_workday_timetable.py
[2025-02-09T19:25:27.134-0700] {processor.py:914} INFO - Processing file /Users/pranithjain/Desktop/DE Project/Apache Airflow Project/venv/lib/python3.10/site-packages/airflow/example_dags/example_workday_timetable.py for tasks to queue
[2025-02-09T19:25:27.134-0700] {logging_mixin.py:190} INFO - [2025-02-09T19:25:27.134-0700] {dagbag.py:588} INFO - Filling up the DagBag from /Users/pranithjain/Desktop/DE Project/Apache Airflow Project/venv/lib/python3.10/site-packages/airflow/example_dags/example_workday_timetable.py
[2025-02-09T19:25:27.297-0700] {processor.py:925} INFO - DAG(s) 'example_workday_timetable' retrieved from /Users/pranithjain/Desktop/DE Project/Apache Airflow Project/venv/lib/python3.10/site-packages/airflow/example_dags/example_workday_timetable.py
[2025-02-09T19:25:27.342-0700] {logging_mixin.py:190} INFO - [2025-02-09T19:25:27.342-0700] {dag.py:3239} INFO - Sync 1 DAGs
[2025-02-09T19:25:27.359-0700] {logging_mixin.py:190} INFO - [2025-02-09T19:25:27.359-0700] {dag.py:4180} INFO - Setting next_dagrun for example_workday_timetable to 2021-01-04 00:00:00+00:00, run_after=2021-01-05 00:00:00+00:00
[2025-02-09T19:25:27.366-0700] {processor.py:208} INFO - Processing /Users/pranithjain/Desktop/DE Project/Apache Airflow Project/venv/lib/python3.10/site-packages/airflow/example_dags/example_workday_timetable.py took 0.235 seconds
[2025-02-09T19:26:35.980-0700] {processor.py:186} INFO - Started process (PID=25740) to work on /Users/pranithjain/Desktop/DE Project/Apache Airflow Project/venv/lib/python3.10/site-packages/airflow/example_dags/example_workday_timetable.py
[2025-02-09T19:26:35.981-0700] {processor.py:914} INFO - Processing file /Users/pranithjain/Desktop/DE Project/Apache Airflow Project/venv/lib/python3.10/site-packages/airflow/example_dags/example_workday_timetable.py for tasks to queue
[2025-02-09T19:26:35.982-0700] {logging_mixin.py:190} INFO - [2025-02-09T19:26:35.982-0700] {dagbag.py:588} INFO - Filling up the DagBag from /Users/pranithjain/Desktop/DE Project/Apache Airflow Project/venv/lib/python3.10/site-packages/airflow/example_dags/example_workday_timetable.py
[2025-02-09T19:26:36.158-0700] {processor.py:925} INFO - DAG(s) 'example_workday_timetable' retrieved from /Users/pranithjain/Desktop/DE Project/Apache Airflow Project/venv/lib/python3.10/site-packages/airflow/example_dags/example_workday_timetable.py
[2025-02-09T19:26:36.253-0700] {logging_mixin.py:190} INFO - [2025-02-09T19:26:36.253-0700] {dag.py:3239} INFO - Sync 1 DAGs
[2025-02-09T19:26:36.274-0700] {logging_mixin.py:190} INFO - [2025-02-09T19:26:36.274-0700] {dag.py:4180} INFO - Setting next_dagrun for example_workday_timetable to 2021-01-04 00:00:00+00:00, run_after=2021-01-05 00:00:00+00:00
[2025-02-09T19:26:36.282-0700] {processor.py:208} INFO - Processing /Users/pranithjain/Desktop/DE Project/Apache Airflow Project/venv/lib/python3.10/site-packages/airflow/example_dags/example_workday_timetable.py took 0.304 seconds
[2025-02-09T19:28:27.943-0700] {processor.py:186} INFO - Started process (PID=26130) to work on /Users/pranithjain/Desktop/DE Project/Apache Airflow Project/venv/lib/python3.10/site-packages/airflow/example_dags/example_workday_timetable.py
[2025-02-09T19:28:27.943-0700] {processor.py:914} INFO - Processing file /Users/pranithjain/Desktop/DE Project/Apache Airflow Project/venv/lib/python3.10/site-packages/airflow/example_dags/example_workday_timetable.py for tasks to queue
[2025-02-09T19:28:27.944-0700] {logging_mixin.py:190} INFO - [2025-02-09T19:28:27.944-0700] {dagbag.py:588} INFO - Filling up the DagBag from /Users/pranithjain/Desktop/DE Project/Apache Airflow Project/venv/lib/python3.10/site-packages/airflow/example_dags/example_workday_timetable.py
[2025-02-09T19:28:28.106-0700] {processor.py:925} INFO - DAG(s) 'example_workday_timetable' retrieved from /Users/pranithjain/Desktop/DE Project/Apache Airflow Project/venv/lib/python3.10/site-packages/airflow/example_dags/example_workday_timetable.py
[2025-02-09T19:28:28.150-0700] {logging_mixin.py:190} INFO - [2025-02-09T19:28:28.150-0700] {dag.py:3239} INFO - Sync 1 DAGs
[2025-02-09T19:28:28.168-0700] {logging_mixin.py:190} INFO - [2025-02-09T19:28:28.168-0700] {dag.py:4180} INFO - Setting next_dagrun for example_workday_timetable to 2021-01-04 00:00:00+00:00, run_after=2021-01-05 00:00:00+00:00
[2025-02-09T19:28:28.175-0700] {processor.py:208} INFO - Processing /Users/pranithjain/Desktop/DE Project/Apache Airflow Project/venv/lib/python3.10/site-packages/airflow/example_dags/example_workday_timetable.py took 0.234 seconds
