[2025-02-09T18:49:03.467-0700] {processor.py:186} INFO - Started process (PID=19011) to work on /Users/pranithjain/Desktop/DE Project/Apache Airflow Project/venv/lib/python3.10/site-packages/airflow/example_dags/example_branch_datetime_operator.py
[2025-02-09T18:49:03.468-0700] {processor.py:914} INFO - Processing file /Users/pranithjain/Desktop/DE Project/Apache Airflow Project/venv/lib/python3.10/site-packages/airflow/example_dags/example_branch_datetime_operator.py for tasks to queue
[2025-02-09T18:49:03.468-0700] {logging_mixin.py:190} INFO - [2025-02-09T18:49:03.468-0700] {dagbag.py:588} INFO - Filling up the DagBag from /Users/pranithjain/Desktop/DE Project/Apache Airflow Project/venv/lib/python3.10/site-packages/airflow/example_dags/example_branch_datetime_operator.py
[2025-02-09T18:49:03.474-0700] {processor.py:925} INFO - DAG(s) 'example_branch_datetime_operator_3', 'example_branch_datetime_operator_2', 'example_branch_datetime_operator' retrieved from /Users/pranithjain/Desktop/DE Project/Apache Airflow Project/venv/lib/python3.10/site-packages/airflow/example_dags/example_branch_datetime_operator.py
[2025-02-09T18:49:03.586-0700] {logging_mixin.py:190} INFO - [2025-02-09T18:49:03.585-0700] {override.py:1930} INFO - Created Permission View: can read on DAG:example_branch_datetime_operator_3
[2025-02-09T18:49:03.590-0700] {logging_mixin.py:190} INFO - [2025-02-09T18:49:03.589-0700] {override.py:1930} INFO - Created Permission View: can edit on DAG:example_branch_datetime_operator_3
[2025-02-09T18:49:03.592-0700] {logging_mixin.py:190} INFO - [2025-02-09T18:49:03.592-0700] {override.py:1930} INFO - Created Permission View: can delete on DAG:example_branch_datetime_operator_3
[2025-02-09T18:49:03.595-0700] {logging_mixin.py:190} INFO - [2025-02-09T18:49:03.595-0700] {override.py:1930} INFO - Created Permission View: can read on DAG Run:example_branch_datetime_operator_3
[2025-02-09T18:49:03.598-0700] {logging_mixin.py:190} INFO - [2025-02-09T18:49:03.597-0700] {override.py:1930} INFO - Created Permission View: can create on DAG Run:example_branch_datetime_operator_3
[2025-02-09T18:49:03.600-0700] {logging_mixin.py:190} INFO - [2025-02-09T18:49:03.600-0700] {override.py:1930} INFO - Created Permission View: menu access on DAG Run:example_branch_datetime_operator_3
[2025-02-09T18:49:03.602-0700] {logging_mixin.py:190} INFO - [2025-02-09T18:49:03.602-0700] {override.py:1930} INFO - Created Permission View: can delete on DAG Run:example_branch_datetime_operator_3
[2025-02-09T18:49:03.608-0700] {logging_mixin.py:190} INFO - [2025-02-09T18:49:03.608-0700] {override.py:1930} INFO - Created Permission View: can read on DAG:example_branch_datetime_operator_2
[2025-02-09T18:49:03.610-0700] {logging_mixin.py:190} INFO - [2025-02-09T18:49:03.610-0700] {override.py:1930} INFO - Created Permission View: can edit on DAG:example_branch_datetime_operator_2
[2025-02-09T18:49:03.612-0700] {logging_mixin.py:190} INFO - [2025-02-09T18:49:03.612-0700] {override.py:1930} INFO - Created Permission View: can delete on DAG:example_branch_datetime_operator_2
[2025-02-09T18:49:03.615-0700] {logging_mixin.py:190} INFO - [2025-02-09T18:49:03.615-0700] {override.py:1930} INFO - Created Permission View: can read on DAG Run:example_branch_datetime_operator_2
[2025-02-09T18:49:03.618-0700] {logging_mixin.py:190} INFO - [2025-02-09T18:49:03.617-0700] {override.py:1930} INFO - Created Permission View: can create on DAG Run:example_branch_datetime_operator_2
[2025-02-09T18:49:03.620-0700] {logging_mixin.py:190} INFO - [2025-02-09T18:49:03.620-0700] {override.py:1930} INFO - Created Permission View: menu access on DAG Run:example_branch_datetime_operator_2
[2025-02-09T18:49:03.622-0700] {logging_mixin.py:190} INFO - [2025-02-09T18:49:03.622-0700] {override.py:1930} INFO - Created Permission View: can delete on DAG Run:example_branch_datetime_operator_2
[2025-02-09T18:49:03.626-0700] {logging_mixin.py:190} INFO - [2025-02-09T18:49:03.626-0700] {override.py:1930} INFO - Created Permission View: can read on DAG:example_branch_datetime_operator
[2025-02-09T18:49:03.629-0700] {logging_mixin.py:190} INFO - [2025-02-09T18:49:03.628-0700] {override.py:1930} INFO - Created Permission View: can edit on DAG:example_branch_datetime_operator
[2025-02-09T18:49:03.631-0700] {logging_mixin.py:190} INFO - [2025-02-09T18:49:03.631-0700] {override.py:1930} INFO - Created Permission View: can delete on DAG:example_branch_datetime_operator
[2025-02-09T18:49:03.634-0700] {logging_mixin.py:190} INFO - [2025-02-09T18:49:03.634-0700] {override.py:1930} INFO - Created Permission View: can read on DAG Run:example_branch_datetime_operator
[2025-02-09T18:49:03.636-0700] {logging_mixin.py:190} INFO - [2025-02-09T18:49:03.636-0700] {override.py:1930} INFO - Created Permission View: can create on DAG Run:example_branch_datetime_operator
[2025-02-09T18:49:03.639-0700] {logging_mixin.py:190} INFO - [2025-02-09T18:49:03.639-0700] {override.py:1930} INFO - Created Permission View: menu access on DAG Run:example_branch_datetime_operator
[2025-02-09T18:49:03.641-0700] {logging_mixin.py:190} INFO - [2025-02-09T18:49:03.641-0700] {override.py:1930} INFO - Created Permission View: can delete on DAG Run:example_branch_datetime_operator
[2025-02-09T18:49:03.641-0700] {logging_mixin.py:190} INFO - [2025-02-09T18:49:03.641-0700] {dag.py:3239} INFO - Sync 3 DAGs
[2025-02-09T18:49:03.646-0700] {logging_mixin.py:190} INFO - [2025-02-09T18:49:03.646-0700] {dag.py:3262} INFO - Creating ORM DAG for example_branch_datetime_operator
[2025-02-09T18:49:03.646-0700] {logging_mixin.py:190} INFO - [2025-02-09T18:49:03.646-0700] {dag.py:3262} INFO - Creating ORM DAG for example_branch_datetime_operator_2
[2025-02-09T18:49:03.647-0700] {logging_mixin.py:190} INFO - [2025-02-09T18:49:03.647-0700] {dag.py:3262} INFO - Creating ORM DAG for example_branch_datetime_operator_3
[2025-02-09T18:49:03.651-0700] {logging_mixin.py:190} INFO - [2025-02-09T18:49:03.651-0700] {dag.py:4180} INFO - Setting next_dagrun for example_branch_datetime_operator to 2025-02-09 00:00:00+00:00, run_after=2025-02-10 00:00:00+00:00
[2025-02-09T18:49:03.651-0700] {logging_mixin.py:190} INFO - [2025-02-09T18:49:03.651-0700] {dag.py:4180} INFO - Setting next_dagrun for example_branch_datetime_operator_2 to 2025-02-09 00:00:00+00:00, run_after=2025-02-10 00:00:00+00:00
[2025-02-09T18:49:03.652-0700] {logging_mixin.py:190} INFO - [2025-02-09T18:49:03.652-0700] {dag.py:4180} INFO - Setting next_dagrun for example_branch_datetime_operator_3 to 2025-02-09 00:00:00+00:00, run_after=2025-02-10 00:00:00+00:00
[2025-02-09T18:49:03.660-0700] {processor.py:208} INFO - Processing /Users/pranithjain/Desktop/DE Project/Apache Airflow Project/venv/lib/python3.10/site-packages/airflow/example_dags/example_branch_datetime_operator.py took 0.194 seconds
[2025-02-09T18:51:27.334-0700] {processor.py:186} INFO - Started process (PID=19458) to work on /Users/pranithjain/Desktop/DE Project/Apache Airflow Project/venv/lib/python3.10/site-packages/airflow/example_dags/example_branch_datetime_operator.py
[2025-02-09T18:51:27.335-0700] {processor.py:914} INFO - Processing file /Users/pranithjain/Desktop/DE Project/Apache Airflow Project/venv/lib/python3.10/site-packages/airflow/example_dags/example_branch_datetime_operator.py for tasks to queue
[2025-02-09T18:51:27.336-0700] {logging_mixin.py:190} INFO - [2025-02-09T18:51:27.336-0700] {dagbag.py:588} INFO - Filling up the DagBag from /Users/pranithjain/Desktop/DE Project/Apache Airflow Project/venv/lib/python3.10/site-packages/airflow/example_dags/example_branch_datetime_operator.py
[2025-02-09T18:51:27.342-0700] {processor.py:925} INFO - DAG(s) 'example_branch_datetime_operator_3', 'example_branch_datetime_operator_2', 'example_branch_datetime_operator' retrieved from /Users/pranithjain/Desktop/DE Project/Apache Airflow Project/venv/lib/python3.10/site-packages/airflow/example_dags/example_branch_datetime_operator.py
[2025-02-09T18:51:27.414-0700] {logging_mixin.py:190} INFO - [2025-02-09T18:51:27.414-0700] {dag.py:3239} INFO - Sync 3 DAGs
[2025-02-09T18:51:27.423-0700] {logging_mixin.py:190} INFO - [2025-02-09T18:51:27.422-0700] {dag.py:4180} INFO - Setting next_dagrun for example_branch_datetime_operator to 2025-02-09 00:00:00+00:00, run_after=2025-02-10 00:00:00+00:00
[2025-02-09T18:51:27.425-0700] {logging_mixin.py:190} INFO - [2025-02-09T18:51:27.425-0700] {dag.py:4180} INFO - Setting next_dagrun for example_branch_datetime_operator_2 to 2025-02-09 00:00:00+00:00, run_after=2025-02-10 00:00:00+00:00
[2025-02-09T18:51:27.426-0700] {logging_mixin.py:190} INFO - [2025-02-09T18:51:27.426-0700] {dag.py:4180} INFO - Setting next_dagrun for example_branch_datetime_operator_3 to 2025-02-09 00:00:00+00:00, run_after=2025-02-10 00:00:00+00:00
[2025-02-09T18:51:27.433-0700] {processor.py:208} INFO - Processing /Users/pranithjain/Desktop/DE Project/Apache Airflow Project/venv/lib/python3.10/site-packages/airflow/example_dags/example_branch_datetime_operator.py took 0.101 seconds
[2025-02-09T18:54:09.928-0700] {processor.py:186} INFO - Started process (PID=19968) to work on /Users/pranithjain/Desktop/DE Project/Apache Airflow Project/venv/lib/python3.10/site-packages/airflow/example_dags/example_branch_datetime_operator.py
[2025-02-09T18:54:09.929-0700] {processor.py:914} INFO - Processing file /Users/pranithjain/Desktop/DE Project/Apache Airflow Project/venv/lib/python3.10/site-packages/airflow/example_dags/example_branch_datetime_operator.py for tasks to queue
[2025-02-09T18:54:09.929-0700] {logging_mixin.py:190} INFO - [2025-02-09T18:54:09.929-0700] {dagbag.py:588} INFO - Filling up the DagBag from /Users/pranithjain/Desktop/DE Project/Apache Airflow Project/venv/lib/python3.10/site-packages/airflow/example_dags/example_branch_datetime_operator.py
[2025-02-09T18:54:09.956-0700] {processor.py:925} INFO - DAG(s) 'example_branch_datetime_operator', 'example_branch_datetime_operator_3', 'example_branch_datetime_operator_2' retrieved from /Users/pranithjain/Desktop/DE Project/Apache Airflow Project/venv/lib/python3.10/site-packages/airflow/example_dags/example_branch_datetime_operator.py
[2025-02-09T18:54:10.050-0700] {logging_mixin.py:190} INFO - [2025-02-09T18:54:10.050-0700] {dag.py:3239} INFO - Sync 3 DAGs
[2025-02-09T18:54:10.058-0700] {logging_mixin.py:190} INFO - [2025-02-09T18:54:10.058-0700] {dag.py:4180} INFO - Setting next_dagrun for example_branch_datetime_operator to 2025-02-09 00:00:00+00:00, run_after=2025-02-10 00:00:00+00:00
[2025-02-09T18:54:10.060-0700] {logging_mixin.py:190} INFO - [2025-02-09T18:54:10.060-0700] {dag.py:4180} INFO - Setting next_dagrun for example_branch_datetime_operator_2 to 2025-02-09 00:00:00+00:00, run_after=2025-02-10 00:00:00+00:00
[2025-02-09T18:54:10.061-0700] {logging_mixin.py:190} INFO - [2025-02-09T18:54:10.061-0700] {dag.py:4180} INFO - Setting next_dagrun for example_branch_datetime_operator_3 to 2025-02-09 00:00:00+00:00, run_after=2025-02-10 00:00:00+00:00
[2025-02-09T18:54:10.068-0700] {processor.py:208} INFO - Processing /Users/pranithjain/Desktop/DE Project/Apache Airflow Project/venv/lib/python3.10/site-packages/airflow/example_dags/example_branch_datetime_operator.py took 0.142 seconds
[2025-02-09T18:56:35.017-0700] {processor.py:186} INFO - Started process (PID=20426) to work on /Users/pranithjain/Desktop/DE Project/Apache Airflow Project/venv/lib/python3.10/site-packages/airflow/example_dags/example_branch_datetime_operator.py
[2025-02-09T18:56:35.018-0700] {processor.py:914} INFO - Processing file /Users/pranithjain/Desktop/DE Project/Apache Airflow Project/venv/lib/python3.10/site-packages/airflow/example_dags/example_branch_datetime_operator.py for tasks to queue
[2025-02-09T18:56:35.018-0700] {logging_mixin.py:190} INFO - [2025-02-09T18:56:35.018-0700] {dagbag.py:588} INFO - Filling up the DagBag from /Users/pranithjain/Desktop/DE Project/Apache Airflow Project/venv/lib/python3.10/site-packages/airflow/example_dags/example_branch_datetime_operator.py
[2025-02-09T18:56:35.024-0700] {processor.py:925} INFO - DAG(s) 'example_branch_datetime_operator_3', 'example_branch_datetime_operator', 'example_branch_datetime_operator_2' retrieved from /Users/pranithjain/Desktop/DE Project/Apache Airflow Project/venv/lib/python3.10/site-packages/airflow/example_dags/example_branch_datetime_operator.py
[2025-02-09T18:56:35.093-0700] {logging_mixin.py:190} INFO - [2025-02-09T18:56:35.093-0700] {dag.py:3239} INFO - Sync 3 DAGs
[2025-02-09T18:56:35.100-0700] {logging_mixin.py:190} INFO - [2025-02-09T18:56:35.100-0700] {dag.py:4180} INFO - Setting next_dagrun for example_branch_datetime_operator to 2025-02-09 00:00:00+00:00, run_after=2025-02-10 00:00:00+00:00
[2025-02-09T18:56:35.102-0700] {logging_mixin.py:190} INFO - [2025-02-09T18:56:35.102-0700] {dag.py:4180} INFO - Setting next_dagrun for example_branch_datetime_operator_2 to 2025-02-09 00:00:00+00:00, run_after=2025-02-10 00:00:00+00:00
[2025-02-09T18:56:35.103-0700] {logging_mixin.py:190} INFO - [2025-02-09T18:56:35.103-0700] {dag.py:4180} INFO - Setting next_dagrun for example_branch_datetime_operator_3 to 2025-02-09 00:00:00+00:00, run_after=2025-02-10 00:00:00+00:00
[2025-02-09T18:56:35.109-0700] {processor.py:208} INFO - Processing /Users/pranithjain/Desktop/DE Project/Apache Airflow Project/venv/lib/python3.10/site-packages/airflow/example_dags/example_branch_datetime_operator.py took 0.094 seconds
[2025-02-09T19:07:43.102-0700] {processor.py:186} INFO - Started process (PID=22139) to work on /Users/pranithjain/Desktop/DE Project/Apache Airflow Project/venv/lib/python3.10/site-packages/airflow/example_dags/example_branch_datetime_operator.py
[2025-02-09T19:07:43.103-0700] {processor.py:914} INFO - Processing file /Users/pranithjain/Desktop/DE Project/Apache Airflow Project/venv/lib/python3.10/site-packages/airflow/example_dags/example_branch_datetime_operator.py for tasks to queue
[2025-02-09T19:07:43.103-0700] {logging_mixin.py:190} INFO - [2025-02-09T19:07:43.103-0700] {dagbag.py:588} INFO - Filling up the DagBag from /Users/pranithjain/Desktop/DE Project/Apache Airflow Project/venv/lib/python3.10/site-packages/airflow/example_dags/example_branch_datetime_operator.py
[2025-02-09T19:07:43.109-0700] {processor.py:925} INFO - DAG(s) 'example_branch_datetime_operator', 'example_branch_datetime_operator_3', 'example_branch_datetime_operator_2' retrieved from /Users/pranithjain/Desktop/DE Project/Apache Airflow Project/venv/lib/python3.10/site-packages/airflow/example_dags/example_branch_datetime_operator.py
[2025-02-09T19:07:43.177-0700] {logging_mixin.py:190} INFO - [2025-02-09T19:07:43.177-0700] {dag.py:3239} INFO - Sync 3 DAGs
[2025-02-09T19:07:43.185-0700] {logging_mixin.py:190} INFO - [2025-02-09T19:07:43.185-0700] {dag.py:4180} INFO - Setting next_dagrun for example_branch_datetime_operator to 2025-02-09 00:00:00+00:00, run_after=2025-02-10 00:00:00+00:00
[2025-02-09T19:07:43.187-0700] {logging_mixin.py:190} INFO - [2025-02-09T19:07:43.187-0700] {dag.py:4180} INFO - Setting next_dagrun for example_branch_datetime_operator_2 to 2025-02-09 00:00:00+00:00, run_after=2025-02-10 00:00:00+00:00
[2025-02-09T19:07:43.187-0700] {logging_mixin.py:190} INFO - [2025-02-09T19:07:43.187-0700] {dag.py:4180} INFO - Setting next_dagrun for example_branch_datetime_operator_3 to 2025-02-09 00:00:00+00:00, run_after=2025-02-10 00:00:00+00:00
[2025-02-09T19:07:43.194-0700] {processor.py:208} INFO - Processing /Users/pranithjain/Desktop/DE Project/Apache Airflow Project/venv/lib/python3.10/site-packages/airflow/example_dags/example_branch_datetime_operator.py took 0.094 seconds
[2025-02-09T19:10:04.663-0700] {processor.py:186} INFO - Started process (PID=22581) to work on /Users/pranithjain/Desktop/DE Project/Apache Airflow Project/venv/lib/python3.10/site-packages/airflow/example_dags/example_branch_datetime_operator.py
[2025-02-09T19:10:04.664-0700] {processor.py:914} INFO - Processing file /Users/pranithjain/Desktop/DE Project/Apache Airflow Project/venv/lib/python3.10/site-packages/airflow/example_dags/example_branch_datetime_operator.py for tasks to queue
[2025-02-09T19:10:04.665-0700] {logging_mixin.py:190} INFO - [2025-02-09T19:10:04.665-0700] {dagbag.py:588} INFO - Filling up the DagBag from /Users/pranithjain/Desktop/DE Project/Apache Airflow Project/venv/lib/python3.10/site-packages/airflow/example_dags/example_branch_datetime_operator.py
[2025-02-09T19:10:04.671-0700] {processor.py:925} INFO - DAG(s) 'example_branch_datetime_operator_3', 'example_branch_datetime_operator_2', 'example_branch_datetime_operator' retrieved from /Users/pranithjain/Desktop/DE Project/Apache Airflow Project/venv/lib/python3.10/site-packages/airflow/example_dags/example_branch_datetime_operator.py
[2025-02-09T19:10:04.788-0700] {logging_mixin.py:190} INFO - [2025-02-09T19:10:04.788-0700] {dag.py:3239} INFO - Sync 3 DAGs
[2025-02-09T19:10:04.796-0700] {logging_mixin.py:190} INFO - [2025-02-09T19:10:04.796-0700] {dag.py:4180} INFO - Setting next_dagrun for example_branch_datetime_operator to 2025-02-09 00:00:00+00:00, run_after=2025-02-10 00:00:00+00:00
[2025-02-09T19:10:04.798-0700] {logging_mixin.py:190} INFO - [2025-02-09T19:10:04.798-0700] {dag.py:4180} INFO - Setting next_dagrun for example_branch_datetime_operator_2 to 2025-02-09 00:00:00+00:00, run_after=2025-02-10 00:00:00+00:00
[2025-02-09T19:10:04.799-0700] {logging_mixin.py:190} INFO - [2025-02-09T19:10:04.798-0700] {dag.py:4180} INFO - Setting next_dagrun for example_branch_datetime_operator_3 to 2025-02-09 00:00:00+00:00, run_after=2025-02-10 00:00:00+00:00
[2025-02-09T19:10:04.805-0700] {processor.py:208} INFO - Processing /Users/pranithjain/Desktop/DE Project/Apache Airflow Project/venv/lib/python3.10/site-packages/airflow/example_dags/example_branch_datetime_operator.py took 0.144 seconds
[2025-02-09T19:14:16.794-0700] {processor.py:186} INFO - Started process (PID=23304) to work on /Users/pranithjain/Desktop/DE Project/Apache Airflow Project/venv/lib/python3.10/site-packages/airflow/example_dags/example_branch_datetime_operator.py
[2025-02-09T19:14:16.795-0700] {processor.py:914} INFO - Processing file /Users/pranithjain/Desktop/DE Project/Apache Airflow Project/venv/lib/python3.10/site-packages/airflow/example_dags/example_branch_datetime_operator.py for tasks to queue
[2025-02-09T19:14:16.795-0700] {logging_mixin.py:190} INFO - [2025-02-09T19:14:16.795-0700] {dagbag.py:588} INFO - Filling up the DagBag from /Users/pranithjain/Desktop/DE Project/Apache Airflow Project/venv/lib/python3.10/site-packages/airflow/example_dags/example_branch_datetime_operator.py
[2025-02-09T19:14:16.801-0700] {processor.py:925} INFO - DAG(s) 'example_branch_datetime_operator_3', 'example_branch_datetime_operator_2', 'example_branch_datetime_operator' retrieved from /Users/pranithjain/Desktop/DE Project/Apache Airflow Project/venv/lib/python3.10/site-packages/airflow/example_dags/example_branch_datetime_operator.py
[2025-02-09T19:14:16.870-0700] {logging_mixin.py:190} INFO - [2025-02-09T19:14:16.870-0700] {dag.py:3239} INFO - Sync 3 DAGs
[2025-02-09T19:14:16.878-0700] {logging_mixin.py:190} INFO - [2025-02-09T19:14:16.877-0700] {dag.py:4180} INFO - Setting next_dagrun for example_branch_datetime_operator to 2025-02-09 00:00:00+00:00, run_after=2025-02-10 00:00:00+00:00
[2025-02-09T19:14:16.879-0700] {logging_mixin.py:190} INFO - [2025-02-09T19:14:16.879-0700] {dag.py:4180} INFO - Setting next_dagrun for example_branch_datetime_operator_2 to 2025-02-09 00:00:00+00:00, run_after=2025-02-10 00:00:00+00:00
[2025-02-09T19:14:16.880-0700] {logging_mixin.py:190} INFO - [2025-02-09T19:14:16.880-0700] {dag.py:4180} INFO - Setting next_dagrun for example_branch_datetime_operator_3 to 2025-02-09 00:00:00+00:00, run_after=2025-02-10 00:00:00+00:00
[2025-02-09T19:14:16.887-0700] {processor.py:208} INFO - Processing /Users/pranithjain/Desktop/DE Project/Apache Airflow Project/venv/lib/python3.10/site-packages/airflow/example_dags/example_branch_datetime_operator.py took 0.094 seconds
[2025-02-09T19:16:35.721-0700] {processor.py:186} INFO - Started process (PID=23735) to work on /Users/pranithjain/Desktop/DE Project/Apache Airflow Project/venv/lib/python3.10/site-packages/airflow/example_dags/example_branch_datetime_operator.py
[2025-02-09T19:16:35.723-0700] {processor.py:914} INFO - Processing file /Users/pranithjain/Desktop/DE Project/Apache Airflow Project/venv/lib/python3.10/site-packages/airflow/example_dags/example_branch_datetime_operator.py for tasks to queue
[2025-02-09T19:16:35.723-0700] {logging_mixin.py:190} INFO - [2025-02-09T19:16:35.723-0700] {dagbag.py:588} INFO - Filling up the DagBag from /Users/pranithjain/Desktop/DE Project/Apache Airflow Project/venv/lib/python3.10/site-packages/airflow/example_dags/example_branch_datetime_operator.py
[2025-02-09T19:16:35.729-0700] {processor.py:925} INFO - DAG(s) 'example_branch_datetime_operator_3', 'example_branch_datetime_operator_2', 'example_branch_datetime_operator' retrieved from /Users/pranithjain/Desktop/DE Project/Apache Airflow Project/venv/lib/python3.10/site-packages/airflow/example_dags/example_branch_datetime_operator.py
[2025-02-09T19:16:35.809-0700] {logging_mixin.py:190} INFO - [2025-02-09T19:16:35.808-0700] {dag.py:3239} INFO - Sync 3 DAGs
[2025-02-09T19:16:35.817-0700] {logging_mixin.py:190} INFO - [2025-02-09T19:16:35.817-0700] {dag.py:4180} INFO - Setting next_dagrun for example_branch_datetime_operator to 2025-02-09 00:00:00+00:00, run_after=2025-02-10 00:00:00+00:00
[2025-02-09T19:16:35.819-0700] {logging_mixin.py:190} INFO - [2025-02-09T19:16:35.819-0700] {dag.py:4180} INFO - Setting next_dagrun for example_branch_datetime_operator_2 to 2025-02-09 00:00:00+00:00, run_after=2025-02-10 00:00:00+00:00
[2025-02-09T19:16:35.821-0700] {logging_mixin.py:190} INFO - [2025-02-09T19:16:35.820-0700] {dag.py:4180} INFO - Setting next_dagrun for example_branch_datetime_operator_3 to 2025-02-09 00:00:00+00:00, run_after=2025-02-10 00:00:00+00:00
[2025-02-09T19:16:35.828-0700] {processor.py:208} INFO - Processing /Users/pranithjain/Desktop/DE Project/Apache Airflow Project/venv/lib/python3.10/site-packages/airflow/example_dags/example_branch_datetime_operator.py took 0.109 seconds
[2025-02-09T19:19:01.404-0700] {processor.py:186} INFO - Started process (PID=24174) to work on /Users/pranithjain/Desktop/DE Project/Apache Airflow Project/venv/lib/python3.10/site-packages/airflow/example_dags/example_branch_datetime_operator.py
[2025-02-09T19:19:01.405-0700] {processor.py:914} INFO - Processing file /Users/pranithjain/Desktop/DE Project/Apache Airflow Project/venv/lib/python3.10/site-packages/airflow/example_dags/example_branch_datetime_operator.py for tasks to queue
[2025-02-09T19:19:01.405-0700] {logging_mixin.py:190} INFO - [2025-02-09T19:19:01.405-0700] {dagbag.py:588} INFO - Filling up the DagBag from /Users/pranithjain/Desktop/DE Project/Apache Airflow Project/venv/lib/python3.10/site-packages/airflow/example_dags/example_branch_datetime_operator.py
[2025-02-09T19:19:01.411-0700] {processor.py:925} INFO - DAG(s) 'example_branch_datetime_operator_3', 'example_branch_datetime_operator', 'example_branch_datetime_operator_2' retrieved from /Users/pranithjain/Desktop/DE Project/Apache Airflow Project/venv/lib/python3.10/site-packages/airflow/example_dags/example_branch_datetime_operator.py
[2025-02-09T19:19:01.481-0700] {logging_mixin.py:190} INFO - [2025-02-09T19:19:01.481-0700] {dag.py:3239} INFO - Sync 3 DAGs
[2025-02-09T19:19:01.488-0700] {logging_mixin.py:190} INFO - [2025-02-09T19:19:01.488-0700] {dag.py:4180} INFO - Setting next_dagrun for example_branch_datetime_operator to 2025-02-09 00:00:00+00:00, run_after=2025-02-10 00:00:00+00:00
[2025-02-09T19:19:01.490-0700] {logging_mixin.py:190} INFO - [2025-02-09T19:19:01.490-0700] {dag.py:4180} INFO - Setting next_dagrun for example_branch_datetime_operator_2 to 2025-02-09 00:00:00+00:00, run_after=2025-02-10 00:00:00+00:00
[2025-02-09T19:19:01.491-0700] {logging_mixin.py:190} INFO - [2025-02-09T19:19:01.491-0700] {dag.py:4180} INFO - Setting next_dagrun for example_branch_datetime_operator_3 to 2025-02-09 00:00:00+00:00, run_after=2025-02-10 00:00:00+00:00
[2025-02-09T19:19:01.497-0700] {processor.py:208} INFO - Processing /Users/pranithjain/Desktop/DE Project/Apache Airflow Project/venv/lib/python3.10/site-packages/airflow/example_dags/example_branch_datetime_operator.py took 0.095 seconds
[2025-02-09T19:21:28.328-0700] {processor.py:186} INFO - Started process (PID=24621) to work on /Users/pranithjain/Desktop/DE Project/Apache Airflow Project/venv/lib/python3.10/site-packages/airflow/example_dags/example_branch_datetime_operator.py
[2025-02-09T19:21:28.329-0700] {processor.py:914} INFO - Processing file /Users/pranithjain/Desktop/DE Project/Apache Airflow Project/venv/lib/python3.10/site-packages/airflow/example_dags/example_branch_datetime_operator.py for tasks to queue
[2025-02-09T19:21:28.329-0700] {logging_mixin.py:190} INFO - [2025-02-09T19:21:28.329-0700] {dagbag.py:588} INFO - Filling up the DagBag from /Users/pranithjain/Desktop/DE Project/Apache Airflow Project/venv/lib/python3.10/site-packages/airflow/example_dags/example_branch_datetime_operator.py
[2025-02-09T19:21:28.335-0700] {processor.py:925} INFO - DAG(s) 'example_branch_datetime_operator_3', 'example_branch_datetime_operator', 'example_branch_datetime_operator_2' retrieved from /Users/pranithjain/Desktop/DE Project/Apache Airflow Project/venv/lib/python3.10/site-packages/airflow/example_dags/example_branch_datetime_operator.py
[2025-02-09T19:21:28.407-0700] {logging_mixin.py:190} INFO - [2025-02-09T19:21:28.407-0700] {dag.py:3239} INFO - Sync 3 DAGs
[2025-02-09T19:21:28.415-0700] {logging_mixin.py:190} INFO - [2025-02-09T19:21:28.415-0700] {dag.py:4180} INFO - Setting next_dagrun for example_branch_datetime_operator to 2025-02-09 00:00:00+00:00, run_after=2025-02-10 00:00:00+00:00
[2025-02-09T19:21:28.417-0700] {logging_mixin.py:190} INFO - [2025-02-09T19:21:28.417-0700] {dag.py:4180} INFO - Setting next_dagrun for example_branch_datetime_operator_2 to 2025-02-09 00:00:00+00:00, run_after=2025-02-10 00:00:00+00:00
[2025-02-09T19:21:28.418-0700] {logging_mixin.py:190} INFO - [2025-02-09T19:21:28.418-0700] {dag.py:4180} INFO - Setting next_dagrun for example_branch_datetime_operator_3 to 2025-02-09 00:00:00+00:00, run_after=2025-02-10 00:00:00+00:00
[2025-02-09T19:21:28.424-0700] {processor.py:208} INFO - Processing /Users/pranithjain/Desktop/DE Project/Apache Airflow Project/venv/lib/python3.10/site-packages/airflow/example_dags/example_branch_datetime_operator.py took 0.098 seconds
[2025-02-09T19:23:50.926-0700] {processor.py:186} INFO - Started process (PID=25155) to work on /Users/pranithjain/Desktop/DE Project/Apache Airflow Project/venv/lib/python3.10/site-packages/airflow/example_dags/example_branch_datetime_operator.py
[2025-02-09T19:23:50.927-0700] {processor.py:914} INFO - Processing file /Users/pranithjain/Desktop/DE Project/Apache Airflow Project/venv/lib/python3.10/site-packages/airflow/example_dags/example_branch_datetime_operator.py for tasks to queue
[2025-02-09T19:23:50.927-0700] {logging_mixin.py:190} INFO - [2025-02-09T19:23:50.927-0700] {dagbag.py:588} INFO - Filling up the DagBag from /Users/pranithjain/Desktop/DE Project/Apache Airflow Project/venv/lib/python3.10/site-packages/airflow/example_dags/example_branch_datetime_operator.py
[2025-02-09T19:23:50.933-0700] {processor.py:925} INFO - DAG(s) 'example_branch_datetime_operator_3', 'example_branch_datetime_operator_2', 'example_branch_datetime_operator' retrieved from /Users/pranithjain/Desktop/DE Project/Apache Airflow Project/venv/lib/python3.10/site-packages/airflow/example_dags/example_branch_datetime_operator.py
[2025-02-09T19:23:51.002-0700] {logging_mixin.py:190} INFO - [2025-02-09T19:23:51.002-0700] {dag.py:3239} INFO - Sync 3 DAGs
[2025-02-09T19:23:51.010-0700] {logging_mixin.py:190} INFO - [2025-02-09T19:23:51.010-0700] {dag.py:4180} INFO - Setting next_dagrun for example_branch_datetime_operator to 2025-02-09 00:00:00+00:00, run_after=2025-02-10 00:00:00+00:00
[2025-02-09T19:23:51.012-0700] {logging_mixin.py:190} INFO - [2025-02-09T19:23:51.011-0700] {dag.py:4180} INFO - Setting next_dagrun for example_branch_datetime_operator_2 to 2025-02-09 00:00:00+00:00, run_after=2025-02-10 00:00:00+00:00
[2025-02-09T19:23:51.012-0700] {logging_mixin.py:190} INFO - [2025-02-09T19:23:51.012-0700] {dag.py:4180} INFO - Setting next_dagrun for example_branch_datetime_operator_3 to 2025-02-09 00:00:00+00:00, run_after=2025-02-10 00:00:00+00:00
[2025-02-09T19:23:51.019-0700] {processor.py:208} INFO - Processing /Users/pranithjain/Desktop/DE Project/Apache Airflow Project/venv/lib/python3.10/site-packages/airflow/example_dags/example_branch_datetime_operator.py took 0.094 seconds
[2025-02-09T19:26:07.323-0700] {processor.py:186} INFO - Started process (PID=25588) to work on /Users/pranithjain/Desktop/DE Project/Apache Airflow Project/venv/lib/python3.10/site-packages/airflow/example_dags/example_branch_datetime_operator.py
[2025-02-09T19:26:07.323-0700] {processor.py:914} INFO - Processing file /Users/pranithjain/Desktop/DE Project/Apache Airflow Project/venv/lib/python3.10/site-packages/airflow/example_dags/example_branch_datetime_operator.py for tasks to queue
[2025-02-09T19:26:07.324-0700] {logging_mixin.py:190} INFO - [2025-02-09T19:26:07.324-0700] {dagbag.py:588} INFO - Filling up the DagBag from /Users/pranithjain/Desktop/DE Project/Apache Airflow Project/venv/lib/python3.10/site-packages/airflow/example_dags/example_branch_datetime_operator.py
[2025-02-09T19:26:07.330-0700] {processor.py:925} INFO - DAG(s) 'example_branch_datetime_operator_2', 'example_branch_datetime_operator', 'example_branch_datetime_operator_3' retrieved from /Users/pranithjain/Desktop/DE Project/Apache Airflow Project/venv/lib/python3.10/site-packages/airflow/example_dags/example_branch_datetime_operator.py
[2025-02-09T19:26:07.399-0700] {logging_mixin.py:190} INFO - [2025-02-09T19:26:07.399-0700] {dag.py:3239} INFO - Sync 3 DAGs
[2025-02-09T19:26:07.407-0700] {logging_mixin.py:190} INFO - [2025-02-09T19:26:07.407-0700] {dag.py:4180} INFO - Setting next_dagrun for example_branch_datetime_operator to 2025-02-09 00:00:00+00:00, run_after=2025-02-10 00:00:00+00:00
[2025-02-09T19:26:07.409-0700] {logging_mixin.py:190} INFO - [2025-02-09T19:26:07.409-0700] {dag.py:4180} INFO - Setting next_dagrun for example_branch_datetime_operator_2 to 2025-02-09 00:00:00+00:00, run_after=2025-02-10 00:00:00+00:00
[2025-02-09T19:26:07.410-0700] {logging_mixin.py:190} INFO - [2025-02-09T19:26:07.410-0700] {dag.py:4180} INFO - Setting next_dagrun for example_branch_datetime_operator_3 to 2025-02-09 00:00:00+00:00, run_after=2025-02-10 00:00:00+00:00
[2025-02-09T19:26:07.417-0700] {processor.py:208} INFO - Processing /Users/pranithjain/Desktop/DE Project/Apache Airflow Project/venv/lib/python3.10/site-packages/airflow/example_dags/example_branch_datetime_operator.py took 0.096 seconds
