[2025-02-09T18:48:31.950-0700] {processor.py:186} INFO - Started process (PID=18911) to work on /Users/pranithjain/Desktop/DE Project/Apache Airflow Project/venv/lib/python3.10/site-packages/airflow/example_dags/example_latest_only.py
[2025-02-09T18:48:31.951-0700] {processor.py:914} INFO - Processing file /Users/pranithjain/Desktop/DE Project/Apache Airflow Project/venv/lib/python3.10/site-packages/airflow/example_dags/example_latest_only.py for tasks to queue
[2025-02-09T18:48:31.951-0700] {logging_mixin.py:190} INFO - [2025-02-09T18:48:31.951-0700] {dagbag.py:588} INFO - Filling up the DagBag from /Users/pranithjain/Desktop/DE Project/Apache Airflow Project/venv/lib/python3.10/site-packages/airflow/example_dags/example_latest_only.py
[2025-02-09T18:48:31.955-0700] {processor.py:925} INFO - DAG(s) 'latest_only' retrieved from /Users/pranithjain/Desktop/DE Project/Apache Airflow Project/venv/lib/python3.10/site-packages/airflow/example_dags/example_latest_only.py
[2025-02-09T18:48:32.060-0700] {logging_mixin.py:190} INFO - [2025-02-09T18:48:32.059-0700] {override.py:1930} INFO - Created Permission View: can edit on DAG:latest_only
[2025-02-09T18:48:32.063-0700] {logging_mixin.py:190} INFO - [2025-02-09T18:48:32.063-0700] {override.py:1930} INFO - Created Permission View: can read on DAG:latest_only
[2025-02-09T18:48:32.065-0700] {logging_mixin.py:190} INFO - [2025-02-09T18:48:32.065-0700] {override.py:1930} INFO - Created Permission View: can delete on DAG:latest_only
[2025-02-09T18:48:32.068-0700] {logging_mixin.py:190} INFO - [2025-02-09T18:48:32.068-0700] {override.py:1930} INFO - Created Permission View: menu access on DAG Run:latest_only
[2025-02-09T18:48:32.070-0700] {logging_mixin.py:190} INFO - [2025-02-09T18:48:32.070-0700] {override.py:1930} INFO - Created Permission View: can create on DAG Run:latest_only
[2025-02-09T18:48:32.072-0700] {logging_mixin.py:190} INFO - [2025-02-09T18:48:32.072-0700] {override.py:1930} INFO - Created Permission View: can read on DAG Run:latest_only
[2025-02-09T18:48:32.074-0700] {logging_mixin.py:190} INFO - [2025-02-09T18:48:32.074-0700] {override.py:1930} INFO - Created Permission View: can delete on DAG Run:latest_only
[2025-02-09T18:48:32.074-0700] {logging_mixin.py:190} INFO - [2025-02-09T18:48:32.074-0700] {dag.py:3239} INFO - Sync 1 DAGs
[2025-02-09T18:48:32.079-0700] {logging_mixin.py:190} INFO - [2025-02-09T18:48:32.079-0700] {dag.py:3262} INFO - Creating ORM DAG for latest_only
[2025-02-09T18:48:32.082-0700] {logging_mixin.py:190} INFO - [2025-02-09T18:48:32.082-0700] {dag.py:4180} INFO - Setting next_dagrun for latest_only to 2025-02-09 20:00:00+00:00, run_after=2025-02-10 00:00:00+00:00
[2025-02-09T18:48:32.088-0700] {processor.py:208} INFO - Processing /Users/pranithjain/Desktop/DE Project/Apache Airflow Project/venv/lib/python3.10/site-packages/airflow/example_dags/example_latest_only.py took 0.140 seconds
[2025-02-09T18:50:14.483-0700] {processor.py:186} INFO - Started process (PID=19232) to work on /Users/pranithjain/Desktop/DE Project/Apache Airflow Project/venv/lib/python3.10/site-packages/airflow/example_dags/example_latest_only.py
[2025-02-09T18:50:14.484-0700] {processor.py:914} INFO - Processing file /Users/pranithjain/Desktop/DE Project/Apache Airflow Project/venv/lib/python3.10/site-packages/airflow/example_dags/example_latest_only.py for tasks to queue
[2025-02-09T18:50:14.485-0700] {logging_mixin.py:190} INFO - [2025-02-09T18:50:14.485-0700] {dagbag.py:588} INFO - Filling up the DagBag from /Users/pranithjain/Desktop/DE Project/Apache Airflow Project/venv/lib/python3.10/site-packages/airflow/example_dags/example_latest_only.py
[2025-02-09T18:50:14.489-0700] {processor.py:925} INFO - DAG(s) 'latest_only' retrieved from /Users/pranithjain/Desktop/DE Project/Apache Airflow Project/venv/lib/python3.10/site-packages/airflow/example_dags/example_latest_only.py
[2025-02-09T18:50:14.560-0700] {logging_mixin.py:190} INFO - [2025-02-09T18:50:14.560-0700] {dag.py:3239} INFO - Sync 1 DAGs
[2025-02-09T18:50:14.568-0700] {logging_mixin.py:190} INFO - [2025-02-09T18:50:14.567-0700] {dag.py:4180} INFO - Setting next_dagrun for latest_only to 2025-02-09 20:00:00+00:00, run_after=2025-02-10 00:00:00+00:00
[2025-02-09T18:50:14.575-0700] {processor.py:208} INFO - Processing /Users/pranithjain/Desktop/DE Project/Apache Airflow Project/venv/lib/python3.10/site-packages/airflow/example_dags/example_latest_only.py took 0.094 seconds
[2025-02-09T18:53:39.535-0700] {processor.py:186} INFO - Started process (PID=19877) to work on /Users/pranithjain/Desktop/DE Project/Apache Airflow Project/venv/lib/python3.10/site-packages/airflow/example_dags/example_latest_only.py
[2025-02-09T18:53:39.537-0700] {processor.py:914} INFO - Processing file /Users/pranithjain/Desktop/DE Project/Apache Airflow Project/venv/lib/python3.10/site-packages/airflow/example_dags/example_latest_only.py for tasks to queue
[2025-02-09T18:53:39.537-0700] {logging_mixin.py:190} INFO - [2025-02-09T18:53:39.537-0700] {dagbag.py:588} INFO - Filling up the DagBag from /Users/pranithjain/Desktop/DE Project/Apache Airflow Project/venv/lib/python3.10/site-packages/airflow/example_dags/example_latest_only.py
[2025-02-09T18:53:39.541-0700] {processor.py:925} INFO - DAG(s) 'latest_only' retrieved from /Users/pranithjain/Desktop/DE Project/Apache Airflow Project/venv/lib/python3.10/site-packages/airflow/example_dags/example_latest_only.py
[2025-02-09T18:53:39.608-0700] {logging_mixin.py:190} INFO - [2025-02-09T18:53:39.608-0700] {dag.py:3239} INFO - Sync 1 DAGs
[2025-02-09T18:53:39.615-0700] {logging_mixin.py:190} INFO - [2025-02-09T18:53:39.615-0700] {dag.py:4180} INFO - Setting next_dagrun for latest_only to 2025-02-09 20:00:00+00:00, run_after=2025-02-10 00:00:00+00:00
[2025-02-09T18:53:39.622-0700] {processor.py:208} INFO - Processing /Users/pranithjain/Desktop/DE Project/Apache Airflow Project/venv/lib/python3.10/site-packages/airflow/example_dags/example_latest_only.py took 0.089 seconds
[2025-02-09T18:55:21.518-0700] {processor.py:186} INFO - Started process (PID=20190) to work on /Users/pranithjain/Desktop/DE Project/Apache Airflow Project/venv/lib/python3.10/site-packages/airflow/example_dags/example_latest_only.py
[2025-02-09T18:55:21.518-0700] {processor.py:914} INFO - Processing file /Users/pranithjain/Desktop/DE Project/Apache Airflow Project/venv/lib/python3.10/site-packages/airflow/example_dags/example_latest_only.py for tasks to queue
[2025-02-09T18:55:21.519-0700] {logging_mixin.py:190} INFO - [2025-02-09T18:55:21.519-0700] {dagbag.py:588} INFO - Filling up the DagBag from /Users/pranithjain/Desktop/DE Project/Apache Airflow Project/venv/lib/python3.10/site-packages/airflow/example_dags/example_latest_only.py
[2025-02-09T18:55:21.522-0700] {processor.py:925} INFO - DAG(s) 'latest_only' retrieved from /Users/pranithjain/Desktop/DE Project/Apache Airflow Project/venv/lib/python3.10/site-packages/airflow/example_dags/example_latest_only.py
[2025-02-09T18:55:21.589-0700] {logging_mixin.py:190} INFO - [2025-02-09T18:55:21.589-0700] {dag.py:3239} INFO - Sync 1 DAGs
[2025-02-09T18:55:21.596-0700] {logging_mixin.py:190} INFO - [2025-02-09T18:55:21.596-0700] {dag.py:4180} INFO - Setting next_dagrun for latest_only to 2025-02-09 20:00:00+00:00, run_after=2025-02-10 00:00:00+00:00
[2025-02-09T18:55:21.603-0700] {processor.py:208} INFO - Processing /Users/pranithjain/Desktop/DE Project/Apache Airflow Project/venv/lib/python3.10/site-packages/airflow/example_dags/example_latest_only.py took 0.087 seconds
[2025-02-09T18:57:47.480-0700] {processor.py:186} INFO - Started process (PID=20643) to work on /Users/pranithjain/Desktop/DE Project/Apache Airflow Project/venv/lib/python3.10/site-packages/airflow/example_dags/example_latest_only.py
[2025-02-09T18:57:47.481-0700] {processor.py:914} INFO - Processing file /Users/pranithjain/Desktop/DE Project/Apache Airflow Project/venv/lib/python3.10/site-packages/airflow/example_dags/example_latest_only.py for tasks to queue
[2025-02-09T18:57:47.481-0700] {logging_mixin.py:190} INFO - [2025-02-09T18:57:47.481-0700] {dagbag.py:588} INFO - Filling up the DagBag from /Users/pranithjain/Desktop/DE Project/Apache Airflow Project/venv/lib/python3.10/site-packages/airflow/example_dags/example_latest_only.py
[2025-02-09T18:57:47.485-0700] {processor.py:925} INFO - DAG(s) 'latest_only' retrieved from /Users/pranithjain/Desktop/DE Project/Apache Airflow Project/venv/lib/python3.10/site-packages/airflow/example_dags/example_latest_only.py
[2025-02-09T18:57:47.552-0700] {logging_mixin.py:190} INFO - [2025-02-09T18:57:47.552-0700] {dag.py:3239} INFO - Sync 1 DAGs
[2025-02-09T18:57:47.559-0700] {logging_mixin.py:190} INFO - [2025-02-09T18:57:47.559-0700] {dag.py:4180} INFO - Setting next_dagrun for latest_only to 2025-02-09 20:00:00+00:00, run_after=2025-02-10 00:00:00+00:00
[2025-02-09T18:57:47.566-0700] {processor.py:208} INFO - Processing /Users/pranithjain/Desktop/DE Project/Apache Airflow Project/venv/lib/python3.10/site-packages/airflow/example_dags/example_latest_only.py took 0.087 seconds
[2025-02-09T19:07:14.056-0700] {processor.py:186} INFO - Started process (PID=22053) to work on /Users/pranithjain/Desktop/DE Project/Apache Airflow Project/venv/lib/python3.10/site-packages/airflow/example_dags/example_latest_only.py
[2025-02-09T19:07:14.057-0700] {processor.py:914} INFO - Processing file /Users/pranithjain/Desktop/DE Project/Apache Airflow Project/venv/lib/python3.10/site-packages/airflow/example_dags/example_latest_only.py for tasks to queue
[2025-02-09T19:07:14.057-0700] {logging_mixin.py:190} INFO - [2025-02-09T19:07:14.057-0700] {dagbag.py:588} INFO - Filling up the DagBag from /Users/pranithjain/Desktop/DE Project/Apache Airflow Project/venv/lib/python3.10/site-packages/airflow/example_dags/example_latest_only.py
[2025-02-09T19:07:14.061-0700] {processor.py:925} INFO - DAG(s) 'latest_only' retrieved from /Users/pranithjain/Desktop/DE Project/Apache Airflow Project/venv/lib/python3.10/site-packages/airflow/example_dags/example_latest_only.py
[2025-02-09T19:07:14.128-0700] {logging_mixin.py:190} INFO - [2025-02-09T19:07:14.128-0700] {dag.py:3239} INFO - Sync 1 DAGs
[2025-02-09T19:07:14.135-0700] {logging_mixin.py:190} INFO - [2025-02-09T19:07:14.135-0700] {dag.py:4180} INFO - Setting next_dagrun for latest_only to 2025-02-09 20:00:00+00:00, run_after=2025-02-10 00:00:00+00:00
[2025-02-09T19:07:14.142-0700] {processor.py:208} INFO - Processing /Users/pranithjain/Desktop/DE Project/Apache Airflow Project/venv/lib/python3.10/site-packages/airflow/example_dags/example_latest_only.py took 0.087 seconds
[2025-02-09T19:08:53.950-0700] {processor.py:186} INFO - Started process (PID=22362) to work on /Users/pranithjain/Desktop/DE Project/Apache Airflow Project/venv/lib/python3.10/site-packages/airflow/example_dags/example_latest_only.py
[2025-02-09T19:08:53.951-0700] {processor.py:914} INFO - Processing file /Users/pranithjain/Desktop/DE Project/Apache Airflow Project/venv/lib/python3.10/site-packages/airflow/example_dags/example_latest_only.py for tasks to queue
[2025-02-09T19:08:53.951-0700] {logging_mixin.py:190} INFO - [2025-02-09T19:08:53.951-0700] {dagbag.py:588} INFO - Filling up the DagBag from /Users/pranithjain/Desktop/DE Project/Apache Airflow Project/venv/lib/python3.10/site-packages/airflow/example_dags/example_latest_only.py
[2025-02-09T19:08:53.955-0700] {processor.py:925} INFO - DAG(s) 'latest_only' retrieved from /Users/pranithjain/Desktop/DE Project/Apache Airflow Project/venv/lib/python3.10/site-packages/airflow/example_dags/example_latest_only.py
[2025-02-09T19:08:53.957-0700] {logging_mixin.py:190} INFO - [2025-02-09T19:08:53.957-0700] {dag.py:3239} INFO - Sync 1 DAGs
[2025-02-09T19:08:54.028-0700] {logging_mixin.py:190} INFO - [2025-02-09T19:08:54.028-0700] {dag.py:4180} INFO - Setting next_dagrun for latest_only to 2025-02-09 20:00:00+00:00, run_after=2025-02-10 00:00:00+00:00
[2025-02-09T19:08:54.035-0700] {processor.py:208} INFO - Processing /Users/pranithjain/Desktop/DE Project/Apache Airflow Project/venv/lib/python3.10/site-packages/airflow/example_dags/example_latest_only.py took 0.086 seconds
[2025-02-09T19:13:45.521-0700] {processor.py:186} INFO - Started process (PID=23209) to work on /Users/pranithjain/Desktop/DE Project/Apache Airflow Project/venv/lib/python3.10/site-packages/airflow/example_dags/example_latest_only.py
[2025-02-09T19:13:45.522-0700] {processor.py:914} INFO - Processing file /Users/pranithjain/Desktop/DE Project/Apache Airflow Project/venv/lib/python3.10/site-packages/airflow/example_dags/example_latest_only.py for tasks to queue
[2025-02-09T19:13:45.522-0700] {logging_mixin.py:190} INFO - [2025-02-09T19:13:45.522-0700] {dagbag.py:588} INFO - Filling up the DagBag from /Users/pranithjain/Desktop/DE Project/Apache Airflow Project/venv/lib/python3.10/site-packages/airflow/example_dags/example_latest_only.py
[2025-02-09T19:13:45.526-0700] {processor.py:925} INFO - DAG(s) 'latest_only' retrieved from /Users/pranithjain/Desktop/DE Project/Apache Airflow Project/venv/lib/python3.10/site-packages/airflow/example_dags/example_latest_only.py
[2025-02-09T19:13:45.639-0700] {logging_mixin.py:190} INFO - [2025-02-09T19:13:45.638-0700] {dag.py:3239} INFO - Sync 1 DAGs
[2025-02-09T19:13:45.647-0700] {logging_mixin.py:190} INFO - [2025-02-09T19:13:45.647-0700] {dag.py:4180} INFO - Setting next_dagrun for latest_only to 2025-02-09 20:00:00+00:00, run_after=2025-02-10 00:00:00+00:00
[2025-02-09T19:13:45.656-0700] {processor.py:208} INFO - Processing /Users/pranithjain/Desktop/DE Project/Apache Airflow Project/venv/lib/python3.10/site-packages/airflow/example_dags/example_latest_only.py took 0.136 seconds
[2025-02-09T19:15:26.748-0700] {processor.py:186} INFO - Started process (PID=23520) to work on /Users/pranithjain/Desktop/DE Project/Apache Airflow Project/venv/lib/python3.10/site-packages/airflow/example_dags/example_latest_only.py
[2025-02-09T19:15:26.749-0700] {processor.py:914} INFO - Processing file /Users/pranithjain/Desktop/DE Project/Apache Airflow Project/venv/lib/python3.10/site-packages/airflow/example_dags/example_latest_only.py for tasks to queue
[2025-02-09T19:15:26.749-0700] {logging_mixin.py:190} INFO - [2025-02-09T19:15:26.749-0700] {dagbag.py:588} INFO - Filling up the DagBag from /Users/pranithjain/Desktop/DE Project/Apache Airflow Project/venv/lib/python3.10/site-packages/airflow/example_dags/example_latest_only.py
[2025-02-09T19:15:26.753-0700] {processor.py:925} INFO - DAG(s) 'latest_only' retrieved from /Users/pranithjain/Desktop/DE Project/Apache Airflow Project/venv/lib/python3.10/site-packages/airflow/example_dags/example_latest_only.py
[2025-02-09T19:15:26.821-0700] {logging_mixin.py:190} INFO - [2025-02-09T19:15:26.821-0700] {dag.py:3239} INFO - Sync 1 DAGs
[2025-02-09T19:15:26.828-0700] {logging_mixin.py:190} INFO - [2025-02-09T19:15:26.828-0700] {dag.py:4180} INFO - Setting next_dagrun for latest_only to 2025-02-09 20:00:00+00:00, run_after=2025-02-10 00:00:00+00:00
[2025-02-09T19:15:26.835-0700] {processor.py:208} INFO - Processing /Users/pranithjain/Desktop/DE Project/Apache Airflow Project/venv/lib/python3.10/site-packages/airflow/example_dags/example_latest_only.py took 0.089 seconds
[2025-02-09T19:17:48.589-0700] {processor.py:186} INFO - Started process (PID=23951) to work on /Users/pranithjain/Desktop/DE Project/Apache Airflow Project/venv/lib/python3.10/site-packages/airflow/example_dags/example_latest_only.py
[2025-02-09T19:17:48.591-0700] {processor.py:914} INFO - Processing file /Users/pranithjain/Desktop/DE Project/Apache Airflow Project/venv/lib/python3.10/site-packages/airflow/example_dags/example_latest_only.py for tasks to queue
[2025-02-09T19:17:48.591-0700] {logging_mixin.py:190} INFO - [2025-02-09T19:17:48.591-0700] {dagbag.py:588} INFO - Filling up the DagBag from /Users/pranithjain/Desktop/DE Project/Apache Airflow Project/venv/lib/python3.10/site-packages/airflow/example_dags/example_latest_only.py
[2025-02-09T19:17:48.595-0700] {processor.py:925} INFO - DAG(s) 'latest_only' retrieved from /Users/pranithjain/Desktop/DE Project/Apache Airflow Project/venv/lib/python3.10/site-packages/airflow/example_dags/example_latest_only.py
[2025-02-09T19:17:48.663-0700] {logging_mixin.py:190} INFO - [2025-02-09T19:17:48.663-0700] {dag.py:3239} INFO - Sync 1 DAGs
[2025-02-09T19:17:48.670-0700] {logging_mixin.py:190} INFO - [2025-02-09T19:17:48.670-0700] {dag.py:4180} INFO - Setting next_dagrun for latest_only to 2025-02-09 20:00:00+00:00, run_after=2025-02-10 00:00:00+00:00
[2025-02-09T19:17:48.678-0700] {processor.py:208} INFO - Processing /Users/pranithjain/Desktop/DE Project/Apache Airflow Project/venv/lib/python3.10/site-packages/airflow/example_dags/example_latest_only.py took 0.091 seconds
[2025-02-09T19:20:14.066-0700] {processor.py:186} INFO - Started process (PID=24401) to work on /Users/pranithjain/Desktop/DE Project/Apache Airflow Project/venv/lib/python3.10/site-packages/airflow/example_dags/example_latest_only.py
[2025-02-09T19:20:14.066-0700] {processor.py:914} INFO - Processing file /Users/pranithjain/Desktop/DE Project/Apache Airflow Project/venv/lib/python3.10/site-packages/airflow/example_dags/example_latest_only.py for tasks to queue
[2025-02-09T19:20:14.067-0700] {logging_mixin.py:190} INFO - [2025-02-09T19:20:14.067-0700] {dagbag.py:588} INFO - Filling up the DagBag from /Users/pranithjain/Desktop/DE Project/Apache Airflow Project/venv/lib/python3.10/site-packages/airflow/example_dags/example_latest_only.py
[2025-02-09T19:20:14.070-0700] {processor.py:925} INFO - DAG(s) 'latest_only' retrieved from /Users/pranithjain/Desktop/DE Project/Apache Airflow Project/venv/lib/python3.10/site-packages/airflow/example_dags/example_latest_only.py
[2025-02-09T19:20:14.137-0700] {logging_mixin.py:190} INFO - [2025-02-09T19:20:14.137-0700] {dag.py:3239} INFO - Sync 1 DAGs
[2025-02-09T19:20:14.144-0700] {logging_mixin.py:190} INFO - [2025-02-09T19:20:14.144-0700] {dag.py:4180} INFO - Setting next_dagrun for latest_only to 2025-02-09 20:00:00+00:00, run_after=2025-02-10 00:00:00+00:00
[2025-02-09T19:20:14.151-0700] {processor.py:208} INFO - Processing /Users/pranithjain/Desktop/DE Project/Apache Airflow Project/venv/lib/python3.10/site-packages/airflow/example_dags/example_latest_only.py took 0.087 seconds
[2025-02-09T19:22:41.870-0700] {processor.py:186} INFO - Started process (PID=24940) to work on /Users/pranithjain/Desktop/DE Project/Apache Airflow Project/venv/lib/python3.10/site-packages/airflow/example_dags/example_latest_only.py
[2025-02-09T19:22:41.871-0700] {processor.py:914} INFO - Processing file /Users/pranithjain/Desktop/DE Project/Apache Airflow Project/venv/lib/python3.10/site-packages/airflow/example_dags/example_latest_only.py for tasks to queue
[2025-02-09T19:22:41.871-0700] {logging_mixin.py:190} INFO - [2025-02-09T19:22:41.871-0700] {dagbag.py:588} INFO - Filling up the DagBag from /Users/pranithjain/Desktop/DE Project/Apache Airflow Project/venv/lib/python3.10/site-packages/airflow/example_dags/example_latest_only.py
[2025-02-09T19:22:41.875-0700] {processor.py:925} INFO - DAG(s) 'latest_only' retrieved from /Users/pranithjain/Desktop/DE Project/Apache Airflow Project/venv/lib/python3.10/site-packages/airflow/example_dags/example_latest_only.py
[2025-02-09T19:22:41.945-0700] {logging_mixin.py:190} INFO - [2025-02-09T19:22:41.944-0700] {dag.py:3239} INFO - Sync 1 DAGs
[2025-02-09T19:22:41.951-0700] {logging_mixin.py:190} INFO - [2025-02-09T19:22:41.951-0700] {dag.py:4180} INFO - Setting next_dagrun for latest_only to 2025-02-09 20:00:00+00:00, run_after=2025-02-10 00:00:00+00:00
[2025-02-09T19:22:41.959-0700] {processor.py:208} INFO - Processing /Users/pranithjain/Desktop/DE Project/Apache Airflow Project/venv/lib/python3.10/site-packages/airflow/example_dags/example_latest_only.py took 0.090 seconds
[2025-02-09T19:24:57.717-0700] {processor.py:186} INFO - Started process (PID=25362) to work on /Users/pranithjain/Desktop/DE Project/Apache Airflow Project/venv/lib/python3.10/site-packages/airflow/example_dags/example_latest_only.py
[2025-02-09T19:24:57.717-0700] {processor.py:914} INFO - Processing file /Users/pranithjain/Desktop/DE Project/Apache Airflow Project/venv/lib/python3.10/site-packages/airflow/example_dags/example_latest_only.py for tasks to queue
[2025-02-09T19:24:57.718-0700] {logging_mixin.py:190} INFO - [2025-02-09T19:24:57.718-0700] {dagbag.py:588} INFO - Filling up the DagBag from /Users/pranithjain/Desktop/DE Project/Apache Airflow Project/venv/lib/python3.10/site-packages/airflow/example_dags/example_latest_only.py
[2025-02-09T19:24:57.721-0700] {processor.py:925} INFO - DAG(s) 'latest_only' retrieved from /Users/pranithjain/Desktop/DE Project/Apache Airflow Project/venv/lib/python3.10/site-packages/airflow/example_dags/example_latest_only.py
[2025-02-09T19:24:57.787-0700] {logging_mixin.py:190} INFO - [2025-02-09T19:24:57.787-0700] {dag.py:3239} INFO - Sync 1 DAGs
[2025-02-09T19:24:57.794-0700] {logging_mixin.py:190} INFO - [2025-02-09T19:24:57.794-0700] {dag.py:4180} INFO - Setting next_dagrun for latest_only to 2025-02-09 20:00:00+00:00, run_after=2025-02-10 00:00:00+00:00
[2025-02-09T19:24:57.801-0700] {processor.py:208} INFO - Processing /Users/pranithjain/Desktop/DE Project/Apache Airflow Project/venv/lib/python3.10/site-packages/airflow/example_dags/example_latest_only.py took 0.086 seconds
[2025-02-09T19:27:18.775-0700] {processor.py:186} INFO - Started process (PID=25924) to work on /Users/pranithjain/Desktop/DE Project/Apache Airflow Project/venv/lib/python3.10/site-packages/airflow/example_dags/example_latest_only.py
[2025-02-09T19:27:18.777-0700] {processor.py:914} INFO - Processing file /Users/pranithjain/Desktop/DE Project/Apache Airflow Project/venv/lib/python3.10/site-packages/airflow/example_dags/example_latest_only.py for tasks to queue
[2025-02-09T19:27:18.777-0700] {logging_mixin.py:190} INFO - [2025-02-09T19:27:18.777-0700] {dagbag.py:588} INFO - Filling up the DagBag from /Users/pranithjain/Desktop/DE Project/Apache Airflow Project/venv/lib/python3.10/site-packages/airflow/example_dags/example_latest_only.py
[2025-02-09T19:27:18.781-0700] {processor.py:925} INFO - DAG(s) 'latest_only' retrieved from /Users/pranithjain/Desktop/DE Project/Apache Airflow Project/venv/lib/python3.10/site-packages/airflow/example_dags/example_latest_only.py
[2025-02-09T19:27:18.849-0700] {logging_mixin.py:190} INFO - [2025-02-09T19:27:18.849-0700] {dag.py:3239} INFO - Sync 1 DAGs
[2025-02-09T19:27:18.856-0700] {logging_mixin.py:190} INFO - [2025-02-09T19:27:18.856-0700] {dag.py:4180} INFO - Setting next_dagrun for latest_only to 2025-02-09 20:00:00+00:00, run_after=2025-02-10 00:00:00+00:00
[2025-02-09T19:27:18.863-0700] {processor.py:208} INFO - Processing /Users/pranithjain/Desktop/DE Project/Apache Airflow Project/venv/lib/python3.10/site-packages/airflow/example_dags/example_latest_only.py took 0.089 seconds
[2025-02-09T19:29:10.313-0700] {processor.py:186} INFO - Started process (PID=26282) to work on /Users/pranithjain/Desktop/DE Project/Apache Airflow Project/venv/lib/python3.10/site-packages/airflow/example_dags/example_latest_only.py
[2025-02-09T19:29:10.314-0700] {processor.py:914} INFO - Processing file /Users/pranithjain/Desktop/DE Project/Apache Airflow Project/venv/lib/python3.10/site-packages/airflow/example_dags/example_latest_only.py for tasks to queue
[2025-02-09T19:29:10.315-0700] {logging_mixin.py:190} INFO - [2025-02-09T19:29:10.315-0700] {dagbag.py:588} INFO - Filling up the DagBag from /Users/pranithjain/Desktop/DE Project/Apache Airflow Project/venv/lib/python3.10/site-packages/airflow/example_dags/example_latest_only.py
[2025-02-09T19:29:10.319-0700] {processor.py:925} INFO - DAG(s) 'latest_only' retrieved from /Users/pranithjain/Desktop/DE Project/Apache Airflow Project/venv/lib/python3.10/site-packages/airflow/example_dags/example_latest_only.py
[2025-02-09T19:29:10.388-0700] {logging_mixin.py:190} INFO - [2025-02-09T19:29:10.388-0700] {dag.py:3239} INFO - Sync 1 DAGs
[2025-02-09T19:29:10.395-0700] {logging_mixin.py:190} INFO - [2025-02-09T19:29:10.395-0700] {dag.py:4180} INFO - Setting next_dagrun for latest_only to 2025-02-09 20:00:00+00:00, run_after=2025-02-10 00:00:00+00:00
[2025-02-09T19:29:10.403-0700] {processor.py:208} INFO - Processing /Users/pranithjain/Desktop/DE Project/Apache Airflow Project/venv/lib/python3.10/site-packages/airflow/example_dags/example_latest_only.py took 0.092 seconds
