[2025-02-09T18:48:44.225-0700] {processor.py:186} INFO - Started process (PID=18949) to work on /Users/pranithjain/Desktop/DE Project/Apache Airflow Project/venv/lib/python3.10/site-packages/airflow/example_dags/example_datasets.py
[2025-02-09T18:48:44.226-0700] {processor.py:914} INFO - Processing file /Users/pranithjain/Desktop/DE Project/Apache Airflow Project/venv/lib/python3.10/site-packages/airflow/example_dags/example_datasets.py for tasks to queue
[2025-02-09T18:48:44.226-0700] {logging_mixin.py:190} INFO - [2025-02-09T18:48:44.226-0700] {dagbag.py:588} INFO - Filling up the DagBag from /Users/pranithjain/Desktop/DE Project/Apache Airflow Project/venv/lib/python3.10/site-packages/airflow/example_dags/example_datasets.py
[2025-02-09T18:48:44.245-0700] {processor.py:925} INFO - DAG(s) 'conditional_dataset_and_time_based_timetable', 'dataset_consumes_unknown_never_scheduled', 'dataset_consumes_1', 'dataset_consumes_1_never_scheduled', 'dataset_produces_2', 'dataset_produces_1', 'consume_1_or_both_2_and_3_with_dataset_expressions', 'consume_1_or_2_with_dataset_expressions', 'dataset_consumes_1_and_2', 'consume_1_and_2_with_dataset_expressions' retrieved from /Users/pranithjain/Desktop/DE Project/Apache Airflow Project/venv/lib/python3.10/site-packages/airflow/example_dags/example_datasets.py
[2025-02-09T18:48:44.347-0700] {logging_mixin.py:190} INFO - [2025-02-09T18:48:44.347-0700] {override.py:1930} INFO - Created Permission View: can edit on DAG:conditional_dataset_and_time_based_timetable
[2025-02-09T18:48:44.350-0700] {logging_mixin.py:190} INFO - [2025-02-09T18:48:44.350-0700] {override.py:1930} INFO - Created Permission View: can delete on DAG:conditional_dataset_and_time_based_timetable
[2025-02-09T18:48:44.352-0700] {logging_mixin.py:190} INFO - [2025-02-09T18:48:44.352-0700] {override.py:1930} INFO - Created Permission View: can read on DAG:conditional_dataset_and_time_based_timetable
[2025-02-09T18:48:44.355-0700] {logging_mixin.py:190} INFO - [2025-02-09T18:48:44.355-0700] {override.py:1930} INFO - Created Permission View: menu access on DAG Run:conditional_dataset_and_time_based_timetable
[2025-02-09T18:48:44.357-0700] {logging_mixin.py:190} INFO - [2025-02-09T18:48:44.357-0700] {override.py:1930} INFO - Created Permission View: can create on DAG Run:conditional_dataset_and_time_based_timetable
[2025-02-09T18:48:44.359-0700] {logging_mixin.py:190} INFO - [2025-02-09T18:48:44.359-0700] {override.py:1930} INFO - Created Permission View: can delete on DAG Run:conditional_dataset_and_time_based_timetable
[2025-02-09T18:48:44.361-0700] {logging_mixin.py:190} INFO - [2025-02-09T18:48:44.361-0700] {override.py:1930} INFO - Created Permission View: can read on DAG Run:conditional_dataset_and_time_based_timetable
[2025-02-09T18:48:44.365-0700] {logging_mixin.py:190} INFO - [2025-02-09T18:48:44.365-0700] {override.py:1930} INFO - Created Permission View: can edit on DAG:dataset_consumes_unknown_never_scheduled
[2025-02-09T18:48:44.367-0700] {logging_mixin.py:190} INFO - [2025-02-09T18:48:44.367-0700] {override.py:1930} INFO - Created Permission View: can delete on DAG:dataset_consumes_unknown_never_scheduled
[2025-02-09T18:48:44.369-0700] {logging_mixin.py:190} INFO - [2025-02-09T18:48:44.369-0700] {override.py:1930} INFO - Created Permission View: can read on DAG:dataset_consumes_unknown_never_scheduled
[2025-02-09T18:48:44.372-0700] {logging_mixin.py:190} INFO - [2025-02-09T18:48:44.372-0700] {override.py:1930} INFO - Created Permission View: menu access on DAG Run:dataset_consumes_unknown_never_scheduled
[2025-02-09T18:48:44.374-0700] {logging_mixin.py:190} INFO - [2025-02-09T18:48:44.374-0700] {override.py:1930} INFO - Created Permission View: can create on DAG Run:dataset_consumes_unknown_never_scheduled
[2025-02-09T18:48:44.376-0700] {logging_mixin.py:190} INFO - [2025-02-09T18:48:44.376-0700] {override.py:1930} INFO - Created Permission View: can delete on DAG Run:dataset_consumes_unknown_never_scheduled
[2025-02-09T18:48:44.378-0700] {logging_mixin.py:190} INFO - [2025-02-09T18:48:44.378-0700] {override.py:1930} INFO - Created Permission View: can read on DAG Run:dataset_consumes_unknown_never_scheduled
[2025-02-09T18:48:44.382-0700] {logging_mixin.py:190} INFO - [2025-02-09T18:48:44.382-0700] {override.py:1930} INFO - Created Permission View: can edit on DAG:dataset_consumes_1
[2025-02-09T18:48:44.384-0700] {logging_mixin.py:190} INFO - [2025-02-09T18:48:44.384-0700] {override.py:1930} INFO - Created Permission View: can delete on DAG:dataset_consumes_1
[2025-02-09T18:48:44.386-0700] {logging_mixin.py:190} INFO - [2025-02-09T18:48:44.386-0700] {override.py:1930} INFO - Created Permission View: can read on DAG:dataset_consumes_1
[2025-02-09T18:48:44.389-0700] {logging_mixin.py:190} INFO - [2025-02-09T18:48:44.389-0700] {override.py:1930} INFO - Created Permission View: menu access on DAG Run:dataset_consumes_1
[2025-02-09T18:48:44.391-0700] {logging_mixin.py:190} INFO - [2025-02-09T18:48:44.390-0700] {override.py:1930} INFO - Created Permission View: can create on DAG Run:dataset_consumes_1
[2025-02-09T18:48:44.393-0700] {logging_mixin.py:190} INFO - [2025-02-09T18:48:44.392-0700] {override.py:1930} INFO - Created Permission View: can delete on DAG Run:dataset_consumes_1
[2025-02-09T18:48:44.394-0700] {logging_mixin.py:190} INFO - [2025-02-09T18:48:44.394-0700] {override.py:1930} INFO - Created Permission View: can read on DAG Run:dataset_consumes_1
[2025-02-09T18:48:44.398-0700] {logging_mixin.py:190} INFO - [2025-02-09T18:48:44.398-0700] {override.py:1930} INFO - Created Permission View: can edit on DAG:dataset_consumes_1_never_scheduled
[2025-02-09T18:48:44.400-0700] {logging_mixin.py:190} INFO - [2025-02-09T18:48:44.400-0700] {override.py:1930} INFO - Created Permission View: can delete on DAG:dataset_consumes_1_never_scheduled
[2025-02-09T18:48:44.402-0700] {logging_mixin.py:190} INFO - [2025-02-09T18:48:44.402-0700] {override.py:1930} INFO - Created Permission View: can read on DAG:dataset_consumes_1_never_scheduled
[2025-02-09T18:48:44.405-0700] {logging_mixin.py:190} INFO - [2025-02-09T18:48:44.404-0700] {override.py:1930} INFO - Created Permission View: menu access on DAG Run:dataset_consumes_1_never_scheduled
[2025-02-09T18:48:44.406-0700] {logging_mixin.py:190} INFO - [2025-02-09T18:48:44.406-0700] {override.py:1930} INFO - Created Permission View: can create on DAG Run:dataset_consumes_1_never_scheduled
[2025-02-09T18:48:44.408-0700] {logging_mixin.py:190} INFO - [2025-02-09T18:48:44.408-0700] {override.py:1930} INFO - Created Permission View: can delete on DAG Run:dataset_consumes_1_never_scheduled
[2025-02-09T18:48:44.410-0700] {logging_mixin.py:190} INFO - [2025-02-09T18:48:44.410-0700] {override.py:1930} INFO - Created Permission View: can read on DAG Run:dataset_consumes_1_never_scheduled
[2025-02-09T18:48:44.414-0700] {logging_mixin.py:190} INFO - [2025-02-09T18:48:44.414-0700] {override.py:1930} INFO - Created Permission View: can edit on DAG:dataset_produces_2
[2025-02-09T18:48:44.416-0700] {logging_mixin.py:190} INFO - [2025-02-09T18:48:44.416-0700] {override.py:1930} INFO - Created Permission View: can delete on DAG:dataset_produces_2
[2025-02-09T18:48:44.418-0700] {logging_mixin.py:190} INFO - [2025-02-09T18:48:44.418-0700] {override.py:1930} INFO - Created Permission View: can read on DAG:dataset_produces_2
[2025-02-09T18:48:44.420-0700] {logging_mixin.py:190} INFO - [2025-02-09T18:48:44.420-0700] {override.py:1930} INFO - Created Permission View: menu access on DAG Run:dataset_produces_2
[2025-02-09T18:48:44.422-0700] {logging_mixin.py:190} INFO - [2025-02-09T18:48:44.422-0700] {override.py:1930} INFO - Created Permission View: can create on DAG Run:dataset_produces_2
[2025-02-09T18:48:44.424-0700] {logging_mixin.py:190} INFO - [2025-02-09T18:48:44.424-0700] {override.py:1930} INFO - Created Permission View: can delete on DAG Run:dataset_produces_2
[2025-02-09T18:48:44.426-0700] {logging_mixin.py:190} INFO - [2025-02-09T18:48:44.426-0700] {override.py:1930} INFO - Created Permission View: can read on DAG Run:dataset_produces_2
[2025-02-09T18:48:44.430-0700] {logging_mixin.py:190} INFO - [2025-02-09T18:48:44.430-0700] {override.py:1930} INFO - Created Permission View: can edit on DAG:dataset_produces_1
[2025-02-09T18:48:44.432-0700] {logging_mixin.py:190} INFO - [2025-02-09T18:48:44.432-0700] {override.py:1930} INFO - Created Permission View: can delete on DAG:dataset_produces_1
[2025-02-09T18:48:44.433-0700] {logging_mixin.py:190} INFO - [2025-02-09T18:48:44.433-0700] {override.py:1930} INFO - Created Permission View: can read on DAG:dataset_produces_1
[2025-02-09T18:48:44.436-0700] {logging_mixin.py:190} INFO - [2025-02-09T18:48:44.436-0700] {override.py:1930} INFO - Created Permission View: menu access on DAG Run:dataset_produces_1
[2025-02-09T18:48:44.438-0700] {logging_mixin.py:190} INFO - [2025-02-09T18:48:44.438-0700] {override.py:1930} INFO - Created Permission View: can create on DAG Run:dataset_produces_1
[2025-02-09T18:48:44.440-0700] {logging_mixin.py:190} INFO - [2025-02-09T18:48:44.440-0700] {override.py:1930} INFO - Created Permission View: can delete on DAG Run:dataset_produces_1
[2025-02-09T18:48:44.441-0700] {logging_mixin.py:190} INFO - [2025-02-09T18:48:44.441-0700] {override.py:1930} INFO - Created Permission View: can read on DAG Run:dataset_produces_1
[2025-02-09T18:48:44.445-0700] {logging_mixin.py:190} INFO - [2025-02-09T18:48:44.445-0700] {override.py:1930} INFO - Created Permission View: can edit on DAG:consume_1_or_both_2_and_3_with_dataset_expressions
[2025-02-09T18:48:44.447-0700] {logging_mixin.py:190} INFO - [2025-02-09T18:48:44.447-0700] {override.py:1930} INFO - Created Permission View: can delete on DAG:consume_1_or_both_2_and_3_with_dataset_expressions
[2025-02-09T18:48:44.449-0700] {logging_mixin.py:190} INFO - [2025-02-09T18:48:44.449-0700] {override.py:1930} INFO - Created Permission View: can read on DAG:consume_1_or_both_2_and_3_with_dataset_expressions
[2025-02-09T18:48:44.451-0700] {logging_mixin.py:190} INFO - [2025-02-09T18:48:44.451-0700] {override.py:1930} INFO - Created Permission View: menu access on DAG Run:consume_1_or_both_2_and_3_with_dataset_expressions
[2025-02-09T18:48:44.453-0700] {logging_mixin.py:190} INFO - [2025-02-09T18:48:44.453-0700] {override.py:1930} INFO - Created Permission View: can create on DAG Run:consume_1_or_both_2_and_3_with_dataset_expressions
[2025-02-09T18:48:44.455-0700] {logging_mixin.py:190} INFO - [2025-02-09T18:48:44.455-0700] {override.py:1930} INFO - Created Permission View: can delete on DAG Run:consume_1_or_both_2_and_3_with_dataset_expressions
[2025-02-09T18:48:44.457-0700] {logging_mixin.py:190} INFO - [2025-02-09T18:48:44.457-0700] {override.py:1930} INFO - Created Permission View: can read on DAG Run:consume_1_or_both_2_and_3_with_dataset_expressions
[2025-02-09T18:48:44.461-0700] {logging_mixin.py:190} INFO - [2025-02-09T18:48:44.461-0700] {override.py:1930} INFO - Created Permission View: can edit on DAG:consume_1_or_2_with_dataset_expressions
[2025-02-09T18:48:44.463-0700] {logging_mixin.py:190} INFO - [2025-02-09T18:48:44.463-0700] {override.py:1930} INFO - Created Permission View: can delete on DAG:consume_1_or_2_with_dataset_expressions
[2025-02-09T18:48:44.465-0700] {logging_mixin.py:190} INFO - [2025-02-09T18:48:44.465-0700] {override.py:1930} INFO - Created Permission View: can read on DAG:consume_1_or_2_with_dataset_expressions
[2025-02-09T18:48:44.467-0700] {logging_mixin.py:190} INFO - [2025-02-09T18:48:44.467-0700] {override.py:1930} INFO - Created Permission View: menu access on DAG Run:consume_1_or_2_with_dataset_expressions
[2025-02-09T18:48:44.469-0700] {logging_mixin.py:190} INFO - [2025-02-09T18:48:44.469-0700] {override.py:1930} INFO - Created Permission View: can create on DAG Run:consume_1_or_2_with_dataset_expressions
[2025-02-09T18:48:44.471-0700] {logging_mixin.py:190} INFO - [2025-02-09T18:48:44.471-0700] {override.py:1930} INFO - Created Permission View: can delete on DAG Run:consume_1_or_2_with_dataset_expressions
[2025-02-09T18:48:44.473-0700] {logging_mixin.py:190} INFO - [2025-02-09T18:48:44.473-0700] {override.py:1930} INFO - Created Permission View: can read on DAG Run:consume_1_or_2_with_dataset_expressions
[2025-02-09T18:48:44.477-0700] {logging_mixin.py:190} INFO - [2025-02-09T18:48:44.477-0700] {override.py:1930} INFO - Created Permission View: can edit on DAG:dataset_consumes_1_and_2
[2025-02-09T18:48:44.479-0700] {logging_mixin.py:190} INFO - [2025-02-09T18:48:44.479-0700] {override.py:1930} INFO - Created Permission View: can delete on DAG:dataset_consumes_1_and_2
[2025-02-09T18:48:44.481-0700] {logging_mixin.py:190} INFO - [2025-02-09T18:48:44.481-0700] {override.py:1930} INFO - Created Permission View: can read on DAG:dataset_consumes_1_and_2
[2025-02-09T18:48:44.483-0700] {logging_mixin.py:190} INFO - [2025-02-09T18:48:44.483-0700] {override.py:1930} INFO - Created Permission View: menu access on DAG Run:dataset_consumes_1_and_2
[2025-02-09T18:48:44.485-0700] {logging_mixin.py:190} INFO - [2025-02-09T18:48:44.485-0700] {override.py:1930} INFO - Created Permission View: can create on DAG Run:dataset_consumes_1_and_2
[2025-02-09T18:48:44.487-0700] {logging_mixin.py:190} INFO - [2025-02-09T18:48:44.487-0700] {override.py:1930} INFO - Created Permission View: can delete on DAG Run:dataset_consumes_1_and_2
[2025-02-09T18:48:44.489-0700] {logging_mixin.py:190} INFO - [2025-02-09T18:48:44.489-0700] {override.py:1930} INFO - Created Permission View: can read on DAG Run:dataset_consumes_1_and_2
[2025-02-09T18:48:44.493-0700] {logging_mixin.py:190} INFO - [2025-02-09T18:48:44.493-0700] {override.py:1930} INFO - Created Permission View: can edit on DAG:consume_1_and_2_with_dataset_expressions
[2025-02-09T18:48:44.495-0700] {logging_mixin.py:190} INFO - [2025-02-09T18:48:44.495-0700] {override.py:1930} INFO - Created Permission View: can delete on DAG:consume_1_and_2_with_dataset_expressions
[2025-02-09T18:48:44.497-0700] {logging_mixin.py:190} INFO - [2025-02-09T18:48:44.497-0700] {override.py:1930} INFO - Created Permission View: can read on DAG:consume_1_and_2_with_dataset_expressions
[2025-02-09T18:48:44.499-0700] {logging_mixin.py:190} INFO - [2025-02-09T18:48:44.499-0700] {override.py:1930} INFO - Created Permission View: menu access on DAG Run:consume_1_and_2_with_dataset_expressions
[2025-02-09T18:48:44.501-0700] {logging_mixin.py:190} INFO - [2025-02-09T18:48:44.501-0700] {override.py:1930} INFO - Created Permission View: can create on DAG Run:consume_1_and_2_with_dataset_expressions
[2025-02-09T18:48:44.503-0700] {logging_mixin.py:190} INFO - [2025-02-09T18:48:44.503-0700] {override.py:1930} INFO - Created Permission View: can delete on DAG Run:consume_1_and_2_with_dataset_expressions
[2025-02-09T18:48:44.505-0700] {logging_mixin.py:190} INFO - [2025-02-09T18:48:44.505-0700] {override.py:1930} INFO - Created Permission View: can read on DAG Run:consume_1_and_2_with_dataset_expressions
[2025-02-09T18:48:44.505-0700] {logging_mixin.py:190} INFO - [2025-02-09T18:48:44.505-0700] {dag.py:3239} INFO - Sync 10 DAGs
[2025-02-09T18:48:44.509-0700] {logging_mixin.py:190} INFO - [2025-02-09T18:48:44.509-0700] {dag.py:3262} INFO - Creating ORM DAG for conditional_dataset_and_time_based_timetable
[2025-02-09T18:48:44.510-0700] {logging_mixin.py:190} INFO - [2025-02-09T18:48:44.510-0700] {dag.py:3262} INFO - Creating ORM DAG for consume_1_and_2_with_dataset_expressions
[2025-02-09T18:48:44.510-0700] {logging_mixin.py:190} INFO - [2025-02-09T18:48:44.510-0700] {dag.py:3262} INFO - Creating ORM DAG for dataset_produces_1
[2025-02-09T18:48:44.510-0700] {logging_mixin.py:190} INFO - [2025-02-09T18:48:44.510-0700] {dag.py:3262} INFO - Creating ORM DAG for dataset_consumes_unknown_never_scheduled
[2025-02-09T18:48:44.510-0700] {logging_mixin.py:190} INFO - [2025-02-09T18:48:44.510-0700] {dag.py:3262} INFO - Creating ORM DAG for dataset_produces_2
[2025-02-09T18:48:44.510-0700] {logging_mixin.py:190} INFO - [2025-02-09T18:48:44.510-0700] {dag.py:3262} INFO - Creating ORM DAG for dataset_consumes_1_and_2
[2025-02-09T18:48:44.511-0700] {logging_mixin.py:190} INFO - [2025-02-09T18:48:44.510-0700] {dag.py:3262} INFO - Creating ORM DAG for consume_1_or_both_2_and_3_with_dataset_expressions
[2025-02-09T18:48:44.511-0700] {logging_mixin.py:190} INFO - [2025-02-09T18:48:44.511-0700] {dag.py:3262} INFO - Creating ORM DAG for consume_1_or_2_with_dataset_expressions
[2025-02-09T18:48:44.511-0700] {logging_mixin.py:190} INFO - [2025-02-09T18:48:44.511-0700] {dag.py:3262} INFO - Creating ORM DAG for dataset_consumes_1_never_scheduled
[2025-02-09T18:48:44.511-0700] {logging_mixin.py:190} INFO - [2025-02-09T18:48:44.511-0700] {dag.py:3262} INFO - Creating ORM DAG for dataset_consumes_1
[2025-02-09T18:48:44.514-0700] {logging_mixin.py:190} INFO - [2025-02-09T18:48:44.514-0700] {dag.py:4180} INFO - Setting next_dagrun for conditional_dataset_and_time_based_timetable to 2025-02-05 01:00:00+00:00, run_after=2025-02-05 01:00:00+00:00
[2025-02-09T18:48:44.515-0700] {logging_mixin.py:190} INFO - [2025-02-09T18:48:44.515-0700] {dag.py:4180} INFO - Setting next_dagrun for consume_1_and_2_with_dataset_expressions to None, run_after=None
[2025-02-09T18:48:44.515-0700] {logging_mixin.py:190} INFO - [2025-02-09T18:48:44.515-0700] {dag.py:4180} INFO - Setting next_dagrun for consume_1_or_2_with_dataset_expressions to None, run_after=None
[2025-02-09T18:48:44.515-0700] {logging_mixin.py:190} INFO - [2025-02-09T18:48:44.515-0700] {dag.py:4180} INFO - Setting next_dagrun for consume_1_or_both_2_and_3_with_dataset_expressions to None, run_after=None
[2025-02-09T18:48:44.515-0700] {logging_mixin.py:190} INFO - [2025-02-09T18:48:44.515-0700] {dag.py:4180} INFO - Setting next_dagrun for dataset_consumes_1 to None, run_after=None
[2025-02-09T18:48:44.515-0700] {logging_mixin.py:190} INFO - [2025-02-09T18:48:44.515-0700] {dag.py:4180} INFO - Setting next_dagrun for dataset_consumes_1_and_2 to None, run_after=None
[2025-02-09T18:48:44.515-0700] {logging_mixin.py:190} INFO - [2025-02-09T18:48:44.515-0700] {dag.py:4180} INFO - Setting next_dagrun for dataset_consumes_1_never_scheduled to None, run_after=None
[2025-02-09T18:48:44.516-0700] {logging_mixin.py:190} INFO - [2025-02-09T18:48:44.516-0700] {dag.py:4180} INFO - Setting next_dagrun for dataset_consumes_unknown_never_scheduled to None, run_after=None
[2025-02-09T18:48:44.516-0700] {logging_mixin.py:190} INFO - [2025-02-09T18:48:44.516-0700] {dag.py:4180} INFO - Setting next_dagrun for dataset_produces_1 to 2025-02-09 00:00:00+00:00, run_after=2025-02-10 00:00:00+00:00
[2025-02-09T18:48:44.516-0700] {logging_mixin.py:190} INFO - [2025-02-09T18:48:44.516-0700] {dag.py:4180} INFO - Setting next_dagrun for dataset_produces_2 to None, run_after=None
[2025-02-09T18:48:44.708-0700] {processor.py:208} INFO - Processing /Users/pranithjain/Desktop/DE Project/Apache Airflow Project/venv/lib/python3.10/site-packages/airflow/example_dags/example_datasets.py took 0.485 seconds
[2025-02-09T18:51:10.597-0700] {processor.py:186} INFO - Started process (PID=19401) to work on /Users/pranithjain/Desktop/DE Project/Apache Airflow Project/venv/lib/python3.10/site-packages/airflow/example_dags/example_datasets.py
[2025-02-09T18:51:10.599-0700] {processor.py:914} INFO - Processing file /Users/pranithjain/Desktop/DE Project/Apache Airflow Project/venv/lib/python3.10/site-packages/airflow/example_dags/example_datasets.py for tasks to queue
[2025-02-09T18:51:10.599-0700] {logging_mixin.py:190} INFO - [2025-02-09T18:51:10.599-0700] {dagbag.py:588} INFO - Filling up the DagBag from /Users/pranithjain/Desktop/DE Project/Apache Airflow Project/venv/lib/python3.10/site-packages/airflow/example_dags/example_datasets.py
[2025-02-09T18:51:10.619-0700] {processor.py:925} INFO - DAG(s) 'dataset_produces_1', 'consume_1_and_2_with_dataset_expressions', 'consume_1_or_2_with_dataset_expressions', 'consume_1_or_both_2_and_3_with_dataset_expressions', 'dataset_consumes_1_never_scheduled', 'dataset_produces_2', 'dataset_consumes_1_and_2', 'conditional_dataset_and_time_based_timetable', 'dataset_consumes_unknown_never_scheduled', 'dataset_consumes_1' retrieved from /Users/pranithjain/Desktop/DE Project/Apache Airflow Project/venv/lib/python3.10/site-packages/airflow/example_dags/example_datasets.py
[2025-02-09T18:51:10.693-0700] {logging_mixin.py:190} INFO - [2025-02-09T18:51:10.692-0700] {dag.py:3239} INFO - Sync 10 DAGs
[2025-02-09T18:51:10.702-0700] {logging_mixin.py:190} INFO - [2025-02-09T18:51:10.702-0700] {dag.py:4180} INFO - Setting next_dagrun for conditional_dataset_and_time_based_timetable to 2025-02-05 01:00:00+00:00, run_after=2025-02-05 01:00:00+00:00
[2025-02-09T18:51:10.703-0700] {logging_mixin.py:190} INFO - [2025-02-09T18:51:10.703-0700] {dag.py:4180} INFO - Setting next_dagrun for consume_1_and_2_with_dataset_expressions to None, run_after=None
[2025-02-09T18:51:10.703-0700] {logging_mixin.py:190} INFO - [2025-02-09T18:51:10.703-0700] {dag.py:4180} INFO - Setting next_dagrun for consume_1_or_2_with_dataset_expressions to None, run_after=None
[2025-02-09T18:51:10.704-0700] {logging_mixin.py:190} INFO - [2025-02-09T18:51:10.704-0700] {dag.py:4180} INFO - Setting next_dagrun for consume_1_or_both_2_and_3_with_dataset_expressions to None, run_after=None
[2025-02-09T18:51:10.705-0700] {logging_mixin.py:190} INFO - [2025-02-09T18:51:10.705-0700] {dag.py:4180} INFO - Setting next_dagrun for dataset_consumes_1 to None, run_after=None
[2025-02-09T18:51:10.706-0700] {logging_mixin.py:190} INFO - [2025-02-09T18:51:10.705-0700] {dag.py:4180} INFO - Setting next_dagrun for dataset_consumes_1_and_2 to None, run_after=None
[2025-02-09T18:51:10.706-0700] {logging_mixin.py:190} INFO - [2025-02-09T18:51:10.706-0700] {dag.py:4180} INFO - Setting next_dagrun for dataset_consumes_1_never_scheduled to None, run_after=None
[2025-02-09T18:51:10.706-0700] {logging_mixin.py:190} INFO - [2025-02-09T18:51:10.706-0700] {dag.py:4180} INFO - Setting next_dagrun for dataset_consumes_unknown_never_scheduled to None, run_after=None
[2025-02-09T18:51:10.707-0700] {logging_mixin.py:190} INFO - [2025-02-09T18:51:10.707-0700] {dag.py:4180} INFO - Setting next_dagrun for dataset_produces_1 to 2025-02-09 00:00:00+00:00, run_after=2025-02-10 00:00:00+00:00
[2025-02-09T18:51:10.708-0700] {logging_mixin.py:190} INFO - [2025-02-09T18:51:10.707-0700] {dag.py:4180} INFO - Setting next_dagrun for dataset_produces_2 to None, run_after=None
[2025-02-09T18:51:10.719-0700] {processor.py:208} INFO - Processing /Users/pranithjain/Desktop/DE Project/Apache Airflow Project/venv/lib/python3.10/site-packages/airflow/example_dags/example_datasets.py took 0.123 seconds
[2025-02-09T18:53:52.399-0700] {processor.py:186} INFO - Started process (PID=19916) to work on /Users/pranithjain/Desktop/DE Project/Apache Airflow Project/venv/lib/python3.10/site-packages/airflow/example_dags/example_datasets.py
[2025-02-09T18:53:52.400-0700] {processor.py:914} INFO - Processing file /Users/pranithjain/Desktop/DE Project/Apache Airflow Project/venv/lib/python3.10/site-packages/airflow/example_dags/example_datasets.py for tasks to queue
[2025-02-09T18:53:52.401-0700] {logging_mixin.py:190} INFO - [2025-02-09T18:53:52.401-0700] {dagbag.py:588} INFO - Filling up the DagBag from /Users/pranithjain/Desktop/DE Project/Apache Airflow Project/venv/lib/python3.10/site-packages/airflow/example_dags/example_datasets.py
[2025-02-09T18:53:52.419-0700] {processor.py:925} INFO - DAG(s) 'dataset_consumes_unknown_never_scheduled', 'consume_1_and_2_with_dataset_expressions', 'consume_1_or_2_with_dataset_expressions', 'conditional_dataset_and_time_based_timetable', 'dataset_consumes_1_and_2', 'dataset_consumes_1_never_scheduled', 'dataset_consumes_1', 'dataset_produces_1', 'consume_1_or_both_2_and_3_with_dataset_expressions', 'dataset_produces_2' retrieved from /Users/pranithjain/Desktop/DE Project/Apache Airflow Project/venv/lib/python3.10/site-packages/airflow/example_dags/example_datasets.py
[2025-02-09T18:53:52.504-0700] {logging_mixin.py:190} INFO - [2025-02-09T18:53:52.504-0700] {dag.py:3239} INFO - Sync 10 DAGs
[2025-02-09T18:53:52.514-0700] {logging_mixin.py:190} INFO - [2025-02-09T18:53:52.514-0700] {dag.py:4180} INFO - Setting next_dagrun for conditional_dataset_and_time_based_timetable to 2025-02-05 01:00:00+00:00, run_after=2025-02-05 01:00:00+00:00
[2025-02-09T18:53:52.515-0700] {logging_mixin.py:190} INFO - [2025-02-09T18:53:52.515-0700] {dag.py:4180} INFO - Setting next_dagrun for consume_1_and_2_with_dataset_expressions to None, run_after=None
[2025-02-09T18:53:52.515-0700] {logging_mixin.py:190} INFO - [2025-02-09T18:53:52.515-0700] {dag.py:4180} INFO - Setting next_dagrun for consume_1_or_2_with_dataset_expressions to None, run_after=None
[2025-02-09T18:53:52.516-0700] {logging_mixin.py:190} INFO - [2025-02-09T18:53:52.516-0700] {dag.py:4180} INFO - Setting next_dagrun for consume_1_or_both_2_and_3_with_dataset_expressions to None, run_after=None
[2025-02-09T18:53:52.517-0700] {logging_mixin.py:190} INFO - [2025-02-09T18:53:52.517-0700] {dag.py:4180} INFO - Setting next_dagrun for dataset_consumes_1 to None, run_after=None
[2025-02-09T18:53:52.517-0700] {logging_mixin.py:190} INFO - [2025-02-09T18:53:52.517-0700] {dag.py:4180} INFO - Setting next_dagrun for dataset_consumes_1_and_2 to None, run_after=None
[2025-02-09T18:53:52.518-0700] {logging_mixin.py:190} INFO - [2025-02-09T18:53:52.518-0700] {dag.py:4180} INFO - Setting next_dagrun for dataset_consumes_1_never_scheduled to None, run_after=None
[2025-02-09T18:53:52.518-0700] {logging_mixin.py:190} INFO - [2025-02-09T18:53:52.518-0700] {dag.py:4180} INFO - Setting next_dagrun for dataset_consumes_unknown_never_scheduled to None, run_after=None
[2025-02-09T18:53:52.519-0700] {logging_mixin.py:190} INFO - [2025-02-09T18:53:52.519-0700] {dag.py:4180} INFO - Setting next_dagrun for dataset_produces_1 to 2025-02-09 00:00:00+00:00, run_after=2025-02-10 00:00:00+00:00
[2025-02-09T18:53:52.519-0700] {logging_mixin.py:190} INFO - [2025-02-09T18:53:52.519-0700] {dag.py:4180} INFO - Setting next_dagrun for dataset_produces_2 to None, run_after=None
[2025-02-09T18:53:52.531-0700] {processor.py:208} INFO - Processing /Users/pranithjain/Desktop/DE Project/Apache Airflow Project/venv/lib/python3.10/site-packages/airflow/example_dags/example_datasets.py took 0.134 seconds
[2025-02-09T18:56:16.610-0700] {processor.py:186} INFO - Started process (PID=20363) to work on /Users/pranithjain/Desktop/DE Project/Apache Airflow Project/venv/lib/python3.10/site-packages/airflow/example_dags/example_datasets.py
[2025-02-09T18:56:16.611-0700] {processor.py:914} INFO - Processing file /Users/pranithjain/Desktop/DE Project/Apache Airflow Project/venv/lib/python3.10/site-packages/airflow/example_dags/example_datasets.py for tasks to queue
[2025-02-09T18:56:16.611-0700] {logging_mixin.py:190} INFO - [2025-02-09T18:56:16.611-0700] {dagbag.py:588} INFO - Filling up the DagBag from /Users/pranithjain/Desktop/DE Project/Apache Airflow Project/venv/lib/python3.10/site-packages/airflow/example_dags/example_datasets.py
[2025-02-09T18:56:16.630-0700] {processor.py:925} INFO - DAG(s) 'dataset_consumes_1_and_2', 'dataset_consumes_1', 'consume_1_and_2_with_dataset_expressions', 'consume_1_or_both_2_and_3_with_dataset_expressions', 'dataset_produces_1', 'dataset_consumes_1_never_scheduled', 'dataset_produces_2', 'dataset_consumes_unknown_never_scheduled', 'conditional_dataset_and_time_based_timetable', 'consume_1_or_2_with_dataset_expressions' retrieved from /Users/pranithjain/Desktop/DE Project/Apache Airflow Project/venv/lib/python3.10/site-packages/airflow/example_dags/example_datasets.py
[2025-02-09T18:56:16.705-0700] {logging_mixin.py:190} INFO - [2025-02-09T18:56:16.705-0700] {dag.py:3239} INFO - Sync 10 DAGs
[2025-02-09T18:56:16.713-0700] {logging_mixin.py:190} INFO - [2025-02-09T18:56:16.713-0700] {dag.py:4180} INFO - Setting next_dagrun for conditional_dataset_and_time_based_timetable to 2025-02-05 01:00:00+00:00, run_after=2025-02-05 01:00:00+00:00
[2025-02-09T18:56:16.714-0700] {logging_mixin.py:190} INFO - [2025-02-09T18:56:16.714-0700] {dag.py:4180} INFO - Setting next_dagrun for consume_1_and_2_with_dataset_expressions to None, run_after=None
[2025-02-09T18:56:16.714-0700] {logging_mixin.py:190} INFO - [2025-02-09T18:56:16.714-0700] {dag.py:4180} INFO - Setting next_dagrun for consume_1_or_2_with_dataset_expressions to None, run_after=None
[2025-02-09T18:56:16.715-0700] {logging_mixin.py:190} INFO - [2025-02-09T18:56:16.715-0700] {dag.py:4180} INFO - Setting next_dagrun for consume_1_or_both_2_and_3_with_dataset_expressions to None, run_after=None
[2025-02-09T18:56:16.716-0700] {logging_mixin.py:190} INFO - [2025-02-09T18:56:16.716-0700] {dag.py:4180} INFO - Setting next_dagrun for dataset_consumes_1 to None, run_after=None
[2025-02-09T18:56:16.716-0700] {logging_mixin.py:190} INFO - [2025-02-09T18:56:16.716-0700] {dag.py:4180} INFO - Setting next_dagrun for dataset_consumes_1_and_2 to None, run_after=None
[2025-02-09T18:56:16.716-0700] {logging_mixin.py:190} INFO - [2025-02-09T18:56:16.716-0700] {dag.py:4180} INFO - Setting next_dagrun for dataset_consumes_1_never_scheduled to None, run_after=None
[2025-02-09T18:56:16.717-0700] {logging_mixin.py:190} INFO - [2025-02-09T18:56:16.717-0700] {dag.py:4180} INFO - Setting next_dagrun for dataset_consumes_unknown_never_scheduled to None, run_after=None
[2025-02-09T18:56:16.717-0700] {logging_mixin.py:190} INFO - [2025-02-09T18:56:16.717-0700] {dag.py:4180} INFO - Setting next_dagrun for dataset_produces_1 to 2025-02-09 00:00:00+00:00, run_after=2025-02-10 00:00:00+00:00
[2025-02-09T18:56:16.718-0700] {logging_mixin.py:190} INFO - [2025-02-09T18:56:16.718-0700] {dag.py:4180} INFO - Setting next_dagrun for dataset_produces_2 to None, run_after=None
[2025-02-09T18:56:16.728-0700] {processor.py:208} INFO - Processing /Users/pranithjain/Desktop/DE Project/Apache Airflow Project/venv/lib/python3.10/site-packages/airflow/example_dags/example_datasets.py took 0.119 seconds
[2025-02-09T18:58:39.627-0700] {processor.py:186} INFO - Started process (PID=20802) to work on /Users/pranithjain/Desktop/DE Project/Apache Airflow Project/venv/lib/python3.10/site-packages/airflow/example_dags/example_datasets.py
[2025-02-09T18:58:39.628-0700] {processor.py:914} INFO - Processing file /Users/pranithjain/Desktop/DE Project/Apache Airflow Project/venv/lib/python3.10/site-packages/airflow/example_dags/example_datasets.py for tasks to queue
[2025-02-09T18:58:39.628-0700] {logging_mixin.py:190} INFO - [2025-02-09T18:58:39.628-0700] {dagbag.py:588} INFO - Filling up the DagBag from /Users/pranithjain/Desktop/DE Project/Apache Airflow Project/venv/lib/python3.10/site-packages/airflow/example_dags/example_datasets.py
[2025-02-09T18:58:39.648-0700] {processor.py:925} INFO - DAG(s) 'dataset_consumes_unknown_never_scheduled', 'dataset_consumes_1_never_scheduled', 'consume_1_and_2_with_dataset_expressions', 'consume_1_or_2_with_dataset_expressions', 'dataset_produces_2', 'dataset_produces_1', 'dataset_consumes_1_and_2', 'dataset_consumes_1', 'conditional_dataset_and_time_based_timetable', 'consume_1_or_both_2_and_3_with_dataset_expressions' retrieved from /Users/pranithjain/Desktop/DE Project/Apache Airflow Project/venv/lib/python3.10/site-packages/airflow/example_dags/example_datasets.py
[2025-02-09T18:58:39.726-0700] {logging_mixin.py:190} INFO - [2025-02-09T18:58:39.725-0700] {dag.py:3239} INFO - Sync 10 DAGs
[2025-02-09T18:58:39.734-0700] {logging_mixin.py:190} INFO - [2025-02-09T18:58:39.734-0700] {dag.py:4180} INFO - Setting next_dagrun for conditional_dataset_and_time_based_timetable to 2025-02-05 01:00:00+00:00, run_after=2025-02-05 01:00:00+00:00
[2025-02-09T18:58:39.736-0700] {logging_mixin.py:190} INFO - [2025-02-09T18:58:39.736-0700] {dag.py:4180} INFO - Setting next_dagrun for consume_1_and_2_with_dataset_expressions to None, run_after=None
[2025-02-09T18:58:39.736-0700] {logging_mixin.py:190} INFO - [2025-02-09T18:58:39.736-0700] {dag.py:4180} INFO - Setting next_dagrun for consume_1_or_2_with_dataset_expressions to None, run_after=None
[2025-02-09T18:58:39.737-0700] {logging_mixin.py:190} INFO - [2025-02-09T18:58:39.737-0700] {dag.py:4180} INFO - Setting next_dagrun for consume_1_or_both_2_and_3_with_dataset_expressions to None, run_after=None
[2025-02-09T18:58:39.738-0700] {logging_mixin.py:190} INFO - [2025-02-09T18:58:39.737-0700] {dag.py:4180} INFO - Setting next_dagrun for dataset_consumes_1 to None, run_after=None
[2025-02-09T18:58:39.738-0700] {logging_mixin.py:190} INFO - [2025-02-09T18:58:39.738-0700] {dag.py:4180} INFO - Setting next_dagrun for dataset_consumes_1_and_2 to None, run_after=None
[2025-02-09T18:58:39.738-0700] {logging_mixin.py:190} INFO - [2025-02-09T18:58:39.738-0700] {dag.py:4180} INFO - Setting next_dagrun for dataset_consumes_1_never_scheduled to None, run_after=None
[2025-02-09T18:58:39.739-0700] {logging_mixin.py:190} INFO - [2025-02-09T18:58:39.739-0700] {dag.py:4180} INFO - Setting next_dagrun for dataset_consumes_unknown_never_scheduled to None, run_after=None
[2025-02-09T18:58:39.740-0700] {logging_mixin.py:190} INFO - [2025-02-09T18:58:39.739-0700] {dag.py:4180} INFO - Setting next_dagrun for dataset_produces_1 to 2025-02-09 00:00:00+00:00, run_after=2025-02-10 00:00:00+00:00
[2025-02-09T18:58:39.740-0700] {logging_mixin.py:190} INFO - [2025-02-09T18:58:39.740-0700] {dag.py:4180} INFO - Setting next_dagrun for dataset_produces_2 to None, run_after=None
[2025-02-09T18:58:39.751-0700] {processor.py:208} INFO - Processing /Users/pranithjain/Desktop/DE Project/Apache Airflow Project/venv/lib/python3.10/site-packages/airflow/example_dags/example_datasets.py took 0.126 seconds
[2025-02-09T19:07:26.108-0700] {processor.py:186} INFO - Started process (PID=22089) to work on /Users/pranithjain/Desktop/DE Project/Apache Airflow Project/venv/lib/python3.10/site-packages/airflow/example_dags/example_datasets.py
[2025-02-09T19:07:26.108-0700] {processor.py:914} INFO - Processing file /Users/pranithjain/Desktop/DE Project/Apache Airflow Project/venv/lib/python3.10/site-packages/airflow/example_dags/example_datasets.py for tasks to queue
[2025-02-09T19:07:26.109-0700] {logging_mixin.py:190} INFO - [2025-02-09T19:07:26.109-0700] {dagbag.py:588} INFO - Filling up the DagBag from /Users/pranithjain/Desktop/DE Project/Apache Airflow Project/venv/lib/python3.10/site-packages/airflow/example_dags/example_datasets.py
[2025-02-09T19:07:26.128-0700] {processor.py:925} INFO - DAG(s) 'dataset_produces_1', 'consume_1_and_2_with_dataset_expressions', 'dataset_consumes_1', 'consume_1_or_both_2_and_3_with_dataset_expressions', 'conditional_dataset_and_time_based_timetable', 'dataset_consumes_unknown_never_scheduled', 'consume_1_or_2_with_dataset_expressions', 'dataset_consumes_1_never_scheduled', 'dataset_consumes_1_and_2', 'dataset_produces_2' retrieved from /Users/pranithjain/Desktop/DE Project/Apache Airflow Project/venv/lib/python3.10/site-packages/airflow/example_dags/example_datasets.py
[2025-02-09T19:07:26.203-0700] {logging_mixin.py:190} INFO - [2025-02-09T19:07:26.203-0700] {dag.py:3239} INFO - Sync 10 DAGs
[2025-02-09T19:07:26.211-0700] {logging_mixin.py:190} INFO - [2025-02-09T19:07:26.211-0700] {dag.py:4180} INFO - Setting next_dagrun for conditional_dataset_and_time_based_timetable to 2025-02-05 01:00:00+00:00, run_after=2025-02-05 01:00:00+00:00
[2025-02-09T19:07:26.213-0700] {logging_mixin.py:190} INFO - [2025-02-09T19:07:26.213-0700] {dag.py:4180} INFO - Setting next_dagrun for consume_1_and_2_with_dataset_expressions to None, run_after=None
[2025-02-09T19:07:26.213-0700] {logging_mixin.py:190} INFO - [2025-02-09T19:07:26.213-0700] {dag.py:4180} INFO - Setting next_dagrun for consume_1_or_2_with_dataset_expressions to None, run_after=None
[2025-02-09T19:07:26.214-0700] {logging_mixin.py:190} INFO - [2025-02-09T19:07:26.214-0700] {dag.py:4180} INFO - Setting next_dagrun for consume_1_or_both_2_and_3_with_dataset_expressions to None, run_after=None
[2025-02-09T19:07:26.214-0700] {logging_mixin.py:190} INFO - [2025-02-09T19:07:26.214-0700] {dag.py:4180} INFO - Setting next_dagrun for dataset_consumes_1 to None, run_after=None
[2025-02-09T19:07:26.215-0700] {logging_mixin.py:190} INFO - [2025-02-09T19:07:26.214-0700] {dag.py:4180} INFO - Setting next_dagrun for dataset_consumes_1_and_2 to None, run_after=None
[2025-02-09T19:07:26.215-0700] {logging_mixin.py:190} INFO - [2025-02-09T19:07:26.215-0700] {dag.py:4180} INFO - Setting next_dagrun for dataset_consumes_1_never_scheduled to None, run_after=None
[2025-02-09T19:07:26.215-0700] {logging_mixin.py:190} INFO - [2025-02-09T19:07:26.215-0700] {dag.py:4180} INFO - Setting next_dagrun for dataset_consumes_unknown_never_scheduled to None, run_after=None
[2025-02-09T19:07:26.216-0700] {logging_mixin.py:190} INFO - [2025-02-09T19:07:26.216-0700] {dag.py:4180} INFO - Setting next_dagrun for dataset_produces_1 to 2025-02-09 00:00:00+00:00, run_after=2025-02-10 00:00:00+00:00
[2025-02-09T19:07:26.216-0700] {logging_mixin.py:190} INFO - [2025-02-09T19:07:26.216-0700] {dag.py:4180} INFO - Setting next_dagrun for dataset_produces_2 to None, run_after=None
[2025-02-09T19:07:26.227-0700] {processor.py:208} INFO - Processing /Users/pranithjain/Desktop/DE Project/Apache Airflow Project/venv/lib/python3.10/site-packages/airflow/example_dags/example_datasets.py took 0.121 seconds
[2025-02-09T19:09:47.613-0700] {processor.py:186} INFO - Started process (PID=22526) to work on /Users/pranithjain/Desktop/DE Project/Apache Airflow Project/venv/lib/python3.10/site-packages/airflow/example_dags/example_datasets.py
[2025-02-09T19:09:47.613-0700] {processor.py:914} INFO - Processing file /Users/pranithjain/Desktop/DE Project/Apache Airflow Project/venv/lib/python3.10/site-packages/airflow/example_dags/example_datasets.py for tasks to queue
[2025-02-09T19:09:47.614-0700] {logging_mixin.py:190} INFO - [2025-02-09T19:09:47.613-0700] {dagbag.py:588} INFO - Filling up the DagBag from /Users/pranithjain/Desktop/DE Project/Apache Airflow Project/venv/lib/python3.10/site-packages/airflow/example_dags/example_datasets.py
[2025-02-09T19:09:47.632-0700] {processor.py:925} INFO - DAG(s) 'dataset_consumes_1', 'consume_1_or_both_2_and_3_with_dataset_expressions', 'dataset_consumes_1_and_2', 'consume_1_or_2_with_dataset_expressions', 'dataset_consumes_1_never_scheduled', 'conditional_dataset_and_time_based_timetable', 'dataset_consumes_unknown_never_scheduled', 'dataset_produces_2', 'dataset_produces_1', 'consume_1_and_2_with_dataset_expressions' retrieved from /Users/pranithjain/Desktop/DE Project/Apache Airflow Project/venv/lib/python3.10/site-packages/airflow/example_dags/example_datasets.py
[2025-02-09T19:09:47.779-0700] {logging_mixin.py:190} INFO - [2025-02-09T19:09:47.779-0700] {dag.py:3239} INFO - Sync 10 DAGs
[2025-02-09T19:09:47.788-0700] {logging_mixin.py:190} INFO - [2025-02-09T19:09:47.788-0700] {dag.py:4180} INFO - Setting next_dagrun for conditional_dataset_and_time_based_timetable to 2025-02-05 01:00:00+00:00, run_after=2025-02-05 01:00:00+00:00
[2025-02-09T19:09:47.790-0700] {logging_mixin.py:190} INFO - [2025-02-09T19:09:47.790-0700] {dag.py:4180} INFO - Setting next_dagrun for consume_1_and_2_with_dataset_expressions to None, run_after=None
[2025-02-09T19:09:47.790-0700] {logging_mixin.py:190} INFO - [2025-02-09T19:09:47.790-0700] {dag.py:4180} INFO - Setting next_dagrun for consume_1_or_2_with_dataset_expressions to None, run_after=None
[2025-02-09T19:09:47.791-0700] {logging_mixin.py:190} INFO - [2025-02-09T19:09:47.791-0700] {dag.py:4180} INFO - Setting next_dagrun for consume_1_or_both_2_and_3_with_dataset_expressions to None, run_after=None
[2025-02-09T19:09:47.791-0700] {logging_mixin.py:190} INFO - [2025-02-09T19:09:47.791-0700] {dag.py:4180} INFO - Setting next_dagrun for dataset_consumes_1 to None, run_after=None
[2025-02-09T19:09:47.791-0700] {logging_mixin.py:190} INFO - [2025-02-09T19:09:47.791-0700] {dag.py:4180} INFO - Setting next_dagrun for dataset_consumes_1_and_2 to None, run_after=None
[2025-02-09T19:09:47.792-0700] {logging_mixin.py:190} INFO - [2025-02-09T19:09:47.792-0700] {dag.py:4180} INFO - Setting next_dagrun for dataset_consumes_1_never_scheduled to None, run_after=None
[2025-02-09T19:09:47.792-0700] {logging_mixin.py:190} INFO - [2025-02-09T19:09:47.792-0700] {dag.py:4180} INFO - Setting next_dagrun for dataset_consumes_unknown_never_scheduled to None, run_after=None
[2025-02-09T19:09:47.793-0700] {logging_mixin.py:190} INFO - [2025-02-09T19:09:47.793-0700] {dag.py:4180} INFO - Setting next_dagrun for dataset_produces_1 to 2025-02-09 00:00:00+00:00, run_after=2025-02-10 00:00:00+00:00
[2025-02-09T19:09:47.793-0700] {logging_mixin.py:190} INFO - [2025-02-09T19:09:47.793-0700] {dag.py:4180} INFO - Setting next_dagrun for dataset_produces_2 to None, run_after=None
[2025-02-09T19:09:47.806-0700] {processor.py:208} INFO - Processing /Users/pranithjain/Desktop/DE Project/Apache Airflow Project/venv/lib/python3.10/site-packages/airflow/example_dags/example_datasets.py took 0.194 seconds
[2025-02-09T19:13:58.408-0700] {processor.py:186} INFO - Started process (PID=23249) to work on /Users/pranithjain/Desktop/DE Project/Apache Airflow Project/venv/lib/python3.10/site-packages/airflow/example_dags/example_datasets.py
[2025-02-09T19:13:58.408-0700] {processor.py:914} INFO - Processing file /Users/pranithjain/Desktop/DE Project/Apache Airflow Project/venv/lib/python3.10/site-packages/airflow/example_dags/example_datasets.py for tasks to queue
[2025-02-09T19:13:58.409-0700] {logging_mixin.py:190} INFO - [2025-02-09T19:13:58.409-0700] {dagbag.py:588} INFO - Filling up the DagBag from /Users/pranithjain/Desktop/DE Project/Apache Airflow Project/venv/lib/python3.10/site-packages/airflow/example_dags/example_datasets.py
[2025-02-09T19:13:58.492-0700] {processor.py:925} INFO - DAG(s) 'consume_1_and_2_with_dataset_expressions', 'dataset_consumes_1_never_scheduled', 'dataset_consumes_1_and_2', 'conditional_dataset_and_time_based_timetable', 'dataset_produces_2', 'consume_1_or_2_with_dataset_expressions', 'consume_1_or_both_2_and_3_with_dataset_expressions', 'dataset_consumes_unknown_never_scheduled', 'dataset_produces_1', 'dataset_consumes_1' retrieved from /Users/pranithjain/Desktop/DE Project/Apache Airflow Project/venv/lib/python3.10/site-packages/airflow/example_dags/example_datasets.py
[2025-02-09T19:13:58.540-0700] {logging_mixin.py:190} INFO - [2025-02-09T19:13:58.540-0700] {dag.py:3239} INFO - Sync 10 DAGs
[2025-02-09T19:13:58.548-0700] {logging_mixin.py:190} INFO - [2025-02-09T19:13:58.548-0700] {dag.py:4180} INFO - Setting next_dagrun for conditional_dataset_and_time_based_timetable to 2025-02-05 01:00:00+00:00, run_after=2025-02-05 01:00:00+00:00
[2025-02-09T19:13:58.549-0700] {logging_mixin.py:190} INFO - [2025-02-09T19:13:58.549-0700] {dag.py:4180} INFO - Setting next_dagrun for consume_1_and_2_with_dataset_expressions to None, run_after=None
[2025-02-09T19:13:58.550-0700] {logging_mixin.py:190} INFO - [2025-02-09T19:13:58.550-0700] {dag.py:4180} INFO - Setting next_dagrun for consume_1_or_2_with_dataset_expressions to None, run_after=None
[2025-02-09T19:13:58.550-0700] {logging_mixin.py:190} INFO - [2025-02-09T19:13:58.550-0700] {dag.py:4180} INFO - Setting next_dagrun for consume_1_or_both_2_and_3_with_dataset_expressions to None, run_after=None
[2025-02-09T19:13:58.551-0700] {logging_mixin.py:190} INFO - [2025-02-09T19:13:58.550-0700] {dag.py:4180} INFO - Setting next_dagrun for dataset_consumes_1 to None, run_after=None
[2025-02-09T19:13:58.551-0700] {logging_mixin.py:190} INFO - [2025-02-09T19:13:58.551-0700] {dag.py:4180} INFO - Setting next_dagrun for dataset_consumes_1_and_2 to None, run_after=None
[2025-02-09T19:13:58.551-0700] {logging_mixin.py:190} INFO - [2025-02-09T19:13:58.551-0700] {dag.py:4180} INFO - Setting next_dagrun for dataset_consumes_1_never_scheduled to None, run_after=None
[2025-02-09T19:13:58.552-0700] {logging_mixin.py:190} INFO - [2025-02-09T19:13:58.551-0700] {dag.py:4180} INFO - Setting next_dagrun for dataset_consumes_unknown_never_scheduled to None, run_after=None
[2025-02-09T19:13:58.552-0700] {logging_mixin.py:190} INFO - [2025-02-09T19:13:58.552-0700] {dag.py:4180} INFO - Setting next_dagrun for dataset_produces_1 to 2025-02-09 00:00:00+00:00, run_after=2025-02-10 00:00:00+00:00
[2025-02-09T19:13:58.553-0700] {logging_mixin.py:190} INFO - [2025-02-09T19:13:58.553-0700] {dag.py:4180} INFO - Setting next_dagrun for dataset_produces_2 to None, run_after=None
[2025-02-09T19:13:58.564-0700] {processor.py:208} INFO - Processing /Users/pranithjain/Desktop/DE Project/Apache Airflow Project/venv/lib/python3.10/site-packages/airflow/example_dags/example_datasets.py took 0.157 seconds
[2025-02-09T19:16:16.945-0700] {processor.py:186} INFO - Started process (PID=23677) to work on /Users/pranithjain/Desktop/DE Project/Apache Airflow Project/venv/lib/python3.10/site-packages/airflow/example_dags/example_datasets.py
[2025-02-09T19:16:16.945-0700] {processor.py:914} INFO - Processing file /Users/pranithjain/Desktop/DE Project/Apache Airflow Project/venv/lib/python3.10/site-packages/airflow/example_dags/example_datasets.py for tasks to queue
[2025-02-09T19:16:16.946-0700] {logging_mixin.py:190} INFO - [2025-02-09T19:16:16.946-0700] {dagbag.py:588} INFO - Filling up the DagBag from /Users/pranithjain/Desktop/DE Project/Apache Airflow Project/venv/lib/python3.10/site-packages/airflow/example_dags/example_datasets.py
[2025-02-09T19:16:17.028-0700] {processor.py:925} INFO - DAG(s) 'consume_1_and_2_with_dataset_expressions', 'conditional_dataset_and_time_based_timetable', 'dataset_consumes_unknown_never_scheduled', 'dataset_consumes_1_and_2', 'consume_1_or_2_with_dataset_expressions', 'consume_1_or_both_2_and_3_with_dataset_expressions', 'dataset_consumes_1_never_scheduled', 'dataset_produces_1', 'dataset_consumes_1', 'dataset_produces_2' retrieved from /Users/pranithjain/Desktop/DE Project/Apache Airflow Project/venv/lib/python3.10/site-packages/airflow/example_dags/example_datasets.py
[2025-02-09T19:16:17.077-0700] {logging_mixin.py:190} INFO - [2025-02-09T19:16:17.077-0700] {dag.py:3239} INFO - Sync 10 DAGs
[2025-02-09T19:16:17.085-0700] {logging_mixin.py:190} INFO - [2025-02-09T19:16:17.085-0700] {dag.py:4180} INFO - Setting next_dagrun for conditional_dataset_and_time_based_timetable to 2025-02-05 01:00:00+00:00, run_after=2025-02-05 01:00:00+00:00
[2025-02-09T19:16:17.087-0700] {logging_mixin.py:190} INFO - [2025-02-09T19:16:17.087-0700] {dag.py:4180} INFO - Setting next_dagrun for consume_1_and_2_with_dataset_expressions to None, run_after=None
[2025-02-09T19:16:17.087-0700] {logging_mixin.py:190} INFO - [2025-02-09T19:16:17.087-0700] {dag.py:4180} INFO - Setting next_dagrun for consume_1_or_2_with_dataset_expressions to None, run_after=None
[2025-02-09T19:16:17.087-0700] {logging_mixin.py:190} INFO - [2025-02-09T19:16:17.087-0700] {dag.py:4180} INFO - Setting next_dagrun for consume_1_or_both_2_and_3_with_dataset_expressions to None, run_after=None
[2025-02-09T19:16:17.088-0700] {logging_mixin.py:190} INFO - [2025-02-09T19:16:17.088-0700] {dag.py:4180} INFO - Setting next_dagrun for dataset_consumes_1 to None, run_after=None
[2025-02-09T19:16:17.088-0700] {logging_mixin.py:190} INFO - [2025-02-09T19:16:17.088-0700] {dag.py:4180} INFO - Setting next_dagrun for dataset_consumes_1_and_2 to None, run_after=None
[2025-02-09T19:16:17.088-0700] {logging_mixin.py:190} INFO - [2025-02-09T19:16:17.088-0700] {dag.py:4180} INFO - Setting next_dagrun for dataset_consumes_1_never_scheduled to None, run_after=None
[2025-02-09T19:16:17.089-0700] {logging_mixin.py:190} INFO - [2025-02-09T19:16:17.089-0700] {dag.py:4180} INFO - Setting next_dagrun for dataset_consumes_unknown_never_scheduled to None, run_after=None
[2025-02-09T19:16:17.090-0700] {logging_mixin.py:190} INFO - [2025-02-09T19:16:17.090-0700] {dag.py:4180} INFO - Setting next_dagrun for dataset_produces_1 to 2025-02-09 00:00:00+00:00, run_after=2025-02-10 00:00:00+00:00
[2025-02-09T19:16:17.090-0700] {logging_mixin.py:190} INFO - [2025-02-09T19:16:17.090-0700] {dag.py:4180} INFO - Setting next_dagrun for dataset_produces_2 to None, run_after=None
[2025-02-09T19:16:17.102-0700] {processor.py:208} INFO - Processing /Users/pranithjain/Desktop/DE Project/Apache Airflow Project/venv/lib/python3.10/site-packages/airflow/example_dags/example_datasets.py took 0.159 seconds
[2025-02-09T19:18:43.972-0700] {processor.py:186} INFO - Started process (PID=24121) to work on /Users/pranithjain/Desktop/DE Project/Apache Airflow Project/venv/lib/python3.10/site-packages/airflow/example_dags/example_datasets.py
[2025-02-09T19:18:43.973-0700] {processor.py:914} INFO - Processing file /Users/pranithjain/Desktop/DE Project/Apache Airflow Project/venv/lib/python3.10/site-packages/airflow/example_dags/example_datasets.py for tasks to queue
[2025-02-09T19:18:43.974-0700] {logging_mixin.py:190} INFO - [2025-02-09T19:18:43.974-0700] {dagbag.py:588} INFO - Filling up the DagBag from /Users/pranithjain/Desktop/DE Project/Apache Airflow Project/venv/lib/python3.10/site-packages/airflow/example_dags/example_datasets.py
[2025-02-09T19:18:44.067-0700] {processor.py:925} INFO - DAG(s) 'dataset_consumes_1_never_scheduled', 'consume_1_and_2_with_dataset_expressions', 'dataset_consumes_unknown_never_scheduled', 'dataset_consumes_1_and_2', 'dataset_produces_1', 'consume_1_or_both_2_and_3_with_dataset_expressions', 'consume_1_or_2_with_dataset_expressions', 'dataset_consumes_1', 'dataset_produces_2', 'conditional_dataset_and_time_based_timetable' retrieved from /Users/pranithjain/Desktop/DE Project/Apache Airflow Project/venv/lib/python3.10/site-packages/airflow/example_dags/example_datasets.py
[2025-02-09T19:18:44.120-0700] {logging_mixin.py:190} INFO - [2025-02-09T19:18:44.120-0700] {dag.py:3239} INFO - Sync 10 DAGs
[2025-02-09T19:18:44.129-0700] {logging_mixin.py:190} INFO - [2025-02-09T19:18:44.129-0700] {dag.py:4180} INFO - Setting next_dagrun for conditional_dataset_and_time_based_timetable to 2025-02-05 01:00:00+00:00, run_after=2025-02-05 01:00:00+00:00
[2025-02-09T19:18:44.130-0700] {logging_mixin.py:190} INFO - [2025-02-09T19:18:44.130-0700] {dag.py:4180} INFO - Setting next_dagrun for consume_1_and_2_with_dataset_expressions to None, run_after=None
[2025-02-09T19:18:44.131-0700] {logging_mixin.py:190} INFO - [2025-02-09T19:18:44.131-0700] {dag.py:4180} INFO - Setting next_dagrun for consume_1_or_2_with_dataset_expressions to None, run_after=None
[2025-02-09T19:18:44.131-0700] {logging_mixin.py:190} INFO - [2025-02-09T19:18:44.131-0700] {dag.py:4180} INFO - Setting next_dagrun for consume_1_or_both_2_and_3_with_dataset_expressions to None, run_after=None
[2025-02-09T19:18:44.132-0700] {logging_mixin.py:190} INFO - [2025-02-09T19:18:44.131-0700] {dag.py:4180} INFO - Setting next_dagrun for dataset_consumes_1 to None, run_after=None
[2025-02-09T19:18:44.132-0700] {logging_mixin.py:190} INFO - [2025-02-09T19:18:44.132-0700] {dag.py:4180} INFO - Setting next_dagrun for dataset_consumes_1_and_2 to None, run_after=None
[2025-02-09T19:18:44.132-0700] {logging_mixin.py:190} INFO - [2025-02-09T19:18:44.132-0700] {dag.py:4180} INFO - Setting next_dagrun for dataset_consumes_1_never_scheduled to None, run_after=None
[2025-02-09T19:18:44.133-0700] {logging_mixin.py:190} INFO - [2025-02-09T19:18:44.133-0700] {dag.py:4180} INFO - Setting next_dagrun for dataset_consumes_unknown_never_scheduled to None, run_after=None
[2025-02-09T19:18:44.134-0700] {logging_mixin.py:190} INFO - [2025-02-09T19:18:44.134-0700] {dag.py:4180} INFO - Setting next_dagrun for dataset_produces_1 to 2025-02-09 00:00:00+00:00, run_after=2025-02-10 00:00:00+00:00
[2025-02-09T19:18:44.134-0700] {logging_mixin.py:190} INFO - [2025-02-09T19:18:44.134-0700] {dag.py:4180} INFO - Setting next_dagrun for dataset_produces_2 to None, run_after=None
[2025-02-09T19:18:44.147-0700] {processor.py:208} INFO - Processing /Users/pranithjain/Desktop/DE Project/Apache Airflow Project/venv/lib/python3.10/site-packages/airflow/example_dags/example_datasets.py took 0.177 seconds
[2025-02-09T19:21:10.501-0700] {processor.py:186} INFO - Started process (PID=24571) to work on /Users/pranithjain/Desktop/DE Project/Apache Airflow Project/venv/lib/python3.10/site-packages/airflow/example_dags/example_datasets.py
[2025-02-09T19:21:10.502-0700] {processor.py:914} INFO - Processing file /Users/pranithjain/Desktop/DE Project/Apache Airflow Project/venv/lib/python3.10/site-packages/airflow/example_dags/example_datasets.py for tasks to queue
[2025-02-09T19:21:10.502-0700] {logging_mixin.py:190} INFO - [2025-02-09T19:21:10.502-0700] {dagbag.py:588} INFO - Filling up the DagBag from /Users/pranithjain/Desktop/DE Project/Apache Airflow Project/venv/lib/python3.10/site-packages/airflow/example_dags/example_datasets.py
[2025-02-09T19:21:10.598-0700] {processor.py:925} INFO - DAG(s) 'conditional_dataset_and_time_based_timetable', 'consume_1_or_both_2_and_3_with_dataset_expressions', 'dataset_consumes_1', 'dataset_consumes_1_never_scheduled', 'dataset_consumes_1_and_2', 'consume_1_or_2_with_dataset_expressions', 'dataset_produces_1', 'consume_1_and_2_with_dataset_expressions', 'dataset_produces_2', 'dataset_consumes_unknown_never_scheduled' retrieved from /Users/pranithjain/Desktop/DE Project/Apache Airflow Project/venv/lib/python3.10/site-packages/airflow/example_dags/example_datasets.py
[2025-02-09T19:21:10.647-0700] {logging_mixin.py:190} INFO - [2025-02-09T19:21:10.646-0700] {dag.py:3239} INFO - Sync 10 DAGs
[2025-02-09T19:21:10.655-0700] {logging_mixin.py:190} INFO - [2025-02-09T19:21:10.654-0700] {dag.py:4180} INFO - Setting next_dagrun for conditional_dataset_and_time_based_timetable to 2025-02-05 01:00:00+00:00, run_after=2025-02-05 01:00:00+00:00
[2025-02-09T19:21:10.656-0700] {logging_mixin.py:190} INFO - [2025-02-09T19:21:10.656-0700] {dag.py:4180} INFO - Setting next_dagrun for consume_1_and_2_with_dataset_expressions to None, run_after=None
[2025-02-09T19:21:10.656-0700] {logging_mixin.py:190} INFO - [2025-02-09T19:21:10.656-0700] {dag.py:4180} INFO - Setting next_dagrun for consume_1_or_2_with_dataset_expressions to None, run_after=None
[2025-02-09T19:21:10.656-0700] {logging_mixin.py:190} INFO - [2025-02-09T19:21:10.656-0700] {dag.py:4180} INFO - Setting next_dagrun for consume_1_or_both_2_and_3_with_dataset_expressions to None, run_after=None
[2025-02-09T19:21:10.657-0700] {logging_mixin.py:190} INFO - [2025-02-09T19:21:10.657-0700] {dag.py:4180} INFO - Setting next_dagrun for dataset_consumes_1 to None, run_after=None
[2025-02-09T19:21:10.657-0700] {logging_mixin.py:190} INFO - [2025-02-09T19:21:10.657-0700] {dag.py:4180} INFO - Setting next_dagrun for dataset_consumes_1_and_2 to None, run_after=None
[2025-02-09T19:21:10.657-0700] {logging_mixin.py:190} INFO - [2025-02-09T19:21:10.657-0700] {dag.py:4180} INFO - Setting next_dagrun for dataset_consumes_1_never_scheduled to None, run_after=None
[2025-02-09T19:21:10.658-0700] {logging_mixin.py:190} INFO - [2025-02-09T19:21:10.658-0700] {dag.py:4180} INFO - Setting next_dagrun for dataset_consumes_unknown_never_scheduled to None, run_after=None
[2025-02-09T19:21:10.659-0700] {logging_mixin.py:190} INFO - [2025-02-09T19:21:10.658-0700] {dag.py:4180} INFO - Setting next_dagrun for dataset_produces_1 to 2025-02-09 00:00:00+00:00, run_after=2025-02-10 00:00:00+00:00
[2025-02-09T19:21:10.659-0700] {logging_mixin.py:190} INFO - [2025-02-09T19:21:10.659-0700] {dag.py:4180} INFO - Setting next_dagrun for dataset_produces_2 to None, run_after=None
[2025-02-09T19:21:10.670-0700] {processor.py:208} INFO - Processing /Users/pranithjain/Desktop/DE Project/Apache Airflow Project/venv/lib/python3.10/site-packages/airflow/example_dags/example_datasets.py took 0.170 seconds
[2025-02-09T19:23:35.030-0700] {processor.py:186} INFO - Started process (PID=25104) to work on /Users/pranithjain/Desktop/DE Project/Apache Airflow Project/venv/lib/python3.10/site-packages/airflow/example_dags/example_datasets.py
[2025-02-09T19:23:35.031-0700] {processor.py:914} INFO - Processing file /Users/pranithjain/Desktop/DE Project/Apache Airflow Project/venv/lib/python3.10/site-packages/airflow/example_dags/example_datasets.py for tasks to queue
[2025-02-09T19:23:35.031-0700] {logging_mixin.py:190} INFO - [2025-02-09T19:23:35.031-0700] {dagbag.py:588} INFO - Filling up the DagBag from /Users/pranithjain/Desktop/DE Project/Apache Airflow Project/venv/lib/python3.10/site-packages/airflow/example_dags/example_datasets.py
[2025-02-09T19:23:35.116-0700] {processor.py:925} INFO - DAG(s) 'conditional_dataset_and_time_based_timetable', 'consume_1_or_both_2_and_3_with_dataset_expressions', 'dataset_produces_2', 'dataset_produces_1', 'dataset_consumes_1', 'consume_1_and_2_with_dataset_expressions', 'consume_1_or_2_with_dataset_expressions', 'dataset_consumes_1_and_2', 'dataset_consumes_unknown_never_scheduled', 'dataset_consumes_1_never_scheduled' retrieved from /Users/pranithjain/Desktop/DE Project/Apache Airflow Project/venv/lib/python3.10/site-packages/airflow/example_dags/example_datasets.py
[2025-02-09T19:23:35.165-0700] {logging_mixin.py:190} INFO - [2025-02-09T19:23:35.165-0700] {dag.py:3239} INFO - Sync 10 DAGs
[2025-02-09T19:23:35.173-0700] {logging_mixin.py:190} INFO - [2025-02-09T19:23:35.173-0700] {dag.py:4180} INFO - Setting next_dagrun for conditional_dataset_and_time_based_timetable to 2025-02-05 01:00:00+00:00, run_after=2025-02-05 01:00:00+00:00
[2025-02-09T19:23:35.174-0700] {logging_mixin.py:190} INFO - [2025-02-09T19:23:35.174-0700] {dag.py:4180} INFO - Setting next_dagrun for consume_1_and_2_with_dataset_expressions to None, run_after=None
[2025-02-09T19:23:35.175-0700] {logging_mixin.py:190} INFO - [2025-02-09T19:23:35.174-0700] {dag.py:4180} INFO - Setting next_dagrun for consume_1_or_2_with_dataset_expressions to None, run_after=None
[2025-02-09T19:23:35.175-0700] {logging_mixin.py:190} INFO - [2025-02-09T19:23:35.175-0700] {dag.py:4180} INFO - Setting next_dagrun for consume_1_or_both_2_and_3_with_dataset_expressions to None, run_after=None
[2025-02-09T19:23:35.175-0700] {logging_mixin.py:190} INFO - [2025-02-09T19:23:35.175-0700] {dag.py:4180} INFO - Setting next_dagrun for dataset_consumes_1 to None, run_after=None
[2025-02-09T19:23:35.175-0700] {logging_mixin.py:190} INFO - [2025-02-09T19:23:35.175-0700] {dag.py:4180} INFO - Setting next_dagrun for dataset_consumes_1_and_2 to None, run_after=None
[2025-02-09T19:23:35.176-0700] {logging_mixin.py:190} INFO - [2025-02-09T19:23:35.176-0700] {dag.py:4180} INFO - Setting next_dagrun for dataset_consumes_1_never_scheduled to None, run_after=None
[2025-02-09T19:23:35.176-0700] {logging_mixin.py:190} INFO - [2025-02-09T19:23:35.176-0700] {dag.py:4180} INFO - Setting next_dagrun for dataset_consumes_unknown_never_scheduled to None, run_after=None
[2025-02-09T19:23:35.177-0700] {logging_mixin.py:190} INFO - [2025-02-09T19:23:35.177-0700] {dag.py:4180} INFO - Setting next_dagrun for dataset_produces_1 to 2025-02-09 00:00:00+00:00, run_after=2025-02-10 00:00:00+00:00
[2025-02-09T19:23:35.177-0700] {logging_mixin.py:190} INFO - [2025-02-09T19:23:35.177-0700] {dag.py:4180} INFO - Setting next_dagrun for dataset_produces_2 to None, run_after=None
[2025-02-09T19:23:35.188-0700] {processor.py:208} INFO - Processing /Users/pranithjain/Desktop/DE Project/Apache Airflow Project/venv/lib/python3.10/site-packages/airflow/example_dags/example_datasets.py took 0.160 seconds
[2025-02-09T19:25:49.212-0700] {processor.py:186} INFO - Started process (PID=25517) to work on /Users/pranithjain/Desktop/DE Project/Apache Airflow Project/venv/lib/python3.10/site-packages/airflow/example_dags/example_datasets.py
[2025-02-09T19:25:49.213-0700] {processor.py:914} INFO - Processing file /Users/pranithjain/Desktop/DE Project/Apache Airflow Project/venv/lib/python3.10/site-packages/airflow/example_dags/example_datasets.py for tasks to queue
[2025-02-09T19:25:49.213-0700] {logging_mixin.py:190} INFO - [2025-02-09T19:25:49.213-0700] {dagbag.py:588} INFO - Filling up the DagBag from /Users/pranithjain/Desktop/DE Project/Apache Airflow Project/venv/lib/python3.10/site-packages/airflow/example_dags/example_datasets.py
[2025-02-09T19:25:49.303-0700] {processor.py:925} INFO - DAG(s) 'dataset_produces_2', 'dataset_produces_1', 'consume_1_or_2_with_dataset_expressions', 'dataset_consumes_unknown_never_scheduled', 'conditional_dataset_and_time_based_timetable', 'dataset_consumes_1', 'consume_1_and_2_with_dataset_expressions', 'dataset_consumes_1_never_scheduled', 'consume_1_or_both_2_and_3_with_dataset_expressions', 'dataset_consumes_1_and_2' retrieved from /Users/pranithjain/Desktop/DE Project/Apache Airflow Project/venv/lib/python3.10/site-packages/airflow/example_dags/example_datasets.py
[2025-02-09T19:25:49.358-0700] {logging_mixin.py:190} INFO - [2025-02-09T19:25:49.358-0700] {dag.py:3239} INFO - Sync 10 DAGs
[2025-02-09T19:25:49.367-0700] {logging_mixin.py:190} INFO - [2025-02-09T19:25:49.367-0700] {dag.py:4180} INFO - Setting next_dagrun for conditional_dataset_and_time_based_timetable to 2025-02-05 01:00:00+00:00, run_after=2025-02-05 01:00:00+00:00
[2025-02-09T19:25:49.368-0700] {logging_mixin.py:190} INFO - [2025-02-09T19:25:49.368-0700] {dag.py:4180} INFO - Setting next_dagrun for consume_1_and_2_with_dataset_expressions to None, run_after=None
[2025-02-09T19:25:49.369-0700] {logging_mixin.py:190} INFO - [2025-02-09T19:25:49.369-0700] {dag.py:4180} INFO - Setting next_dagrun for consume_1_or_2_with_dataset_expressions to None, run_after=None
[2025-02-09T19:25:49.369-0700] {logging_mixin.py:190} INFO - [2025-02-09T19:25:49.369-0700] {dag.py:4180} INFO - Setting next_dagrun for consume_1_or_both_2_and_3_with_dataset_expressions to None, run_after=None
[2025-02-09T19:25:49.369-0700] {logging_mixin.py:190} INFO - [2025-02-09T19:25:49.369-0700] {dag.py:4180} INFO - Setting next_dagrun for dataset_consumes_1 to None, run_after=None
[2025-02-09T19:25:49.370-0700] {logging_mixin.py:190} INFO - [2025-02-09T19:25:49.370-0700] {dag.py:4180} INFO - Setting next_dagrun for dataset_consumes_1_and_2 to None, run_after=None
[2025-02-09T19:25:49.370-0700] {logging_mixin.py:190} INFO - [2025-02-09T19:25:49.370-0700] {dag.py:4180} INFO - Setting next_dagrun for dataset_consumes_1_never_scheduled to None, run_after=None
[2025-02-09T19:25:49.371-0700] {logging_mixin.py:190} INFO - [2025-02-09T19:25:49.370-0700] {dag.py:4180} INFO - Setting next_dagrun for dataset_consumes_unknown_never_scheduled to None, run_after=None
[2025-02-09T19:25:49.371-0700] {logging_mixin.py:190} INFO - [2025-02-09T19:25:49.371-0700] {dag.py:4180} INFO - Setting next_dagrun for dataset_produces_1 to 2025-02-09 00:00:00+00:00, run_after=2025-02-10 00:00:00+00:00
[2025-02-09T19:25:49.372-0700] {logging_mixin.py:190} INFO - [2025-02-09T19:25:49.372-0700] {dag.py:4180} INFO - Setting next_dagrun for dataset_produces_2 to None, run_after=None
[2025-02-09T19:25:49.384-0700] {processor.py:208} INFO - Processing /Users/pranithjain/Desktop/DE Project/Apache Airflow Project/venv/lib/python3.10/site-packages/airflow/example_dags/example_datasets.py took 0.173 seconds
[2025-02-09T19:29:23.233-0700] {processor.py:186} INFO - Started process (PID=26321) to work on /Users/pranithjain/Desktop/DE Project/Apache Airflow Project/venv/lib/python3.10/site-packages/airflow/example_dags/example_datasets.py
[2025-02-09T19:29:23.235-0700] {processor.py:914} INFO - Processing file /Users/pranithjain/Desktop/DE Project/Apache Airflow Project/venv/lib/python3.10/site-packages/airflow/example_dags/example_datasets.py for tasks to queue
[2025-02-09T19:29:23.235-0700] {logging_mixin.py:190} INFO - [2025-02-09T19:29:23.235-0700] {dagbag.py:588} INFO - Filling up the DagBag from /Users/pranithjain/Desktop/DE Project/Apache Airflow Project/venv/lib/python3.10/site-packages/airflow/example_dags/example_datasets.py
[2025-02-09T19:29:23.319-0700] {processor.py:925} INFO - DAG(s) 'conditional_dataset_and_time_based_timetable', 'dataset_consumes_unknown_never_scheduled', 'dataset_consumes_1_and_2', 'dataset_consumes_1', 'consume_1_or_both_2_and_3_with_dataset_expressions', 'dataset_produces_2', 'consume_1_and_2_with_dataset_expressions', 'dataset_consumes_1_never_scheduled', 'dataset_produces_1', 'consume_1_or_2_with_dataset_expressions' retrieved from /Users/pranithjain/Desktop/DE Project/Apache Airflow Project/venv/lib/python3.10/site-packages/airflow/example_dags/example_datasets.py
[2025-02-09T19:29:23.367-0700] {logging_mixin.py:190} INFO - [2025-02-09T19:29:23.367-0700] {dag.py:3239} INFO - Sync 10 DAGs
[2025-02-09T19:29:23.375-0700] {logging_mixin.py:190} INFO - [2025-02-09T19:29:23.375-0700] {dag.py:4180} INFO - Setting next_dagrun for conditional_dataset_and_time_based_timetable to 2025-02-05 01:00:00+00:00, run_after=2025-02-05 01:00:00+00:00
[2025-02-09T19:29:23.376-0700] {logging_mixin.py:190} INFO - [2025-02-09T19:29:23.376-0700] {dag.py:4180} INFO - Setting next_dagrun for consume_1_and_2_with_dataset_expressions to None, run_after=None
[2025-02-09T19:29:23.376-0700] {logging_mixin.py:190} INFO - [2025-02-09T19:29:23.376-0700] {dag.py:4180} INFO - Setting next_dagrun for consume_1_or_2_with_dataset_expressions to None, run_after=None
[2025-02-09T19:29:23.377-0700] {logging_mixin.py:190} INFO - [2025-02-09T19:29:23.376-0700] {dag.py:4180} INFO - Setting next_dagrun for consume_1_or_both_2_and_3_with_dataset_expressions to None, run_after=None
[2025-02-09T19:29:23.377-0700] {logging_mixin.py:190} INFO - [2025-02-09T19:29:23.377-0700] {dag.py:4180} INFO - Setting next_dagrun for dataset_consumes_1 to None, run_after=None
[2025-02-09T19:29:23.377-0700] {logging_mixin.py:190} INFO - [2025-02-09T19:29:23.377-0700] {dag.py:4180} INFO - Setting next_dagrun for dataset_consumes_1_and_2 to None, run_after=None
[2025-02-09T19:29:23.377-0700] {logging_mixin.py:190} INFO - [2025-02-09T19:29:23.377-0700] {dag.py:4180} INFO - Setting next_dagrun for dataset_consumes_1_never_scheduled to None, run_after=None
[2025-02-09T19:29:23.378-0700] {logging_mixin.py:190} INFO - [2025-02-09T19:29:23.378-0700] {dag.py:4180} INFO - Setting next_dagrun for dataset_consumes_unknown_never_scheduled to None, run_after=None
[2025-02-09T19:29:23.379-0700] {logging_mixin.py:190} INFO - [2025-02-09T19:29:23.379-0700] {dag.py:4180} INFO - Setting next_dagrun for dataset_produces_1 to 2025-02-09 00:00:00+00:00, run_after=2025-02-10 00:00:00+00:00
[2025-02-09T19:29:23.379-0700] {logging_mixin.py:190} INFO - [2025-02-09T19:29:23.379-0700] {dag.py:4180} INFO - Setting next_dagrun for dataset_produces_2 to None, run_after=None
[2025-02-09T19:29:23.390-0700] {processor.py:208} INFO - Processing /Users/pranithjain/Desktop/DE Project/Apache Airflow Project/venv/lib/python3.10/site-packages/airflow/example_dags/example_datasets.py took 0.159 seconds
