[2025-02-09T18:48:26.329-0700] {processor.py:186} INFO - Started process (PID=18894) to work on /Users/pranithjain/Desktop/DE Project/Apache Airflow Project/venv/lib/python3.10/site-packages/airflow/example_dags/example_nested_branch_dag.py
[2025-02-09T18:48:26.330-0700] {processor.py:914} INFO - Processing file /Users/pranithjain/Desktop/DE Project/Apache Airflow Project/venv/lib/python3.10/site-packages/airflow/example_dags/example_nested_branch_dag.py for tasks to queue
[2025-02-09T18:48:26.330-0700] {logging_mixin.py:190} INFO - [2025-02-09T18:48:26.330-0700] {dagbag.py:588} INFO - Filling up the DagBag from /Users/pranithjain/Desktop/DE Project/Apache Airflow Project/venv/lib/python3.10/site-packages/airflow/example_dags/example_nested_branch_dag.py
[2025-02-09T18:48:26.348-0700] {processor.py:925} INFO - DAG(s) 'example_nested_branch_dag' retrieved from /Users/pranithjain/Desktop/DE Project/Apache Airflow Project/venv/lib/python3.10/site-packages/airflow/example_dags/example_nested_branch_dag.py
[2025-02-09T18:48:26.451-0700] {logging_mixin.py:190} INFO - [2025-02-09T18:48:26.450-0700] {override.py:1930} INFO - Created Permission View: can edit on DAG:example_nested_branch_dag
[2025-02-09T18:48:26.454-0700] {logging_mixin.py:190} INFO - [2025-02-09T18:48:26.454-0700] {override.py:1930} INFO - Created Permission View: can read on DAG:example_nested_branch_dag
[2025-02-09T18:48:26.456-0700] {logging_mixin.py:190} INFO - [2025-02-09T18:48:26.456-0700] {override.py:1930} INFO - Created Permission View: can delete on DAG:example_nested_branch_dag
[2025-02-09T18:48:26.459-0700] {logging_mixin.py:190} INFO - [2025-02-09T18:48:26.459-0700] {override.py:1930} INFO - Created Permission View: can read on DAG Run:example_nested_branch_dag
[2025-02-09T18:48:26.461-0700] {logging_mixin.py:190} INFO - [2025-02-09T18:48:26.461-0700] {override.py:1930} INFO - Created Permission View: can delete on DAG Run:example_nested_branch_dag
[2025-02-09T18:48:26.463-0700] {logging_mixin.py:190} INFO - [2025-02-09T18:48:26.463-0700] {override.py:1930} INFO - Created Permission View: menu access on DAG Run:example_nested_branch_dag
[2025-02-09T18:48:26.465-0700] {logging_mixin.py:190} INFO - [2025-02-09T18:48:26.465-0700] {override.py:1930} INFO - Created Permission View: can create on DAG Run:example_nested_branch_dag
[2025-02-09T18:48:26.465-0700] {logging_mixin.py:190} INFO - [2025-02-09T18:48:26.465-0700] {dag.py:3239} INFO - Sync 1 DAGs
[2025-02-09T18:48:26.470-0700] {logging_mixin.py:190} INFO - [2025-02-09T18:48:26.470-0700] {dag.py:3262} INFO - Creating ORM DAG for example_nested_branch_dag
[2025-02-09T18:48:26.473-0700] {logging_mixin.py:190} INFO - [2025-02-09T18:48:26.473-0700] {dag.py:4180} INFO - Setting next_dagrun for example_nested_branch_dag to 2025-02-09 00:00:00+00:00, run_after=2025-02-10 00:00:00+00:00
[2025-02-09T18:48:26.481-0700] {processor.py:208} INFO - Processing /Users/pranithjain/Desktop/DE Project/Apache Airflow Project/venv/lib/python3.10/site-packages/airflow/example_dags/example_nested_branch_dag.py took 0.153 seconds
[2025-02-09T18:50:08.824-0700] {processor.py:186} INFO - Started process (PID=19209) to work on /Users/pranithjain/Desktop/DE Project/Apache Airflow Project/venv/lib/python3.10/site-packages/airflow/example_dags/example_nested_branch_dag.py
[2025-02-09T18:50:08.824-0700] {processor.py:914} INFO - Processing file /Users/pranithjain/Desktop/DE Project/Apache Airflow Project/venv/lib/python3.10/site-packages/airflow/example_dags/example_nested_branch_dag.py for tasks to queue
[2025-02-09T18:50:08.825-0700] {logging_mixin.py:190} INFO - [2025-02-09T18:50:08.825-0700] {dagbag.py:588} INFO - Filling up the DagBag from /Users/pranithjain/Desktop/DE Project/Apache Airflow Project/venv/lib/python3.10/site-packages/airflow/example_dags/example_nested_branch_dag.py
[2025-02-09T18:50:08.842-0700] {processor.py:925} INFO - DAG(s) 'example_nested_branch_dag' retrieved from /Users/pranithjain/Desktop/DE Project/Apache Airflow Project/venv/lib/python3.10/site-packages/airflow/example_dags/example_nested_branch_dag.py
[2025-02-09T18:50:08.913-0700] {logging_mixin.py:190} INFO - [2025-02-09T18:50:08.913-0700] {dag.py:3239} INFO - Sync 1 DAGs
[2025-02-09T18:50:08.921-0700] {logging_mixin.py:190} INFO - [2025-02-09T18:50:08.921-0700] {dag.py:4180} INFO - Setting next_dagrun for example_nested_branch_dag to 2025-02-09 00:00:00+00:00, run_after=2025-02-10 00:00:00+00:00
[2025-02-09T18:50:08.929-0700] {processor.py:208} INFO - Processing /Users/pranithjain/Desktop/DE Project/Apache Airflow Project/venv/lib/python3.10/site-packages/airflow/example_dags/example_nested_branch_dag.py took 0.107 seconds
[2025-02-09T18:53:34.667-0700] {processor.py:186} INFO - Started process (PID=19860) to work on /Users/pranithjain/Desktop/DE Project/Apache Airflow Project/venv/lib/python3.10/site-packages/airflow/example_dags/example_nested_branch_dag.py
[2025-02-09T18:53:34.669-0700] {processor.py:914} INFO - Processing file /Users/pranithjain/Desktop/DE Project/Apache Airflow Project/venv/lib/python3.10/site-packages/airflow/example_dags/example_nested_branch_dag.py for tasks to queue
[2025-02-09T18:53:34.669-0700] {logging_mixin.py:190} INFO - [2025-02-09T18:53:34.669-0700] {dagbag.py:588} INFO - Filling up the DagBag from /Users/pranithjain/Desktop/DE Project/Apache Airflow Project/venv/lib/python3.10/site-packages/airflow/example_dags/example_nested_branch_dag.py
[2025-02-09T18:53:34.686-0700] {processor.py:925} INFO - DAG(s) 'example_nested_branch_dag' retrieved from /Users/pranithjain/Desktop/DE Project/Apache Airflow Project/venv/lib/python3.10/site-packages/airflow/example_dags/example_nested_branch_dag.py
[2025-02-09T18:53:34.752-0700] {logging_mixin.py:190} INFO - [2025-02-09T18:53:34.752-0700] {dag.py:3239} INFO - Sync 1 DAGs
[2025-02-09T18:53:34.760-0700] {logging_mixin.py:190} INFO - [2025-02-09T18:53:34.760-0700] {dag.py:4180} INFO - Setting next_dagrun for example_nested_branch_dag to 2025-02-09 00:00:00+00:00, run_after=2025-02-10 00:00:00+00:00
[2025-02-09T18:53:34.767-0700] {processor.py:208} INFO - Processing /Users/pranithjain/Desktop/DE Project/Apache Airflow Project/venv/lib/python3.10/site-packages/airflow/example_dags/example_nested_branch_dag.py took 0.101 seconds
[2025-02-09T18:55:15.977-0700] {processor.py:186} INFO - Started process (PID=20173) to work on /Users/pranithjain/Desktop/DE Project/Apache Airflow Project/venv/lib/python3.10/site-packages/airflow/example_dags/example_nested_branch_dag.py
[2025-02-09T18:55:15.978-0700] {processor.py:914} INFO - Processing file /Users/pranithjain/Desktop/DE Project/Apache Airflow Project/venv/lib/python3.10/site-packages/airflow/example_dags/example_nested_branch_dag.py for tasks to queue
[2025-02-09T18:55:15.979-0700] {logging_mixin.py:190} INFO - [2025-02-09T18:55:15.978-0700] {dagbag.py:588} INFO - Filling up the DagBag from /Users/pranithjain/Desktop/DE Project/Apache Airflow Project/venv/lib/python3.10/site-packages/airflow/example_dags/example_nested_branch_dag.py
[2025-02-09T18:55:15.996-0700] {processor.py:925} INFO - DAG(s) 'example_nested_branch_dag' retrieved from /Users/pranithjain/Desktop/DE Project/Apache Airflow Project/venv/lib/python3.10/site-packages/airflow/example_dags/example_nested_branch_dag.py
[2025-02-09T18:55:16.062-0700] {logging_mixin.py:190} INFO - [2025-02-09T18:55:16.062-0700] {dag.py:3239} INFO - Sync 1 DAGs
[2025-02-09T18:55:16.069-0700] {logging_mixin.py:190} INFO - [2025-02-09T18:55:16.069-0700] {dag.py:4180} INFO - Setting next_dagrun for example_nested_branch_dag to 2025-02-09 00:00:00+00:00, run_after=2025-02-10 00:00:00+00:00
[2025-02-09T18:55:16.076-0700] {processor.py:208} INFO - Processing /Users/pranithjain/Desktop/DE Project/Apache Airflow Project/venv/lib/python3.10/site-packages/airflow/example_dags/example_nested_branch_dag.py took 0.101 seconds
[2025-02-09T18:57:42.559-0700] {processor.py:186} INFO - Started process (PID=20629) to work on /Users/pranithjain/Desktop/DE Project/Apache Airflow Project/venv/lib/python3.10/site-packages/airflow/example_dags/example_nested_branch_dag.py
[2025-02-09T18:57:42.560-0700] {processor.py:914} INFO - Processing file /Users/pranithjain/Desktop/DE Project/Apache Airflow Project/venv/lib/python3.10/site-packages/airflow/example_dags/example_nested_branch_dag.py for tasks to queue
[2025-02-09T18:57:42.560-0700] {logging_mixin.py:190} INFO - [2025-02-09T18:57:42.560-0700] {dagbag.py:588} INFO - Filling up the DagBag from /Users/pranithjain/Desktop/DE Project/Apache Airflow Project/venv/lib/python3.10/site-packages/airflow/example_dags/example_nested_branch_dag.py
[2025-02-09T18:57:42.577-0700] {processor.py:925} INFO - DAG(s) 'example_nested_branch_dag' retrieved from /Users/pranithjain/Desktop/DE Project/Apache Airflow Project/venv/lib/python3.10/site-packages/airflow/example_dags/example_nested_branch_dag.py
[2025-02-09T18:57:42.644-0700] {logging_mixin.py:190} INFO - [2025-02-09T18:57:42.643-0700] {dag.py:3239} INFO - Sync 1 DAGs
[2025-02-09T18:57:42.651-0700] {logging_mixin.py:190} INFO - [2025-02-09T18:57:42.651-0700] {dag.py:4180} INFO - Setting next_dagrun for example_nested_branch_dag to 2025-02-09 00:00:00+00:00, run_after=2025-02-10 00:00:00+00:00
[2025-02-09T18:57:42.658-0700] {processor.py:208} INFO - Processing /Users/pranithjain/Desktop/DE Project/Apache Airflow Project/venv/lib/python3.10/site-packages/airflow/example_dags/example_nested_branch_dag.py took 0.101 seconds
[2025-02-09T19:07:09.130-0700] {processor.py:186} INFO - Started process (PID=22035) to work on /Users/pranithjain/Desktop/DE Project/Apache Airflow Project/venv/lib/python3.10/site-packages/airflow/example_dags/example_nested_branch_dag.py
[2025-02-09T19:07:09.130-0700] {processor.py:914} INFO - Processing file /Users/pranithjain/Desktop/DE Project/Apache Airflow Project/venv/lib/python3.10/site-packages/airflow/example_dags/example_nested_branch_dag.py for tasks to queue
[2025-02-09T19:07:09.130-0700] {logging_mixin.py:190} INFO - [2025-02-09T19:07:09.130-0700] {dagbag.py:588} INFO - Filling up the DagBag from /Users/pranithjain/Desktop/DE Project/Apache Airflow Project/venv/lib/python3.10/site-packages/airflow/example_dags/example_nested_branch_dag.py
[2025-02-09T19:07:09.147-0700] {processor.py:925} INFO - DAG(s) 'example_nested_branch_dag' retrieved from /Users/pranithjain/Desktop/DE Project/Apache Airflow Project/venv/lib/python3.10/site-packages/airflow/example_dags/example_nested_branch_dag.py
[2025-02-09T19:07:09.256-0700] {logging_mixin.py:190} INFO - [2025-02-09T19:07:09.256-0700] {dag.py:3239} INFO - Sync 1 DAGs
[2025-02-09T19:07:09.267-0700] {logging_mixin.py:190} INFO - [2025-02-09T19:07:09.267-0700] {dag.py:4180} INFO - Setting next_dagrun for example_nested_branch_dag to 2025-02-09 00:00:00+00:00, run_after=2025-02-10 00:00:00+00:00
[2025-02-09T19:07:09.275-0700] {processor.py:208} INFO - Processing /Users/pranithjain/Desktop/DE Project/Apache Airflow Project/venv/lib/python3.10/site-packages/airflow/example_dags/example_nested_branch_dag.py took 0.147 seconds
[2025-02-09T19:08:48.430-0700] {processor.py:186} INFO - Started process (PID=22341) to work on /Users/pranithjain/Desktop/DE Project/Apache Airflow Project/venv/lib/python3.10/site-packages/airflow/example_dags/example_nested_branch_dag.py
[2025-02-09T19:08:48.431-0700] {processor.py:914} INFO - Processing file /Users/pranithjain/Desktop/DE Project/Apache Airflow Project/venv/lib/python3.10/site-packages/airflow/example_dags/example_nested_branch_dag.py for tasks to queue
[2025-02-09T19:08:48.431-0700] {logging_mixin.py:190} INFO - [2025-02-09T19:08:48.431-0700] {dagbag.py:588} INFO - Filling up the DagBag from /Users/pranithjain/Desktop/DE Project/Apache Airflow Project/venv/lib/python3.10/site-packages/airflow/example_dags/example_nested_branch_dag.py
[2025-02-09T19:08:48.447-0700] {processor.py:925} INFO - DAG(s) 'example_nested_branch_dag' retrieved from /Users/pranithjain/Desktop/DE Project/Apache Airflow Project/venv/lib/python3.10/site-packages/airflow/example_dags/example_nested_branch_dag.py
[2025-02-09T19:08:48.517-0700] {logging_mixin.py:190} INFO - [2025-02-09T19:08:48.517-0700] {dag.py:3239} INFO - Sync 1 DAGs
[2025-02-09T19:08:48.525-0700] {logging_mixin.py:190} INFO - [2025-02-09T19:08:48.525-0700] {dag.py:4180} INFO - Setting next_dagrun for example_nested_branch_dag to 2025-02-09 00:00:00+00:00, run_after=2025-02-10 00:00:00+00:00
[2025-02-09T19:08:48.533-0700] {processor.py:208} INFO - Processing /Users/pranithjain/Desktop/DE Project/Apache Airflow Project/venv/lib/python3.10/site-packages/airflow/example_dags/example_nested_branch_dag.py took 0.105 seconds
[2025-02-09T19:13:40.675-0700] {processor.py:186} INFO - Started process (PID=23195) to work on /Users/pranithjain/Desktop/DE Project/Apache Airflow Project/venv/lib/python3.10/site-packages/airflow/example_dags/example_nested_branch_dag.py
[2025-02-09T19:13:40.675-0700] {processor.py:914} INFO - Processing file /Users/pranithjain/Desktop/DE Project/Apache Airflow Project/venv/lib/python3.10/site-packages/airflow/example_dags/example_nested_branch_dag.py for tasks to queue
[2025-02-09T19:13:40.676-0700] {logging_mixin.py:190} INFO - [2025-02-09T19:13:40.676-0700] {dagbag.py:588} INFO - Filling up the DagBag from /Users/pranithjain/Desktop/DE Project/Apache Airflow Project/venv/lib/python3.10/site-packages/airflow/example_dags/example_nested_branch_dag.py
[2025-02-09T19:13:40.693-0700] {processor.py:925} INFO - DAG(s) 'example_nested_branch_dag' retrieved from /Users/pranithjain/Desktop/DE Project/Apache Airflow Project/venv/lib/python3.10/site-packages/airflow/example_dags/example_nested_branch_dag.py
[2025-02-09T19:13:40.795-0700] {logging_mixin.py:190} INFO - [2025-02-09T19:13:40.795-0700] {dag.py:3239} INFO - Sync 1 DAGs
[2025-02-09T19:13:40.803-0700] {logging_mixin.py:190} INFO - [2025-02-09T19:13:40.802-0700] {dag.py:4180} INFO - Setting next_dagrun for example_nested_branch_dag to 2025-02-09 00:00:00+00:00, run_after=2025-02-10 00:00:00+00:00
[2025-02-09T19:13:40.810-0700] {processor.py:208} INFO - Processing /Users/pranithjain/Desktop/DE Project/Apache Airflow Project/venv/lib/python3.10/site-packages/airflow/example_dags/example_nested_branch_dag.py took 0.136 seconds
[2025-02-09T19:15:21.257-0700] {processor.py:186} INFO - Started process (PID=23503) to work on /Users/pranithjain/Desktop/DE Project/Apache Airflow Project/venv/lib/python3.10/site-packages/airflow/example_dags/example_nested_branch_dag.py
[2025-02-09T19:15:21.258-0700] {processor.py:914} INFO - Processing file /Users/pranithjain/Desktop/DE Project/Apache Airflow Project/venv/lib/python3.10/site-packages/airflow/example_dags/example_nested_branch_dag.py for tasks to queue
[2025-02-09T19:15:21.258-0700] {logging_mixin.py:190} INFO - [2025-02-09T19:15:21.258-0700] {dagbag.py:588} INFO - Filling up the DagBag from /Users/pranithjain/Desktop/DE Project/Apache Airflow Project/venv/lib/python3.10/site-packages/airflow/example_dags/example_nested_branch_dag.py
[2025-02-09T19:15:21.276-0700] {processor.py:925} INFO - DAG(s) 'example_nested_branch_dag' retrieved from /Users/pranithjain/Desktop/DE Project/Apache Airflow Project/venv/lib/python3.10/site-packages/airflow/example_dags/example_nested_branch_dag.py
[2025-02-09T19:15:21.342-0700] {logging_mixin.py:190} INFO - [2025-02-09T19:15:21.342-0700] {dag.py:3239} INFO - Sync 1 DAGs
[2025-02-09T19:15:21.349-0700] {logging_mixin.py:190} INFO - [2025-02-09T19:15:21.349-0700] {dag.py:4180} INFO - Setting next_dagrun for example_nested_branch_dag to 2025-02-09 00:00:00+00:00, run_after=2025-02-10 00:00:00+00:00
[2025-02-09T19:15:21.356-0700] {processor.py:208} INFO - Processing /Users/pranithjain/Desktop/DE Project/Apache Airflow Project/venv/lib/python3.10/site-packages/airflow/example_dags/example_nested_branch_dag.py took 0.101 seconds
[2025-02-09T19:17:43.084-0700] {processor.py:186} INFO - Started process (PID=23937) to work on /Users/pranithjain/Desktop/DE Project/Apache Airflow Project/venv/lib/python3.10/site-packages/airflow/example_dags/example_nested_branch_dag.py
[2025-02-09T19:17:43.085-0700] {processor.py:914} INFO - Processing file /Users/pranithjain/Desktop/DE Project/Apache Airflow Project/venv/lib/python3.10/site-packages/airflow/example_dags/example_nested_branch_dag.py for tasks to queue
[2025-02-09T19:17:43.086-0700] {logging_mixin.py:190} INFO - [2025-02-09T19:17:43.086-0700] {dagbag.py:588} INFO - Filling up the DagBag from /Users/pranithjain/Desktop/DE Project/Apache Airflow Project/venv/lib/python3.10/site-packages/airflow/example_dags/example_nested_branch_dag.py
[2025-02-09T19:17:43.103-0700] {processor.py:925} INFO - DAG(s) 'example_nested_branch_dag' retrieved from /Users/pranithjain/Desktop/DE Project/Apache Airflow Project/venv/lib/python3.10/site-packages/airflow/example_dags/example_nested_branch_dag.py
[2025-02-09T19:17:43.168-0700] {logging_mixin.py:190} INFO - [2025-02-09T19:17:43.168-0700] {dag.py:3239} INFO - Sync 1 DAGs
[2025-02-09T19:17:43.176-0700] {logging_mixin.py:190} INFO - [2025-02-09T19:17:43.176-0700] {dag.py:4180} INFO - Setting next_dagrun for example_nested_branch_dag to 2025-02-09 00:00:00+00:00, run_after=2025-02-10 00:00:00+00:00
[2025-02-09T19:17:43.183-0700] {processor.py:208} INFO - Processing /Users/pranithjain/Desktop/DE Project/Apache Airflow Project/venv/lib/python3.10/site-packages/airflow/example_dags/example_nested_branch_dag.py took 0.101 seconds
[2025-02-09T19:20:09.484-0700] {processor.py:186} INFO - Started process (PID=24387) to work on /Users/pranithjain/Desktop/DE Project/Apache Airflow Project/venv/lib/python3.10/site-packages/airflow/example_dags/example_nested_branch_dag.py
[2025-02-09T19:20:09.484-0700] {processor.py:914} INFO - Processing file /Users/pranithjain/Desktop/DE Project/Apache Airflow Project/venv/lib/python3.10/site-packages/airflow/example_dags/example_nested_branch_dag.py for tasks to queue
[2025-02-09T19:20:09.485-0700] {logging_mixin.py:190} INFO - [2025-02-09T19:20:09.485-0700] {dagbag.py:588} INFO - Filling up the DagBag from /Users/pranithjain/Desktop/DE Project/Apache Airflow Project/venv/lib/python3.10/site-packages/airflow/example_dags/example_nested_branch_dag.py
[2025-02-09T19:20:09.502-0700] {processor.py:925} INFO - DAG(s) 'example_nested_branch_dag' retrieved from /Users/pranithjain/Desktop/DE Project/Apache Airflow Project/venv/lib/python3.10/site-packages/airflow/example_dags/example_nested_branch_dag.py
[2025-02-09T19:20:09.570-0700] {logging_mixin.py:190} INFO - [2025-02-09T19:20:09.570-0700] {dag.py:3239} INFO - Sync 1 DAGs
[2025-02-09T19:20:09.578-0700] {logging_mixin.py:190} INFO - [2025-02-09T19:20:09.578-0700] {dag.py:4180} INFO - Setting next_dagrun for example_nested_branch_dag to 2025-02-09 00:00:00+00:00, run_after=2025-02-10 00:00:00+00:00
[2025-02-09T19:20:09.585-0700] {processor.py:208} INFO - Processing /Users/pranithjain/Desktop/DE Project/Apache Airflow Project/venv/lib/python3.10/site-packages/airflow/example_dags/example_nested_branch_dag.py took 0.103 seconds
[2025-02-09T19:22:36.455-0700] {processor.py:186} INFO - Started process (PID=24926) to work on /Users/pranithjain/Desktop/DE Project/Apache Airflow Project/venv/lib/python3.10/site-packages/airflow/example_dags/example_nested_branch_dag.py
[2025-02-09T19:22:36.456-0700] {processor.py:914} INFO - Processing file /Users/pranithjain/Desktop/DE Project/Apache Airflow Project/venv/lib/python3.10/site-packages/airflow/example_dags/example_nested_branch_dag.py for tasks to queue
[2025-02-09T19:22:36.456-0700] {logging_mixin.py:190} INFO - [2025-02-09T19:22:36.456-0700] {dagbag.py:588} INFO - Filling up the DagBag from /Users/pranithjain/Desktop/DE Project/Apache Airflow Project/venv/lib/python3.10/site-packages/airflow/example_dags/example_nested_branch_dag.py
[2025-02-09T19:22:36.473-0700] {processor.py:925} INFO - DAG(s) 'example_nested_branch_dag' retrieved from /Users/pranithjain/Desktop/DE Project/Apache Airflow Project/venv/lib/python3.10/site-packages/airflow/example_dags/example_nested_branch_dag.py
[2025-02-09T19:22:36.538-0700] {logging_mixin.py:190} INFO - [2025-02-09T19:22:36.538-0700] {dag.py:3239} INFO - Sync 1 DAGs
[2025-02-09T19:22:36.545-0700] {logging_mixin.py:190} INFO - [2025-02-09T19:22:36.545-0700] {dag.py:4180} INFO - Setting next_dagrun for example_nested_branch_dag to 2025-02-09 00:00:00+00:00, run_after=2025-02-10 00:00:00+00:00
[2025-02-09T19:22:36.552-0700] {processor.py:208} INFO - Processing /Users/pranithjain/Desktop/DE Project/Apache Airflow Project/venv/lib/python3.10/site-packages/airflow/example_dags/example_nested_branch_dag.py took 0.099 seconds
[2025-02-09T19:24:52.939-0700] {processor.py:186} INFO - Started process (PID=25348) to work on /Users/pranithjain/Desktop/DE Project/Apache Airflow Project/venv/lib/python3.10/site-packages/airflow/example_dags/example_nested_branch_dag.py
[2025-02-09T19:24:52.940-0700] {processor.py:914} INFO - Processing file /Users/pranithjain/Desktop/DE Project/Apache Airflow Project/venv/lib/python3.10/site-packages/airflow/example_dags/example_nested_branch_dag.py for tasks to queue
[2025-02-09T19:24:52.940-0700] {logging_mixin.py:190} INFO - [2025-02-09T19:24:52.940-0700] {dagbag.py:588} INFO - Filling up the DagBag from /Users/pranithjain/Desktop/DE Project/Apache Airflow Project/venv/lib/python3.10/site-packages/airflow/example_dags/example_nested_branch_dag.py
[2025-02-09T19:24:52.957-0700] {processor.py:925} INFO - DAG(s) 'example_nested_branch_dag' retrieved from /Users/pranithjain/Desktop/DE Project/Apache Airflow Project/venv/lib/python3.10/site-packages/airflow/example_dags/example_nested_branch_dag.py
[2025-02-09T19:24:53.022-0700] {logging_mixin.py:190} INFO - [2025-02-09T19:24:53.022-0700] {dag.py:3239} INFO - Sync 1 DAGs
[2025-02-09T19:24:53.030-0700] {logging_mixin.py:190} INFO - [2025-02-09T19:24:53.030-0700] {dag.py:4180} INFO - Setting next_dagrun for example_nested_branch_dag to 2025-02-09 00:00:00+00:00, run_after=2025-02-10 00:00:00+00:00
[2025-02-09T19:24:53.037-0700] {processor.py:208} INFO - Processing /Users/pranithjain/Desktop/DE Project/Apache Airflow Project/venv/lib/python3.10/site-packages/airflow/example_dags/example_nested_branch_dag.py took 0.099 seconds
[2025-02-09T19:27:14.137-0700] {processor.py:186} INFO - Started process (PID=25907) to work on /Users/pranithjain/Desktop/DE Project/Apache Airflow Project/venv/lib/python3.10/site-packages/airflow/example_dags/example_nested_branch_dag.py
[2025-02-09T19:27:14.138-0700] {processor.py:914} INFO - Processing file /Users/pranithjain/Desktop/DE Project/Apache Airflow Project/venv/lib/python3.10/site-packages/airflow/example_dags/example_nested_branch_dag.py for tasks to queue
[2025-02-09T19:27:14.139-0700] {logging_mixin.py:190} INFO - [2025-02-09T19:27:14.139-0700] {dagbag.py:588} INFO - Filling up the DagBag from /Users/pranithjain/Desktop/DE Project/Apache Airflow Project/venv/lib/python3.10/site-packages/airflow/example_dags/example_nested_branch_dag.py
[2025-02-09T19:27:14.156-0700] {processor.py:925} INFO - DAG(s) 'example_nested_branch_dag' retrieved from /Users/pranithjain/Desktop/DE Project/Apache Airflow Project/venv/lib/python3.10/site-packages/airflow/example_dags/example_nested_branch_dag.py
[2025-02-09T19:27:14.222-0700] {logging_mixin.py:190} INFO - [2025-02-09T19:27:14.222-0700] {dag.py:3239} INFO - Sync 1 DAGs
[2025-02-09T19:27:14.230-0700] {logging_mixin.py:190} INFO - [2025-02-09T19:27:14.230-0700] {dag.py:4180} INFO - Setting next_dagrun for example_nested_branch_dag to 2025-02-09 00:00:00+00:00, run_after=2025-02-10 00:00:00+00:00
[2025-02-09T19:27:14.237-0700] {processor.py:208} INFO - Processing /Users/pranithjain/Desktop/DE Project/Apache Airflow Project/venv/lib/python3.10/site-packages/airflow/example_dags/example_nested_branch_dag.py took 0.102 seconds
[2025-02-09T19:29:05.506-0700] {processor.py:186} INFO - Started process (PID=26268) to work on /Users/pranithjain/Desktop/DE Project/Apache Airflow Project/venv/lib/python3.10/site-packages/airflow/example_dags/example_nested_branch_dag.py
[2025-02-09T19:29:05.508-0700] {processor.py:914} INFO - Processing file /Users/pranithjain/Desktop/DE Project/Apache Airflow Project/venv/lib/python3.10/site-packages/airflow/example_dags/example_nested_branch_dag.py for tasks to queue
[2025-02-09T19:29:05.508-0700] {logging_mixin.py:190} INFO - [2025-02-09T19:29:05.508-0700] {dagbag.py:588} INFO - Filling up the DagBag from /Users/pranithjain/Desktop/DE Project/Apache Airflow Project/venv/lib/python3.10/site-packages/airflow/example_dags/example_nested_branch_dag.py
[2025-02-09T19:29:05.525-0700] {processor.py:925} INFO - DAG(s) 'example_nested_branch_dag' retrieved from /Users/pranithjain/Desktop/DE Project/Apache Airflow Project/venv/lib/python3.10/site-packages/airflow/example_dags/example_nested_branch_dag.py
[2025-02-09T19:29:05.594-0700] {logging_mixin.py:190} INFO - [2025-02-09T19:29:05.593-0700] {dag.py:3239} INFO - Sync 1 DAGs
[2025-02-09T19:29:05.601-0700] {logging_mixin.py:190} INFO - [2025-02-09T19:29:05.601-0700] {dag.py:4180} INFO - Setting next_dagrun for example_nested_branch_dag to 2025-02-09 00:00:00+00:00, run_after=2025-02-10 00:00:00+00:00
[2025-02-09T19:29:05.609-0700] {processor.py:208} INFO - Processing /Users/pranithjain/Desktop/DE Project/Apache Airflow Project/venv/lib/python3.10/site-packages/airflow/example_dags/example_nested_branch_dag.py took 0.105 seconds
