[2025-02-09T18:47:46.937-0700] {processor.py:186} INFO - Started process (PID=18700) to work on /Users/pranithjain/Desktop/DE Project/Apache Airflow Project/venv/lib/python3.10/site-packages/airflow/example_dags/example_xcom.py
[2025-02-09T18:47:46.937-0700] {processor.py:914} INFO - Processing file /Users/pranithjain/Desktop/DE Project/Apache Airflow Project/venv/lib/python3.10/site-packages/airflow/example_dags/example_xcom.py for tasks to queue
[2025-02-09T18:47:46.938-0700] {logging_mixin.py:190} INFO - [2025-02-09T18:47:46.938-0700] {dagbag.py:588} INFO - Filling up the DagBag from /Users/pranithjain/Desktop/DE Project/Apache Airflow Project/venv/lib/python3.10/site-packages/airflow/example_dags/example_xcom.py
[2025-02-09T18:47:46.954-0700] {processor.py:925} INFO - DAG(s) 'example_xcom' retrieved from /Users/pranithjain/Desktop/DE Project/Apache Airflow Project/venv/lib/python3.10/site-packages/airflow/example_dags/example_xcom.py
[2025-02-09T18:47:47.053-0700] {logging_mixin.py:190} INFO - [2025-02-09T18:47:47.053-0700] {override.py:1930} INFO - Created Permission View: can edit on DAG:example_xcom
[2025-02-09T18:47:47.056-0700] {logging_mixin.py:190} INFO - [2025-02-09T18:47:47.056-0700] {override.py:1930} INFO - Created Permission View: can delete on DAG:example_xcom
[2025-02-09T18:47:47.059-0700] {logging_mixin.py:190} INFO - [2025-02-09T18:47:47.058-0700] {override.py:1930} INFO - Created Permission View: can read on DAG:example_xcom
[2025-02-09T18:47:47.061-0700] {logging_mixin.py:190} INFO - [2025-02-09T18:47:47.061-0700] {override.py:1930} INFO - Created Permission View: can create on DAG Run:example_xcom
[2025-02-09T18:47:47.063-0700] {logging_mixin.py:190} INFO - [2025-02-09T18:47:47.063-0700] {override.py:1930} INFO - Created Permission View: menu access on DAG Run:example_xcom
[2025-02-09T18:47:47.065-0700] {logging_mixin.py:190} INFO - [2025-02-09T18:47:47.065-0700] {override.py:1930} INFO - Created Permission View: can delete on DAG Run:example_xcom
[2025-02-09T18:47:47.067-0700] {logging_mixin.py:190} INFO - [2025-02-09T18:47:47.067-0700] {override.py:1930} INFO - Created Permission View: can read on DAG Run:example_xcom
[2025-02-09T18:47:47.067-0700] {logging_mixin.py:190} INFO - [2025-02-09T18:47:47.067-0700] {dag.py:3239} INFO - Sync 1 DAGs
[2025-02-09T18:47:47.072-0700] {logging_mixin.py:190} INFO - [2025-02-09T18:47:47.071-0700] {dag.py:3262} INFO - Creating ORM DAG for example_xcom
[2025-02-09T18:47:47.074-0700] {logging_mixin.py:190} INFO - [2025-02-09T18:47:47.074-0700] {dag.py:4180} INFO - Setting next_dagrun for example_xcom to 2021-01-01 00:00:00+00:00, run_after=2021-01-01 00:00:00+00:00
[2025-02-09T18:47:47.081-0700] {processor.py:208} INFO - Processing /Users/pranithjain/Desktop/DE Project/Apache Airflow Project/venv/lib/python3.10/site-packages/airflow/example_dags/example_xcom.py took 0.146 seconds
[2025-02-09T18:49:30.175-0700] {processor.py:186} INFO - Started process (PID=19092) to work on /Users/pranithjain/Desktop/DE Project/Apache Airflow Project/venv/lib/python3.10/site-packages/airflow/example_dags/example_xcom.py
[2025-02-09T18:49:30.176-0700] {processor.py:914} INFO - Processing file /Users/pranithjain/Desktop/DE Project/Apache Airflow Project/venv/lib/python3.10/site-packages/airflow/example_dags/example_xcom.py for tasks to queue
[2025-02-09T18:49:30.176-0700] {logging_mixin.py:190} INFO - [2025-02-09T18:49:30.176-0700] {dagbag.py:588} INFO - Filling up the DagBag from /Users/pranithjain/Desktop/DE Project/Apache Airflow Project/venv/lib/python3.10/site-packages/airflow/example_dags/example_xcom.py
[2025-02-09T18:49:30.193-0700] {processor.py:925} INFO - DAG(s) 'example_xcom' retrieved from /Users/pranithjain/Desktop/DE Project/Apache Airflow Project/venv/lib/python3.10/site-packages/airflow/example_dags/example_xcom.py
[2025-02-09T18:49:30.258-0700] {logging_mixin.py:190} INFO - [2025-02-09T18:49:30.258-0700] {dag.py:3239} INFO - Sync 1 DAGs
[2025-02-09T18:49:30.265-0700] {logging_mixin.py:190} INFO - [2025-02-09T18:49:30.264-0700] {dag.py:4180} INFO - Setting next_dagrun for example_xcom to 2021-01-01 00:00:00+00:00, run_after=2021-01-01 00:00:00+00:00
[2025-02-09T18:49:30.271-0700] {processor.py:208} INFO - Processing /Users/pranithjain/Desktop/DE Project/Apache Airflow Project/venv/lib/python3.10/site-packages/airflow/example_dags/example_xcom.py took 0.098 seconds
[2025-02-09T18:50:44.432-0700] {processor.py:186} INFO - Started process (PID=19325) to work on /Users/pranithjain/Desktop/DE Project/Apache Airflow Project/venv/lib/python3.10/site-packages/airflow/example_dags/example_xcom.py
[2025-02-09T18:50:44.433-0700] {processor.py:914} INFO - Processing file /Users/pranithjain/Desktop/DE Project/Apache Airflow Project/venv/lib/python3.10/site-packages/airflow/example_dags/example_xcom.py for tasks to queue
[2025-02-09T18:50:44.434-0700] {logging_mixin.py:190} INFO - [2025-02-09T18:50:44.434-0700] {dagbag.py:588} INFO - Filling up the DagBag from /Users/pranithjain/Desktop/DE Project/Apache Airflow Project/venv/lib/python3.10/site-packages/airflow/example_dags/example_xcom.py
[2025-02-09T18:50:44.450-0700] {processor.py:925} INFO - DAG(s) 'example_xcom' retrieved from /Users/pranithjain/Desktop/DE Project/Apache Airflow Project/venv/lib/python3.10/site-packages/airflow/example_dags/example_xcom.py
[2025-02-09T18:50:44.519-0700] {logging_mixin.py:190} INFO - [2025-02-09T18:50:44.519-0700] {dag.py:3239} INFO - Sync 1 DAGs
[2025-02-09T18:50:44.527-0700] {logging_mixin.py:190} INFO - [2025-02-09T18:50:44.527-0700] {dag.py:4180} INFO - Setting next_dagrun for example_xcom to 2021-01-01 00:00:00+00:00, run_after=2021-01-01 00:00:00+00:00
[2025-02-09T18:50:44.535-0700] {processor.py:208} INFO - Processing /Users/pranithjain/Desktop/DE Project/Apache Airflow Project/venv/lib/python3.10/site-packages/airflow/example_dags/example_xcom.py took 0.105 seconds
[2025-02-09T18:51:54.591-0700] {processor.py:186} INFO - Started process (PID=19543) to work on /Users/pranithjain/Desktop/DE Project/Apache Airflow Project/venv/lib/python3.10/site-packages/airflow/example_dags/example_xcom.py
[2025-02-09T18:51:54.591-0700] {processor.py:914} INFO - Processing file /Users/pranithjain/Desktop/DE Project/Apache Airflow Project/venv/lib/python3.10/site-packages/airflow/example_dags/example_xcom.py for tasks to queue
[2025-02-09T18:51:54.592-0700] {logging_mixin.py:190} INFO - [2025-02-09T18:51:54.592-0700] {dagbag.py:588} INFO - Filling up the DagBag from /Users/pranithjain/Desktop/DE Project/Apache Airflow Project/venv/lib/python3.10/site-packages/airflow/example_dags/example_xcom.py
[2025-02-09T18:51:54.612-0700] {processor.py:925} INFO - DAG(s) 'example_xcom' retrieved from /Users/pranithjain/Desktop/DE Project/Apache Airflow Project/venv/lib/python3.10/site-packages/airflow/example_dags/example_xcom.py
[2025-02-09T18:51:54.678-0700] {logging_mixin.py:190} INFO - [2025-02-09T18:51:54.678-0700] {dag.py:3239} INFO - Sync 1 DAGs
[2025-02-09T18:51:54.685-0700] {logging_mixin.py:190} INFO - [2025-02-09T18:51:54.685-0700] {dag.py:4180} INFO - Setting next_dagrun for example_xcom to 2021-01-01 00:00:00+00:00, run_after=2021-01-01 00:00:00+00:00
[2025-02-09T18:51:54.691-0700] {processor.py:208} INFO - Processing /Users/pranithjain/Desktop/DE Project/Apache Airflow Project/venv/lib/python3.10/site-packages/airflow/example_dags/example_xcom.py took 0.103 seconds
[2025-02-09T18:52:55.300-0700] {processor.py:186} INFO - Started process (PID=19742) to work on /Users/pranithjain/Desktop/DE Project/Apache Airflow Project/venv/lib/python3.10/site-packages/airflow/example_dags/example_xcom.py
[2025-02-09T18:52:55.302-0700] {processor.py:914} INFO - Processing file /Users/pranithjain/Desktop/DE Project/Apache Airflow Project/venv/lib/python3.10/site-packages/airflow/example_dags/example_xcom.py for tasks to queue
[2025-02-09T18:52:55.302-0700] {logging_mixin.py:190} INFO - [2025-02-09T18:52:55.302-0700] {dagbag.py:588} INFO - Filling up the DagBag from /Users/pranithjain/Desktop/DE Project/Apache Airflow Project/venv/lib/python3.10/site-packages/airflow/example_dags/example_xcom.py
[2025-02-09T18:52:55.320-0700] {processor.py:925} INFO - DAG(s) 'example_xcom' retrieved from /Users/pranithjain/Desktop/DE Project/Apache Airflow Project/venv/lib/python3.10/site-packages/airflow/example_dags/example_xcom.py
[2025-02-09T18:52:55.387-0700] {logging_mixin.py:190} INFO - [2025-02-09T18:52:55.387-0700] {dag.py:3239} INFO - Sync 1 DAGs
[2025-02-09T18:52:55.394-0700] {logging_mixin.py:190} INFO - [2025-02-09T18:52:55.394-0700] {dag.py:4180} INFO - Setting next_dagrun for example_xcom to 2021-01-01 00:00:00+00:00, run_after=2021-01-01 00:00:00+00:00
[2025-02-09T18:52:55.401-0700] {processor.py:208} INFO - Processing /Users/pranithjain/Desktop/DE Project/Apache Airflow Project/venv/lib/python3.10/site-packages/airflow/example_dags/example_xcom.py took 0.102 seconds
[2025-02-09T18:54:37.288-0700] {processor.py:186} INFO - Started process (PID=20055) to work on /Users/pranithjain/Desktop/DE Project/Apache Airflow Project/venv/lib/python3.10/site-packages/airflow/example_dags/example_xcom.py
[2025-02-09T18:54:37.288-0700] {processor.py:914} INFO - Processing file /Users/pranithjain/Desktop/DE Project/Apache Airflow Project/venv/lib/python3.10/site-packages/airflow/example_dags/example_xcom.py for tasks to queue
[2025-02-09T18:54:37.289-0700] {logging_mixin.py:190} INFO - [2025-02-09T18:54:37.289-0700] {dagbag.py:588} INFO - Filling up the DagBag from /Users/pranithjain/Desktop/DE Project/Apache Airflow Project/venv/lib/python3.10/site-packages/airflow/example_dags/example_xcom.py
[2025-02-09T18:54:37.305-0700] {processor.py:925} INFO - DAG(s) 'example_xcom' retrieved from /Users/pranithjain/Desktop/DE Project/Apache Airflow Project/venv/lib/python3.10/site-packages/airflow/example_dags/example_xcom.py
[2025-02-09T18:54:37.370-0700] {logging_mixin.py:190} INFO - [2025-02-09T18:54:37.370-0700] {dag.py:3239} INFO - Sync 1 DAGs
[2025-02-09T18:54:37.377-0700] {logging_mixin.py:190} INFO - [2025-02-09T18:54:37.377-0700] {dag.py:4180} INFO - Setting next_dagrun for example_xcom to 2021-01-01 00:00:00+00:00, run_after=2021-01-01 00:00:00+00:00
[2025-02-09T18:54:37.384-0700] {processor.py:208} INFO - Processing /Users/pranithjain/Desktop/DE Project/Apache Airflow Project/venv/lib/python3.10/site-packages/airflow/example_dags/example_xcom.py took 0.098 seconds
[2025-02-09T18:55:50.037-0700] {processor.py:186} INFO - Started process (PID=20274) to work on /Users/pranithjain/Desktop/DE Project/Apache Airflow Project/venv/lib/python3.10/site-packages/airflow/example_dags/example_xcom.py
[2025-02-09T18:55:50.038-0700] {processor.py:914} INFO - Processing file /Users/pranithjain/Desktop/DE Project/Apache Airflow Project/venv/lib/python3.10/site-packages/airflow/example_dags/example_xcom.py for tasks to queue
[2025-02-09T18:55:50.038-0700] {logging_mixin.py:190} INFO - [2025-02-09T18:55:50.038-0700] {dagbag.py:588} INFO - Filling up the DagBag from /Users/pranithjain/Desktop/DE Project/Apache Airflow Project/venv/lib/python3.10/site-packages/airflow/example_dags/example_xcom.py
[2025-02-09T18:55:50.054-0700] {processor.py:925} INFO - DAG(s) 'example_xcom' retrieved from /Users/pranithjain/Desktop/DE Project/Apache Airflow Project/venv/lib/python3.10/site-packages/airflow/example_dags/example_xcom.py
[2025-02-09T18:55:50.122-0700] {logging_mixin.py:190} INFO - [2025-02-09T18:55:50.122-0700] {dag.py:3239} INFO - Sync 1 DAGs
[2025-02-09T18:55:50.130-0700] {logging_mixin.py:190} INFO - [2025-02-09T18:55:50.130-0700] {dag.py:4180} INFO - Setting next_dagrun for example_xcom to 2021-01-01 00:00:00+00:00, run_after=2021-01-01 00:00:00+00:00
[2025-02-09T18:55:50.137-0700] {processor.py:208} INFO - Processing /Users/pranithjain/Desktop/DE Project/Apache Airflow Project/venv/lib/python3.10/site-packages/airflow/example_dags/example_xcom.py took 0.101 seconds
[2025-02-09T18:57:03.770-0700] {processor.py:186} INFO - Started process (PID=20512) to work on /Users/pranithjain/Desktop/DE Project/Apache Airflow Project/venv/lib/python3.10/site-packages/airflow/example_dags/example_xcom.py
[2025-02-09T18:57:03.771-0700] {processor.py:914} INFO - Processing file /Users/pranithjain/Desktop/DE Project/Apache Airflow Project/venv/lib/python3.10/site-packages/airflow/example_dags/example_xcom.py for tasks to queue
[2025-02-09T18:57:03.771-0700] {logging_mixin.py:190} INFO - [2025-02-09T18:57:03.771-0700] {dagbag.py:588} INFO - Filling up the DagBag from /Users/pranithjain/Desktop/DE Project/Apache Airflow Project/venv/lib/python3.10/site-packages/airflow/example_dags/example_xcom.py
[2025-02-09T18:57:03.787-0700] {processor.py:925} INFO - DAG(s) 'example_xcom' retrieved from /Users/pranithjain/Desktop/DE Project/Apache Airflow Project/venv/lib/python3.10/site-packages/airflow/example_dags/example_xcom.py
[2025-02-09T18:57:03.854-0700] {logging_mixin.py:190} INFO - [2025-02-09T18:57:03.854-0700] {dag.py:3239} INFO - Sync 1 DAGs
[2025-02-09T18:57:03.861-0700] {logging_mixin.py:190} INFO - [2025-02-09T18:57:03.861-0700] {dag.py:4180} INFO - Setting next_dagrun for example_xcom to 2021-01-01 00:00:00+00:00, run_after=2021-01-01 00:00:00+00:00
[2025-02-09T18:57:03.868-0700] {processor.py:208} INFO - Processing /Users/pranithjain/Desktop/DE Project/Apache Airflow Project/venv/lib/python3.10/site-packages/airflow/example_dags/example_xcom.py took 0.099 seconds
[2025-02-09T18:58:15.085-0700] {processor.py:186} INFO - Started process (PID=20728) to work on /Users/pranithjain/Desktop/DE Project/Apache Airflow Project/venv/lib/python3.10/site-packages/airflow/example_dags/example_xcom.py
[2025-02-09T18:58:15.086-0700] {processor.py:914} INFO - Processing file /Users/pranithjain/Desktop/DE Project/Apache Airflow Project/venv/lib/python3.10/site-packages/airflow/example_dags/example_xcom.py for tasks to queue
[2025-02-09T18:58:15.086-0700] {logging_mixin.py:190} INFO - [2025-02-09T18:58:15.086-0700] {dagbag.py:588} INFO - Filling up the DagBag from /Users/pranithjain/Desktop/DE Project/Apache Airflow Project/venv/lib/python3.10/site-packages/airflow/example_dags/example_xcom.py
[2025-02-09T18:58:15.102-0700] {processor.py:925} INFO - DAG(s) 'example_xcom' retrieved from /Users/pranithjain/Desktop/DE Project/Apache Airflow Project/venv/lib/python3.10/site-packages/airflow/example_dags/example_xcom.py
[2025-02-09T18:58:15.176-0700] {logging_mixin.py:190} INFO - [2025-02-09T18:58:15.176-0700] {dag.py:3239} INFO - Sync 1 DAGs
[2025-02-09T18:58:15.183-0700] {logging_mixin.py:190} INFO - [2025-02-09T18:58:15.183-0700] {dag.py:4180} INFO - Setting next_dagrun for example_xcom to 2021-01-01 00:00:00+00:00, run_after=2021-01-01 00:00:00+00:00
[2025-02-09T18:58:15.191-0700] {processor.py:208} INFO - Processing /Users/pranithjain/Desktop/DE Project/Apache Airflow Project/venv/lib/python3.10/site-packages/airflow/example_dags/example_xcom.py took 0.108 seconds
[2025-02-09T19:06:31.025-0700] {processor.py:186} INFO - Started process (PID=21915) to work on /Users/pranithjain/Desktop/DE Project/Apache Airflow Project/venv/lib/python3.10/site-packages/airflow/example_dags/example_xcom.py
[2025-02-09T19:06:31.025-0700] {processor.py:914} INFO - Processing file /Users/pranithjain/Desktop/DE Project/Apache Airflow Project/venv/lib/python3.10/site-packages/airflow/example_dags/example_xcom.py for tasks to queue
[2025-02-09T19:06:31.026-0700] {logging_mixin.py:190} INFO - [2025-02-09T19:06:31.026-0700] {dagbag.py:588} INFO - Filling up the DagBag from /Users/pranithjain/Desktop/DE Project/Apache Airflow Project/venv/lib/python3.10/site-packages/airflow/example_dags/example_xcom.py
[2025-02-09T19:06:31.044-0700] {processor.py:925} INFO - DAG(s) 'example_xcom' retrieved from /Users/pranithjain/Desktop/DE Project/Apache Airflow Project/venv/lib/python3.10/site-packages/airflow/example_dags/example_xcom.py
[2025-02-09T19:06:31.115-0700] {logging_mixin.py:190} INFO - [2025-02-09T19:06:31.115-0700] {dag.py:3239} INFO - Sync 1 DAGs
[2025-02-09T19:06:31.122-0700] {logging_mixin.py:190} INFO - [2025-02-09T19:06:31.122-0700] {dag.py:4180} INFO - Setting next_dagrun for example_xcom to 2021-01-01 00:00:00+00:00, run_after=2021-01-01 00:00:00+00:00
[2025-02-09T19:06:31.130-0700] {processor.py:208} INFO - Processing /Users/pranithjain/Desktop/DE Project/Apache Airflow Project/venv/lib/python3.10/site-packages/airflow/example_dags/example_xcom.py took 0.107 seconds
[2025-02-09T19:08:09.064-0700] {processor.py:186} INFO - Started process (PID=22220) to work on /Users/pranithjain/Desktop/DE Project/Apache Airflow Project/venv/lib/python3.10/site-packages/airflow/example_dags/example_xcom.py
[2025-02-09T19:08:09.064-0700] {processor.py:914} INFO - Processing file /Users/pranithjain/Desktop/DE Project/Apache Airflow Project/venv/lib/python3.10/site-packages/airflow/example_dags/example_xcom.py for tasks to queue
[2025-02-09T19:08:09.065-0700] {logging_mixin.py:190} INFO - [2025-02-09T19:08:09.064-0700] {dagbag.py:588} INFO - Filling up the DagBag from /Users/pranithjain/Desktop/DE Project/Apache Airflow Project/venv/lib/python3.10/site-packages/airflow/example_dags/example_xcom.py
[2025-02-09T19:08:09.080-0700] {processor.py:925} INFO - DAG(s) 'example_xcom' retrieved from /Users/pranithjain/Desktop/DE Project/Apache Airflow Project/venv/lib/python3.10/site-packages/airflow/example_dags/example_xcom.py
[2025-02-09T19:08:09.146-0700] {logging_mixin.py:190} INFO - [2025-02-09T19:08:09.146-0700] {dag.py:3239} INFO - Sync 1 DAGs
[2025-02-09T19:08:09.153-0700] {logging_mixin.py:190} INFO - [2025-02-09T19:08:09.153-0700] {dag.py:4180} INFO - Setting next_dagrun for example_xcom to 2021-01-01 00:00:00+00:00, run_after=2021-01-01 00:00:00+00:00
[2025-02-09T19:08:09.160-0700] {processor.py:208} INFO - Processing /Users/pranithjain/Desktop/DE Project/Apache Airflow Project/venv/lib/python3.10/site-packages/airflow/example_dags/example_xcom.py took 0.098 seconds
[2025-02-09T19:09:19.799-0700] {processor.py:186} INFO - Started process (PID=22445) to work on /Users/pranithjain/Desktop/DE Project/Apache Airflow Project/venv/lib/python3.10/site-packages/airflow/example_dags/example_xcom.py
[2025-02-09T19:09:19.800-0700] {processor.py:914} INFO - Processing file /Users/pranithjain/Desktop/DE Project/Apache Airflow Project/venv/lib/python3.10/site-packages/airflow/example_dags/example_xcom.py for tasks to queue
[2025-02-09T19:09:19.800-0700] {logging_mixin.py:190} INFO - [2025-02-09T19:09:19.800-0700] {dagbag.py:588} INFO - Filling up the DagBag from /Users/pranithjain/Desktop/DE Project/Apache Airflow Project/venv/lib/python3.10/site-packages/airflow/example_dags/example_xcom.py
[2025-02-09T19:09:19.816-0700] {processor.py:925} INFO - DAG(s) 'example_xcom' retrieved from /Users/pranithjain/Desktop/DE Project/Apache Airflow Project/venv/lib/python3.10/site-packages/airflow/example_dags/example_xcom.py
[2025-02-09T19:09:19.819-0700] {logging_mixin.py:190} INFO - [2025-02-09T19:09:19.818-0700] {dag.py:3239} INFO - Sync 1 DAGs
[2025-02-09T19:09:19.888-0700] {logging_mixin.py:190} INFO - [2025-02-09T19:09:19.888-0700] {dag.py:4180} INFO - Setting next_dagrun for example_xcom to 2021-01-01 00:00:00+00:00, run_after=2021-01-01 00:00:00+00:00
[2025-02-09T19:09:19.897-0700] {processor.py:208} INFO - Processing /Users/pranithjain/Desktop/DE Project/Apache Airflow Project/venv/lib/python3.10/site-packages/airflow/example_dags/example_xcom.py took 0.099 seconds
[2025-02-09T19:10:33.239-0700] {processor.py:186} INFO - Started process (PID=22667) to work on /Users/pranithjain/Desktop/DE Project/Apache Airflow Project/venv/lib/python3.10/site-packages/airflow/example_dags/example_xcom.py
[2025-02-09T19:10:33.240-0700] {processor.py:914} INFO - Processing file /Users/pranithjain/Desktop/DE Project/Apache Airflow Project/venv/lib/python3.10/site-packages/airflow/example_dags/example_xcom.py for tasks to queue
[2025-02-09T19:10:33.240-0700] {logging_mixin.py:190} INFO - [2025-02-09T19:10:33.240-0700] {dagbag.py:588} INFO - Filling up the DagBag from /Users/pranithjain/Desktop/DE Project/Apache Airflow Project/venv/lib/python3.10/site-packages/airflow/example_dags/example_xcom.py
[2025-02-09T19:10:33.256-0700] {processor.py:925} INFO - DAG(s) 'example_xcom' retrieved from /Users/pranithjain/Desktop/DE Project/Apache Airflow Project/venv/lib/python3.10/site-packages/airflow/example_dags/example_xcom.py
[2025-02-09T19:10:33.362-0700] {logging_mixin.py:190} INFO - [2025-02-09T19:10:33.362-0700] {dag.py:3239} INFO - Sync 1 DAGs
[2025-02-09T19:10:33.369-0700] {logging_mixin.py:190} INFO - [2025-02-09T19:10:33.369-0700] {dag.py:4180} INFO - Setting next_dagrun for example_xcom to 2021-01-01 00:00:00+00:00, run_after=2021-01-01 00:00:00+00:00
[2025-02-09T19:10:33.378-0700] {processor.py:208} INFO - Processing /Users/pranithjain/Desktop/DE Project/Apache Airflow Project/venv/lib/python3.10/site-packages/airflow/example_dags/example_xcom.py took 0.141 seconds
[2025-02-09T19:13:01.140-0700] {processor.py:186} INFO - Started process (PID=23071) to work on /Users/pranithjain/Desktop/DE Project/Apache Airflow Project/venv/lib/python3.10/site-packages/airflow/example_dags/example_xcom.py
[2025-02-09T19:13:01.140-0700] {processor.py:914} INFO - Processing file /Users/pranithjain/Desktop/DE Project/Apache Airflow Project/venv/lib/python3.10/site-packages/airflow/example_dags/example_xcom.py for tasks to queue
[2025-02-09T19:13:01.141-0700] {logging_mixin.py:190} INFO - [2025-02-09T19:13:01.141-0700] {dagbag.py:588} INFO - Filling up the DagBag from /Users/pranithjain/Desktop/DE Project/Apache Airflow Project/venv/lib/python3.10/site-packages/airflow/example_dags/example_xcom.py
[2025-02-09T19:13:01.158-0700] {processor.py:925} INFO - DAG(s) 'example_xcom' retrieved from /Users/pranithjain/Desktop/DE Project/Apache Airflow Project/venv/lib/python3.10/site-packages/airflow/example_dags/example_xcom.py
[2025-02-09T19:13:01.226-0700] {logging_mixin.py:190} INFO - [2025-02-09T19:13:01.225-0700] {dag.py:3239} INFO - Sync 1 DAGs
[2025-02-09T19:13:01.233-0700] {logging_mixin.py:190} INFO - [2025-02-09T19:13:01.233-0700] {dag.py:4180} INFO - Setting next_dagrun for example_xcom to 2021-01-01 00:00:00+00:00, run_after=2021-01-01 00:00:00+00:00
[2025-02-09T19:13:01.240-0700] {processor.py:208} INFO - Processing /Users/pranithjain/Desktop/DE Project/Apache Airflow Project/venv/lib/python3.10/site-packages/airflow/example_dags/example_xcom.py took 0.102 seconds
[2025-02-09T19:14:44.311-0700] {processor.py:186} INFO - Started process (PID=23391) to work on /Users/pranithjain/Desktop/DE Project/Apache Airflow Project/venv/lib/python3.10/site-packages/airflow/example_dags/example_xcom.py
[2025-02-09T19:14:44.312-0700] {processor.py:914} INFO - Processing file /Users/pranithjain/Desktop/DE Project/Apache Airflow Project/venv/lib/python3.10/site-packages/airflow/example_dags/example_xcom.py for tasks to queue
[2025-02-09T19:14:44.312-0700] {logging_mixin.py:190} INFO - [2025-02-09T19:14:44.312-0700] {dagbag.py:588} INFO - Filling up the DagBag from /Users/pranithjain/Desktop/DE Project/Apache Airflow Project/venv/lib/python3.10/site-packages/airflow/example_dags/example_xcom.py
[2025-02-09T19:14:44.328-0700] {processor.py:925} INFO - DAG(s) 'example_xcom' retrieved from /Users/pranithjain/Desktop/DE Project/Apache Airflow Project/venv/lib/python3.10/site-packages/airflow/example_dags/example_xcom.py
[2025-02-09T19:14:44.394-0700] {logging_mixin.py:190} INFO - [2025-02-09T19:14:44.394-0700] {dag.py:3239} INFO - Sync 1 DAGs
[2025-02-09T19:14:44.401-0700] {logging_mixin.py:190} INFO - [2025-02-09T19:14:44.401-0700] {dag.py:4180} INFO - Setting next_dagrun for example_xcom to 2021-01-01 00:00:00+00:00, run_after=2021-01-01 00:00:00+00:00
[2025-02-09T19:14:44.408-0700] {processor.py:208} INFO - Processing /Users/pranithjain/Desktop/DE Project/Apache Airflow Project/venv/lib/python3.10/site-packages/airflow/example_dags/example_xcom.py took 0.099 seconds
[2025-02-09T19:15:54.360-0700] {processor.py:186} INFO - Started process (PID=23602) to work on /Users/pranithjain/Desktop/DE Project/Apache Airflow Project/venv/lib/python3.10/site-packages/airflow/example_dags/example_xcom.py
[2025-02-09T19:15:54.361-0700] {processor.py:914} INFO - Processing file /Users/pranithjain/Desktop/DE Project/Apache Airflow Project/venv/lib/python3.10/site-packages/airflow/example_dags/example_xcom.py for tasks to queue
[2025-02-09T19:15:54.361-0700] {logging_mixin.py:190} INFO - [2025-02-09T19:15:54.361-0700] {dagbag.py:588} INFO - Filling up the DagBag from /Users/pranithjain/Desktop/DE Project/Apache Airflow Project/venv/lib/python3.10/site-packages/airflow/example_dags/example_xcom.py
[2025-02-09T19:15:54.377-0700] {processor.py:925} INFO - DAG(s) 'example_xcom' retrieved from /Users/pranithjain/Desktop/DE Project/Apache Airflow Project/venv/lib/python3.10/site-packages/airflow/example_dags/example_xcom.py
[2025-02-09T19:15:54.444-0700] {logging_mixin.py:190} INFO - [2025-02-09T19:15:54.444-0700] {dag.py:3239} INFO - Sync 1 DAGs
[2025-02-09T19:15:54.451-0700] {logging_mixin.py:190} INFO - [2025-02-09T19:15:54.451-0700] {dag.py:4180} INFO - Setting next_dagrun for example_xcom to 2021-01-01 00:00:00+00:00, run_after=2021-01-01 00:00:00+00:00
[2025-02-09T19:15:54.458-0700] {processor.py:208} INFO - Processing /Users/pranithjain/Desktop/DE Project/Apache Airflow Project/venv/lib/python3.10/site-packages/airflow/example_dags/example_xcom.py took 0.099 seconds
[2025-02-09T19:17:04.352-0700] {processor.py:186} INFO - Started process (PID=23819) to work on /Users/pranithjain/Desktop/DE Project/Apache Airflow Project/venv/lib/python3.10/site-packages/airflow/example_dags/example_xcom.py
[2025-02-09T19:17:04.353-0700] {processor.py:914} INFO - Processing file /Users/pranithjain/Desktop/DE Project/Apache Airflow Project/venv/lib/python3.10/site-packages/airflow/example_dags/example_xcom.py for tasks to queue
[2025-02-09T19:17:04.354-0700] {logging_mixin.py:190} INFO - [2025-02-09T19:17:04.354-0700] {dagbag.py:588} INFO - Filling up the DagBag from /Users/pranithjain/Desktop/DE Project/Apache Airflow Project/venv/lib/python3.10/site-packages/airflow/example_dags/example_xcom.py
[2025-02-09T19:17:04.371-0700] {processor.py:925} INFO - DAG(s) 'example_xcom' retrieved from /Users/pranithjain/Desktop/DE Project/Apache Airflow Project/venv/lib/python3.10/site-packages/airflow/example_dags/example_xcom.py
[2025-02-09T19:17:04.440-0700] {logging_mixin.py:190} INFO - [2025-02-09T19:17:04.440-0700] {dag.py:3239} INFO - Sync 1 DAGs
[2025-02-09T19:17:04.447-0700] {logging_mixin.py:190} INFO - [2025-02-09T19:17:04.447-0700] {dag.py:4180} INFO - Setting next_dagrun for example_xcom to 2021-01-01 00:00:00+00:00, run_after=2021-01-01 00:00:00+00:00
[2025-02-09T19:17:04.454-0700] {processor.py:208} INFO - Processing /Users/pranithjain/Desktop/DE Project/Apache Airflow Project/venv/lib/python3.10/site-packages/airflow/example_dags/example_xcom.py took 0.105 seconds
[2025-02-09T19:18:17.030-0700] {processor.py:186} INFO - Started process (PID=24037) to work on /Users/pranithjain/Desktop/DE Project/Apache Airflow Project/venv/lib/python3.10/site-packages/airflow/example_dags/example_xcom.py
[2025-02-09T19:18:17.030-0700] {processor.py:914} INFO - Processing file /Users/pranithjain/Desktop/DE Project/Apache Airflow Project/venv/lib/python3.10/site-packages/airflow/example_dags/example_xcom.py for tasks to queue
[2025-02-09T19:18:17.031-0700] {logging_mixin.py:190} INFO - [2025-02-09T19:18:17.031-0700] {dagbag.py:588} INFO - Filling up the DagBag from /Users/pranithjain/Desktop/DE Project/Apache Airflow Project/venv/lib/python3.10/site-packages/airflow/example_dags/example_xcom.py
[2025-02-09T19:18:17.047-0700] {processor.py:925} INFO - DAG(s) 'example_xcom' retrieved from /Users/pranithjain/Desktop/DE Project/Apache Airflow Project/venv/lib/python3.10/site-packages/airflow/example_dags/example_xcom.py
[2025-02-09T19:18:17.115-0700] {logging_mixin.py:190} INFO - [2025-02-09T19:18:17.115-0700] {dag.py:3239} INFO - Sync 1 DAGs
[2025-02-09T19:18:17.122-0700] {logging_mixin.py:190} INFO - [2025-02-09T19:18:17.122-0700] {dag.py:4180} INFO - Setting next_dagrun for example_xcom to 2021-01-01 00:00:00+00:00, run_after=2021-01-01 00:00:00+00:00
[2025-02-09T19:18:17.128-0700] {processor.py:208} INFO - Processing /Users/pranithjain/Desktop/DE Project/Apache Airflow Project/venv/lib/python3.10/site-packages/airflow/example_dags/example_xcom.py took 0.100 seconds
[2025-02-09T19:19:29.122-0700] {processor.py:186} INFO - Started process (PID=24266) to work on /Users/pranithjain/Desktop/DE Project/Apache Airflow Project/venv/lib/python3.10/site-packages/airflow/example_dags/example_xcom.py
[2025-02-09T19:19:29.122-0700] {processor.py:914} INFO - Processing file /Users/pranithjain/Desktop/DE Project/Apache Airflow Project/venv/lib/python3.10/site-packages/airflow/example_dags/example_xcom.py for tasks to queue
[2025-02-09T19:19:29.123-0700] {logging_mixin.py:190} INFO - [2025-02-09T19:19:29.123-0700] {dagbag.py:588} INFO - Filling up the DagBag from /Users/pranithjain/Desktop/DE Project/Apache Airflow Project/venv/lib/python3.10/site-packages/airflow/example_dags/example_xcom.py
[2025-02-09T19:19:29.139-0700] {processor.py:925} INFO - DAG(s) 'example_xcom' retrieved from /Users/pranithjain/Desktop/DE Project/Apache Airflow Project/venv/lib/python3.10/site-packages/airflow/example_dags/example_xcom.py
[2025-02-09T19:19:29.204-0700] {logging_mixin.py:190} INFO - [2025-02-09T19:19:29.204-0700] {dag.py:3239} INFO - Sync 1 DAGs
[2025-02-09T19:19:29.211-0700] {logging_mixin.py:190} INFO - [2025-02-09T19:19:29.211-0700] {dag.py:4180} INFO - Setting next_dagrun for example_xcom to 2021-01-01 00:00:00+00:00, run_after=2021-01-01 00:00:00+00:00
[2025-02-09T19:19:29.217-0700] {processor.py:208} INFO - Processing /Users/pranithjain/Desktop/DE Project/Apache Airflow Project/venv/lib/python3.10/site-packages/airflow/example_dags/example_xcom.py took 0.097 seconds
[2025-02-09T19:20:42.223-0700] {processor.py:186} INFO - Started process (PID=24486) to work on /Users/pranithjain/Desktop/DE Project/Apache Airflow Project/venv/lib/python3.10/site-packages/airflow/example_dags/example_xcom.py
[2025-02-09T19:20:42.225-0700] {processor.py:914} INFO - Processing file /Users/pranithjain/Desktop/DE Project/Apache Airflow Project/venv/lib/python3.10/site-packages/airflow/example_dags/example_xcom.py for tasks to queue
[2025-02-09T19:20:42.225-0700] {logging_mixin.py:190} INFO - [2025-02-09T19:20:42.225-0700] {dagbag.py:588} INFO - Filling up the DagBag from /Users/pranithjain/Desktop/DE Project/Apache Airflow Project/venv/lib/python3.10/site-packages/airflow/example_dags/example_xcom.py
[2025-02-09T19:20:42.241-0700] {processor.py:925} INFO - DAG(s) 'example_xcom' retrieved from /Users/pranithjain/Desktop/DE Project/Apache Airflow Project/venv/lib/python3.10/site-packages/airflow/example_dags/example_xcom.py
[2025-02-09T19:20:42.309-0700] {logging_mixin.py:190} INFO - [2025-02-09T19:20:42.309-0700] {dag.py:3239} INFO - Sync 1 DAGs
[2025-02-09T19:20:42.316-0700] {logging_mixin.py:190} INFO - [2025-02-09T19:20:42.316-0700] {dag.py:4180} INFO - Setting next_dagrun for example_xcom to 2021-01-01 00:00:00+00:00, run_after=2021-01-01 00:00:00+00:00
[2025-02-09T19:20:42.323-0700] {processor.py:208} INFO - Processing /Users/pranithjain/Desktop/DE Project/Apache Airflow Project/venv/lib/python3.10/site-packages/airflow/example_dags/example_xcom.py took 0.101 seconds
[2025-02-09T19:21:57.100-0700] {processor.py:186} INFO - Started process (PID=24804) to work on /Users/pranithjain/Desktop/DE Project/Apache Airflow Project/venv/lib/python3.10/site-packages/airflow/example_dags/example_xcom.py
[2025-02-09T19:21:57.101-0700] {processor.py:914} INFO - Processing file /Users/pranithjain/Desktop/DE Project/Apache Airflow Project/venv/lib/python3.10/site-packages/airflow/example_dags/example_xcom.py for tasks to queue
[2025-02-09T19:21:57.101-0700] {logging_mixin.py:190} INFO - [2025-02-09T19:21:57.101-0700] {dagbag.py:588} INFO - Filling up the DagBag from /Users/pranithjain/Desktop/DE Project/Apache Airflow Project/venv/lib/python3.10/site-packages/airflow/example_dags/example_xcom.py
[2025-02-09T19:21:57.118-0700] {processor.py:925} INFO - DAG(s) 'example_xcom' retrieved from /Users/pranithjain/Desktop/DE Project/Apache Airflow Project/venv/lib/python3.10/site-packages/airflow/example_dags/example_xcom.py
[2025-02-09T19:21:57.184-0700] {logging_mixin.py:190} INFO - [2025-02-09T19:21:57.184-0700] {dag.py:3239} INFO - Sync 1 DAGs
[2025-02-09T19:21:57.191-0700] {logging_mixin.py:190} INFO - [2025-02-09T19:21:57.191-0700] {dag.py:4180} INFO - Setting next_dagrun for example_xcom to 2021-01-01 00:00:00+00:00, run_after=2021-01-01 00:00:00+00:00
[2025-02-09T19:21:57.198-0700] {processor.py:208} INFO - Processing /Users/pranithjain/Desktop/DE Project/Apache Airflow Project/venv/lib/python3.10/site-packages/airflow/example_dags/example_xcom.py took 0.099 seconds
[2025-02-09T19:23:09.756-0700] {processor.py:186} INFO - Started process (PID=25025) to work on /Users/pranithjain/Desktop/DE Project/Apache Airflow Project/venv/lib/python3.10/site-packages/airflow/example_dags/example_xcom.py
[2025-02-09T19:23:09.757-0700] {processor.py:914} INFO - Processing file /Users/pranithjain/Desktop/DE Project/Apache Airflow Project/venv/lib/python3.10/site-packages/airflow/example_dags/example_xcom.py for tasks to queue
[2025-02-09T19:23:09.757-0700] {logging_mixin.py:190} INFO - [2025-02-09T19:23:09.757-0700] {dagbag.py:588} INFO - Filling up the DagBag from /Users/pranithjain/Desktop/DE Project/Apache Airflow Project/venv/lib/python3.10/site-packages/airflow/example_dags/example_xcom.py
[2025-02-09T19:23:09.773-0700] {processor.py:925} INFO - DAG(s) 'example_xcom' retrieved from /Users/pranithjain/Desktop/DE Project/Apache Airflow Project/venv/lib/python3.10/site-packages/airflow/example_dags/example_xcom.py
[2025-02-09T19:23:09.838-0700] {logging_mixin.py:190} INFO - [2025-02-09T19:23:09.838-0700] {dag.py:3239} INFO - Sync 1 DAGs
[2025-02-09T19:23:09.845-0700] {logging_mixin.py:190} INFO - [2025-02-09T19:23:09.845-0700] {dag.py:4180} INFO - Setting next_dagrun for example_xcom to 2021-01-01 00:00:00+00:00, run_after=2021-01-01 00:00:00+00:00
[2025-02-09T19:23:09.852-0700] {processor.py:208} INFO - Processing /Users/pranithjain/Desktop/DE Project/Apache Airflow Project/venv/lib/python3.10/site-packages/airflow/example_dags/example_xcom.py took 0.097 seconds
[2025-02-09T19:24:17.997-0700] {processor.py:186} INFO - Started process (PID=25241) to work on /Users/pranithjain/Desktop/DE Project/Apache Airflow Project/venv/lib/python3.10/site-packages/airflow/example_dags/example_xcom.py
[2025-02-09T19:24:17.997-0700] {processor.py:914} INFO - Processing file /Users/pranithjain/Desktop/DE Project/Apache Airflow Project/venv/lib/python3.10/site-packages/airflow/example_dags/example_xcom.py for tasks to queue
[2025-02-09T19:24:17.998-0700] {logging_mixin.py:190} INFO - [2025-02-09T19:24:17.998-0700] {dagbag.py:588} INFO - Filling up the DagBag from /Users/pranithjain/Desktop/DE Project/Apache Airflow Project/venv/lib/python3.10/site-packages/airflow/example_dags/example_xcom.py
[2025-02-09T19:24:18.015-0700] {processor.py:925} INFO - DAG(s) 'example_xcom' retrieved from /Users/pranithjain/Desktop/DE Project/Apache Airflow Project/venv/lib/python3.10/site-packages/airflow/example_dags/example_xcom.py
[2025-02-09T19:24:18.081-0700] {logging_mixin.py:190} INFO - [2025-02-09T19:24:18.080-0700] {dag.py:3239} INFO - Sync 1 DAGs
[2025-02-09T19:24:18.087-0700] {logging_mixin.py:190} INFO - [2025-02-09T19:24:18.087-0700] {dag.py:4180} INFO - Setting next_dagrun for example_xcom to 2021-01-01 00:00:00+00:00, run_after=2021-01-01 00:00:00+00:00
[2025-02-09T19:24:18.094-0700] {processor.py:208} INFO - Processing /Users/pranithjain/Desktop/DE Project/Apache Airflow Project/venv/lib/python3.10/site-packages/airflow/example_dags/example_xcom.py took 0.099 seconds
[2025-02-09T19:25:25.302-0700] {processor.py:186} INFO - Started process (PID=25448) to work on /Users/pranithjain/Desktop/DE Project/Apache Airflow Project/venv/lib/python3.10/site-packages/airflow/example_dags/example_xcom.py
[2025-02-09T19:25:25.303-0700] {processor.py:914} INFO - Processing file /Users/pranithjain/Desktop/DE Project/Apache Airflow Project/venv/lib/python3.10/site-packages/airflow/example_dags/example_xcom.py for tasks to queue
[2025-02-09T19:25:25.303-0700] {logging_mixin.py:190} INFO - [2025-02-09T19:25:25.303-0700] {dagbag.py:588} INFO - Filling up the DagBag from /Users/pranithjain/Desktop/DE Project/Apache Airflow Project/venv/lib/python3.10/site-packages/airflow/example_dags/example_xcom.py
[2025-02-09T19:25:25.319-0700] {processor.py:925} INFO - DAG(s) 'example_xcom' retrieved from /Users/pranithjain/Desktop/DE Project/Apache Airflow Project/venv/lib/python3.10/site-packages/airflow/example_dags/example_xcom.py
[2025-02-09T19:25:25.386-0700] {logging_mixin.py:190} INFO - [2025-02-09T19:25:25.386-0700] {dag.py:3239} INFO - Sync 1 DAGs
[2025-02-09T19:25:25.393-0700] {logging_mixin.py:190} INFO - [2025-02-09T19:25:25.393-0700] {dag.py:4180} INFO - Setting next_dagrun for example_xcom to 2021-01-01 00:00:00+00:00, run_after=2021-01-01 00:00:00+00:00
[2025-02-09T19:25:25.400-0700] {processor.py:208} INFO - Processing /Users/pranithjain/Desktop/DE Project/Apache Airflow Project/venv/lib/python3.10/site-packages/airflow/example_dags/example_xcom.py took 0.099 seconds
[2025-02-09T19:26:34.720-0700] {processor.py:186} INFO - Started process (PID=25738) to work on /Users/pranithjain/Desktop/DE Project/Apache Airflow Project/venv/lib/python3.10/site-packages/airflow/example_dags/example_xcom.py
[2025-02-09T19:26:34.722-0700] {processor.py:914} INFO - Processing file /Users/pranithjain/Desktop/DE Project/Apache Airflow Project/venv/lib/python3.10/site-packages/airflow/example_dags/example_xcom.py for tasks to queue
[2025-02-09T19:26:34.722-0700] {logging_mixin.py:190} INFO - [2025-02-09T19:26:34.722-0700] {dagbag.py:588} INFO - Filling up the DagBag from /Users/pranithjain/Desktop/DE Project/Apache Airflow Project/venv/lib/python3.10/site-packages/airflow/example_dags/example_xcom.py
[2025-02-09T19:26:34.738-0700] {processor.py:925} INFO - DAG(s) 'example_xcom' retrieved from /Users/pranithjain/Desktop/DE Project/Apache Airflow Project/venv/lib/python3.10/site-packages/airflow/example_dags/example_xcom.py
[2025-02-09T19:26:34.803-0700] {logging_mixin.py:190} INFO - [2025-02-09T19:26:34.803-0700] {dag.py:3239} INFO - Sync 1 DAGs
[2025-02-09T19:26:34.811-0700] {logging_mixin.py:190} INFO - [2025-02-09T19:26:34.811-0700] {dag.py:4180} INFO - Setting next_dagrun for example_xcom to 2021-01-01 00:00:00+00:00, run_after=2021-01-01 00:00:00+00:00
[2025-02-09T19:26:34.818-0700] {processor.py:208} INFO - Processing /Users/pranithjain/Desktop/DE Project/Apache Airflow Project/venv/lib/python3.10/site-packages/airflow/example_dags/example_xcom.py took 0.099 seconds
[2025-02-09T19:28:25.896-0700] {processor.py:186} INFO - Started process (PID=26125) to work on /Users/pranithjain/Desktop/DE Project/Apache Airflow Project/venv/lib/python3.10/site-packages/airflow/example_dags/example_xcom.py
[2025-02-09T19:28:25.897-0700] {processor.py:914} INFO - Processing file /Users/pranithjain/Desktop/DE Project/Apache Airflow Project/venv/lib/python3.10/site-packages/airflow/example_dags/example_xcom.py for tasks to queue
[2025-02-09T19:28:25.897-0700] {logging_mixin.py:190} INFO - [2025-02-09T19:28:25.897-0700] {dagbag.py:588} INFO - Filling up the DagBag from /Users/pranithjain/Desktop/DE Project/Apache Airflow Project/venv/lib/python3.10/site-packages/airflow/example_dags/example_xcom.py
[2025-02-09T19:28:25.913-0700] {processor.py:925} INFO - DAG(s) 'example_xcom' retrieved from /Users/pranithjain/Desktop/DE Project/Apache Airflow Project/venv/lib/python3.10/site-packages/airflow/example_dags/example_xcom.py
[2025-02-09T19:28:25.980-0700] {logging_mixin.py:190} INFO - [2025-02-09T19:28:25.980-0700] {dag.py:3239} INFO - Sync 1 DAGs
[2025-02-09T19:28:25.987-0700] {logging_mixin.py:190} INFO - [2025-02-09T19:28:25.987-0700] {dag.py:4180} INFO - Setting next_dagrun for example_xcom to 2021-01-01 00:00:00+00:00, run_after=2021-01-01 00:00:00+00:00
[2025-02-09T19:28:25.995-0700] {processor.py:208} INFO - Processing /Users/pranithjain/Desktop/DE Project/Apache Airflow Project/venv/lib/python3.10/site-packages/airflow/example_dags/example_xcom.py took 0.101 seconds
