[2025-02-09T18:47:52.992-0700] {processor.py:186} INFO - Started process (PID=18790) to work on /Users/pranithjain/Desktop/DE Project/Apache Airflow Project/venv/lib/python3.10/site-packages/airflow/example_dags/example_trigger_controller_dag.py
[2025-02-09T18:47:52.992-0700] {processor.py:914} INFO - Processing file /Users/pranithjain/Desktop/DE Project/Apache Airflow Project/venv/lib/python3.10/site-packages/airflow/example_dags/example_trigger_controller_dag.py for tasks to queue
[2025-02-09T18:47:52.993-0700] {logging_mixin.py:190} INFO - [2025-02-09T18:47:52.993-0700] {dagbag.py:588} INFO - Filling up the DagBag from /Users/pranithjain/Desktop/DE Project/Apache Airflow Project/venv/lib/python3.10/site-packages/airflow/example_dags/example_trigger_controller_dag.py
[2025-02-09T18:47:52.998-0700] {processor.py:925} INFO - DAG(s) 'example_trigger_controller_dag' retrieved from /Users/pranithjain/Desktop/DE Project/Apache Airflow Project/venv/lib/python3.10/site-packages/airflow/example_dags/example_trigger_controller_dag.py
[2025-02-09T18:47:53.098-0700] {logging_mixin.py:190} INFO - [2025-02-09T18:47:53.097-0700] {override.py:1930} INFO - Created Permission View: can read on DAG:example_trigger_controller_dag
[2025-02-09T18:47:53.101-0700] {logging_mixin.py:190} INFO - [2025-02-09T18:47:53.101-0700] {override.py:1930} INFO - Created Permission View: can delete on DAG:example_trigger_controller_dag
[2025-02-09T18:47:53.103-0700] {logging_mixin.py:190} INFO - [2025-02-09T18:47:53.103-0700] {override.py:1930} INFO - Created Permission View: can edit on DAG:example_trigger_controller_dag
[2025-02-09T18:47:53.106-0700] {logging_mixin.py:190} INFO - [2025-02-09T18:47:53.106-0700] {override.py:1930} INFO - Created Permission View: can read on DAG Run:example_trigger_controller_dag
[2025-02-09T18:47:53.108-0700] {logging_mixin.py:190} INFO - [2025-02-09T18:47:53.107-0700] {override.py:1930} INFO - Created Permission View: can delete on DAG Run:example_trigger_controller_dag
[2025-02-09T18:47:53.110-0700] {logging_mixin.py:190} INFO - [2025-02-09T18:47:53.109-0700] {override.py:1930} INFO - Created Permission View: menu access on DAG Run:example_trigger_controller_dag
[2025-02-09T18:47:53.112-0700] {logging_mixin.py:190} INFO - [2025-02-09T18:47:53.111-0700] {override.py:1930} INFO - Created Permission View: can create on DAG Run:example_trigger_controller_dag
[2025-02-09T18:47:53.112-0700] {logging_mixin.py:190} INFO - [2025-02-09T18:47:53.112-0700] {dag.py:3239} INFO - Sync 1 DAGs
[2025-02-09T18:47:53.117-0700] {logging_mixin.py:190} INFO - [2025-02-09T18:47:53.117-0700] {dag.py:3262} INFO - Creating ORM DAG for example_trigger_controller_dag
[2025-02-09T18:47:53.120-0700] {logging_mixin.py:190} INFO - [2025-02-09T18:47:53.120-0700] {dag.py:4180} INFO - Setting next_dagrun for example_trigger_controller_dag to 2021-01-01 00:00:00+00:00, run_after=2021-01-01 00:00:00+00:00
[2025-02-09T18:47:53.126-0700] {processor.py:208} INFO - Processing /Users/pranithjain/Desktop/DE Project/Apache Airflow Project/venv/lib/python3.10/site-packages/airflow/example_dags/example_trigger_controller_dag.py took 0.135 seconds
[2025-02-09T18:49:35.831-0700] {processor.py:186} INFO - Started process (PID=19109) to work on /Users/pranithjain/Desktop/DE Project/Apache Airflow Project/venv/lib/python3.10/site-packages/airflow/example_dags/example_trigger_controller_dag.py
[2025-02-09T18:49:35.832-0700] {processor.py:914} INFO - Processing file /Users/pranithjain/Desktop/DE Project/Apache Airflow Project/venv/lib/python3.10/site-packages/airflow/example_dags/example_trigger_controller_dag.py for tasks to queue
[2025-02-09T18:49:35.832-0700] {logging_mixin.py:190} INFO - [2025-02-09T18:49:35.832-0700] {dagbag.py:588} INFO - Filling up the DagBag from /Users/pranithjain/Desktop/DE Project/Apache Airflow Project/venv/lib/python3.10/site-packages/airflow/example_dags/example_trigger_controller_dag.py
[2025-02-09T18:49:35.837-0700] {processor.py:925} INFO - DAG(s) 'example_trigger_controller_dag' retrieved from /Users/pranithjain/Desktop/DE Project/Apache Airflow Project/venv/lib/python3.10/site-packages/airflow/example_dags/example_trigger_controller_dag.py
[2025-02-09T18:49:35.902-0700] {logging_mixin.py:190} INFO - [2025-02-09T18:49:35.902-0700] {dag.py:3239} INFO - Sync 1 DAGs
[2025-02-09T18:49:35.908-0700] {logging_mixin.py:190} INFO - [2025-02-09T18:49:35.908-0700] {dag.py:4180} INFO - Setting next_dagrun for example_trigger_controller_dag to 2021-01-01 00:00:00+00:00, run_after=2021-01-01 00:00:00+00:00
[2025-02-09T18:49:35.915-0700] {processor.py:208} INFO - Processing /Users/pranithjain/Desktop/DE Project/Apache Airflow Project/venv/lib/python3.10/site-packages/airflow/example_dags/example_trigger_controller_dag.py took 0.086 seconds
[2025-02-09T18:50:49.629-0700] {processor.py:186} INFO - Started process (PID=19339) to work on /Users/pranithjain/Desktop/DE Project/Apache Airflow Project/venv/lib/python3.10/site-packages/airflow/example_dags/example_trigger_controller_dag.py
[2025-02-09T18:50:49.631-0700] {processor.py:914} INFO - Processing file /Users/pranithjain/Desktop/DE Project/Apache Airflow Project/venv/lib/python3.10/site-packages/airflow/example_dags/example_trigger_controller_dag.py for tasks to queue
[2025-02-09T18:50:49.631-0700] {logging_mixin.py:190} INFO - [2025-02-09T18:50:49.631-0700] {dagbag.py:588} INFO - Filling up the DagBag from /Users/pranithjain/Desktop/DE Project/Apache Airflow Project/venv/lib/python3.10/site-packages/airflow/example_dags/example_trigger_controller_dag.py
[2025-02-09T18:50:49.637-0700] {processor.py:925} INFO - DAG(s) 'example_trigger_controller_dag' retrieved from /Users/pranithjain/Desktop/DE Project/Apache Airflow Project/venv/lib/python3.10/site-packages/airflow/example_dags/example_trigger_controller_dag.py
[2025-02-09T18:50:49.704-0700] {logging_mixin.py:190} INFO - [2025-02-09T18:50:49.704-0700] {dag.py:3239} INFO - Sync 1 DAGs
[2025-02-09T18:50:49.710-0700] {logging_mixin.py:190} INFO - [2025-02-09T18:50:49.710-0700] {dag.py:4180} INFO - Setting next_dagrun for example_trigger_controller_dag to 2021-01-01 00:00:00+00:00, run_after=2021-01-01 00:00:00+00:00
[2025-02-09T18:50:49.717-0700] {processor.py:208} INFO - Processing /Users/pranithjain/Desktop/DE Project/Apache Airflow Project/venv/lib/python3.10/site-packages/airflow/example_dags/example_trigger_controller_dag.py took 0.090 seconds
[2025-02-09T18:52:00.289-0700] {processor.py:186} INFO - Started process (PID=19560) to work on /Users/pranithjain/Desktop/DE Project/Apache Airflow Project/venv/lib/python3.10/site-packages/airflow/example_dags/example_trigger_controller_dag.py
[2025-02-09T18:52:00.290-0700] {processor.py:914} INFO - Processing file /Users/pranithjain/Desktop/DE Project/Apache Airflow Project/venv/lib/python3.10/site-packages/airflow/example_dags/example_trigger_controller_dag.py for tasks to queue
[2025-02-09T18:52:00.290-0700] {logging_mixin.py:190} INFO - [2025-02-09T18:52:00.290-0700] {dagbag.py:588} INFO - Filling up the DagBag from /Users/pranithjain/Desktop/DE Project/Apache Airflow Project/venv/lib/python3.10/site-packages/airflow/example_dags/example_trigger_controller_dag.py
[2025-02-09T18:52:00.295-0700] {processor.py:925} INFO - DAG(s) 'example_trigger_controller_dag' retrieved from /Users/pranithjain/Desktop/DE Project/Apache Airflow Project/venv/lib/python3.10/site-packages/airflow/example_dags/example_trigger_controller_dag.py
[2025-02-09T18:52:00.360-0700] {logging_mixin.py:190} INFO - [2025-02-09T18:52:00.360-0700] {dag.py:3239} INFO - Sync 1 DAGs
[2025-02-09T18:52:00.367-0700] {logging_mixin.py:190} INFO - [2025-02-09T18:52:00.367-0700] {dag.py:4180} INFO - Setting next_dagrun for example_trigger_controller_dag to 2021-01-01 00:00:00+00:00, run_after=2021-01-01 00:00:00+00:00
[2025-02-09T18:52:00.374-0700] {processor.py:208} INFO - Processing /Users/pranithjain/Desktop/DE Project/Apache Airflow Project/venv/lib/python3.10/site-packages/airflow/example_dags/example_trigger_controller_dag.py took 0.086 seconds
[2025-02-09T18:53:01.209-0700] {processor.py:186} INFO - Started process (PID=19759) to work on /Users/pranithjain/Desktop/DE Project/Apache Airflow Project/venv/lib/python3.10/site-packages/airflow/example_dags/example_trigger_controller_dag.py
[2025-02-09T18:53:01.211-0700] {processor.py:914} INFO - Processing file /Users/pranithjain/Desktop/DE Project/Apache Airflow Project/venv/lib/python3.10/site-packages/airflow/example_dags/example_trigger_controller_dag.py for tasks to queue
[2025-02-09T18:53:01.211-0700] {logging_mixin.py:190} INFO - [2025-02-09T18:53:01.211-0700] {dagbag.py:588} INFO - Filling up the DagBag from /Users/pranithjain/Desktop/DE Project/Apache Airflow Project/venv/lib/python3.10/site-packages/airflow/example_dags/example_trigger_controller_dag.py
[2025-02-09T18:53:01.217-0700] {processor.py:925} INFO - DAG(s) 'example_trigger_controller_dag' retrieved from /Users/pranithjain/Desktop/DE Project/Apache Airflow Project/venv/lib/python3.10/site-packages/airflow/example_dags/example_trigger_controller_dag.py
[2025-02-09T18:53:01.281-0700] {logging_mixin.py:190} INFO - [2025-02-09T18:53:01.281-0700] {dag.py:3239} INFO - Sync 1 DAGs
[2025-02-09T18:53:01.287-0700] {logging_mixin.py:190} INFO - [2025-02-09T18:53:01.287-0700] {dag.py:4180} INFO - Setting next_dagrun for example_trigger_controller_dag to 2021-01-01 00:00:00+00:00, run_after=2021-01-01 00:00:00+00:00
[2025-02-09T18:53:01.294-0700] {processor.py:208} INFO - Processing /Users/pranithjain/Desktop/DE Project/Apache Airflow Project/venv/lib/python3.10/site-packages/airflow/example_dags/example_trigger_controller_dag.py took 0.087 seconds
[2025-02-09T18:54:42.499-0700] {processor.py:186} INFO - Started process (PID=20072) to work on /Users/pranithjain/Desktop/DE Project/Apache Airflow Project/venv/lib/python3.10/site-packages/airflow/example_dags/example_trigger_controller_dag.py
[2025-02-09T18:54:42.500-0700] {processor.py:914} INFO - Processing file /Users/pranithjain/Desktop/DE Project/Apache Airflow Project/venv/lib/python3.10/site-packages/airflow/example_dags/example_trigger_controller_dag.py for tasks to queue
[2025-02-09T18:54:42.500-0700] {logging_mixin.py:190} INFO - [2025-02-09T18:54:42.500-0700] {dagbag.py:588} INFO - Filling up the DagBag from /Users/pranithjain/Desktop/DE Project/Apache Airflow Project/venv/lib/python3.10/site-packages/airflow/example_dags/example_trigger_controller_dag.py
[2025-02-09T18:54:42.505-0700] {processor.py:925} INFO - DAG(s) 'example_trigger_controller_dag' retrieved from /Users/pranithjain/Desktop/DE Project/Apache Airflow Project/venv/lib/python3.10/site-packages/airflow/example_dags/example_trigger_controller_dag.py
[2025-02-09T18:54:42.573-0700] {logging_mixin.py:190} INFO - [2025-02-09T18:54:42.573-0700] {dag.py:3239} INFO - Sync 1 DAGs
[2025-02-09T18:54:42.579-0700] {logging_mixin.py:190} INFO - [2025-02-09T18:54:42.579-0700] {dag.py:4180} INFO - Setting next_dagrun for example_trigger_controller_dag to 2021-01-01 00:00:00+00:00, run_after=2021-01-01 00:00:00+00:00
[2025-02-09T18:54:42.587-0700] {processor.py:208} INFO - Processing /Users/pranithjain/Desktop/DE Project/Apache Airflow Project/venv/lib/python3.10/site-packages/airflow/example_dags/example_trigger_controller_dag.py took 0.089 seconds
[2025-02-09T18:55:55.325-0700] {processor.py:186} INFO - Started process (PID=20288) to work on /Users/pranithjain/Desktop/DE Project/Apache Airflow Project/venv/lib/python3.10/site-packages/airflow/example_dags/example_trigger_controller_dag.py
[2025-02-09T18:55:55.326-0700] {processor.py:914} INFO - Processing file /Users/pranithjain/Desktop/DE Project/Apache Airflow Project/venv/lib/python3.10/site-packages/airflow/example_dags/example_trigger_controller_dag.py for tasks to queue
[2025-02-09T18:55:55.326-0700] {logging_mixin.py:190} INFO - [2025-02-09T18:55:55.326-0700] {dagbag.py:588} INFO - Filling up the DagBag from /Users/pranithjain/Desktop/DE Project/Apache Airflow Project/venv/lib/python3.10/site-packages/airflow/example_dags/example_trigger_controller_dag.py
[2025-02-09T18:55:55.331-0700] {processor.py:925} INFO - DAG(s) 'example_trigger_controller_dag' retrieved from /Users/pranithjain/Desktop/DE Project/Apache Airflow Project/venv/lib/python3.10/site-packages/airflow/example_dags/example_trigger_controller_dag.py
[2025-02-09T18:55:55.397-0700] {logging_mixin.py:190} INFO - [2025-02-09T18:55:55.397-0700] {dag.py:3239} INFO - Sync 1 DAGs
[2025-02-09T18:55:55.404-0700] {logging_mixin.py:190} INFO - [2025-02-09T18:55:55.404-0700] {dag.py:4180} INFO - Setting next_dagrun for example_trigger_controller_dag to 2021-01-01 00:00:00+00:00, run_after=2021-01-01 00:00:00+00:00
[2025-02-09T18:55:55.411-0700] {processor.py:208} INFO - Processing /Users/pranithjain/Desktop/DE Project/Apache Airflow Project/venv/lib/python3.10/site-packages/airflow/example_dags/example_trigger_controller_dag.py took 0.087 seconds
[2025-02-09T18:57:09.021-0700] {processor.py:186} INFO - Started process (PID=20526) to work on /Users/pranithjain/Desktop/DE Project/Apache Airflow Project/venv/lib/python3.10/site-packages/airflow/example_dags/example_trigger_controller_dag.py
[2025-02-09T18:57:09.021-0700] {processor.py:914} INFO - Processing file /Users/pranithjain/Desktop/DE Project/Apache Airflow Project/venv/lib/python3.10/site-packages/airflow/example_dags/example_trigger_controller_dag.py for tasks to queue
[2025-02-09T18:57:09.022-0700] {logging_mixin.py:190} INFO - [2025-02-09T18:57:09.022-0700] {dagbag.py:588} INFO - Filling up the DagBag from /Users/pranithjain/Desktop/DE Project/Apache Airflow Project/venv/lib/python3.10/site-packages/airflow/example_dags/example_trigger_controller_dag.py
[2025-02-09T18:57:09.027-0700] {processor.py:925} INFO - DAG(s) 'example_trigger_controller_dag' retrieved from /Users/pranithjain/Desktop/DE Project/Apache Airflow Project/venv/lib/python3.10/site-packages/airflow/example_dags/example_trigger_controller_dag.py
[2025-02-09T18:57:09.097-0700] {logging_mixin.py:190} INFO - [2025-02-09T18:57:09.097-0700] {dag.py:3239} INFO - Sync 1 DAGs
[2025-02-09T18:57:09.105-0700] {logging_mixin.py:190} INFO - [2025-02-09T18:57:09.105-0700] {dag.py:4180} INFO - Setting next_dagrun for example_trigger_controller_dag to 2021-01-01 00:00:00+00:00, run_after=2021-01-01 00:00:00+00:00
[2025-02-09T18:57:09.112-0700] {processor.py:208} INFO - Processing /Users/pranithjain/Desktop/DE Project/Apache Airflow Project/venv/lib/python3.10/site-packages/airflow/example_dags/example_trigger_controller_dag.py took 0.094 seconds
[2025-02-09T18:58:20.866-0700] {processor.py:186} INFO - Started process (PID=20745) to work on /Users/pranithjain/Desktop/DE Project/Apache Airflow Project/venv/lib/python3.10/site-packages/airflow/example_dags/example_trigger_controller_dag.py
[2025-02-09T18:58:20.867-0700] {processor.py:914} INFO - Processing file /Users/pranithjain/Desktop/DE Project/Apache Airflow Project/venv/lib/python3.10/site-packages/airflow/example_dags/example_trigger_controller_dag.py for tasks to queue
[2025-02-09T18:58:20.867-0700] {logging_mixin.py:190} INFO - [2025-02-09T18:58:20.867-0700] {dagbag.py:588} INFO - Filling up the DagBag from /Users/pranithjain/Desktop/DE Project/Apache Airflow Project/venv/lib/python3.10/site-packages/airflow/example_dags/example_trigger_controller_dag.py
[2025-02-09T18:58:20.872-0700] {processor.py:925} INFO - DAG(s) 'example_trigger_controller_dag' retrieved from /Users/pranithjain/Desktop/DE Project/Apache Airflow Project/venv/lib/python3.10/site-packages/airflow/example_dags/example_trigger_controller_dag.py
[2025-02-09T18:58:20.935-0700] {logging_mixin.py:190} INFO - [2025-02-09T18:58:20.935-0700] {dag.py:3239} INFO - Sync 1 DAGs
[2025-02-09T18:58:20.942-0700] {logging_mixin.py:190} INFO - [2025-02-09T18:58:20.942-0700] {dag.py:4180} INFO - Setting next_dagrun for example_trigger_controller_dag to 2021-01-01 00:00:00+00:00, run_after=2021-01-01 00:00:00+00:00
[2025-02-09T18:58:20.949-0700] {processor.py:208} INFO - Processing /Users/pranithjain/Desktop/DE Project/Apache Airflow Project/venv/lib/python3.10/site-packages/airflow/example_dags/example_trigger_controller_dag.py took 0.084 seconds
[2025-02-09T19:06:36.878-0700] {processor.py:186} INFO - Started process (PID=21936) to work on /Users/pranithjain/Desktop/DE Project/Apache Airflow Project/venv/lib/python3.10/site-packages/airflow/example_dags/example_trigger_controller_dag.py
[2025-02-09T19:06:36.879-0700] {processor.py:914} INFO - Processing file /Users/pranithjain/Desktop/DE Project/Apache Airflow Project/venv/lib/python3.10/site-packages/airflow/example_dags/example_trigger_controller_dag.py for tasks to queue
[2025-02-09T19:06:36.879-0700] {logging_mixin.py:190} INFO - [2025-02-09T19:06:36.879-0700] {dagbag.py:588} INFO - Filling up the DagBag from /Users/pranithjain/Desktop/DE Project/Apache Airflow Project/venv/lib/python3.10/site-packages/airflow/example_dags/example_trigger_controller_dag.py
[2025-02-09T19:06:36.884-0700] {processor.py:925} INFO - DAG(s) 'example_trigger_controller_dag' retrieved from /Users/pranithjain/Desktop/DE Project/Apache Airflow Project/venv/lib/python3.10/site-packages/airflow/example_dags/example_trigger_controller_dag.py
[2025-02-09T19:06:36.948-0700] {logging_mixin.py:190} INFO - [2025-02-09T19:06:36.948-0700] {dag.py:3239} INFO - Sync 1 DAGs
[2025-02-09T19:06:36.954-0700] {logging_mixin.py:190} INFO - [2025-02-09T19:06:36.954-0700] {dag.py:4180} INFO - Setting next_dagrun for example_trigger_controller_dag to 2021-01-01 00:00:00+00:00, run_after=2021-01-01 00:00:00+00:00
[2025-02-09T19:06:36.961-0700] {processor.py:208} INFO - Processing /Users/pranithjain/Desktop/DE Project/Apache Airflow Project/venv/lib/python3.10/site-packages/airflow/example_dags/example_trigger_controller_dag.py took 0.085 seconds
[2025-02-09T19:08:14.825-0700] {processor.py:186} INFO - Started process (PID=22239) to work on /Users/pranithjain/Desktop/DE Project/Apache Airflow Project/venv/lib/python3.10/site-packages/airflow/example_dags/example_trigger_controller_dag.py
[2025-02-09T19:08:14.826-0700] {processor.py:914} INFO - Processing file /Users/pranithjain/Desktop/DE Project/Apache Airflow Project/venv/lib/python3.10/site-packages/airflow/example_dags/example_trigger_controller_dag.py for tasks to queue
[2025-02-09T19:08:14.826-0700] {logging_mixin.py:190} INFO - [2025-02-09T19:08:14.826-0700] {dagbag.py:588} INFO - Filling up the DagBag from /Users/pranithjain/Desktop/DE Project/Apache Airflow Project/venv/lib/python3.10/site-packages/airflow/example_dags/example_trigger_controller_dag.py
[2025-02-09T19:08:14.831-0700] {processor.py:925} INFO - DAG(s) 'example_trigger_controller_dag' retrieved from /Users/pranithjain/Desktop/DE Project/Apache Airflow Project/venv/lib/python3.10/site-packages/airflow/example_dags/example_trigger_controller_dag.py
[2025-02-09T19:08:14.899-0700] {logging_mixin.py:190} INFO - [2025-02-09T19:08:14.898-0700] {dag.py:3239} INFO - Sync 1 DAGs
[2025-02-09T19:08:14.906-0700] {logging_mixin.py:190} INFO - [2025-02-09T19:08:14.906-0700] {dag.py:4180} INFO - Setting next_dagrun for example_trigger_controller_dag to 2021-01-01 00:00:00+00:00, run_after=2021-01-01 00:00:00+00:00
[2025-02-09T19:08:14.913-0700] {processor.py:208} INFO - Processing /Users/pranithjain/Desktop/DE Project/Apache Airflow Project/venv/lib/python3.10/site-packages/airflow/example_dags/example_trigger_controller_dag.py took 0.089 seconds
[2025-02-09T19:09:25.657-0700] {processor.py:186} INFO - Started process (PID=22461) to work on /Users/pranithjain/Desktop/DE Project/Apache Airflow Project/venv/lib/python3.10/site-packages/airflow/example_dags/example_trigger_controller_dag.py
[2025-02-09T19:09:25.658-0700] {processor.py:914} INFO - Processing file /Users/pranithjain/Desktop/DE Project/Apache Airflow Project/venv/lib/python3.10/site-packages/airflow/example_dags/example_trigger_controller_dag.py for tasks to queue
[2025-02-09T19:09:25.658-0700] {logging_mixin.py:190} INFO - [2025-02-09T19:09:25.658-0700] {dagbag.py:588} INFO - Filling up the DagBag from /Users/pranithjain/Desktop/DE Project/Apache Airflow Project/venv/lib/python3.10/site-packages/airflow/example_dags/example_trigger_controller_dag.py
[2025-02-09T19:09:25.663-0700] {processor.py:925} INFO - DAG(s) 'example_trigger_controller_dag' retrieved from /Users/pranithjain/Desktop/DE Project/Apache Airflow Project/venv/lib/python3.10/site-packages/airflow/example_dags/example_trigger_controller_dag.py
[2025-02-09T19:09:25.771-0700] {logging_mixin.py:190} INFO - [2025-02-09T19:09:25.770-0700] {dag.py:3239} INFO - Sync 1 DAGs
[2025-02-09T19:09:25.779-0700] {logging_mixin.py:190} INFO - [2025-02-09T19:09:25.778-0700] {dag.py:4180} INFO - Setting next_dagrun for example_trigger_controller_dag to 2021-01-01 00:00:00+00:00, run_after=2021-01-01 00:00:00+00:00
[2025-02-09T19:09:25.787-0700] {processor.py:208} INFO - Processing /Users/pranithjain/Desktop/DE Project/Apache Airflow Project/venv/lib/python3.10/site-packages/airflow/example_dags/example_trigger_controller_dag.py took 0.132 seconds
[2025-02-09T19:10:39.002-0700] {processor.py:186} INFO - Started process (PID=22684) to work on /Users/pranithjain/Desktop/DE Project/Apache Airflow Project/venv/lib/python3.10/site-packages/airflow/example_dags/example_trigger_controller_dag.py
[2025-02-09T19:10:39.002-0700] {processor.py:914} INFO - Processing file /Users/pranithjain/Desktop/DE Project/Apache Airflow Project/venv/lib/python3.10/site-packages/airflow/example_dags/example_trigger_controller_dag.py for tasks to queue
[2025-02-09T19:10:39.003-0700] {logging_mixin.py:190} INFO - [2025-02-09T19:10:39.003-0700] {dagbag.py:588} INFO - Filling up the DagBag from /Users/pranithjain/Desktop/DE Project/Apache Airflow Project/venv/lib/python3.10/site-packages/airflow/example_dags/example_trigger_controller_dag.py
[2025-02-09T19:10:39.008-0700] {processor.py:925} INFO - DAG(s) 'example_trigger_controller_dag' retrieved from /Users/pranithjain/Desktop/DE Project/Apache Airflow Project/venv/lib/python3.10/site-packages/airflow/example_dags/example_trigger_controller_dag.py
[2025-02-09T19:10:39.072-0700] {logging_mixin.py:190} INFO - [2025-02-09T19:10:39.072-0700] {dag.py:3239} INFO - Sync 1 DAGs
[2025-02-09T19:10:39.079-0700] {logging_mixin.py:190} INFO - [2025-02-09T19:10:39.079-0700] {dag.py:4180} INFO - Setting next_dagrun for example_trigger_controller_dag to 2021-01-01 00:00:00+00:00, run_after=2021-01-01 00:00:00+00:00
[2025-02-09T19:10:39.086-0700] {processor.py:208} INFO - Processing /Users/pranithjain/Desktop/DE Project/Apache Airflow Project/venv/lib/python3.10/site-packages/airflow/example_dags/example_trigger_controller_dag.py took 0.086 seconds
[2025-02-09T19:13:07.002-0700] {processor.py:186} INFO - Started process (PID=23090) to work on /Users/pranithjain/Desktop/DE Project/Apache Airflow Project/venv/lib/python3.10/site-packages/airflow/example_dags/example_trigger_controller_dag.py
[2025-02-09T19:13:07.003-0700] {processor.py:914} INFO - Processing file /Users/pranithjain/Desktop/DE Project/Apache Airflow Project/venv/lib/python3.10/site-packages/airflow/example_dags/example_trigger_controller_dag.py for tasks to queue
[2025-02-09T19:13:07.003-0700] {logging_mixin.py:190} INFO - [2025-02-09T19:13:07.003-0700] {dagbag.py:588} INFO - Filling up the DagBag from /Users/pranithjain/Desktop/DE Project/Apache Airflow Project/venv/lib/python3.10/site-packages/airflow/example_dags/example_trigger_controller_dag.py
[2025-02-09T19:13:07.008-0700] {processor.py:925} INFO - DAG(s) 'example_trigger_controller_dag' retrieved from /Users/pranithjain/Desktop/DE Project/Apache Airflow Project/venv/lib/python3.10/site-packages/airflow/example_dags/example_trigger_controller_dag.py
[2025-02-09T19:13:07.073-0700] {logging_mixin.py:190} INFO - [2025-02-09T19:13:07.073-0700] {dag.py:3239} INFO - Sync 1 DAGs
[2025-02-09T19:13:07.080-0700] {logging_mixin.py:190} INFO - [2025-02-09T19:13:07.080-0700] {dag.py:4180} INFO - Setting next_dagrun for example_trigger_controller_dag to 2021-01-01 00:00:00+00:00, run_after=2021-01-01 00:00:00+00:00
[2025-02-09T19:13:07.087-0700] {processor.py:208} INFO - Processing /Users/pranithjain/Desktop/DE Project/Apache Airflow Project/venv/lib/python3.10/site-packages/airflow/example_dags/example_trigger_controller_dag.py took 0.086 seconds
[2025-02-09T19:14:49.492-0700] {processor.py:186} INFO - Started process (PID=23405) to work on /Users/pranithjain/Desktop/DE Project/Apache Airflow Project/venv/lib/python3.10/site-packages/airflow/example_dags/example_trigger_controller_dag.py
[2025-02-09T19:14:49.492-0700] {processor.py:914} INFO - Processing file /Users/pranithjain/Desktop/DE Project/Apache Airflow Project/venv/lib/python3.10/site-packages/airflow/example_dags/example_trigger_controller_dag.py for tasks to queue
[2025-02-09T19:14:49.493-0700] {logging_mixin.py:190} INFO - [2025-02-09T19:14:49.493-0700] {dagbag.py:588} INFO - Filling up the DagBag from /Users/pranithjain/Desktop/DE Project/Apache Airflow Project/venv/lib/python3.10/site-packages/airflow/example_dags/example_trigger_controller_dag.py
[2025-02-09T19:14:49.498-0700] {processor.py:925} INFO - DAG(s) 'example_trigger_controller_dag' retrieved from /Users/pranithjain/Desktop/DE Project/Apache Airflow Project/venv/lib/python3.10/site-packages/airflow/example_dags/example_trigger_controller_dag.py
[2025-02-09T19:14:49.563-0700] {logging_mixin.py:190} INFO - [2025-02-09T19:14:49.563-0700] {dag.py:3239} INFO - Sync 1 DAGs
[2025-02-09T19:14:49.570-0700] {logging_mixin.py:190} INFO - [2025-02-09T19:14:49.570-0700] {dag.py:4180} INFO - Setting next_dagrun for example_trigger_controller_dag to 2021-01-01 00:00:00+00:00, run_after=2021-01-01 00:00:00+00:00
[2025-02-09T19:14:49.577-0700] {processor.py:208} INFO - Processing /Users/pranithjain/Desktop/DE Project/Apache Airflow Project/venv/lib/python3.10/site-packages/airflow/example_dags/example_trigger_controller_dag.py took 0.086 seconds
[2025-02-09T19:15:59.430-0700] {processor.py:186} INFO - Started process (PID=23619) to work on /Users/pranithjain/Desktop/DE Project/Apache Airflow Project/venv/lib/python3.10/site-packages/airflow/example_dags/example_trigger_controller_dag.py
[2025-02-09T19:15:59.431-0700] {processor.py:914} INFO - Processing file /Users/pranithjain/Desktop/DE Project/Apache Airflow Project/venv/lib/python3.10/site-packages/airflow/example_dags/example_trigger_controller_dag.py for tasks to queue
[2025-02-09T19:15:59.431-0700] {logging_mixin.py:190} INFO - [2025-02-09T19:15:59.431-0700] {dagbag.py:588} INFO - Filling up the DagBag from /Users/pranithjain/Desktop/DE Project/Apache Airflow Project/venv/lib/python3.10/site-packages/airflow/example_dags/example_trigger_controller_dag.py
[2025-02-09T19:15:59.436-0700] {processor.py:925} INFO - DAG(s) 'example_trigger_controller_dag' retrieved from /Users/pranithjain/Desktop/DE Project/Apache Airflow Project/venv/lib/python3.10/site-packages/airflow/example_dags/example_trigger_controller_dag.py
[2025-02-09T19:15:59.502-0700] {logging_mixin.py:190} INFO - [2025-02-09T19:15:59.501-0700] {dag.py:3239} INFO - Sync 1 DAGs
[2025-02-09T19:15:59.508-0700] {logging_mixin.py:190} INFO - [2025-02-09T19:15:59.508-0700] {dag.py:4180} INFO - Setting next_dagrun for example_trigger_controller_dag to 2021-01-01 00:00:00+00:00, run_after=2021-01-01 00:00:00+00:00
[2025-02-09T19:15:59.515-0700] {processor.py:208} INFO - Processing /Users/pranithjain/Desktop/DE Project/Apache Airflow Project/venv/lib/python3.10/site-packages/airflow/example_dags/example_trigger_controller_dag.py took 0.087 seconds
[2025-02-09T19:17:10.090-0700] {processor.py:186} INFO - Started process (PID=23836) to work on /Users/pranithjain/Desktop/DE Project/Apache Airflow Project/venv/lib/python3.10/site-packages/airflow/example_dags/example_trigger_controller_dag.py
[2025-02-09T19:17:10.091-0700] {processor.py:914} INFO - Processing file /Users/pranithjain/Desktop/DE Project/Apache Airflow Project/venv/lib/python3.10/site-packages/airflow/example_dags/example_trigger_controller_dag.py for tasks to queue
[2025-02-09T19:17:10.092-0700] {logging_mixin.py:190} INFO - [2025-02-09T19:17:10.092-0700] {dagbag.py:588} INFO - Filling up the DagBag from /Users/pranithjain/Desktop/DE Project/Apache Airflow Project/venv/lib/python3.10/site-packages/airflow/example_dags/example_trigger_controller_dag.py
[2025-02-09T19:17:10.097-0700] {processor.py:925} INFO - DAG(s) 'example_trigger_controller_dag' retrieved from /Users/pranithjain/Desktop/DE Project/Apache Airflow Project/venv/lib/python3.10/site-packages/airflow/example_dags/example_trigger_controller_dag.py
[2025-02-09T19:17:10.160-0700] {logging_mixin.py:190} INFO - [2025-02-09T19:17:10.160-0700] {dag.py:3239} INFO - Sync 1 DAGs
[2025-02-09T19:17:10.167-0700] {logging_mixin.py:190} INFO - [2025-02-09T19:17:10.167-0700] {dag.py:4180} INFO - Setting next_dagrun for example_trigger_controller_dag to 2021-01-01 00:00:00+00:00, run_after=2021-01-01 00:00:00+00:00
[2025-02-09T19:17:10.174-0700] {processor.py:208} INFO - Processing /Users/pranithjain/Desktop/DE Project/Apache Airflow Project/venv/lib/python3.10/site-packages/airflow/example_dags/example_trigger_controller_dag.py took 0.086 seconds
[2025-02-09T19:18:22.260-0700] {processor.py:186} INFO - Started process (PID=24055) to work on /Users/pranithjain/Desktop/DE Project/Apache Airflow Project/venv/lib/python3.10/site-packages/airflow/example_dags/example_trigger_controller_dag.py
[2025-02-09T19:18:22.260-0700] {processor.py:914} INFO - Processing file /Users/pranithjain/Desktop/DE Project/Apache Airflow Project/venv/lib/python3.10/site-packages/airflow/example_dags/example_trigger_controller_dag.py for tasks to queue
[2025-02-09T19:18:22.261-0700] {logging_mixin.py:190} INFO - [2025-02-09T19:18:22.261-0700] {dagbag.py:588} INFO - Filling up the DagBag from /Users/pranithjain/Desktop/DE Project/Apache Airflow Project/venv/lib/python3.10/site-packages/airflow/example_dags/example_trigger_controller_dag.py
[2025-02-09T19:18:22.266-0700] {processor.py:925} INFO - DAG(s) 'example_trigger_controller_dag' retrieved from /Users/pranithjain/Desktop/DE Project/Apache Airflow Project/venv/lib/python3.10/site-packages/airflow/example_dags/example_trigger_controller_dag.py
[2025-02-09T19:18:22.333-0700] {logging_mixin.py:190} INFO - [2025-02-09T19:18:22.333-0700] {dag.py:3239} INFO - Sync 1 DAGs
[2025-02-09T19:18:22.340-0700] {logging_mixin.py:190} INFO - [2025-02-09T19:18:22.340-0700] {dag.py:4180} INFO - Setting next_dagrun for example_trigger_controller_dag to 2021-01-01 00:00:00+00:00, run_after=2021-01-01 00:00:00+00:00
[2025-02-09T19:18:22.347-0700] {processor.py:208} INFO - Processing /Users/pranithjain/Desktop/DE Project/Apache Airflow Project/venv/lib/python3.10/site-packages/airflow/example_dags/example_trigger_controller_dag.py took 0.089 seconds
[2025-02-09T19:19:34.799-0700] {processor.py:186} INFO - Started process (PID=24283) to work on /Users/pranithjain/Desktop/DE Project/Apache Airflow Project/venv/lib/python3.10/site-packages/airflow/example_dags/example_trigger_controller_dag.py
[2025-02-09T19:19:34.800-0700] {processor.py:914} INFO - Processing file /Users/pranithjain/Desktop/DE Project/Apache Airflow Project/venv/lib/python3.10/site-packages/airflow/example_dags/example_trigger_controller_dag.py for tasks to queue
[2025-02-09T19:19:34.801-0700] {logging_mixin.py:190} INFO - [2025-02-09T19:19:34.800-0700] {dagbag.py:588} INFO - Filling up the DagBag from /Users/pranithjain/Desktop/DE Project/Apache Airflow Project/venv/lib/python3.10/site-packages/airflow/example_dags/example_trigger_controller_dag.py
[2025-02-09T19:19:34.806-0700] {processor.py:925} INFO - DAG(s) 'example_trigger_controller_dag' retrieved from /Users/pranithjain/Desktop/DE Project/Apache Airflow Project/venv/lib/python3.10/site-packages/airflow/example_dags/example_trigger_controller_dag.py
[2025-02-09T19:19:34.871-0700] {logging_mixin.py:190} INFO - [2025-02-09T19:19:34.871-0700] {dag.py:3239} INFO - Sync 1 DAGs
[2025-02-09T19:19:34.878-0700] {logging_mixin.py:190} INFO - [2025-02-09T19:19:34.878-0700] {dag.py:4180} INFO - Setting next_dagrun for example_trigger_controller_dag to 2021-01-01 00:00:00+00:00, run_after=2021-01-01 00:00:00+00:00
[2025-02-09T19:19:34.885-0700] {processor.py:208} INFO - Processing /Users/pranithjain/Desktop/DE Project/Apache Airflow Project/venv/lib/python3.10/site-packages/airflow/example_dags/example_trigger_controller_dag.py took 0.087 seconds
[2025-02-09T19:20:47.980-0700] {processor.py:186} INFO - Started process (PID=24500) to work on /Users/pranithjain/Desktop/DE Project/Apache Airflow Project/venv/lib/python3.10/site-packages/airflow/example_dags/example_trigger_controller_dag.py
[2025-02-09T19:20:47.980-0700] {processor.py:914} INFO - Processing file /Users/pranithjain/Desktop/DE Project/Apache Airflow Project/venv/lib/python3.10/site-packages/airflow/example_dags/example_trigger_controller_dag.py for tasks to queue
[2025-02-09T19:20:47.981-0700] {logging_mixin.py:190} INFO - [2025-02-09T19:20:47.981-0700] {dagbag.py:588} INFO - Filling up the DagBag from /Users/pranithjain/Desktop/DE Project/Apache Airflow Project/venv/lib/python3.10/site-packages/airflow/example_dags/example_trigger_controller_dag.py
[2025-02-09T19:20:47.986-0700] {processor.py:925} INFO - DAG(s) 'example_trigger_controller_dag' retrieved from /Users/pranithjain/Desktop/DE Project/Apache Airflow Project/venv/lib/python3.10/site-packages/airflow/example_dags/example_trigger_controller_dag.py
[2025-02-09T19:20:48.050-0700] {logging_mixin.py:190} INFO - [2025-02-09T19:20:48.049-0700] {dag.py:3239} INFO - Sync 1 DAGs
[2025-02-09T19:20:48.056-0700] {logging_mixin.py:190} INFO - [2025-02-09T19:20:48.056-0700] {dag.py:4180} INFO - Setting next_dagrun for example_trigger_controller_dag to 2021-01-01 00:00:00+00:00, run_after=2021-01-01 00:00:00+00:00
[2025-02-09T19:20:48.063-0700] {processor.py:208} INFO - Processing /Users/pranithjain/Desktop/DE Project/Apache Airflow Project/venv/lib/python3.10/site-packages/airflow/example_dags/example_trigger_controller_dag.py took 0.085 seconds
[2025-02-09T19:22:02.281-0700] {processor.py:186} INFO - Started process (PID=24822) to work on /Users/pranithjain/Desktop/DE Project/Apache Airflow Project/venv/lib/python3.10/site-packages/airflow/example_dags/example_trigger_controller_dag.py
[2025-02-09T19:22:02.282-0700] {processor.py:914} INFO - Processing file /Users/pranithjain/Desktop/DE Project/Apache Airflow Project/venv/lib/python3.10/site-packages/airflow/example_dags/example_trigger_controller_dag.py for tasks to queue
[2025-02-09T19:22:02.282-0700] {logging_mixin.py:190} INFO - [2025-02-09T19:22:02.282-0700] {dagbag.py:588} INFO - Filling up the DagBag from /Users/pranithjain/Desktop/DE Project/Apache Airflow Project/venv/lib/python3.10/site-packages/airflow/example_dags/example_trigger_controller_dag.py
[2025-02-09T19:22:02.287-0700] {processor.py:925} INFO - DAG(s) 'example_trigger_controller_dag' retrieved from /Users/pranithjain/Desktop/DE Project/Apache Airflow Project/venv/lib/python3.10/site-packages/airflow/example_dags/example_trigger_controller_dag.py
[2025-02-09T19:22:02.352-0700] {logging_mixin.py:190} INFO - [2025-02-09T19:22:02.351-0700] {dag.py:3239} INFO - Sync 1 DAGs
[2025-02-09T19:22:02.358-0700] {logging_mixin.py:190} INFO - [2025-02-09T19:22:02.358-0700] {dag.py:4180} INFO - Setting next_dagrun for example_trigger_controller_dag to 2021-01-01 00:00:00+00:00, run_after=2021-01-01 00:00:00+00:00
[2025-02-09T19:22:02.365-0700] {processor.py:208} INFO - Processing /Users/pranithjain/Desktop/DE Project/Apache Airflow Project/venv/lib/python3.10/site-packages/airflow/example_dags/example_trigger_controller_dag.py took 0.086 seconds
[2025-02-09T19:23:14.451-0700] {processor.py:186} INFO - Started process (PID=25039) to work on /Users/pranithjain/Desktop/DE Project/Apache Airflow Project/venv/lib/python3.10/site-packages/airflow/example_dags/example_trigger_controller_dag.py
[2025-02-09T19:23:14.451-0700] {processor.py:914} INFO - Processing file /Users/pranithjain/Desktop/DE Project/Apache Airflow Project/venv/lib/python3.10/site-packages/airflow/example_dags/example_trigger_controller_dag.py for tasks to queue
[2025-02-09T19:23:14.452-0700] {logging_mixin.py:190} INFO - [2025-02-09T19:23:14.452-0700] {dagbag.py:588} INFO - Filling up the DagBag from /Users/pranithjain/Desktop/DE Project/Apache Airflow Project/venv/lib/python3.10/site-packages/airflow/example_dags/example_trigger_controller_dag.py
[2025-02-09T19:23:14.457-0700] {processor.py:925} INFO - DAG(s) 'example_trigger_controller_dag' retrieved from /Users/pranithjain/Desktop/DE Project/Apache Airflow Project/venv/lib/python3.10/site-packages/airflow/example_dags/example_trigger_controller_dag.py
[2025-02-09T19:23:14.521-0700] {logging_mixin.py:190} INFO - [2025-02-09T19:23:14.521-0700] {dag.py:3239} INFO - Sync 1 DAGs
[2025-02-09T19:23:14.528-0700] {logging_mixin.py:190} INFO - [2025-02-09T19:23:14.528-0700] {dag.py:4180} INFO - Setting next_dagrun for example_trigger_controller_dag to 2021-01-01 00:00:00+00:00, run_after=2021-01-01 00:00:00+00:00
[2025-02-09T19:23:14.535-0700] {processor.py:208} INFO - Processing /Users/pranithjain/Desktop/DE Project/Apache Airflow Project/venv/lib/python3.10/site-packages/airflow/example_dags/example_trigger_controller_dag.py took 0.086 seconds
[2025-02-09T19:24:22.549-0700] {processor.py:186} INFO - Started process (PID=25255) to work on /Users/pranithjain/Desktop/DE Project/Apache Airflow Project/venv/lib/python3.10/site-packages/airflow/example_dags/example_trigger_controller_dag.py
[2025-02-09T19:24:22.549-0700] {processor.py:914} INFO - Processing file /Users/pranithjain/Desktop/DE Project/Apache Airflow Project/venv/lib/python3.10/site-packages/airflow/example_dags/example_trigger_controller_dag.py for tasks to queue
[2025-02-09T19:24:22.550-0700] {logging_mixin.py:190} INFO - [2025-02-09T19:24:22.550-0700] {dagbag.py:588} INFO - Filling up the DagBag from /Users/pranithjain/Desktop/DE Project/Apache Airflow Project/venv/lib/python3.10/site-packages/airflow/example_dags/example_trigger_controller_dag.py
[2025-02-09T19:24:22.555-0700] {processor.py:925} INFO - DAG(s) 'example_trigger_controller_dag' retrieved from /Users/pranithjain/Desktop/DE Project/Apache Airflow Project/venv/lib/python3.10/site-packages/airflow/example_dags/example_trigger_controller_dag.py
[2025-02-09T19:24:22.619-0700] {logging_mixin.py:190} INFO - [2025-02-09T19:24:22.619-0700] {dag.py:3239} INFO - Sync 1 DAGs
[2025-02-09T19:24:22.626-0700] {logging_mixin.py:190} INFO - [2025-02-09T19:24:22.626-0700] {dag.py:4180} INFO - Setting next_dagrun for example_trigger_controller_dag to 2021-01-01 00:00:00+00:00, run_after=2021-01-01 00:00:00+00:00
[2025-02-09T19:24:22.633-0700] {processor.py:208} INFO - Processing /Users/pranithjain/Desktop/DE Project/Apache Airflow Project/venv/lib/python3.10/site-packages/airflow/example_dags/example_trigger_controller_dag.py took 0.085 seconds
[2025-02-09T19:25:30.914-0700] {processor.py:186} INFO - Started process (PID=25462) to work on /Users/pranithjain/Desktop/DE Project/Apache Airflow Project/venv/lib/python3.10/site-packages/airflow/example_dags/example_trigger_controller_dag.py
[2025-02-09T19:25:30.915-0700] {processor.py:914} INFO - Processing file /Users/pranithjain/Desktop/DE Project/Apache Airflow Project/venv/lib/python3.10/site-packages/airflow/example_dags/example_trigger_controller_dag.py for tasks to queue
[2025-02-09T19:25:30.915-0700] {logging_mixin.py:190} INFO - [2025-02-09T19:25:30.915-0700] {dagbag.py:588} INFO - Filling up the DagBag from /Users/pranithjain/Desktop/DE Project/Apache Airflow Project/venv/lib/python3.10/site-packages/airflow/example_dags/example_trigger_controller_dag.py
[2025-02-09T19:25:30.920-0700] {processor.py:925} INFO - DAG(s) 'example_trigger_controller_dag' retrieved from /Users/pranithjain/Desktop/DE Project/Apache Airflow Project/venv/lib/python3.10/site-packages/airflow/example_dags/example_trigger_controller_dag.py
[2025-02-09T19:25:30.984-0700] {logging_mixin.py:190} INFO - [2025-02-09T19:25:30.984-0700] {dag.py:3239} INFO - Sync 1 DAGs
[2025-02-09T19:25:30.991-0700] {logging_mixin.py:190} INFO - [2025-02-09T19:25:30.991-0700] {dag.py:4180} INFO - Setting next_dagrun for example_trigger_controller_dag to 2021-01-01 00:00:00+00:00, run_after=2021-01-01 00:00:00+00:00
[2025-02-09T19:25:30.998-0700] {processor.py:208} INFO - Processing /Users/pranithjain/Desktop/DE Project/Apache Airflow Project/venv/lib/python3.10/site-packages/airflow/example_dags/example_trigger_controller_dag.py took 0.085 seconds
[2025-02-09T19:26:39.972-0700] {processor.py:186} INFO - Started process (PID=25758) to work on /Users/pranithjain/Desktop/DE Project/Apache Airflow Project/venv/lib/python3.10/site-packages/airflow/example_dags/example_trigger_controller_dag.py
[2025-02-09T19:26:39.973-0700] {processor.py:914} INFO - Processing file /Users/pranithjain/Desktop/DE Project/Apache Airflow Project/venv/lib/python3.10/site-packages/airflow/example_dags/example_trigger_controller_dag.py for tasks to queue
[2025-02-09T19:26:39.973-0700] {logging_mixin.py:190} INFO - [2025-02-09T19:26:39.973-0700] {dagbag.py:588} INFO - Filling up the DagBag from /Users/pranithjain/Desktop/DE Project/Apache Airflow Project/venv/lib/python3.10/site-packages/airflow/example_dags/example_trigger_controller_dag.py
[2025-02-09T19:26:39.979-0700] {processor.py:925} INFO - DAG(s) 'example_trigger_controller_dag' retrieved from /Users/pranithjain/Desktop/DE Project/Apache Airflow Project/venv/lib/python3.10/site-packages/airflow/example_dags/example_trigger_controller_dag.py
[2025-02-09T19:26:40.047-0700] {logging_mixin.py:190} INFO - [2025-02-09T19:26:40.047-0700] {dag.py:3239} INFO - Sync 1 DAGs
[2025-02-09T19:26:40.054-0700] {logging_mixin.py:190} INFO - [2025-02-09T19:26:40.054-0700] {dag.py:4180} INFO - Setting next_dagrun for example_trigger_controller_dag to 2021-01-01 00:00:00+00:00, run_after=2021-01-01 00:00:00+00:00
[2025-02-09T19:26:40.062-0700] {processor.py:208} INFO - Processing /Users/pranithjain/Desktop/DE Project/Apache Airflow Project/venv/lib/python3.10/site-packages/airflow/example_dags/example_trigger_controller_dag.py took 0.092 seconds
[2025-02-09T19:28:31.825-0700] {processor.py:186} INFO - Started process (PID=26144) to work on /Users/pranithjain/Desktop/DE Project/Apache Airflow Project/venv/lib/python3.10/site-packages/airflow/example_dags/example_trigger_controller_dag.py
[2025-02-09T19:28:31.825-0700] {processor.py:914} INFO - Processing file /Users/pranithjain/Desktop/DE Project/Apache Airflow Project/venv/lib/python3.10/site-packages/airflow/example_dags/example_trigger_controller_dag.py for tasks to queue
[2025-02-09T19:28:31.826-0700] {logging_mixin.py:190} INFO - [2025-02-09T19:28:31.826-0700] {dagbag.py:588} INFO - Filling up the DagBag from /Users/pranithjain/Desktop/DE Project/Apache Airflow Project/venv/lib/python3.10/site-packages/airflow/example_dags/example_trigger_controller_dag.py
[2025-02-09T19:28:31.831-0700] {processor.py:925} INFO - DAG(s) 'example_trigger_controller_dag' retrieved from /Users/pranithjain/Desktop/DE Project/Apache Airflow Project/venv/lib/python3.10/site-packages/airflow/example_dags/example_trigger_controller_dag.py
[2025-02-09T19:28:31.894-0700] {logging_mixin.py:190} INFO - [2025-02-09T19:28:31.894-0700] {dag.py:3239} INFO - Sync 1 DAGs
[2025-02-09T19:28:31.901-0700] {logging_mixin.py:190} INFO - [2025-02-09T19:28:31.901-0700] {dag.py:4180} INFO - Setting next_dagrun for example_trigger_controller_dag to 2021-01-01 00:00:00+00:00, run_after=2021-01-01 00:00:00+00:00
[2025-02-09T19:28:31.908-0700] {processor.py:208} INFO - Processing /Users/pranithjain/Desktop/DE Project/Apache Airflow Project/venv/lib/python3.10/site-packages/airflow/example_dags/example_trigger_controller_dag.py took 0.084 seconds
