[2025-02-09T18:49:07.359-0700] {processor.py:186} INFO - Started process (PID=19023) to work on /Users/pranithjain/Desktop/DE Project/Apache Airflow Project/venv/lib/python3.10/site-packages/airflow/example_dags/example_bash_decorator.py
[2025-02-09T18:49:07.359-0700] {processor.py:914} INFO - Processing file /Users/pranithjain/Desktop/DE Project/Apache Airflow Project/venv/lib/python3.10/site-packages/airflow/example_dags/example_bash_decorator.py for tasks to queue
[2025-02-09T18:49:07.360-0700] {logging_mixin.py:190} INFO - [2025-02-09T18:49:07.360-0700] {dagbag.py:588} INFO - Filling up the DagBag from /Users/pranithjain/Desktop/DE Project/Apache Airflow Project/venv/lib/python3.10/site-packages/airflow/example_dags/example_bash_decorator.py
[2025-02-09T18:49:07.378-0700] {processor.py:925} INFO - DAG(s) 'example_bash_decorator' retrieved from /Users/pranithjain/Desktop/DE Project/Apache Airflow Project/venv/lib/python3.10/site-packages/airflow/example_dags/example_bash_decorator.py
[2025-02-09T18:49:07.488-0700] {logging_mixin.py:190} INFO - [2025-02-09T18:49:07.488-0700] {override.py:1930} INFO - Created Permission View: can edit on DAG:example_bash_decorator
[2025-02-09T18:49:07.492-0700] {logging_mixin.py:190} INFO - [2025-02-09T18:49:07.492-0700] {override.py:1930} INFO - Created Permission View: can read on DAG:example_bash_decorator
[2025-02-09T18:49:07.494-0700] {logging_mixin.py:190} INFO - [2025-02-09T18:49:07.494-0700] {override.py:1930} INFO - Created Permission View: can delete on DAG:example_bash_decorator
[2025-02-09T18:49:07.497-0700] {logging_mixin.py:190} INFO - [2025-02-09T18:49:07.497-0700] {override.py:1930} INFO - Created Permission View: menu access on DAG Run:example_bash_decorator
[2025-02-09T18:49:07.499-0700] {logging_mixin.py:190} INFO - [2025-02-09T18:49:07.499-0700] {override.py:1930} INFO - Created Permission View: can create on DAG Run:example_bash_decorator
[2025-02-09T18:49:07.501-0700] {logging_mixin.py:190} INFO - [2025-02-09T18:49:07.501-0700] {override.py:1930} INFO - Created Permission View: can read on DAG Run:example_bash_decorator
[2025-02-09T18:49:07.503-0700] {logging_mixin.py:190} INFO - [2025-02-09T18:49:07.502-0700] {override.py:1930} INFO - Created Permission View: can delete on DAG Run:example_bash_decorator
[2025-02-09T18:49:07.503-0700] {logging_mixin.py:190} INFO - [2025-02-09T18:49:07.503-0700] {dag.py:3239} INFO - Sync 1 DAGs
[2025-02-09T18:49:07.507-0700] {logging_mixin.py:190} INFO - [2025-02-09T18:49:07.507-0700] {dag.py:3262} INFO - Creating ORM DAG for example_bash_decorator
[2025-02-09T18:49:07.508-0700] {logging_mixin.py:190} INFO - [2025-02-09T18:49:07.508-0700] {dag.py:4180} INFO - Setting next_dagrun for example_bash_decorator to None, run_after=None
[2025-02-09T18:49:07.514-0700] {processor.py:208} INFO - Processing /Users/pranithjain/Desktop/DE Project/Apache Airflow Project/venv/lib/python3.10/site-packages/airflow/example_dags/example_bash_decorator.py took 0.157 seconds
[2025-02-09T18:51:30.442-0700] {processor.py:186} INFO - Started process (PID=19467) to work on /Users/pranithjain/Desktop/DE Project/Apache Airflow Project/venv/lib/python3.10/site-packages/airflow/example_dags/example_bash_decorator.py
[2025-02-09T18:51:30.443-0700] {processor.py:914} INFO - Processing file /Users/pranithjain/Desktop/DE Project/Apache Airflow Project/venv/lib/python3.10/site-packages/airflow/example_dags/example_bash_decorator.py for tasks to queue
[2025-02-09T18:51:30.444-0700] {logging_mixin.py:190} INFO - [2025-02-09T18:51:30.444-0700] {dagbag.py:588} INFO - Filling up the DagBag from /Users/pranithjain/Desktop/DE Project/Apache Airflow Project/venv/lib/python3.10/site-packages/airflow/example_dags/example_bash_decorator.py
[2025-02-09T18:51:30.463-0700] {processor.py:925} INFO - DAG(s) 'example_bash_decorator' retrieved from /Users/pranithjain/Desktop/DE Project/Apache Airflow Project/venv/lib/python3.10/site-packages/airflow/example_dags/example_bash_decorator.py
[2025-02-09T18:51:30.564-0700] {logging_mixin.py:190} INFO - [2025-02-09T18:51:30.564-0700] {dag.py:3239} INFO - Sync 1 DAGs
[2025-02-09T18:51:30.568-0700] {logging_mixin.py:190} INFO - [2025-02-09T18:51:30.568-0700] {dag.py:4180} INFO - Setting next_dagrun for example_bash_decorator to None, run_after=None
[2025-02-09T18:51:30.576-0700] {processor.py:208} INFO - Processing /Users/pranithjain/Desktop/DE Project/Apache Airflow Project/venv/lib/python3.10/site-packages/airflow/example_dags/example_bash_decorator.py took 0.136 seconds
[2025-02-09T18:54:13.743-0700] {processor.py:186} INFO - Started process (PID=19981) to work on /Users/pranithjain/Desktop/DE Project/Apache Airflow Project/venv/lib/python3.10/site-packages/airflow/example_dags/example_bash_decorator.py
[2025-02-09T18:54:13.745-0700] {processor.py:914} INFO - Processing file /Users/pranithjain/Desktop/DE Project/Apache Airflow Project/venv/lib/python3.10/site-packages/airflow/example_dags/example_bash_decorator.py for tasks to queue
[2025-02-09T18:54:13.745-0700] {logging_mixin.py:190} INFO - [2025-02-09T18:54:13.745-0700] {dagbag.py:588} INFO - Filling up the DagBag from /Users/pranithjain/Desktop/DE Project/Apache Airflow Project/venv/lib/python3.10/site-packages/airflow/example_dags/example_bash_decorator.py
[2025-02-09T18:54:13.763-0700] {processor.py:925} INFO - DAG(s) 'example_bash_decorator' retrieved from /Users/pranithjain/Desktop/DE Project/Apache Airflow Project/venv/lib/python3.10/site-packages/airflow/example_dags/example_bash_decorator.py
[2025-02-09T18:54:13.866-0700] {logging_mixin.py:190} INFO - [2025-02-09T18:54:13.866-0700] {dag.py:3239} INFO - Sync 1 DAGs
[2025-02-09T18:54:13.870-0700] {logging_mixin.py:190} INFO - [2025-02-09T18:54:13.870-0700] {dag.py:4180} INFO - Setting next_dagrun for example_bash_decorator to None, run_after=None
[2025-02-09T18:54:13.878-0700] {processor.py:208} INFO - Processing /Users/pranithjain/Desktop/DE Project/Apache Airflow Project/venv/lib/python3.10/site-packages/airflow/example_dags/example_bash_decorator.py took 0.136 seconds
[2025-02-09T18:56:38.342-0700] {processor.py:186} INFO - Started process (PID=20435) to work on /Users/pranithjain/Desktop/DE Project/Apache Airflow Project/venv/lib/python3.10/site-packages/airflow/example_dags/example_bash_decorator.py
[2025-02-09T18:56:38.342-0700] {processor.py:914} INFO - Processing file /Users/pranithjain/Desktop/DE Project/Apache Airflow Project/venv/lib/python3.10/site-packages/airflow/example_dags/example_bash_decorator.py for tasks to queue
[2025-02-09T18:56:38.343-0700] {logging_mixin.py:190} INFO - [2025-02-09T18:56:38.342-0700] {dagbag.py:588} INFO - Filling up the DagBag from /Users/pranithjain/Desktop/DE Project/Apache Airflow Project/venv/lib/python3.10/site-packages/airflow/example_dags/example_bash_decorator.py
[2025-02-09T18:56:38.361-0700] {processor.py:925} INFO - DAG(s) 'example_bash_decorator' retrieved from /Users/pranithjain/Desktop/DE Project/Apache Airflow Project/venv/lib/python3.10/site-packages/airflow/example_dags/example_bash_decorator.py
[2025-02-09T18:56:38.468-0700] {logging_mixin.py:190} INFO - [2025-02-09T18:56:38.468-0700] {dag.py:3239} INFO - Sync 1 DAGs
[2025-02-09T18:56:38.472-0700] {logging_mixin.py:190} INFO - [2025-02-09T18:56:38.472-0700] {dag.py:4180} INFO - Setting next_dagrun for example_bash_decorator to None, run_after=None
[2025-02-09T18:56:38.480-0700] {processor.py:208} INFO - Processing /Users/pranithjain/Desktop/DE Project/Apache Airflow Project/venv/lib/python3.10/site-packages/airflow/example_dags/example_bash_decorator.py took 0.141 seconds
[2025-02-09T19:07:45.925-0700] {processor.py:186} INFO - Started process (PID=22151) to work on /Users/pranithjain/Desktop/DE Project/Apache Airflow Project/venv/lib/python3.10/site-packages/airflow/example_dags/example_bash_decorator.py
[2025-02-09T19:07:45.926-0700] {processor.py:914} INFO - Processing file /Users/pranithjain/Desktop/DE Project/Apache Airflow Project/venv/lib/python3.10/site-packages/airflow/example_dags/example_bash_decorator.py for tasks to queue
[2025-02-09T19:07:45.926-0700] {logging_mixin.py:190} INFO - [2025-02-09T19:07:45.926-0700] {dagbag.py:588} INFO - Filling up the DagBag from /Users/pranithjain/Desktop/DE Project/Apache Airflow Project/venv/lib/python3.10/site-packages/airflow/example_dags/example_bash_decorator.py
[2025-02-09T19:07:45.944-0700] {processor.py:925} INFO - DAG(s) 'example_bash_decorator' retrieved from /Users/pranithjain/Desktop/DE Project/Apache Airflow Project/venv/lib/python3.10/site-packages/airflow/example_dags/example_bash_decorator.py
[2025-02-09T19:07:46.045-0700] {logging_mixin.py:190} INFO - [2025-02-09T19:07:46.045-0700] {dag.py:3239} INFO - Sync 1 DAGs
[2025-02-09T19:07:46.049-0700] {logging_mixin.py:190} INFO - [2025-02-09T19:07:46.049-0700] {dag.py:4180} INFO - Setting next_dagrun for example_bash_decorator to None, run_after=None
[2025-02-09T19:07:46.057-0700] {processor.py:208} INFO - Processing /Users/pranithjain/Desktop/DE Project/Apache Airflow Project/venv/lib/python3.10/site-packages/airflow/example_dags/example_bash_decorator.py took 0.134 seconds
[2025-02-09T19:10:08.506-0700] {processor.py:186} INFO - Started process (PID=22593) to work on /Users/pranithjain/Desktop/DE Project/Apache Airflow Project/venv/lib/python3.10/site-packages/airflow/example_dags/example_bash_decorator.py
[2025-02-09T19:10:08.507-0700] {processor.py:914} INFO - Processing file /Users/pranithjain/Desktop/DE Project/Apache Airflow Project/venv/lib/python3.10/site-packages/airflow/example_dags/example_bash_decorator.py for tasks to queue
[2025-02-09T19:10:08.507-0700] {logging_mixin.py:190} INFO - [2025-02-09T19:10:08.507-0700] {dagbag.py:588} INFO - Filling up the DagBag from /Users/pranithjain/Desktop/DE Project/Apache Airflow Project/venv/lib/python3.10/site-packages/airflow/example_dags/example_bash_decorator.py
[2025-02-09T19:10:08.526-0700] {processor.py:925} INFO - DAG(s) 'example_bash_decorator' retrieved from /Users/pranithjain/Desktop/DE Project/Apache Airflow Project/venv/lib/python3.10/site-packages/airflow/example_dags/example_bash_decorator.py
[2025-02-09T19:10:08.634-0700] {logging_mixin.py:190} INFO - [2025-02-09T19:10:08.634-0700] {dag.py:3239} INFO - Sync 1 DAGs
[2025-02-09T19:10:08.639-0700] {logging_mixin.py:190} INFO - [2025-02-09T19:10:08.639-0700] {dag.py:4180} INFO - Setting next_dagrun for example_bash_decorator to None, run_after=None
[2025-02-09T19:10:08.647-0700] {processor.py:208} INFO - Processing /Users/pranithjain/Desktop/DE Project/Apache Airflow Project/venv/lib/python3.10/site-packages/airflow/example_dags/example_bash_decorator.py took 0.142 seconds
[2025-02-09T19:14:20.456-0700] {processor.py:186} INFO - Started process (PID=23316) to work on /Users/pranithjain/Desktop/DE Project/Apache Airflow Project/venv/lib/python3.10/site-packages/airflow/example_dags/example_bash_decorator.py
[2025-02-09T19:14:20.456-0700] {processor.py:914} INFO - Processing file /Users/pranithjain/Desktop/DE Project/Apache Airflow Project/venv/lib/python3.10/site-packages/airflow/example_dags/example_bash_decorator.py for tasks to queue
[2025-02-09T19:14:20.457-0700] {logging_mixin.py:190} INFO - [2025-02-09T19:14:20.457-0700] {dagbag.py:588} INFO - Filling up the DagBag from /Users/pranithjain/Desktop/DE Project/Apache Airflow Project/venv/lib/python3.10/site-packages/airflow/example_dags/example_bash_decorator.py
[2025-02-09T19:14:20.475-0700] {processor.py:925} INFO - DAG(s) 'example_bash_decorator' retrieved from /Users/pranithjain/Desktop/DE Project/Apache Airflow Project/venv/lib/python3.10/site-packages/airflow/example_dags/example_bash_decorator.py
[2025-02-09T19:14:20.576-0700] {logging_mixin.py:190} INFO - [2025-02-09T19:14:20.576-0700] {dag.py:3239} INFO - Sync 1 DAGs
[2025-02-09T19:14:20.580-0700] {logging_mixin.py:190} INFO - [2025-02-09T19:14:20.580-0700] {dag.py:4180} INFO - Setting next_dagrun for example_bash_decorator to None, run_after=None
[2025-02-09T19:14:20.588-0700] {processor.py:208} INFO - Processing /Users/pranithjain/Desktop/DE Project/Apache Airflow Project/venv/lib/python3.10/site-packages/airflow/example_dags/example_bash_decorator.py took 0.133 seconds
[2025-02-09T19:16:38.962-0700] {processor.py:186} INFO - Started process (PID=23742) to work on /Users/pranithjain/Desktop/DE Project/Apache Airflow Project/venv/lib/python3.10/site-packages/airflow/example_dags/example_bash_decorator.py
[2025-02-09T19:16:38.963-0700] {processor.py:914} INFO - Processing file /Users/pranithjain/Desktop/DE Project/Apache Airflow Project/venv/lib/python3.10/site-packages/airflow/example_dags/example_bash_decorator.py for tasks to queue
[2025-02-09T19:16:38.963-0700] {logging_mixin.py:190} INFO - [2025-02-09T19:16:38.963-0700] {dagbag.py:588} INFO - Filling up the DagBag from /Users/pranithjain/Desktop/DE Project/Apache Airflow Project/venv/lib/python3.10/site-packages/airflow/example_dags/example_bash_decorator.py
[2025-02-09T19:16:38.982-0700] {processor.py:925} INFO - DAG(s) 'example_bash_decorator' retrieved from /Users/pranithjain/Desktop/DE Project/Apache Airflow Project/venv/lib/python3.10/site-packages/airflow/example_dags/example_bash_decorator.py
[2025-02-09T19:16:39.090-0700] {logging_mixin.py:190} INFO - [2025-02-09T19:16:39.090-0700] {dag.py:3239} INFO - Sync 1 DAGs
[2025-02-09T19:16:39.094-0700] {logging_mixin.py:190} INFO - [2025-02-09T19:16:39.094-0700] {dag.py:4180} INFO - Setting next_dagrun for example_bash_decorator to None, run_after=None
[2025-02-09T19:16:39.102-0700] {processor.py:208} INFO - Processing /Users/pranithjain/Desktop/DE Project/Apache Airflow Project/venv/lib/python3.10/site-packages/airflow/example_dags/example_bash_decorator.py took 0.142 seconds
[2025-02-09T19:19:05.123-0700] {processor.py:186} INFO - Started process (PID=24186) to work on /Users/pranithjain/Desktop/DE Project/Apache Airflow Project/venv/lib/python3.10/site-packages/airflow/example_dags/example_bash_decorator.py
[2025-02-09T19:19:05.123-0700] {processor.py:914} INFO - Processing file /Users/pranithjain/Desktop/DE Project/Apache Airflow Project/venv/lib/python3.10/site-packages/airflow/example_dags/example_bash_decorator.py for tasks to queue
[2025-02-09T19:19:05.124-0700] {logging_mixin.py:190} INFO - [2025-02-09T19:19:05.124-0700] {dagbag.py:588} INFO - Filling up the DagBag from /Users/pranithjain/Desktop/DE Project/Apache Airflow Project/venv/lib/python3.10/site-packages/airflow/example_dags/example_bash_decorator.py
[2025-02-09T19:19:05.142-0700] {processor.py:925} INFO - DAG(s) 'example_bash_decorator' retrieved from /Users/pranithjain/Desktop/DE Project/Apache Airflow Project/venv/lib/python3.10/site-packages/airflow/example_dags/example_bash_decorator.py
[2025-02-09T19:19:05.243-0700] {logging_mixin.py:190} INFO - [2025-02-09T19:19:05.243-0700] {dag.py:3239} INFO - Sync 1 DAGs
[2025-02-09T19:19:05.247-0700] {logging_mixin.py:190} INFO - [2025-02-09T19:19:05.247-0700] {dag.py:4180} INFO - Setting next_dagrun for example_bash_decorator to None, run_after=None
[2025-02-09T19:19:05.254-0700] {processor.py:208} INFO - Processing /Users/pranithjain/Desktop/DE Project/Apache Airflow Project/venv/lib/python3.10/site-packages/airflow/example_dags/example_bash_decorator.py took 0.133 seconds
[2025-02-09T19:21:31.488-0700] {processor.py:186} INFO - Started process (PID=24633) to work on /Users/pranithjain/Desktop/DE Project/Apache Airflow Project/venv/lib/python3.10/site-packages/airflow/example_dags/example_bash_decorator.py
[2025-02-09T19:21:31.488-0700] {processor.py:914} INFO - Processing file /Users/pranithjain/Desktop/DE Project/Apache Airflow Project/venv/lib/python3.10/site-packages/airflow/example_dags/example_bash_decorator.py for tasks to queue
[2025-02-09T19:21:31.489-0700] {logging_mixin.py:190} INFO - [2025-02-09T19:21:31.488-0700] {dagbag.py:588} INFO - Filling up the DagBag from /Users/pranithjain/Desktop/DE Project/Apache Airflow Project/venv/lib/python3.10/site-packages/airflow/example_dags/example_bash_decorator.py
[2025-02-09T19:21:31.507-0700] {processor.py:925} INFO - DAG(s) 'example_bash_decorator' retrieved from /Users/pranithjain/Desktop/DE Project/Apache Airflow Project/venv/lib/python3.10/site-packages/airflow/example_dags/example_bash_decorator.py
[2025-02-09T19:21:31.613-0700] {logging_mixin.py:190} INFO - [2025-02-09T19:21:31.613-0700] {dag.py:3239} INFO - Sync 1 DAGs
[2025-02-09T19:21:31.618-0700] {logging_mixin.py:190} INFO - [2025-02-09T19:21:31.618-0700] {dag.py:4180} INFO - Setting next_dagrun for example_bash_decorator to None, run_after=None
[2025-02-09T19:21:31.626-0700] {processor.py:208} INFO - Processing /Users/pranithjain/Desktop/DE Project/Apache Airflow Project/venv/lib/python3.10/site-packages/airflow/example_dags/example_bash_decorator.py took 0.141 seconds
[2025-02-09T19:23:54.537-0700] {processor.py:186} INFO - Started process (PID=25167) to work on /Users/pranithjain/Desktop/DE Project/Apache Airflow Project/venv/lib/python3.10/site-packages/airflow/example_dags/example_bash_decorator.py
[2025-02-09T19:23:54.538-0700] {processor.py:914} INFO - Processing file /Users/pranithjain/Desktop/DE Project/Apache Airflow Project/venv/lib/python3.10/site-packages/airflow/example_dags/example_bash_decorator.py for tasks to queue
[2025-02-09T19:23:54.538-0700] {logging_mixin.py:190} INFO - [2025-02-09T19:23:54.538-0700] {dagbag.py:588} INFO - Filling up the DagBag from /Users/pranithjain/Desktop/DE Project/Apache Airflow Project/venv/lib/python3.10/site-packages/airflow/example_dags/example_bash_decorator.py
[2025-02-09T19:23:54.556-0700] {processor.py:925} INFO - DAG(s) 'example_bash_decorator' retrieved from /Users/pranithjain/Desktop/DE Project/Apache Airflow Project/venv/lib/python3.10/site-packages/airflow/example_dags/example_bash_decorator.py
[2025-02-09T19:23:54.659-0700] {logging_mixin.py:190} INFO - [2025-02-09T19:23:54.658-0700] {dag.py:3239} INFO - Sync 1 DAGs
[2025-02-09T19:23:54.663-0700] {logging_mixin.py:190} INFO - [2025-02-09T19:23:54.663-0700] {dag.py:4180} INFO - Setting next_dagrun for example_bash_decorator to None, run_after=None
[2025-02-09T19:23:54.671-0700] {processor.py:208} INFO - Processing /Users/pranithjain/Desktop/DE Project/Apache Airflow Project/venv/lib/python3.10/site-packages/airflow/example_dags/example_bash_decorator.py took 0.135 seconds
[2025-02-09T19:26:10.989-0700] {processor.py:186} INFO - Started process (PID=25600) to work on /Users/pranithjain/Desktop/DE Project/Apache Airflow Project/venv/lib/python3.10/site-packages/airflow/example_dags/example_bash_decorator.py
[2025-02-09T19:26:10.990-0700] {processor.py:914} INFO - Processing file /Users/pranithjain/Desktop/DE Project/Apache Airflow Project/venv/lib/python3.10/site-packages/airflow/example_dags/example_bash_decorator.py for tasks to queue
[2025-02-09T19:26:10.990-0700] {logging_mixin.py:190} INFO - [2025-02-09T19:26:10.990-0700] {dagbag.py:588} INFO - Filling up the DagBag from /Users/pranithjain/Desktop/DE Project/Apache Airflow Project/venv/lib/python3.10/site-packages/airflow/example_dags/example_bash_decorator.py
[2025-02-09T19:26:11.008-0700] {processor.py:925} INFO - DAG(s) 'example_bash_decorator' retrieved from /Users/pranithjain/Desktop/DE Project/Apache Airflow Project/venv/lib/python3.10/site-packages/airflow/example_dags/example_bash_decorator.py
[2025-02-09T19:26:11.110-0700] {logging_mixin.py:190} INFO - [2025-02-09T19:26:11.110-0700] {dag.py:3239} INFO - Sync 1 DAGs
[2025-02-09T19:26:11.114-0700] {logging_mixin.py:190} INFO - [2025-02-09T19:26:11.114-0700] {dag.py:4180} INFO - Setting next_dagrun for example_bash_decorator to None, run_after=None
[2025-02-09T19:26:11.122-0700] {processor.py:208} INFO - Processing /Users/pranithjain/Desktop/DE Project/Apache Airflow Project/venv/lib/python3.10/site-packages/airflow/example_dags/example_bash_decorator.py took 0.134 seconds
