[2025-02-09T18:48:56.381-0700] {processor.py:186} INFO - Started process (PID=18987) to work on /Users/pranithjain/Desktop/DE Project/Apache Airflow Project/venv/lib/python3.10/site-packages/airflow/example_dags/example_branch_operator_decorator.py
[2025-02-09T18:48:56.382-0700] {processor.py:914} INFO - Processing file /Users/pranithjain/Desktop/DE Project/Apache Airflow Project/venv/lib/python3.10/site-packages/airflow/example_dags/example_branch_operator_decorator.py for tasks to queue
[2025-02-09T18:48:56.382-0700] {logging_mixin.py:190} INFO - [2025-02-09T18:48:56.382-0700] {dagbag.py:588} INFO - Filling up the DagBag from /Users/pranithjain/Desktop/DE Project/Apache Airflow Project/venv/lib/python3.10/site-packages/airflow/example_dags/example_branch_operator_decorator.py
[2025-02-09T18:48:56.403-0700] {processor.py:925} INFO - DAG(s) 'example_branch_python_operator_decorator' retrieved from /Users/pranithjain/Desktop/DE Project/Apache Airflow Project/venv/lib/python3.10/site-packages/airflow/example_dags/example_branch_operator_decorator.py
[2025-02-09T18:48:56.512-0700] {logging_mixin.py:190} INFO - [2025-02-09T18:48:56.512-0700] {override.py:1930} INFO - Created Permission View: can delete on DAG:example_branch_python_operator_decorator
[2025-02-09T18:48:56.516-0700] {logging_mixin.py:190} INFO - [2025-02-09T18:48:56.516-0700] {override.py:1930} INFO - Created Permission View: can edit on DAG:example_branch_python_operator_decorator
[2025-02-09T18:48:56.518-0700] {logging_mixin.py:190} INFO - [2025-02-09T18:48:56.518-0700] {override.py:1930} INFO - Created Permission View: can read on DAG:example_branch_python_operator_decorator
[2025-02-09T18:48:56.521-0700] {logging_mixin.py:190} INFO - [2025-02-09T18:48:56.520-0700] {override.py:1930} INFO - Created Permission View: can delete on DAG Run:example_branch_python_operator_decorator
[2025-02-09T18:48:56.522-0700] {logging_mixin.py:190} INFO - [2025-02-09T18:48:56.522-0700] {override.py:1930} INFO - Created Permission View: can create on DAG Run:example_branch_python_operator_decorator
[2025-02-09T18:48:56.525-0700] {logging_mixin.py:190} INFO - [2025-02-09T18:48:56.524-0700] {override.py:1930} INFO - Created Permission View: menu access on DAG Run:example_branch_python_operator_decorator
[2025-02-09T18:48:56.526-0700] {logging_mixin.py:190} INFO - [2025-02-09T18:48:56.526-0700] {override.py:1930} INFO - Created Permission View: can read on DAG Run:example_branch_python_operator_decorator
[2025-02-09T18:48:56.527-0700] {logging_mixin.py:190} INFO - [2025-02-09T18:48:56.527-0700] {dag.py:3239} INFO - Sync 1 DAGs
[2025-02-09T18:48:56.531-0700] {logging_mixin.py:190} INFO - [2025-02-09T18:48:56.531-0700] {dag.py:3262} INFO - Creating ORM DAG for example_branch_python_operator_decorator
[2025-02-09T18:48:56.536-0700] {logging_mixin.py:190} INFO - [2025-02-09T18:48:56.536-0700] {dag.py:4180} INFO - Setting next_dagrun for example_branch_python_operator_decorator to 2025-02-09 00:00:00+00:00, run_after=2025-02-10 00:00:00+00:00
[2025-02-09T18:48:56.543-0700] {processor.py:208} INFO - Processing /Users/pranithjain/Desktop/DE Project/Apache Airflow Project/venv/lib/python3.10/site-packages/airflow/example_dags/example_branch_operator_decorator.py took 0.163 seconds
[2025-02-09T18:51:21.452-0700] {processor.py:186} INFO - Started process (PID=19436) to work on /Users/pranithjain/Desktop/DE Project/Apache Airflow Project/venv/lib/python3.10/site-packages/airflow/example_dags/example_branch_operator_decorator.py
[2025-02-09T18:51:21.453-0700] {processor.py:914} INFO - Processing file /Users/pranithjain/Desktop/DE Project/Apache Airflow Project/venv/lib/python3.10/site-packages/airflow/example_dags/example_branch_operator_decorator.py for tasks to queue
[2025-02-09T18:51:21.454-0700] {logging_mixin.py:190} INFO - [2025-02-09T18:51:21.454-0700] {dagbag.py:588} INFO - Filling up the DagBag from /Users/pranithjain/Desktop/DE Project/Apache Airflow Project/venv/lib/python3.10/site-packages/airflow/example_dags/example_branch_operator_decorator.py
[2025-02-09T18:51:21.474-0700] {processor.py:925} INFO - DAG(s) 'example_branch_python_operator_decorator' retrieved from /Users/pranithjain/Desktop/DE Project/Apache Airflow Project/venv/lib/python3.10/site-packages/airflow/example_dags/example_branch_operator_decorator.py
[2025-02-09T18:51:21.579-0700] {logging_mixin.py:190} INFO - [2025-02-09T18:51:21.579-0700] {dag.py:3239} INFO - Sync 1 DAGs
[2025-02-09T18:51:21.586-0700] {logging_mixin.py:190} INFO - [2025-02-09T18:51:21.586-0700] {dag.py:4180} INFO - Setting next_dagrun for example_branch_python_operator_decorator to 2025-02-09 00:00:00+00:00, run_after=2025-02-10 00:00:00+00:00
[2025-02-09T18:51:21.594-0700] {processor.py:208} INFO - Processing /Users/pranithjain/Desktop/DE Project/Apache Airflow Project/venv/lib/python3.10/site-packages/airflow/example_dags/example_branch_operator_decorator.py took 0.144 seconds
[2025-02-09T18:54:04.002-0700] {processor.py:186} INFO - Started process (PID=19950) to work on /Users/pranithjain/Desktop/DE Project/Apache Airflow Project/venv/lib/python3.10/site-packages/airflow/example_dags/example_branch_operator_decorator.py
[2025-02-09T18:54:04.004-0700] {processor.py:914} INFO - Processing file /Users/pranithjain/Desktop/DE Project/Apache Airflow Project/venv/lib/python3.10/site-packages/airflow/example_dags/example_branch_operator_decorator.py for tasks to queue
[2025-02-09T18:54:04.004-0700] {logging_mixin.py:190} INFO - [2025-02-09T18:54:04.004-0700] {dagbag.py:588} INFO - Filling up the DagBag from /Users/pranithjain/Desktop/DE Project/Apache Airflow Project/venv/lib/python3.10/site-packages/airflow/example_dags/example_branch_operator_decorator.py
[2025-02-09T18:54:04.026-0700] {processor.py:925} INFO - DAG(s) 'example_branch_python_operator_decorator' retrieved from /Users/pranithjain/Desktop/DE Project/Apache Airflow Project/venv/lib/python3.10/site-packages/airflow/example_dags/example_branch_operator_decorator.py
[2025-02-09T18:54:04.141-0700] {logging_mixin.py:190} INFO - [2025-02-09T18:54:04.141-0700] {dag.py:3239} INFO - Sync 1 DAGs
[2025-02-09T18:54:04.150-0700] {logging_mixin.py:190} INFO - [2025-02-09T18:54:04.150-0700] {dag.py:4180} INFO - Setting next_dagrun for example_branch_python_operator_decorator to 2025-02-09 00:00:00+00:00, run_after=2025-02-10 00:00:00+00:00
[2025-02-09T18:54:04.158-0700] {processor.py:208} INFO - Processing /Users/pranithjain/Desktop/DE Project/Apache Airflow Project/venv/lib/python3.10/site-packages/airflow/example_dags/example_branch_operator_decorator.py took 0.158 seconds
[2025-02-09T18:56:27.498-0700] {processor.py:186} INFO - Started process (PID=20395) to work on /Users/pranithjain/Desktop/DE Project/Apache Airflow Project/venv/lib/python3.10/site-packages/airflow/example_dags/example_branch_operator_decorator.py
[2025-02-09T18:56:27.499-0700] {processor.py:914} INFO - Processing file /Users/pranithjain/Desktop/DE Project/Apache Airflow Project/venv/lib/python3.10/site-packages/airflow/example_dags/example_branch_operator_decorator.py for tasks to queue
[2025-02-09T18:56:27.499-0700] {logging_mixin.py:190} INFO - [2025-02-09T18:56:27.499-0700] {dagbag.py:588} INFO - Filling up the DagBag from /Users/pranithjain/Desktop/DE Project/Apache Airflow Project/venv/lib/python3.10/site-packages/airflow/example_dags/example_branch_operator_decorator.py
[2025-02-09T18:56:27.521-0700] {processor.py:925} INFO - DAG(s) 'example_branch_python_operator_decorator' retrieved from /Users/pranithjain/Desktop/DE Project/Apache Airflow Project/venv/lib/python3.10/site-packages/airflow/example_dags/example_branch_operator_decorator.py
[2025-02-09T18:56:27.632-0700] {logging_mixin.py:190} INFO - [2025-02-09T18:56:27.631-0700] {dag.py:3239} INFO - Sync 1 DAGs
[2025-02-09T18:56:27.639-0700] {logging_mixin.py:190} INFO - [2025-02-09T18:56:27.639-0700] {dag.py:4180} INFO - Setting next_dagrun for example_branch_python_operator_decorator to 2025-02-09 00:00:00+00:00, run_after=2025-02-10 00:00:00+00:00
[2025-02-09T18:56:27.647-0700] {processor.py:208} INFO - Processing /Users/pranithjain/Desktop/DE Project/Apache Airflow Project/venv/lib/python3.10/site-packages/airflow/example_dags/example_branch_operator_decorator.py took 0.150 seconds
[2025-02-09T18:58:51.023-0700] {processor.py:186} INFO - Started process (PID=20836) to work on /Users/pranithjain/Desktop/DE Project/Apache Airflow Project/venv/lib/python3.10/site-packages/airflow/example_dags/example_branch_operator_decorator.py
[2025-02-09T18:58:51.024-0700] {processor.py:914} INFO - Processing file /Users/pranithjain/Desktop/DE Project/Apache Airflow Project/venv/lib/python3.10/site-packages/airflow/example_dags/example_branch_operator_decorator.py for tasks to queue
[2025-02-09T18:58:51.024-0700] {logging_mixin.py:190} INFO - [2025-02-09T18:58:51.024-0700] {dagbag.py:588} INFO - Filling up the DagBag from /Users/pranithjain/Desktop/DE Project/Apache Airflow Project/venv/lib/python3.10/site-packages/airflow/example_dags/example_branch_operator_decorator.py
[2025-02-09T18:58:51.046-0700] {processor.py:925} INFO - DAG(s) 'example_branch_python_operator_decorator' retrieved from /Users/pranithjain/Desktop/DE Project/Apache Airflow Project/venv/lib/python3.10/site-packages/airflow/example_dags/example_branch_operator_decorator.py
[2025-02-09T18:58:51.153-0700] {logging_mixin.py:190} INFO - [2025-02-09T18:58:51.152-0700] {dag.py:3239} INFO - Sync 1 DAGs
[2025-02-09T18:58:51.160-0700] {logging_mixin.py:190} INFO - [2025-02-09T18:58:51.160-0700] {dag.py:4180} INFO - Setting next_dagrun for example_branch_python_operator_decorator to 2025-02-09 00:00:00+00:00, run_after=2025-02-10 00:00:00+00:00
[2025-02-09T18:58:51.168-0700] {processor.py:208} INFO - Processing /Users/pranithjain/Desktop/DE Project/Apache Airflow Project/venv/lib/python3.10/site-packages/airflow/example_dags/example_branch_operator_decorator.py took 0.146 seconds
[2025-02-09T19:07:37.135-0700] {processor.py:186} INFO - Started process (PID=22120) to work on /Users/pranithjain/Desktop/DE Project/Apache Airflow Project/venv/lib/python3.10/site-packages/airflow/example_dags/example_branch_operator_decorator.py
[2025-02-09T19:07:37.135-0700] {processor.py:914} INFO - Processing file /Users/pranithjain/Desktop/DE Project/Apache Airflow Project/venv/lib/python3.10/site-packages/airflow/example_dags/example_branch_operator_decorator.py for tasks to queue
[2025-02-09T19:07:37.136-0700] {logging_mixin.py:190} INFO - [2025-02-09T19:07:37.136-0700] {dagbag.py:588} INFO - Filling up the DagBag from /Users/pranithjain/Desktop/DE Project/Apache Airflow Project/venv/lib/python3.10/site-packages/airflow/example_dags/example_branch_operator_decorator.py
[2025-02-09T19:07:37.157-0700] {processor.py:925} INFO - DAG(s) 'example_branch_python_operator_decorator' retrieved from /Users/pranithjain/Desktop/DE Project/Apache Airflow Project/venv/lib/python3.10/site-packages/airflow/example_dags/example_branch_operator_decorator.py
[2025-02-09T19:07:37.272-0700] {logging_mixin.py:190} INFO - [2025-02-09T19:07:37.271-0700] {dag.py:3239} INFO - Sync 1 DAGs
[2025-02-09T19:07:37.280-0700] {logging_mixin.py:190} INFO - [2025-02-09T19:07:37.280-0700] {dag.py:4180} INFO - Setting next_dagrun for example_branch_python_operator_decorator to 2025-02-09 00:00:00+00:00, run_after=2025-02-10 00:00:00+00:00
[2025-02-09T19:07:37.289-0700] {processor.py:208} INFO - Processing /Users/pranithjain/Desktop/DE Project/Apache Airflow Project/venv/lib/python3.10/site-packages/airflow/example_dags/example_branch_operator_decorator.py took 0.156 seconds
[2025-02-09T19:09:57.644-0700] {processor.py:186} INFO - Started process (PID=22557) to work on /Users/pranithjain/Desktop/DE Project/Apache Airflow Project/venv/lib/python3.10/site-packages/airflow/example_dags/example_branch_operator_decorator.py
[2025-02-09T19:09:57.644-0700] {processor.py:914} INFO - Processing file /Users/pranithjain/Desktop/DE Project/Apache Airflow Project/venv/lib/python3.10/site-packages/airflow/example_dags/example_branch_operator_decorator.py for tasks to queue
[2025-02-09T19:09:57.645-0700] {logging_mixin.py:190} INFO - [2025-02-09T19:09:57.644-0700] {dagbag.py:588} INFO - Filling up the DagBag from /Users/pranithjain/Desktop/DE Project/Apache Airflow Project/venv/lib/python3.10/site-packages/airflow/example_dags/example_branch_operator_decorator.py
[2025-02-09T19:09:57.665-0700] {processor.py:925} INFO - DAG(s) 'example_branch_python_operator_decorator' retrieved from /Users/pranithjain/Desktop/DE Project/Apache Airflow Project/venv/lib/python3.10/site-packages/airflow/example_dags/example_branch_operator_decorator.py
[2025-02-09T19:09:57.771-0700] {logging_mixin.py:190} INFO - [2025-02-09T19:09:57.771-0700] {dag.py:3239} INFO - Sync 1 DAGs
[2025-02-09T19:09:57.780-0700] {logging_mixin.py:190} INFO - [2025-02-09T19:09:57.780-0700] {dag.py:4180} INFO - Setting next_dagrun for example_branch_python_operator_decorator to 2025-02-09 00:00:00+00:00, run_after=2025-02-10 00:00:00+00:00
[2025-02-09T19:09:57.788-0700] {processor.py:208} INFO - Processing /Users/pranithjain/Desktop/DE Project/Apache Airflow Project/venv/lib/python3.10/site-packages/airflow/example_dags/example_branch_operator_decorator.py took 0.146 seconds
[2025-02-09T19:14:09.725-0700] {processor.py:186} INFO - Started process (PID=23285) to work on /Users/pranithjain/Desktop/DE Project/Apache Airflow Project/venv/lib/python3.10/site-packages/airflow/example_dags/example_branch_operator_decorator.py
[2025-02-09T19:14:09.725-0700] {processor.py:914} INFO - Processing file /Users/pranithjain/Desktop/DE Project/Apache Airflow Project/venv/lib/python3.10/site-packages/airflow/example_dags/example_branch_operator_decorator.py for tasks to queue
[2025-02-09T19:14:09.726-0700] {logging_mixin.py:190} INFO - [2025-02-09T19:14:09.726-0700] {dagbag.py:588} INFO - Filling up the DagBag from /Users/pranithjain/Desktop/DE Project/Apache Airflow Project/venv/lib/python3.10/site-packages/airflow/example_dags/example_branch_operator_decorator.py
[2025-02-09T19:14:09.746-0700] {processor.py:925} INFO - DAG(s) 'example_branch_python_operator_decorator' retrieved from /Users/pranithjain/Desktop/DE Project/Apache Airflow Project/venv/lib/python3.10/site-packages/airflow/example_dags/example_branch_operator_decorator.py
[2025-02-09T19:14:09.854-0700] {logging_mixin.py:190} INFO - [2025-02-09T19:14:09.854-0700] {dag.py:3239} INFO - Sync 1 DAGs
[2025-02-09T19:14:09.863-0700] {logging_mixin.py:190} INFO - [2025-02-09T19:14:09.862-0700] {dag.py:4180} INFO - Setting next_dagrun for example_branch_python_operator_decorator to 2025-02-09 00:00:00+00:00, run_after=2025-02-10 00:00:00+00:00
[2025-02-09T19:14:09.870-0700] {processor.py:208} INFO - Processing /Users/pranithjain/Desktop/DE Project/Apache Airflow Project/venv/lib/python3.10/site-packages/airflow/example_dags/example_branch_operator_decorator.py took 0.147 seconds
[2025-02-09T19:16:28.667-0700] {processor.py:186} INFO - Started process (PID=23711) to work on /Users/pranithjain/Desktop/DE Project/Apache Airflow Project/venv/lib/python3.10/site-packages/airflow/example_dags/example_branch_operator_decorator.py
[2025-02-09T19:16:28.668-0700] {processor.py:914} INFO - Processing file /Users/pranithjain/Desktop/DE Project/Apache Airflow Project/venv/lib/python3.10/site-packages/airflow/example_dags/example_branch_operator_decorator.py for tasks to queue
[2025-02-09T19:16:28.669-0700] {logging_mixin.py:190} INFO - [2025-02-09T19:16:28.669-0700] {dagbag.py:588} INFO - Filling up the DagBag from /Users/pranithjain/Desktop/DE Project/Apache Airflow Project/venv/lib/python3.10/site-packages/airflow/example_dags/example_branch_operator_decorator.py
[2025-02-09T19:16:28.693-0700] {processor.py:925} INFO - DAG(s) 'example_branch_python_operator_decorator' retrieved from /Users/pranithjain/Desktop/DE Project/Apache Airflow Project/venv/lib/python3.10/site-packages/airflow/example_dags/example_branch_operator_decorator.py
[2025-02-09T19:16:28.831-0700] {logging_mixin.py:190} INFO - [2025-02-09T19:16:28.831-0700] {dag.py:3239} INFO - Sync 1 DAGs
[2025-02-09T19:16:28.840-0700] {logging_mixin.py:190} INFO - [2025-02-09T19:16:28.840-0700] {dag.py:4180} INFO - Setting next_dagrun for example_branch_python_operator_decorator to 2025-02-09 00:00:00+00:00, run_after=2025-02-10 00:00:00+00:00
[2025-02-09T19:16:28.849-0700] {processor.py:208} INFO - Processing /Users/pranithjain/Desktop/DE Project/Apache Airflow Project/venv/lib/python3.10/site-packages/airflow/example_dags/example_branch_operator_decorator.py took 0.184 seconds
[2025-02-09T19:18:54.660-0700] {processor.py:186} INFO - Started process (PID=24155) to work on /Users/pranithjain/Desktop/DE Project/Apache Airflow Project/venv/lib/python3.10/site-packages/airflow/example_dags/example_branch_operator_decorator.py
[2025-02-09T19:18:54.661-0700] {processor.py:914} INFO - Processing file /Users/pranithjain/Desktop/DE Project/Apache Airflow Project/venv/lib/python3.10/site-packages/airflow/example_dags/example_branch_operator_decorator.py for tasks to queue
[2025-02-09T19:18:54.661-0700] {logging_mixin.py:190} INFO - [2025-02-09T19:18:54.661-0700] {dagbag.py:588} INFO - Filling up the DagBag from /Users/pranithjain/Desktop/DE Project/Apache Airflow Project/venv/lib/python3.10/site-packages/airflow/example_dags/example_branch_operator_decorator.py
[2025-02-09T19:18:54.682-0700] {processor.py:925} INFO - DAG(s) 'example_branch_python_operator_decorator' retrieved from /Users/pranithjain/Desktop/DE Project/Apache Airflow Project/venv/lib/python3.10/site-packages/airflow/example_dags/example_branch_operator_decorator.py
[2025-02-09T19:18:54.785-0700] {logging_mixin.py:190} INFO - [2025-02-09T19:18:54.785-0700] {dag.py:3239} INFO - Sync 1 DAGs
[2025-02-09T19:18:54.792-0700] {logging_mixin.py:190} INFO - [2025-02-09T19:18:54.792-0700] {dag.py:4180} INFO - Setting next_dagrun for example_branch_python_operator_decorator to 2025-02-09 00:00:00+00:00, run_after=2025-02-10 00:00:00+00:00
[2025-02-09T19:18:54.800-0700] {processor.py:208} INFO - Processing /Users/pranithjain/Desktop/DE Project/Apache Airflow Project/venv/lib/python3.10/site-packages/airflow/example_dags/example_branch_operator_decorator.py took 0.141 seconds
[2025-02-09T19:21:21.345-0700] {processor.py:186} INFO - Started process (PID=24602) to work on /Users/pranithjain/Desktop/DE Project/Apache Airflow Project/venv/lib/python3.10/site-packages/airflow/example_dags/example_branch_operator_decorator.py
[2025-02-09T19:21:21.346-0700] {processor.py:914} INFO - Processing file /Users/pranithjain/Desktop/DE Project/Apache Airflow Project/venv/lib/python3.10/site-packages/airflow/example_dags/example_branch_operator_decorator.py for tasks to queue
[2025-02-09T19:21:21.346-0700] {logging_mixin.py:190} INFO - [2025-02-09T19:21:21.346-0700] {dagbag.py:588} INFO - Filling up the DagBag from /Users/pranithjain/Desktop/DE Project/Apache Airflow Project/venv/lib/python3.10/site-packages/airflow/example_dags/example_branch_operator_decorator.py
[2025-02-09T19:21:21.367-0700] {processor.py:925} INFO - DAG(s) 'example_branch_python_operator_decorator' retrieved from /Users/pranithjain/Desktop/DE Project/Apache Airflow Project/venv/lib/python3.10/site-packages/airflow/example_dags/example_branch_operator_decorator.py
[2025-02-09T19:21:21.469-0700] {logging_mixin.py:190} INFO - [2025-02-09T19:21:21.469-0700] {dag.py:3239} INFO - Sync 1 DAGs
[2025-02-09T19:21:21.477-0700] {logging_mixin.py:190} INFO - [2025-02-09T19:21:21.477-0700] {dag.py:4180} INFO - Setting next_dagrun for example_branch_python_operator_decorator to 2025-02-09 00:00:00+00:00, run_after=2025-02-10 00:00:00+00:00
[2025-02-09T19:21:21.484-0700] {processor.py:208} INFO - Processing /Users/pranithjain/Desktop/DE Project/Apache Airflow Project/venv/lib/python3.10/site-packages/airflow/example_dags/example_branch_operator_decorator.py took 0.140 seconds
[2025-02-09T19:23:44.484-0700] {processor.py:186} INFO - Started process (PID=25132) to work on /Users/pranithjain/Desktop/DE Project/Apache Airflow Project/venv/lib/python3.10/site-packages/airflow/example_dags/example_branch_operator_decorator.py
[2025-02-09T19:23:44.484-0700] {processor.py:914} INFO - Processing file /Users/pranithjain/Desktop/DE Project/Apache Airflow Project/venv/lib/python3.10/site-packages/airflow/example_dags/example_branch_operator_decorator.py for tasks to queue
[2025-02-09T19:23:44.485-0700] {logging_mixin.py:190} INFO - [2025-02-09T19:23:44.485-0700] {dagbag.py:588} INFO - Filling up the DagBag from /Users/pranithjain/Desktop/DE Project/Apache Airflow Project/venv/lib/python3.10/site-packages/airflow/example_dags/example_branch_operator_decorator.py
[2025-02-09T19:23:44.505-0700] {processor.py:925} INFO - DAG(s) 'example_branch_python_operator_decorator' retrieved from /Users/pranithjain/Desktop/DE Project/Apache Airflow Project/venv/lib/python3.10/site-packages/airflow/example_dags/example_branch_operator_decorator.py
[2025-02-09T19:23:44.608-0700] {logging_mixin.py:190} INFO - [2025-02-09T19:23:44.608-0700] {dag.py:3239} INFO - Sync 1 DAGs
[2025-02-09T19:23:44.615-0700] {logging_mixin.py:190} INFO - [2025-02-09T19:23:44.615-0700] {dag.py:4180} INFO - Setting next_dagrun for example_branch_python_operator_decorator to 2025-02-09 00:00:00+00:00, run_after=2025-02-10 00:00:00+00:00
[2025-02-09T19:23:44.623-0700] {processor.py:208} INFO - Processing /Users/pranithjain/Desktop/DE Project/Apache Airflow Project/venv/lib/python3.10/site-packages/airflow/example_dags/example_branch_operator_decorator.py took 0.140 seconds
[2025-02-09T19:25:59.898-0700] {processor.py:186} INFO - Started process (PID=25552) to work on /Users/pranithjain/Desktop/DE Project/Apache Airflow Project/venv/lib/python3.10/site-packages/airflow/example_dags/example_branch_operator_decorator.py
[2025-02-09T19:25:59.899-0700] {processor.py:914} INFO - Processing file /Users/pranithjain/Desktop/DE Project/Apache Airflow Project/venv/lib/python3.10/site-packages/airflow/example_dags/example_branch_operator_decorator.py for tasks to queue
[2025-02-09T19:25:59.899-0700] {logging_mixin.py:190} INFO - [2025-02-09T19:25:59.899-0700] {dagbag.py:588} INFO - Filling up the DagBag from /Users/pranithjain/Desktop/DE Project/Apache Airflow Project/venv/lib/python3.10/site-packages/airflow/example_dags/example_branch_operator_decorator.py
[2025-02-09T19:25:59.920-0700] {processor.py:925} INFO - DAG(s) 'example_branch_python_operator_decorator' retrieved from /Users/pranithjain/Desktop/DE Project/Apache Airflow Project/venv/lib/python3.10/site-packages/airflow/example_dags/example_branch_operator_decorator.py
[2025-02-09T19:26:00.031-0700] {logging_mixin.py:190} INFO - [2025-02-09T19:26:00.031-0700] {dag.py:3239} INFO - Sync 1 DAGs
[2025-02-09T19:26:00.039-0700] {logging_mixin.py:190} INFO - [2025-02-09T19:26:00.039-0700] {dag.py:4180} INFO - Setting next_dagrun for example_branch_python_operator_decorator to 2025-02-09 00:00:00+00:00, run_after=2025-02-10 00:00:00+00:00
[2025-02-09T19:26:00.047-0700] {processor.py:208} INFO - Processing /Users/pranithjain/Desktop/DE Project/Apache Airflow Project/venv/lib/python3.10/site-packages/airflow/example_dags/example_branch_operator_decorator.py took 0.151 seconds
