[2025-02-09T18:48:21.108-0700] {processor.py:186} INFO - Started process (PID=18877) to work on /Users/pranithjain/Desktop/DE Project/Apache Airflow Project/venv/lib/python3.10/site-packages/airflow/example_dags/example_params_ui_tutorial.py
[2025-02-09T18:48:21.109-0700] {processor.py:914} INFO - Processing file /Users/pranithjain/Desktop/DE Project/Apache Airflow Project/venv/lib/python3.10/site-packages/airflow/example_dags/example_params_ui_tutorial.py for tasks to queue
[2025-02-09T18:48:21.109-0700] {logging_mixin.py:190} INFO - [2025-02-09T18:48:21.109-0700] {dagbag.py:588} INFO - Filling up the DagBag from /Users/pranithjain/Desktop/DE Project/Apache Airflow Project/venv/lib/python3.10/site-packages/airflow/example_dags/example_params_ui_tutorial.py
[2025-02-09T18:48:21.125-0700] {processor.py:925} INFO - DAG(s) 'example_params_ui_tutorial' retrieved from /Users/pranithjain/Desktop/DE Project/Apache Airflow Project/venv/lib/python3.10/site-packages/airflow/example_dags/example_params_ui_tutorial.py
[2025-02-09T18:48:21.237-0700] {logging_mixin.py:190} INFO - [2025-02-09T18:48:21.236-0700] {override.py:1930} INFO - Created Permission View: can read on DAG:example_params_ui_tutorial
[2025-02-09T18:48:21.240-0700] {logging_mixin.py:190} INFO - [2025-02-09T18:48:21.240-0700] {override.py:1930} INFO - Created Permission View: can delete on DAG:example_params_ui_tutorial
[2025-02-09T18:48:21.242-0700] {logging_mixin.py:190} INFO - [2025-02-09T18:48:21.242-0700] {override.py:1930} INFO - Created Permission View: can edit on DAG:example_params_ui_tutorial
[2025-02-09T18:48:21.244-0700] {logging_mixin.py:190} INFO - [2025-02-09T18:48:21.244-0700] {override.py:1930} INFO - Created Permission View: menu access on DAG Run:example_params_ui_tutorial
[2025-02-09T18:48:21.246-0700] {logging_mixin.py:190} INFO - [2025-02-09T18:48:21.246-0700] {override.py:1930} INFO - Created Permission View: can read on DAG Run:example_params_ui_tutorial
[2025-02-09T18:48:21.248-0700] {logging_mixin.py:190} INFO - [2025-02-09T18:48:21.248-0700] {override.py:1930} INFO - Created Permission View: can delete on DAG Run:example_params_ui_tutorial
[2025-02-09T18:48:21.250-0700] {logging_mixin.py:190} INFO - [2025-02-09T18:48:21.250-0700] {override.py:1930} INFO - Created Permission View: can create on DAG Run:example_params_ui_tutorial
[2025-02-09T18:48:21.250-0700] {logging_mixin.py:190} INFO - [2025-02-09T18:48:21.250-0700] {dag.py:3239} INFO - Sync 1 DAGs
[2025-02-09T18:48:21.255-0700] {logging_mixin.py:190} INFO - [2025-02-09T18:48:21.255-0700] {dag.py:3262} INFO - Creating ORM DAG for example_params_ui_tutorial
[2025-02-09T18:48:21.255-0700] {logging_mixin.py:190} INFO - [2025-02-09T18:48:21.255-0700] {dag.py:4180} INFO - Setting next_dagrun for example_params_ui_tutorial to None, run_after=None
[2025-02-09T18:48:21.261-0700] {processor.py:208} INFO - Processing /Users/pranithjain/Desktop/DE Project/Apache Airflow Project/venv/lib/python3.10/site-packages/airflow/example_dags/example_params_ui_tutorial.py took 0.155 seconds
[2025-02-09T18:50:03.571-0700] {processor.py:186} INFO - Started process (PID=19192) to work on /Users/pranithjain/Desktop/DE Project/Apache Airflow Project/venv/lib/python3.10/site-packages/airflow/example_dags/example_params_ui_tutorial.py
[2025-02-09T18:50:03.572-0700] {processor.py:914} INFO - Processing file /Users/pranithjain/Desktop/DE Project/Apache Airflow Project/venv/lib/python3.10/site-packages/airflow/example_dags/example_params_ui_tutorial.py for tasks to queue
[2025-02-09T18:50:03.572-0700] {logging_mixin.py:190} INFO - [2025-02-09T18:50:03.572-0700] {dagbag.py:588} INFO - Filling up the DagBag from /Users/pranithjain/Desktop/DE Project/Apache Airflow Project/venv/lib/python3.10/site-packages/airflow/example_dags/example_params_ui_tutorial.py
[2025-02-09T18:50:03.588-0700] {processor.py:925} INFO - DAG(s) 'example_params_ui_tutorial' retrieved from /Users/pranithjain/Desktop/DE Project/Apache Airflow Project/venv/lib/python3.10/site-packages/airflow/example_dags/example_params_ui_tutorial.py
[2025-02-09T18:50:03.666-0700] {logging_mixin.py:190} INFO - [2025-02-09T18:50:03.666-0700] {dag.py:3239} INFO - Sync 1 DAGs
[2025-02-09T18:50:03.671-0700] {logging_mixin.py:190} INFO - [2025-02-09T18:50:03.671-0700] {dag.py:4180} INFO - Setting next_dagrun for example_params_ui_tutorial to None, run_after=None
[2025-02-09T18:50:03.678-0700] {processor.py:208} INFO - Processing /Users/pranithjain/Desktop/DE Project/Apache Airflow Project/venv/lib/python3.10/site-packages/airflow/example_dags/example_params_ui_tutorial.py took 0.108 seconds
[2025-02-09T18:52:25.307-0700] {processor.py:186} INFO - Started process (PID=19645) to work on /Users/pranithjain/Desktop/DE Project/Apache Airflow Project/venv/lib/python3.10/site-packages/airflow/example_dags/example_params_ui_tutorial.py
[2025-02-09T18:52:25.308-0700] {processor.py:914} INFO - Processing file /Users/pranithjain/Desktop/DE Project/Apache Airflow Project/venv/lib/python3.10/site-packages/airflow/example_dags/example_params_ui_tutorial.py for tasks to queue
[2025-02-09T18:52:25.309-0700] {logging_mixin.py:190} INFO - [2025-02-09T18:52:25.309-0700] {dagbag.py:588} INFO - Filling up the DagBag from /Users/pranithjain/Desktop/DE Project/Apache Airflow Project/venv/lib/python3.10/site-packages/airflow/example_dags/example_params_ui_tutorial.py
[2025-02-09T18:52:25.325-0700] {processor.py:925} INFO - DAG(s) 'example_params_ui_tutorial' retrieved from /Users/pranithjain/Desktop/DE Project/Apache Airflow Project/venv/lib/python3.10/site-packages/airflow/example_dags/example_params_ui_tutorial.py
[2025-02-09T18:52:25.400-0700] {logging_mixin.py:190} INFO - [2025-02-09T18:52:25.400-0700] {dag.py:3239} INFO - Sync 1 DAGs
[2025-02-09T18:52:25.405-0700] {logging_mixin.py:190} INFO - [2025-02-09T18:52:25.405-0700] {dag.py:4180} INFO - Setting next_dagrun for example_params_ui_tutorial to None, run_after=None
[2025-02-09T18:52:25.412-0700] {processor.py:208} INFO - Processing /Users/pranithjain/Desktop/DE Project/Apache Airflow Project/venv/lib/python3.10/site-packages/airflow/example_dags/example_params_ui_tutorial.py took 0.107 seconds
[2025-02-09T18:53:29.940-0700] {processor.py:186} INFO - Started process (PID=19846) to work on /Users/pranithjain/Desktop/DE Project/Apache Airflow Project/venv/lib/python3.10/site-packages/airflow/example_dags/example_params_ui_tutorial.py
[2025-02-09T18:53:29.941-0700] {processor.py:914} INFO - Processing file /Users/pranithjain/Desktop/DE Project/Apache Airflow Project/venv/lib/python3.10/site-packages/airflow/example_dags/example_params_ui_tutorial.py for tasks to queue
[2025-02-09T18:53:29.942-0700] {logging_mixin.py:190} INFO - [2025-02-09T18:53:29.942-0700] {dagbag.py:588} INFO - Filling up the DagBag from /Users/pranithjain/Desktop/DE Project/Apache Airflow Project/venv/lib/python3.10/site-packages/airflow/example_dags/example_params_ui_tutorial.py
[2025-02-09T18:53:29.958-0700] {processor.py:925} INFO - DAG(s) 'example_params_ui_tutorial' retrieved from /Users/pranithjain/Desktop/DE Project/Apache Airflow Project/venv/lib/python3.10/site-packages/airflow/example_dags/example_params_ui_tutorial.py
[2025-02-09T18:53:30.035-0700] {logging_mixin.py:190} INFO - [2025-02-09T18:53:30.035-0700] {dag.py:3239} INFO - Sync 1 DAGs
[2025-02-09T18:53:30.040-0700] {logging_mixin.py:190} INFO - [2025-02-09T18:53:30.040-0700] {dag.py:4180} INFO - Setting next_dagrun for example_params_ui_tutorial to None, run_after=None
[2025-02-09T18:53:30.048-0700] {processor.py:208} INFO - Processing /Users/pranithjain/Desktop/DE Project/Apache Airflow Project/venv/lib/python3.10/site-packages/airflow/example_dags/example_params_ui_tutorial.py took 0.109 seconds
[2025-02-09T18:55:11.442-0700] {processor.py:186} INFO - Started process (PID=20159) to work on /Users/pranithjain/Desktop/DE Project/Apache Airflow Project/venv/lib/python3.10/site-packages/airflow/example_dags/example_params_ui_tutorial.py
[2025-02-09T18:55:11.442-0700] {processor.py:914} INFO - Processing file /Users/pranithjain/Desktop/DE Project/Apache Airflow Project/venv/lib/python3.10/site-packages/airflow/example_dags/example_params_ui_tutorial.py for tasks to queue
[2025-02-09T18:55:11.443-0700] {logging_mixin.py:190} INFO - [2025-02-09T18:55:11.443-0700] {dagbag.py:588} INFO - Filling up the DagBag from /Users/pranithjain/Desktop/DE Project/Apache Airflow Project/venv/lib/python3.10/site-packages/airflow/example_dags/example_params_ui_tutorial.py
[2025-02-09T18:55:11.459-0700] {processor.py:925} INFO - DAG(s) 'example_params_ui_tutorial' retrieved from /Users/pranithjain/Desktop/DE Project/Apache Airflow Project/venv/lib/python3.10/site-packages/airflow/example_dags/example_params_ui_tutorial.py
[2025-02-09T18:55:11.535-0700] {logging_mixin.py:190} INFO - [2025-02-09T18:55:11.535-0700] {dag.py:3239} INFO - Sync 1 DAGs
[2025-02-09T18:55:11.540-0700] {logging_mixin.py:190} INFO - [2025-02-09T18:55:11.540-0700] {dag.py:4180} INFO - Setting next_dagrun for example_params_ui_tutorial to None, run_after=None
[2025-02-09T18:55:11.547-0700] {processor.py:208} INFO - Processing /Users/pranithjain/Desktop/DE Project/Apache Airflow Project/venv/lib/python3.10/site-packages/airflow/example_dags/example_params_ui_tutorial.py took 0.106 seconds
[2025-02-09T18:57:37.820-0700] {processor.py:186} INFO - Started process (PID=20615) to work on /Users/pranithjain/Desktop/DE Project/Apache Airflow Project/venv/lib/python3.10/site-packages/airflow/example_dags/example_params_ui_tutorial.py
[2025-02-09T18:57:37.821-0700] {processor.py:914} INFO - Processing file /Users/pranithjain/Desktop/DE Project/Apache Airflow Project/venv/lib/python3.10/site-packages/airflow/example_dags/example_params_ui_tutorial.py for tasks to queue
[2025-02-09T18:57:37.821-0700] {logging_mixin.py:190} INFO - [2025-02-09T18:57:37.821-0700] {dagbag.py:588} INFO - Filling up the DagBag from /Users/pranithjain/Desktop/DE Project/Apache Airflow Project/venv/lib/python3.10/site-packages/airflow/example_dags/example_params_ui_tutorial.py
[2025-02-09T18:57:37.837-0700] {processor.py:925} INFO - DAG(s) 'example_params_ui_tutorial' retrieved from /Users/pranithjain/Desktop/DE Project/Apache Airflow Project/venv/lib/python3.10/site-packages/airflow/example_dags/example_params_ui_tutorial.py
[2025-02-09T18:57:37.915-0700] {logging_mixin.py:190} INFO - [2025-02-09T18:57:37.915-0700] {dag.py:3239} INFO - Sync 1 DAGs
[2025-02-09T18:57:37.919-0700] {logging_mixin.py:190} INFO - [2025-02-09T18:57:37.919-0700] {dag.py:4180} INFO - Setting next_dagrun for example_params_ui_tutorial to None, run_after=None
[2025-02-09T18:57:37.926-0700] {processor.py:208} INFO - Processing /Users/pranithjain/Desktop/DE Project/Apache Airflow Project/venv/lib/python3.10/site-packages/airflow/example_dags/example_params_ui_tutorial.py took 0.108 seconds
[2025-02-09T19:07:05.153-0700] {processor.py:186} INFO - Started process (PID=22024) to work on /Users/pranithjain/Desktop/DE Project/Apache Airflow Project/venv/lib/python3.10/site-packages/airflow/example_dags/example_params_ui_tutorial.py
[2025-02-09T19:07:05.154-0700] {processor.py:914} INFO - Processing file /Users/pranithjain/Desktop/DE Project/Apache Airflow Project/venv/lib/python3.10/site-packages/airflow/example_dags/example_params_ui_tutorial.py for tasks to queue
[2025-02-09T19:07:05.154-0700] {logging_mixin.py:190} INFO - [2025-02-09T19:07:05.154-0700] {dagbag.py:588} INFO - Filling up the DagBag from /Users/pranithjain/Desktop/DE Project/Apache Airflow Project/venv/lib/python3.10/site-packages/airflow/example_dags/example_params_ui_tutorial.py
[2025-02-09T19:07:05.170-0700] {processor.py:925} INFO - DAG(s) 'example_params_ui_tutorial' retrieved from /Users/pranithjain/Desktop/DE Project/Apache Airflow Project/venv/lib/python3.10/site-packages/airflow/example_dags/example_params_ui_tutorial.py
[2025-02-09T19:07:05.251-0700] {logging_mixin.py:190} INFO - [2025-02-09T19:07:05.250-0700] {dag.py:3239} INFO - Sync 1 DAGs
[2025-02-09T19:07:05.256-0700] {logging_mixin.py:190} INFO - [2025-02-09T19:07:05.255-0700] {dag.py:4180} INFO - Setting next_dagrun for example_params_ui_tutorial to None, run_after=None
[2025-02-09T19:07:05.263-0700] {processor.py:208} INFO - Processing /Users/pranithjain/Desktop/DE Project/Apache Airflow Project/venv/lib/python3.10/site-packages/airflow/example_dags/example_params_ui_tutorial.py took 0.111 seconds
[2025-02-09T19:08:42.840-0700] {processor.py:186} INFO - Started process (PID=22322) to work on /Users/pranithjain/Desktop/DE Project/Apache Airflow Project/venv/lib/python3.10/site-packages/airflow/example_dags/example_params_ui_tutorial.py
[2025-02-09T19:08:42.841-0700] {processor.py:914} INFO - Processing file /Users/pranithjain/Desktop/DE Project/Apache Airflow Project/venv/lib/python3.10/site-packages/airflow/example_dags/example_params_ui_tutorial.py for tasks to queue
[2025-02-09T19:08:42.841-0700] {logging_mixin.py:190} INFO - [2025-02-09T19:08:42.841-0700] {dagbag.py:588} INFO - Filling up the DagBag from /Users/pranithjain/Desktop/DE Project/Apache Airflow Project/venv/lib/python3.10/site-packages/airflow/example_dags/example_params_ui_tutorial.py
[2025-02-09T19:08:42.857-0700] {processor.py:925} INFO - DAG(s) 'example_params_ui_tutorial' retrieved from /Users/pranithjain/Desktop/DE Project/Apache Airflow Project/venv/lib/python3.10/site-packages/airflow/example_dags/example_params_ui_tutorial.py
[2025-02-09T19:08:42.937-0700] {logging_mixin.py:190} INFO - [2025-02-09T19:08:42.937-0700] {dag.py:3239} INFO - Sync 1 DAGs
[2025-02-09T19:08:42.942-0700] {logging_mixin.py:190} INFO - [2025-02-09T19:08:42.942-0700] {dag.py:4180} INFO - Setting next_dagrun for example_params_ui_tutorial to None, run_after=None
[2025-02-09T19:08:42.949-0700] {processor.py:208} INFO - Processing /Users/pranithjain/Desktop/DE Project/Apache Airflow Project/venv/lib/python3.10/site-packages/airflow/example_dags/example_params_ui_tutorial.py took 0.110 seconds
[2025-02-09T19:13:35.748-0700] {processor.py:186} INFO - Started process (PID=23178) to work on /Users/pranithjain/Desktop/DE Project/Apache Airflow Project/venv/lib/python3.10/site-packages/airflow/example_dags/example_params_ui_tutorial.py
[2025-02-09T19:13:35.748-0700] {processor.py:914} INFO - Processing file /Users/pranithjain/Desktop/DE Project/Apache Airflow Project/venv/lib/python3.10/site-packages/airflow/example_dags/example_params_ui_tutorial.py for tasks to queue
[2025-02-09T19:13:35.749-0700] {logging_mixin.py:190} INFO - [2025-02-09T19:13:35.749-0700] {dagbag.py:588} INFO - Filling up the DagBag from /Users/pranithjain/Desktop/DE Project/Apache Airflow Project/venv/lib/python3.10/site-packages/airflow/example_dags/example_params_ui_tutorial.py
[2025-02-09T19:13:35.765-0700] {processor.py:925} INFO - DAG(s) 'example_params_ui_tutorial' retrieved from /Users/pranithjain/Desktop/DE Project/Apache Airflow Project/venv/lib/python3.10/site-packages/airflow/example_dags/example_params_ui_tutorial.py
[2025-02-09T19:13:35.876-0700] {logging_mixin.py:190} INFO - [2025-02-09T19:13:35.875-0700] {dag.py:3239} INFO - Sync 1 DAGs
[2025-02-09T19:13:35.880-0700] {logging_mixin.py:190} INFO - [2025-02-09T19:13:35.880-0700] {dag.py:4180} INFO - Setting next_dagrun for example_params_ui_tutorial to None, run_after=None
[2025-02-09T19:13:35.887-0700] {processor.py:208} INFO - Processing /Users/pranithjain/Desktop/DE Project/Apache Airflow Project/venv/lib/python3.10/site-packages/airflow/example_dags/example_params_ui_tutorial.py took 0.141 seconds
[2025-02-09T19:15:17.302-0700] {processor.py:186} INFO - Started process (PID=23489) to work on /Users/pranithjain/Desktop/DE Project/Apache Airflow Project/venv/lib/python3.10/site-packages/airflow/example_dags/example_params_ui_tutorial.py
[2025-02-09T19:15:17.303-0700] {processor.py:914} INFO - Processing file /Users/pranithjain/Desktop/DE Project/Apache Airflow Project/venv/lib/python3.10/site-packages/airflow/example_dags/example_params_ui_tutorial.py for tasks to queue
[2025-02-09T19:15:17.303-0700] {logging_mixin.py:190} INFO - [2025-02-09T19:15:17.303-0700] {dagbag.py:588} INFO - Filling up the DagBag from /Users/pranithjain/Desktop/DE Project/Apache Airflow Project/venv/lib/python3.10/site-packages/airflow/example_dags/example_params_ui_tutorial.py
[2025-02-09T19:15:17.319-0700] {processor.py:925} INFO - DAG(s) 'example_params_ui_tutorial' retrieved from /Users/pranithjain/Desktop/DE Project/Apache Airflow Project/venv/lib/python3.10/site-packages/airflow/example_dags/example_params_ui_tutorial.py
[2025-02-09T19:15:17.396-0700] {logging_mixin.py:190} INFO - [2025-02-09T19:15:17.396-0700] {dag.py:3239} INFO - Sync 1 DAGs
[2025-02-09T19:15:17.401-0700] {logging_mixin.py:190} INFO - [2025-02-09T19:15:17.401-0700] {dag.py:4180} INFO - Setting next_dagrun for example_params_ui_tutorial to None, run_after=None
[2025-02-09T19:15:17.408-0700] {processor.py:208} INFO - Processing /Users/pranithjain/Desktop/DE Project/Apache Airflow Project/venv/lib/python3.10/site-packages/airflow/example_dags/example_params_ui_tutorial.py took 0.107 seconds
[2025-02-09T19:17:37.863-0700] {processor.py:186} INFO - Started process (PID=23920) to work on /Users/pranithjain/Desktop/DE Project/Apache Airflow Project/venv/lib/python3.10/site-packages/airflow/example_dags/example_params_ui_tutorial.py
[2025-02-09T19:17:37.865-0700] {processor.py:914} INFO - Processing file /Users/pranithjain/Desktop/DE Project/Apache Airflow Project/venv/lib/python3.10/site-packages/airflow/example_dags/example_params_ui_tutorial.py for tasks to queue
[2025-02-09T19:17:37.865-0700] {logging_mixin.py:190} INFO - [2025-02-09T19:17:37.865-0700] {dagbag.py:588} INFO - Filling up the DagBag from /Users/pranithjain/Desktop/DE Project/Apache Airflow Project/venv/lib/python3.10/site-packages/airflow/example_dags/example_params_ui_tutorial.py
[2025-02-09T19:17:37.882-0700] {processor.py:925} INFO - DAG(s) 'example_params_ui_tutorial' retrieved from /Users/pranithjain/Desktop/DE Project/Apache Airflow Project/venv/lib/python3.10/site-packages/airflow/example_dags/example_params_ui_tutorial.py
[2025-02-09T19:17:37.958-0700] {logging_mixin.py:190} INFO - [2025-02-09T19:17:37.958-0700] {dag.py:3239} INFO - Sync 1 DAGs
[2025-02-09T19:17:37.963-0700] {logging_mixin.py:190} INFO - [2025-02-09T19:17:37.963-0700] {dag.py:4180} INFO - Setting next_dagrun for example_params_ui_tutorial to None, run_after=None
[2025-02-09T19:17:37.970-0700] {processor.py:208} INFO - Processing /Users/pranithjain/Desktop/DE Project/Apache Airflow Project/venv/lib/python3.10/site-packages/airflow/example_dags/example_params_ui_tutorial.py took 0.108 seconds
[2025-02-09T19:20:04.360-0700] {processor.py:186} INFO - Started process (PID=24370) to work on /Users/pranithjain/Desktop/DE Project/Apache Airflow Project/venv/lib/python3.10/site-packages/airflow/example_dags/example_params_ui_tutorial.py
[2025-02-09T19:20:04.361-0700] {processor.py:914} INFO - Processing file /Users/pranithjain/Desktop/DE Project/Apache Airflow Project/venv/lib/python3.10/site-packages/airflow/example_dags/example_params_ui_tutorial.py for tasks to queue
[2025-02-09T19:20:04.361-0700] {logging_mixin.py:190} INFO - [2025-02-09T19:20:04.361-0700] {dagbag.py:588} INFO - Filling up the DagBag from /Users/pranithjain/Desktop/DE Project/Apache Airflow Project/venv/lib/python3.10/site-packages/airflow/example_dags/example_params_ui_tutorial.py
[2025-02-09T19:20:04.378-0700] {processor.py:925} INFO - DAG(s) 'example_params_ui_tutorial' retrieved from /Users/pranithjain/Desktop/DE Project/Apache Airflow Project/venv/lib/python3.10/site-packages/airflow/example_dags/example_params_ui_tutorial.py
[2025-02-09T19:20:04.458-0700] {logging_mixin.py:190} INFO - [2025-02-09T19:20:04.458-0700] {dag.py:3239} INFO - Sync 1 DAGs
[2025-02-09T19:20:04.463-0700] {logging_mixin.py:190} INFO - [2025-02-09T19:20:04.463-0700] {dag.py:4180} INFO - Setting next_dagrun for example_params_ui_tutorial to None, run_after=None
[2025-02-09T19:20:04.471-0700] {processor.py:208} INFO - Processing /Users/pranithjain/Desktop/DE Project/Apache Airflow Project/venv/lib/python3.10/site-packages/airflow/example_dags/example_params_ui_tutorial.py took 0.112 seconds
[2025-02-09T19:22:31.393-0700] {processor.py:186} INFO - Started process (PID=24908) to work on /Users/pranithjain/Desktop/DE Project/Apache Airflow Project/venv/lib/python3.10/site-packages/airflow/example_dags/example_params_ui_tutorial.py
[2025-02-09T19:22:31.394-0700] {processor.py:914} INFO - Processing file /Users/pranithjain/Desktop/DE Project/Apache Airflow Project/venv/lib/python3.10/site-packages/airflow/example_dags/example_params_ui_tutorial.py for tasks to queue
[2025-02-09T19:22:31.394-0700] {logging_mixin.py:190} INFO - [2025-02-09T19:22:31.394-0700] {dagbag.py:588} INFO - Filling up the DagBag from /Users/pranithjain/Desktop/DE Project/Apache Airflow Project/venv/lib/python3.10/site-packages/airflow/example_dags/example_params_ui_tutorial.py
[2025-02-09T19:22:31.411-0700] {processor.py:925} INFO - DAG(s) 'example_params_ui_tutorial' retrieved from /Users/pranithjain/Desktop/DE Project/Apache Airflow Project/venv/lib/python3.10/site-packages/airflow/example_dags/example_params_ui_tutorial.py
[2025-02-09T19:22:31.495-0700] {logging_mixin.py:190} INFO - [2025-02-09T19:22:31.494-0700] {dag.py:3239} INFO - Sync 1 DAGs
[2025-02-09T19:22:31.500-0700] {logging_mixin.py:190} INFO - [2025-02-09T19:22:31.499-0700] {dag.py:4180} INFO - Setting next_dagrun for example_params_ui_tutorial to None, run_after=None
[2025-02-09T19:22:31.508-0700] {processor.py:208} INFO - Processing /Users/pranithjain/Desktop/DE Project/Apache Airflow Project/venv/lib/python3.10/site-packages/airflow/example_dags/example_params_ui_tutorial.py took 0.116 seconds
[2025-02-09T19:24:47.968-0700] {processor.py:186} INFO - Started process (PID=25331) to work on /Users/pranithjain/Desktop/DE Project/Apache Airflow Project/venv/lib/python3.10/site-packages/airflow/example_dags/example_params_ui_tutorial.py
[2025-02-09T19:24:47.969-0700] {processor.py:914} INFO - Processing file /Users/pranithjain/Desktop/DE Project/Apache Airflow Project/venv/lib/python3.10/site-packages/airflow/example_dags/example_params_ui_tutorial.py for tasks to queue
[2025-02-09T19:24:47.969-0700] {logging_mixin.py:190} INFO - [2025-02-09T19:24:47.969-0700] {dagbag.py:588} INFO - Filling up the DagBag from /Users/pranithjain/Desktop/DE Project/Apache Airflow Project/venv/lib/python3.10/site-packages/airflow/example_dags/example_params_ui_tutorial.py
[2025-02-09T19:24:47.986-0700] {processor.py:925} INFO - DAG(s) 'example_params_ui_tutorial' retrieved from /Users/pranithjain/Desktop/DE Project/Apache Airflow Project/venv/lib/python3.10/site-packages/airflow/example_dags/example_params_ui_tutorial.py
[2025-02-09T19:24:48.061-0700] {logging_mixin.py:190} INFO - [2025-02-09T19:24:48.061-0700] {dag.py:3239} INFO - Sync 1 DAGs
[2025-02-09T19:24:48.066-0700] {logging_mixin.py:190} INFO - [2025-02-09T19:24:48.066-0700] {dag.py:4180} INFO - Setting next_dagrun for example_params_ui_tutorial to None, run_after=None
[2025-02-09T19:24:48.073-0700] {processor.py:208} INFO - Processing /Users/pranithjain/Desktop/DE Project/Apache Airflow Project/venv/lib/python3.10/site-packages/airflow/example_dags/example_params_ui_tutorial.py took 0.106 seconds
[2025-02-09T19:27:08.399-0700] {processor.py:186} INFO - Started process (PID=25890) to work on /Users/pranithjain/Desktop/DE Project/Apache Airflow Project/venv/lib/python3.10/site-packages/airflow/example_dags/example_params_ui_tutorial.py
[2025-02-09T19:27:08.400-0700] {processor.py:914} INFO - Processing file /Users/pranithjain/Desktop/DE Project/Apache Airflow Project/venv/lib/python3.10/site-packages/airflow/example_dags/example_params_ui_tutorial.py for tasks to queue
[2025-02-09T19:27:08.401-0700] {logging_mixin.py:190} INFO - [2025-02-09T19:27:08.401-0700] {dagbag.py:588} INFO - Filling up the DagBag from /Users/pranithjain/Desktop/DE Project/Apache Airflow Project/venv/lib/python3.10/site-packages/airflow/example_dags/example_params_ui_tutorial.py
[2025-02-09T19:27:08.418-0700] {processor.py:925} INFO - DAG(s) 'example_params_ui_tutorial' retrieved from /Users/pranithjain/Desktop/DE Project/Apache Airflow Project/venv/lib/python3.10/site-packages/airflow/example_dags/example_params_ui_tutorial.py
[2025-02-09T19:27:08.495-0700] {logging_mixin.py:190} INFO - [2025-02-09T19:27:08.495-0700] {dag.py:3239} INFO - Sync 1 DAGs
[2025-02-09T19:27:08.500-0700] {logging_mixin.py:190} INFO - [2025-02-09T19:27:08.500-0700] {dag.py:4180} INFO - Setting next_dagrun for example_params_ui_tutorial to None, run_after=None
[2025-02-09T19:27:08.507-0700] {processor.py:208} INFO - Processing /Users/pranithjain/Desktop/DE Project/Apache Airflow Project/venv/lib/python3.10/site-packages/airflow/example_dags/example_params_ui_tutorial.py took 0.110 seconds
[2025-02-09T19:29:00.649-0700] {processor.py:186} INFO - Started process (PID=26254) to work on /Users/pranithjain/Desktop/DE Project/Apache Airflow Project/venv/lib/python3.10/site-packages/airflow/example_dags/example_params_ui_tutorial.py
[2025-02-09T19:29:00.650-0700] {processor.py:914} INFO - Processing file /Users/pranithjain/Desktop/DE Project/Apache Airflow Project/venv/lib/python3.10/site-packages/airflow/example_dags/example_params_ui_tutorial.py for tasks to queue
[2025-02-09T19:29:00.651-0700] {logging_mixin.py:190} INFO - [2025-02-09T19:29:00.651-0700] {dagbag.py:588} INFO - Filling up the DagBag from /Users/pranithjain/Desktop/DE Project/Apache Airflow Project/venv/lib/python3.10/site-packages/airflow/example_dags/example_params_ui_tutorial.py
[2025-02-09T19:29:00.667-0700] {processor.py:925} INFO - DAG(s) 'example_params_ui_tutorial' retrieved from /Users/pranithjain/Desktop/DE Project/Apache Airflow Project/venv/lib/python3.10/site-packages/airflow/example_dags/example_params_ui_tutorial.py
[2025-02-09T19:29:00.744-0700] {logging_mixin.py:190} INFO - [2025-02-09T19:29:00.744-0700] {dag.py:3239} INFO - Sync 1 DAGs
[2025-02-09T19:29:00.749-0700] {logging_mixin.py:190} INFO - [2025-02-09T19:29:00.749-0700] {dag.py:4180} INFO - Setting next_dagrun for example_params_ui_tutorial to None, run_after=None
[2025-02-09T19:29:00.755-0700] {processor.py:208} INFO - Processing /Users/pranithjain/Desktop/DE Project/Apache Airflow Project/venv/lib/python3.10/site-packages/airflow/example_dags/example_params_ui_tutorial.py took 0.108 seconds
