[2025-02-09T18:47:55.032-0700] {processor.py:186} INFO - Started process (PID=18797) to work on /Users/pranithjain/Desktop/DE Project/Apache Airflow Project/venv/lib/python3.10/site-packages/airflow/example_dags/example_task_group_decorator.py
[2025-02-09T18:47:55.032-0700] {processor.py:914} INFO - Processing file /Users/pranithjain/Desktop/DE Project/Apache Airflow Project/venv/lib/python3.10/site-packages/airflow/example_dags/example_task_group_decorator.py for tasks to queue
[2025-02-09T18:47:55.033-0700] {logging_mixin.py:190} INFO - [2025-02-09T18:47:55.033-0700] {dagbag.py:588} INFO - Filling up the DagBag from /Users/pranithjain/Desktop/DE Project/Apache Airflow Project/venv/lib/python3.10/site-packages/airflow/example_dags/example_task_group_decorator.py
[2025-02-09T18:47:55.051-0700] {processor.py:925} INFO - DAG(s) 'example_task_group_decorator' retrieved from /Users/pranithjain/Desktop/DE Project/Apache Airflow Project/venv/lib/python3.10/site-packages/airflow/example_dags/example_task_group_decorator.py
[2025-02-09T18:47:55.153-0700] {logging_mixin.py:190} INFO - [2025-02-09T18:47:55.152-0700] {override.py:1930} INFO - Created Permission View: can edit on DAG:example_task_group_decorator
[2025-02-09T18:47:55.156-0700] {logging_mixin.py:190} INFO - [2025-02-09T18:47:55.156-0700] {override.py:1930} INFO - Created Permission View: can delete on DAG:example_task_group_decorator
[2025-02-09T18:47:55.158-0700] {logging_mixin.py:190} INFO - [2025-02-09T18:47:55.158-0700] {override.py:1930} INFO - Created Permission View: can read on DAG:example_task_group_decorator
[2025-02-09T18:47:55.160-0700] {logging_mixin.py:190} INFO - [2025-02-09T18:47:55.160-0700] {override.py:1930} INFO - Created Permission View: menu access on DAG Run:example_task_group_decorator
[2025-02-09T18:47:55.162-0700] {logging_mixin.py:190} INFO - [2025-02-09T18:47:55.162-0700] {override.py:1930} INFO - Created Permission View: can delete on DAG Run:example_task_group_decorator
[2025-02-09T18:47:55.164-0700] {logging_mixin.py:190} INFO - [2025-02-09T18:47:55.164-0700] {override.py:1930} INFO - Created Permission View: can read on DAG Run:example_task_group_decorator
[2025-02-09T18:47:55.166-0700] {logging_mixin.py:190} INFO - [2025-02-09T18:47:55.166-0700] {override.py:1930} INFO - Created Permission View: can create on DAG Run:example_task_group_decorator
[2025-02-09T18:47:55.166-0700] {logging_mixin.py:190} INFO - [2025-02-09T18:47:55.166-0700] {dag.py:3239} INFO - Sync 1 DAGs
[2025-02-09T18:47:55.171-0700] {logging_mixin.py:190} INFO - [2025-02-09T18:47:55.170-0700] {dag.py:3262} INFO - Creating ORM DAG for example_task_group_decorator
[2025-02-09T18:47:55.171-0700] {logging_mixin.py:190} INFO - [2025-02-09T18:47:55.171-0700] {dag.py:4180} INFO - Setting next_dagrun for example_task_group_decorator to None, run_after=None
[2025-02-09T18:47:55.177-0700] {processor.py:208} INFO - Processing /Users/pranithjain/Desktop/DE Project/Apache Airflow Project/venv/lib/python3.10/site-packages/airflow/example_dags/example_task_group_decorator.py took 0.147 seconds
[2025-02-09T18:49:39.631-0700] {processor.py:186} INFO - Started process (PID=19121) to work on /Users/pranithjain/Desktop/DE Project/Apache Airflow Project/venv/lib/python3.10/site-packages/airflow/example_dags/example_task_group_decorator.py
[2025-02-09T18:49:39.632-0700] {processor.py:914} INFO - Processing file /Users/pranithjain/Desktop/DE Project/Apache Airflow Project/venv/lib/python3.10/site-packages/airflow/example_dags/example_task_group_decorator.py for tasks to queue
[2025-02-09T18:49:39.632-0700] {logging_mixin.py:190} INFO - [2025-02-09T18:49:39.632-0700] {dagbag.py:588} INFO - Filling up the DagBag from /Users/pranithjain/Desktop/DE Project/Apache Airflow Project/venv/lib/python3.10/site-packages/airflow/example_dags/example_task_group_decorator.py
[2025-02-09T18:49:39.651-0700] {processor.py:925} INFO - DAG(s) 'example_task_group_decorator' retrieved from /Users/pranithjain/Desktop/DE Project/Apache Airflow Project/venv/lib/python3.10/site-packages/airflow/example_dags/example_task_group_decorator.py
[2025-02-09T18:49:39.718-0700] {logging_mixin.py:190} INFO - [2025-02-09T18:49:39.718-0700] {dag.py:3239} INFO - Sync 1 DAGs
[2025-02-09T18:49:39.723-0700] {logging_mixin.py:190} INFO - [2025-02-09T18:49:39.723-0700] {dag.py:4180} INFO - Setting next_dagrun for example_task_group_decorator to None, run_after=None
[2025-02-09T18:49:39.730-0700] {processor.py:208} INFO - Processing /Users/pranithjain/Desktop/DE Project/Apache Airflow Project/venv/lib/python3.10/site-packages/airflow/example_dags/example_task_group_decorator.py took 0.100 seconds
[2025-02-09T18:50:53.525-0700] {processor.py:186} INFO - Started process (PID=19351) to work on /Users/pranithjain/Desktop/DE Project/Apache Airflow Project/venv/lib/python3.10/site-packages/airflow/example_dags/example_task_group_decorator.py
[2025-02-09T18:50:53.527-0700] {processor.py:914} INFO - Processing file /Users/pranithjain/Desktop/DE Project/Apache Airflow Project/venv/lib/python3.10/site-packages/airflow/example_dags/example_task_group_decorator.py for tasks to queue
[2025-02-09T18:50:53.527-0700] {logging_mixin.py:190} INFO - [2025-02-09T18:50:53.527-0700] {dagbag.py:588} INFO - Filling up the DagBag from /Users/pranithjain/Desktop/DE Project/Apache Airflow Project/venv/lib/python3.10/site-packages/airflow/example_dags/example_task_group_decorator.py
[2025-02-09T18:50:53.546-0700] {processor.py:925} INFO - DAG(s) 'example_task_group_decorator' retrieved from /Users/pranithjain/Desktop/DE Project/Apache Airflow Project/venv/lib/python3.10/site-packages/airflow/example_dags/example_task_group_decorator.py
[2025-02-09T18:50:53.614-0700] {logging_mixin.py:190} INFO - [2025-02-09T18:50:53.614-0700] {dag.py:3239} INFO - Sync 1 DAGs
[2025-02-09T18:50:53.618-0700] {logging_mixin.py:190} INFO - [2025-02-09T18:50:53.618-0700] {dag.py:4180} INFO - Setting next_dagrun for example_task_group_decorator to None, run_after=None
[2025-02-09T18:50:53.625-0700] {processor.py:208} INFO - Processing /Users/pranithjain/Desktop/DE Project/Apache Airflow Project/venv/lib/python3.10/site-packages/airflow/example_dags/example_task_group_decorator.py took 0.101 seconds
[2025-02-09T18:52:04.071-0700] {processor.py:186} INFO - Started process (PID=19572) to work on /Users/pranithjain/Desktop/DE Project/Apache Airflow Project/venv/lib/python3.10/site-packages/airflow/example_dags/example_task_group_decorator.py
[2025-02-09T18:52:04.071-0700] {processor.py:914} INFO - Processing file /Users/pranithjain/Desktop/DE Project/Apache Airflow Project/venv/lib/python3.10/site-packages/airflow/example_dags/example_task_group_decorator.py for tasks to queue
[2025-02-09T18:52:04.072-0700] {logging_mixin.py:190} INFO - [2025-02-09T18:52:04.072-0700] {dagbag.py:588} INFO - Filling up the DagBag from /Users/pranithjain/Desktop/DE Project/Apache Airflow Project/venv/lib/python3.10/site-packages/airflow/example_dags/example_task_group_decorator.py
[2025-02-09T18:52:04.090-0700] {processor.py:925} INFO - DAG(s) 'example_task_group_decorator' retrieved from /Users/pranithjain/Desktop/DE Project/Apache Airflow Project/venv/lib/python3.10/site-packages/airflow/example_dags/example_task_group_decorator.py
[2025-02-09T18:52:04.157-0700] {logging_mixin.py:190} INFO - [2025-02-09T18:52:04.157-0700] {dag.py:3239} INFO - Sync 1 DAGs
[2025-02-09T18:52:04.162-0700] {logging_mixin.py:190} INFO - [2025-02-09T18:52:04.162-0700] {dag.py:4180} INFO - Setting next_dagrun for example_task_group_decorator to None, run_after=None
[2025-02-09T18:52:04.169-0700] {processor.py:208} INFO - Processing /Users/pranithjain/Desktop/DE Project/Apache Airflow Project/venv/lib/python3.10/site-packages/airflow/example_dags/example_task_group_decorator.py took 0.099 seconds
[2025-02-09T18:53:04.472-0700] {processor.py:186} INFO - Started process (PID=19768) to work on /Users/pranithjain/Desktop/DE Project/Apache Airflow Project/venv/lib/python3.10/site-packages/airflow/example_dags/example_task_group_decorator.py
[2025-02-09T18:53:04.474-0700] {processor.py:914} INFO - Processing file /Users/pranithjain/Desktop/DE Project/Apache Airflow Project/venv/lib/python3.10/site-packages/airflow/example_dags/example_task_group_decorator.py for tasks to queue
[2025-02-09T18:53:04.474-0700] {logging_mixin.py:190} INFO - [2025-02-09T18:53:04.474-0700] {dagbag.py:588} INFO - Filling up the DagBag from /Users/pranithjain/Desktop/DE Project/Apache Airflow Project/venv/lib/python3.10/site-packages/airflow/example_dags/example_task_group_decorator.py
[2025-02-09T18:53:04.493-0700] {processor.py:925} INFO - DAG(s) 'example_task_group_decorator' retrieved from /Users/pranithjain/Desktop/DE Project/Apache Airflow Project/venv/lib/python3.10/site-packages/airflow/example_dags/example_task_group_decorator.py
[2025-02-09T18:53:04.562-0700] {logging_mixin.py:190} INFO - [2025-02-09T18:53:04.562-0700] {dag.py:3239} INFO - Sync 1 DAGs
[2025-02-09T18:53:04.567-0700] {logging_mixin.py:190} INFO - [2025-02-09T18:53:04.567-0700] {dag.py:4180} INFO - Setting next_dagrun for example_task_group_decorator to None, run_after=None
[2025-02-09T18:53:04.574-0700] {processor.py:208} INFO - Processing /Users/pranithjain/Desktop/DE Project/Apache Airflow Project/venv/lib/python3.10/site-packages/airflow/example_dags/example_task_group_decorator.py took 0.104 seconds
[2025-02-09T18:54:46.316-0700] {processor.py:186} INFO - Started process (PID=20081) to work on /Users/pranithjain/Desktop/DE Project/Apache Airflow Project/venv/lib/python3.10/site-packages/airflow/example_dags/example_task_group_decorator.py
[2025-02-09T18:54:46.316-0700] {processor.py:914} INFO - Processing file /Users/pranithjain/Desktop/DE Project/Apache Airflow Project/venv/lib/python3.10/site-packages/airflow/example_dags/example_task_group_decorator.py for tasks to queue
[2025-02-09T18:54:46.317-0700] {logging_mixin.py:190} INFO - [2025-02-09T18:54:46.317-0700] {dagbag.py:588} INFO - Filling up the DagBag from /Users/pranithjain/Desktop/DE Project/Apache Airflow Project/venv/lib/python3.10/site-packages/airflow/example_dags/example_task_group_decorator.py
[2025-02-09T18:54:46.335-0700] {processor.py:925} INFO - DAG(s) 'example_task_group_decorator' retrieved from /Users/pranithjain/Desktop/DE Project/Apache Airflow Project/venv/lib/python3.10/site-packages/airflow/example_dags/example_task_group_decorator.py
[2025-02-09T18:54:46.402-0700] {logging_mixin.py:190} INFO - [2025-02-09T18:54:46.402-0700] {dag.py:3239} INFO - Sync 1 DAGs
[2025-02-09T18:54:46.407-0700] {logging_mixin.py:190} INFO - [2025-02-09T18:54:46.407-0700] {dag.py:4180} INFO - Setting next_dagrun for example_task_group_decorator to None, run_after=None
[2025-02-09T18:54:46.414-0700] {processor.py:208} INFO - Processing /Users/pranithjain/Desktop/DE Project/Apache Airflow Project/venv/lib/python3.10/site-packages/airflow/example_dags/example_task_group_decorator.py took 0.100 seconds
[2025-02-09T18:55:59.180-0700] {processor.py:186} INFO - Started process (PID=20300) to work on /Users/pranithjain/Desktop/DE Project/Apache Airflow Project/venv/lib/python3.10/site-packages/airflow/example_dags/example_task_group_decorator.py
[2025-02-09T18:55:59.180-0700] {processor.py:914} INFO - Processing file /Users/pranithjain/Desktop/DE Project/Apache Airflow Project/venv/lib/python3.10/site-packages/airflow/example_dags/example_task_group_decorator.py for tasks to queue
[2025-02-09T18:55:59.181-0700] {logging_mixin.py:190} INFO - [2025-02-09T18:55:59.181-0700] {dagbag.py:588} INFO - Filling up the DagBag from /Users/pranithjain/Desktop/DE Project/Apache Airflow Project/venv/lib/python3.10/site-packages/airflow/example_dags/example_task_group_decorator.py
[2025-02-09T18:55:59.200-0700] {processor.py:925} INFO - DAG(s) 'example_task_group_decorator' retrieved from /Users/pranithjain/Desktop/DE Project/Apache Airflow Project/venv/lib/python3.10/site-packages/airflow/example_dags/example_task_group_decorator.py
[2025-02-09T18:55:59.266-0700] {logging_mixin.py:190} INFO - [2025-02-09T18:55:59.266-0700] {dag.py:3239} INFO - Sync 1 DAGs
[2025-02-09T18:55:59.271-0700] {logging_mixin.py:190} INFO - [2025-02-09T18:55:59.271-0700] {dag.py:4180} INFO - Setting next_dagrun for example_task_group_decorator to None, run_after=None
[2025-02-09T18:55:59.278-0700] {processor.py:208} INFO - Processing /Users/pranithjain/Desktop/DE Project/Apache Airflow Project/venv/lib/python3.10/site-packages/airflow/example_dags/example_task_group_decorator.py took 0.100 seconds
[2025-02-09T18:57:12.768-0700] {processor.py:186} INFO - Started process (PID=20538) to work on /Users/pranithjain/Desktop/DE Project/Apache Airflow Project/venv/lib/python3.10/site-packages/airflow/example_dags/example_task_group_decorator.py
[2025-02-09T18:57:12.769-0700] {processor.py:914} INFO - Processing file /Users/pranithjain/Desktop/DE Project/Apache Airflow Project/venv/lib/python3.10/site-packages/airflow/example_dags/example_task_group_decorator.py for tasks to queue
[2025-02-09T18:57:12.769-0700] {logging_mixin.py:190} INFO - [2025-02-09T18:57:12.769-0700] {dagbag.py:588} INFO - Filling up the DagBag from /Users/pranithjain/Desktop/DE Project/Apache Airflow Project/venv/lib/python3.10/site-packages/airflow/example_dags/example_task_group_decorator.py
[2025-02-09T18:57:12.788-0700] {processor.py:925} INFO - DAG(s) 'example_task_group_decorator' retrieved from /Users/pranithjain/Desktop/DE Project/Apache Airflow Project/venv/lib/python3.10/site-packages/airflow/example_dags/example_task_group_decorator.py
[2025-02-09T18:57:12.856-0700] {logging_mixin.py:190} INFO - [2025-02-09T18:57:12.856-0700] {dag.py:3239} INFO - Sync 1 DAGs
[2025-02-09T18:57:12.861-0700] {logging_mixin.py:190} INFO - [2025-02-09T18:57:12.861-0700] {dag.py:4180} INFO - Setting next_dagrun for example_task_group_decorator to None, run_after=None
[2025-02-09T18:57:12.868-0700] {processor.py:208} INFO - Processing /Users/pranithjain/Desktop/DE Project/Apache Airflow Project/venv/lib/python3.10/site-packages/airflow/example_dags/example_task_group_decorator.py took 0.101 seconds
[2025-02-09T18:58:24.708-0700] {processor.py:186} INFO - Started process (PID=20757) to work on /Users/pranithjain/Desktop/DE Project/Apache Airflow Project/venv/lib/python3.10/site-packages/airflow/example_dags/example_task_group_decorator.py
[2025-02-09T18:58:24.708-0700] {processor.py:914} INFO - Processing file /Users/pranithjain/Desktop/DE Project/Apache Airflow Project/venv/lib/python3.10/site-packages/airflow/example_dags/example_task_group_decorator.py for tasks to queue
[2025-02-09T18:58:24.709-0700] {logging_mixin.py:190} INFO - [2025-02-09T18:58:24.709-0700] {dagbag.py:588} INFO - Filling up the DagBag from /Users/pranithjain/Desktop/DE Project/Apache Airflow Project/venv/lib/python3.10/site-packages/airflow/example_dags/example_task_group_decorator.py
[2025-02-09T18:58:24.727-0700] {processor.py:925} INFO - DAG(s) 'example_task_group_decorator' retrieved from /Users/pranithjain/Desktop/DE Project/Apache Airflow Project/venv/lib/python3.10/site-packages/airflow/example_dags/example_task_group_decorator.py
[2025-02-09T18:58:24.793-0700] {logging_mixin.py:190} INFO - [2025-02-09T18:58:24.793-0700] {dag.py:3239} INFO - Sync 1 DAGs
[2025-02-09T18:58:24.798-0700] {logging_mixin.py:190} INFO - [2025-02-09T18:58:24.798-0700] {dag.py:4180} INFO - Setting next_dagrun for example_task_group_decorator to None, run_after=None
[2025-02-09T18:58:24.805-0700] {processor.py:208} INFO - Processing /Users/pranithjain/Desktop/DE Project/Apache Airflow Project/venv/lib/python3.10/site-packages/airflow/example_dags/example_task_group_decorator.py took 0.098 seconds
[2025-02-09T19:06:39.991-0700] {processor.py:186} INFO - Started process (PID=21945) to work on /Users/pranithjain/Desktop/DE Project/Apache Airflow Project/venv/lib/python3.10/site-packages/airflow/example_dags/example_task_group_decorator.py
[2025-02-09T19:06:39.992-0700] {processor.py:914} INFO - Processing file /Users/pranithjain/Desktop/DE Project/Apache Airflow Project/venv/lib/python3.10/site-packages/airflow/example_dags/example_task_group_decorator.py for tasks to queue
[2025-02-09T19:06:39.992-0700] {logging_mixin.py:190} INFO - [2025-02-09T19:06:39.992-0700] {dagbag.py:588} INFO - Filling up the DagBag from /Users/pranithjain/Desktop/DE Project/Apache Airflow Project/venv/lib/python3.10/site-packages/airflow/example_dags/example_task_group_decorator.py
[2025-02-09T19:06:40.011-0700] {processor.py:925} INFO - DAG(s) 'example_task_group_decorator' retrieved from /Users/pranithjain/Desktop/DE Project/Apache Airflow Project/venv/lib/python3.10/site-packages/airflow/example_dags/example_task_group_decorator.py
[2025-02-09T19:06:40.078-0700] {logging_mixin.py:190} INFO - [2025-02-09T19:06:40.078-0700] {dag.py:3239} INFO - Sync 1 DAGs
[2025-02-09T19:06:40.083-0700] {logging_mixin.py:190} INFO - [2025-02-09T19:06:40.083-0700] {dag.py:4180} INFO - Setting next_dagrun for example_task_group_decorator to None, run_after=None
[2025-02-09T19:06:40.090-0700] {processor.py:208} INFO - Processing /Users/pranithjain/Desktop/DE Project/Apache Airflow Project/venv/lib/python3.10/site-packages/airflow/example_dags/example_task_group_decorator.py took 0.100 seconds
[2025-02-09T19:08:18.001-0700] {processor.py:186} INFO - Started process (PID=22246) to work on /Users/pranithjain/Desktop/DE Project/Apache Airflow Project/venv/lib/python3.10/site-packages/airflow/example_dags/example_task_group_decorator.py
[2025-02-09T19:08:18.002-0700] {processor.py:914} INFO - Processing file /Users/pranithjain/Desktop/DE Project/Apache Airflow Project/venv/lib/python3.10/site-packages/airflow/example_dags/example_task_group_decorator.py for tasks to queue
[2025-02-09T19:08:18.002-0700] {logging_mixin.py:190} INFO - [2025-02-09T19:08:18.002-0700] {dagbag.py:588} INFO - Filling up the DagBag from /Users/pranithjain/Desktop/DE Project/Apache Airflow Project/venv/lib/python3.10/site-packages/airflow/example_dags/example_task_group_decorator.py
[2025-02-09T19:08:18.020-0700] {processor.py:925} INFO - DAG(s) 'example_task_group_decorator' retrieved from /Users/pranithjain/Desktop/DE Project/Apache Airflow Project/venv/lib/python3.10/site-packages/airflow/example_dags/example_task_group_decorator.py
[2025-02-09T19:08:18.087-0700] {logging_mixin.py:190} INFO - [2025-02-09T19:08:18.087-0700] {dag.py:3239} INFO - Sync 1 DAGs
[2025-02-09T19:08:18.092-0700] {logging_mixin.py:190} INFO - [2025-02-09T19:08:18.092-0700] {dag.py:4180} INFO - Setting next_dagrun for example_task_group_decorator to None, run_after=None
[2025-02-09T19:08:18.099-0700] {processor.py:208} INFO - Processing /Users/pranithjain/Desktop/DE Project/Apache Airflow Project/venv/lib/python3.10/site-packages/airflow/example_dags/example_task_group_decorator.py took 0.099 seconds
[2025-02-09T19:09:29.795-0700] {processor.py:186} INFO - Started process (PID=22474) to work on /Users/pranithjain/Desktop/DE Project/Apache Airflow Project/venv/lib/python3.10/site-packages/airflow/example_dags/example_task_group_decorator.py
[2025-02-09T19:09:29.795-0700] {processor.py:914} INFO - Processing file /Users/pranithjain/Desktop/DE Project/Apache Airflow Project/venv/lib/python3.10/site-packages/airflow/example_dags/example_task_group_decorator.py for tasks to queue
[2025-02-09T19:09:29.796-0700] {logging_mixin.py:190} INFO - [2025-02-09T19:09:29.796-0700] {dagbag.py:588} INFO - Filling up the DagBag from /Users/pranithjain/Desktop/DE Project/Apache Airflow Project/venv/lib/python3.10/site-packages/airflow/example_dags/example_task_group_decorator.py
[2025-02-09T19:09:29.816-0700] {processor.py:925} INFO - DAG(s) 'example_task_group_decorator' retrieved from /Users/pranithjain/Desktop/DE Project/Apache Airflow Project/venv/lib/python3.10/site-packages/airflow/example_dags/example_task_group_decorator.py
[2025-02-09T19:09:29.931-0700] {logging_mixin.py:190} INFO - [2025-02-09T19:09:29.931-0700] {dag.py:3239} INFO - Sync 1 DAGs
[2025-02-09T19:09:29.936-0700] {logging_mixin.py:190} INFO - [2025-02-09T19:09:29.936-0700] {dag.py:4180} INFO - Setting next_dagrun for example_task_group_decorator to None, run_after=None
[2025-02-09T19:09:29.945-0700] {processor.py:208} INFO - Processing /Users/pranithjain/Desktop/DE Project/Apache Airflow Project/venv/lib/python3.10/site-packages/airflow/example_dags/example_task_group_decorator.py took 0.152 seconds
[2025-02-09T19:10:42.909-0700] {processor.py:186} INFO - Started process (PID=22696) to work on /Users/pranithjain/Desktop/DE Project/Apache Airflow Project/venv/lib/python3.10/site-packages/airflow/example_dags/example_task_group_decorator.py
[2025-02-09T19:10:42.909-0700] {processor.py:914} INFO - Processing file /Users/pranithjain/Desktop/DE Project/Apache Airflow Project/venv/lib/python3.10/site-packages/airflow/example_dags/example_task_group_decorator.py for tasks to queue
[2025-02-09T19:10:42.910-0700] {logging_mixin.py:190} INFO - [2025-02-09T19:10:42.910-0700] {dagbag.py:588} INFO - Filling up the DagBag from /Users/pranithjain/Desktop/DE Project/Apache Airflow Project/venv/lib/python3.10/site-packages/airflow/example_dags/example_task_group_decorator.py
[2025-02-09T19:10:42.928-0700] {processor.py:925} INFO - DAG(s) 'example_task_group_decorator' retrieved from /Users/pranithjain/Desktop/DE Project/Apache Airflow Project/venv/lib/python3.10/site-packages/airflow/example_dags/example_task_group_decorator.py
[2025-02-09T19:10:42.996-0700] {logging_mixin.py:190} INFO - [2025-02-09T19:10:42.995-0700] {dag.py:3239} INFO - Sync 1 DAGs
[2025-02-09T19:10:43.000-0700] {logging_mixin.py:190} INFO - [2025-02-09T19:10:43.000-0700] {dag.py:4180} INFO - Setting next_dagrun for example_task_group_decorator to None, run_after=None
[2025-02-09T19:10:43.007-0700] {processor.py:208} INFO - Processing /Users/pranithjain/Desktop/DE Project/Apache Airflow Project/venv/lib/python3.10/site-packages/airflow/example_dags/example_task_group_decorator.py took 0.100 seconds
[2025-02-09T19:13:10.214-0700] {processor.py:186} INFO - Started process (PID=23102) to work on /Users/pranithjain/Desktop/DE Project/Apache Airflow Project/venv/lib/python3.10/site-packages/airflow/example_dags/example_task_group_decorator.py
[2025-02-09T19:13:10.215-0700] {processor.py:914} INFO - Processing file /Users/pranithjain/Desktop/DE Project/Apache Airflow Project/venv/lib/python3.10/site-packages/airflow/example_dags/example_task_group_decorator.py for tasks to queue
[2025-02-09T19:13:10.215-0700] {logging_mixin.py:190} INFO - [2025-02-09T19:13:10.215-0700] {dagbag.py:588} INFO - Filling up the DagBag from /Users/pranithjain/Desktop/DE Project/Apache Airflow Project/venv/lib/python3.10/site-packages/airflow/example_dags/example_task_group_decorator.py
[2025-02-09T19:13:10.233-0700] {processor.py:925} INFO - DAG(s) 'example_task_group_decorator' retrieved from /Users/pranithjain/Desktop/DE Project/Apache Airflow Project/venv/lib/python3.10/site-packages/airflow/example_dags/example_task_group_decorator.py
[2025-02-09T19:13:10.301-0700] {logging_mixin.py:190} INFO - [2025-02-09T19:13:10.301-0700] {dag.py:3239} INFO - Sync 1 DAGs
[2025-02-09T19:13:10.305-0700] {logging_mixin.py:190} INFO - [2025-02-09T19:13:10.305-0700] {dag.py:4180} INFO - Setting next_dagrun for example_task_group_decorator to None, run_after=None
[2025-02-09T19:13:10.312-0700] {processor.py:208} INFO - Processing /Users/pranithjain/Desktop/DE Project/Apache Airflow Project/venv/lib/python3.10/site-packages/airflow/example_dags/example_task_group_decorator.py took 0.100 seconds
[2025-02-09T19:14:53.323-0700] {processor.py:186} INFO - Started process (PID=23415) to work on /Users/pranithjain/Desktop/DE Project/Apache Airflow Project/venv/lib/python3.10/site-packages/airflow/example_dags/example_task_group_decorator.py
[2025-02-09T19:14:53.324-0700] {processor.py:914} INFO - Processing file /Users/pranithjain/Desktop/DE Project/Apache Airflow Project/venv/lib/python3.10/site-packages/airflow/example_dags/example_task_group_decorator.py for tasks to queue
[2025-02-09T19:14:53.324-0700] {logging_mixin.py:190} INFO - [2025-02-09T19:14:53.324-0700] {dagbag.py:588} INFO - Filling up the DagBag from /Users/pranithjain/Desktop/DE Project/Apache Airflow Project/venv/lib/python3.10/site-packages/airflow/example_dags/example_task_group_decorator.py
[2025-02-09T19:14:53.343-0700] {processor.py:925} INFO - DAG(s) 'example_task_group_decorator' retrieved from /Users/pranithjain/Desktop/DE Project/Apache Airflow Project/venv/lib/python3.10/site-packages/airflow/example_dags/example_task_group_decorator.py
[2025-02-09T19:14:53.411-0700] {logging_mixin.py:190} INFO - [2025-02-09T19:14:53.410-0700] {dag.py:3239} INFO - Sync 1 DAGs
[2025-02-09T19:14:53.415-0700] {logging_mixin.py:190} INFO - [2025-02-09T19:14:53.415-0700] {dag.py:4180} INFO - Setting next_dagrun for example_task_group_decorator to None, run_after=None
[2025-02-09T19:14:53.422-0700] {processor.py:208} INFO - Processing /Users/pranithjain/Desktop/DE Project/Apache Airflow Project/venv/lib/python3.10/site-packages/airflow/example_dags/example_task_group_decorator.py took 0.101 seconds
[2025-02-09T19:16:03.321-0700] {processor.py:186} INFO - Started process (PID=23631) to work on /Users/pranithjain/Desktop/DE Project/Apache Airflow Project/venv/lib/python3.10/site-packages/airflow/example_dags/example_task_group_decorator.py
[2025-02-09T19:16:03.321-0700] {processor.py:914} INFO - Processing file /Users/pranithjain/Desktop/DE Project/Apache Airflow Project/venv/lib/python3.10/site-packages/airflow/example_dags/example_task_group_decorator.py for tasks to queue
[2025-02-09T19:16:03.322-0700] {logging_mixin.py:190} INFO - [2025-02-09T19:16:03.322-0700] {dagbag.py:588} INFO - Filling up the DagBag from /Users/pranithjain/Desktop/DE Project/Apache Airflow Project/venv/lib/python3.10/site-packages/airflow/example_dags/example_task_group_decorator.py
[2025-02-09T19:16:03.340-0700] {processor.py:925} INFO - DAG(s) 'example_task_group_decorator' retrieved from /Users/pranithjain/Desktop/DE Project/Apache Airflow Project/venv/lib/python3.10/site-packages/airflow/example_dags/example_task_group_decorator.py
[2025-02-09T19:16:03.408-0700] {logging_mixin.py:190} INFO - [2025-02-09T19:16:03.408-0700] {dag.py:3239} INFO - Sync 1 DAGs
[2025-02-09T19:16:03.413-0700] {logging_mixin.py:190} INFO - [2025-02-09T19:16:03.413-0700] {dag.py:4180} INFO - Setting next_dagrun for example_task_group_decorator to None, run_after=None
[2025-02-09T19:16:03.420-0700] {processor.py:208} INFO - Processing /Users/pranithjain/Desktop/DE Project/Apache Airflow Project/venv/lib/python3.10/site-packages/airflow/example_dags/example_task_group_decorator.py took 0.101 seconds
[2025-02-09T19:17:13.925-0700] {processor.py:186} INFO - Started process (PID=23845) to work on /Users/pranithjain/Desktop/DE Project/Apache Airflow Project/venv/lib/python3.10/site-packages/airflow/example_dags/example_task_group_decorator.py
[2025-02-09T19:17:13.927-0700] {processor.py:914} INFO - Processing file /Users/pranithjain/Desktop/DE Project/Apache Airflow Project/venv/lib/python3.10/site-packages/airflow/example_dags/example_task_group_decorator.py for tasks to queue
[2025-02-09T19:17:13.927-0700] {logging_mixin.py:190} INFO - [2025-02-09T19:17:13.927-0700] {dagbag.py:588} INFO - Filling up the DagBag from /Users/pranithjain/Desktop/DE Project/Apache Airflow Project/venv/lib/python3.10/site-packages/airflow/example_dags/example_task_group_decorator.py
[2025-02-09T19:17:13.945-0700] {processor.py:925} INFO - DAG(s) 'example_task_group_decorator' retrieved from /Users/pranithjain/Desktop/DE Project/Apache Airflow Project/venv/lib/python3.10/site-packages/airflow/example_dags/example_task_group_decorator.py
[2025-02-09T19:17:14.012-0700] {logging_mixin.py:190} INFO - [2025-02-09T19:17:14.012-0700] {dag.py:3239} INFO - Sync 1 DAGs
[2025-02-09T19:17:14.017-0700] {logging_mixin.py:190} INFO - [2025-02-09T19:17:14.017-0700] {dag.py:4180} INFO - Setting next_dagrun for example_task_group_decorator to None, run_after=None
[2025-02-09T19:17:14.024-0700] {processor.py:208} INFO - Processing /Users/pranithjain/Desktop/DE Project/Apache Airflow Project/venv/lib/python3.10/site-packages/airflow/example_dags/example_task_group_decorator.py took 0.101 seconds
[2025-02-09T19:18:26.191-0700] {processor.py:186} INFO - Started process (PID=24066) to work on /Users/pranithjain/Desktop/DE Project/Apache Airflow Project/venv/lib/python3.10/site-packages/airflow/example_dags/example_task_group_decorator.py
[2025-02-09T19:18:26.192-0700] {processor.py:914} INFO - Processing file /Users/pranithjain/Desktop/DE Project/Apache Airflow Project/venv/lib/python3.10/site-packages/airflow/example_dags/example_task_group_decorator.py for tasks to queue
[2025-02-09T19:18:26.192-0700] {logging_mixin.py:190} INFO - [2025-02-09T19:18:26.192-0700] {dagbag.py:588} INFO - Filling up the DagBag from /Users/pranithjain/Desktop/DE Project/Apache Airflow Project/venv/lib/python3.10/site-packages/airflow/example_dags/example_task_group_decorator.py
[2025-02-09T19:18:26.211-0700] {processor.py:925} INFO - DAG(s) 'example_task_group_decorator' retrieved from /Users/pranithjain/Desktop/DE Project/Apache Airflow Project/venv/lib/python3.10/site-packages/airflow/example_dags/example_task_group_decorator.py
[2025-02-09T19:18:26.281-0700] {logging_mixin.py:190} INFO - [2025-02-09T19:18:26.281-0700] {dag.py:3239} INFO - Sync 1 DAGs
[2025-02-09T19:18:26.286-0700] {logging_mixin.py:190} INFO - [2025-02-09T19:18:26.286-0700] {dag.py:4180} INFO - Setting next_dagrun for example_task_group_decorator to None, run_after=None
[2025-02-09T19:18:26.294-0700] {processor.py:208} INFO - Processing /Users/pranithjain/Desktop/DE Project/Apache Airflow Project/venv/lib/python3.10/site-packages/airflow/example_dags/example_task_group_decorator.py took 0.104 seconds
[2025-02-09T19:19:38.615-0700] {processor.py:186} INFO - Started process (PID=24292) to work on /Users/pranithjain/Desktop/DE Project/Apache Airflow Project/venv/lib/python3.10/site-packages/airflow/example_dags/example_task_group_decorator.py
[2025-02-09T19:19:38.616-0700] {processor.py:914} INFO - Processing file /Users/pranithjain/Desktop/DE Project/Apache Airflow Project/venv/lib/python3.10/site-packages/airflow/example_dags/example_task_group_decorator.py for tasks to queue
[2025-02-09T19:19:38.616-0700] {logging_mixin.py:190} INFO - [2025-02-09T19:19:38.616-0700] {dagbag.py:588} INFO - Filling up the DagBag from /Users/pranithjain/Desktop/DE Project/Apache Airflow Project/venv/lib/python3.10/site-packages/airflow/example_dags/example_task_group_decorator.py
[2025-02-09T19:19:38.634-0700] {processor.py:925} INFO - DAG(s) 'example_task_group_decorator' retrieved from /Users/pranithjain/Desktop/DE Project/Apache Airflow Project/venv/lib/python3.10/site-packages/airflow/example_dags/example_task_group_decorator.py
[2025-02-09T19:19:38.702-0700] {logging_mixin.py:190} INFO - [2025-02-09T19:19:38.702-0700] {dag.py:3239} INFO - Sync 1 DAGs
[2025-02-09T19:19:38.707-0700] {logging_mixin.py:190} INFO - [2025-02-09T19:19:38.707-0700] {dag.py:4180} INFO - Setting next_dagrun for example_task_group_decorator to None, run_after=None
[2025-02-09T19:19:38.714-0700] {processor.py:208} INFO - Processing /Users/pranithjain/Desktop/DE Project/Apache Airflow Project/venv/lib/python3.10/site-packages/airflow/example_dags/example_task_group_decorator.py took 0.100 seconds
[2025-02-09T19:20:51.813-0700] {processor.py:186} INFO - Started process (PID=24512) to work on /Users/pranithjain/Desktop/DE Project/Apache Airflow Project/venv/lib/python3.10/site-packages/airflow/example_dags/example_task_group_decorator.py
[2025-02-09T19:20:51.813-0700] {processor.py:914} INFO - Processing file /Users/pranithjain/Desktop/DE Project/Apache Airflow Project/venv/lib/python3.10/site-packages/airflow/example_dags/example_task_group_decorator.py for tasks to queue
[2025-02-09T19:20:51.814-0700] {logging_mixin.py:190} INFO - [2025-02-09T19:20:51.814-0700] {dagbag.py:588} INFO - Filling up the DagBag from /Users/pranithjain/Desktop/DE Project/Apache Airflow Project/venv/lib/python3.10/site-packages/airflow/example_dags/example_task_group_decorator.py
[2025-02-09T19:20:51.832-0700] {processor.py:925} INFO - DAG(s) 'example_task_group_decorator' retrieved from /Users/pranithjain/Desktop/DE Project/Apache Airflow Project/venv/lib/python3.10/site-packages/airflow/example_dags/example_task_group_decorator.py
[2025-02-09T19:20:51.906-0700] {logging_mixin.py:190} INFO - [2025-02-09T19:20:51.906-0700] {dag.py:3239} INFO - Sync 1 DAGs
[2025-02-09T19:20:51.911-0700] {logging_mixin.py:190} INFO - [2025-02-09T19:20:51.911-0700] {dag.py:4180} INFO - Setting next_dagrun for example_task_group_decorator to None, run_after=None
[2025-02-09T19:20:51.920-0700] {processor.py:208} INFO - Processing /Users/pranithjain/Desktop/DE Project/Apache Airflow Project/venv/lib/python3.10/site-packages/airflow/example_dags/example_task_group_decorator.py took 0.109 seconds
[2025-02-09T19:22:06.135-0700] {processor.py:186} INFO - Started process (PID=24834) to work on /Users/pranithjain/Desktop/DE Project/Apache Airflow Project/venv/lib/python3.10/site-packages/airflow/example_dags/example_task_group_decorator.py
[2025-02-09T19:22:06.136-0700] {processor.py:914} INFO - Processing file /Users/pranithjain/Desktop/DE Project/Apache Airflow Project/venv/lib/python3.10/site-packages/airflow/example_dags/example_task_group_decorator.py for tasks to queue
[2025-02-09T19:22:06.136-0700] {logging_mixin.py:190} INFO - [2025-02-09T19:22:06.136-0700] {dagbag.py:588} INFO - Filling up the DagBag from /Users/pranithjain/Desktop/DE Project/Apache Airflow Project/venv/lib/python3.10/site-packages/airflow/example_dags/example_task_group_decorator.py
[2025-02-09T19:22:06.155-0700] {processor.py:925} INFO - DAG(s) 'example_task_group_decorator' retrieved from /Users/pranithjain/Desktop/DE Project/Apache Airflow Project/venv/lib/python3.10/site-packages/airflow/example_dags/example_task_group_decorator.py
[2025-02-09T19:22:06.223-0700] {logging_mixin.py:190} INFO - [2025-02-09T19:22:06.222-0700] {dag.py:3239} INFO - Sync 1 DAGs
[2025-02-09T19:22:06.227-0700] {logging_mixin.py:190} INFO - [2025-02-09T19:22:06.227-0700] {dag.py:4180} INFO - Setting next_dagrun for example_task_group_decorator to None, run_after=None
[2025-02-09T19:22:06.234-0700] {processor.py:208} INFO - Processing /Users/pranithjain/Desktop/DE Project/Apache Airflow Project/venv/lib/python3.10/site-packages/airflow/example_dags/example_task_group_decorator.py took 0.101 seconds
[2025-02-09T19:23:17.586-0700] {processor.py:186} INFO - Started process (PID=25051) to work on /Users/pranithjain/Desktop/DE Project/Apache Airflow Project/venv/lib/python3.10/site-packages/airflow/example_dags/example_task_group_decorator.py
[2025-02-09T19:23:17.587-0700] {processor.py:914} INFO - Processing file /Users/pranithjain/Desktop/DE Project/Apache Airflow Project/venv/lib/python3.10/site-packages/airflow/example_dags/example_task_group_decorator.py for tasks to queue
[2025-02-09T19:23:17.587-0700] {logging_mixin.py:190} INFO - [2025-02-09T19:23:17.587-0700] {dagbag.py:588} INFO - Filling up the DagBag from /Users/pranithjain/Desktop/DE Project/Apache Airflow Project/venv/lib/python3.10/site-packages/airflow/example_dags/example_task_group_decorator.py
[2025-02-09T19:23:17.606-0700] {processor.py:925} INFO - DAG(s) 'example_task_group_decorator' retrieved from /Users/pranithjain/Desktop/DE Project/Apache Airflow Project/venv/lib/python3.10/site-packages/airflow/example_dags/example_task_group_decorator.py
[2025-02-09T19:23:17.678-0700] {logging_mixin.py:190} INFO - [2025-02-09T19:23:17.678-0700] {dag.py:3239} INFO - Sync 1 DAGs
[2025-02-09T19:23:17.683-0700] {logging_mixin.py:190} INFO - [2025-02-09T19:23:17.683-0700] {dag.py:4180} INFO - Setting next_dagrun for example_task_group_decorator to None, run_after=None
[2025-02-09T19:23:17.691-0700] {processor.py:208} INFO - Processing /Users/pranithjain/Desktop/DE Project/Apache Airflow Project/venv/lib/python3.10/site-packages/airflow/example_dags/example_task_group_decorator.py took 0.106 seconds
[2025-02-09T19:24:26.363-0700] {processor.py:186} INFO - Started process (PID=25265) to work on /Users/pranithjain/Desktop/DE Project/Apache Airflow Project/venv/lib/python3.10/site-packages/airflow/example_dags/example_task_group_decorator.py
[2025-02-09T19:24:26.364-0700] {processor.py:914} INFO - Processing file /Users/pranithjain/Desktop/DE Project/Apache Airflow Project/venv/lib/python3.10/site-packages/airflow/example_dags/example_task_group_decorator.py for tasks to queue
[2025-02-09T19:24:26.364-0700] {logging_mixin.py:190} INFO - [2025-02-09T19:24:26.364-0700] {dagbag.py:588} INFO - Filling up the DagBag from /Users/pranithjain/Desktop/DE Project/Apache Airflow Project/venv/lib/python3.10/site-packages/airflow/example_dags/example_task_group_decorator.py
[2025-02-09T19:24:26.383-0700] {processor.py:925} INFO - DAG(s) 'example_task_group_decorator' retrieved from /Users/pranithjain/Desktop/DE Project/Apache Airflow Project/venv/lib/python3.10/site-packages/airflow/example_dags/example_task_group_decorator.py
[2025-02-09T19:24:26.455-0700] {logging_mixin.py:190} INFO - [2025-02-09T19:24:26.455-0700] {dag.py:3239} INFO - Sync 1 DAGs
[2025-02-09T19:24:26.459-0700] {logging_mixin.py:190} INFO - [2025-02-09T19:24:26.459-0700] {dag.py:4180} INFO - Setting next_dagrun for example_task_group_decorator to None, run_after=None
[2025-02-09T19:24:26.467-0700] {processor.py:208} INFO - Processing /Users/pranithjain/Desktop/DE Project/Apache Airflow Project/venv/lib/python3.10/site-packages/airflow/example_dags/example_task_group_decorator.py took 0.105 seconds
[2025-02-09T19:25:34.686-0700] {processor.py:186} INFO - Started process (PID=25474) to work on /Users/pranithjain/Desktop/DE Project/Apache Airflow Project/venv/lib/python3.10/site-packages/airflow/example_dags/example_task_group_decorator.py
[2025-02-09T19:25:34.687-0700] {processor.py:914} INFO - Processing file /Users/pranithjain/Desktop/DE Project/Apache Airflow Project/venv/lib/python3.10/site-packages/airflow/example_dags/example_task_group_decorator.py for tasks to queue
[2025-02-09T19:25:34.687-0700] {logging_mixin.py:190} INFO - [2025-02-09T19:25:34.687-0700] {dagbag.py:588} INFO - Filling up the DagBag from /Users/pranithjain/Desktop/DE Project/Apache Airflow Project/venv/lib/python3.10/site-packages/airflow/example_dags/example_task_group_decorator.py
[2025-02-09T19:25:34.705-0700] {processor.py:925} INFO - DAG(s) 'example_task_group_decorator' retrieved from /Users/pranithjain/Desktop/DE Project/Apache Airflow Project/venv/lib/python3.10/site-packages/airflow/example_dags/example_task_group_decorator.py
[2025-02-09T19:25:34.775-0700] {logging_mixin.py:190} INFO - [2025-02-09T19:25:34.774-0700] {dag.py:3239} INFO - Sync 1 DAGs
[2025-02-09T19:25:34.780-0700] {logging_mixin.py:190} INFO - [2025-02-09T19:25:34.780-0700] {dag.py:4180} INFO - Setting next_dagrun for example_task_group_decorator to None, run_after=None
[2025-02-09T19:25:34.788-0700] {processor.py:208} INFO - Processing /Users/pranithjain/Desktop/DE Project/Apache Airflow Project/venv/lib/python3.10/site-packages/airflow/example_dags/example_task_group_decorator.py took 0.103 seconds
[2025-02-09T19:26:43.198-0700] {processor.py:186} INFO - Started process (PID=25776) to work on /Users/pranithjain/Desktop/DE Project/Apache Airflow Project/venv/lib/python3.10/site-packages/airflow/example_dags/example_task_group_decorator.py
[2025-02-09T19:26:43.199-0700] {processor.py:914} INFO - Processing file /Users/pranithjain/Desktop/DE Project/Apache Airflow Project/venv/lib/python3.10/site-packages/airflow/example_dags/example_task_group_decorator.py for tasks to queue
[2025-02-09T19:26:43.199-0700] {logging_mixin.py:190} INFO - [2025-02-09T19:26:43.199-0700] {dagbag.py:588} INFO - Filling up the DagBag from /Users/pranithjain/Desktop/DE Project/Apache Airflow Project/venv/lib/python3.10/site-packages/airflow/example_dags/example_task_group_decorator.py
[2025-02-09T19:26:43.218-0700] {processor.py:925} INFO - DAG(s) 'example_task_group_decorator' retrieved from /Users/pranithjain/Desktop/DE Project/Apache Airflow Project/venv/lib/python3.10/site-packages/airflow/example_dags/example_task_group_decorator.py
[2025-02-09T19:26:43.287-0700] {logging_mixin.py:190} INFO - [2025-02-09T19:26:43.287-0700] {dag.py:3239} INFO - Sync 1 DAGs
[2025-02-09T19:26:43.291-0700] {logging_mixin.py:190} INFO - [2025-02-09T19:26:43.291-0700] {dag.py:4180} INFO - Setting next_dagrun for example_task_group_decorator to None, run_after=None
[2025-02-09T19:26:43.298-0700] {processor.py:208} INFO - Processing /Users/pranithjain/Desktop/DE Project/Apache Airflow Project/venv/lib/python3.10/site-packages/airflow/example_dags/example_task_group_decorator.py took 0.102 seconds
[2025-02-09T19:28:35.031-0700] {processor.py:186} INFO - Started process (PID=26156) to work on /Users/pranithjain/Desktop/DE Project/Apache Airflow Project/venv/lib/python3.10/site-packages/airflow/example_dags/example_task_group_decorator.py
[2025-02-09T19:28:35.032-0700] {processor.py:914} INFO - Processing file /Users/pranithjain/Desktop/DE Project/Apache Airflow Project/venv/lib/python3.10/site-packages/airflow/example_dags/example_task_group_decorator.py for tasks to queue
[2025-02-09T19:28:35.032-0700] {logging_mixin.py:190} INFO - [2025-02-09T19:28:35.032-0700] {dagbag.py:588} INFO - Filling up the DagBag from /Users/pranithjain/Desktop/DE Project/Apache Airflow Project/venv/lib/python3.10/site-packages/airflow/example_dags/example_task_group_decorator.py
[2025-02-09T19:28:35.051-0700] {processor.py:925} INFO - DAG(s) 'example_task_group_decorator' retrieved from /Users/pranithjain/Desktop/DE Project/Apache Airflow Project/venv/lib/python3.10/site-packages/airflow/example_dags/example_task_group_decorator.py
[2025-02-09T19:28:35.118-0700] {logging_mixin.py:190} INFO - [2025-02-09T19:28:35.118-0700] {dag.py:3239} INFO - Sync 1 DAGs
[2025-02-09T19:28:35.123-0700] {logging_mixin.py:190} INFO - [2025-02-09T19:28:35.123-0700] {dag.py:4180} INFO - Setting next_dagrun for example_task_group_decorator to None, run_after=None
[2025-02-09T19:28:35.130-0700] {processor.py:208} INFO - Processing /Users/pranithjain/Desktop/DE Project/Apache Airflow Project/venv/lib/python3.10/site-packages/airflow/example_dags/example_task_group_decorator.py took 0.100 seconds
