[2025-02-09T18:49:01.482-0700] {processor.py:186} INFO - Started process (PID=19006) to work on /Users/pranithjain/Desktop/DE Project/Apache Airflow Project/venv/lib/python3.10/site-packages/airflow/example_dags/example_branch_day_of_week_operator.py
[2025-02-09T18:49:01.483-0700] {processor.py:914} INFO - Processing file /Users/pranithjain/Desktop/DE Project/Apache Airflow Project/venv/lib/python3.10/site-packages/airflow/example_dags/example_branch_day_of_week_operator.py for tasks to queue
[2025-02-09T18:49:01.483-0700] {logging_mixin.py:190} INFO - [2025-02-09T18:49:01.483-0700] {dagbag.py:588} INFO - Filling up the DagBag from /Users/pranithjain/Desktop/DE Project/Apache Airflow Project/venv/lib/python3.10/site-packages/airflow/example_dags/example_branch_day_of_week_operator.py
[2025-02-09T18:49:01.488-0700] {processor.py:925} INFO - DAG(s) 'example_weekday_branch_operator' retrieved from /Users/pranithjain/Desktop/DE Project/Apache Airflow Project/venv/lib/python3.10/site-packages/airflow/example_dags/example_branch_day_of_week_operator.py
[2025-02-09T18:49:01.590-0700] {logging_mixin.py:190} INFO - [2025-02-09T18:49:01.590-0700] {override.py:1930} INFO - Created Permission View: can read on DAG:example_weekday_branch_operator
[2025-02-09T18:49:01.593-0700] {logging_mixin.py:190} INFO - [2025-02-09T18:49:01.593-0700] {override.py:1930} INFO - Created Permission View: can delete on DAG:example_weekday_branch_operator
[2025-02-09T18:49:01.596-0700] {logging_mixin.py:190} INFO - [2025-02-09T18:49:01.596-0700] {override.py:1930} INFO - Created Permission View: can edit on DAG:example_weekday_branch_operator
[2025-02-09T18:49:01.598-0700] {logging_mixin.py:190} INFO - [2025-02-09T18:49:01.598-0700] {override.py:1930} INFO - Created Permission View: can read on DAG Run:example_weekday_branch_operator
[2025-02-09T18:49:01.600-0700] {logging_mixin.py:190} INFO - [2025-02-09T18:49:01.600-0700] {override.py:1930} INFO - Created Permission View: can delete on DAG Run:example_weekday_branch_operator
[2025-02-09T18:49:01.602-0700] {logging_mixin.py:190} INFO - [2025-02-09T18:49:01.602-0700] {override.py:1930} INFO - Created Permission View: menu access on DAG Run:example_weekday_branch_operator
[2025-02-09T18:49:01.604-0700] {logging_mixin.py:190} INFO - [2025-02-09T18:49:01.604-0700] {override.py:1930} INFO - Created Permission View: can create on DAG Run:example_weekday_branch_operator
[2025-02-09T18:49:01.604-0700] {logging_mixin.py:190} INFO - [2025-02-09T18:49:01.604-0700] {dag.py:3239} INFO - Sync 1 DAGs
[2025-02-09T18:49:01.609-0700] {logging_mixin.py:190} INFO - [2025-02-09T18:49:01.609-0700] {dag.py:3262} INFO - Creating ORM DAG for example_weekday_branch_operator
[2025-02-09T18:49:01.613-0700] {logging_mixin.py:190} INFO - [2025-02-09T18:49:01.613-0700] {dag.py:4180} INFO - Setting next_dagrun for example_weekday_branch_operator to 2025-02-09 00:00:00+00:00, run_after=2025-02-10 00:00:00+00:00
[2025-02-09T18:49:01.619-0700] {processor.py:208} INFO - Processing /Users/pranithjain/Desktop/DE Project/Apache Airflow Project/venv/lib/python3.10/site-packages/airflow/example_dags/example_branch_day_of_week_operator.py took 0.138 seconds
[2025-02-09T18:51:25.439-0700] {processor.py:186} INFO - Started process (PID=19451) to work on /Users/pranithjain/Desktop/DE Project/Apache Airflow Project/venv/lib/python3.10/site-packages/airflow/example_dags/example_branch_day_of_week_operator.py
[2025-02-09T18:51:25.440-0700] {processor.py:914} INFO - Processing file /Users/pranithjain/Desktop/DE Project/Apache Airflow Project/venv/lib/python3.10/site-packages/airflow/example_dags/example_branch_day_of_week_operator.py for tasks to queue
[2025-02-09T18:51:25.441-0700] {logging_mixin.py:190} INFO - [2025-02-09T18:51:25.441-0700] {dagbag.py:588} INFO - Filling up the DagBag from /Users/pranithjain/Desktop/DE Project/Apache Airflow Project/venv/lib/python3.10/site-packages/airflow/example_dags/example_branch_day_of_week_operator.py
[2025-02-09T18:51:25.447-0700] {processor.py:925} INFO - DAG(s) 'example_weekday_branch_operator' retrieved from /Users/pranithjain/Desktop/DE Project/Apache Airflow Project/venv/lib/python3.10/site-packages/airflow/example_dags/example_branch_day_of_week_operator.py
[2025-02-09T18:51:25.521-0700] {logging_mixin.py:190} INFO - [2025-02-09T18:51:25.521-0700] {dag.py:3239} INFO - Sync 1 DAGs
[2025-02-09T18:51:25.532-0700] {logging_mixin.py:190} INFO - [2025-02-09T18:51:25.532-0700] {dag.py:4180} INFO - Setting next_dagrun for example_weekday_branch_operator to 2025-02-09 00:00:00+00:00, run_after=2025-02-10 00:00:00+00:00
[2025-02-09T18:51:25.541-0700] {processor.py:208} INFO - Processing /Users/pranithjain/Desktop/DE Project/Apache Airflow Project/venv/lib/python3.10/site-packages/airflow/example_dags/example_branch_day_of_week_operator.py took 0.104 seconds
[2025-02-09T18:54:08.958-0700] {processor.py:186} INFO - Started process (PID=19964) to work on /Users/pranithjain/Desktop/DE Project/Apache Airflow Project/venv/lib/python3.10/site-packages/airflow/example_dags/example_branch_day_of_week_operator.py
[2025-02-09T18:54:08.959-0700] {processor.py:914} INFO - Processing file /Users/pranithjain/Desktop/DE Project/Apache Airflow Project/venv/lib/python3.10/site-packages/airflow/example_dags/example_branch_day_of_week_operator.py for tasks to queue
[2025-02-09T18:54:08.960-0700] {logging_mixin.py:190} INFO - [2025-02-09T18:54:08.960-0700] {dagbag.py:588} INFO - Filling up the DagBag from /Users/pranithjain/Desktop/DE Project/Apache Airflow Project/venv/lib/python3.10/site-packages/airflow/example_dags/example_branch_day_of_week_operator.py
[2025-02-09T18:54:08.965-0700] {processor.py:925} INFO - DAG(s) 'example_weekday_branch_operator' retrieved from /Users/pranithjain/Desktop/DE Project/Apache Airflow Project/venv/lib/python3.10/site-packages/airflow/example_dags/example_branch_day_of_week_operator.py
[2025-02-09T18:54:09.034-0700] {logging_mixin.py:190} INFO - [2025-02-09T18:54:09.034-0700] {dag.py:3239} INFO - Sync 1 DAGs
[2025-02-09T18:54:09.041-0700] {logging_mixin.py:190} INFO - [2025-02-09T18:54:09.041-0700] {dag.py:4180} INFO - Setting next_dagrun for example_weekday_branch_operator to 2025-02-09 00:00:00+00:00, run_after=2025-02-10 00:00:00+00:00
[2025-02-09T18:54:09.048-0700] {processor.py:208} INFO - Processing /Users/pranithjain/Desktop/DE Project/Apache Airflow Project/venv/lib/python3.10/site-packages/airflow/example_dags/example_branch_day_of_week_operator.py took 0.093 seconds
[2025-02-09T18:56:33.190-0700] {processor.py:186} INFO - Started process (PID=20421) to work on /Users/pranithjain/Desktop/DE Project/Apache Airflow Project/venv/lib/python3.10/site-packages/airflow/example_dags/example_branch_day_of_week_operator.py
[2025-02-09T18:56:33.190-0700] {processor.py:914} INFO - Processing file /Users/pranithjain/Desktop/DE Project/Apache Airflow Project/venv/lib/python3.10/site-packages/airflow/example_dags/example_branch_day_of_week_operator.py for tasks to queue
[2025-02-09T18:56:33.191-0700] {logging_mixin.py:190} INFO - [2025-02-09T18:56:33.191-0700] {dagbag.py:588} INFO - Filling up the DagBag from /Users/pranithjain/Desktop/DE Project/Apache Airflow Project/venv/lib/python3.10/site-packages/airflow/example_dags/example_branch_day_of_week_operator.py
[2025-02-09T18:56:33.196-0700] {processor.py:925} INFO - DAG(s) 'example_weekday_branch_operator' retrieved from /Users/pranithjain/Desktop/DE Project/Apache Airflow Project/venv/lib/python3.10/site-packages/airflow/example_dags/example_branch_day_of_week_operator.py
[2025-02-09T18:56:33.267-0700] {logging_mixin.py:190} INFO - [2025-02-09T18:56:33.267-0700] {dag.py:3239} INFO - Sync 1 DAGs
[2025-02-09T18:56:33.275-0700] {logging_mixin.py:190} INFO - [2025-02-09T18:56:33.275-0700] {dag.py:4180} INFO - Setting next_dagrun for example_weekday_branch_operator to 2025-02-09 00:00:00+00:00, run_after=2025-02-10 00:00:00+00:00
[2025-02-09T18:56:33.283-0700] {processor.py:208} INFO - Processing /Users/pranithjain/Desktop/DE Project/Apache Airflow Project/venv/lib/python3.10/site-packages/airflow/example_dags/example_branch_day_of_week_operator.py took 0.094 seconds
[2025-02-09T18:58:56.210-0700] {processor.py:186} INFO - Started process (PID=20854) to work on /Users/pranithjain/Desktop/DE Project/Apache Airflow Project/venv/lib/python3.10/site-packages/airflow/example_dags/example_branch_day_of_week_operator.py
[2025-02-09T18:58:56.210-0700] {processor.py:914} INFO - Processing file /Users/pranithjain/Desktop/DE Project/Apache Airflow Project/venv/lib/python3.10/site-packages/airflow/example_dags/example_branch_day_of_week_operator.py for tasks to queue
[2025-02-09T18:58:56.211-0700] {logging_mixin.py:190} INFO - [2025-02-09T18:58:56.211-0700] {dagbag.py:588} INFO - Filling up the DagBag from /Users/pranithjain/Desktop/DE Project/Apache Airflow Project/venv/lib/python3.10/site-packages/airflow/example_dags/example_branch_day_of_week_operator.py
[2025-02-09T18:58:56.216-0700] {processor.py:925} INFO - DAG(s) 'example_weekday_branch_operator' retrieved from /Users/pranithjain/Desktop/DE Project/Apache Airflow Project/venv/lib/python3.10/site-packages/airflow/example_dags/example_branch_day_of_week_operator.py
[2025-02-09T18:58:56.283-0700] {logging_mixin.py:190} INFO - [2025-02-09T18:58:56.282-0700] {dag.py:3239} INFO - Sync 1 DAGs
[2025-02-09T18:58:56.290-0700] {logging_mixin.py:190} INFO - [2025-02-09T18:58:56.290-0700] {dag.py:4180} INFO - Setting next_dagrun for example_weekday_branch_operator to 2025-02-09 00:00:00+00:00, run_after=2025-02-10 00:00:00+00:00
[2025-02-09T18:58:56.297-0700] {processor.py:208} INFO - Processing /Users/pranithjain/Desktop/DE Project/Apache Airflow Project/venv/lib/python3.10/site-packages/airflow/example_dags/example_branch_day_of_week_operator.py took 0.088 seconds
[2025-02-09T19:07:41.991-0700] {processor.py:186} INFO - Started process (PID=22137) to work on /Users/pranithjain/Desktop/DE Project/Apache Airflow Project/venv/lib/python3.10/site-packages/airflow/example_dags/example_branch_day_of_week_operator.py
[2025-02-09T19:07:41.991-0700] {processor.py:914} INFO - Processing file /Users/pranithjain/Desktop/DE Project/Apache Airflow Project/venv/lib/python3.10/site-packages/airflow/example_dags/example_branch_day_of_week_operator.py for tasks to queue
[2025-02-09T19:07:41.992-0700] {logging_mixin.py:190} INFO - [2025-02-09T19:07:41.992-0700] {dagbag.py:588} INFO - Filling up the DagBag from /Users/pranithjain/Desktop/DE Project/Apache Airflow Project/venv/lib/python3.10/site-packages/airflow/example_dags/example_branch_day_of_week_operator.py
[2025-02-09T19:07:41.996-0700] {processor.py:925} INFO - DAG(s) 'example_weekday_branch_operator' retrieved from /Users/pranithjain/Desktop/DE Project/Apache Airflow Project/venv/lib/python3.10/site-packages/airflow/example_dags/example_branch_day_of_week_operator.py
[2025-02-09T19:07:42.064-0700] {logging_mixin.py:190} INFO - [2025-02-09T19:07:42.064-0700] {dag.py:3239} INFO - Sync 1 DAGs
[2025-02-09T19:07:42.071-0700] {logging_mixin.py:190} INFO - [2025-02-09T19:07:42.071-0700] {dag.py:4180} INFO - Setting next_dagrun for example_weekday_branch_operator to 2025-02-09 00:00:00+00:00, run_after=2025-02-10 00:00:00+00:00
[2025-02-09T19:07:42.078-0700] {processor.py:208} INFO - Processing /Users/pranithjain/Desktop/DE Project/Apache Airflow Project/venv/lib/python3.10/site-packages/airflow/example_dags/example_branch_day_of_week_operator.py took 0.089 seconds
[2025-02-09T19:10:02.783-0700] {processor.py:186} INFO - Started process (PID=22576) to work on /Users/pranithjain/Desktop/DE Project/Apache Airflow Project/venv/lib/python3.10/site-packages/airflow/example_dags/example_branch_day_of_week_operator.py
[2025-02-09T19:10:02.784-0700] {processor.py:914} INFO - Processing file /Users/pranithjain/Desktop/DE Project/Apache Airflow Project/venv/lib/python3.10/site-packages/airflow/example_dags/example_branch_day_of_week_operator.py for tasks to queue
[2025-02-09T19:10:02.784-0700] {logging_mixin.py:190} INFO - [2025-02-09T19:10:02.784-0700] {dagbag.py:588} INFO - Filling up the DagBag from /Users/pranithjain/Desktop/DE Project/Apache Airflow Project/venv/lib/python3.10/site-packages/airflow/example_dags/example_branch_day_of_week_operator.py
[2025-02-09T19:10:02.789-0700] {processor.py:925} INFO - DAG(s) 'example_weekday_branch_operator' retrieved from /Users/pranithjain/Desktop/DE Project/Apache Airflow Project/venv/lib/python3.10/site-packages/airflow/example_dags/example_branch_day_of_week_operator.py
[2025-02-09T19:10:02.899-0700] {logging_mixin.py:190} INFO - [2025-02-09T19:10:02.899-0700] {dag.py:3239} INFO - Sync 1 DAGs
[2025-02-09T19:10:02.907-0700] {logging_mixin.py:190} INFO - [2025-02-09T19:10:02.907-0700] {dag.py:4180} INFO - Setting next_dagrun for example_weekday_branch_operator to 2025-02-09 00:00:00+00:00, run_after=2025-02-10 00:00:00+00:00
[2025-02-09T19:10:02.915-0700] {processor.py:208} INFO - Processing /Users/pranithjain/Desktop/DE Project/Apache Airflow Project/venv/lib/python3.10/site-packages/airflow/example_dags/example_branch_day_of_week_operator.py took 0.133 seconds
[2025-02-09T19:14:14.969-0700] {processor.py:186} INFO - Started process (PID=23302) to work on /Users/pranithjain/Desktop/DE Project/Apache Airflow Project/venv/lib/python3.10/site-packages/airflow/example_dags/example_branch_day_of_week_operator.py
[2025-02-09T19:14:14.970-0700] {processor.py:914} INFO - Processing file /Users/pranithjain/Desktop/DE Project/Apache Airflow Project/venv/lib/python3.10/site-packages/airflow/example_dags/example_branch_day_of_week_operator.py for tasks to queue
[2025-02-09T19:14:14.970-0700] {logging_mixin.py:190} INFO - [2025-02-09T19:14:14.970-0700] {dagbag.py:588} INFO - Filling up the DagBag from /Users/pranithjain/Desktop/DE Project/Apache Airflow Project/venv/lib/python3.10/site-packages/airflow/example_dags/example_branch_day_of_week_operator.py
[2025-02-09T19:14:14.975-0700] {processor.py:925} INFO - DAG(s) 'example_weekday_branch_operator' retrieved from /Users/pranithjain/Desktop/DE Project/Apache Airflow Project/venv/lib/python3.10/site-packages/airflow/example_dags/example_branch_day_of_week_operator.py
[2025-02-09T19:14:15.042-0700] {logging_mixin.py:190} INFO - [2025-02-09T19:14:15.042-0700] {dag.py:3239} INFO - Sync 1 DAGs
[2025-02-09T19:14:15.049-0700] {logging_mixin.py:190} INFO - [2025-02-09T19:14:15.049-0700] {dag.py:4180} INFO - Setting next_dagrun for example_weekday_branch_operator to 2025-02-09 00:00:00+00:00, run_after=2025-02-10 00:00:00+00:00
[2025-02-09T19:14:15.056-0700] {processor.py:208} INFO - Processing /Users/pranithjain/Desktop/DE Project/Apache Airflow Project/venv/lib/python3.10/site-packages/airflow/example_dags/example_branch_day_of_week_operator.py took 0.088 seconds
[2025-02-09T19:16:33.831-0700] {processor.py:186} INFO - Started process (PID=23728) to work on /Users/pranithjain/Desktop/DE Project/Apache Airflow Project/venv/lib/python3.10/site-packages/airflow/example_dags/example_branch_day_of_week_operator.py
[2025-02-09T19:16:33.832-0700] {processor.py:914} INFO - Processing file /Users/pranithjain/Desktop/DE Project/Apache Airflow Project/venv/lib/python3.10/site-packages/airflow/example_dags/example_branch_day_of_week_operator.py for tasks to queue
[2025-02-09T19:16:33.833-0700] {logging_mixin.py:190} INFO - [2025-02-09T19:16:33.832-0700] {dagbag.py:588} INFO - Filling up the DagBag from /Users/pranithjain/Desktop/DE Project/Apache Airflow Project/venv/lib/python3.10/site-packages/airflow/example_dags/example_branch_day_of_week_operator.py
[2025-02-09T19:16:33.838-0700] {processor.py:925} INFO - DAG(s) 'example_weekday_branch_operator' retrieved from /Users/pranithjain/Desktop/DE Project/Apache Airflow Project/venv/lib/python3.10/site-packages/airflow/example_dags/example_branch_day_of_week_operator.py
[2025-02-09T19:16:33.905-0700] {logging_mixin.py:190} INFO - [2025-02-09T19:16:33.905-0700] {dag.py:3239} INFO - Sync 1 DAGs
[2025-02-09T19:16:33.912-0700] {logging_mixin.py:190} INFO - [2025-02-09T19:16:33.912-0700] {dag.py:4180} INFO - Setting next_dagrun for example_weekday_branch_operator to 2025-02-09 00:00:00+00:00, run_after=2025-02-10 00:00:00+00:00
[2025-02-09T19:16:33.919-0700] {processor.py:208} INFO - Processing /Users/pranithjain/Desktop/DE Project/Apache Airflow Project/venv/lib/python3.10/site-packages/airflow/example_dags/example_branch_day_of_week_operator.py took 0.090 seconds
[2025-02-09T19:18:59.588-0700] {processor.py:186} INFO - Started process (PID=24169) to work on /Users/pranithjain/Desktop/DE Project/Apache Airflow Project/venv/lib/python3.10/site-packages/airflow/example_dags/example_branch_day_of_week_operator.py
[2025-02-09T19:18:59.588-0700] {processor.py:914} INFO - Processing file /Users/pranithjain/Desktop/DE Project/Apache Airflow Project/venv/lib/python3.10/site-packages/airflow/example_dags/example_branch_day_of_week_operator.py for tasks to queue
[2025-02-09T19:18:59.589-0700] {logging_mixin.py:190} INFO - [2025-02-09T19:18:59.589-0700] {dagbag.py:588} INFO - Filling up the DagBag from /Users/pranithjain/Desktop/DE Project/Apache Airflow Project/venv/lib/python3.10/site-packages/airflow/example_dags/example_branch_day_of_week_operator.py
[2025-02-09T19:18:59.593-0700] {processor.py:925} INFO - DAG(s) 'example_weekday_branch_operator' retrieved from /Users/pranithjain/Desktop/DE Project/Apache Airflow Project/venv/lib/python3.10/site-packages/airflow/example_dags/example_branch_day_of_week_operator.py
[2025-02-09T19:18:59.661-0700] {logging_mixin.py:190} INFO - [2025-02-09T19:18:59.661-0700] {dag.py:3239} INFO - Sync 1 DAGs
[2025-02-09T19:18:59.668-0700] {logging_mixin.py:190} INFO - [2025-02-09T19:18:59.668-0700] {dag.py:4180} INFO - Setting next_dagrun for example_weekday_branch_operator to 2025-02-09 00:00:00+00:00, run_after=2025-02-10 00:00:00+00:00
[2025-02-09T19:18:59.675-0700] {processor.py:208} INFO - Processing /Users/pranithjain/Desktop/DE Project/Apache Airflow Project/venv/lib/python3.10/site-packages/airflow/example_dags/example_branch_day_of_week_operator.py took 0.090 seconds
[2025-02-09T19:21:26.482-0700] {processor.py:186} INFO - Started process (PID=24616) to work on /Users/pranithjain/Desktop/DE Project/Apache Airflow Project/venv/lib/python3.10/site-packages/airflow/example_dags/example_branch_day_of_week_operator.py
[2025-02-09T19:21:26.483-0700] {processor.py:914} INFO - Processing file /Users/pranithjain/Desktop/DE Project/Apache Airflow Project/venv/lib/python3.10/site-packages/airflow/example_dags/example_branch_day_of_week_operator.py for tasks to queue
[2025-02-09T19:21:26.483-0700] {logging_mixin.py:190} INFO - [2025-02-09T19:21:26.483-0700] {dagbag.py:588} INFO - Filling up the DagBag from /Users/pranithjain/Desktop/DE Project/Apache Airflow Project/venv/lib/python3.10/site-packages/airflow/example_dags/example_branch_day_of_week_operator.py
[2025-02-09T19:21:26.488-0700] {processor.py:925} INFO - DAG(s) 'example_weekday_branch_operator' retrieved from /Users/pranithjain/Desktop/DE Project/Apache Airflow Project/venv/lib/python3.10/site-packages/airflow/example_dags/example_branch_day_of_week_operator.py
[2025-02-09T19:21:26.555-0700] {logging_mixin.py:190} INFO - [2025-02-09T19:21:26.555-0700] {dag.py:3239} INFO - Sync 1 DAGs
[2025-02-09T19:21:26.562-0700] {logging_mixin.py:190} INFO - [2025-02-09T19:21:26.562-0700] {dag.py:4180} INFO - Setting next_dagrun for example_weekday_branch_operator to 2025-02-09 00:00:00+00:00, run_after=2025-02-10 00:00:00+00:00
[2025-02-09T19:21:26.569-0700] {processor.py:208} INFO - Processing /Users/pranithjain/Desktop/DE Project/Apache Airflow Project/venv/lib/python3.10/site-packages/airflow/example_dags/example_branch_day_of_week_operator.py took 0.088 seconds
[2025-02-09T19:23:49.236-0700] {processor.py:186} INFO - Started process (PID=25148) to work on /Users/pranithjain/Desktop/DE Project/Apache Airflow Project/venv/lib/python3.10/site-packages/airflow/example_dags/example_branch_day_of_week_operator.py
[2025-02-09T19:23:49.236-0700] {processor.py:914} INFO - Processing file /Users/pranithjain/Desktop/DE Project/Apache Airflow Project/venv/lib/python3.10/site-packages/airflow/example_dags/example_branch_day_of_week_operator.py for tasks to queue
[2025-02-09T19:23:49.237-0700] {logging_mixin.py:190} INFO - [2025-02-09T19:23:49.237-0700] {dagbag.py:588} INFO - Filling up the DagBag from /Users/pranithjain/Desktop/DE Project/Apache Airflow Project/venv/lib/python3.10/site-packages/airflow/example_dags/example_branch_day_of_week_operator.py
[2025-02-09T19:23:49.241-0700] {processor.py:925} INFO - DAG(s) 'example_weekday_branch_operator' retrieved from /Users/pranithjain/Desktop/DE Project/Apache Airflow Project/venv/lib/python3.10/site-packages/airflow/example_dags/example_branch_day_of_week_operator.py
[2025-02-09T19:23:49.308-0700] {logging_mixin.py:190} INFO - [2025-02-09T19:23:49.308-0700] {dag.py:3239} INFO - Sync 1 DAGs
[2025-02-09T19:23:49.315-0700] {logging_mixin.py:190} INFO - [2025-02-09T19:23:49.315-0700] {dag.py:4180} INFO - Setting next_dagrun for example_weekday_branch_operator to 2025-02-09 00:00:00+00:00, run_after=2025-02-10 00:00:00+00:00
[2025-02-09T19:23:49.324-0700] {processor.py:208} INFO - Processing /Users/pranithjain/Desktop/DE Project/Apache Airflow Project/venv/lib/python3.10/site-packages/airflow/example_dags/example_branch_day_of_week_operator.py took 0.090 seconds
[2025-02-09T19:26:05.491-0700] {processor.py:186} INFO - Started process (PID=25583) to work on /Users/pranithjain/Desktop/DE Project/Apache Airflow Project/venv/lib/python3.10/site-packages/airflow/example_dags/example_branch_day_of_week_operator.py
[2025-02-09T19:26:05.491-0700] {processor.py:914} INFO - Processing file /Users/pranithjain/Desktop/DE Project/Apache Airflow Project/venv/lib/python3.10/site-packages/airflow/example_dags/example_branch_day_of_week_operator.py for tasks to queue
[2025-02-09T19:26:05.492-0700] {logging_mixin.py:190} INFO - [2025-02-09T19:26:05.492-0700] {dagbag.py:588} INFO - Filling up the DagBag from /Users/pranithjain/Desktop/DE Project/Apache Airflow Project/venv/lib/python3.10/site-packages/airflow/example_dags/example_branch_day_of_week_operator.py
[2025-02-09T19:26:05.496-0700] {processor.py:925} INFO - DAG(s) 'example_weekday_branch_operator' retrieved from /Users/pranithjain/Desktop/DE Project/Apache Airflow Project/venv/lib/python3.10/site-packages/airflow/example_dags/example_branch_day_of_week_operator.py
[2025-02-09T19:26:05.568-0700] {logging_mixin.py:190} INFO - [2025-02-09T19:26:05.567-0700] {dag.py:3239} INFO - Sync 1 DAGs
[2025-02-09T19:26:05.575-0700] {logging_mixin.py:190} INFO - [2025-02-09T19:26:05.575-0700] {dag.py:4180} INFO - Setting next_dagrun for example_weekday_branch_operator to 2025-02-09 00:00:00+00:00, run_after=2025-02-10 00:00:00+00:00
[2025-02-09T19:26:05.582-0700] {processor.py:208} INFO - Processing /Users/pranithjain/Desktop/DE Project/Apache Airflow Project/venv/lib/python3.10/site-packages/airflow/example_dags/example_branch_day_of_week_operator.py took 0.093 seconds
