[2025-02-09T18:48:04.536-0700] {processor.py:186} INFO - Started process (PID=18826) to work on /Users/pranithjain/Desktop/DE Project/Apache Airflow Project/venv/lib/python3.10/site-packages/airflow/example_dags/example_short_circuit_operator.py
[2025-02-09T18:48:04.537-0700] {processor.py:914} INFO - Processing file /Users/pranithjain/Desktop/DE Project/Apache Airflow Project/venv/lib/python3.10/site-packages/airflow/example_dags/example_short_circuit_operator.py for tasks to queue
[2025-02-09T18:48:04.537-0700] {logging_mixin.py:190} INFO - [2025-02-09T18:48:04.537-0700] {dagbag.py:588} INFO - Filling up the DagBag from /Users/pranithjain/Desktop/DE Project/Apache Airflow Project/venv/lib/python3.10/site-packages/airflow/example_dags/example_short_circuit_operator.py
[2025-02-09T18:48:04.549-0700] {processor.py:925} INFO - DAG(s) 'example_short_circuit_operator' retrieved from /Users/pranithjain/Desktop/DE Project/Apache Airflow Project/venv/lib/python3.10/site-packages/airflow/example_dags/example_short_circuit_operator.py
[2025-02-09T18:48:04.651-0700] {logging_mixin.py:190} INFO - [2025-02-09T18:48:04.651-0700] {override.py:1930} INFO - Created Permission View: can delete on DAG:example_short_circuit_operator
[2025-02-09T18:48:04.654-0700] {logging_mixin.py:190} INFO - [2025-02-09T18:48:04.654-0700] {override.py:1930} INFO - Created Permission View: can edit on DAG:example_short_circuit_operator
[2025-02-09T18:48:04.656-0700] {logging_mixin.py:190} INFO - [2025-02-09T18:48:04.656-0700] {override.py:1930} INFO - Created Permission View: can read on DAG:example_short_circuit_operator
[2025-02-09T18:48:04.659-0700] {logging_mixin.py:190} INFO - [2025-02-09T18:48:04.659-0700] {override.py:1930} INFO - Created Permission View: can create on DAG Run:example_short_circuit_operator
[2025-02-09T18:48:04.661-0700] {logging_mixin.py:190} INFO - [2025-02-09T18:48:04.661-0700] {override.py:1930} INFO - Created Permission View: can delete on DAG Run:example_short_circuit_operator
[2025-02-09T18:48:04.663-0700] {logging_mixin.py:190} INFO - [2025-02-09T18:48:04.663-0700] {override.py:1930} INFO - Created Permission View: can read on DAG Run:example_short_circuit_operator
[2025-02-09T18:48:04.665-0700] {logging_mixin.py:190} INFO - [2025-02-09T18:48:04.665-0700] {override.py:1930} INFO - Created Permission View: menu access on DAG Run:example_short_circuit_operator
[2025-02-09T18:48:04.665-0700] {logging_mixin.py:190} INFO - [2025-02-09T18:48:04.665-0700] {dag.py:3239} INFO - Sync 1 DAGs
[2025-02-09T18:48:04.669-0700] {logging_mixin.py:190} INFO - [2025-02-09T18:48:04.669-0700] {dag.py:3262} INFO - Creating ORM DAG for example_short_circuit_operator
[2025-02-09T18:48:04.669-0700] {logging_mixin.py:190} INFO - [2025-02-09T18:48:04.669-0700] {dag.py:4180} INFO - Setting next_dagrun for example_short_circuit_operator to None, run_after=None
[2025-02-09T18:48:04.675-0700] {processor.py:208} INFO - Processing /Users/pranithjain/Desktop/DE Project/Apache Airflow Project/venv/lib/python3.10/site-packages/airflow/example_dags/example_short_circuit_operator.py took 0.141 seconds
[2025-02-09T18:49:47.283-0700] {processor.py:186} INFO - Started process (PID=19144) to work on /Users/pranithjain/Desktop/DE Project/Apache Airflow Project/venv/lib/python3.10/site-packages/airflow/example_dags/example_short_circuit_operator.py
[2025-02-09T18:49:47.283-0700] {processor.py:914} INFO - Processing file /Users/pranithjain/Desktop/DE Project/Apache Airflow Project/venv/lib/python3.10/site-packages/airflow/example_dags/example_short_circuit_operator.py for tasks to queue
[2025-02-09T18:49:47.284-0700] {logging_mixin.py:190} INFO - [2025-02-09T18:49:47.284-0700] {dagbag.py:588} INFO - Filling up the DagBag from /Users/pranithjain/Desktop/DE Project/Apache Airflow Project/venv/lib/python3.10/site-packages/airflow/example_dags/example_short_circuit_operator.py
[2025-02-09T18:49:47.295-0700] {processor.py:925} INFO - DAG(s) 'example_short_circuit_operator' retrieved from /Users/pranithjain/Desktop/DE Project/Apache Airflow Project/venv/lib/python3.10/site-packages/airflow/example_dags/example_short_circuit_operator.py
[2025-02-09T18:49:47.361-0700] {logging_mixin.py:190} INFO - [2025-02-09T18:49:47.360-0700] {dag.py:3239} INFO - Sync 1 DAGs
[2025-02-09T18:49:47.365-0700] {logging_mixin.py:190} INFO - [2025-02-09T18:49:47.365-0700] {dag.py:4180} INFO - Setting next_dagrun for example_short_circuit_operator to None, run_after=None
[2025-02-09T18:49:47.372-0700] {processor.py:208} INFO - Processing /Users/pranithjain/Desktop/DE Project/Apache Airflow Project/venv/lib/python3.10/site-packages/airflow/example_dags/example_short_circuit_operator.py took 0.091 seconds
[2025-02-09T18:51:02.298-0700] {processor.py:186} INFO - Started process (PID=19375) to work on /Users/pranithjain/Desktop/DE Project/Apache Airflow Project/venv/lib/python3.10/site-packages/airflow/example_dags/example_short_circuit_operator.py
[2025-02-09T18:51:02.300-0700] {processor.py:914} INFO - Processing file /Users/pranithjain/Desktop/DE Project/Apache Airflow Project/venv/lib/python3.10/site-packages/airflow/example_dags/example_short_circuit_operator.py for tasks to queue
[2025-02-09T18:51:02.300-0700] {logging_mixin.py:190} INFO - [2025-02-09T18:51:02.300-0700] {dagbag.py:588} INFO - Filling up the DagBag from /Users/pranithjain/Desktop/DE Project/Apache Airflow Project/venv/lib/python3.10/site-packages/airflow/example_dags/example_short_circuit_operator.py
[2025-02-09T18:51:02.312-0700] {processor.py:925} INFO - DAG(s) 'example_short_circuit_operator' retrieved from /Users/pranithjain/Desktop/DE Project/Apache Airflow Project/venv/lib/python3.10/site-packages/airflow/example_dags/example_short_circuit_operator.py
[2025-02-09T18:51:02.377-0700] {logging_mixin.py:190} INFO - [2025-02-09T18:51:02.377-0700] {dag.py:3239} INFO - Sync 1 DAGs
[2025-02-09T18:51:02.382-0700] {logging_mixin.py:190} INFO - [2025-02-09T18:51:02.382-0700] {dag.py:4180} INFO - Setting next_dagrun for example_short_circuit_operator to None, run_after=None
[2025-02-09T18:51:02.389-0700] {processor.py:208} INFO - Processing /Users/pranithjain/Desktop/DE Project/Apache Airflow Project/venv/lib/python3.10/site-packages/airflow/example_dags/example_short_circuit_operator.py took 0.093 seconds
[2025-02-09T18:53:13.511-0700] {processor.py:186} INFO - Started process (PID=19795) to work on /Users/pranithjain/Desktop/DE Project/Apache Airflow Project/venv/lib/python3.10/site-packages/airflow/example_dags/example_short_circuit_operator.py
[2025-02-09T18:53:13.512-0700] {processor.py:914} INFO - Processing file /Users/pranithjain/Desktop/DE Project/Apache Airflow Project/venv/lib/python3.10/site-packages/airflow/example_dags/example_short_circuit_operator.py for tasks to queue
[2025-02-09T18:53:13.513-0700] {logging_mixin.py:190} INFO - [2025-02-09T18:53:13.513-0700] {dagbag.py:588} INFO - Filling up the DagBag from /Users/pranithjain/Desktop/DE Project/Apache Airflow Project/venv/lib/python3.10/site-packages/airflow/example_dags/example_short_circuit_operator.py
[2025-02-09T18:53:13.524-0700] {processor.py:925} INFO - DAG(s) 'example_short_circuit_operator' retrieved from /Users/pranithjain/Desktop/DE Project/Apache Airflow Project/venv/lib/python3.10/site-packages/airflow/example_dags/example_short_circuit_operator.py
[2025-02-09T18:53:13.589-0700] {logging_mixin.py:190} INFO - [2025-02-09T18:53:13.589-0700] {dag.py:3239} INFO - Sync 1 DAGs
[2025-02-09T18:53:13.594-0700] {logging_mixin.py:190} INFO - [2025-02-09T18:53:13.594-0700] {dag.py:4180} INFO - Setting next_dagrun for example_short_circuit_operator to None, run_after=None
[2025-02-09T18:53:13.601-0700] {processor.py:208} INFO - Processing /Users/pranithjain/Desktop/DE Project/Apache Airflow Project/venv/lib/python3.10/site-packages/airflow/example_dags/example_short_circuit_operator.py took 0.092 seconds
[2025-02-09T18:54:55.091-0700] {processor.py:186} INFO - Started process (PID=20111) to work on /Users/pranithjain/Desktop/DE Project/Apache Airflow Project/venv/lib/python3.10/site-packages/airflow/example_dags/example_short_circuit_operator.py
[2025-02-09T18:54:55.091-0700] {processor.py:914} INFO - Processing file /Users/pranithjain/Desktop/DE Project/Apache Airflow Project/venv/lib/python3.10/site-packages/airflow/example_dags/example_short_circuit_operator.py for tasks to queue
[2025-02-09T18:54:55.092-0700] {logging_mixin.py:190} INFO - [2025-02-09T18:54:55.092-0700] {dagbag.py:588} INFO - Filling up the DagBag from /Users/pranithjain/Desktop/DE Project/Apache Airflow Project/venv/lib/python3.10/site-packages/airflow/example_dags/example_short_circuit_operator.py
[2025-02-09T18:54:55.103-0700] {processor.py:925} INFO - DAG(s) 'example_short_circuit_operator' retrieved from /Users/pranithjain/Desktop/DE Project/Apache Airflow Project/venv/lib/python3.10/site-packages/airflow/example_dags/example_short_circuit_operator.py
[2025-02-09T18:54:55.171-0700] {logging_mixin.py:190} INFO - [2025-02-09T18:54:55.171-0700] {dag.py:3239} INFO - Sync 1 DAGs
[2025-02-09T18:54:55.176-0700] {logging_mixin.py:190} INFO - [2025-02-09T18:54:55.176-0700] {dag.py:4180} INFO - Setting next_dagrun for example_short_circuit_operator to None, run_after=None
[2025-02-09T18:54:55.184-0700] {processor.py:208} INFO - Processing /Users/pranithjain/Desktop/DE Project/Apache Airflow Project/venv/lib/python3.10/site-packages/airflow/example_dags/example_short_circuit_operator.py took 0.095 seconds
[2025-02-09T18:56:07.967-0700] {processor.py:186} INFO - Started process (PID=20334) to work on /Users/pranithjain/Desktop/DE Project/Apache Airflow Project/venv/lib/python3.10/site-packages/airflow/example_dags/example_short_circuit_operator.py
[2025-02-09T18:56:07.968-0700] {processor.py:914} INFO - Processing file /Users/pranithjain/Desktop/DE Project/Apache Airflow Project/venv/lib/python3.10/site-packages/airflow/example_dags/example_short_circuit_operator.py for tasks to queue
[2025-02-09T18:56:07.968-0700] {logging_mixin.py:190} INFO - [2025-02-09T18:56:07.968-0700] {dagbag.py:588} INFO - Filling up the DagBag from /Users/pranithjain/Desktop/DE Project/Apache Airflow Project/venv/lib/python3.10/site-packages/airflow/example_dags/example_short_circuit_operator.py
[2025-02-09T18:56:07.979-0700] {processor.py:925} INFO - DAG(s) 'example_short_circuit_operator' retrieved from /Users/pranithjain/Desktop/DE Project/Apache Airflow Project/venv/lib/python3.10/site-packages/airflow/example_dags/example_short_circuit_operator.py
[2025-02-09T18:56:08.047-0700] {logging_mixin.py:190} INFO - [2025-02-09T18:56:08.047-0700] {dag.py:3239} INFO - Sync 1 DAGs
[2025-02-09T18:56:08.051-0700] {logging_mixin.py:190} INFO - [2025-02-09T18:56:08.051-0700] {dag.py:4180} INFO - Setting next_dagrun for example_short_circuit_operator to None, run_after=None
[2025-02-09T18:56:08.059-0700] {processor.py:208} INFO - Processing /Users/pranithjain/Desktop/DE Project/Apache Airflow Project/venv/lib/python3.10/site-packages/airflow/example_dags/example_short_circuit_operator.py took 0.094 seconds
[2025-02-09T18:57:21.768-0700] {processor.py:186} INFO - Started process (PID=20567) to work on /Users/pranithjain/Desktop/DE Project/Apache Airflow Project/venv/lib/python3.10/site-packages/airflow/example_dags/example_short_circuit_operator.py
[2025-02-09T18:57:21.769-0700] {processor.py:914} INFO - Processing file /Users/pranithjain/Desktop/DE Project/Apache Airflow Project/venv/lib/python3.10/site-packages/airflow/example_dags/example_short_circuit_operator.py for tasks to queue
[2025-02-09T18:57:21.769-0700] {logging_mixin.py:190} INFO - [2025-02-09T18:57:21.769-0700] {dagbag.py:588} INFO - Filling up the DagBag from /Users/pranithjain/Desktop/DE Project/Apache Airflow Project/venv/lib/python3.10/site-packages/airflow/example_dags/example_short_circuit_operator.py
[2025-02-09T18:57:21.780-0700] {processor.py:925} INFO - DAG(s) 'example_short_circuit_operator' retrieved from /Users/pranithjain/Desktop/DE Project/Apache Airflow Project/venv/lib/python3.10/site-packages/airflow/example_dags/example_short_circuit_operator.py
[2025-02-09T18:57:21.847-0700] {logging_mixin.py:190} INFO - [2025-02-09T18:57:21.846-0700] {dag.py:3239} INFO - Sync 1 DAGs
[2025-02-09T18:57:21.851-0700] {logging_mixin.py:190} INFO - [2025-02-09T18:57:21.851-0700] {dag.py:4180} INFO - Setting next_dagrun for example_short_circuit_operator to None, run_after=None
[2025-02-09T18:57:21.859-0700] {processor.py:208} INFO - Processing /Users/pranithjain/Desktop/DE Project/Apache Airflow Project/venv/lib/python3.10/site-packages/airflow/example_dags/example_short_circuit_operator.py took 0.092 seconds
[2025-02-09T19:06:48.587-0700] {processor.py:186} INFO - Started process (PID=21971) to work on /Users/pranithjain/Desktop/DE Project/Apache Airflow Project/venv/lib/python3.10/site-packages/airflow/example_dags/example_short_circuit_operator.py
[2025-02-09T19:06:48.587-0700] {processor.py:914} INFO - Processing file /Users/pranithjain/Desktop/DE Project/Apache Airflow Project/venv/lib/python3.10/site-packages/airflow/example_dags/example_short_circuit_operator.py for tasks to queue
[2025-02-09T19:06:48.588-0700] {logging_mixin.py:190} INFO - [2025-02-09T19:06:48.587-0700] {dagbag.py:588} INFO - Filling up the DagBag from /Users/pranithjain/Desktop/DE Project/Apache Airflow Project/venv/lib/python3.10/site-packages/airflow/example_dags/example_short_circuit_operator.py
[2025-02-09T19:06:48.599-0700] {processor.py:925} INFO - DAG(s) 'example_short_circuit_operator' retrieved from /Users/pranithjain/Desktop/DE Project/Apache Airflow Project/venv/lib/python3.10/site-packages/airflow/example_dags/example_short_circuit_operator.py
[2025-02-09T19:06:48.667-0700] {logging_mixin.py:190} INFO - [2025-02-09T19:06:48.666-0700] {dag.py:3239} INFO - Sync 1 DAGs
[2025-02-09T19:06:48.671-0700] {logging_mixin.py:190} INFO - [2025-02-09T19:06:48.671-0700] {dag.py:4180} INFO - Setting next_dagrun for example_short_circuit_operator to None, run_after=None
[2025-02-09T19:06:48.679-0700] {processor.py:208} INFO - Processing /Users/pranithjain/Desktop/DE Project/Apache Airflow Project/venv/lib/python3.10/site-packages/airflow/example_dags/example_short_circuit_operator.py took 0.094 seconds
[2025-02-09T19:08:26.946-0700] {processor.py:186} INFO - Started process (PID=22277) to work on /Users/pranithjain/Desktop/DE Project/Apache Airflow Project/venv/lib/python3.10/site-packages/airflow/example_dags/example_short_circuit_operator.py
[2025-02-09T19:08:26.947-0700] {processor.py:914} INFO - Processing file /Users/pranithjain/Desktop/DE Project/Apache Airflow Project/venv/lib/python3.10/site-packages/airflow/example_dags/example_short_circuit_operator.py for tasks to queue
[2025-02-09T19:08:26.947-0700] {logging_mixin.py:190} INFO - [2025-02-09T19:08:26.947-0700] {dagbag.py:588} INFO - Filling up the DagBag from /Users/pranithjain/Desktop/DE Project/Apache Airflow Project/venv/lib/python3.10/site-packages/airflow/example_dags/example_short_circuit_operator.py
[2025-02-09T19:08:26.959-0700] {processor.py:925} INFO - DAG(s) 'example_short_circuit_operator' retrieved from /Users/pranithjain/Desktop/DE Project/Apache Airflow Project/venv/lib/python3.10/site-packages/airflow/example_dags/example_short_circuit_operator.py
[2025-02-09T19:08:27.029-0700] {logging_mixin.py:190} INFO - [2025-02-09T19:08:27.029-0700] {dag.py:3239} INFO - Sync 1 DAGs
[2025-02-09T19:08:27.034-0700] {logging_mixin.py:190} INFO - [2025-02-09T19:08:27.034-0700] {dag.py:4180} INFO - Setting next_dagrun for example_short_circuit_operator to None, run_after=None
[2025-02-09T19:08:27.043-0700] {processor.py:208} INFO - Processing /Users/pranithjain/Desktop/DE Project/Apache Airflow Project/venv/lib/python3.10/site-packages/airflow/example_dags/example_short_circuit_operator.py took 0.099 seconds
[2025-02-09T19:09:39.515-0700] {processor.py:186} INFO - Started process (PID=22500) to work on /Users/pranithjain/Desktop/DE Project/Apache Airflow Project/venv/lib/python3.10/site-packages/airflow/example_dags/example_short_circuit_operator.py
[2025-02-09T19:09:39.515-0700] {processor.py:914} INFO - Processing file /Users/pranithjain/Desktop/DE Project/Apache Airflow Project/venv/lib/python3.10/site-packages/airflow/example_dags/example_short_circuit_operator.py for tasks to queue
[2025-02-09T19:09:39.516-0700] {logging_mixin.py:190} INFO - [2025-02-09T19:09:39.516-0700] {dagbag.py:588} INFO - Filling up the DagBag from /Users/pranithjain/Desktop/DE Project/Apache Airflow Project/venv/lib/python3.10/site-packages/airflow/example_dags/example_short_circuit_operator.py
[2025-02-09T19:09:39.527-0700] {processor.py:925} INFO - DAG(s) 'example_short_circuit_operator' retrieved from /Users/pranithjain/Desktop/DE Project/Apache Airflow Project/venv/lib/python3.10/site-packages/airflow/example_dags/example_short_circuit_operator.py
[2025-02-09T19:09:39.629-0700] {logging_mixin.py:190} INFO - [2025-02-09T19:09:39.629-0700] {dag.py:3239} INFO - Sync 1 DAGs
[2025-02-09T19:09:39.633-0700] {logging_mixin.py:190} INFO - [2025-02-09T19:09:39.633-0700] {dag.py:4180} INFO - Setting next_dagrun for example_short_circuit_operator to None, run_after=None
[2025-02-09T19:09:39.640-0700] {processor.py:208} INFO - Processing /Users/pranithjain/Desktop/DE Project/Apache Airflow Project/venv/lib/python3.10/site-packages/airflow/example_dags/example_short_circuit_operator.py took 0.127 seconds
[2025-02-09T19:13:19.234-0700] {processor.py:186} INFO - Started process (PID=23128) to work on /Users/pranithjain/Desktop/DE Project/Apache Airflow Project/venv/lib/python3.10/site-packages/airflow/example_dags/example_short_circuit_operator.py
[2025-02-09T19:13:19.234-0700] {processor.py:914} INFO - Processing file /Users/pranithjain/Desktop/DE Project/Apache Airflow Project/venv/lib/python3.10/site-packages/airflow/example_dags/example_short_circuit_operator.py for tasks to queue
[2025-02-09T19:13:19.235-0700] {logging_mixin.py:190} INFO - [2025-02-09T19:13:19.235-0700] {dagbag.py:588} INFO - Filling up the DagBag from /Users/pranithjain/Desktop/DE Project/Apache Airflow Project/venv/lib/python3.10/site-packages/airflow/example_dags/example_short_circuit_operator.py
[2025-02-09T19:13:19.246-0700] {processor.py:925} INFO - DAG(s) 'example_short_circuit_operator' retrieved from /Users/pranithjain/Desktop/DE Project/Apache Airflow Project/venv/lib/python3.10/site-packages/airflow/example_dags/example_short_circuit_operator.py
[2025-02-09T19:13:19.313-0700] {logging_mixin.py:190} INFO - [2025-02-09T19:13:19.312-0700] {dag.py:3239} INFO - Sync 1 DAGs
[2025-02-09T19:13:19.317-0700] {logging_mixin.py:190} INFO - [2025-02-09T19:13:19.317-0700] {dag.py:4180} INFO - Setting next_dagrun for example_short_circuit_operator to None, run_after=None
[2025-02-09T19:13:19.324-0700] {processor.py:208} INFO - Processing /Users/pranithjain/Desktop/DE Project/Apache Airflow Project/venv/lib/python3.10/site-packages/airflow/example_dags/example_short_circuit_operator.py took 0.092 seconds
[2025-02-09T19:15:02.345-0700] {processor.py:186} INFO - Started process (PID=23444) to work on /Users/pranithjain/Desktop/DE Project/Apache Airflow Project/venv/lib/python3.10/site-packages/airflow/example_dags/example_short_circuit_operator.py
[2025-02-09T19:15:02.345-0700] {processor.py:914} INFO - Processing file /Users/pranithjain/Desktop/DE Project/Apache Airflow Project/venv/lib/python3.10/site-packages/airflow/example_dags/example_short_circuit_operator.py for tasks to queue
[2025-02-09T19:15:02.346-0700] {logging_mixin.py:190} INFO - [2025-02-09T19:15:02.346-0700] {dagbag.py:588} INFO - Filling up the DagBag from /Users/pranithjain/Desktop/DE Project/Apache Airflow Project/venv/lib/python3.10/site-packages/airflow/example_dags/example_short_circuit_operator.py
[2025-02-09T19:15:02.357-0700] {processor.py:925} INFO - DAG(s) 'example_short_circuit_operator' retrieved from /Users/pranithjain/Desktop/DE Project/Apache Airflow Project/venv/lib/python3.10/site-packages/airflow/example_dags/example_short_circuit_operator.py
[2025-02-09T19:15:02.424-0700] {logging_mixin.py:190} INFO - [2025-02-09T19:15:02.424-0700] {dag.py:3239} INFO - Sync 1 DAGs
[2025-02-09T19:15:02.428-0700] {logging_mixin.py:190} INFO - [2025-02-09T19:15:02.428-0700] {dag.py:4180} INFO - Setting next_dagrun for example_short_circuit_operator to None, run_after=None
[2025-02-09T19:15:02.436-0700] {processor.py:208} INFO - Processing /Users/pranithjain/Desktop/DE Project/Apache Airflow Project/venv/lib/python3.10/site-packages/airflow/example_dags/example_short_circuit_operator.py took 0.092 seconds
[2025-02-09T19:17:21.876-0700] {processor.py:186} INFO - Started process (PID=23871) to work on /Users/pranithjain/Desktop/DE Project/Apache Airflow Project/venv/lib/python3.10/site-packages/airflow/example_dags/example_short_circuit_operator.py
[2025-02-09T19:17:21.877-0700] {processor.py:914} INFO - Processing file /Users/pranithjain/Desktop/DE Project/Apache Airflow Project/venv/lib/python3.10/site-packages/airflow/example_dags/example_short_circuit_operator.py for tasks to queue
[2025-02-09T19:17:21.878-0700] {logging_mixin.py:190} INFO - [2025-02-09T19:17:21.877-0700] {dagbag.py:588} INFO - Filling up the DagBag from /Users/pranithjain/Desktop/DE Project/Apache Airflow Project/venv/lib/python3.10/site-packages/airflow/example_dags/example_short_circuit_operator.py
[2025-02-09T19:17:21.889-0700] {processor.py:925} INFO - DAG(s) 'example_short_circuit_operator' retrieved from /Users/pranithjain/Desktop/DE Project/Apache Airflow Project/venv/lib/python3.10/site-packages/airflow/example_dags/example_short_circuit_operator.py
[2025-02-09T19:17:21.954-0700] {logging_mixin.py:190} INFO - [2025-02-09T19:17:21.954-0700] {dag.py:3239} INFO - Sync 1 DAGs
[2025-02-09T19:17:21.959-0700] {logging_mixin.py:190} INFO - [2025-02-09T19:17:21.958-0700] {dag.py:4180} INFO - Setting next_dagrun for example_short_circuit_operator to None, run_after=None
[2025-02-09T19:17:21.966-0700] {processor.py:208} INFO - Processing /Users/pranithjain/Desktop/DE Project/Apache Airflow Project/venv/lib/python3.10/site-packages/airflow/example_dags/example_short_circuit_operator.py took 0.092 seconds
[2025-02-09T19:18:35.082-0700] {processor.py:186} INFO - Started process (PID=24092) to work on /Users/pranithjain/Desktop/DE Project/Apache Airflow Project/venv/lib/python3.10/site-packages/airflow/example_dags/example_short_circuit_operator.py
[2025-02-09T19:18:35.082-0700] {processor.py:914} INFO - Processing file /Users/pranithjain/Desktop/DE Project/Apache Airflow Project/venv/lib/python3.10/site-packages/airflow/example_dags/example_short_circuit_operator.py for tasks to queue
[2025-02-09T19:18:35.083-0700] {logging_mixin.py:190} INFO - [2025-02-09T19:18:35.083-0700] {dagbag.py:588} INFO - Filling up the DagBag from /Users/pranithjain/Desktop/DE Project/Apache Airflow Project/venv/lib/python3.10/site-packages/airflow/example_dags/example_short_circuit_operator.py
[2025-02-09T19:18:35.095-0700] {processor.py:925} INFO - DAG(s) 'example_short_circuit_operator' retrieved from /Users/pranithjain/Desktop/DE Project/Apache Airflow Project/venv/lib/python3.10/site-packages/airflow/example_dags/example_short_circuit_operator.py
[2025-02-09T19:18:35.176-0700] {logging_mixin.py:190} INFO - [2025-02-09T19:18:35.176-0700] {dag.py:3239} INFO - Sync 1 DAGs
[2025-02-09T19:18:35.181-0700] {logging_mixin.py:190} INFO - [2025-02-09T19:18:35.181-0700] {dag.py:4180} INFO - Setting next_dagrun for example_short_circuit_operator to None, run_after=None
[2025-02-09T19:18:35.190-0700] {processor.py:208} INFO - Processing /Users/pranithjain/Desktop/DE Project/Apache Airflow Project/venv/lib/python3.10/site-packages/airflow/example_dags/example_short_circuit_operator.py took 0.110 seconds
[2025-02-09T19:19:47.635-0700] {processor.py:186} INFO - Started process (PID=24319) to work on /Users/pranithjain/Desktop/DE Project/Apache Airflow Project/venv/lib/python3.10/site-packages/airflow/example_dags/example_short_circuit_operator.py
[2025-02-09T19:19:47.635-0700] {processor.py:914} INFO - Processing file /Users/pranithjain/Desktop/DE Project/Apache Airflow Project/venv/lib/python3.10/site-packages/airflow/example_dags/example_short_circuit_operator.py for tasks to queue
[2025-02-09T19:19:47.636-0700] {logging_mixin.py:190} INFO - [2025-02-09T19:19:47.636-0700] {dagbag.py:588} INFO - Filling up the DagBag from /Users/pranithjain/Desktop/DE Project/Apache Airflow Project/venv/lib/python3.10/site-packages/airflow/example_dags/example_short_circuit_operator.py
[2025-02-09T19:19:47.647-0700] {processor.py:925} INFO - DAG(s) 'example_short_circuit_operator' retrieved from /Users/pranithjain/Desktop/DE Project/Apache Airflow Project/venv/lib/python3.10/site-packages/airflow/example_dags/example_short_circuit_operator.py
[2025-02-09T19:19:47.719-0700] {logging_mixin.py:190} INFO - [2025-02-09T19:19:47.719-0700] {dag.py:3239} INFO - Sync 1 DAGs
[2025-02-09T19:19:47.724-0700] {logging_mixin.py:190} INFO - [2025-02-09T19:19:47.724-0700] {dag.py:4180} INFO - Setting next_dagrun for example_short_circuit_operator to None, run_after=None
[2025-02-09T19:19:47.732-0700] {processor.py:208} INFO - Processing /Users/pranithjain/Desktop/DE Project/Apache Airflow Project/venv/lib/python3.10/site-packages/airflow/example_dags/example_short_circuit_operator.py took 0.100 seconds
[2025-02-09T19:21:01.573-0700] {processor.py:186} INFO - Started process (PID=24542) to work on /Users/pranithjain/Desktop/DE Project/Apache Airflow Project/venv/lib/python3.10/site-packages/airflow/example_dags/example_short_circuit_operator.py
[2025-02-09T19:21:01.573-0700] {processor.py:914} INFO - Processing file /Users/pranithjain/Desktop/DE Project/Apache Airflow Project/venv/lib/python3.10/site-packages/airflow/example_dags/example_short_circuit_operator.py for tasks to queue
[2025-02-09T19:21:01.574-0700] {logging_mixin.py:190} INFO - [2025-02-09T19:21:01.574-0700] {dagbag.py:588} INFO - Filling up the DagBag from /Users/pranithjain/Desktop/DE Project/Apache Airflow Project/venv/lib/python3.10/site-packages/airflow/example_dags/example_short_circuit_operator.py
[2025-02-09T19:21:01.585-0700] {processor.py:925} INFO - DAG(s) 'example_short_circuit_operator' retrieved from /Users/pranithjain/Desktop/DE Project/Apache Airflow Project/venv/lib/python3.10/site-packages/airflow/example_dags/example_short_circuit_operator.py
[2025-02-09T19:21:01.653-0700] {logging_mixin.py:190} INFO - [2025-02-09T19:21:01.652-0700] {dag.py:3239} INFO - Sync 1 DAGs
[2025-02-09T19:21:01.657-0700] {logging_mixin.py:190} INFO - [2025-02-09T19:21:01.657-0700] {dag.py:4180} INFO - Setting next_dagrun for example_short_circuit_operator to None, run_after=None
[2025-02-09T19:21:01.664-0700] {processor.py:208} INFO - Processing /Users/pranithjain/Desktop/DE Project/Apache Airflow Project/venv/lib/python3.10/site-packages/airflow/example_dags/example_short_circuit_operator.py took 0.093 seconds
[2025-02-09T19:22:15.485-0700] {processor.py:186} INFO - Started process (PID=24860) to work on /Users/pranithjain/Desktop/DE Project/Apache Airflow Project/venv/lib/python3.10/site-packages/airflow/example_dags/example_short_circuit_operator.py
[2025-02-09T19:22:15.485-0700] {processor.py:914} INFO - Processing file /Users/pranithjain/Desktop/DE Project/Apache Airflow Project/venv/lib/python3.10/site-packages/airflow/example_dags/example_short_circuit_operator.py for tasks to queue
[2025-02-09T19:22:15.486-0700] {logging_mixin.py:190} INFO - [2025-02-09T19:22:15.486-0700] {dagbag.py:588} INFO - Filling up the DagBag from /Users/pranithjain/Desktop/DE Project/Apache Airflow Project/venv/lib/python3.10/site-packages/airflow/example_dags/example_short_circuit_operator.py
[2025-02-09T19:22:15.497-0700] {processor.py:925} INFO - DAG(s) 'example_short_circuit_operator' retrieved from /Users/pranithjain/Desktop/DE Project/Apache Airflow Project/venv/lib/python3.10/site-packages/airflow/example_dags/example_short_circuit_operator.py
[2025-02-09T19:22:15.563-0700] {logging_mixin.py:190} INFO - [2025-02-09T19:22:15.563-0700] {dag.py:3239} INFO - Sync 1 DAGs
[2025-02-09T19:22:15.567-0700] {logging_mixin.py:190} INFO - [2025-02-09T19:22:15.567-0700] {dag.py:4180} INFO - Setting next_dagrun for example_short_circuit_operator to None, run_after=None
[2025-02-09T19:22:15.575-0700] {processor.py:208} INFO - Processing /Users/pranithjain/Desktop/DE Project/Apache Airflow Project/venv/lib/python3.10/site-packages/airflow/example_dags/example_short_circuit_operator.py took 0.091 seconds
[2025-02-09T19:23:26.683-0700] {processor.py:186} INFO - Started process (PID=25077) to work on /Users/pranithjain/Desktop/DE Project/Apache Airflow Project/venv/lib/python3.10/site-packages/airflow/example_dags/example_short_circuit_operator.py
[2025-02-09T19:23:26.684-0700] {processor.py:914} INFO - Processing file /Users/pranithjain/Desktop/DE Project/Apache Airflow Project/venv/lib/python3.10/site-packages/airflow/example_dags/example_short_circuit_operator.py for tasks to queue
[2025-02-09T19:23:26.684-0700] {logging_mixin.py:190} INFO - [2025-02-09T19:23:26.684-0700] {dagbag.py:588} INFO - Filling up the DagBag from /Users/pranithjain/Desktop/DE Project/Apache Airflow Project/venv/lib/python3.10/site-packages/airflow/example_dags/example_short_circuit_operator.py
[2025-02-09T19:23:26.695-0700] {processor.py:925} INFO - DAG(s) 'example_short_circuit_operator' retrieved from /Users/pranithjain/Desktop/DE Project/Apache Airflow Project/venv/lib/python3.10/site-packages/airflow/example_dags/example_short_circuit_operator.py
[2025-02-09T19:23:26.762-0700] {logging_mixin.py:190} INFO - [2025-02-09T19:23:26.762-0700] {dag.py:3239} INFO - Sync 1 DAGs
[2025-02-09T19:23:26.767-0700] {logging_mixin.py:190} INFO - [2025-02-09T19:23:26.767-0700] {dag.py:4180} INFO - Setting next_dagrun for example_short_circuit_operator to None, run_after=None
[2025-02-09T19:23:26.775-0700] {processor.py:208} INFO - Processing /Users/pranithjain/Desktop/DE Project/Apache Airflow Project/venv/lib/python3.10/site-packages/airflow/example_dags/example_short_circuit_operator.py took 0.094 seconds
[2025-02-09T19:25:40.323-0700] {processor.py:186} INFO - Started process (PID=25491) to work on /Users/pranithjain/Desktop/DE Project/Apache Airflow Project/venv/lib/python3.10/site-packages/airflow/example_dags/example_short_circuit_operator.py
[2025-02-09T19:25:40.323-0700] {processor.py:914} INFO - Processing file /Users/pranithjain/Desktop/DE Project/Apache Airflow Project/venv/lib/python3.10/site-packages/airflow/example_dags/example_short_circuit_operator.py for tasks to queue
[2025-02-09T19:25:40.324-0700] {logging_mixin.py:190} INFO - [2025-02-09T19:25:40.324-0700] {dagbag.py:588} INFO - Filling up the DagBag from /Users/pranithjain/Desktop/DE Project/Apache Airflow Project/venv/lib/python3.10/site-packages/airflow/example_dags/example_short_circuit_operator.py
[2025-02-09T19:25:40.335-0700] {processor.py:925} INFO - DAG(s) 'example_short_circuit_operator' retrieved from /Users/pranithjain/Desktop/DE Project/Apache Airflow Project/venv/lib/python3.10/site-packages/airflow/example_dags/example_short_circuit_operator.py
[2025-02-09T19:25:40.403-0700] {logging_mixin.py:190} INFO - [2025-02-09T19:25:40.403-0700] {dag.py:3239} INFO - Sync 1 DAGs
[2025-02-09T19:25:40.408-0700] {logging_mixin.py:190} INFO - [2025-02-09T19:25:40.408-0700] {dag.py:4180} INFO - Setting next_dagrun for example_short_circuit_operator to None, run_after=None
[2025-02-09T19:25:40.415-0700] {processor.py:208} INFO - Processing /Users/pranithjain/Desktop/DE Project/Apache Airflow Project/venv/lib/python3.10/site-packages/airflow/example_dags/example_short_circuit_operator.py took 0.094 seconds
[2025-02-09T19:26:52.256-0700] {processor.py:186} INFO - Started process (PID=25812) to work on /Users/pranithjain/Desktop/DE Project/Apache Airflow Project/venv/lib/python3.10/site-packages/airflow/example_dags/example_short_circuit_operator.py
[2025-02-09T19:26:52.257-0700] {processor.py:914} INFO - Processing file /Users/pranithjain/Desktop/DE Project/Apache Airflow Project/venv/lib/python3.10/site-packages/airflow/example_dags/example_short_circuit_operator.py for tasks to queue
[2025-02-09T19:26:52.258-0700] {logging_mixin.py:190} INFO - [2025-02-09T19:26:52.258-0700] {dagbag.py:588} INFO - Filling up the DagBag from /Users/pranithjain/Desktop/DE Project/Apache Airflow Project/venv/lib/python3.10/site-packages/airflow/example_dags/example_short_circuit_operator.py
[2025-02-09T19:26:52.269-0700] {processor.py:925} INFO - DAG(s) 'example_short_circuit_operator' retrieved from /Users/pranithjain/Desktop/DE Project/Apache Airflow Project/venv/lib/python3.10/site-packages/airflow/example_dags/example_short_circuit_operator.py
[2025-02-09T19:26:52.338-0700] {logging_mixin.py:190} INFO - [2025-02-09T19:26:52.338-0700] {dag.py:3239} INFO - Sync 1 DAGs
[2025-02-09T19:26:52.343-0700] {logging_mixin.py:190} INFO - [2025-02-09T19:26:52.343-0700] {dag.py:4180} INFO - Setting next_dagrun for example_short_circuit_operator to None, run_after=None
[2025-02-09T19:26:52.351-0700] {processor.py:208} INFO - Processing /Users/pranithjain/Desktop/DE Project/Apache Airflow Project/venv/lib/python3.10/site-packages/airflow/example_dags/example_short_circuit_operator.py took 0.097 seconds
[2025-02-09T19:28:44.041-0700] {processor.py:186} INFO - Started process (PID=26180) to work on /Users/pranithjain/Desktop/DE Project/Apache Airflow Project/venv/lib/python3.10/site-packages/airflow/example_dags/example_short_circuit_operator.py
[2025-02-09T19:28:44.042-0700] {processor.py:914} INFO - Processing file /Users/pranithjain/Desktop/DE Project/Apache Airflow Project/venv/lib/python3.10/site-packages/airflow/example_dags/example_short_circuit_operator.py for tasks to queue
[2025-02-09T19:28:44.042-0700] {logging_mixin.py:190} INFO - [2025-02-09T19:28:44.042-0700] {dagbag.py:588} INFO - Filling up the DagBag from /Users/pranithjain/Desktop/DE Project/Apache Airflow Project/venv/lib/python3.10/site-packages/airflow/example_dags/example_short_circuit_operator.py
[2025-02-09T19:28:44.054-0700] {processor.py:925} INFO - DAG(s) 'example_short_circuit_operator' retrieved from /Users/pranithjain/Desktop/DE Project/Apache Airflow Project/venv/lib/python3.10/site-packages/airflow/example_dags/example_short_circuit_operator.py
[2025-02-09T19:28:44.123-0700] {logging_mixin.py:190} INFO - [2025-02-09T19:28:44.123-0700] {dag.py:3239} INFO - Sync 1 DAGs
[2025-02-09T19:28:44.128-0700] {logging_mixin.py:190} INFO - [2025-02-09T19:28:44.128-0700] {dag.py:4180} INFO - Setting next_dagrun for example_short_circuit_operator to None, run_after=None
[2025-02-09T19:28:44.138-0700] {processor.py:208} INFO - Processing /Users/pranithjain/Desktop/DE Project/Apache Airflow Project/venv/lib/python3.10/site-packages/airflow/example_dags/example_short_circuit_operator.py took 0.099 seconds
