[2025-02-09T18:48:06.411-0700] {processor.py:186} INFO - Started process (PID=18833) to work on /Users/pranithjain/Desktop/DE Project/Apache Airflow Project/venv/lib/python3.10/site-packages/airflow/example_dags/example_short_circuit_decorator.py
[2025-02-09T18:48:06.412-0700] {processor.py:914} INFO - Processing file /Users/pranithjain/Desktop/DE Project/Apache Airflow Project/venv/lib/python3.10/site-packages/airflow/example_dags/example_short_circuit_decorator.py for tasks to queue
[2025-02-09T18:48:06.412-0700] {logging_mixin.py:190} INFO - [2025-02-09T18:48:06.412-0700] {dagbag.py:588} INFO - Filling up the DagBag from /Users/pranithjain/Desktop/DE Project/Apache Airflow Project/venv/lib/python3.10/site-packages/airflow/example_dags/example_short_circuit_decorator.py
[2025-02-09T18:48:06.429-0700] {processor.py:925} INFO - DAG(s) 'example_short_circuit_decorator' retrieved from /Users/pranithjain/Desktop/DE Project/Apache Airflow Project/venv/lib/python3.10/site-packages/airflow/example_dags/example_short_circuit_decorator.py
[2025-02-09T18:48:06.529-0700] {logging_mixin.py:190} INFO - [2025-02-09T18:48:06.529-0700] {override.py:1930} INFO - Created Permission View: can edit on DAG:example_short_circuit_decorator
[2025-02-09T18:48:06.533-0700] {logging_mixin.py:190} INFO - [2025-02-09T18:48:06.533-0700] {override.py:1930} INFO - Created Permission View: can delete on DAG:example_short_circuit_decorator
[2025-02-09T18:48:06.535-0700] {logging_mixin.py:190} INFO - [2025-02-09T18:48:06.535-0700] {override.py:1930} INFO - Created Permission View: can read on DAG:example_short_circuit_decorator
[2025-02-09T18:48:06.537-0700] {logging_mixin.py:190} INFO - [2025-02-09T18:48:06.537-0700] {override.py:1930} INFO - Created Permission View: can delete on DAG Run:example_short_circuit_decorator
[2025-02-09T18:48:06.539-0700] {logging_mixin.py:190} INFO - [2025-02-09T18:48:06.539-0700] {override.py:1930} INFO - Created Permission View: menu access on DAG Run:example_short_circuit_decorator
[2025-02-09T18:48:06.541-0700] {logging_mixin.py:190} INFO - [2025-02-09T18:48:06.541-0700] {override.py:1930} INFO - Created Permission View: can create on DAG Run:example_short_circuit_decorator
[2025-02-09T18:48:06.543-0700] {logging_mixin.py:190} INFO - [2025-02-09T18:48:06.543-0700] {override.py:1930} INFO - Created Permission View: can read on DAG Run:example_short_circuit_decorator
[2025-02-09T18:48:06.543-0700] {logging_mixin.py:190} INFO - [2025-02-09T18:48:06.543-0700] {dag.py:3239} INFO - Sync 1 DAGs
[2025-02-09T18:48:06.548-0700] {logging_mixin.py:190} INFO - [2025-02-09T18:48:06.547-0700] {dag.py:3262} INFO - Creating ORM DAG for example_short_circuit_decorator
[2025-02-09T18:48:06.548-0700] {logging_mixin.py:190} INFO - [2025-02-09T18:48:06.548-0700] {dag.py:4180} INFO - Setting next_dagrun for example_short_circuit_decorator to None, run_after=None
[2025-02-09T18:48:06.554-0700] {processor.py:208} INFO - Processing /Users/pranithjain/Desktop/DE Project/Apache Airflow Project/venv/lib/python3.10/site-packages/airflow/example_dags/example_short_circuit_decorator.py took 0.144 seconds
[2025-02-09T18:49:49.106-0700] {processor.py:186} INFO - Started process (PID=19149) to work on /Users/pranithjain/Desktop/DE Project/Apache Airflow Project/venv/lib/python3.10/site-packages/airflow/example_dags/example_short_circuit_decorator.py
[2025-02-09T18:49:49.106-0700] {processor.py:914} INFO - Processing file /Users/pranithjain/Desktop/DE Project/Apache Airflow Project/venv/lib/python3.10/site-packages/airflow/example_dags/example_short_circuit_decorator.py for tasks to queue
[2025-02-09T18:49:49.107-0700] {logging_mixin.py:190} INFO - [2025-02-09T18:49:49.107-0700] {dagbag.py:588} INFO - Filling up the DagBag from /Users/pranithjain/Desktop/DE Project/Apache Airflow Project/venv/lib/python3.10/site-packages/airflow/example_dags/example_short_circuit_decorator.py
[2025-02-09T18:49:49.124-0700] {processor.py:925} INFO - DAG(s) 'example_short_circuit_decorator' retrieved from /Users/pranithjain/Desktop/DE Project/Apache Airflow Project/venv/lib/python3.10/site-packages/airflow/example_dags/example_short_circuit_decorator.py
[2025-02-09T18:49:49.189-0700] {logging_mixin.py:190} INFO - [2025-02-09T18:49:49.189-0700] {dag.py:3239} INFO - Sync 1 DAGs
[2025-02-09T18:49:49.194-0700] {logging_mixin.py:190} INFO - [2025-02-09T18:49:49.194-0700] {dag.py:4180} INFO - Setting next_dagrun for example_short_circuit_decorator to None, run_after=None
[2025-02-09T18:49:49.201-0700] {processor.py:208} INFO - Processing /Users/pranithjain/Desktop/DE Project/Apache Airflow Project/venv/lib/python3.10/site-packages/airflow/example_dags/example_short_circuit_decorator.py took 0.096 seconds
[2025-02-09T18:51:03.226-0700] {processor.py:186} INFO - Started process (PID=19382) to work on /Users/pranithjain/Desktop/DE Project/Apache Airflow Project/venv/lib/python3.10/site-packages/airflow/example_dags/example_short_circuit_decorator.py
[2025-02-09T18:51:03.227-0700] {processor.py:914} INFO - Processing file /Users/pranithjain/Desktop/DE Project/Apache Airflow Project/venv/lib/python3.10/site-packages/airflow/example_dags/example_short_circuit_decorator.py for tasks to queue
[2025-02-09T18:51:03.227-0700] {logging_mixin.py:190} INFO - [2025-02-09T18:51:03.227-0700] {dagbag.py:588} INFO - Filling up the DagBag from /Users/pranithjain/Desktop/DE Project/Apache Airflow Project/venv/lib/python3.10/site-packages/airflow/example_dags/example_short_circuit_decorator.py
[2025-02-09T18:51:03.244-0700] {processor.py:925} INFO - DAG(s) 'example_short_circuit_decorator' retrieved from /Users/pranithjain/Desktop/DE Project/Apache Airflow Project/venv/lib/python3.10/site-packages/airflow/example_dags/example_short_circuit_decorator.py
[2025-02-09T18:51:03.309-0700] {logging_mixin.py:190} INFO - [2025-02-09T18:51:03.309-0700] {dag.py:3239} INFO - Sync 1 DAGs
[2025-02-09T18:51:03.314-0700] {logging_mixin.py:190} INFO - [2025-02-09T18:51:03.314-0700] {dag.py:4180} INFO - Setting next_dagrun for example_short_circuit_decorator to None, run_after=None
[2025-02-09T18:51:03.320-0700] {processor.py:208} INFO - Processing /Users/pranithjain/Desktop/DE Project/Apache Airflow Project/venv/lib/python3.10/site-packages/airflow/example_dags/example_short_circuit_decorator.py took 0.096 seconds
[2025-02-09T18:53:15.348-0700] {processor.py:186} INFO - Started process (PID=19802) to work on /Users/pranithjain/Desktop/DE Project/Apache Airflow Project/venv/lib/python3.10/site-packages/airflow/example_dags/example_short_circuit_decorator.py
[2025-02-09T18:53:15.349-0700] {processor.py:914} INFO - Processing file /Users/pranithjain/Desktop/DE Project/Apache Airflow Project/venv/lib/python3.10/site-packages/airflow/example_dags/example_short_circuit_decorator.py for tasks to queue
[2025-02-09T18:53:15.350-0700] {logging_mixin.py:190} INFO - [2025-02-09T18:53:15.350-0700] {dagbag.py:588} INFO - Filling up the DagBag from /Users/pranithjain/Desktop/DE Project/Apache Airflow Project/venv/lib/python3.10/site-packages/airflow/example_dags/example_short_circuit_decorator.py
[2025-02-09T18:53:15.366-0700] {processor.py:925} INFO - DAG(s) 'example_short_circuit_decorator' retrieved from /Users/pranithjain/Desktop/DE Project/Apache Airflow Project/venv/lib/python3.10/site-packages/airflow/example_dags/example_short_circuit_decorator.py
[2025-02-09T18:53:15.434-0700] {logging_mixin.py:190} INFO - [2025-02-09T18:53:15.434-0700] {dag.py:3239} INFO - Sync 1 DAGs
[2025-02-09T18:53:15.439-0700] {logging_mixin.py:190} INFO - [2025-02-09T18:53:15.439-0700] {dag.py:4180} INFO - Setting next_dagrun for example_short_circuit_decorator to None, run_after=None
[2025-02-09T18:53:15.446-0700] {processor.py:208} INFO - Processing /Users/pranithjain/Desktop/DE Project/Apache Airflow Project/venv/lib/python3.10/site-packages/airflow/example_dags/example_short_circuit_decorator.py took 0.100 seconds
[2025-02-09T18:54:56.927-0700] {processor.py:186} INFO - Started process (PID=20116) to work on /Users/pranithjain/Desktop/DE Project/Apache Airflow Project/venv/lib/python3.10/site-packages/airflow/example_dags/example_short_circuit_decorator.py
[2025-02-09T18:54:56.927-0700] {processor.py:914} INFO - Processing file /Users/pranithjain/Desktop/DE Project/Apache Airflow Project/venv/lib/python3.10/site-packages/airflow/example_dags/example_short_circuit_decorator.py for tasks to queue
[2025-02-09T18:54:56.928-0700] {logging_mixin.py:190} INFO - [2025-02-09T18:54:56.928-0700] {dagbag.py:588} INFO - Filling up the DagBag from /Users/pranithjain/Desktop/DE Project/Apache Airflow Project/venv/lib/python3.10/site-packages/airflow/example_dags/example_short_circuit_decorator.py
[2025-02-09T18:54:56.944-0700] {processor.py:925} INFO - DAG(s) 'example_short_circuit_decorator' retrieved from /Users/pranithjain/Desktop/DE Project/Apache Airflow Project/venv/lib/python3.10/site-packages/airflow/example_dags/example_short_circuit_decorator.py
[2025-02-09T18:54:57.013-0700] {logging_mixin.py:190} INFO - [2025-02-09T18:54:57.013-0700] {dag.py:3239} INFO - Sync 1 DAGs
[2025-02-09T18:54:57.017-0700] {logging_mixin.py:190} INFO - [2025-02-09T18:54:57.017-0700] {dag.py:4180} INFO - Setting next_dagrun for example_short_circuit_decorator to None, run_after=None
[2025-02-09T18:54:57.025-0700] {processor.py:208} INFO - Processing /Users/pranithjain/Desktop/DE Project/Apache Airflow Project/venv/lib/python3.10/site-packages/airflow/example_dags/example_short_circuit_decorator.py took 0.099 seconds
[2025-02-09T18:57:23.596-0700] {processor.py:186} INFO - Started process (PID=20572) to work on /Users/pranithjain/Desktop/DE Project/Apache Airflow Project/venv/lib/python3.10/site-packages/airflow/example_dags/example_short_circuit_decorator.py
[2025-02-09T18:57:23.597-0700] {processor.py:914} INFO - Processing file /Users/pranithjain/Desktop/DE Project/Apache Airflow Project/venv/lib/python3.10/site-packages/airflow/example_dags/example_short_circuit_decorator.py for tasks to queue
[2025-02-09T18:57:23.597-0700] {logging_mixin.py:190} INFO - [2025-02-09T18:57:23.597-0700] {dagbag.py:588} INFO - Filling up the DagBag from /Users/pranithjain/Desktop/DE Project/Apache Airflow Project/venv/lib/python3.10/site-packages/airflow/example_dags/example_short_circuit_decorator.py
[2025-02-09T18:57:23.613-0700] {processor.py:925} INFO - DAG(s) 'example_short_circuit_decorator' retrieved from /Users/pranithjain/Desktop/DE Project/Apache Airflow Project/venv/lib/python3.10/site-packages/airflow/example_dags/example_short_circuit_decorator.py
[2025-02-09T18:57:23.680-0700] {logging_mixin.py:190} INFO - [2025-02-09T18:57:23.679-0700] {dag.py:3239} INFO - Sync 1 DAGs
[2025-02-09T18:57:23.684-0700] {logging_mixin.py:190} INFO - [2025-02-09T18:57:23.684-0700] {dag.py:4180} INFO - Setting next_dagrun for example_short_circuit_decorator to None, run_after=None
[2025-02-09T18:57:23.691-0700] {processor.py:208} INFO - Processing /Users/pranithjain/Desktop/DE Project/Apache Airflow Project/venv/lib/python3.10/site-packages/airflow/example_dags/example_short_circuit_decorator.py took 0.097 seconds
[2025-02-09T19:06:50.497-0700] {processor.py:186} INFO - Started process (PID=21978) to work on /Users/pranithjain/Desktop/DE Project/Apache Airflow Project/venv/lib/python3.10/site-packages/airflow/example_dags/example_short_circuit_decorator.py
[2025-02-09T19:06:50.498-0700] {processor.py:914} INFO - Processing file /Users/pranithjain/Desktop/DE Project/Apache Airflow Project/venv/lib/python3.10/site-packages/airflow/example_dags/example_short_circuit_decorator.py for tasks to queue
[2025-02-09T19:06:50.498-0700] {logging_mixin.py:190} INFO - [2025-02-09T19:06:50.498-0700] {dagbag.py:588} INFO - Filling up the DagBag from /Users/pranithjain/Desktop/DE Project/Apache Airflow Project/venv/lib/python3.10/site-packages/airflow/example_dags/example_short_circuit_decorator.py
[2025-02-09T19:06:50.515-0700] {processor.py:925} INFO - DAG(s) 'example_short_circuit_decorator' retrieved from /Users/pranithjain/Desktop/DE Project/Apache Airflow Project/venv/lib/python3.10/site-packages/airflow/example_dags/example_short_circuit_decorator.py
[2025-02-09T19:06:50.582-0700] {logging_mixin.py:190} INFO - [2025-02-09T19:06:50.582-0700] {dag.py:3239} INFO - Sync 1 DAGs
[2025-02-09T19:06:50.587-0700] {logging_mixin.py:190} INFO - [2025-02-09T19:06:50.586-0700] {dag.py:4180} INFO - Setting next_dagrun for example_short_circuit_decorator to None, run_after=None
[2025-02-09T19:06:50.594-0700] {processor.py:208} INFO - Processing /Users/pranithjain/Desktop/DE Project/Apache Airflow Project/venv/lib/python3.10/site-packages/airflow/example_dags/example_short_circuit_decorator.py took 0.099 seconds
[2025-02-09T19:08:28.845-0700] {processor.py:186} INFO - Started process (PID=22282) to work on /Users/pranithjain/Desktop/DE Project/Apache Airflow Project/venv/lib/python3.10/site-packages/airflow/example_dags/example_short_circuit_decorator.py
[2025-02-09T19:08:28.846-0700] {processor.py:914} INFO - Processing file /Users/pranithjain/Desktop/DE Project/Apache Airflow Project/venv/lib/python3.10/site-packages/airflow/example_dags/example_short_circuit_decorator.py for tasks to queue
[2025-02-09T19:08:28.846-0700] {logging_mixin.py:190} INFO - [2025-02-09T19:08:28.846-0700] {dagbag.py:588} INFO - Filling up the DagBag from /Users/pranithjain/Desktop/DE Project/Apache Airflow Project/venv/lib/python3.10/site-packages/airflow/example_dags/example_short_circuit_decorator.py
[2025-02-09T19:08:28.863-0700] {processor.py:925} INFO - DAG(s) 'example_short_circuit_decorator' retrieved from /Users/pranithjain/Desktop/DE Project/Apache Airflow Project/venv/lib/python3.10/site-packages/airflow/example_dags/example_short_circuit_decorator.py
[2025-02-09T19:08:28.931-0700] {logging_mixin.py:190} INFO - [2025-02-09T19:08:28.931-0700] {dag.py:3239} INFO - Sync 1 DAGs
[2025-02-09T19:08:28.936-0700] {logging_mixin.py:190} INFO - [2025-02-09T19:08:28.935-0700] {dag.py:4180} INFO - Setting next_dagrun for example_short_circuit_decorator to None, run_after=None
[2025-02-09T19:08:28.942-0700] {processor.py:208} INFO - Processing /Users/pranithjain/Desktop/DE Project/Apache Airflow Project/venv/lib/python3.10/site-packages/airflow/example_dags/example_short_circuit_decorator.py took 0.099 seconds
[2025-02-09T19:13:21.038-0700] {processor.py:186} INFO - Started process (PID=23133) to work on /Users/pranithjain/Desktop/DE Project/Apache Airflow Project/venv/lib/python3.10/site-packages/airflow/example_dags/example_short_circuit_decorator.py
[2025-02-09T19:13:21.038-0700] {processor.py:914} INFO - Processing file /Users/pranithjain/Desktop/DE Project/Apache Airflow Project/venv/lib/python3.10/site-packages/airflow/example_dags/example_short_circuit_decorator.py for tasks to queue
[2025-02-09T19:13:21.039-0700] {logging_mixin.py:190} INFO - [2025-02-09T19:13:21.039-0700] {dagbag.py:588} INFO - Filling up the DagBag from /Users/pranithjain/Desktop/DE Project/Apache Airflow Project/venv/lib/python3.10/site-packages/airflow/example_dags/example_short_circuit_decorator.py
[2025-02-09T19:13:21.055-0700] {processor.py:925} INFO - DAG(s) 'example_short_circuit_decorator' retrieved from /Users/pranithjain/Desktop/DE Project/Apache Airflow Project/venv/lib/python3.10/site-packages/airflow/example_dags/example_short_circuit_decorator.py
[2025-02-09T19:13:21.160-0700] {logging_mixin.py:190} INFO - [2025-02-09T19:13:21.160-0700] {dag.py:3239} INFO - Sync 1 DAGs
[2025-02-09T19:13:21.164-0700] {logging_mixin.py:190} INFO - [2025-02-09T19:13:21.164-0700] {dag.py:4180} INFO - Setting next_dagrun for example_short_circuit_decorator to None, run_after=None
[2025-02-09T19:13:21.173-0700] {processor.py:208} INFO - Processing /Users/pranithjain/Desktop/DE Project/Apache Airflow Project/venv/lib/python3.10/site-packages/airflow/example_dags/example_short_circuit_decorator.py took 0.136 seconds
[2025-02-09T19:15:04.174-0700] {processor.py:186} INFO - Started process (PID=23449) to work on /Users/pranithjain/Desktop/DE Project/Apache Airflow Project/venv/lib/python3.10/site-packages/airflow/example_dags/example_short_circuit_decorator.py
[2025-02-09T19:15:04.175-0700] {processor.py:914} INFO - Processing file /Users/pranithjain/Desktop/DE Project/Apache Airflow Project/venv/lib/python3.10/site-packages/airflow/example_dags/example_short_circuit_decorator.py for tasks to queue
[2025-02-09T19:15:04.175-0700] {logging_mixin.py:190} INFO - [2025-02-09T19:15:04.175-0700] {dagbag.py:588} INFO - Filling up the DagBag from /Users/pranithjain/Desktop/DE Project/Apache Airflow Project/venv/lib/python3.10/site-packages/airflow/example_dags/example_short_circuit_decorator.py
[2025-02-09T19:15:04.193-0700] {processor.py:925} INFO - DAG(s) 'example_short_circuit_decorator' retrieved from /Users/pranithjain/Desktop/DE Project/Apache Airflow Project/venv/lib/python3.10/site-packages/airflow/example_dags/example_short_circuit_decorator.py
[2025-02-09T19:15:04.261-0700] {logging_mixin.py:190} INFO - [2025-02-09T19:15:04.260-0700] {dag.py:3239} INFO - Sync 1 DAGs
[2025-02-09T19:15:04.265-0700] {logging_mixin.py:190} INFO - [2025-02-09T19:15:04.265-0700] {dag.py:4180} INFO - Setting next_dagrun for example_short_circuit_decorator to None, run_after=None
[2025-02-09T19:15:04.272-0700] {processor.py:208} INFO - Processing /Users/pranithjain/Desktop/DE Project/Apache Airflow Project/venv/lib/python3.10/site-packages/airflow/example_dags/example_short_circuit_decorator.py took 0.100 seconds
[2025-02-09T19:17:23.253-0700] {processor.py:186} INFO - Started process (PID=23876) to work on /Users/pranithjain/Desktop/DE Project/Apache Airflow Project/venv/lib/python3.10/site-packages/airflow/example_dags/example_short_circuit_decorator.py
[2025-02-09T19:17:23.253-0700] {processor.py:914} INFO - Processing file /Users/pranithjain/Desktop/DE Project/Apache Airflow Project/venv/lib/python3.10/site-packages/airflow/example_dags/example_short_circuit_decorator.py for tasks to queue
[2025-02-09T19:17:23.254-0700] {logging_mixin.py:190} INFO - [2025-02-09T19:17:23.254-0700] {dagbag.py:588} INFO - Filling up the DagBag from /Users/pranithjain/Desktop/DE Project/Apache Airflow Project/venv/lib/python3.10/site-packages/airflow/example_dags/example_short_circuit_decorator.py
[2025-02-09T19:17:23.270-0700] {processor.py:925} INFO - DAG(s) 'example_short_circuit_decorator' retrieved from /Users/pranithjain/Desktop/DE Project/Apache Airflow Project/venv/lib/python3.10/site-packages/airflow/example_dags/example_short_circuit_decorator.py
[2025-02-09T19:17:23.342-0700] {logging_mixin.py:190} INFO - [2025-02-09T19:17:23.342-0700] {dag.py:3239} INFO - Sync 1 DAGs
[2025-02-09T19:17:23.347-0700] {logging_mixin.py:190} INFO - [2025-02-09T19:17:23.347-0700] {dag.py:4180} INFO - Setting next_dagrun for example_short_circuit_decorator to None, run_after=None
[2025-02-09T19:17:23.354-0700] {processor.py:208} INFO - Processing /Users/pranithjain/Desktop/DE Project/Apache Airflow Project/venv/lib/python3.10/site-packages/airflow/example_dags/example_short_circuit_decorator.py took 0.103 seconds
[2025-02-09T19:19:49.536-0700] {processor.py:186} INFO - Started process (PID=24326) to work on /Users/pranithjain/Desktop/DE Project/Apache Airflow Project/venv/lib/python3.10/site-packages/airflow/example_dags/example_short_circuit_decorator.py
[2025-02-09T19:19:49.537-0700] {processor.py:914} INFO - Processing file /Users/pranithjain/Desktop/DE Project/Apache Airflow Project/venv/lib/python3.10/site-packages/airflow/example_dags/example_short_circuit_decorator.py for tasks to queue
[2025-02-09T19:19:49.537-0700] {logging_mixin.py:190} INFO - [2025-02-09T19:19:49.537-0700] {dagbag.py:588} INFO - Filling up the DagBag from /Users/pranithjain/Desktop/DE Project/Apache Airflow Project/venv/lib/python3.10/site-packages/airflow/example_dags/example_short_circuit_decorator.py
[2025-02-09T19:19:49.554-0700] {processor.py:925} INFO - DAG(s) 'example_short_circuit_decorator' retrieved from /Users/pranithjain/Desktop/DE Project/Apache Airflow Project/venv/lib/python3.10/site-packages/airflow/example_dags/example_short_circuit_decorator.py
[2025-02-09T19:19:49.625-0700] {logging_mixin.py:190} INFO - [2025-02-09T19:19:49.625-0700] {dag.py:3239} INFO - Sync 1 DAGs
[2025-02-09T19:19:49.630-0700] {logging_mixin.py:190} INFO - [2025-02-09T19:19:49.630-0700] {dag.py:4180} INFO - Setting next_dagrun for example_short_circuit_decorator to None, run_after=None
[2025-02-09T19:19:49.637-0700] {processor.py:208} INFO - Processing /Users/pranithjain/Desktop/DE Project/Apache Airflow Project/venv/lib/python3.10/site-packages/airflow/example_dags/example_short_circuit_decorator.py took 0.103 seconds
[2025-02-09T19:22:17.450-0700] {processor.py:186} INFO - Started process (PID=24865) to work on /Users/pranithjain/Desktop/DE Project/Apache Airflow Project/venv/lib/python3.10/site-packages/airflow/example_dags/example_short_circuit_decorator.py
[2025-02-09T19:22:17.450-0700] {processor.py:914} INFO - Processing file /Users/pranithjain/Desktop/DE Project/Apache Airflow Project/venv/lib/python3.10/site-packages/airflow/example_dags/example_short_circuit_decorator.py for tasks to queue
[2025-02-09T19:22:17.451-0700] {logging_mixin.py:190} INFO - [2025-02-09T19:22:17.451-0700] {dagbag.py:588} INFO - Filling up the DagBag from /Users/pranithjain/Desktop/DE Project/Apache Airflow Project/venv/lib/python3.10/site-packages/airflow/example_dags/example_short_circuit_decorator.py
[2025-02-09T19:22:17.467-0700] {processor.py:925} INFO - DAG(s) 'example_short_circuit_decorator' retrieved from /Users/pranithjain/Desktop/DE Project/Apache Airflow Project/venv/lib/python3.10/site-packages/airflow/example_dags/example_short_circuit_decorator.py
[2025-02-09T19:22:17.537-0700] {logging_mixin.py:190} INFO - [2025-02-09T19:22:17.537-0700] {dag.py:3239} INFO - Sync 1 DAGs
[2025-02-09T19:22:17.542-0700] {logging_mixin.py:190} INFO - [2025-02-09T19:22:17.542-0700] {dag.py:4180} INFO - Setting next_dagrun for example_short_circuit_decorator to None, run_after=None
[2025-02-09T19:22:17.550-0700] {processor.py:208} INFO - Processing /Users/pranithjain/Desktop/DE Project/Apache Airflow Project/venv/lib/python3.10/site-packages/airflow/example_dags/example_short_circuit_decorator.py took 0.102 seconds
[2025-02-09T19:24:35.631-0700] {processor.py:186} INFO - Started process (PID=25291) to work on /Users/pranithjain/Desktop/DE Project/Apache Airflow Project/venv/lib/python3.10/site-packages/airflow/example_dags/example_short_circuit_decorator.py
[2025-02-09T19:24:35.631-0700] {processor.py:914} INFO - Processing file /Users/pranithjain/Desktop/DE Project/Apache Airflow Project/venv/lib/python3.10/site-packages/airflow/example_dags/example_short_circuit_decorator.py for tasks to queue
[2025-02-09T19:24:35.632-0700] {logging_mixin.py:190} INFO - [2025-02-09T19:24:35.632-0700] {dagbag.py:588} INFO - Filling up the DagBag from /Users/pranithjain/Desktop/DE Project/Apache Airflow Project/venv/lib/python3.10/site-packages/airflow/example_dags/example_short_circuit_decorator.py
[2025-02-09T19:24:35.648-0700] {processor.py:925} INFO - DAG(s) 'example_short_circuit_decorator' retrieved from /Users/pranithjain/Desktop/DE Project/Apache Airflow Project/venv/lib/python3.10/site-packages/airflow/example_dags/example_short_circuit_decorator.py
[2025-02-09T19:24:35.715-0700] {logging_mixin.py:190} INFO - [2025-02-09T19:24:35.714-0700] {dag.py:3239} INFO - Sync 1 DAGs
[2025-02-09T19:24:35.719-0700] {logging_mixin.py:190} INFO - [2025-02-09T19:24:35.719-0700] {dag.py:4180} INFO - Setting next_dagrun for example_short_circuit_decorator to None, run_after=None
[2025-02-09T19:24:35.726-0700] {processor.py:208} INFO - Processing /Users/pranithjain/Desktop/DE Project/Apache Airflow Project/venv/lib/python3.10/site-packages/airflow/example_dags/example_short_circuit_decorator.py took 0.097 seconds
[2025-02-09T19:26:54.110-0700] {processor.py:186} INFO - Started process (PID=25822) to work on /Users/pranithjain/Desktop/DE Project/Apache Airflow Project/venv/lib/python3.10/site-packages/airflow/example_dags/example_short_circuit_decorator.py
[2025-02-09T19:26:54.112-0700] {processor.py:914} INFO - Processing file /Users/pranithjain/Desktop/DE Project/Apache Airflow Project/venv/lib/python3.10/site-packages/airflow/example_dags/example_short_circuit_decorator.py for tasks to queue
[2025-02-09T19:26:54.112-0700] {logging_mixin.py:190} INFO - [2025-02-09T19:26:54.112-0700] {dagbag.py:588} INFO - Filling up the DagBag from /Users/pranithjain/Desktop/DE Project/Apache Airflow Project/venv/lib/python3.10/site-packages/airflow/example_dags/example_short_circuit_decorator.py
[2025-02-09T19:26:54.128-0700] {processor.py:925} INFO - DAG(s) 'example_short_circuit_decorator' retrieved from /Users/pranithjain/Desktop/DE Project/Apache Airflow Project/venv/lib/python3.10/site-packages/airflow/example_dags/example_short_circuit_decorator.py
[2025-02-09T19:26:54.194-0700] {logging_mixin.py:190} INFO - [2025-02-09T19:26:54.194-0700] {dag.py:3239} INFO - Sync 1 DAGs
[2025-02-09T19:26:54.199-0700] {logging_mixin.py:190} INFO - [2025-02-09T19:26:54.198-0700] {dag.py:4180} INFO - Setting next_dagrun for example_short_circuit_decorator to None, run_after=None
[2025-02-09T19:26:54.205-0700] {processor.py:208} INFO - Processing /Users/pranithjain/Desktop/DE Project/Apache Airflow Project/venv/lib/python3.10/site-packages/airflow/example_dags/example_short_circuit_decorator.py took 0.097 seconds
[2025-02-09T19:28:45.922-0700] {processor.py:186} INFO - Started process (PID=26187) to work on /Users/pranithjain/Desktop/DE Project/Apache Airflow Project/venv/lib/python3.10/site-packages/airflow/example_dags/example_short_circuit_decorator.py
[2025-02-09T19:28:45.923-0700] {processor.py:914} INFO - Processing file /Users/pranithjain/Desktop/DE Project/Apache Airflow Project/venv/lib/python3.10/site-packages/airflow/example_dags/example_short_circuit_decorator.py for tasks to queue
[2025-02-09T19:28:45.923-0700] {logging_mixin.py:190} INFO - [2025-02-09T19:28:45.923-0700] {dagbag.py:588} INFO - Filling up the DagBag from /Users/pranithjain/Desktop/DE Project/Apache Airflow Project/venv/lib/python3.10/site-packages/airflow/example_dags/example_short_circuit_decorator.py
[2025-02-09T19:28:45.940-0700] {processor.py:925} INFO - DAG(s) 'example_short_circuit_decorator' retrieved from /Users/pranithjain/Desktop/DE Project/Apache Airflow Project/venv/lib/python3.10/site-packages/airflow/example_dags/example_short_circuit_decorator.py
[2025-02-09T19:28:46.013-0700] {logging_mixin.py:190} INFO - [2025-02-09T19:28:46.012-0700] {dag.py:3239} INFO - Sync 1 DAGs
[2025-02-09T19:28:46.018-0700] {logging_mixin.py:190} INFO - [2025-02-09T19:28:46.018-0700] {dag.py:4180} INFO - Setting next_dagrun for example_short_circuit_decorator to None, run_after=None
[2025-02-09T19:28:46.026-0700] {processor.py:208} INFO - Processing /Users/pranithjain/Desktop/DE Project/Apache Airflow Project/venv/lib/python3.10/site-packages/airflow/example_dags/example_short_circuit_decorator.py took 0.106 seconds
