[2025-02-09T18:48:37.263-0700] {processor.py:186} INFO - Started process (PID=18925) to work on /Users/pranithjain/Desktop/DE Project/Apache Airflow Project/venv/lib/python3.10/site-packages/airflow/example_dags/example_external_task_marker_dag.py
[2025-02-09T18:48:37.264-0700] {processor.py:914} INFO - Processing file /Users/pranithjain/Desktop/DE Project/Apache Airflow Project/venv/lib/python3.10/site-packages/airflow/example_dags/example_external_task_marker_dag.py for tasks to queue
[2025-02-09T18:48:37.264-0700] {logging_mixin.py:190} INFO - [2025-02-09T18:48:37.264-0700] {dagbag.py:588} INFO - Filling up the DagBag from /Users/pranithjain/Desktop/DE Project/Apache Airflow Project/venv/lib/python3.10/site-packages/airflow/example_dags/example_external_task_marker_dag.py
[2025-02-09T18:48:37.270-0700] {processor.py:925} INFO - DAG(s) 'example_external_task_marker_child', 'example_external_task_marker_parent' retrieved from /Users/pranithjain/Desktop/DE Project/Apache Airflow Project/venv/lib/python3.10/site-packages/airflow/example_dags/example_external_task_marker_dag.py
[2025-02-09T18:48:37.565-0700] {logging_mixin.py:190} INFO - [2025-02-09T18:48:37.565-0700] {override.py:1930} INFO - Created Permission View: can edit on DAG:example_external_task_marker_child
[2025-02-09T18:48:37.568-0700] {logging_mixin.py:190} INFO - [2025-02-09T18:48:37.568-0700] {override.py:1930} INFO - Created Permission View: can delete on DAG:example_external_task_marker_child
[2025-02-09T18:48:37.570-0700] {logging_mixin.py:190} INFO - [2025-02-09T18:48:37.570-0700] {override.py:1930} INFO - Created Permission View: can read on DAG:example_external_task_marker_child
[2025-02-09T18:48:37.573-0700] {logging_mixin.py:190} INFO - [2025-02-09T18:48:37.573-0700] {override.py:1930} INFO - Created Permission View: can create on DAG Run:example_external_task_marker_child
[2025-02-09T18:48:37.575-0700] {logging_mixin.py:190} INFO - [2025-02-09T18:48:37.575-0700] {override.py:1930} INFO - Created Permission View: can delete on DAG Run:example_external_task_marker_child
[2025-02-09T18:48:37.577-0700] {logging_mixin.py:190} INFO - [2025-02-09T18:48:37.577-0700] {override.py:1930} INFO - Created Permission View: menu access on DAG Run:example_external_task_marker_child
[2025-02-09T18:48:37.579-0700] {logging_mixin.py:190} INFO - [2025-02-09T18:48:37.579-0700] {override.py:1930} INFO - Created Permission View: can read on DAG Run:example_external_task_marker_child
[2025-02-09T18:48:37.583-0700] {logging_mixin.py:190} INFO - [2025-02-09T18:48:37.583-0700] {override.py:1930} INFO - Created Permission View: can edit on DAG:example_external_task_marker_parent
[2025-02-09T18:48:37.585-0700] {logging_mixin.py:190} INFO - [2025-02-09T18:48:37.585-0700] {override.py:1930} INFO - Created Permission View: can delete on DAG:example_external_task_marker_parent
[2025-02-09T18:48:37.587-0700] {logging_mixin.py:190} INFO - [2025-02-09T18:48:37.587-0700] {override.py:1930} INFO - Created Permission View: can read on DAG:example_external_task_marker_parent
[2025-02-09T18:48:37.589-0700] {logging_mixin.py:190} INFO - [2025-02-09T18:48:37.589-0700] {override.py:1930} INFO - Created Permission View: can create on DAG Run:example_external_task_marker_parent
[2025-02-09T18:48:37.591-0700] {logging_mixin.py:190} INFO - [2025-02-09T18:48:37.591-0700] {override.py:1930} INFO - Created Permission View: can delete on DAG Run:example_external_task_marker_parent
[2025-02-09T18:48:37.593-0700] {logging_mixin.py:190} INFO - [2025-02-09T18:48:37.593-0700] {override.py:1930} INFO - Created Permission View: menu access on DAG Run:example_external_task_marker_parent
[2025-02-09T18:48:37.595-0700] {logging_mixin.py:190} INFO - [2025-02-09T18:48:37.595-0700] {override.py:1930} INFO - Created Permission View: can read on DAG Run:example_external_task_marker_parent
[2025-02-09T18:48:37.595-0700] {logging_mixin.py:190} INFO - [2025-02-09T18:48:37.595-0700] {dag.py:3239} INFO - Sync 2 DAGs
[2025-02-09T18:48:37.600-0700] {logging_mixin.py:190} INFO - [2025-02-09T18:48:37.600-0700] {dag.py:3262} INFO - Creating ORM DAG for example_external_task_marker_child
[2025-02-09T18:48:37.600-0700] {logging_mixin.py:190} INFO - [2025-02-09T18:48:37.600-0700] {dag.py:3262} INFO - Creating ORM DAG for example_external_task_marker_parent
[2025-02-09T18:48:37.600-0700] {logging_mixin.py:190} INFO - [2025-02-09T18:48:37.600-0700] {dag.py:4180} INFO - Setting next_dagrun for example_external_task_marker_child to None, run_after=None
[2025-02-09T18:48:37.600-0700] {logging_mixin.py:190} INFO - [2025-02-09T18:48:37.600-0700] {dag.py:4180} INFO - Setting next_dagrun for example_external_task_marker_parent to None, run_after=None
[2025-02-09T18:48:37.607-0700] {processor.py:208} INFO - Processing /Users/pranithjain/Desktop/DE Project/Apache Airflow Project/venv/lib/python3.10/site-packages/airflow/example_dags/example_external_task_marker_dag.py took 0.346 seconds
[2025-02-09T18:50:19.547-0700] {processor.py:186} INFO - Started process (PID=19248) to work on /Users/pranithjain/Desktop/DE Project/Apache Airflow Project/venv/lib/python3.10/site-packages/airflow/example_dags/example_external_task_marker_dag.py
[2025-02-09T18:50:19.548-0700] {processor.py:914} INFO - Processing file /Users/pranithjain/Desktop/DE Project/Apache Airflow Project/venv/lib/python3.10/site-packages/airflow/example_dags/example_external_task_marker_dag.py for tasks to queue
[2025-02-09T18:50:19.549-0700] {logging_mixin.py:190} INFO - [2025-02-09T18:50:19.549-0700] {dagbag.py:588} INFO - Filling up the DagBag from /Users/pranithjain/Desktop/DE Project/Apache Airflow Project/venv/lib/python3.10/site-packages/airflow/example_dags/example_external_task_marker_dag.py
[2025-02-09T18:50:19.559-0700] {processor.py:925} INFO - DAG(s) 'example_external_task_marker_child', 'example_external_task_marker_parent' retrieved from /Users/pranithjain/Desktop/DE Project/Apache Airflow Project/venv/lib/python3.10/site-packages/airflow/example_dags/example_external_task_marker_dag.py
[2025-02-09T18:50:19.813-0700] {logging_mixin.py:190} INFO - [2025-02-09T18:50:19.812-0700] {dag.py:3239} INFO - Sync 2 DAGs
[2025-02-09T18:50:19.818-0700] {logging_mixin.py:190} INFO - [2025-02-09T18:50:19.817-0700] {dag.py:4180} INFO - Setting next_dagrun for example_external_task_marker_child to None, run_after=None
[2025-02-09T18:50:19.819-0700] {logging_mixin.py:190} INFO - [2025-02-09T18:50:19.819-0700] {dag.py:4180} INFO - Setting next_dagrun for example_external_task_marker_parent to None, run_after=None
[2025-02-09T18:50:19.825-0700] {processor.py:208} INFO - Processing /Users/pranithjain/Desktop/DE Project/Apache Airflow Project/venv/lib/python3.10/site-packages/airflow/example_dags/example_external_task_marker_dag.py took 0.280 seconds
[2025-02-09T18:53:45.101-0700] {processor.py:186} INFO - Started process (PID=19891) to work on /Users/pranithjain/Desktop/DE Project/Apache Airflow Project/venv/lib/python3.10/site-packages/airflow/example_dags/example_external_task_marker_dag.py
[2025-02-09T18:53:45.102-0700] {processor.py:914} INFO - Processing file /Users/pranithjain/Desktop/DE Project/Apache Airflow Project/venv/lib/python3.10/site-packages/airflow/example_dags/example_external_task_marker_dag.py for tasks to queue
[2025-02-09T18:53:45.103-0700] {logging_mixin.py:190} INFO - [2025-02-09T18:53:45.103-0700] {dagbag.py:588} INFO - Filling up the DagBag from /Users/pranithjain/Desktop/DE Project/Apache Airflow Project/venv/lib/python3.10/site-packages/airflow/example_dags/example_external_task_marker_dag.py
[2025-02-09T18:53:45.109-0700] {processor.py:925} INFO - DAG(s) 'example_external_task_marker_child', 'example_external_task_marker_parent' retrieved from /Users/pranithjain/Desktop/DE Project/Apache Airflow Project/venv/lib/python3.10/site-packages/airflow/example_dags/example_external_task_marker_dag.py
[2025-02-09T18:53:45.314-0700] {logging_mixin.py:190} INFO - [2025-02-09T18:53:45.314-0700] {dag.py:3239} INFO - Sync 2 DAGs
[2025-02-09T18:53:45.319-0700] {logging_mixin.py:190} INFO - [2025-02-09T18:53:45.319-0700] {dag.py:4180} INFO - Setting next_dagrun for example_external_task_marker_child to None, run_after=None
[2025-02-09T18:53:45.320-0700] {logging_mixin.py:190} INFO - [2025-02-09T18:53:45.320-0700] {dag.py:4180} INFO - Setting next_dagrun for example_external_task_marker_parent to None, run_after=None
[2025-02-09T18:53:45.327-0700] {processor.py:208} INFO - Processing /Users/pranithjain/Desktop/DE Project/Apache Airflow Project/venv/lib/python3.10/site-packages/airflow/example_dags/example_external_task_marker_dag.py took 0.228 seconds
[2025-02-09T18:56:09.030-0700] {processor.py:186} INFO - Started process (PID=20339) to work on /Users/pranithjain/Desktop/DE Project/Apache Airflow Project/venv/lib/python3.10/site-packages/airflow/example_dags/example_external_task_marker_dag.py
[2025-02-09T18:56:09.031-0700] {processor.py:914} INFO - Processing file /Users/pranithjain/Desktop/DE Project/Apache Airflow Project/venv/lib/python3.10/site-packages/airflow/example_dags/example_external_task_marker_dag.py for tasks to queue
[2025-02-09T18:56:09.031-0700] {logging_mixin.py:190} INFO - [2025-02-09T18:56:09.031-0700] {dagbag.py:588} INFO - Filling up the DagBag from /Users/pranithjain/Desktop/DE Project/Apache Airflow Project/venv/lib/python3.10/site-packages/airflow/example_dags/example_external_task_marker_dag.py
[2025-02-09T18:56:09.037-0700] {processor.py:925} INFO - DAG(s) 'example_external_task_marker_parent', 'example_external_task_marker_child' retrieved from /Users/pranithjain/Desktop/DE Project/Apache Airflow Project/venv/lib/python3.10/site-packages/airflow/example_dags/example_external_task_marker_dag.py
[2025-02-09T18:56:09.242-0700] {logging_mixin.py:190} INFO - [2025-02-09T18:56:09.242-0700] {dag.py:3239} INFO - Sync 2 DAGs
[2025-02-09T18:56:09.247-0700] {logging_mixin.py:190} INFO - [2025-02-09T18:56:09.247-0700] {dag.py:4180} INFO - Setting next_dagrun for example_external_task_marker_child to None, run_after=None
[2025-02-09T18:56:09.248-0700] {logging_mixin.py:190} INFO - [2025-02-09T18:56:09.248-0700] {dag.py:4180} INFO - Setting next_dagrun for example_external_task_marker_parent to None, run_after=None
[2025-02-09T18:56:09.255-0700] {processor.py:208} INFO - Processing /Users/pranithjain/Desktop/DE Project/Apache Airflow Project/venv/lib/python3.10/site-packages/airflow/example_dags/example_external_task_marker_dag.py took 0.226 seconds
[2025-02-09T18:58:33.760-0700] {processor.py:186} INFO - Started process (PID=20783) to work on /Users/pranithjain/Desktop/DE Project/Apache Airflow Project/venv/lib/python3.10/site-packages/airflow/example_dags/example_external_task_marker_dag.py
[2025-02-09T18:58:33.761-0700] {processor.py:914} INFO - Processing file /Users/pranithjain/Desktop/DE Project/Apache Airflow Project/venv/lib/python3.10/site-packages/airflow/example_dags/example_external_task_marker_dag.py for tasks to queue
[2025-02-09T18:58:33.761-0700] {logging_mixin.py:190} INFO - [2025-02-09T18:58:33.761-0700] {dagbag.py:588} INFO - Filling up the DagBag from /Users/pranithjain/Desktop/DE Project/Apache Airflow Project/venv/lib/python3.10/site-packages/airflow/example_dags/example_external_task_marker_dag.py
[2025-02-09T18:58:33.767-0700] {processor.py:925} INFO - DAG(s) 'example_external_task_marker_child', 'example_external_task_marker_parent' retrieved from /Users/pranithjain/Desktop/DE Project/Apache Airflow Project/venv/lib/python3.10/site-packages/airflow/example_dags/example_external_task_marker_dag.py
[2025-02-09T18:58:33.971-0700] {logging_mixin.py:190} INFO - [2025-02-09T18:58:33.971-0700] {dag.py:3239} INFO - Sync 2 DAGs
[2025-02-09T18:58:33.976-0700] {logging_mixin.py:190} INFO - [2025-02-09T18:58:33.976-0700] {dag.py:4180} INFO - Setting next_dagrun for example_external_task_marker_child to None, run_after=None
[2025-02-09T18:58:33.977-0700] {logging_mixin.py:190} INFO - [2025-02-09T18:58:33.977-0700] {dag.py:4180} INFO - Setting next_dagrun for example_external_task_marker_parent to None, run_after=None
[2025-02-09T18:58:33.984-0700] {processor.py:208} INFO - Processing /Users/pranithjain/Desktop/DE Project/Apache Airflow Project/venv/lib/python3.10/site-packages/airflow/example_dags/example_external_task_marker_dag.py took 0.225 seconds
[2025-02-09T19:07:18.623-0700] {processor.py:186} INFO - Started process (PID=22065) to work on /Users/pranithjain/Desktop/DE Project/Apache Airflow Project/venv/lib/python3.10/site-packages/airflow/example_dags/example_external_task_marker_dag.py
[2025-02-09T19:07:18.623-0700] {processor.py:914} INFO - Processing file /Users/pranithjain/Desktop/DE Project/Apache Airflow Project/venv/lib/python3.10/site-packages/airflow/example_dags/example_external_task_marker_dag.py for tasks to queue
[2025-02-09T19:07:18.624-0700] {logging_mixin.py:190} INFO - [2025-02-09T19:07:18.624-0700] {dagbag.py:588} INFO - Filling up the DagBag from /Users/pranithjain/Desktop/DE Project/Apache Airflow Project/venv/lib/python3.10/site-packages/airflow/example_dags/example_external_task_marker_dag.py
[2025-02-09T19:07:18.629-0700] {processor.py:925} INFO - DAG(s) 'example_external_task_marker_parent', 'example_external_task_marker_child' retrieved from /Users/pranithjain/Desktop/DE Project/Apache Airflow Project/venv/lib/python3.10/site-packages/airflow/example_dags/example_external_task_marker_dag.py
[2025-02-09T19:07:18.837-0700] {logging_mixin.py:190} INFO - [2025-02-09T19:07:18.837-0700] {dag.py:3239} INFO - Sync 2 DAGs
[2025-02-09T19:07:18.842-0700] {logging_mixin.py:190} INFO - [2025-02-09T19:07:18.842-0700] {dag.py:4180} INFO - Setting next_dagrun for example_external_task_marker_child to None, run_after=None
[2025-02-09T19:07:18.843-0700] {logging_mixin.py:190} INFO - [2025-02-09T19:07:18.843-0700] {dag.py:4180} INFO - Setting next_dagrun for example_external_task_marker_parent to None, run_after=None
[2025-02-09T19:07:18.850-0700] {processor.py:208} INFO - Processing /Users/pranithjain/Desktop/DE Project/Apache Airflow Project/venv/lib/python3.10/site-packages/airflow/example_dags/example_external_task_marker_dag.py took 0.228 seconds
[2025-02-09T19:09:40.733-0700] {processor.py:186} INFO - Started process (PID=22507) to work on /Users/pranithjain/Desktop/DE Project/Apache Airflow Project/venv/lib/python3.10/site-packages/airflow/example_dags/example_external_task_marker_dag.py
[2025-02-09T19:09:40.734-0700] {processor.py:914} INFO - Processing file /Users/pranithjain/Desktop/DE Project/Apache Airflow Project/venv/lib/python3.10/site-packages/airflow/example_dags/example_external_task_marker_dag.py for tasks to queue
[2025-02-09T19:09:40.734-0700] {logging_mixin.py:190} INFO - [2025-02-09T19:09:40.734-0700] {dagbag.py:588} INFO - Filling up the DagBag from /Users/pranithjain/Desktop/DE Project/Apache Airflow Project/venv/lib/python3.10/site-packages/airflow/example_dags/example_external_task_marker_dag.py
[2025-02-09T19:09:40.740-0700] {processor.py:925} INFO - DAG(s) 'example_external_task_marker_parent', 'example_external_task_marker_child' retrieved from /Users/pranithjain/Desktop/DE Project/Apache Airflow Project/venv/lib/python3.10/site-packages/airflow/example_dags/example_external_task_marker_dag.py
[2025-02-09T19:09:41.031-0700] {logging_mixin.py:190} INFO - [2025-02-09T19:09:41.031-0700] {dag.py:3239} INFO - Sync 2 DAGs
[2025-02-09T19:09:41.035-0700] {logging_mixin.py:190} INFO - [2025-02-09T19:09:41.035-0700] {dag.py:4180} INFO - Setting next_dagrun for example_external_task_marker_child to None, run_after=None
[2025-02-09T19:09:41.036-0700] {logging_mixin.py:190} INFO - [2025-02-09T19:09:41.036-0700] {dag.py:4180} INFO - Setting next_dagrun for example_external_task_marker_parent to None, run_after=None
[2025-02-09T19:09:41.043-0700] {processor.py:208} INFO - Processing /Users/pranithjain/Desktop/DE Project/Apache Airflow Project/venv/lib/python3.10/site-packages/airflow/example_dags/example_external_task_marker_dag.py took 0.312 seconds
[2025-02-09T19:13:51.496-0700] {processor.py:186} INFO - Started process (PID=23230) to work on /Users/pranithjain/Desktop/DE Project/Apache Airflow Project/venv/lib/python3.10/site-packages/airflow/example_dags/example_external_task_marker_dag.py
[2025-02-09T19:13:51.496-0700] {processor.py:914} INFO - Processing file /Users/pranithjain/Desktop/DE Project/Apache Airflow Project/venv/lib/python3.10/site-packages/airflow/example_dags/example_external_task_marker_dag.py for tasks to queue
[2025-02-09T19:13:51.497-0700] {logging_mixin.py:190} INFO - [2025-02-09T19:13:51.497-0700] {dagbag.py:588} INFO - Filling up the DagBag from /Users/pranithjain/Desktop/DE Project/Apache Airflow Project/venv/lib/python3.10/site-packages/airflow/example_dags/example_external_task_marker_dag.py
[2025-02-09T19:13:51.502-0700] {processor.py:925} INFO - DAG(s) 'example_external_task_marker_parent', 'example_external_task_marker_child' retrieved from /Users/pranithjain/Desktop/DE Project/Apache Airflow Project/venv/lib/python3.10/site-packages/airflow/example_dags/example_external_task_marker_dag.py
[2025-02-09T19:13:51.738-0700] {logging_mixin.py:190} INFO - [2025-02-09T19:13:51.737-0700] {dag.py:3239} INFO - Sync 2 DAGs
[2025-02-09T19:13:51.743-0700] {logging_mixin.py:190} INFO - [2025-02-09T19:13:51.743-0700] {dag.py:4180} INFO - Setting next_dagrun for example_external_task_marker_child to None, run_after=None
[2025-02-09T19:13:51.744-0700] {logging_mixin.py:190} INFO - [2025-02-09T19:13:51.744-0700] {dag.py:4180} INFO - Setting next_dagrun for example_external_task_marker_parent to None, run_after=None
[2025-02-09T19:13:51.751-0700] {processor.py:208} INFO - Processing /Users/pranithjain/Desktop/DE Project/Apache Airflow Project/venv/lib/python3.10/site-packages/airflow/example_dags/example_external_task_marker_dag.py took 0.257 seconds
[2025-02-09T19:16:10.955-0700] {processor.py:186} INFO - Started process (PID=23657) to work on /Users/pranithjain/Desktop/DE Project/Apache Airflow Project/venv/lib/python3.10/site-packages/airflow/example_dags/example_external_task_marker_dag.py
[2025-02-09T19:16:10.956-0700] {processor.py:914} INFO - Processing file /Users/pranithjain/Desktop/DE Project/Apache Airflow Project/venv/lib/python3.10/site-packages/airflow/example_dags/example_external_task_marker_dag.py for tasks to queue
[2025-02-09T19:16:10.956-0700] {logging_mixin.py:190} INFO - [2025-02-09T19:16:10.956-0700] {dagbag.py:588} INFO - Filling up the DagBag from /Users/pranithjain/Desktop/DE Project/Apache Airflow Project/venv/lib/python3.10/site-packages/airflow/example_dags/example_external_task_marker_dag.py
[2025-02-09T19:16:10.962-0700] {processor.py:925} INFO - DAG(s) 'example_external_task_marker_parent', 'example_external_task_marker_child' retrieved from /Users/pranithjain/Desktop/DE Project/Apache Airflow Project/venv/lib/python3.10/site-packages/airflow/example_dags/example_external_task_marker_dag.py
[2025-02-09T19:16:11.167-0700] {logging_mixin.py:190} INFO - [2025-02-09T19:16:11.167-0700] {dag.py:3239} INFO - Sync 2 DAGs
[2025-02-09T19:16:11.172-0700] {logging_mixin.py:190} INFO - [2025-02-09T19:16:11.172-0700] {dag.py:4180} INFO - Setting next_dagrun for example_external_task_marker_child to None, run_after=None
[2025-02-09T19:16:11.173-0700] {logging_mixin.py:190} INFO - [2025-02-09T19:16:11.173-0700] {dag.py:4180} INFO - Setting next_dagrun for example_external_task_marker_parent to None, run_after=None
[2025-02-09T19:16:11.179-0700] {processor.py:208} INFO - Processing /Users/pranithjain/Desktop/DE Project/Apache Airflow Project/venv/lib/python3.10/site-packages/airflow/example_dags/example_external_task_marker_dag.py took 0.226 seconds
[2025-02-09T19:18:36.789-0700] {processor.py:186} INFO - Started process (PID=24097) to work on /Users/pranithjain/Desktop/DE Project/Apache Airflow Project/venv/lib/python3.10/site-packages/airflow/example_dags/example_external_task_marker_dag.py
[2025-02-09T19:18:36.790-0700] {processor.py:914} INFO - Processing file /Users/pranithjain/Desktop/DE Project/Apache Airflow Project/venv/lib/python3.10/site-packages/airflow/example_dags/example_external_task_marker_dag.py for tasks to queue
[2025-02-09T19:18:36.791-0700] {logging_mixin.py:190} INFO - [2025-02-09T19:18:36.791-0700] {dagbag.py:588} INFO - Filling up the DagBag from /Users/pranithjain/Desktop/DE Project/Apache Airflow Project/venv/lib/python3.10/site-packages/airflow/example_dags/example_external_task_marker_dag.py
[2025-02-09T19:18:36.797-0700] {processor.py:925} INFO - DAG(s) 'example_external_task_marker_parent', 'example_external_task_marker_child' retrieved from /Users/pranithjain/Desktop/DE Project/Apache Airflow Project/venv/lib/python3.10/site-packages/airflow/example_dags/example_external_task_marker_dag.py
[2025-02-09T19:18:37.005-0700] {logging_mixin.py:190} INFO - [2025-02-09T19:18:37.005-0700] {dag.py:3239} INFO - Sync 2 DAGs
[2025-02-09T19:18:37.010-0700] {logging_mixin.py:190} INFO - [2025-02-09T19:18:37.010-0700] {dag.py:4180} INFO - Setting next_dagrun for example_external_task_marker_child to None, run_after=None
[2025-02-09T19:18:37.011-0700] {logging_mixin.py:190} INFO - [2025-02-09T19:18:37.011-0700] {dag.py:4180} INFO - Setting next_dagrun for example_external_task_marker_parent to None, run_after=None
[2025-02-09T19:18:37.018-0700] {processor.py:208} INFO - Processing /Users/pranithjain/Desktop/DE Project/Apache Airflow Project/venv/lib/python3.10/site-packages/airflow/example_dags/example_external_task_marker_dag.py took 0.231 seconds
[2025-02-09T19:21:02.750-0700] {processor.py:186} INFO - Started process (PID=24547) to work on /Users/pranithjain/Desktop/DE Project/Apache Airflow Project/venv/lib/python3.10/site-packages/airflow/example_dags/example_external_task_marker_dag.py
[2025-02-09T19:21:02.751-0700] {processor.py:914} INFO - Processing file /Users/pranithjain/Desktop/DE Project/Apache Airflow Project/venv/lib/python3.10/site-packages/airflow/example_dags/example_external_task_marker_dag.py for tasks to queue
[2025-02-09T19:21:02.751-0700] {logging_mixin.py:190} INFO - [2025-02-09T19:21:02.751-0700] {dagbag.py:588} INFO - Filling up the DagBag from /Users/pranithjain/Desktop/DE Project/Apache Airflow Project/venv/lib/python3.10/site-packages/airflow/example_dags/example_external_task_marker_dag.py
[2025-02-09T19:21:02.757-0700] {processor.py:925} INFO - DAG(s) 'example_external_task_marker_parent', 'example_external_task_marker_child' retrieved from /Users/pranithjain/Desktop/DE Project/Apache Airflow Project/venv/lib/python3.10/site-packages/airflow/example_dags/example_external_task_marker_dag.py
[2025-02-09T19:21:03.001-0700] {logging_mixin.py:190} INFO - [2025-02-09T19:21:03.001-0700] {dag.py:3239} INFO - Sync 2 DAGs
[2025-02-09T19:21:03.006-0700] {logging_mixin.py:190} INFO - [2025-02-09T19:21:03.006-0700] {dag.py:4180} INFO - Setting next_dagrun for example_external_task_marker_child to None, run_after=None
[2025-02-09T19:21:03.007-0700] {logging_mixin.py:190} INFO - [2025-02-09T19:21:03.007-0700] {dag.py:4180} INFO - Setting next_dagrun for example_external_task_marker_parent to None, run_after=None
[2025-02-09T19:21:03.014-0700] {processor.py:208} INFO - Processing /Users/pranithjain/Desktop/DE Project/Apache Airflow Project/venv/lib/python3.10/site-packages/airflow/example_dags/example_external_task_marker_dag.py took 0.266 seconds
[2025-02-09T19:23:28.495-0700] {processor.py:186} INFO - Started process (PID=25082) to work on /Users/pranithjain/Desktop/DE Project/Apache Airflow Project/venv/lib/python3.10/site-packages/airflow/example_dags/example_external_task_marker_dag.py
[2025-02-09T19:23:28.495-0700] {processor.py:914} INFO - Processing file /Users/pranithjain/Desktop/DE Project/Apache Airflow Project/venv/lib/python3.10/site-packages/airflow/example_dags/example_external_task_marker_dag.py for tasks to queue
[2025-02-09T19:23:28.496-0700] {logging_mixin.py:190} INFO - [2025-02-09T19:23:28.496-0700] {dagbag.py:588} INFO - Filling up the DagBag from /Users/pranithjain/Desktop/DE Project/Apache Airflow Project/venv/lib/python3.10/site-packages/airflow/example_dags/example_external_task_marker_dag.py
[2025-02-09T19:23:28.501-0700] {processor.py:925} INFO - DAG(s) 'example_external_task_marker_child', 'example_external_task_marker_parent' retrieved from /Users/pranithjain/Desktop/DE Project/Apache Airflow Project/venv/lib/python3.10/site-packages/airflow/example_dags/example_external_task_marker_dag.py
[2025-02-09T19:23:28.707-0700] {logging_mixin.py:190} INFO - [2025-02-09T19:23:28.707-0700] {dag.py:3239} INFO - Sync 2 DAGs
[2025-02-09T19:23:28.712-0700] {logging_mixin.py:190} INFO - [2025-02-09T19:23:28.712-0700] {dag.py:4180} INFO - Setting next_dagrun for example_external_task_marker_child to None, run_after=None
[2025-02-09T19:23:28.713-0700] {logging_mixin.py:190} INFO - [2025-02-09T19:23:28.713-0700] {dag.py:4180} INFO - Setting next_dagrun for example_external_task_marker_parent to None, run_after=None
[2025-02-09T19:23:28.720-0700] {processor.py:208} INFO - Processing /Users/pranithjain/Desktop/DE Project/Apache Airflow Project/venv/lib/python3.10/site-packages/airflow/example_dags/example_external_task_marker_dag.py took 0.227 seconds
[2025-02-09T19:25:41.711-0700] {processor.py:186} INFO - Started process (PID=25496) to work on /Users/pranithjain/Desktop/DE Project/Apache Airflow Project/venv/lib/python3.10/site-packages/airflow/example_dags/example_external_task_marker_dag.py
[2025-02-09T19:25:41.711-0700] {processor.py:914} INFO - Processing file /Users/pranithjain/Desktop/DE Project/Apache Airflow Project/venv/lib/python3.10/site-packages/airflow/example_dags/example_external_task_marker_dag.py for tasks to queue
[2025-02-09T19:25:41.712-0700] {logging_mixin.py:190} INFO - [2025-02-09T19:25:41.712-0700] {dagbag.py:588} INFO - Filling up the DagBag from /Users/pranithjain/Desktop/DE Project/Apache Airflow Project/venv/lib/python3.10/site-packages/airflow/example_dags/example_external_task_marker_dag.py
[2025-02-09T19:25:41.718-0700] {processor.py:925} INFO - DAG(s) 'example_external_task_marker_child', 'example_external_task_marker_parent' retrieved from /Users/pranithjain/Desktop/DE Project/Apache Airflow Project/venv/lib/python3.10/site-packages/airflow/example_dags/example_external_task_marker_dag.py
[2025-02-09T19:25:41.922-0700] {logging_mixin.py:190} INFO - [2025-02-09T19:25:41.921-0700] {dag.py:3239} INFO - Sync 2 DAGs
[2025-02-09T19:25:41.926-0700] {logging_mixin.py:190} INFO - [2025-02-09T19:25:41.926-0700] {dag.py:4180} INFO - Setting next_dagrun for example_external_task_marker_child to None, run_after=None
[2025-02-09T19:25:41.928-0700] {logging_mixin.py:190} INFO - [2025-02-09T19:25:41.927-0700] {dag.py:4180} INFO - Setting next_dagrun for example_external_task_marker_parent to None, run_after=None
[2025-02-09T19:25:41.934-0700] {processor.py:208} INFO - Processing /Users/pranithjain/Desktop/DE Project/Apache Airflow Project/venv/lib/python3.10/site-packages/airflow/example_dags/example_external_task_marker_dag.py took 0.225 seconds
[2025-02-09T19:29:15.967-0700] {processor.py:186} INFO - Started process (PID=26299) to work on /Users/pranithjain/Desktop/DE Project/Apache Airflow Project/venv/lib/python3.10/site-packages/airflow/example_dags/example_external_task_marker_dag.py
[2025-02-09T19:29:15.969-0700] {processor.py:914} INFO - Processing file /Users/pranithjain/Desktop/DE Project/Apache Airflow Project/venv/lib/python3.10/site-packages/airflow/example_dags/example_external_task_marker_dag.py for tasks to queue
[2025-02-09T19:29:15.969-0700] {logging_mixin.py:190} INFO - [2025-02-09T19:29:15.969-0700] {dagbag.py:588} INFO - Filling up the DagBag from /Users/pranithjain/Desktop/DE Project/Apache Airflow Project/venv/lib/python3.10/site-packages/airflow/example_dags/example_external_task_marker_dag.py
[2025-02-09T19:29:15.975-0700] {processor.py:925} INFO - DAG(s) 'example_external_task_marker_parent', 'example_external_task_marker_child' retrieved from /Users/pranithjain/Desktop/DE Project/Apache Airflow Project/venv/lib/python3.10/site-packages/airflow/example_dags/example_external_task_marker_dag.py
[2025-02-09T19:29:16.234-0700] {logging_mixin.py:190} INFO - [2025-02-09T19:29:16.234-0700] {dag.py:3239} INFO - Sync 2 DAGs
[2025-02-09T19:29:16.239-0700] {logging_mixin.py:190} INFO - [2025-02-09T19:29:16.239-0700] {dag.py:4180} INFO - Setting next_dagrun for example_external_task_marker_child to None, run_after=None
[2025-02-09T19:29:16.241-0700] {logging_mixin.py:190} INFO - [2025-02-09T19:29:16.241-0700] {dag.py:4180} INFO - Setting next_dagrun for example_external_task_marker_parent to None, run_after=None
[2025-02-09T19:29:16.248-0700] {processor.py:208} INFO - Processing /Users/pranithjain/Desktop/DE Project/Apache Airflow Project/venv/lib/python3.10/site-packages/airflow/example_dags/example_external_task_marker_dag.py took 0.282 seconds
