[2025-02-09T18:48:22.389-0700] {processor.py:186} INFO - Started process (PID=18882) to work on /Users/pranithjain/Desktop/DE Project/Apache Airflow Project/venv/lib/python3.10/site-packages/airflow/example_dags/example_params_trigger_ui.py
[2025-02-09T18:48:22.389-0700] {processor.py:914} INFO - Processing file /Users/pranithjain/Desktop/DE Project/Apache Airflow Project/venv/lib/python3.10/site-packages/airflow/example_dags/example_params_trigger_ui.py for tasks to queue
[2025-02-09T18:48:22.390-0700] {logging_mixin.py:190} INFO - [2025-02-09T18:48:22.390-0700] {dagbag.py:588} INFO - Filling up the DagBag from /Users/pranithjain/Desktop/DE Project/Apache Airflow Project/venv/lib/python3.10/site-packages/airflow/example_dags/example_params_trigger_ui.py
[2025-02-09T18:48:22.407-0700] {processor.py:925} INFO - DAG(s) 'example_params_trigger_ui' retrieved from /Users/pranithjain/Desktop/DE Project/Apache Airflow Project/venv/lib/python3.10/site-packages/airflow/example_dags/example_params_trigger_ui.py
[2025-02-09T18:48:22.522-0700] {logging_mixin.py:190} INFO - [2025-02-09T18:48:22.522-0700] {override.py:1930} INFO - Created Permission View: can read on DAG:example_params_trigger_ui
[2025-02-09T18:48:22.526-0700] {logging_mixin.py:190} INFO - [2025-02-09T18:48:22.526-0700] {override.py:1930} INFO - Created Permission View: can delete on DAG:example_params_trigger_ui
[2025-02-09T18:48:22.528-0700] {logging_mixin.py:190} INFO - [2025-02-09T18:48:22.528-0700] {override.py:1930} INFO - Created Permission View: can edit on DAG:example_params_trigger_ui
[2025-02-09T18:48:22.530-0700] {logging_mixin.py:190} INFO - [2025-02-09T18:48:22.530-0700] {override.py:1930} INFO - Created Permission View: can read on DAG Run:example_params_trigger_ui
[2025-02-09T18:48:22.532-0700] {logging_mixin.py:190} INFO - [2025-02-09T18:48:22.532-0700] {override.py:1930} INFO - Created Permission View: can delete on DAG Run:example_params_trigger_ui
[2025-02-09T18:48:22.534-0700] {logging_mixin.py:190} INFO - [2025-02-09T18:48:22.534-0700] {override.py:1930} INFO - Created Permission View: menu access on DAG Run:example_params_trigger_ui
[2025-02-09T18:48:22.537-0700] {logging_mixin.py:190} INFO - [2025-02-09T18:48:22.536-0700] {override.py:1930} INFO - Created Permission View: can create on DAG Run:example_params_trigger_ui
[2025-02-09T18:48:22.537-0700] {logging_mixin.py:190} INFO - [2025-02-09T18:48:22.537-0700] {dag.py:3239} INFO - Sync 1 DAGs
[2025-02-09T18:48:22.541-0700] {logging_mixin.py:190} INFO - [2025-02-09T18:48:22.541-0700] {dag.py:3262} INFO - Creating ORM DAG for example_params_trigger_ui
[2025-02-09T18:48:22.542-0700] {logging_mixin.py:190} INFO - [2025-02-09T18:48:22.542-0700] {dag.py:4180} INFO - Setting next_dagrun for example_params_trigger_ui to None, run_after=None
[2025-02-09T18:48:22.548-0700] {processor.py:208} INFO - Processing /Users/pranithjain/Desktop/DE Project/Apache Airflow Project/venv/lib/python3.10/site-packages/airflow/example_dags/example_params_trigger_ui.py took 0.161 seconds
[2025-02-09T18:50:05.025-0700] {processor.py:186} INFO - Started process (PID=19197) to work on /Users/pranithjain/Desktop/DE Project/Apache Airflow Project/venv/lib/python3.10/site-packages/airflow/example_dags/example_params_trigger_ui.py
[2025-02-09T18:50:05.025-0700] {processor.py:914} INFO - Processing file /Users/pranithjain/Desktop/DE Project/Apache Airflow Project/venv/lib/python3.10/site-packages/airflow/example_dags/example_params_trigger_ui.py for tasks to queue
[2025-02-09T18:50:05.026-0700] {logging_mixin.py:190} INFO - [2025-02-09T18:50:05.025-0700] {dagbag.py:588} INFO - Filling up the DagBag from /Users/pranithjain/Desktop/DE Project/Apache Airflow Project/venv/lib/python3.10/site-packages/airflow/example_dags/example_params_trigger_ui.py
[2025-02-09T18:50:05.042-0700] {processor.py:925} INFO - DAG(s) 'example_params_trigger_ui' retrieved from /Users/pranithjain/Desktop/DE Project/Apache Airflow Project/venv/lib/python3.10/site-packages/airflow/example_dags/example_params_trigger_ui.py
[2025-02-09T18:50:05.118-0700] {logging_mixin.py:190} INFO - [2025-02-09T18:50:05.118-0700] {dag.py:3239} INFO - Sync 1 DAGs
[2025-02-09T18:50:05.123-0700] {logging_mixin.py:190} INFO - [2025-02-09T18:50:05.123-0700] {dag.py:4180} INFO - Setting next_dagrun for example_params_trigger_ui to None, run_after=None
[2025-02-09T18:50:05.130-0700] {processor.py:208} INFO - Processing /Users/pranithjain/Desktop/DE Project/Apache Airflow Project/venv/lib/python3.10/site-packages/airflow/example_dags/example_params_trigger_ui.py took 0.107 seconds
[2025-02-09T18:53:30.923-0700] {processor.py:186} INFO - Started process (PID=19848) to work on /Users/pranithjain/Desktop/DE Project/Apache Airflow Project/venv/lib/python3.10/site-packages/airflow/example_dags/example_params_trigger_ui.py
[2025-02-09T18:53:30.924-0700] {processor.py:914} INFO - Processing file /Users/pranithjain/Desktop/DE Project/Apache Airflow Project/venv/lib/python3.10/site-packages/airflow/example_dags/example_params_trigger_ui.py for tasks to queue
[2025-02-09T18:53:30.925-0700] {logging_mixin.py:190} INFO - [2025-02-09T18:53:30.925-0700] {dagbag.py:588} INFO - Filling up the DagBag from /Users/pranithjain/Desktop/DE Project/Apache Airflow Project/venv/lib/python3.10/site-packages/airflow/example_dags/example_params_trigger_ui.py
[2025-02-09T18:53:30.941-0700] {processor.py:925} INFO - DAG(s) 'example_params_trigger_ui' retrieved from /Users/pranithjain/Desktop/DE Project/Apache Airflow Project/venv/lib/python3.10/site-packages/airflow/example_dags/example_params_trigger_ui.py
[2025-02-09T18:53:31.017-0700] {logging_mixin.py:190} INFO - [2025-02-09T18:53:31.017-0700] {dag.py:3239} INFO - Sync 1 DAGs
[2025-02-09T18:53:31.021-0700] {logging_mixin.py:190} INFO - [2025-02-09T18:53:31.021-0700] {dag.py:4180} INFO - Setting next_dagrun for example_params_trigger_ui to None, run_after=None
[2025-02-09T18:53:31.028-0700] {processor.py:208} INFO - Processing /Users/pranithjain/Desktop/DE Project/Apache Airflow Project/venv/lib/python3.10/site-packages/airflow/example_dags/example_params_trigger_ui.py took 0.107 seconds
[2025-02-09T18:55:12.279-0700] {processor.py:186} INFO - Started process (PID=20161) to work on /Users/pranithjain/Desktop/DE Project/Apache Airflow Project/venv/lib/python3.10/site-packages/airflow/example_dags/example_params_trigger_ui.py
[2025-02-09T18:55:12.279-0700] {processor.py:914} INFO - Processing file /Users/pranithjain/Desktop/DE Project/Apache Airflow Project/venv/lib/python3.10/site-packages/airflow/example_dags/example_params_trigger_ui.py for tasks to queue
[2025-02-09T18:55:12.280-0700] {logging_mixin.py:190} INFO - [2025-02-09T18:55:12.280-0700] {dagbag.py:588} INFO - Filling up the DagBag from /Users/pranithjain/Desktop/DE Project/Apache Airflow Project/venv/lib/python3.10/site-packages/airflow/example_dags/example_params_trigger_ui.py
[2025-02-09T18:55:12.296-0700] {processor.py:925} INFO - DAG(s) 'example_params_trigger_ui' retrieved from /Users/pranithjain/Desktop/DE Project/Apache Airflow Project/venv/lib/python3.10/site-packages/airflow/example_dags/example_params_trigger_ui.py
[2025-02-09T18:55:12.374-0700] {logging_mixin.py:190} INFO - [2025-02-09T18:55:12.374-0700] {dag.py:3239} INFO - Sync 1 DAGs
[2025-02-09T18:55:12.379-0700] {logging_mixin.py:190} INFO - [2025-02-09T18:55:12.379-0700] {dag.py:4180} INFO - Setting next_dagrun for example_params_trigger_ui to None, run_after=None
[2025-02-09T18:55:12.386-0700] {processor.py:208} INFO - Processing /Users/pranithjain/Desktop/DE Project/Apache Airflow Project/venv/lib/python3.10/site-packages/airflow/example_dags/example_params_trigger_ui.py took 0.109 seconds
[2025-02-09T18:57:39.691-0700] {processor.py:186} INFO - Started process (PID=20617) to work on /Users/pranithjain/Desktop/DE Project/Apache Airflow Project/venv/lib/python3.10/site-packages/airflow/example_dags/example_params_trigger_ui.py
[2025-02-09T18:57:39.692-0700] {processor.py:914} INFO - Processing file /Users/pranithjain/Desktop/DE Project/Apache Airflow Project/venv/lib/python3.10/site-packages/airflow/example_dags/example_params_trigger_ui.py for tasks to queue
[2025-02-09T18:57:39.692-0700] {logging_mixin.py:190} INFO - [2025-02-09T18:57:39.692-0700] {dagbag.py:588} INFO - Filling up the DagBag from /Users/pranithjain/Desktop/DE Project/Apache Airflow Project/venv/lib/python3.10/site-packages/airflow/example_dags/example_params_trigger_ui.py
[2025-02-09T18:57:39.709-0700] {processor.py:925} INFO - DAG(s) 'example_params_trigger_ui' retrieved from /Users/pranithjain/Desktop/DE Project/Apache Airflow Project/venv/lib/python3.10/site-packages/airflow/example_dags/example_params_trigger_ui.py
[2025-02-09T18:57:39.784-0700] {logging_mixin.py:190} INFO - [2025-02-09T18:57:39.784-0700] {dag.py:3239} INFO - Sync 1 DAGs
[2025-02-09T18:57:39.789-0700] {logging_mixin.py:190} INFO - [2025-02-09T18:57:39.789-0700] {dag.py:4180} INFO - Setting next_dagrun for example_params_trigger_ui to None, run_after=None
[2025-02-09T18:57:39.796-0700] {processor.py:208} INFO - Processing /Users/pranithjain/Desktop/DE Project/Apache Airflow Project/venv/lib/python3.10/site-packages/airflow/example_dags/example_params_trigger_ui.py took 0.106 seconds
[2025-02-09T19:07:07.023-0700] {processor.py:186} INFO - Started process (PID=22026) to work on /Users/pranithjain/Desktop/DE Project/Apache Airflow Project/venv/lib/python3.10/site-packages/airflow/example_dags/example_params_trigger_ui.py
[2025-02-09T19:07:07.023-0700] {processor.py:914} INFO - Processing file /Users/pranithjain/Desktop/DE Project/Apache Airflow Project/venv/lib/python3.10/site-packages/airflow/example_dags/example_params_trigger_ui.py for tasks to queue
[2025-02-09T19:07:07.024-0700] {logging_mixin.py:190} INFO - [2025-02-09T19:07:07.024-0700] {dagbag.py:588} INFO - Filling up the DagBag from /Users/pranithjain/Desktop/DE Project/Apache Airflow Project/venv/lib/python3.10/site-packages/airflow/example_dags/example_params_trigger_ui.py
[2025-02-09T19:07:07.040-0700] {processor.py:925} INFO - DAG(s) 'example_params_trigger_ui' retrieved from /Users/pranithjain/Desktop/DE Project/Apache Airflow Project/venv/lib/python3.10/site-packages/airflow/example_dags/example_params_trigger_ui.py
[2025-02-09T19:07:07.119-0700] {logging_mixin.py:190} INFO - [2025-02-09T19:07:07.119-0700] {dag.py:3239} INFO - Sync 1 DAGs
[2025-02-09T19:07:07.124-0700] {logging_mixin.py:190} INFO - [2025-02-09T19:07:07.124-0700] {dag.py:4180} INFO - Setting next_dagrun for example_params_trigger_ui to None, run_after=None
[2025-02-09T19:07:07.132-0700] {processor.py:208} INFO - Processing /Users/pranithjain/Desktop/DE Project/Apache Airflow Project/venv/lib/python3.10/site-packages/airflow/example_dags/example_params_trigger_ui.py took 0.110 seconds
[2025-02-09T19:08:44.703-0700] {processor.py:186} INFO - Started process (PID=22327) to work on /Users/pranithjain/Desktop/DE Project/Apache Airflow Project/venv/lib/python3.10/site-packages/airflow/example_dags/example_params_trigger_ui.py
[2025-02-09T19:08:44.703-0700] {processor.py:914} INFO - Processing file /Users/pranithjain/Desktop/DE Project/Apache Airflow Project/venv/lib/python3.10/site-packages/airflow/example_dags/example_params_trigger_ui.py for tasks to queue
[2025-02-09T19:08:44.704-0700] {logging_mixin.py:190} INFO - [2025-02-09T19:08:44.704-0700] {dagbag.py:588} INFO - Filling up the DagBag from /Users/pranithjain/Desktop/DE Project/Apache Airflow Project/venv/lib/python3.10/site-packages/airflow/example_dags/example_params_trigger_ui.py
[2025-02-09T19:08:44.720-0700] {processor.py:925} INFO - DAG(s) 'example_params_trigger_ui' retrieved from /Users/pranithjain/Desktop/DE Project/Apache Airflow Project/venv/lib/python3.10/site-packages/airflow/example_dags/example_params_trigger_ui.py
[2025-02-09T19:08:44.797-0700] {logging_mixin.py:190} INFO - [2025-02-09T19:08:44.797-0700] {dag.py:3239} INFO - Sync 1 DAGs
[2025-02-09T19:08:44.802-0700] {logging_mixin.py:190} INFO - [2025-02-09T19:08:44.802-0700] {dag.py:4180} INFO - Setting next_dagrun for example_params_trigger_ui to None, run_after=None
[2025-02-09T19:08:44.810-0700] {processor.py:208} INFO - Processing /Users/pranithjain/Desktop/DE Project/Apache Airflow Project/venv/lib/python3.10/site-packages/airflow/example_dags/example_params_trigger_ui.py took 0.109 seconds
[2025-02-09T19:13:36.845-0700] {processor.py:186} INFO - Started process (PID=23183) to work on /Users/pranithjain/Desktop/DE Project/Apache Airflow Project/venv/lib/python3.10/site-packages/airflow/example_dags/example_params_trigger_ui.py
[2025-02-09T19:13:36.846-0700] {processor.py:914} INFO - Processing file /Users/pranithjain/Desktop/DE Project/Apache Airflow Project/venv/lib/python3.10/site-packages/airflow/example_dags/example_params_trigger_ui.py for tasks to queue
[2025-02-09T19:13:36.846-0700] {logging_mixin.py:190} INFO - [2025-02-09T19:13:36.846-0700] {dagbag.py:588} INFO - Filling up the DagBag from /Users/pranithjain/Desktop/DE Project/Apache Airflow Project/venv/lib/python3.10/site-packages/airflow/example_dags/example_params_trigger_ui.py
[2025-02-09T19:13:36.862-0700] {processor.py:925} INFO - DAG(s) 'example_params_trigger_ui' retrieved from /Users/pranithjain/Desktop/DE Project/Apache Airflow Project/venv/lib/python3.10/site-packages/airflow/example_dags/example_params_trigger_ui.py
[2025-02-09T19:13:36.983-0700] {logging_mixin.py:190} INFO - [2025-02-09T19:13:36.983-0700] {dag.py:3239} INFO - Sync 1 DAGs
[2025-02-09T19:13:36.988-0700] {logging_mixin.py:190} INFO - [2025-02-09T19:13:36.988-0700] {dag.py:4180} INFO - Setting next_dagrun for example_params_trigger_ui to None, run_after=None
[2025-02-09T19:13:36.997-0700] {processor.py:208} INFO - Processing /Users/pranithjain/Desktop/DE Project/Apache Airflow Project/venv/lib/python3.10/site-packages/airflow/example_dags/example_params_trigger_ui.py took 0.153 seconds
[2025-02-09T19:15:18.491-0700] {processor.py:186} INFO - Started process (PID=23494) to work on /Users/pranithjain/Desktop/DE Project/Apache Airflow Project/venv/lib/python3.10/site-packages/airflow/example_dags/example_params_trigger_ui.py
[2025-02-09T19:15:18.491-0700] {processor.py:914} INFO - Processing file /Users/pranithjain/Desktop/DE Project/Apache Airflow Project/venv/lib/python3.10/site-packages/airflow/example_dags/example_params_trigger_ui.py for tasks to queue
[2025-02-09T19:15:18.492-0700] {logging_mixin.py:190} INFO - [2025-02-09T19:15:18.492-0700] {dagbag.py:588} INFO - Filling up the DagBag from /Users/pranithjain/Desktop/DE Project/Apache Airflow Project/venv/lib/python3.10/site-packages/airflow/example_dags/example_params_trigger_ui.py
[2025-02-09T19:15:18.508-0700] {processor.py:925} INFO - DAG(s) 'example_params_trigger_ui' retrieved from /Users/pranithjain/Desktop/DE Project/Apache Airflow Project/venv/lib/python3.10/site-packages/airflow/example_dags/example_params_trigger_ui.py
[2025-02-09T19:15:18.584-0700] {logging_mixin.py:190} INFO - [2025-02-09T19:15:18.584-0700] {dag.py:3239} INFO - Sync 1 DAGs
[2025-02-09T19:15:18.588-0700] {logging_mixin.py:190} INFO - [2025-02-09T19:15:18.588-0700] {dag.py:4180} INFO - Setting next_dagrun for example_params_trigger_ui to None, run_after=None
[2025-02-09T19:15:18.595-0700] {processor.py:208} INFO - Processing /Users/pranithjain/Desktop/DE Project/Apache Airflow Project/venv/lib/python3.10/site-packages/airflow/example_dags/example_params_trigger_ui.py took 0.106 seconds
[2025-02-09T19:17:39.245-0700] {processor.py:186} INFO - Started process (PID=23925) to work on /Users/pranithjain/Desktop/DE Project/Apache Airflow Project/venv/lib/python3.10/site-packages/airflow/example_dags/example_params_trigger_ui.py
[2025-02-09T19:17:39.246-0700] {processor.py:914} INFO - Processing file /Users/pranithjain/Desktop/DE Project/Apache Airflow Project/venv/lib/python3.10/site-packages/airflow/example_dags/example_params_trigger_ui.py for tasks to queue
[2025-02-09T19:17:39.247-0700] {logging_mixin.py:190} INFO - [2025-02-09T19:17:39.247-0700] {dagbag.py:588} INFO - Filling up the DagBag from /Users/pranithjain/Desktop/DE Project/Apache Airflow Project/venv/lib/python3.10/site-packages/airflow/example_dags/example_params_trigger_ui.py
[2025-02-09T19:17:39.263-0700] {processor.py:925} INFO - DAG(s) 'example_params_trigger_ui' retrieved from /Users/pranithjain/Desktop/DE Project/Apache Airflow Project/venv/lib/python3.10/site-packages/airflow/example_dags/example_params_trigger_ui.py
[2025-02-09T19:17:39.341-0700] {logging_mixin.py:190} INFO - [2025-02-09T19:17:39.340-0700] {dag.py:3239} INFO - Sync 1 DAGs
[2025-02-09T19:17:39.345-0700] {logging_mixin.py:190} INFO - [2025-02-09T19:17:39.345-0700] {dag.py:4180} INFO - Setting next_dagrun for example_params_trigger_ui to None, run_after=None
[2025-02-09T19:17:39.352-0700] {processor.py:208} INFO - Processing /Users/pranithjain/Desktop/DE Project/Apache Airflow Project/venv/lib/python3.10/site-packages/airflow/example_dags/example_params_trigger_ui.py took 0.109 seconds
[2025-02-09T19:20:06.236-0700] {processor.py:186} INFO - Started process (PID=24375) to work on /Users/pranithjain/Desktop/DE Project/Apache Airflow Project/venv/lib/python3.10/site-packages/airflow/example_dags/example_params_trigger_ui.py
[2025-02-09T19:20:06.236-0700] {processor.py:914} INFO - Processing file /Users/pranithjain/Desktop/DE Project/Apache Airflow Project/venv/lib/python3.10/site-packages/airflow/example_dags/example_params_trigger_ui.py for tasks to queue
[2025-02-09T19:20:06.237-0700] {logging_mixin.py:190} INFO - [2025-02-09T19:20:06.237-0700] {dagbag.py:588} INFO - Filling up the DagBag from /Users/pranithjain/Desktop/DE Project/Apache Airflow Project/venv/lib/python3.10/site-packages/airflow/example_dags/example_params_trigger_ui.py
[2025-02-09T19:20:06.254-0700] {processor.py:925} INFO - DAG(s) 'example_params_trigger_ui' retrieved from /Users/pranithjain/Desktop/DE Project/Apache Airflow Project/venv/lib/python3.10/site-packages/airflow/example_dags/example_params_trigger_ui.py
[2025-02-09T19:20:06.331-0700] {logging_mixin.py:190} INFO - [2025-02-09T19:20:06.331-0700] {dag.py:3239} INFO - Sync 1 DAGs
[2025-02-09T19:20:06.336-0700] {logging_mixin.py:190} INFO - [2025-02-09T19:20:06.336-0700] {dag.py:4180} INFO - Setting next_dagrun for example_params_trigger_ui to None, run_after=None
[2025-02-09T19:20:06.344-0700] {processor.py:208} INFO - Processing /Users/pranithjain/Desktop/DE Project/Apache Airflow Project/venv/lib/python3.10/site-packages/airflow/example_dags/example_params_trigger_ui.py took 0.109 seconds
[2025-02-09T19:22:32.567-0700] {processor.py:186} INFO - Started process (PID=24913) to work on /Users/pranithjain/Desktop/DE Project/Apache Airflow Project/venv/lib/python3.10/site-packages/airflow/example_dags/example_params_trigger_ui.py
[2025-02-09T19:22:32.567-0700] {processor.py:914} INFO - Processing file /Users/pranithjain/Desktop/DE Project/Apache Airflow Project/venv/lib/python3.10/site-packages/airflow/example_dags/example_params_trigger_ui.py for tasks to queue
[2025-02-09T19:22:32.568-0700] {logging_mixin.py:190} INFO - [2025-02-09T19:22:32.568-0700] {dagbag.py:588} INFO - Filling up the DagBag from /Users/pranithjain/Desktop/DE Project/Apache Airflow Project/venv/lib/python3.10/site-packages/airflow/example_dags/example_params_trigger_ui.py
[2025-02-09T19:22:32.584-0700] {processor.py:925} INFO - DAG(s) 'example_params_trigger_ui' retrieved from /Users/pranithjain/Desktop/DE Project/Apache Airflow Project/venv/lib/python3.10/site-packages/airflow/example_dags/example_params_trigger_ui.py
[2025-02-09T19:22:32.667-0700] {logging_mixin.py:190} INFO - [2025-02-09T19:22:32.667-0700] {dag.py:3239} INFO - Sync 1 DAGs
[2025-02-09T19:22:32.673-0700] {logging_mixin.py:190} INFO - [2025-02-09T19:22:32.673-0700] {dag.py:4180} INFO - Setting next_dagrun for example_params_trigger_ui to None, run_after=None
[2025-02-09T19:22:32.681-0700] {processor.py:208} INFO - Processing /Users/pranithjain/Desktop/DE Project/Apache Airflow Project/venv/lib/python3.10/site-packages/airflow/example_dags/example_params_trigger_ui.py took 0.115 seconds
[2025-02-09T19:24:49.789-0700] {processor.py:186} INFO - Started process (PID=25336) to work on /Users/pranithjain/Desktop/DE Project/Apache Airflow Project/venv/lib/python3.10/site-packages/airflow/example_dags/example_params_trigger_ui.py
[2025-02-09T19:24:49.790-0700] {processor.py:914} INFO - Processing file /Users/pranithjain/Desktop/DE Project/Apache Airflow Project/venv/lib/python3.10/site-packages/airflow/example_dags/example_params_trigger_ui.py for tasks to queue
[2025-02-09T19:24:49.790-0700] {logging_mixin.py:190} INFO - [2025-02-09T19:24:49.790-0700] {dagbag.py:588} INFO - Filling up the DagBag from /Users/pranithjain/Desktop/DE Project/Apache Airflow Project/venv/lib/python3.10/site-packages/airflow/example_dags/example_params_trigger_ui.py
[2025-02-09T19:24:49.806-0700] {processor.py:925} INFO - DAG(s) 'example_params_trigger_ui' retrieved from /Users/pranithjain/Desktop/DE Project/Apache Airflow Project/venv/lib/python3.10/site-packages/airflow/example_dags/example_params_trigger_ui.py
[2025-02-09T19:24:49.880-0700] {logging_mixin.py:190} INFO - [2025-02-09T19:24:49.880-0700] {dag.py:3239} INFO - Sync 1 DAGs
[2025-02-09T19:24:49.885-0700] {logging_mixin.py:190} INFO - [2025-02-09T19:24:49.885-0700] {dag.py:4180} INFO - Setting next_dagrun for example_params_trigger_ui to None, run_after=None
[2025-02-09T19:24:49.892-0700] {processor.py:208} INFO - Processing /Users/pranithjain/Desktop/DE Project/Apache Airflow Project/venv/lib/python3.10/site-packages/airflow/example_dags/example_params_trigger_ui.py took 0.104 seconds
[2025-02-09T19:27:10.276-0700] {processor.py:186} INFO - Started process (PID=25895) to work on /Users/pranithjain/Desktop/DE Project/Apache Airflow Project/venv/lib/python3.10/site-packages/airflow/example_dags/example_params_trigger_ui.py
[2025-02-09T19:27:10.277-0700] {processor.py:914} INFO - Processing file /Users/pranithjain/Desktop/DE Project/Apache Airflow Project/venv/lib/python3.10/site-packages/airflow/example_dags/example_params_trigger_ui.py for tasks to queue
[2025-02-09T19:27:10.278-0700] {logging_mixin.py:190} INFO - [2025-02-09T19:27:10.278-0700] {dagbag.py:588} INFO - Filling up the DagBag from /Users/pranithjain/Desktop/DE Project/Apache Airflow Project/venv/lib/python3.10/site-packages/airflow/example_dags/example_params_trigger_ui.py
[2025-02-09T19:27:10.295-0700] {processor.py:925} INFO - DAG(s) 'example_params_trigger_ui' retrieved from /Users/pranithjain/Desktop/DE Project/Apache Airflow Project/venv/lib/python3.10/site-packages/airflow/example_dags/example_params_trigger_ui.py
[2025-02-09T19:27:10.370-0700] {logging_mixin.py:190} INFO - [2025-02-09T19:27:10.370-0700] {dag.py:3239} INFO - Sync 1 DAGs
[2025-02-09T19:27:10.375-0700] {logging_mixin.py:190} INFO - [2025-02-09T19:27:10.375-0700] {dag.py:4180} INFO - Setting next_dagrun for example_params_trigger_ui to None, run_after=None
[2025-02-09T19:27:10.382-0700] {processor.py:208} INFO - Processing /Users/pranithjain/Desktop/DE Project/Apache Airflow Project/venv/lib/python3.10/site-packages/airflow/example_dags/example_params_trigger_ui.py took 0.108 seconds
[2025-02-09T19:29:01.606-0700] {processor.py:186} INFO - Started process (PID=26256) to work on /Users/pranithjain/Desktop/DE Project/Apache Airflow Project/venv/lib/python3.10/site-packages/airflow/example_dags/example_params_trigger_ui.py
[2025-02-09T19:29:01.608-0700] {processor.py:914} INFO - Processing file /Users/pranithjain/Desktop/DE Project/Apache Airflow Project/venv/lib/python3.10/site-packages/airflow/example_dags/example_params_trigger_ui.py for tasks to queue
[2025-02-09T19:29:01.608-0700] {logging_mixin.py:190} INFO - [2025-02-09T19:29:01.608-0700] {dagbag.py:588} INFO - Filling up the DagBag from /Users/pranithjain/Desktop/DE Project/Apache Airflow Project/venv/lib/python3.10/site-packages/airflow/example_dags/example_params_trigger_ui.py
[2025-02-09T19:29:01.625-0700] {processor.py:925} INFO - DAG(s) 'example_params_trigger_ui' retrieved from /Users/pranithjain/Desktop/DE Project/Apache Airflow Project/venv/lib/python3.10/site-packages/airflow/example_dags/example_params_trigger_ui.py
[2025-02-09T19:29:01.702-0700] {logging_mixin.py:190} INFO - [2025-02-09T19:29:01.702-0700] {dag.py:3239} INFO - Sync 1 DAGs
[2025-02-09T19:29:01.707-0700] {logging_mixin.py:190} INFO - [2025-02-09T19:29:01.707-0700] {dag.py:4180} INFO - Setting next_dagrun for example_params_trigger_ui to None, run_after=None
[2025-02-09T19:29:01.714-0700] {processor.py:208} INFO - Processing /Users/pranithjain/Desktop/DE Project/Apache Airflow Project/venv/lib/python3.10/site-packages/airflow/example_dags/example_params_trigger_ui.py took 0.110 seconds
