[2025-02-09T18:48:30.068-0700] {processor.py:186} INFO - Started process (PID=18904) to work on /Users/pranithjain/Desktop/DE Project/Apache Airflow Project/venv/lib/python3.10/site-packages/airflow/example_dags/example_latest_only_with_trigger.py
[2025-02-09T18:48:30.068-0700] {processor.py:914} INFO - Processing file /Users/pranithjain/Desktop/DE Project/Apache Airflow Project/venv/lib/python3.10/site-packages/airflow/example_dags/example_latest_only_with_trigger.py for tasks to queue
[2025-02-09T18:48:30.069-0700] {logging_mixin.py:190} INFO - [2025-02-09T18:48:30.068-0700] {dagbag.py:588} INFO - Filling up the DagBag from /Users/pranithjain/Desktop/DE Project/Apache Airflow Project/venv/lib/python3.10/site-packages/airflow/example_dags/example_latest_only_with_trigger.py
[2025-02-09T18:48:30.072-0700] {processor.py:925} INFO - DAG(s) 'latest_only_with_trigger' retrieved from /Users/pranithjain/Desktop/DE Project/Apache Airflow Project/venv/lib/python3.10/site-packages/airflow/example_dags/example_latest_only_with_trigger.py
[2025-02-09T18:48:30.178-0700] {logging_mixin.py:190} INFO - [2025-02-09T18:48:30.178-0700] {override.py:1930} INFO - Created Permission View: can read on DAG:latest_only_with_trigger
[2025-02-09T18:48:30.181-0700] {logging_mixin.py:190} INFO - [2025-02-09T18:48:30.181-0700] {override.py:1930} INFO - Created Permission View: can delete on DAG:latest_only_with_trigger
[2025-02-09T18:48:30.183-0700] {logging_mixin.py:190} INFO - [2025-02-09T18:48:30.183-0700] {override.py:1930} INFO - Created Permission View: can edit on DAG:latest_only_with_trigger
[2025-02-09T18:48:30.186-0700] {logging_mixin.py:190} INFO - [2025-02-09T18:48:30.186-0700] {override.py:1930} INFO - Created Permission View: menu access on DAG Run:latest_only_with_trigger
[2025-02-09T18:48:30.188-0700] {logging_mixin.py:190} INFO - [2025-02-09T18:48:30.188-0700] {override.py:1930} INFO - Created Permission View: can read on DAG Run:latest_only_with_trigger
[2025-02-09T18:48:30.190-0700] {logging_mixin.py:190} INFO - [2025-02-09T18:48:30.190-0700] {override.py:1930} INFO - Created Permission View: can delete on DAG Run:latest_only_with_trigger
[2025-02-09T18:48:30.192-0700] {logging_mixin.py:190} INFO - [2025-02-09T18:48:30.192-0700] {override.py:1930} INFO - Created Permission View: can create on DAG Run:latest_only_with_trigger
[2025-02-09T18:48:30.192-0700] {logging_mixin.py:190} INFO - [2025-02-09T18:48:30.192-0700] {dag.py:3239} INFO - Sync 1 DAGs
[2025-02-09T18:48:30.197-0700] {logging_mixin.py:190} INFO - [2025-02-09T18:48:30.197-0700] {dag.py:3262} INFO - Creating ORM DAG for latest_only_with_trigger
[2025-02-09T18:48:30.200-0700] {logging_mixin.py:190} INFO - [2025-02-09T18:48:30.200-0700] {dag.py:4180} INFO - Setting next_dagrun for latest_only_with_trigger to 2025-02-09 20:00:00+00:00, run_after=2025-02-10 00:00:00+00:00
[2025-02-09T18:48:30.206-0700] {processor.py:208} INFO - Processing /Users/pranithjain/Desktop/DE Project/Apache Airflow Project/venv/lib/python3.10/site-packages/airflow/example_dags/example_latest_only_with_trigger.py took 0.141 seconds
[2025-02-09T18:50:12.598-0700] {processor.py:186} INFO - Started process (PID=19227) to work on /Users/pranithjain/Desktop/DE Project/Apache Airflow Project/venv/lib/python3.10/site-packages/airflow/example_dags/example_latest_only_with_trigger.py
[2025-02-09T18:50:12.599-0700] {processor.py:914} INFO - Processing file /Users/pranithjain/Desktop/DE Project/Apache Airflow Project/venv/lib/python3.10/site-packages/airflow/example_dags/example_latest_only_with_trigger.py for tasks to queue
[2025-02-09T18:50:12.599-0700] {logging_mixin.py:190} INFO - [2025-02-09T18:50:12.599-0700] {dagbag.py:588} INFO - Filling up the DagBag from /Users/pranithjain/Desktop/DE Project/Apache Airflow Project/venv/lib/python3.10/site-packages/airflow/example_dags/example_latest_only_with_trigger.py
[2025-02-09T18:50:12.604-0700] {processor.py:925} INFO - DAG(s) 'latest_only_with_trigger' retrieved from /Users/pranithjain/Desktop/DE Project/Apache Airflow Project/venv/lib/python3.10/site-packages/airflow/example_dags/example_latest_only_with_trigger.py
[2025-02-09T18:50:12.670-0700] {logging_mixin.py:190} INFO - [2025-02-09T18:50:12.670-0700] {dag.py:3239} INFO - Sync 1 DAGs
[2025-02-09T18:50:12.679-0700] {logging_mixin.py:190} INFO - [2025-02-09T18:50:12.679-0700] {dag.py:4180} INFO - Setting next_dagrun for latest_only_with_trigger to 2025-02-09 20:00:00+00:00, run_after=2025-02-10 00:00:00+00:00
[2025-02-09T18:50:12.687-0700] {processor.py:208} INFO - Processing /Users/pranithjain/Desktop/DE Project/Apache Airflow Project/venv/lib/python3.10/site-packages/airflow/example_dags/example_latest_only_with_trigger.py took 0.090 seconds
[2025-02-09T18:53:37.675-0700] {processor.py:186} INFO - Started process (PID=19870) to work on /Users/pranithjain/Desktop/DE Project/Apache Airflow Project/venv/lib/python3.10/site-packages/airflow/example_dags/example_latest_only_with_trigger.py
[2025-02-09T18:53:37.676-0700] {processor.py:914} INFO - Processing file /Users/pranithjain/Desktop/DE Project/Apache Airflow Project/venv/lib/python3.10/site-packages/airflow/example_dags/example_latest_only_with_trigger.py for tasks to queue
[2025-02-09T18:53:37.677-0700] {logging_mixin.py:190} INFO - [2025-02-09T18:53:37.677-0700] {dagbag.py:588} INFO - Filling up the DagBag from /Users/pranithjain/Desktop/DE Project/Apache Airflow Project/venv/lib/python3.10/site-packages/airflow/example_dags/example_latest_only_with_trigger.py
[2025-02-09T18:53:37.681-0700] {processor.py:925} INFO - DAG(s) 'latest_only_with_trigger' retrieved from /Users/pranithjain/Desktop/DE Project/Apache Airflow Project/venv/lib/python3.10/site-packages/airflow/example_dags/example_latest_only_with_trigger.py
[2025-02-09T18:53:37.751-0700] {logging_mixin.py:190} INFO - [2025-02-09T18:53:37.751-0700] {dag.py:3239} INFO - Sync 1 DAGs
[2025-02-09T18:53:37.758-0700] {logging_mixin.py:190} INFO - [2025-02-09T18:53:37.758-0700] {dag.py:4180} INFO - Setting next_dagrun for latest_only_with_trigger to 2025-02-09 20:00:00+00:00, run_after=2025-02-10 00:00:00+00:00
[2025-02-09T18:53:37.765-0700] {processor.py:208} INFO - Processing /Users/pranithjain/Desktop/DE Project/Apache Airflow Project/venv/lib/python3.10/site-packages/airflow/example_dags/example_latest_only_with_trigger.py took 0.091 seconds
[2025-02-09T18:55:19.646-0700] {processor.py:186} INFO - Started process (PID=20183) to work on /Users/pranithjain/Desktop/DE Project/Apache Airflow Project/venv/lib/python3.10/site-packages/airflow/example_dags/example_latest_only_with_trigger.py
[2025-02-09T18:55:19.646-0700] {processor.py:914} INFO - Processing file /Users/pranithjain/Desktop/DE Project/Apache Airflow Project/venv/lib/python3.10/site-packages/airflow/example_dags/example_latest_only_with_trigger.py for tasks to queue
[2025-02-09T18:55:19.647-0700] {logging_mixin.py:190} INFO - [2025-02-09T18:55:19.647-0700] {dagbag.py:588} INFO - Filling up the DagBag from /Users/pranithjain/Desktop/DE Project/Apache Airflow Project/venv/lib/python3.10/site-packages/airflow/example_dags/example_latest_only_with_trigger.py
[2025-02-09T18:55:19.650-0700] {processor.py:925} INFO - DAG(s) 'latest_only_with_trigger' retrieved from /Users/pranithjain/Desktop/DE Project/Apache Airflow Project/venv/lib/python3.10/site-packages/airflow/example_dags/example_latest_only_with_trigger.py
[2025-02-09T18:55:19.720-0700] {logging_mixin.py:190} INFO - [2025-02-09T18:55:19.720-0700] {dag.py:3239} INFO - Sync 1 DAGs
[2025-02-09T18:55:19.727-0700] {logging_mixin.py:190} INFO - [2025-02-09T18:55:19.727-0700] {dag.py:4180} INFO - Setting next_dagrun for latest_only_with_trigger to 2025-02-09 20:00:00+00:00, run_after=2025-02-10 00:00:00+00:00
[2025-02-09T18:55:19.734-0700] {processor.py:208} INFO - Processing /Users/pranithjain/Desktop/DE Project/Apache Airflow Project/venv/lib/python3.10/site-packages/airflow/example_dags/example_latest_only_with_trigger.py took 0.090 seconds
[2025-02-09T18:57:46.206-0700] {processor.py:186} INFO - Started process (PID=20639) to work on /Users/pranithjain/Desktop/DE Project/Apache Airflow Project/venv/lib/python3.10/site-packages/airflow/example_dags/example_latest_only_with_trigger.py
[2025-02-09T18:57:46.207-0700] {processor.py:914} INFO - Processing file /Users/pranithjain/Desktop/DE Project/Apache Airflow Project/venv/lib/python3.10/site-packages/airflow/example_dags/example_latest_only_with_trigger.py for tasks to queue
[2025-02-09T18:57:46.207-0700] {logging_mixin.py:190} INFO - [2025-02-09T18:57:46.207-0700] {dagbag.py:588} INFO - Filling up the DagBag from /Users/pranithjain/Desktop/DE Project/Apache Airflow Project/venv/lib/python3.10/site-packages/airflow/example_dags/example_latest_only_with_trigger.py
[2025-02-09T18:57:46.211-0700] {processor.py:925} INFO - DAG(s) 'latest_only_with_trigger' retrieved from /Users/pranithjain/Desktop/DE Project/Apache Airflow Project/venv/lib/python3.10/site-packages/airflow/example_dags/example_latest_only_with_trigger.py
[2025-02-09T18:57:46.278-0700] {logging_mixin.py:190} INFO - [2025-02-09T18:57:46.278-0700] {dag.py:3239} INFO - Sync 1 DAGs
[2025-02-09T18:57:46.284-0700] {logging_mixin.py:190} INFO - [2025-02-09T18:57:46.284-0700] {dag.py:4180} INFO - Setting next_dagrun for latest_only_with_trigger to 2025-02-09 20:00:00+00:00, run_after=2025-02-10 00:00:00+00:00
[2025-02-09T18:57:46.292-0700] {processor.py:208} INFO - Processing /Users/pranithjain/Desktop/DE Project/Apache Airflow Project/venv/lib/python3.10/site-packages/airflow/example_dags/example_latest_only_with_trigger.py took 0.087 seconds
[2025-02-09T19:07:12.265-0700] {processor.py:186} INFO - Started process (PID=22045) to work on /Users/pranithjain/Desktop/DE Project/Apache Airflow Project/venv/lib/python3.10/site-packages/airflow/example_dags/example_latest_only_with_trigger.py
[2025-02-09T19:07:12.265-0700] {processor.py:914} INFO - Processing file /Users/pranithjain/Desktop/DE Project/Apache Airflow Project/venv/lib/python3.10/site-packages/airflow/example_dags/example_latest_only_with_trigger.py for tasks to queue
[2025-02-09T19:07:12.266-0700] {logging_mixin.py:190} INFO - [2025-02-09T19:07:12.266-0700] {dagbag.py:588} INFO - Filling up the DagBag from /Users/pranithjain/Desktop/DE Project/Apache Airflow Project/venv/lib/python3.10/site-packages/airflow/example_dags/example_latest_only_with_trigger.py
[2025-02-09T19:07:12.269-0700] {processor.py:925} INFO - DAG(s) 'latest_only_with_trigger' retrieved from /Users/pranithjain/Desktop/DE Project/Apache Airflow Project/venv/lib/python3.10/site-packages/airflow/example_dags/example_latest_only_with_trigger.py
[2025-02-09T19:07:12.337-0700] {logging_mixin.py:190} INFO - [2025-02-09T19:07:12.337-0700] {dag.py:3239} INFO - Sync 1 DAGs
[2025-02-09T19:07:12.344-0700] {logging_mixin.py:190} INFO - [2025-02-09T19:07:12.344-0700] {dag.py:4180} INFO - Setting next_dagrun for latest_only_with_trigger to 2025-02-09 20:00:00+00:00, run_after=2025-02-10 00:00:00+00:00
[2025-02-09T19:07:12.351-0700] {processor.py:208} INFO - Processing /Users/pranithjain/Desktop/DE Project/Apache Airflow Project/venv/lib/python3.10/site-packages/airflow/example_dags/example_latest_only_with_trigger.py took 0.087 seconds
[2025-02-09T19:08:52.131-0700] {processor.py:186} INFO - Started process (PID=22355) to work on /Users/pranithjain/Desktop/DE Project/Apache Airflow Project/venv/lib/python3.10/site-packages/airflow/example_dags/example_latest_only_with_trigger.py
[2025-02-09T19:08:52.131-0700] {processor.py:914} INFO - Processing file /Users/pranithjain/Desktop/DE Project/Apache Airflow Project/venv/lib/python3.10/site-packages/airflow/example_dags/example_latest_only_with_trigger.py for tasks to queue
[2025-02-09T19:08:52.132-0700] {logging_mixin.py:190} INFO - [2025-02-09T19:08:52.132-0700] {dagbag.py:588} INFO - Filling up the DagBag from /Users/pranithjain/Desktop/DE Project/Apache Airflow Project/venv/lib/python3.10/site-packages/airflow/example_dags/example_latest_only_with_trigger.py
[2025-02-09T19:08:52.136-0700] {processor.py:925} INFO - DAG(s) 'latest_only_with_trigger' retrieved from /Users/pranithjain/Desktop/DE Project/Apache Airflow Project/venv/lib/python3.10/site-packages/airflow/example_dags/example_latest_only_with_trigger.py
[2025-02-09T19:08:52.203-0700] {logging_mixin.py:190} INFO - [2025-02-09T19:08:52.203-0700] {dag.py:3239} INFO - Sync 1 DAGs
[2025-02-09T19:08:52.210-0700] {logging_mixin.py:190} INFO - [2025-02-09T19:08:52.209-0700] {dag.py:4180} INFO - Setting next_dagrun for latest_only_with_trigger to 2025-02-09 20:00:00+00:00, run_after=2025-02-10 00:00:00+00:00
[2025-02-09T19:08:52.216-0700] {processor.py:208} INFO - Processing /Users/pranithjain/Desktop/DE Project/Apache Airflow Project/venv/lib/python3.10/site-packages/airflow/example_dags/example_latest_only_with_trigger.py took 0.087 seconds
[2025-02-09T19:13:43.533-0700] {processor.py:186} INFO - Started process (PID=23203) to work on /Users/pranithjain/Desktop/DE Project/Apache Airflow Project/venv/lib/python3.10/site-packages/airflow/example_dags/example_latest_only_with_trigger.py
[2025-02-09T19:13:43.533-0700] {processor.py:914} INFO - Processing file /Users/pranithjain/Desktop/DE Project/Apache Airflow Project/venv/lib/python3.10/site-packages/airflow/example_dags/example_latest_only_with_trigger.py for tasks to queue
[2025-02-09T19:13:43.534-0700] {logging_mixin.py:190} INFO - [2025-02-09T19:13:43.534-0700] {dagbag.py:588} INFO - Filling up the DagBag from /Users/pranithjain/Desktop/DE Project/Apache Airflow Project/venv/lib/python3.10/site-packages/airflow/example_dags/example_latest_only_with_trigger.py
[2025-02-09T19:13:43.537-0700] {processor.py:925} INFO - DAG(s) 'latest_only_with_trigger' retrieved from /Users/pranithjain/Desktop/DE Project/Apache Airflow Project/venv/lib/python3.10/site-packages/airflow/example_dags/example_latest_only_with_trigger.py
[2025-02-09T19:13:43.664-0700] {logging_mixin.py:190} INFO - [2025-02-09T19:13:43.663-0700] {dag.py:3239} INFO - Sync 1 DAGs
[2025-02-09T19:13:43.671-0700] {logging_mixin.py:190} INFO - [2025-02-09T19:13:43.671-0700] {dag.py:4180} INFO - Setting next_dagrun for latest_only_with_trigger to 2025-02-09 20:00:00+00:00, run_after=2025-02-10 00:00:00+00:00
[2025-02-09T19:13:43.679-0700] {processor.py:208} INFO - Processing /Users/pranithjain/Desktop/DE Project/Apache Airflow Project/venv/lib/python3.10/site-packages/airflow/example_dags/example_latest_only_with_trigger.py took 0.148 seconds
[2025-02-09T19:15:24.920-0700] {processor.py:186} INFO - Started process (PID=23515) to work on /Users/pranithjain/Desktop/DE Project/Apache Airflow Project/venv/lib/python3.10/site-packages/airflow/example_dags/example_latest_only_with_trigger.py
[2025-02-09T19:15:24.920-0700] {processor.py:914} INFO - Processing file /Users/pranithjain/Desktop/DE Project/Apache Airflow Project/venv/lib/python3.10/site-packages/airflow/example_dags/example_latest_only_with_trigger.py for tasks to queue
[2025-02-09T19:15:24.921-0700] {logging_mixin.py:190} INFO - [2025-02-09T19:15:24.921-0700] {dagbag.py:588} INFO - Filling up the DagBag from /Users/pranithjain/Desktop/DE Project/Apache Airflow Project/venv/lib/python3.10/site-packages/airflow/example_dags/example_latest_only_with_trigger.py
[2025-02-09T19:15:24.925-0700] {processor.py:925} INFO - DAG(s) 'latest_only_with_trigger' retrieved from /Users/pranithjain/Desktop/DE Project/Apache Airflow Project/venv/lib/python3.10/site-packages/airflow/example_dags/example_latest_only_with_trigger.py
[2025-02-09T19:15:24.991-0700] {logging_mixin.py:190} INFO - [2025-02-09T19:15:24.990-0700] {dag.py:3239} INFO - Sync 1 DAGs
[2025-02-09T19:15:24.997-0700] {logging_mixin.py:190} INFO - [2025-02-09T19:15:24.997-0700] {dag.py:4180} INFO - Setting next_dagrun for latest_only_with_trigger to 2025-02-09 20:00:00+00:00, run_after=2025-02-10 00:00:00+00:00
[2025-02-09T19:15:25.004-0700] {processor.py:208} INFO - Processing /Users/pranithjain/Desktop/DE Project/Apache Airflow Project/venv/lib/python3.10/site-packages/airflow/example_dags/example_latest_only_with_trigger.py took 0.086 seconds
[2025-02-09T19:17:46.761-0700] {processor.py:186} INFO - Started process (PID=23949) to work on /Users/pranithjain/Desktop/DE Project/Apache Airflow Project/venv/lib/python3.10/site-packages/airflow/example_dags/example_latest_only_with_trigger.py
[2025-02-09T19:17:46.762-0700] {processor.py:914} INFO - Processing file /Users/pranithjain/Desktop/DE Project/Apache Airflow Project/venv/lib/python3.10/site-packages/airflow/example_dags/example_latest_only_with_trigger.py for tasks to queue
[2025-02-09T19:17:46.763-0700] {logging_mixin.py:190} INFO - [2025-02-09T19:17:46.763-0700] {dagbag.py:588} INFO - Filling up the DagBag from /Users/pranithjain/Desktop/DE Project/Apache Airflow Project/venv/lib/python3.10/site-packages/airflow/example_dags/example_latest_only_with_trigger.py
[2025-02-09T19:17:46.767-0700] {processor.py:925} INFO - DAG(s) 'latest_only_with_trigger' retrieved from /Users/pranithjain/Desktop/DE Project/Apache Airflow Project/venv/lib/python3.10/site-packages/airflow/example_dags/example_latest_only_with_trigger.py
[2025-02-09T19:17:46.834-0700] {logging_mixin.py:190} INFO - [2025-02-09T19:17:46.834-0700] {dag.py:3239} INFO - Sync 1 DAGs
[2025-02-09T19:17:46.841-0700] {logging_mixin.py:190} INFO - [2025-02-09T19:17:46.841-0700] {dag.py:4180} INFO - Setting next_dagrun for latest_only_with_trigger to 2025-02-09 20:00:00+00:00, run_after=2025-02-10 00:00:00+00:00
[2025-02-09T19:17:46.848-0700] {processor.py:208} INFO - Processing /Users/pranithjain/Desktop/DE Project/Apache Airflow Project/venv/lib/python3.10/site-packages/airflow/example_dags/example_latest_only_with_trigger.py took 0.089 seconds
[2025-02-09T19:20:12.961-0700] {processor.py:186} INFO - Started process (PID=24394) to work on /Users/pranithjain/Desktop/DE Project/Apache Airflow Project/venv/lib/python3.10/site-packages/airflow/example_dags/example_latest_only_with_trigger.py
[2025-02-09T19:20:12.961-0700] {processor.py:914} INFO - Processing file /Users/pranithjain/Desktop/DE Project/Apache Airflow Project/venv/lib/python3.10/site-packages/airflow/example_dags/example_latest_only_with_trigger.py for tasks to queue
[2025-02-09T19:20:12.962-0700] {logging_mixin.py:190} INFO - [2025-02-09T19:20:12.962-0700] {dagbag.py:588} INFO - Filling up the DagBag from /Users/pranithjain/Desktop/DE Project/Apache Airflow Project/venv/lib/python3.10/site-packages/airflow/example_dags/example_latest_only_with_trigger.py
[2025-02-09T19:20:12.966-0700] {processor.py:925} INFO - DAG(s) 'latest_only_with_trigger' retrieved from /Users/pranithjain/Desktop/DE Project/Apache Airflow Project/venv/lib/python3.10/site-packages/airflow/example_dags/example_latest_only_with_trigger.py
[2025-02-09T19:20:13.033-0700] {logging_mixin.py:190} INFO - [2025-02-09T19:20:13.033-0700] {dag.py:3239} INFO - Sync 1 DAGs
[2025-02-09T19:20:13.040-0700] {logging_mixin.py:190} INFO - [2025-02-09T19:20:13.040-0700] {dag.py:4180} INFO - Setting next_dagrun for latest_only_with_trigger to 2025-02-09 20:00:00+00:00, run_after=2025-02-10 00:00:00+00:00
[2025-02-09T19:20:13.047-0700] {processor.py:208} INFO - Processing /Users/pranithjain/Desktop/DE Project/Apache Airflow Project/venv/lib/python3.10/site-packages/airflow/example_dags/example_latest_only_with_trigger.py took 0.088 seconds
[2025-02-09T19:22:40.017-0700] {processor.py:186} INFO - Started process (PID=24933) to work on /Users/pranithjain/Desktop/DE Project/Apache Airflow Project/venv/lib/python3.10/site-packages/airflow/example_dags/example_latest_only_with_trigger.py
[2025-02-09T19:22:40.017-0700] {processor.py:914} INFO - Processing file /Users/pranithjain/Desktop/DE Project/Apache Airflow Project/venv/lib/python3.10/site-packages/airflow/example_dags/example_latest_only_with_trigger.py for tasks to queue
[2025-02-09T19:22:40.018-0700] {logging_mixin.py:190} INFO - [2025-02-09T19:22:40.018-0700] {dagbag.py:588} INFO - Filling up the DagBag from /Users/pranithjain/Desktop/DE Project/Apache Airflow Project/venv/lib/python3.10/site-packages/airflow/example_dags/example_latest_only_with_trigger.py
[2025-02-09T19:22:40.022-0700] {processor.py:925} INFO - DAG(s) 'latest_only_with_trigger' retrieved from /Users/pranithjain/Desktop/DE Project/Apache Airflow Project/venv/lib/python3.10/site-packages/airflow/example_dags/example_latest_only_with_trigger.py
[2025-02-09T19:22:40.092-0700] {logging_mixin.py:190} INFO - [2025-02-09T19:22:40.091-0700] {dag.py:3239} INFO - Sync 1 DAGs
[2025-02-09T19:22:40.099-0700] {logging_mixin.py:190} INFO - [2025-02-09T19:22:40.099-0700] {dag.py:4180} INFO - Setting next_dagrun for latest_only_with_trigger to 2025-02-09 20:00:00+00:00, run_after=2025-02-10 00:00:00+00:00
[2025-02-09T19:22:40.106-0700] {processor.py:208} INFO - Processing /Users/pranithjain/Desktop/DE Project/Apache Airflow Project/venv/lib/python3.10/site-packages/airflow/example_dags/example_latest_only_with_trigger.py took 0.091 seconds
[2025-02-09T19:24:55.926-0700] {processor.py:186} INFO - Started process (PID=25355) to work on /Users/pranithjain/Desktop/DE Project/Apache Airflow Project/venv/lib/python3.10/site-packages/airflow/example_dags/example_latest_only_with_trigger.py
[2025-02-09T19:24:55.926-0700] {processor.py:914} INFO - Processing file /Users/pranithjain/Desktop/DE Project/Apache Airflow Project/venv/lib/python3.10/site-packages/airflow/example_dags/example_latest_only_with_trigger.py for tasks to queue
[2025-02-09T19:24:55.927-0700] {logging_mixin.py:190} INFO - [2025-02-09T19:24:55.927-0700] {dagbag.py:588} INFO - Filling up the DagBag from /Users/pranithjain/Desktop/DE Project/Apache Airflow Project/venv/lib/python3.10/site-packages/airflow/example_dags/example_latest_only_with_trigger.py
[2025-02-09T19:24:55.930-0700] {processor.py:925} INFO - DAG(s) 'latest_only_with_trigger' retrieved from /Users/pranithjain/Desktop/DE Project/Apache Airflow Project/venv/lib/python3.10/site-packages/airflow/example_dags/example_latest_only_with_trigger.py
[2025-02-09T19:24:55.998-0700] {logging_mixin.py:190} INFO - [2025-02-09T19:24:55.997-0700] {dag.py:3239} INFO - Sync 1 DAGs
[2025-02-09T19:24:56.004-0700] {logging_mixin.py:190} INFO - [2025-02-09T19:24:56.004-0700] {dag.py:4180} INFO - Setting next_dagrun for latest_only_with_trigger to 2025-02-09 20:00:00+00:00, run_after=2025-02-10 00:00:00+00:00
[2025-02-09T19:24:56.011-0700] {processor.py:208} INFO - Processing /Users/pranithjain/Desktop/DE Project/Apache Airflow Project/venv/lib/python3.10/site-packages/airflow/example_dags/example_latest_only_with_trigger.py took 0.087 seconds
[2025-02-09T19:27:16.886-0700] {processor.py:186} INFO - Started process (PID=25917) to work on /Users/pranithjain/Desktop/DE Project/Apache Airflow Project/venv/lib/python3.10/site-packages/airflow/example_dags/example_latest_only_with_trigger.py
[2025-02-09T19:27:16.888-0700] {processor.py:914} INFO - Processing file /Users/pranithjain/Desktop/DE Project/Apache Airflow Project/venv/lib/python3.10/site-packages/airflow/example_dags/example_latest_only_with_trigger.py for tasks to queue
[2025-02-09T19:27:16.888-0700] {logging_mixin.py:190} INFO - [2025-02-09T19:27:16.888-0700] {dagbag.py:588} INFO - Filling up the DagBag from /Users/pranithjain/Desktop/DE Project/Apache Airflow Project/venv/lib/python3.10/site-packages/airflow/example_dags/example_latest_only_with_trigger.py
[2025-02-09T19:27:16.893-0700] {processor.py:925} INFO - DAG(s) 'latest_only_with_trigger' retrieved from /Users/pranithjain/Desktop/DE Project/Apache Airflow Project/venv/lib/python3.10/site-packages/airflow/example_dags/example_latest_only_with_trigger.py
[2025-02-09T19:27:16.968-0700] {logging_mixin.py:190} INFO - [2025-02-09T19:27:16.968-0700] {dag.py:3239} INFO - Sync 1 DAGs
[2025-02-09T19:27:16.976-0700] {logging_mixin.py:190} INFO - [2025-02-09T19:27:16.976-0700] {dag.py:4180} INFO - Setting next_dagrun for latest_only_with_trigger to 2025-02-09 20:00:00+00:00, run_after=2025-02-10 00:00:00+00:00
[2025-02-09T19:27:16.983-0700] {processor.py:208} INFO - Processing /Users/pranithjain/Desktop/DE Project/Apache Airflow Project/venv/lib/python3.10/site-packages/airflow/example_dags/example_latest_only_with_trigger.py took 0.099 seconds
[2025-02-09T19:29:08.448-0700] {processor.py:186} INFO - Started process (PID=26275) to work on /Users/pranithjain/Desktop/DE Project/Apache Airflow Project/venv/lib/python3.10/site-packages/airflow/example_dags/example_latest_only_with_trigger.py
[2025-02-09T19:29:08.449-0700] {processor.py:914} INFO - Processing file /Users/pranithjain/Desktop/DE Project/Apache Airflow Project/venv/lib/python3.10/site-packages/airflow/example_dags/example_latest_only_with_trigger.py for tasks to queue
[2025-02-09T19:29:08.450-0700] {logging_mixin.py:190} INFO - [2025-02-09T19:29:08.450-0700] {dagbag.py:588} INFO - Filling up the DagBag from /Users/pranithjain/Desktop/DE Project/Apache Airflow Project/venv/lib/python3.10/site-packages/airflow/example_dags/example_latest_only_with_trigger.py
[2025-02-09T19:29:08.454-0700] {processor.py:925} INFO - DAG(s) 'latest_only_with_trigger' retrieved from /Users/pranithjain/Desktop/DE Project/Apache Airflow Project/venv/lib/python3.10/site-packages/airflow/example_dags/example_latest_only_with_trigger.py
[2025-02-09T19:29:08.527-0700] {logging_mixin.py:190} INFO - [2025-02-09T19:29:08.527-0700] {dag.py:3239} INFO - Sync 1 DAGs
[2025-02-09T19:29:08.536-0700] {logging_mixin.py:190} INFO - [2025-02-09T19:29:08.536-0700] {dag.py:4180} INFO - Setting next_dagrun for latest_only_with_trigger to 2025-02-09 20:00:00+00:00, run_after=2025-02-10 00:00:00+00:00
[2025-02-09T19:29:08.543-0700] {processor.py:208} INFO - Processing /Users/pranithjain/Desktop/DE Project/Apache Airflow Project/venv/lib/python3.10/site-packages/airflow/example_dags/example_latest_only_with_trigger.py took 0.098 seconds
