[2025-02-09T18:47:53.943-0700] {processor.py:186} INFO - Started process (PID=18795) to work on /Users/pranithjain/Desktop/DE Project/Apache Airflow Project/venv/lib/python3.10/site-packages/airflow/example_dags/example_time_delta_sensor_async.py
[2025-02-09T18:47:53.944-0700] {processor.py:914} INFO - Processing file /Users/pranithjain/Desktop/DE Project/Apache Airflow Project/venv/lib/python3.10/site-packages/airflow/example_dags/example_time_delta_sensor_async.py for tasks to queue
[2025-02-09T18:47:53.944-0700] {logging_mixin.py:190} INFO - [2025-02-09T18:47:53.944-0700] {dagbag.py:588} INFO - Filling up the DagBag from /Users/pranithjain/Desktop/DE Project/Apache Airflow Project/venv/lib/python3.10/site-packages/airflow/example_dags/example_time_delta_sensor_async.py
[2025-02-09T18:47:53.948-0700] {processor.py:925} INFO - DAG(s) 'example_time_delta_sensor_async' retrieved from /Users/pranithjain/Desktop/DE Project/Apache Airflow Project/venv/lib/python3.10/site-packages/airflow/example_dags/example_time_delta_sensor_async.py
[2025-02-09T18:47:54.215-0700] {logging_mixin.py:190} INFO - [2025-02-09T18:47:54.215-0700] {override.py:1930} INFO - Created Permission View: can edit on DAG:example_time_delta_sensor_async
[2025-02-09T18:47:54.219-0700] {logging_mixin.py:190} INFO - [2025-02-09T18:47:54.218-0700] {override.py:1930} INFO - Created Permission View: can delete on DAG:example_time_delta_sensor_async
[2025-02-09T18:47:54.221-0700] {logging_mixin.py:190} INFO - [2025-02-09T18:47:54.220-0700] {override.py:1930} INFO - Created Permission View: can read on DAG:example_time_delta_sensor_async
[2025-02-09T18:47:54.223-0700] {logging_mixin.py:190} INFO - [2025-02-09T18:47:54.223-0700] {override.py:1930} INFO - Created Permission View: can create on DAG Run:example_time_delta_sensor_async
[2025-02-09T18:47:54.225-0700] {logging_mixin.py:190} INFO - [2025-02-09T18:47:54.225-0700] {override.py:1930} INFO - Created Permission View: can delete on DAG Run:example_time_delta_sensor_async
[2025-02-09T18:47:54.227-0700] {logging_mixin.py:190} INFO - [2025-02-09T18:47:54.227-0700] {override.py:1930} INFO - Created Permission View: menu access on DAG Run:example_time_delta_sensor_async
[2025-02-09T18:47:54.229-0700] {logging_mixin.py:190} INFO - [2025-02-09T18:47:54.229-0700] {override.py:1930} INFO - Created Permission View: can read on DAG Run:example_time_delta_sensor_async
[2025-02-09T18:47:54.229-0700] {logging_mixin.py:190} INFO - [2025-02-09T18:47:54.229-0700] {dag.py:3239} INFO - Sync 1 DAGs
[2025-02-09T18:47:54.234-0700] {logging_mixin.py:190} INFO - [2025-02-09T18:47:54.233-0700] {dag.py:3262} INFO - Creating ORM DAG for example_time_delta_sensor_async
[2025-02-09T18:47:54.234-0700] {logging_mixin.py:190} INFO - [2025-02-09T18:47:54.234-0700] {dag.py:4180} INFO - Setting next_dagrun for example_time_delta_sensor_async to None, run_after=None
[2025-02-09T18:47:54.240-0700] {processor.py:208} INFO - Processing /Users/pranithjain/Desktop/DE Project/Apache Airflow Project/venv/lib/python3.10/site-packages/airflow/example_dags/example_time_delta_sensor_async.py took 0.298 seconds
[2025-02-09T18:49:37.653-0700] {processor.py:186} INFO - Started process (PID=19116) to work on /Users/pranithjain/Desktop/DE Project/Apache Airflow Project/venv/lib/python3.10/site-packages/airflow/example_dags/example_time_delta_sensor_async.py
[2025-02-09T18:49:37.654-0700] {processor.py:914} INFO - Processing file /Users/pranithjain/Desktop/DE Project/Apache Airflow Project/venv/lib/python3.10/site-packages/airflow/example_dags/example_time_delta_sensor_async.py for tasks to queue
[2025-02-09T18:49:37.654-0700] {logging_mixin.py:190} INFO - [2025-02-09T18:49:37.654-0700] {dagbag.py:588} INFO - Filling up the DagBag from /Users/pranithjain/Desktop/DE Project/Apache Airflow Project/venv/lib/python3.10/site-packages/airflow/example_dags/example_time_delta_sensor_async.py
[2025-02-09T18:49:37.658-0700] {processor.py:925} INFO - DAG(s) 'example_time_delta_sensor_async' retrieved from /Users/pranithjain/Desktop/DE Project/Apache Airflow Project/venv/lib/python3.10/site-packages/airflow/example_dags/example_time_delta_sensor_async.py
[2025-02-09T18:49:37.862-0700] {logging_mixin.py:190} INFO - [2025-02-09T18:49:37.861-0700] {dag.py:3239} INFO - Sync 1 DAGs
[2025-02-09T18:49:37.866-0700] {logging_mixin.py:190} INFO - [2025-02-09T18:49:37.866-0700] {dag.py:4180} INFO - Setting next_dagrun for example_time_delta_sensor_async to None, run_after=None
[2025-02-09T18:49:37.873-0700] {processor.py:208} INFO - Processing /Users/pranithjain/Desktop/DE Project/Apache Airflow Project/venv/lib/python3.10/site-packages/airflow/example_dags/example_time_delta_sensor_async.py took 0.222 seconds
[2025-02-09T18:50:51.481-0700] {processor.py:186} INFO - Started process (PID=19344) to work on /Users/pranithjain/Desktop/DE Project/Apache Airflow Project/venv/lib/python3.10/site-packages/airflow/example_dags/example_time_delta_sensor_async.py
[2025-02-09T18:50:51.482-0700] {processor.py:914} INFO - Processing file /Users/pranithjain/Desktop/DE Project/Apache Airflow Project/venv/lib/python3.10/site-packages/airflow/example_dags/example_time_delta_sensor_async.py for tasks to queue
[2025-02-09T18:50:51.483-0700] {logging_mixin.py:190} INFO - [2025-02-09T18:50:51.483-0700] {dagbag.py:588} INFO - Filling up the DagBag from /Users/pranithjain/Desktop/DE Project/Apache Airflow Project/venv/lib/python3.10/site-packages/airflow/example_dags/example_time_delta_sensor_async.py
[2025-02-09T18:50:51.487-0700] {processor.py:925} INFO - DAG(s) 'example_time_delta_sensor_async' retrieved from /Users/pranithjain/Desktop/DE Project/Apache Airflow Project/venv/lib/python3.10/site-packages/airflow/example_dags/example_time_delta_sensor_async.py
[2025-02-09T18:50:51.703-0700] {logging_mixin.py:190} INFO - [2025-02-09T18:50:51.703-0700] {dag.py:3239} INFO - Sync 1 DAGs
[2025-02-09T18:50:51.709-0700] {logging_mixin.py:190} INFO - [2025-02-09T18:50:51.708-0700] {dag.py:4180} INFO - Setting next_dagrun for example_time_delta_sensor_async to None, run_after=None
[2025-02-09T18:50:51.716-0700] {processor.py:208} INFO - Processing /Users/pranithjain/Desktop/DE Project/Apache Airflow Project/venv/lib/python3.10/site-packages/airflow/example_dags/example_time_delta_sensor_async.py took 0.237 seconds
[2025-02-09T18:52:02.107-0700] {processor.py:186} INFO - Started process (PID=19565) to work on /Users/pranithjain/Desktop/DE Project/Apache Airflow Project/venv/lib/python3.10/site-packages/airflow/example_dags/example_time_delta_sensor_async.py
[2025-02-09T18:52:02.108-0700] {processor.py:914} INFO - Processing file /Users/pranithjain/Desktop/DE Project/Apache Airflow Project/venv/lib/python3.10/site-packages/airflow/example_dags/example_time_delta_sensor_async.py for tasks to queue
[2025-02-09T18:52:02.108-0700] {logging_mixin.py:190} INFO - [2025-02-09T18:52:02.108-0700] {dagbag.py:588} INFO - Filling up the DagBag from /Users/pranithjain/Desktop/DE Project/Apache Airflow Project/venv/lib/python3.10/site-packages/airflow/example_dags/example_time_delta_sensor_async.py
[2025-02-09T18:52:02.112-0700] {processor.py:925} INFO - DAG(s) 'example_time_delta_sensor_async' retrieved from /Users/pranithjain/Desktop/DE Project/Apache Airflow Project/venv/lib/python3.10/site-packages/airflow/example_dags/example_time_delta_sensor_async.py
[2025-02-09T18:52:02.319-0700] {logging_mixin.py:190} INFO - [2025-02-09T18:52:02.319-0700] {dag.py:3239} INFO - Sync 1 DAGs
[2025-02-09T18:52:02.324-0700] {logging_mixin.py:190} INFO - [2025-02-09T18:52:02.324-0700] {dag.py:4180} INFO - Setting next_dagrun for example_time_delta_sensor_async to None, run_after=None
[2025-02-09T18:52:02.331-0700] {processor.py:208} INFO - Processing /Users/pranithjain/Desktop/DE Project/Apache Airflow Project/venv/lib/python3.10/site-packages/airflow/example_dags/example_time_delta_sensor_async.py took 0.226 seconds
[2025-02-09T18:53:02.466-0700] {processor.py:186} INFO - Started process (PID=19761) to work on /Users/pranithjain/Desktop/DE Project/Apache Airflow Project/venv/lib/python3.10/site-packages/airflow/example_dags/example_time_delta_sensor_async.py
[2025-02-09T18:53:02.467-0700] {processor.py:914} INFO - Processing file /Users/pranithjain/Desktop/DE Project/Apache Airflow Project/venv/lib/python3.10/site-packages/airflow/example_dags/example_time_delta_sensor_async.py for tasks to queue
[2025-02-09T18:53:02.468-0700] {logging_mixin.py:190} INFO - [2025-02-09T18:53:02.468-0700] {dagbag.py:588} INFO - Filling up the DagBag from /Users/pranithjain/Desktop/DE Project/Apache Airflow Project/venv/lib/python3.10/site-packages/airflow/example_dags/example_time_delta_sensor_async.py
[2025-02-09T18:53:02.472-0700] {processor.py:925} INFO - DAG(s) 'example_time_delta_sensor_async' retrieved from /Users/pranithjain/Desktop/DE Project/Apache Airflow Project/venv/lib/python3.10/site-packages/airflow/example_dags/example_time_delta_sensor_async.py
[2025-02-09T18:53:02.677-0700] {logging_mixin.py:190} INFO - [2025-02-09T18:53:02.677-0700] {dag.py:3239} INFO - Sync 1 DAGs
[2025-02-09T18:53:02.682-0700] {logging_mixin.py:190} INFO - [2025-02-09T18:53:02.682-0700] {dag.py:4180} INFO - Setting next_dagrun for example_time_delta_sensor_async to None, run_after=None
[2025-02-09T18:53:02.689-0700] {processor.py:208} INFO - Processing /Users/pranithjain/Desktop/DE Project/Apache Airflow Project/venv/lib/python3.10/site-packages/airflow/example_dags/example_time_delta_sensor_async.py took 0.225 seconds
[2025-02-09T18:54:44.321-0700] {processor.py:186} INFO - Started process (PID=20074) to work on /Users/pranithjain/Desktop/DE Project/Apache Airflow Project/venv/lib/python3.10/site-packages/airflow/example_dags/example_time_delta_sensor_async.py
[2025-02-09T18:54:44.321-0700] {processor.py:914} INFO - Processing file /Users/pranithjain/Desktop/DE Project/Apache Airflow Project/venv/lib/python3.10/site-packages/airflow/example_dags/example_time_delta_sensor_async.py for tasks to queue
[2025-02-09T18:54:44.322-0700] {logging_mixin.py:190} INFO - [2025-02-09T18:54:44.322-0700] {dagbag.py:588} INFO - Filling up the DagBag from /Users/pranithjain/Desktop/DE Project/Apache Airflow Project/venv/lib/python3.10/site-packages/airflow/example_dags/example_time_delta_sensor_async.py
[2025-02-09T18:54:44.325-0700] {processor.py:925} INFO - DAG(s) 'example_time_delta_sensor_async' retrieved from /Users/pranithjain/Desktop/DE Project/Apache Airflow Project/venv/lib/python3.10/site-packages/airflow/example_dags/example_time_delta_sensor_async.py
[2025-02-09T18:54:44.530-0700] {logging_mixin.py:190} INFO - [2025-02-09T18:54:44.529-0700] {dag.py:3239} INFO - Sync 1 DAGs
[2025-02-09T18:54:44.534-0700] {logging_mixin.py:190} INFO - [2025-02-09T18:54:44.534-0700] {dag.py:4180} INFO - Setting next_dagrun for example_time_delta_sensor_async to None, run_after=None
[2025-02-09T18:54:44.542-0700] {processor.py:208} INFO - Processing /Users/pranithjain/Desktop/DE Project/Apache Airflow Project/venv/lib/python3.10/site-packages/airflow/example_dags/example_time_delta_sensor_async.py took 0.222 seconds
[2025-02-09T18:55:57.166-0700] {processor.py:186} INFO - Started process (PID=20295) to work on /Users/pranithjain/Desktop/DE Project/Apache Airflow Project/venv/lib/python3.10/site-packages/airflow/example_dags/example_time_delta_sensor_async.py
[2025-02-09T18:55:57.166-0700] {processor.py:914} INFO - Processing file /Users/pranithjain/Desktop/DE Project/Apache Airflow Project/venv/lib/python3.10/site-packages/airflow/example_dags/example_time_delta_sensor_async.py for tasks to queue
[2025-02-09T18:55:57.167-0700] {logging_mixin.py:190} INFO - [2025-02-09T18:55:57.166-0700] {dagbag.py:588} INFO - Filling up the DagBag from /Users/pranithjain/Desktop/DE Project/Apache Airflow Project/venv/lib/python3.10/site-packages/airflow/example_dags/example_time_delta_sensor_async.py
[2025-02-09T18:55:57.170-0700] {processor.py:925} INFO - DAG(s) 'example_time_delta_sensor_async' retrieved from /Users/pranithjain/Desktop/DE Project/Apache Airflow Project/venv/lib/python3.10/site-packages/airflow/example_dags/example_time_delta_sensor_async.py
[2025-02-09T18:55:57.387-0700] {logging_mixin.py:190} INFO - [2025-02-09T18:55:57.387-0700] {dag.py:3239} INFO - Sync 1 DAGs
[2025-02-09T18:55:57.392-0700] {logging_mixin.py:190} INFO - [2025-02-09T18:55:57.392-0700] {dag.py:4180} INFO - Setting next_dagrun for example_time_delta_sensor_async to None, run_after=None
[2025-02-09T18:55:57.399-0700] {processor.py:208} INFO - Processing /Users/pranithjain/Desktop/DE Project/Apache Airflow Project/venv/lib/python3.10/site-packages/airflow/example_dags/example_time_delta_sensor_async.py took 0.235 seconds
[2025-02-09T18:57:10.666-0700] {processor.py:186} INFO - Started process (PID=20531) to work on /Users/pranithjain/Desktop/DE Project/Apache Airflow Project/venv/lib/python3.10/site-packages/airflow/example_dags/example_time_delta_sensor_async.py
[2025-02-09T18:57:10.667-0700] {processor.py:914} INFO - Processing file /Users/pranithjain/Desktop/DE Project/Apache Airflow Project/venv/lib/python3.10/site-packages/airflow/example_dags/example_time_delta_sensor_async.py for tasks to queue
[2025-02-09T18:57:10.667-0700] {logging_mixin.py:190} INFO - [2025-02-09T18:57:10.667-0700] {dagbag.py:588} INFO - Filling up the DagBag from /Users/pranithjain/Desktop/DE Project/Apache Airflow Project/venv/lib/python3.10/site-packages/airflow/example_dags/example_time_delta_sensor_async.py
[2025-02-09T18:57:10.671-0700] {processor.py:925} INFO - DAG(s) 'example_time_delta_sensor_async' retrieved from /Users/pranithjain/Desktop/DE Project/Apache Airflow Project/venv/lib/python3.10/site-packages/airflow/example_dags/example_time_delta_sensor_async.py
[2025-02-09T18:57:10.901-0700] {logging_mixin.py:190} INFO - [2025-02-09T18:57:10.900-0700] {dag.py:3239} INFO - Sync 1 DAGs
[2025-02-09T18:57:10.906-0700] {logging_mixin.py:190} INFO - [2025-02-09T18:57:10.906-0700] {dag.py:4180} INFO - Setting next_dagrun for example_time_delta_sensor_async to None, run_after=None
[2025-02-09T18:57:10.913-0700] {processor.py:208} INFO - Processing /Users/pranithjain/Desktop/DE Project/Apache Airflow Project/venv/lib/python3.10/site-packages/airflow/example_dags/example_time_delta_sensor_async.py took 0.248 seconds
[2025-02-09T18:58:22.685-0700] {processor.py:186} INFO - Started process (PID=20752) to work on /Users/pranithjain/Desktop/DE Project/Apache Airflow Project/venv/lib/python3.10/site-packages/airflow/example_dags/example_time_delta_sensor_async.py
[2025-02-09T18:58:22.685-0700] {processor.py:914} INFO - Processing file /Users/pranithjain/Desktop/DE Project/Apache Airflow Project/venv/lib/python3.10/site-packages/airflow/example_dags/example_time_delta_sensor_async.py for tasks to queue
[2025-02-09T18:58:22.686-0700] {logging_mixin.py:190} INFO - [2025-02-09T18:58:22.686-0700] {dagbag.py:588} INFO - Filling up the DagBag from /Users/pranithjain/Desktop/DE Project/Apache Airflow Project/venv/lib/python3.10/site-packages/airflow/example_dags/example_time_delta_sensor_async.py
[2025-02-09T18:58:22.689-0700] {processor.py:925} INFO - DAG(s) 'example_time_delta_sensor_async' retrieved from /Users/pranithjain/Desktop/DE Project/Apache Airflow Project/venv/lib/python3.10/site-packages/airflow/example_dags/example_time_delta_sensor_async.py
[2025-02-09T18:58:22.894-0700] {logging_mixin.py:190} INFO - [2025-02-09T18:58:22.894-0700] {dag.py:3239} INFO - Sync 1 DAGs
[2025-02-09T18:58:22.899-0700] {logging_mixin.py:190} INFO - [2025-02-09T18:58:22.899-0700] {dag.py:4180} INFO - Setting next_dagrun for example_time_delta_sensor_async to None, run_after=None
[2025-02-09T18:58:22.906-0700] {processor.py:208} INFO - Processing /Users/pranithjain/Desktop/DE Project/Apache Airflow Project/venv/lib/python3.10/site-packages/airflow/example_dags/example_time_delta_sensor_async.py took 0.223 seconds
[2025-02-09T19:06:38.713-0700] {processor.py:186} INFO - Started process (PID=21943) to work on /Users/pranithjain/Desktop/DE Project/Apache Airflow Project/venv/lib/python3.10/site-packages/airflow/example_dags/example_time_delta_sensor_async.py
[2025-02-09T19:06:38.713-0700] {processor.py:914} INFO - Processing file /Users/pranithjain/Desktop/DE Project/Apache Airflow Project/venv/lib/python3.10/site-packages/airflow/example_dags/example_time_delta_sensor_async.py for tasks to queue
[2025-02-09T19:06:38.714-0700] {logging_mixin.py:190} INFO - [2025-02-09T19:06:38.714-0700] {dagbag.py:588} INFO - Filling up the DagBag from /Users/pranithjain/Desktop/DE Project/Apache Airflow Project/venv/lib/python3.10/site-packages/airflow/example_dags/example_time_delta_sensor_async.py
[2025-02-09T19:06:38.717-0700] {processor.py:925} INFO - DAG(s) 'example_time_delta_sensor_async' retrieved from /Users/pranithjain/Desktop/DE Project/Apache Airflow Project/venv/lib/python3.10/site-packages/airflow/example_dags/example_time_delta_sensor_async.py
[2025-02-09T19:06:38.929-0700] {logging_mixin.py:190} INFO - [2025-02-09T19:06:38.929-0700] {dag.py:3239} INFO - Sync 1 DAGs
[2025-02-09T19:06:38.934-0700] {logging_mixin.py:190} INFO - [2025-02-09T19:06:38.933-0700] {dag.py:4180} INFO - Setting next_dagrun for example_time_delta_sensor_async to None, run_after=None
[2025-02-09T19:06:38.940-0700] {processor.py:208} INFO - Processing /Users/pranithjain/Desktop/DE Project/Apache Airflow Project/venv/lib/python3.10/site-packages/airflow/example_dags/example_time_delta_sensor_async.py took 0.229 seconds
[2025-02-09T19:08:15.962-0700] {processor.py:186} INFO - Started process (PID=22241) to work on /Users/pranithjain/Desktop/DE Project/Apache Airflow Project/venv/lib/python3.10/site-packages/airflow/example_dags/example_time_delta_sensor_async.py
[2025-02-09T19:08:15.963-0700] {processor.py:914} INFO - Processing file /Users/pranithjain/Desktop/DE Project/Apache Airflow Project/venv/lib/python3.10/site-packages/airflow/example_dags/example_time_delta_sensor_async.py for tasks to queue
[2025-02-09T19:08:15.963-0700] {logging_mixin.py:190} INFO - [2025-02-09T19:08:15.963-0700] {dagbag.py:588} INFO - Filling up the DagBag from /Users/pranithjain/Desktop/DE Project/Apache Airflow Project/venv/lib/python3.10/site-packages/airflow/example_dags/example_time_delta_sensor_async.py
[2025-02-09T19:08:15.967-0700] {processor.py:925} INFO - DAG(s) 'example_time_delta_sensor_async' retrieved from /Users/pranithjain/Desktop/DE Project/Apache Airflow Project/venv/lib/python3.10/site-packages/airflow/example_dags/example_time_delta_sensor_async.py
[2025-02-09T19:08:16.178-0700] {logging_mixin.py:190} INFO - [2025-02-09T19:08:16.178-0700] {dag.py:3239} INFO - Sync 1 DAGs
[2025-02-09T19:08:16.183-0700] {logging_mixin.py:190} INFO - [2025-02-09T19:08:16.183-0700] {dag.py:4180} INFO - Setting next_dagrun for example_time_delta_sensor_async to None, run_after=None
[2025-02-09T19:08:16.190-0700] {processor.py:208} INFO - Processing /Users/pranithjain/Desktop/DE Project/Apache Airflow Project/venv/lib/python3.10/site-packages/airflow/example_dags/example_time_delta_sensor_async.py took 0.230 seconds
[2025-02-09T19:09:27.618-0700] {processor.py:186} INFO - Started process (PID=22466) to work on /Users/pranithjain/Desktop/DE Project/Apache Airflow Project/venv/lib/python3.10/site-packages/airflow/example_dags/example_time_delta_sensor_async.py
[2025-02-09T19:09:27.618-0700] {processor.py:914} INFO - Processing file /Users/pranithjain/Desktop/DE Project/Apache Airflow Project/venv/lib/python3.10/site-packages/airflow/example_dags/example_time_delta_sensor_async.py for tasks to queue
[2025-02-09T19:09:27.619-0700] {logging_mixin.py:190} INFO - [2025-02-09T19:09:27.619-0700] {dagbag.py:588} INFO - Filling up the DagBag from /Users/pranithjain/Desktop/DE Project/Apache Airflow Project/venv/lib/python3.10/site-packages/airflow/example_dags/example_time_delta_sensor_async.py
[2025-02-09T19:09:27.622-0700] {processor.py:925} INFO - DAG(s) 'example_time_delta_sensor_async' retrieved from /Users/pranithjain/Desktop/DE Project/Apache Airflow Project/venv/lib/python3.10/site-packages/airflow/example_dags/example_time_delta_sensor_async.py
[2025-02-09T19:09:27.927-0700] {logging_mixin.py:190} INFO - [2025-02-09T19:09:27.927-0700] {dag.py:3239} INFO - Sync 1 DAGs
[2025-02-09T19:09:27.931-0700] {logging_mixin.py:190} INFO - [2025-02-09T19:09:27.931-0700] {dag.py:4180} INFO - Setting next_dagrun for example_time_delta_sensor_async to None, run_after=None
[2025-02-09T19:09:27.939-0700] {processor.py:208} INFO - Processing /Users/pranithjain/Desktop/DE Project/Apache Airflow Project/venv/lib/python3.10/site-packages/airflow/example_dags/example_time_delta_sensor_async.py took 0.323 seconds
[2025-02-09T19:10:40.851-0700] {processor.py:186} INFO - Started process (PID=22689) to work on /Users/pranithjain/Desktop/DE Project/Apache Airflow Project/venv/lib/python3.10/site-packages/airflow/example_dags/example_time_delta_sensor_async.py
[2025-02-09T19:10:40.852-0700] {processor.py:914} INFO - Processing file /Users/pranithjain/Desktop/DE Project/Apache Airflow Project/venv/lib/python3.10/site-packages/airflow/example_dags/example_time_delta_sensor_async.py for tasks to queue
[2025-02-09T19:10:40.852-0700] {logging_mixin.py:190} INFO - [2025-02-09T19:10:40.852-0700] {dagbag.py:588} INFO - Filling up the DagBag from /Users/pranithjain/Desktop/DE Project/Apache Airflow Project/venv/lib/python3.10/site-packages/airflow/example_dags/example_time_delta_sensor_async.py
[2025-02-09T19:10:40.856-0700] {processor.py:925} INFO - DAG(s) 'example_time_delta_sensor_async' retrieved from /Users/pranithjain/Desktop/DE Project/Apache Airflow Project/venv/lib/python3.10/site-packages/airflow/example_dags/example_time_delta_sensor_async.py
[2025-02-09T19:10:41.080-0700] {logging_mixin.py:190} INFO - [2025-02-09T19:10:41.080-0700] {dag.py:3239} INFO - Sync 1 DAGs
[2025-02-09T19:10:41.085-0700] {logging_mixin.py:190} INFO - [2025-02-09T19:10:41.085-0700] {dag.py:4180} INFO - Setting next_dagrun for example_time_delta_sensor_async to None, run_after=None
[2025-02-09T19:10:41.093-0700] {processor.py:208} INFO - Processing /Users/pranithjain/Desktop/DE Project/Apache Airflow Project/venv/lib/python3.10/site-packages/airflow/example_dags/example_time_delta_sensor_async.py took 0.243 seconds
[2025-02-09T19:13:08.234-0700] {processor.py:186} INFO - Started process (PID=23097) to work on /Users/pranithjain/Desktop/DE Project/Apache Airflow Project/venv/lib/python3.10/site-packages/airflow/example_dags/example_time_delta_sensor_async.py
[2025-02-09T19:13:08.235-0700] {processor.py:914} INFO - Processing file /Users/pranithjain/Desktop/DE Project/Apache Airflow Project/venv/lib/python3.10/site-packages/airflow/example_dags/example_time_delta_sensor_async.py for tasks to queue
[2025-02-09T19:13:08.235-0700] {logging_mixin.py:190} INFO - [2025-02-09T19:13:08.235-0700] {dagbag.py:588} INFO - Filling up the DagBag from /Users/pranithjain/Desktop/DE Project/Apache Airflow Project/venv/lib/python3.10/site-packages/airflow/example_dags/example_time_delta_sensor_async.py
[2025-02-09T19:13:08.239-0700] {processor.py:925} INFO - DAG(s) 'example_time_delta_sensor_async' retrieved from /Users/pranithjain/Desktop/DE Project/Apache Airflow Project/venv/lib/python3.10/site-packages/airflow/example_dags/example_time_delta_sensor_async.py
[2025-02-09T19:13:08.448-0700] {logging_mixin.py:190} INFO - [2025-02-09T19:13:08.448-0700] {dag.py:3239} INFO - Sync 1 DAGs
[2025-02-09T19:13:08.453-0700] {logging_mixin.py:190} INFO - [2025-02-09T19:13:08.453-0700] {dag.py:4180} INFO - Setting next_dagrun for example_time_delta_sensor_async to None, run_after=None
[2025-02-09T19:13:08.460-0700] {processor.py:208} INFO - Processing /Users/pranithjain/Desktop/DE Project/Apache Airflow Project/venv/lib/python3.10/site-packages/airflow/example_dags/example_time_delta_sensor_async.py took 0.228 seconds
[2025-02-09T19:14:51.325-0700] {processor.py:186} INFO - Started process (PID=23410) to work on /Users/pranithjain/Desktop/DE Project/Apache Airflow Project/venv/lib/python3.10/site-packages/airflow/example_dags/example_time_delta_sensor_async.py
[2025-02-09T19:14:51.326-0700] {processor.py:914} INFO - Processing file /Users/pranithjain/Desktop/DE Project/Apache Airflow Project/venv/lib/python3.10/site-packages/airflow/example_dags/example_time_delta_sensor_async.py for tasks to queue
[2025-02-09T19:14:51.326-0700] {logging_mixin.py:190} INFO - [2025-02-09T19:14:51.326-0700] {dagbag.py:588} INFO - Filling up the DagBag from /Users/pranithjain/Desktop/DE Project/Apache Airflow Project/venv/lib/python3.10/site-packages/airflow/example_dags/example_time_delta_sensor_async.py
[2025-02-09T19:14:51.330-0700] {processor.py:925} INFO - DAG(s) 'example_time_delta_sensor_async' retrieved from /Users/pranithjain/Desktop/DE Project/Apache Airflow Project/venv/lib/python3.10/site-packages/airflow/example_dags/example_time_delta_sensor_async.py
[2025-02-09T19:14:51.534-0700] {logging_mixin.py:190} INFO - [2025-02-09T19:14:51.534-0700] {dag.py:3239} INFO - Sync 1 DAGs
[2025-02-09T19:14:51.539-0700] {logging_mixin.py:190} INFO - [2025-02-09T19:14:51.539-0700] {dag.py:4180} INFO - Setting next_dagrun for example_time_delta_sensor_async to None, run_after=None
[2025-02-09T19:14:51.546-0700] {processor.py:208} INFO - Processing /Users/pranithjain/Desktop/DE Project/Apache Airflow Project/venv/lib/python3.10/site-packages/airflow/example_dags/example_time_delta_sensor_async.py took 0.223 seconds
[2025-02-09T19:16:01.284-0700] {processor.py:186} INFO - Started process (PID=23626) to work on /Users/pranithjain/Desktop/DE Project/Apache Airflow Project/venv/lib/python3.10/site-packages/airflow/example_dags/example_time_delta_sensor_async.py
[2025-02-09T19:16:01.285-0700] {processor.py:914} INFO - Processing file /Users/pranithjain/Desktop/DE Project/Apache Airflow Project/venv/lib/python3.10/site-packages/airflow/example_dags/example_time_delta_sensor_async.py for tasks to queue
[2025-02-09T19:16:01.285-0700] {logging_mixin.py:190} INFO - [2025-02-09T19:16:01.285-0700] {dagbag.py:588} INFO - Filling up the DagBag from /Users/pranithjain/Desktop/DE Project/Apache Airflow Project/venv/lib/python3.10/site-packages/airflow/example_dags/example_time_delta_sensor_async.py
[2025-02-09T19:16:01.289-0700] {processor.py:925} INFO - DAG(s) 'example_time_delta_sensor_async' retrieved from /Users/pranithjain/Desktop/DE Project/Apache Airflow Project/venv/lib/python3.10/site-packages/airflow/example_dags/example_time_delta_sensor_async.py
[2025-02-09T19:16:01.497-0700] {logging_mixin.py:190} INFO - [2025-02-09T19:16:01.497-0700] {dag.py:3239} INFO - Sync 1 DAGs
[2025-02-09T19:16:01.502-0700] {logging_mixin.py:190} INFO - [2025-02-09T19:16:01.502-0700] {dag.py:4180} INFO - Setting next_dagrun for example_time_delta_sensor_async to None, run_after=None
[2025-02-09T19:16:01.509-0700] {processor.py:208} INFO - Processing /Users/pranithjain/Desktop/DE Project/Apache Airflow Project/venv/lib/python3.10/site-packages/airflow/example_dags/example_time_delta_sensor_async.py took 0.227 seconds
[2025-02-09T19:17:11.925-0700] {processor.py:186} INFO - Started process (PID=23840) to work on /Users/pranithjain/Desktop/DE Project/Apache Airflow Project/venv/lib/python3.10/site-packages/airflow/example_dags/example_time_delta_sensor_async.py
[2025-02-09T19:17:11.926-0700] {processor.py:914} INFO - Processing file /Users/pranithjain/Desktop/DE Project/Apache Airflow Project/venv/lib/python3.10/site-packages/airflow/example_dags/example_time_delta_sensor_async.py for tasks to queue
[2025-02-09T19:17:11.927-0700] {logging_mixin.py:190} INFO - [2025-02-09T19:17:11.927-0700] {dagbag.py:588} INFO - Filling up the DagBag from /Users/pranithjain/Desktop/DE Project/Apache Airflow Project/venv/lib/python3.10/site-packages/airflow/example_dags/example_time_delta_sensor_async.py
[2025-02-09T19:17:11.931-0700] {processor.py:925} INFO - DAG(s) 'example_time_delta_sensor_async' retrieved from /Users/pranithjain/Desktop/DE Project/Apache Airflow Project/venv/lib/python3.10/site-packages/airflow/example_dags/example_time_delta_sensor_async.py
[2025-02-09T19:17:12.139-0700] {logging_mixin.py:190} INFO - [2025-02-09T19:17:12.139-0700] {dag.py:3239} INFO - Sync 1 DAGs
[2025-02-09T19:17:12.144-0700] {logging_mixin.py:190} INFO - [2025-02-09T19:17:12.144-0700] {dag.py:4180} INFO - Setting next_dagrun for example_time_delta_sensor_async to None, run_after=None
[2025-02-09T19:17:12.151-0700] {processor.py:208} INFO - Processing /Users/pranithjain/Desktop/DE Project/Apache Airflow Project/venv/lib/python3.10/site-packages/airflow/example_dags/example_time_delta_sensor_async.py took 0.228 seconds
[2025-02-09T19:18:24.167-0700] {processor.py:186} INFO - Started process (PID=24061) to work on /Users/pranithjain/Desktop/DE Project/Apache Airflow Project/venv/lib/python3.10/site-packages/airflow/example_dags/example_time_delta_sensor_async.py
[2025-02-09T19:18:24.168-0700] {processor.py:914} INFO - Processing file /Users/pranithjain/Desktop/DE Project/Apache Airflow Project/venv/lib/python3.10/site-packages/airflow/example_dags/example_time_delta_sensor_async.py for tasks to queue
[2025-02-09T19:18:24.168-0700] {logging_mixin.py:190} INFO - [2025-02-09T19:18:24.168-0700] {dagbag.py:588} INFO - Filling up the DagBag from /Users/pranithjain/Desktop/DE Project/Apache Airflow Project/venv/lib/python3.10/site-packages/airflow/example_dags/example_time_delta_sensor_async.py
[2025-02-09T19:18:24.172-0700] {processor.py:925} INFO - DAG(s) 'example_time_delta_sensor_async' retrieved from /Users/pranithjain/Desktop/DE Project/Apache Airflow Project/venv/lib/python3.10/site-packages/airflow/example_dags/example_time_delta_sensor_async.py
[2025-02-09T19:18:24.388-0700] {logging_mixin.py:190} INFO - [2025-02-09T19:18:24.388-0700] {dag.py:3239} INFO - Sync 1 DAGs
[2025-02-09T19:18:24.393-0700] {logging_mixin.py:190} INFO - [2025-02-09T19:18:24.393-0700] {dag.py:4180} INFO - Setting next_dagrun for example_time_delta_sensor_async to None, run_after=None
[2025-02-09T19:18:24.400-0700] {processor.py:208} INFO - Processing /Users/pranithjain/Desktop/DE Project/Apache Airflow Project/venv/lib/python3.10/site-packages/airflow/example_dags/example_time_delta_sensor_async.py took 0.235 seconds
[2025-02-09T19:19:36.621-0700] {processor.py:186} INFO - Started process (PID=24285) to work on /Users/pranithjain/Desktop/DE Project/Apache Airflow Project/venv/lib/python3.10/site-packages/airflow/example_dags/example_time_delta_sensor_async.py
[2025-02-09T19:19:36.621-0700] {processor.py:914} INFO - Processing file /Users/pranithjain/Desktop/DE Project/Apache Airflow Project/venv/lib/python3.10/site-packages/airflow/example_dags/example_time_delta_sensor_async.py for tasks to queue
[2025-02-09T19:19:36.622-0700] {logging_mixin.py:190} INFO - [2025-02-09T19:19:36.622-0700] {dagbag.py:588} INFO - Filling up the DagBag from /Users/pranithjain/Desktop/DE Project/Apache Airflow Project/venv/lib/python3.10/site-packages/airflow/example_dags/example_time_delta_sensor_async.py
[2025-02-09T19:19:36.625-0700] {processor.py:925} INFO - DAG(s) 'example_time_delta_sensor_async' retrieved from /Users/pranithjain/Desktop/DE Project/Apache Airflow Project/venv/lib/python3.10/site-packages/airflow/example_dags/example_time_delta_sensor_async.py
[2025-02-09T19:19:36.836-0700] {logging_mixin.py:190} INFO - [2025-02-09T19:19:36.836-0700] {dag.py:3239} INFO - Sync 1 DAGs
[2025-02-09T19:19:36.841-0700] {logging_mixin.py:190} INFO - [2025-02-09T19:19:36.841-0700] {dag.py:4180} INFO - Setting next_dagrun for example_time_delta_sensor_async to None, run_after=None
[2025-02-09T19:19:36.848-0700] {processor.py:208} INFO - Processing /Users/pranithjain/Desktop/DE Project/Apache Airflow Project/venv/lib/python3.10/site-packages/airflow/example_dags/example_time_delta_sensor_async.py took 0.229 seconds
[2025-02-09T19:20:49.795-0700] {processor.py:186} INFO - Started process (PID=24507) to work on /Users/pranithjain/Desktop/DE Project/Apache Airflow Project/venv/lib/python3.10/site-packages/airflow/example_dags/example_time_delta_sensor_async.py
[2025-02-09T19:20:49.795-0700] {processor.py:914} INFO - Processing file /Users/pranithjain/Desktop/DE Project/Apache Airflow Project/venv/lib/python3.10/site-packages/airflow/example_dags/example_time_delta_sensor_async.py for tasks to queue
[2025-02-09T19:20:49.796-0700] {logging_mixin.py:190} INFO - [2025-02-09T19:20:49.796-0700] {dagbag.py:588} INFO - Filling up the DagBag from /Users/pranithjain/Desktop/DE Project/Apache Airflow Project/venv/lib/python3.10/site-packages/airflow/example_dags/example_time_delta_sensor_async.py
[2025-02-09T19:20:49.799-0700] {processor.py:925} INFO - DAG(s) 'example_time_delta_sensor_async' retrieved from /Users/pranithjain/Desktop/DE Project/Apache Airflow Project/venv/lib/python3.10/site-packages/airflow/example_dags/example_time_delta_sensor_async.py
[2025-02-09T19:20:50.019-0700] {logging_mixin.py:190} INFO - [2025-02-09T19:20:50.019-0700] {dag.py:3239} INFO - Sync 1 DAGs
[2025-02-09T19:20:50.024-0700] {logging_mixin.py:190} INFO - [2025-02-09T19:20:50.023-0700] {dag.py:4180} INFO - Setting next_dagrun for example_time_delta_sensor_async to None, run_after=None
[2025-02-09T19:20:50.031-0700] {processor.py:208} INFO - Processing /Users/pranithjain/Desktop/DE Project/Apache Airflow Project/venv/lib/python3.10/site-packages/airflow/example_dags/example_time_delta_sensor_async.py took 0.238 seconds
[2025-02-09T19:22:04.102-0700] {processor.py:186} INFO - Started process (PID=24827) to work on /Users/pranithjain/Desktop/DE Project/Apache Airflow Project/venv/lib/python3.10/site-packages/airflow/example_dags/example_time_delta_sensor_async.py
[2025-02-09T19:22:04.103-0700] {processor.py:914} INFO - Processing file /Users/pranithjain/Desktop/DE Project/Apache Airflow Project/venv/lib/python3.10/site-packages/airflow/example_dags/example_time_delta_sensor_async.py for tasks to queue
[2025-02-09T19:22:04.103-0700] {logging_mixin.py:190} INFO - [2025-02-09T19:22:04.103-0700] {dagbag.py:588} INFO - Filling up the DagBag from /Users/pranithjain/Desktop/DE Project/Apache Airflow Project/venv/lib/python3.10/site-packages/airflow/example_dags/example_time_delta_sensor_async.py
[2025-02-09T19:22:04.107-0700] {processor.py:925} INFO - DAG(s) 'example_time_delta_sensor_async' retrieved from /Users/pranithjain/Desktop/DE Project/Apache Airflow Project/venv/lib/python3.10/site-packages/airflow/example_dags/example_time_delta_sensor_async.py
[2025-02-09T19:22:04.317-0700] {logging_mixin.py:190} INFO - [2025-02-09T19:22:04.317-0700] {dag.py:3239} INFO - Sync 1 DAGs
[2025-02-09T19:22:04.323-0700] {logging_mixin.py:190} INFO - [2025-02-09T19:22:04.322-0700] {dag.py:4180} INFO - Setting next_dagrun for example_time_delta_sensor_async to None, run_after=None
[2025-02-09T19:22:04.330-0700] {processor.py:208} INFO - Processing /Users/pranithjain/Desktop/DE Project/Apache Airflow Project/venv/lib/python3.10/site-packages/airflow/example_dags/example_time_delta_sensor_async.py took 0.230 seconds
[2025-02-09T19:23:16.273-0700] {processor.py:186} INFO - Started process (PID=25046) to work on /Users/pranithjain/Desktop/DE Project/Apache Airflow Project/venv/lib/python3.10/site-packages/airflow/example_dags/example_time_delta_sensor_async.py
[2025-02-09T19:23:16.274-0700] {processor.py:914} INFO - Processing file /Users/pranithjain/Desktop/DE Project/Apache Airflow Project/venv/lib/python3.10/site-packages/airflow/example_dags/example_time_delta_sensor_async.py for tasks to queue
[2025-02-09T19:23:16.275-0700] {logging_mixin.py:190} INFO - [2025-02-09T19:23:16.274-0700] {dagbag.py:588} INFO - Filling up the DagBag from /Users/pranithjain/Desktop/DE Project/Apache Airflow Project/venv/lib/python3.10/site-packages/airflow/example_dags/example_time_delta_sensor_async.py
[2025-02-09T19:23:16.279-0700] {processor.py:925} INFO - DAG(s) 'example_time_delta_sensor_async' retrieved from /Users/pranithjain/Desktop/DE Project/Apache Airflow Project/venv/lib/python3.10/site-packages/airflow/example_dags/example_time_delta_sensor_async.py
[2025-02-09T19:23:16.498-0700] {logging_mixin.py:190} INFO - [2025-02-09T19:23:16.497-0700] {dag.py:3239} INFO - Sync 1 DAGs
[2025-02-09T19:23:16.503-0700] {logging_mixin.py:190} INFO - [2025-02-09T19:23:16.503-0700] {dag.py:4180} INFO - Setting next_dagrun for example_time_delta_sensor_async to None, run_after=None
[2025-02-09T19:23:16.511-0700] {processor.py:208} INFO - Processing /Users/pranithjain/Desktop/DE Project/Apache Airflow Project/venv/lib/python3.10/site-packages/airflow/example_dags/example_time_delta_sensor_async.py took 0.239 seconds
[2025-02-09T19:24:24.366-0700] {processor.py:186} INFO - Started process (PID=25260) to work on /Users/pranithjain/Desktop/DE Project/Apache Airflow Project/venv/lib/python3.10/site-packages/airflow/example_dags/example_time_delta_sensor_async.py
[2025-02-09T19:24:24.367-0700] {processor.py:914} INFO - Processing file /Users/pranithjain/Desktop/DE Project/Apache Airflow Project/venv/lib/python3.10/site-packages/airflow/example_dags/example_time_delta_sensor_async.py for tasks to queue
[2025-02-09T19:24:24.367-0700] {logging_mixin.py:190} INFO - [2025-02-09T19:24:24.367-0700] {dagbag.py:588} INFO - Filling up the DagBag from /Users/pranithjain/Desktop/DE Project/Apache Airflow Project/venv/lib/python3.10/site-packages/airflow/example_dags/example_time_delta_sensor_async.py
[2025-02-09T19:24:24.371-0700] {processor.py:925} INFO - DAG(s) 'example_time_delta_sensor_async' retrieved from /Users/pranithjain/Desktop/DE Project/Apache Airflow Project/venv/lib/python3.10/site-packages/airflow/example_dags/example_time_delta_sensor_async.py
[2025-02-09T19:24:24.578-0700] {logging_mixin.py:190} INFO - [2025-02-09T19:24:24.578-0700] {dag.py:3239} INFO - Sync 1 DAGs
[2025-02-09T19:24:24.584-0700] {logging_mixin.py:190} INFO - [2025-02-09T19:24:24.583-0700] {dag.py:4180} INFO - Setting next_dagrun for example_time_delta_sensor_async to None, run_after=None
[2025-02-09T19:24:24.591-0700] {processor.py:208} INFO - Processing /Users/pranithjain/Desktop/DE Project/Apache Airflow Project/venv/lib/python3.10/site-packages/airflow/example_dags/example_time_delta_sensor_async.py took 0.227 seconds
[2025-02-09T19:25:32.713-0700] {processor.py:186} INFO - Started process (PID=25469) to work on /Users/pranithjain/Desktop/DE Project/Apache Airflow Project/venv/lib/python3.10/site-packages/airflow/example_dags/example_time_delta_sensor_async.py
[2025-02-09T19:25:32.714-0700] {processor.py:914} INFO - Processing file /Users/pranithjain/Desktop/DE Project/Apache Airflow Project/venv/lib/python3.10/site-packages/airflow/example_dags/example_time_delta_sensor_async.py for tasks to queue
[2025-02-09T19:25:32.714-0700] {logging_mixin.py:190} INFO - [2025-02-09T19:25:32.714-0700] {dagbag.py:588} INFO - Filling up the DagBag from /Users/pranithjain/Desktop/DE Project/Apache Airflow Project/venv/lib/python3.10/site-packages/airflow/example_dags/example_time_delta_sensor_async.py
[2025-02-09T19:25:32.718-0700] {processor.py:925} INFO - DAG(s) 'example_time_delta_sensor_async' retrieved from /Users/pranithjain/Desktop/DE Project/Apache Airflow Project/venv/lib/python3.10/site-packages/airflow/example_dags/example_time_delta_sensor_async.py
[2025-02-09T19:25:32.923-0700] {logging_mixin.py:190} INFO - [2025-02-09T19:25:32.923-0700] {dag.py:3239} INFO - Sync 1 DAGs
[2025-02-09T19:25:32.928-0700] {logging_mixin.py:190} INFO - [2025-02-09T19:25:32.927-0700] {dag.py:4180} INFO - Setting next_dagrun for example_time_delta_sensor_async to None, run_after=None
[2025-02-09T19:25:32.935-0700] {processor.py:208} INFO - Processing /Users/pranithjain/Desktop/DE Project/Apache Airflow Project/venv/lib/python3.10/site-packages/airflow/example_dags/example_time_delta_sensor_async.py took 0.223 seconds
[2025-02-09T19:26:41.176-0700] {processor.py:186} INFO - Started process (PID=25766) to work on /Users/pranithjain/Desktop/DE Project/Apache Airflow Project/venv/lib/python3.10/site-packages/airflow/example_dags/example_time_delta_sensor_async.py
[2025-02-09T19:26:41.178-0700] {processor.py:914} INFO - Processing file /Users/pranithjain/Desktop/DE Project/Apache Airflow Project/venv/lib/python3.10/site-packages/airflow/example_dags/example_time_delta_sensor_async.py for tasks to queue
[2025-02-09T19:26:41.178-0700] {logging_mixin.py:190} INFO - [2025-02-09T19:26:41.178-0700] {dagbag.py:588} INFO - Filling up the DagBag from /Users/pranithjain/Desktop/DE Project/Apache Airflow Project/venv/lib/python3.10/site-packages/airflow/example_dags/example_time_delta_sensor_async.py
[2025-02-09T19:26:41.183-0700] {processor.py:925} INFO - DAG(s) 'example_time_delta_sensor_async' retrieved from /Users/pranithjain/Desktop/DE Project/Apache Airflow Project/venv/lib/python3.10/site-packages/airflow/example_dags/example_time_delta_sensor_async.py
[2025-02-09T19:26:41.396-0700] {logging_mixin.py:190} INFO - [2025-02-09T19:26:41.396-0700] {dag.py:3239} INFO - Sync 1 DAGs
[2025-02-09T19:26:41.401-0700] {logging_mixin.py:190} INFO - [2025-02-09T19:26:41.401-0700] {dag.py:4180} INFO - Setting next_dagrun for example_time_delta_sensor_async to None, run_after=None
[2025-02-09T19:26:41.410-0700] {processor.py:208} INFO - Processing /Users/pranithjain/Desktop/DE Project/Apache Airflow Project/venv/lib/python3.10/site-packages/airflow/example_dags/example_time_delta_sensor_async.py took 0.235 seconds
[2025-02-09T19:28:33.025-0700] {processor.py:186} INFO - Started process (PID=26149) to work on /Users/pranithjain/Desktop/DE Project/Apache Airflow Project/venv/lib/python3.10/site-packages/airflow/example_dags/example_time_delta_sensor_async.py
[2025-02-09T19:28:33.025-0700] {processor.py:914} INFO - Processing file /Users/pranithjain/Desktop/DE Project/Apache Airflow Project/venv/lib/python3.10/site-packages/airflow/example_dags/example_time_delta_sensor_async.py for tasks to queue
[2025-02-09T19:28:33.026-0700] {logging_mixin.py:190} INFO - [2025-02-09T19:28:33.026-0700] {dagbag.py:588} INFO - Filling up the DagBag from /Users/pranithjain/Desktop/DE Project/Apache Airflow Project/venv/lib/python3.10/site-packages/airflow/example_dags/example_time_delta_sensor_async.py
[2025-02-09T19:28:33.030-0700] {processor.py:925} INFO - DAG(s) 'example_time_delta_sensor_async' retrieved from /Users/pranithjain/Desktop/DE Project/Apache Airflow Project/venv/lib/python3.10/site-packages/airflow/example_dags/example_time_delta_sensor_async.py
[2025-02-09T19:28:33.239-0700] {logging_mixin.py:190} INFO - [2025-02-09T19:28:33.239-0700] {dag.py:3239} INFO - Sync 1 DAGs
[2025-02-09T19:28:33.244-0700] {logging_mixin.py:190} INFO - [2025-02-09T19:28:33.244-0700] {dag.py:4180} INFO - Setting next_dagrun for example_time_delta_sensor_async to None, run_after=None
[2025-02-09T19:28:33.251-0700] {processor.py:208} INFO - Processing /Users/pranithjain/Desktop/DE Project/Apache Airflow Project/venv/lib/python3.10/site-packages/airflow/example_dags/example_time_delta_sensor_async.py took 0.228 seconds
