[2025-02-09T18:48:50.511-0700] {processor.py:186} INFO - Started process (PID=18969) to work on /Users/pranithjain/Desktop/DE Project/Apache Airflow Project/venv/lib/python3.10/site-packages/airflow/example_dags/example_dag_decorator.py
[2025-02-09T18:48:50.512-0700] {processor.py:914} INFO - Processing file /Users/pranithjain/Desktop/DE Project/Apache Airflow Project/venv/lib/python3.10/site-packages/airflow/example_dags/example_dag_decorator.py for tasks to queue
[2025-02-09T18:48:50.512-0700] {logging_mixin.py:190} INFO - [2025-02-09T18:48:50.512-0700] {dagbag.py:588} INFO - Filling up the DagBag from /Users/pranithjain/Desktop/DE Project/Apache Airflow Project/venv/lib/python3.10/site-packages/airflow/example_dags/example_dag_decorator.py
[2025-02-09T18:48:50.589-0700] {processor.py:925} INFO - DAG(s) 'example_dag_decorator' retrieved from /Users/pranithjain/Desktop/DE Project/Apache Airflow Project/venv/lib/python3.10/site-packages/airflow/example_dags/example_dag_decorator.py
[2025-02-09T18:48:50.668-0700] {logging_mixin.py:190} INFO - [2025-02-09T18:48:50.668-0700] {override.py:1930} INFO - Created Permission View: can read on DAG:example_dag_decorator
[2025-02-09T18:48:50.671-0700] {logging_mixin.py:190} INFO - [2025-02-09T18:48:50.671-0700] {override.py:1930} INFO - Created Permission View: can edit on DAG:example_dag_decorator
[2025-02-09T18:48:50.674-0700] {logging_mixin.py:190} INFO - [2025-02-09T18:48:50.674-0700] {override.py:1930} INFO - Created Permission View: can delete on DAG:example_dag_decorator
[2025-02-09T18:48:50.676-0700] {logging_mixin.py:190} INFO - [2025-02-09T18:48:50.676-0700] {override.py:1930} INFO - Created Permission View: can delete on DAG Run:example_dag_decorator
[2025-02-09T18:48:50.678-0700] {logging_mixin.py:190} INFO - [2025-02-09T18:48:50.678-0700] {override.py:1930} INFO - Created Permission View: menu access on DAG Run:example_dag_decorator
[2025-02-09T18:48:50.680-0700] {logging_mixin.py:190} INFO - [2025-02-09T18:48:50.680-0700] {override.py:1930} INFO - Created Permission View: can read on DAG Run:example_dag_decorator
[2025-02-09T18:48:50.683-0700] {logging_mixin.py:190} INFO - [2025-02-09T18:48:50.683-0700] {override.py:1930} INFO - Created Permission View: can create on DAG Run:example_dag_decorator
[2025-02-09T18:48:50.684-0700] {logging_mixin.py:190} INFO - [2025-02-09T18:48:50.683-0700] {dag.py:3239} INFO - Sync 1 DAGs
[2025-02-09T18:48:50.688-0700] {logging_mixin.py:190} INFO - [2025-02-09T18:48:50.688-0700] {dag.py:3262} INFO - Creating ORM DAG for example_dag_decorator
[2025-02-09T18:48:50.689-0700] {logging_mixin.py:190} INFO - [2025-02-09T18:48:50.689-0700] {dag.py:4180} INFO - Setting next_dagrun for example_dag_decorator to None, run_after=None
[2025-02-09T18:48:50.695-0700] {processor.py:208} INFO - Processing /Users/pranithjain/Desktop/DE Project/Apache Airflow Project/venv/lib/python3.10/site-packages/airflow/example_dags/example_dag_decorator.py took 0.186 seconds
[2025-02-09T18:51:16.251-0700] {processor.py:186} INFO - Started process (PID=19418) to work on /Users/pranithjain/Desktop/DE Project/Apache Airflow Project/venv/lib/python3.10/site-packages/airflow/example_dags/example_dag_decorator.py
[2025-02-09T18:51:16.253-0700] {processor.py:914} INFO - Processing file /Users/pranithjain/Desktop/DE Project/Apache Airflow Project/venv/lib/python3.10/site-packages/airflow/example_dags/example_dag_decorator.py for tasks to queue
[2025-02-09T18:51:16.253-0700] {logging_mixin.py:190} INFO - [2025-02-09T18:51:16.253-0700] {dagbag.py:588} INFO - Filling up the DagBag from /Users/pranithjain/Desktop/DE Project/Apache Airflow Project/venv/lib/python3.10/site-packages/airflow/example_dags/example_dag_decorator.py
[2025-02-09T18:51:16.325-0700] {processor.py:925} INFO - DAG(s) 'example_dag_decorator' retrieved from /Users/pranithjain/Desktop/DE Project/Apache Airflow Project/venv/lib/python3.10/site-packages/airflow/example_dags/example_dag_decorator.py
[2025-02-09T18:51:16.400-0700] {logging_mixin.py:190} INFO - [2025-02-09T18:51:16.400-0700] {dag.py:3239} INFO - Sync 1 DAGs
[2025-02-09T18:51:16.404-0700] {logging_mixin.py:190} INFO - [2025-02-09T18:51:16.404-0700] {dag.py:4180} INFO - Setting next_dagrun for example_dag_decorator to None, run_after=None
[2025-02-09T18:51:16.412-0700] {processor.py:208} INFO - Processing /Users/pranithjain/Desktop/DE Project/Apache Airflow Project/venv/lib/python3.10/site-packages/airflow/example_dags/example_dag_decorator.py took 0.162 seconds
[2025-02-09T18:53:58.175-0700] {processor.py:186} INFO - Started process (PID=19933) to work on /Users/pranithjain/Desktop/DE Project/Apache Airflow Project/venv/lib/python3.10/site-packages/airflow/example_dags/example_dag_decorator.py
[2025-02-09T18:53:58.176-0700] {processor.py:914} INFO - Processing file /Users/pranithjain/Desktop/DE Project/Apache Airflow Project/venv/lib/python3.10/site-packages/airflow/example_dags/example_dag_decorator.py for tasks to queue
[2025-02-09T18:53:58.177-0700] {logging_mixin.py:190} INFO - [2025-02-09T18:53:58.177-0700] {dagbag.py:588} INFO - Filling up the DagBag from /Users/pranithjain/Desktop/DE Project/Apache Airflow Project/venv/lib/python3.10/site-packages/airflow/example_dags/example_dag_decorator.py
[2025-02-09T18:53:58.258-0700] {processor.py:925} INFO - DAG(s) 'example_dag_decorator' retrieved from /Users/pranithjain/Desktop/DE Project/Apache Airflow Project/venv/lib/python3.10/site-packages/airflow/example_dags/example_dag_decorator.py
[2025-02-09T18:53:58.342-0700] {logging_mixin.py:190} INFO - [2025-02-09T18:53:58.342-0700] {dag.py:3239} INFO - Sync 1 DAGs
[2025-02-09T18:53:58.347-0700] {logging_mixin.py:190} INFO - [2025-02-09T18:53:58.347-0700] {dag.py:4180} INFO - Setting next_dagrun for example_dag_decorator to None, run_after=None
[2025-02-09T18:53:58.356-0700] {processor.py:208} INFO - Processing /Users/pranithjain/Desktop/DE Project/Apache Airflow Project/venv/lib/python3.10/site-packages/airflow/example_dags/example_dag_decorator.py took 0.183 seconds
[2025-02-09T18:56:22.233-0700] {processor.py:186} INFO - Started process (PID=20378) to work on /Users/pranithjain/Desktop/DE Project/Apache Airflow Project/venv/lib/python3.10/site-packages/airflow/example_dags/example_dag_decorator.py
[2025-02-09T18:56:22.233-0700] {processor.py:914} INFO - Processing file /Users/pranithjain/Desktop/DE Project/Apache Airflow Project/venv/lib/python3.10/site-packages/airflow/example_dags/example_dag_decorator.py for tasks to queue
[2025-02-09T18:56:22.234-0700] {logging_mixin.py:190} INFO - [2025-02-09T18:56:22.234-0700] {dagbag.py:588} INFO - Filling up the DagBag from /Users/pranithjain/Desktop/DE Project/Apache Airflow Project/venv/lib/python3.10/site-packages/airflow/example_dags/example_dag_decorator.py
[2025-02-09T18:56:22.301-0700] {processor.py:925} INFO - DAG(s) 'example_dag_decorator' retrieved from /Users/pranithjain/Desktop/DE Project/Apache Airflow Project/venv/lib/python3.10/site-packages/airflow/example_dags/example_dag_decorator.py
[2025-02-09T18:56:22.379-0700] {logging_mixin.py:190} INFO - [2025-02-09T18:56:22.379-0700] {dag.py:3239} INFO - Sync 1 DAGs
[2025-02-09T18:56:22.384-0700] {logging_mixin.py:190} INFO - [2025-02-09T18:56:22.384-0700] {dag.py:4180} INFO - Setting next_dagrun for example_dag_decorator to None, run_after=None
[2025-02-09T18:56:22.393-0700] {processor.py:208} INFO - Processing /Users/pranithjain/Desktop/DE Project/Apache Airflow Project/venv/lib/python3.10/site-packages/airflow/example_dags/example_dag_decorator.py took 0.161 seconds
[2025-02-09T18:58:45.321-0700] {processor.py:186} INFO - Started process (PID=20819) to work on /Users/pranithjain/Desktop/DE Project/Apache Airflow Project/venv/lib/python3.10/site-packages/airflow/example_dags/example_dag_decorator.py
[2025-02-09T18:58:45.322-0700] {processor.py:914} INFO - Processing file /Users/pranithjain/Desktop/DE Project/Apache Airflow Project/venv/lib/python3.10/site-packages/airflow/example_dags/example_dag_decorator.py for tasks to queue
[2025-02-09T18:58:45.322-0700] {logging_mixin.py:190} INFO - [2025-02-09T18:58:45.322-0700] {dagbag.py:588} INFO - Filling up the DagBag from /Users/pranithjain/Desktop/DE Project/Apache Airflow Project/venv/lib/python3.10/site-packages/airflow/example_dags/example_dag_decorator.py
[2025-02-09T18:58:45.392-0700] {processor.py:925} INFO - DAG(s) 'example_dag_decorator' retrieved from /Users/pranithjain/Desktop/DE Project/Apache Airflow Project/venv/lib/python3.10/site-packages/airflow/example_dags/example_dag_decorator.py
[2025-02-09T18:58:45.467-0700] {logging_mixin.py:190} INFO - [2025-02-09T18:58:45.467-0700] {dag.py:3239} INFO - Sync 1 DAGs
[2025-02-09T18:58:45.472-0700] {logging_mixin.py:190} INFO - [2025-02-09T18:58:45.472-0700] {dag.py:4180} INFO - Setting next_dagrun for example_dag_decorator to None, run_after=None
[2025-02-09T18:58:45.479-0700] {processor.py:208} INFO - Processing /Users/pranithjain/Desktop/DE Project/Apache Airflow Project/venv/lib/python3.10/site-packages/airflow/example_dags/example_dag_decorator.py took 0.160 seconds
[2025-02-09T19:07:31.849-0700] {processor.py:186} INFO - Started process (PID=22106) to work on /Users/pranithjain/Desktop/DE Project/Apache Airflow Project/venv/lib/python3.10/site-packages/airflow/example_dags/example_dag_decorator.py
[2025-02-09T19:07:31.849-0700] {processor.py:914} INFO - Processing file /Users/pranithjain/Desktop/DE Project/Apache Airflow Project/venv/lib/python3.10/site-packages/airflow/example_dags/example_dag_decorator.py for tasks to queue
[2025-02-09T19:07:31.850-0700] {logging_mixin.py:190} INFO - [2025-02-09T19:07:31.849-0700] {dagbag.py:588} INFO - Filling up the DagBag from /Users/pranithjain/Desktop/DE Project/Apache Airflow Project/venv/lib/python3.10/site-packages/airflow/example_dags/example_dag_decorator.py
[2025-02-09T19:07:31.920-0700] {processor.py:925} INFO - DAG(s) 'example_dag_decorator' retrieved from /Users/pranithjain/Desktop/DE Project/Apache Airflow Project/venv/lib/python3.10/site-packages/airflow/example_dags/example_dag_decorator.py
[2025-02-09T19:07:32.002-0700] {logging_mixin.py:190} INFO - [2025-02-09T19:07:32.002-0700] {dag.py:3239} INFO - Sync 1 DAGs
[2025-02-09T19:07:32.007-0700] {logging_mixin.py:190} INFO - [2025-02-09T19:07:32.007-0700] {dag.py:4180} INFO - Setting next_dagrun for example_dag_decorator to None, run_after=None
[2025-02-09T19:07:32.016-0700] {processor.py:208} INFO - Processing /Users/pranithjain/Desktop/DE Project/Apache Airflow Project/venv/lib/python3.10/site-packages/airflow/example_dags/example_dag_decorator.py took 0.170 seconds
[2025-02-09T19:09:51.849-0700] {processor.py:186} INFO - Started process (PID=22540) to work on /Users/pranithjain/Desktop/DE Project/Apache Airflow Project/venv/lib/python3.10/site-packages/airflow/example_dags/example_dag_decorator.py
[2025-02-09T19:09:51.849-0700] {processor.py:914} INFO - Processing file /Users/pranithjain/Desktop/DE Project/Apache Airflow Project/venv/lib/python3.10/site-packages/airflow/example_dags/example_dag_decorator.py for tasks to queue
[2025-02-09T19:09:51.850-0700] {logging_mixin.py:190} INFO - [2025-02-09T19:09:51.849-0700] {dagbag.py:588} INFO - Filling up the DagBag from /Users/pranithjain/Desktop/DE Project/Apache Airflow Project/venv/lib/python3.10/site-packages/airflow/example_dags/example_dag_decorator.py
[2025-02-09T19:09:51.920-0700] {processor.py:925} INFO - DAG(s) 'example_dag_decorator' retrieved from /Users/pranithjain/Desktop/DE Project/Apache Airflow Project/venv/lib/python3.10/site-packages/airflow/example_dags/example_dag_decorator.py
[2025-02-09T19:09:51.997-0700] {logging_mixin.py:190} INFO - [2025-02-09T19:09:51.996-0700] {dag.py:3239} INFO - Sync 1 DAGs
[2025-02-09T19:09:52.001-0700] {logging_mixin.py:190} INFO - [2025-02-09T19:09:52.001-0700] {dag.py:4180} INFO - Setting next_dagrun for example_dag_decorator to None, run_after=None
[2025-02-09T19:09:52.009-0700] {processor.py:208} INFO - Processing /Users/pranithjain/Desktop/DE Project/Apache Airflow Project/venv/lib/python3.10/site-packages/airflow/example_dags/example_dag_decorator.py took 0.162 seconds
[2025-02-09T19:14:04.160-0700] {processor.py:186} INFO - Started process (PID=23268) to work on /Users/pranithjain/Desktop/DE Project/Apache Airflow Project/venv/lib/python3.10/site-packages/airflow/example_dags/example_dag_decorator.py
[2025-02-09T19:14:04.161-0700] {processor.py:914} INFO - Processing file /Users/pranithjain/Desktop/DE Project/Apache Airflow Project/venv/lib/python3.10/site-packages/airflow/example_dags/example_dag_decorator.py for tasks to queue
[2025-02-09T19:14:04.161-0700] {logging_mixin.py:190} INFO - [2025-02-09T19:14:04.161-0700] {dagbag.py:588} INFO - Filling up the DagBag from /Users/pranithjain/Desktop/DE Project/Apache Airflow Project/venv/lib/python3.10/site-packages/airflow/example_dags/example_dag_decorator.py
[2025-02-09T19:14:04.228-0700] {processor.py:925} INFO - DAG(s) 'example_dag_decorator' retrieved from /Users/pranithjain/Desktop/DE Project/Apache Airflow Project/venv/lib/python3.10/site-packages/airflow/example_dags/example_dag_decorator.py
[2025-02-09T19:14:04.302-0700] {logging_mixin.py:190} INFO - [2025-02-09T19:14:04.302-0700] {dag.py:3239} INFO - Sync 1 DAGs
[2025-02-09T19:14:04.306-0700] {logging_mixin.py:190} INFO - [2025-02-09T19:14:04.306-0700] {dag.py:4180} INFO - Setting next_dagrun for example_dag_decorator to None, run_after=None
[2025-02-09T19:14:04.314-0700] {processor.py:208} INFO - Processing /Users/pranithjain/Desktop/DE Project/Apache Airflow Project/venv/lib/python3.10/site-packages/airflow/example_dags/example_dag_decorator.py took 0.155 seconds
[2025-02-09T19:16:22.880-0700] {processor.py:186} INFO - Started process (PID=23694) to work on /Users/pranithjain/Desktop/DE Project/Apache Airflow Project/venv/lib/python3.10/site-packages/airflow/example_dags/example_dag_decorator.py
[2025-02-09T19:16:22.882-0700] {processor.py:914} INFO - Processing file /Users/pranithjain/Desktop/DE Project/Apache Airflow Project/venv/lib/python3.10/site-packages/airflow/example_dags/example_dag_decorator.py for tasks to queue
[2025-02-09T19:16:22.882-0700] {logging_mixin.py:190} INFO - [2025-02-09T19:16:22.882-0700] {dagbag.py:588} INFO - Filling up the DagBag from /Users/pranithjain/Desktop/DE Project/Apache Airflow Project/venv/lib/python3.10/site-packages/airflow/example_dags/example_dag_decorator.py
[2025-02-09T19:16:22.960-0700] {processor.py:925} INFO - DAG(s) 'example_dag_decorator' retrieved from /Users/pranithjain/Desktop/DE Project/Apache Airflow Project/venv/lib/python3.10/site-packages/airflow/example_dags/example_dag_decorator.py
[2025-02-09T19:16:23.043-0700] {logging_mixin.py:190} INFO - [2025-02-09T19:16:23.043-0700] {dag.py:3239} INFO - Sync 1 DAGs
[2025-02-09T19:16:23.048-0700] {logging_mixin.py:190} INFO - [2025-02-09T19:16:23.048-0700] {dag.py:4180} INFO - Setting next_dagrun for example_dag_decorator to None, run_after=None
[2025-02-09T19:16:23.055-0700] {processor.py:208} INFO - Processing /Users/pranithjain/Desktop/DE Project/Apache Airflow Project/venv/lib/python3.10/site-packages/airflow/example_dags/example_dag_decorator.py took 0.177 seconds
[2025-02-09T19:18:49.962-0700] {processor.py:186} INFO - Started process (PID=24141) to work on /Users/pranithjain/Desktop/DE Project/Apache Airflow Project/venv/lib/python3.10/site-packages/airflow/example_dags/example_dag_decorator.py
[2025-02-09T19:18:49.963-0700] {processor.py:914} INFO - Processing file /Users/pranithjain/Desktop/DE Project/Apache Airflow Project/venv/lib/python3.10/site-packages/airflow/example_dags/example_dag_decorator.py for tasks to queue
[2025-02-09T19:18:49.963-0700] {logging_mixin.py:190} INFO - [2025-02-09T19:18:49.963-0700] {dagbag.py:588} INFO - Filling up the DagBag from /Users/pranithjain/Desktop/DE Project/Apache Airflow Project/venv/lib/python3.10/site-packages/airflow/example_dags/example_dag_decorator.py
[2025-02-09T19:18:50.036-0700] {processor.py:925} INFO - DAG(s) 'example_dag_decorator' retrieved from /Users/pranithjain/Desktop/DE Project/Apache Airflow Project/venv/lib/python3.10/site-packages/airflow/example_dags/example_dag_decorator.py
[2025-02-09T19:18:50.110-0700] {logging_mixin.py:190} INFO - [2025-02-09T19:18:50.110-0700] {dag.py:3239} INFO - Sync 1 DAGs
[2025-02-09T19:18:50.114-0700] {logging_mixin.py:190} INFO - [2025-02-09T19:18:50.114-0700] {dag.py:4180} INFO - Setting next_dagrun for example_dag_decorator to None, run_after=None
[2025-02-09T19:18:50.122-0700] {processor.py:208} INFO - Processing /Users/pranithjain/Desktop/DE Project/Apache Airflow Project/venv/lib/python3.10/site-packages/airflow/example_dags/example_dag_decorator.py took 0.161 seconds
[2025-02-09T19:21:15.671-0700] {processor.py:186} INFO - Started process (PID=24585) to work on /Users/pranithjain/Desktop/DE Project/Apache Airflow Project/venv/lib/python3.10/site-packages/airflow/example_dags/example_dag_decorator.py
[2025-02-09T19:21:15.672-0700] {processor.py:914} INFO - Processing file /Users/pranithjain/Desktop/DE Project/Apache Airflow Project/venv/lib/python3.10/site-packages/airflow/example_dags/example_dag_decorator.py for tasks to queue
[2025-02-09T19:21:15.672-0700] {logging_mixin.py:190} INFO - [2025-02-09T19:21:15.672-0700] {dagbag.py:588} INFO - Filling up the DagBag from /Users/pranithjain/Desktop/DE Project/Apache Airflow Project/venv/lib/python3.10/site-packages/airflow/example_dags/example_dag_decorator.py
[2025-02-09T19:21:15.743-0700] {processor.py:925} INFO - DAG(s) 'example_dag_decorator' retrieved from /Users/pranithjain/Desktop/DE Project/Apache Airflow Project/venv/lib/python3.10/site-packages/airflow/example_dags/example_dag_decorator.py
[2025-02-09T19:21:15.871-0700] {logging_mixin.py:190} INFO - [2025-02-09T19:21:15.870-0700] {dag.py:3239} INFO - Sync 1 DAGs
[2025-02-09T19:21:15.876-0700] {logging_mixin.py:190} INFO - [2025-02-09T19:21:15.876-0700] {dag.py:4180} INFO - Setting next_dagrun for example_dag_decorator to None, run_after=None
[2025-02-09T19:21:15.884-0700] {processor.py:208} INFO - Processing /Users/pranithjain/Desktop/DE Project/Apache Airflow Project/venv/lib/python3.10/site-packages/airflow/example_dags/example_dag_decorator.py took 0.214 seconds
[2025-02-09T19:23:39.673-0700] {processor.py:186} INFO - Started process (PID=25118) to work on /Users/pranithjain/Desktop/DE Project/Apache Airflow Project/venv/lib/python3.10/site-packages/airflow/example_dags/example_dag_decorator.py
[2025-02-09T19:23:39.673-0700] {processor.py:914} INFO - Processing file /Users/pranithjain/Desktop/DE Project/Apache Airflow Project/venv/lib/python3.10/site-packages/airflow/example_dags/example_dag_decorator.py for tasks to queue
[2025-02-09T19:23:39.674-0700] {logging_mixin.py:190} INFO - [2025-02-09T19:23:39.674-0700] {dagbag.py:588} INFO - Filling up the DagBag from /Users/pranithjain/Desktop/DE Project/Apache Airflow Project/venv/lib/python3.10/site-packages/airflow/example_dags/example_dag_decorator.py
[2025-02-09T19:23:39.741-0700] {processor.py:925} INFO - DAG(s) 'example_dag_decorator' retrieved from /Users/pranithjain/Desktop/DE Project/Apache Airflow Project/venv/lib/python3.10/site-packages/airflow/example_dags/example_dag_decorator.py
[2025-02-09T19:23:39.816-0700] {logging_mixin.py:190} INFO - [2025-02-09T19:23:39.816-0700] {dag.py:3239} INFO - Sync 1 DAGs
[2025-02-09T19:23:39.821-0700] {logging_mixin.py:190} INFO - [2025-02-09T19:23:39.821-0700] {dag.py:4180} INFO - Setting next_dagrun for example_dag_decorator to None, run_after=None
[2025-02-09T19:23:39.828-0700] {processor.py:208} INFO - Processing /Users/pranithjain/Desktop/DE Project/Apache Airflow Project/venv/lib/python3.10/site-packages/airflow/example_dags/example_dag_decorator.py took 0.157 seconds
[2025-02-09T19:25:54.631-0700] {processor.py:186} INFO - Started process (PID=25534) to work on /Users/pranithjain/Desktop/DE Project/Apache Airflow Project/venv/lib/python3.10/site-packages/airflow/example_dags/example_dag_decorator.py
[2025-02-09T19:25:54.631-0700] {processor.py:914} INFO - Processing file /Users/pranithjain/Desktop/DE Project/Apache Airflow Project/venv/lib/python3.10/site-packages/airflow/example_dags/example_dag_decorator.py for tasks to queue
[2025-02-09T19:25:54.632-0700] {logging_mixin.py:190} INFO - [2025-02-09T19:25:54.631-0700] {dagbag.py:588} INFO - Filling up the DagBag from /Users/pranithjain/Desktop/DE Project/Apache Airflow Project/venv/lib/python3.10/site-packages/airflow/example_dags/example_dag_decorator.py
[2025-02-09T19:25:54.699-0700] {processor.py:925} INFO - DAG(s) 'example_dag_decorator' retrieved from /Users/pranithjain/Desktop/DE Project/Apache Airflow Project/venv/lib/python3.10/site-packages/airflow/example_dags/example_dag_decorator.py
[2025-02-09T19:25:54.774-0700] {logging_mixin.py:190} INFO - [2025-02-09T19:25:54.773-0700] {dag.py:3239} INFO - Sync 1 DAGs
[2025-02-09T19:25:54.778-0700] {logging_mixin.py:190} INFO - [2025-02-09T19:25:54.778-0700] {dag.py:4180} INFO - Setting next_dagrun for example_dag_decorator to None, run_after=None
[2025-02-09T19:25:54.785-0700] {processor.py:208} INFO - Processing /Users/pranithjain/Desktop/DE Project/Apache Airflow Project/venv/lib/python3.10/site-packages/airflow/example_dags/example_dag_decorator.py took 0.156 seconds
