[2025-02-09T18:48:52.502-0700] {processor.py:186} INFO - Started process (PID=18978) to work on /Users/pranithjain/Desktop/DE Project/Apache Airflow Project/venv/lib/python3.10/site-packages/airflow/example_dags/example_complex.py
[2025-02-09T18:48:52.502-0700] {processor.py:914} INFO - Processing file /Users/pranithjain/Desktop/DE Project/Apache Airflow Project/venv/lib/python3.10/site-packages/airflow/example_dags/example_complex.py for tasks to queue
[2025-02-09T18:48:52.503-0700] {logging_mixin.py:190} INFO - [2025-02-09T18:48:52.503-0700] {dagbag.py:588} INFO - Filling up the DagBag from /Users/pranithjain/Desktop/DE Project/Apache Airflow Project/venv/lib/python3.10/site-packages/airflow/example_dags/example_complex.py
[2025-02-09T18:48:52.509-0700] {processor.py:925} INFO - DAG(s) 'example_complex' retrieved from /Users/pranithjain/Desktop/DE Project/Apache Airflow Project/venv/lib/python3.10/site-packages/airflow/example_dags/example_complex.py
[2025-02-09T18:48:52.624-0700] {logging_mixin.py:190} INFO - [2025-02-09T18:48:52.624-0700] {override.py:1930} INFO - Created Permission View: can delete on DAG:example_complex
[2025-02-09T18:48:52.627-0700] {logging_mixin.py:190} INFO - [2025-02-09T18:48:52.627-0700] {override.py:1930} INFO - Created Permission View: can edit on DAG:example_complex
[2025-02-09T18:48:52.629-0700] {logging_mixin.py:190} INFO - [2025-02-09T18:48:52.629-0700] {override.py:1930} INFO - Created Permission View: can read on DAG:example_complex
[2025-02-09T18:48:52.632-0700] {logging_mixin.py:190} INFO - [2025-02-09T18:48:52.632-0700] {override.py:1930} INFO - Created Permission View: can create on DAG Run:example_complex
[2025-02-09T18:48:52.634-0700] {logging_mixin.py:190} INFO - [2025-02-09T18:48:52.634-0700] {override.py:1930} INFO - Created Permission View: menu access on DAG Run:example_complex
[2025-02-09T18:48:52.636-0700] {logging_mixin.py:190} INFO - [2025-02-09T18:48:52.636-0700] {override.py:1930} INFO - Created Permission View: can delete on DAG Run:example_complex
[2025-02-09T18:48:52.638-0700] {logging_mixin.py:190} INFO - [2025-02-09T18:48:52.638-0700] {override.py:1930} INFO - Created Permission View: can read on DAG Run:example_complex
[2025-02-09T18:48:52.638-0700] {logging_mixin.py:190} INFO - [2025-02-09T18:48:52.638-0700] {dag.py:3239} INFO - Sync 1 DAGs
[2025-02-09T18:48:52.643-0700] {logging_mixin.py:190} INFO - [2025-02-09T18:48:52.643-0700] {dag.py:3262} INFO - Creating ORM DAG for example_complex
[2025-02-09T18:48:52.644-0700] {logging_mixin.py:190} INFO - [2025-02-09T18:48:52.644-0700] {dag.py:4180} INFO - Setting next_dagrun for example_complex to None, run_after=None
[2025-02-09T18:48:52.650-0700] {processor.py:208} INFO - Processing /Users/pranithjain/Desktop/DE Project/Apache Airflow Project/venv/lib/python3.10/site-packages/airflow/example_dags/example_complex.py took 0.150 seconds
[2025-02-09T18:51:18.146-0700] {processor.py:186} INFO - Started process (PID=19425) to work on /Users/pranithjain/Desktop/DE Project/Apache Airflow Project/venv/lib/python3.10/site-packages/airflow/example_dags/example_complex.py
[2025-02-09T18:51:18.147-0700] {processor.py:914} INFO - Processing file /Users/pranithjain/Desktop/DE Project/Apache Airflow Project/venv/lib/python3.10/site-packages/airflow/example_dags/example_complex.py for tasks to queue
[2025-02-09T18:51:18.148-0700] {logging_mixin.py:190} INFO - [2025-02-09T18:51:18.148-0700] {dagbag.py:588} INFO - Filling up the DagBag from /Users/pranithjain/Desktop/DE Project/Apache Airflow Project/venv/lib/python3.10/site-packages/airflow/example_dags/example_complex.py
[2025-02-09T18:51:18.155-0700] {processor.py:925} INFO - DAG(s) 'example_complex' retrieved from /Users/pranithjain/Desktop/DE Project/Apache Airflow Project/venv/lib/python3.10/site-packages/airflow/example_dags/example_complex.py
[2025-02-09T18:51:18.227-0700] {logging_mixin.py:190} INFO - [2025-02-09T18:51:18.227-0700] {dag.py:3239} INFO - Sync 1 DAGs
[2025-02-09T18:51:18.231-0700] {logging_mixin.py:190} INFO - [2025-02-09T18:51:18.231-0700] {dag.py:4180} INFO - Setting next_dagrun for example_complex to None, run_after=None
[2025-02-09T18:51:18.239-0700] {processor.py:208} INFO - Processing /Users/pranithjain/Desktop/DE Project/Apache Airflow Project/venv/lib/python3.10/site-packages/airflow/example_dags/example_complex.py took 0.094 seconds
[2025-02-09T18:54:00.199-0700] {processor.py:186} INFO - Started process (PID=19940) to work on /Users/pranithjain/Desktop/DE Project/Apache Airflow Project/venv/lib/python3.10/site-packages/airflow/example_dags/example_complex.py
[2025-02-09T18:54:00.200-0700] {processor.py:914} INFO - Processing file /Users/pranithjain/Desktop/DE Project/Apache Airflow Project/venv/lib/python3.10/site-packages/airflow/example_dags/example_complex.py for tasks to queue
[2025-02-09T18:54:00.201-0700] {logging_mixin.py:190} INFO - [2025-02-09T18:54:00.201-0700] {dagbag.py:588} INFO - Filling up the DagBag from /Users/pranithjain/Desktop/DE Project/Apache Airflow Project/venv/lib/python3.10/site-packages/airflow/example_dags/example_complex.py
[2025-02-09T18:54:00.208-0700] {processor.py:925} INFO - DAG(s) 'example_complex' retrieved from /Users/pranithjain/Desktop/DE Project/Apache Airflow Project/venv/lib/python3.10/site-packages/airflow/example_dags/example_complex.py
[2025-02-09T18:54:00.286-0700] {logging_mixin.py:190} INFO - [2025-02-09T18:54:00.286-0700] {dag.py:3239} INFO - Sync 1 DAGs
[2025-02-09T18:54:00.292-0700] {logging_mixin.py:190} INFO - [2025-02-09T18:54:00.291-0700] {dag.py:4180} INFO - Setting next_dagrun for example_complex to None, run_after=None
[2025-02-09T18:54:00.299-0700] {processor.py:208} INFO - Processing /Users/pranithjain/Desktop/DE Project/Apache Airflow Project/venv/lib/python3.10/site-packages/airflow/example_dags/example_complex.py took 0.102 seconds
[2025-02-09T18:56:23.805-0700] {processor.py:186} INFO - Started process (PID=20383) to work on /Users/pranithjain/Desktop/DE Project/Apache Airflow Project/venv/lib/python3.10/site-packages/airflow/example_dags/example_complex.py
[2025-02-09T18:56:23.805-0700] {processor.py:914} INFO - Processing file /Users/pranithjain/Desktop/DE Project/Apache Airflow Project/venv/lib/python3.10/site-packages/airflow/example_dags/example_complex.py for tasks to queue
[2025-02-09T18:56:23.806-0700] {logging_mixin.py:190} INFO - [2025-02-09T18:56:23.806-0700] {dagbag.py:588} INFO - Filling up the DagBag from /Users/pranithjain/Desktop/DE Project/Apache Airflow Project/venv/lib/python3.10/site-packages/airflow/example_dags/example_complex.py
[2025-02-09T18:56:23.812-0700] {processor.py:925} INFO - DAG(s) 'example_complex' retrieved from /Users/pranithjain/Desktop/DE Project/Apache Airflow Project/venv/lib/python3.10/site-packages/airflow/example_dags/example_complex.py
[2025-02-09T18:56:23.886-0700] {logging_mixin.py:190} INFO - [2025-02-09T18:56:23.886-0700] {dag.py:3239} INFO - Sync 1 DAGs
[2025-02-09T18:56:23.890-0700] {logging_mixin.py:190} INFO - [2025-02-09T18:56:23.890-0700] {dag.py:4180} INFO - Setting next_dagrun for example_complex to None, run_after=None
[2025-02-09T18:56:23.897-0700] {processor.py:208} INFO - Processing /Users/pranithjain/Desktop/DE Project/Apache Airflow Project/venv/lib/python3.10/site-packages/airflow/example_dags/example_complex.py took 0.094 seconds
[2025-02-09T18:58:47.299-0700] {processor.py:186} INFO - Started process (PID=20824) to work on /Users/pranithjain/Desktop/DE Project/Apache Airflow Project/venv/lib/python3.10/site-packages/airflow/example_dags/example_complex.py
[2025-02-09T18:58:47.299-0700] {processor.py:914} INFO - Processing file /Users/pranithjain/Desktop/DE Project/Apache Airflow Project/venv/lib/python3.10/site-packages/airflow/example_dags/example_complex.py for tasks to queue
[2025-02-09T18:58:47.300-0700] {logging_mixin.py:190} INFO - [2025-02-09T18:58:47.300-0700] {dagbag.py:588} INFO - Filling up the DagBag from /Users/pranithjain/Desktop/DE Project/Apache Airflow Project/venv/lib/python3.10/site-packages/airflow/example_dags/example_complex.py
[2025-02-09T18:58:47.307-0700] {processor.py:925} INFO - DAG(s) 'example_complex' retrieved from /Users/pranithjain/Desktop/DE Project/Apache Airflow Project/venv/lib/python3.10/site-packages/airflow/example_dags/example_complex.py
[2025-02-09T18:58:47.387-0700] {logging_mixin.py:190} INFO - [2025-02-09T18:58:47.387-0700] {dag.py:3239} INFO - Sync 1 DAGs
[2025-02-09T18:58:47.392-0700] {logging_mixin.py:190} INFO - [2025-02-09T18:58:47.392-0700] {dag.py:4180} INFO - Setting next_dagrun for example_complex to None, run_after=None
[2025-02-09T18:58:47.400-0700] {processor.py:208} INFO - Processing /Users/pranithjain/Desktop/DE Project/Apache Airflow Project/venv/lib/python3.10/site-packages/airflow/example_dags/example_complex.py took 0.104 seconds
[2025-02-09T19:07:33.287-0700] {processor.py:186} INFO - Started process (PID=22108) to work on /Users/pranithjain/Desktop/DE Project/Apache Airflow Project/venv/lib/python3.10/site-packages/airflow/example_dags/example_complex.py
[2025-02-09T19:07:33.288-0700] {processor.py:914} INFO - Processing file /Users/pranithjain/Desktop/DE Project/Apache Airflow Project/venv/lib/python3.10/site-packages/airflow/example_dags/example_complex.py for tasks to queue
[2025-02-09T19:07:33.288-0700] {logging_mixin.py:190} INFO - [2025-02-09T19:07:33.288-0700] {dagbag.py:588} INFO - Filling up the DagBag from /Users/pranithjain/Desktop/DE Project/Apache Airflow Project/venv/lib/python3.10/site-packages/airflow/example_dags/example_complex.py
[2025-02-09T19:07:33.294-0700] {processor.py:925} INFO - DAG(s) 'example_complex' retrieved from /Users/pranithjain/Desktop/DE Project/Apache Airflow Project/venv/lib/python3.10/site-packages/airflow/example_dags/example_complex.py
[2025-02-09T19:07:33.367-0700] {logging_mixin.py:190} INFO - [2025-02-09T19:07:33.367-0700] {dag.py:3239} INFO - Sync 1 DAGs
[2025-02-09T19:07:33.371-0700] {logging_mixin.py:190} INFO - [2025-02-09T19:07:33.371-0700] {dag.py:4180} INFO - Setting next_dagrun for example_complex to None, run_after=None
[2025-02-09T19:07:33.378-0700] {processor.py:208} INFO - Processing /Users/pranithjain/Desktop/DE Project/Apache Airflow Project/venv/lib/python3.10/site-packages/airflow/example_dags/example_complex.py took 0.093 seconds
[2025-02-09T19:09:53.868-0700] {processor.py:186} INFO - Started process (PID=22545) to work on /Users/pranithjain/Desktop/DE Project/Apache Airflow Project/venv/lib/python3.10/site-packages/airflow/example_dags/example_complex.py
[2025-02-09T19:09:53.869-0700] {processor.py:914} INFO - Processing file /Users/pranithjain/Desktop/DE Project/Apache Airflow Project/venv/lib/python3.10/site-packages/airflow/example_dags/example_complex.py for tasks to queue
[2025-02-09T19:09:53.869-0700] {logging_mixin.py:190} INFO - [2025-02-09T19:09:53.869-0700] {dagbag.py:588} INFO - Filling up the DagBag from /Users/pranithjain/Desktop/DE Project/Apache Airflow Project/venv/lib/python3.10/site-packages/airflow/example_dags/example_complex.py
[2025-02-09T19:09:53.876-0700] {processor.py:925} INFO - DAG(s) 'example_complex' retrieved from /Users/pranithjain/Desktop/DE Project/Apache Airflow Project/venv/lib/python3.10/site-packages/airflow/example_dags/example_complex.py
[2025-02-09T19:09:53.984-0700] {logging_mixin.py:190} INFO - [2025-02-09T19:09:53.984-0700] {dag.py:3239} INFO - Sync 1 DAGs
[2025-02-09T19:09:53.988-0700] {logging_mixin.py:190} INFO - [2025-02-09T19:09:53.988-0700] {dag.py:4180} INFO - Setting next_dagrun for example_complex to None, run_after=None
[2025-02-09T19:09:53.996-0700] {processor.py:208} INFO - Processing /Users/pranithjain/Desktop/DE Project/Apache Airflow Project/venv/lib/python3.10/site-packages/airflow/example_dags/example_complex.py took 0.130 seconds
[2025-02-09T19:14:06.068-0700] {processor.py:186} INFO - Started process (PID=23273) to work on /Users/pranithjain/Desktop/DE Project/Apache Airflow Project/venv/lib/python3.10/site-packages/airflow/example_dags/example_complex.py
[2025-02-09T19:14:06.068-0700] {processor.py:914} INFO - Processing file /Users/pranithjain/Desktop/DE Project/Apache Airflow Project/venv/lib/python3.10/site-packages/airflow/example_dags/example_complex.py for tasks to queue
[2025-02-09T19:14:06.069-0700] {logging_mixin.py:190} INFO - [2025-02-09T19:14:06.069-0700] {dagbag.py:588} INFO - Filling up the DagBag from /Users/pranithjain/Desktop/DE Project/Apache Airflow Project/venv/lib/python3.10/site-packages/airflow/example_dags/example_complex.py
[2025-02-09T19:14:06.075-0700] {processor.py:925} INFO - DAG(s) 'example_complex' retrieved from /Users/pranithjain/Desktop/DE Project/Apache Airflow Project/venv/lib/python3.10/site-packages/airflow/example_dags/example_complex.py
[2025-02-09T19:14:06.147-0700] {logging_mixin.py:190} INFO - [2025-02-09T19:14:06.147-0700] {dag.py:3239} INFO - Sync 1 DAGs
[2025-02-09T19:14:06.152-0700] {logging_mixin.py:190} INFO - [2025-02-09T19:14:06.151-0700] {dag.py:4180} INFO - Setting next_dagrun for example_complex to None, run_after=None
[2025-02-09T19:14:06.158-0700] {processor.py:208} INFO - Processing /Users/pranithjain/Desktop/DE Project/Apache Airflow Project/venv/lib/python3.10/site-packages/airflow/example_dags/example_complex.py took 0.092 seconds
[2025-02-09T19:16:24.848-0700] {processor.py:186} INFO - Started process (PID=23699) to work on /Users/pranithjain/Desktop/DE Project/Apache Airflow Project/venv/lib/python3.10/site-packages/airflow/example_dags/example_complex.py
[2025-02-09T19:16:24.849-0700] {processor.py:914} INFO - Processing file /Users/pranithjain/Desktop/DE Project/Apache Airflow Project/venv/lib/python3.10/site-packages/airflow/example_dags/example_complex.py for tasks to queue
[2025-02-09T19:16:24.850-0700] {logging_mixin.py:190} INFO - [2025-02-09T19:16:24.850-0700] {dagbag.py:588} INFO - Filling up the DagBag from /Users/pranithjain/Desktop/DE Project/Apache Airflow Project/venv/lib/python3.10/site-packages/airflow/example_dags/example_complex.py
[2025-02-09T19:16:24.857-0700] {processor.py:925} INFO - DAG(s) 'example_complex' retrieved from /Users/pranithjain/Desktop/DE Project/Apache Airflow Project/venv/lib/python3.10/site-packages/airflow/example_dags/example_complex.py
[2025-02-09T19:16:24.936-0700] {logging_mixin.py:190} INFO - [2025-02-09T19:16:24.936-0700] {dag.py:3239} INFO - Sync 1 DAGs
[2025-02-09T19:16:24.941-0700] {logging_mixin.py:190} INFO - [2025-02-09T19:16:24.941-0700] {dag.py:4180} INFO - Setting next_dagrun for example_complex to None, run_after=None
[2025-02-09T19:16:24.949-0700] {processor.py:208} INFO - Processing /Users/pranithjain/Desktop/DE Project/Apache Airflow Project/venv/lib/python3.10/site-packages/airflow/example_dags/example_complex.py took 0.104 seconds
[2025-02-09T19:18:51.875-0700] {processor.py:186} INFO - Started process (PID=24146) to work on /Users/pranithjain/Desktop/DE Project/Apache Airflow Project/venv/lib/python3.10/site-packages/airflow/example_dags/example_complex.py
[2025-02-09T19:18:51.876-0700] {processor.py:914} INFO - Processing file /Users/pranithjain/Desktop/DE Project/Apache Airflow Project/venv/lib/python3.10/site-packages/airflow/example_dags/example_complex.py for tasks to queue
[2025-02-09T19:18:51.876-0700] {logging_mixin.py:190} INFO - [2025-02-09T19:18:51.876-0700] {dagbag.py:588} INFO - Filling up the DagBag from /Users/pranithjain/Desktop/DE Project/Apache Airflow Project/venv/lib/python3.10/site-packages/airflow/example_dags/example_complex.py
[2025-02-09T19:18:51.882-0700] {processor.py:925} INFO - DAG(s) 'example_complex' retrieved from /Users/pranithjain/Desktop/DE Project/Apache Airflow Project/venv/lib/python3.10/site-packages/airflow/example_dags/example_complex.py
[2025-02-09T19:18:51.954-0700] {logging_mixin.py:190} INFO - [2025-02-09T19:18:51.954-0700] {dag.py:3239} INFO - Sync 1 DAGs
[2025-02-09T19:18:51.959-0700] {logging_mixin.py:190} INFO - [2025-02-09T19:18:51.959-0700] {dag.py:4180} INFO - Setting next_dagrun for example_complex to None, run_after=None
[2025-02-09T19:18:51.965-0700] {processor.py:208} INFO - Processing /Users/pranithjain/Desktop/DE Project/Apache Airflow Project/venv/lib/python3.10/site-packages/airflow/example_dags/example_complex.py took 0.092 seconds
[2025-02-09T19:21:17.678-0700] {processor.py:186} INFO - Started process (PID=24590) to work on /Users/pranithjain/Desktop/DE Project/Apache Airflow Project/venv/lib/python3.10/site-packages/airflow/example_dags/example_complex.py
[2025-02-09T19:21:17.678-0700] {processor.py:914} INFO - Processing file /Users/pranithjain/Desktop/DE Project/Apache Airflow Project/venv/lib/python3.10/site-packages/airflow/example_dags/example_complex.py for tasks to queue
[2025-02-09T19:21:17.679-0700] {logging_mixin.py:190} INFO - [2025-02-09T19:21:17.678-0700] {dagbag.py:588} INFO - Filling up the DagBag from /Users/pranithjain/Desktop/DE Project/Apache Airflow Project/venv/lib/python3.10/site-packages/airflow/example_dags/example_complex.py
[2025-02-09T19:21:17.685-0700] {processor.py:925} INFO - DAG(s) 'example_complex' retrieved from /Users/pranithjain/Desktop/DE Project/Apache Airflow Project/venv/lib/python3.10/site-packages/airflow/example_dags/example_complex.py
[2025-02-09T19:21:17.760-0700] {logging_mixin.py:190} INFO - [2025-02-09T19:21:17.760-0700] {dag.py:3239} INFO - Sync 1 DAGs
[2025-02-09T19:21:17.765-0700] {logging_mixin.py:190} INFO - [2025-02-09T19:21:17.765-0700] {dag.py:4180} INFO - Setting next_dagrun for example_complex to None, run_after=None
[2025-02-09T19:21:17.773-0700] {processor.py:208} INFO - Processing /Users/pranithjain/Desktop/DE Project/Apache Airflow Project/venv/lib/python3.10/site-packages/airflow/example_dags/example_complex.py took 0.097 seconds
[2025-02-09T19:23:41.567-0700] {processor.py:186} INFO - Started process (PID=25125) to work on /Users/pranithjain/Desktop/DE Project/Apache Airflow Project/venv/lib/python3.10/site-packages/airflow/example_dags/example_complex.py
[2025-02-09T19:23:41.568-0700] {processor.py:914} INFO - Processing file /Users/pranithjain/Desktop/DE Project/Apache Airflow Project/venv/lib/python3.10/site-packages/airflow/example_dags/example_complex.py for tasks to queue
[2025-02-09T19:23:41.568-0700] {logging_mixin.py:190} INFO - [2025-02-09T19:23:41.568-0700] {dagbag.py:588} INFO - Filling up the DagBag from /Users/pranithjain/Desktop/DE Project/Apache Airflow Project/venv/lib/python3.10/site-packages/airflow/example_dags/example_complex.py
[2025-02-09T19:23:41.574-0700] {processor.py:925} INFO - DAG(s) 'example_complex' retrieved from /Users/pranithjain/Desktop/DE Project/Apache Airflow Project/venv/lib/python3.10/site-packages/airflow/example_dags/example_complex.py
[2025-02-09T19:23:41.647-0700] {logging_mixin.py:190} INFO - [2025-02-09T19:23:41.647-0700] {dag.py:3239} INFO - Sync 1 DAGs
[2025-02-09T19:23:41.651-0700] {logging_mixin.py:190} INFO - [2025-02-09T19:23:41.651-0700] {dag.py:4180} INFO - Setting next_dagrun for example_complex to None, run_after=None
[2025-02-09T19:23:41.659-0700] {processor.py:208} INFO - Processing /Users/pranithjain/Desktop/DE Project/Apache Airflow Project/venv/lib/python3.10/site-packages/airflow/example_dags/example_complex.py took 0.093 seconds
[2025-02-09T19:25:56.198-0700] {processor.py:186} INFO - Started process (PID=25539) to work on /Users/pranithjain/Desktop/DE Project/Apache Airflow Project/venv/lib/python3.10/site-packages/airflow/example_dags/example_complex.py
[2025-02-09T19:25:56.198-0700] {processor.py:914} INFO - Processing file /Users/pranithjain/Desktop/DE Project/Apache Airflow Project/venv/lib/python3.10/site-packages/airflow/example_dags/example_complex.py for tasks to queue
[2025-02-09T19:25:56.199-0700] {logging_mixin.py:190} INFO - [2025-02-09T19:25:56.199-0700] {dagbag.py:588} INFO - Filling up the DagBag from /Users/pranithjain/Desktop/DE Project/Apache Airflow Project/venv/lib/python3.10/site-packages/airflow/example_dags/example_complex.py
[2025-02-09T19:25:56.205-0700] {processor.py:925} INFO - DAG(s) 'example_complex' retrieved from /Users/pranithjain/Desktop/DE Project/Apache Airflow Project/venv/lib/python3.10/site-packages/airflow/example_dags/example_complex.py
[2025-02-09T19:25:56.282-0700] {logging_mixin.py:190} INFO - [2025-02-09T19:25:56.282-0700] {dag.py:3239} INFO - Sync 1 DAGs
[2025-02-09T19:25:56.287-0700] {logging_mixin.py:190} INFO - [2025-02-09T19:25:56.287-0700] {dag.py:4180} INFO - Setting next_dagrun for example_complex to None, run_after=None
[2025-02-09T19:25:56.295-0700] {processor.py:208} INFO - Processing /Users/pranithjain/Desktop/DE Project/Apache Airflow Project/venv/lib/python3.10/site-packages/airflow/example_dags/example_complex.py took 0.099 seconds
