[2025-02-09T18:48:08.270-0700] {processor.py:186} INFO - Started process (PID=18838) to work on /Users/pranithjain/Desktop/DE Project/Apache Airflow Project/venv/lib/python3.10/site-packages/airflow/example_dags/example_setup_teardown_taskflow.py
[2025-02-09T18:48:08.270-0700] {processor.py:914} INFO - Processing file /Users/pranithjain/Desktop/DE Project/Apache Airflow Project/venv/lib/python3.10/site-packages/airflow/example_dags/example_setup_teardown_taskflow.py for tasks to queue
[2025-02-09T18:48:08.271-0700] {logging_mixin.py:190} INFO - [2025-02-09T18:48:08.271-0700] {dagbag.py:588} INFO - Filling up the DagBag from /Users/pranithjain/Desktop/DE Project/Apache Airflow Project/venv/lib/python3.10/site-packages/airflow/example_dags/example_setup_teardown_taskflow.py
[2025-02-09T18:48:08.287-0700] {processor.py:925} INFO - DAG(s) 'example_setup_teardown_taskflow' retrieved from /Users/pranithjain/Desktop/DE Project/Apache Airflow Project/venv/lib/python3.10/site-packages/airflow/example_dags/example_setup_teardown_taskflow.py
[2025-02-09T18:48:08.387-0700] {logging_mixin.py:190} INFO - [2025-02-09T18:48:08.387-0700] {override.py:1930} INFO - Created Permission View: can delete on DAG:example_setup_teardown_taskflow
[2025-02-09T18:48:08.391-0700] {logging_mixin.py:190} INFO - [2025-02-09T18:48:08.391-0700] {override.py:1930} INFO - Created Permission View: can edit on DAG:example_setup_teardown_taskflow
[2025-02-09T18:48:08.393-0700] {logging_mixin.py:190} INFO - [2025-02-09T18:48:08.393-0700] {override.py:1930} INFO - Created Permission View: can read on DAG:example_setup_teardown_taskflow
[2025-02-09T18:48:08.395-0700] {logging_mixin.py:190} INFO - [2025-02-09T18:48:08.395-0700] {override.py:1930} INFO - Created Permission View: can delete on DAG Run:example_setup_teardown_taskflow
[2025-02-09T18:48:08.397-0700] {logging_mixin.py:190} INFO - [2025-02-09T18:48:08.397-0700] {override.py:1930} INFO - Created Permission View: menu access on DAG Run:example_setup_teardown_taskflow
[2025-02-09T18:48:08.399-0700] {logging_mixin.py:190} INFO - [2025-02-09T18:48:08.399-0700] {override.py:1930} INFO - Created Permission View: can create on DAG Run:example_setup_teardown_taskflow
[2025-02-09T18:48:08.401-0700] {logging_mixin.py:190} INFO - [2025-02-09T18:48:08.401-0700] {override.py:1930} INFO - Created Permission View: can read on DAG Run:example_setup_teardown_taskflow
[2025-02-09T18:48:08.401-0700] {logging_mixin.py:190} INFO - [2025-02-09T18:48:08.401-0700] {dag.py:3239} INFO - Sync 1 DAGs
[2025-02-09T18:48:08.406-0700] {logging_mixin.py:190} INFO - [2025-02-09T18:48:08.406-0700] {dag.py:3262} INFO - Creating ORM DAG for example_setup_teardown_taskflow
[2025-02-09T18:48:08.406-0700] {logging_mixin.py:190} INFO - [2025-02-09T18:48:08.406-0700] {dag.py:4180} INFO - Setting next_dagrun for example_setup_teardown_taskflow to None, run_after=None
[2025-02-09T18:48:08.412-0700] {processor.py:208} INFO - Processing /Users/pranithjain/Desktop/DE Project/Apache Airflow Project/venv/lib/python3.10/site-packages/airflow/example_dags/example_setup_teardown_taskflow.py took 0.144 seconds
[2025-02-09T18:49:50.941-0700] {processor.py:186} INFO - Started process (PID=19154) to work on /Users/pranithjain/Desktop/DE Project/Apache Airflow Project/venv/lib/python3.10/site-packages/airflow/example_dags/example_setup_teardown_taskflow.py
[2025-02-09T18:49:50.941-0700] {processor.py:914} INFO - Processing file /Users/pranithjain/Desktop/DE Project/Apache Airflow Project/venv/lib/python3.10/site-packages/airflow/example_dags/example_setup_teardown_taskflow.py for tasks to queue
[2025-02-09T18:49:50.942-0700] {logging_mixin.py:190} INFO - [2025-02-09T18:49:50.942-0700] {dagbag.py:588} INFO - Filling up the DagBag from /Users/pranithjain/Desktop/DE Project/Apache Airflow Project/venv/lib/python3.10/site-packages/airflow/example_dags/example_setup_teardown_taskflow.py
[2025-02-09T18:49:50.958-0700] {processor.py:925} INFO - DAG(s) 'example_setup_teardown_taskflow' retrieved from /Users/pranithjain/Desktop/DE Project/Apache Airflow Project/venv/lib/python3.10/site-packages/airflow/example_dags/example_setup_teardown_taskflow.py
[2025-02-09T18:49:51.023-0700] {logging_mixin.py:190} INFO - [2025-02-09T18:49:51.023-0700] {dag.py:3239} INFO - Sync 1 DAGs
[2025-02-09T18:49:51.028-0700] {logging_mixin.py:190} INFO - [2025-02-09T18:49:51.028-0700] {dag.py:4180} INFO - Setting next_dagrun for example_setup_teardown_taskflow to None, run_after=None
[2025-02-09T18:49:51.035-0700] {processor.py:208} INFO - Processing /Users/pranithjain/Desktop/DE Project/Apache Airflow Project/venv/lib/python3.10/site-packages/airflow/example_dags/example_setup_teardown_taskflow.py took 0.096 seconds
[2025-02-09T18:52:13.131-0700] {processor.py:186} INFO - Started process (PID=19607) to work on /Users/pranithjain/Desktop/DE Project/Apache Airflow Project/venv/lib/python3.10/site-packages/airflow/example_dags/example_setup_teardown_taskflow.py
[2025-02-09T18:52:13.133-0700] {processor.py:914} INFO - Processing file /Users/pranithjain/Desktop/DE Project/Apache Airflow Project/venv/lib/python3.10/site-packages/airflow/example_dags/example_setup_teardown_taskflow.py for tasks to queue
[2025-02-09T18:52:13.133-0700] {logging_mixin.py:190} INFO - [2025-02-09T18:52:13.133-0700] {dagbag.py:588} INFO - Filling up the DagBag from /Users/pranithjain/Desktop/DE Project/Apache Airflow Project/venv/lib/python3.10/site-packages/airflow/example_dags/example_setup_teardown_taskflow.py
[2025-02-09T18:52:13.151-0700] {processor.py:925} INFO - DAG(s) 'example_setup_teardown_taskflow' retrieved from /Users/pranithjain/Desktop/DE Project/Apache Airflow Project/venv/lib/python3.10/site-packages/airflow/example_dags/example_setup_teardown_taskflow.py
[2025-02-09T18:52:13.223-0700] {logging_mixin.py:190} INFO - [2025-02-09T18:52:13.222-0700] {dag.py:3239} INFO - Sync 1 DAGs
[2025-02-09T18:52:13.228-0700] {logging_mixin.py:190} INFO - [2025-02-09T18:52:13.227-0700] {dag.py:4180} INFO - Setting next_dagrun for example_setup_teardown_taskflow to None, run_after=None
[2025-02-09T18:52:13.235-0700] {processor.py:208} INFO - Processing /Users/pranithjain/Desktop/DE Project/Apache Airflow Project/venv/lib/python3.10/site-packages/airflow/example_dags/example_setup_teardown_taskflow.py took 0.106 seconds
[2025-02-09T18:53:17.027-0700] {processor.py:186} INFO - Started process (PID=19804) to work on /Users/pranithjain/Desktop/DE Project/Apache Airflow Project/venv/lib/python3.10/site-packages/airflow/example_dags/example_setup_teardown_taskflow.py
[2025-02-09T18:53:17.028-0700] {processor.py:914} INFO - Processing file /Users/pranithjain/Desktop/DE Project/Apache Airflow Project/venv/lib/python3.10/site-packages/airflow/example_dags/example_setup_teardown_taskflow.py for tasks to queue
[2025-02-09T18:53:17.029-0700] {logging_mixin.py:190} INFO - [2025-02-09T18:53:17.029-0700] {dagbag.py:588} INFO - Filling up the DagBag from /Users/pranithjain/Desktop/DE Project/Apache Airflow Project/venv/lib/python3.10/site-packages/airflow/example_dags/example_setup_teardown_taskflow.py
[2025-02-09T18:53:17.045-0700] {processor.py:925} INFO - DAG(s) 'example_setup_teardown_taskflow' retrieved from /Users/pranithjain/Desktop/DE Project/Apache Airflow Project/venv/lib/python3.10/site-packages/airflow/example_dags/example_setup_teardown_taskflow.py
[2025-02-09T18:53:17.111-0700] {logging_mixin.py:190} INFO - [2025-02-09T18:53:17.111-0700] {dag.py:3239} INFO - Sync 1 DAGs
[2025-02-09T18:53:17.116-0700] {logging_mixin.py:190} INFO - [2025-02-09T18:53:17.116-0700] {dag.py:4180} INFO - Setting next_dagrun for example_setup_teardown_taskflow to None, run_after=None
[2025-02-09T18:53:17.123-0700] {processor.py:208} INFO - Processing /Users/pranithjain/Desktop/DE Project/Apache Airflow Project/venv/lib/python3.10/site-packages/airflow/example_dags/example_setup_teardown_taskflow.py took 0.097 seconds
[2025-02-09T18:54:58.774-0700] {processor.py:186} INFO - Started process (PID=20118) to work on /Users/pranithjain/Desktop/DE Project/Apache Airflow Project/venv/lib/python3.10/site-packages/airflow/example_dags/example_setup_teardown_taskflow.py
[2025-02-09T18:54:58.775-0700] {processor.py:914} INFO - Processing file /Users/pranithjain/Desktop/DE Project/Apache Airflow Project/venv/lib/python3.10/site-packages/airflow/example_dags/example_setup_teardown_taskflow.py for tasks to queue
[2025-02-09T18:54:58.775-0700] {logging_mixin.py:190} INFO - [2025-02-09T18:54:58.775-0700] {dagbag.py:588} INFO - Filling up the DagBag from /Users/pranithjain/Desktop/DE Project/Apache Airflow Project/venv/lib/python3.10/site-packages/airflow/example_dags/example_setup_teardown_taskflow.py
[2025-02-09T18:54:58.792-0700] {processor.py:925} INFO - DAG(s) 'example_setup_teardown_taskflow' retrieved from /Users/pranithjain/Desktop/DE Project/Apache Airflow Project/venv/lib/python3.10/site-packages/airflow/example_dags/example_setup_teardown_taskflow.py
[2025-02-09T18:54:58.858-0700] {logging_mixin.py:190} INFO - [2025-02-09T18:54:58.858-0700] {dag.py:3239} INFO - Sync 1 DAGs
[2025-02-09T18:54:58.863-0700] {logging_mixin.py:190} INFO - [2025-02-09T18:54:58.863-0700] {dag.py:4180} INFO - Setting next_dagrun for example_setup_teardown_taskflow to None, run_after=None
[2025-02-09T18:54:58.869-0700] {processor.py:208} INFO - Processing /Users/pranithjain/Desktop/DE Project/Apache Airflow Project/venv/lib/python3.10/site-packages/airflow/example_dags/example_setup_teardown_taskflow.py took 0.097 seconds
[2025-02-09T18:57:25.423-0700] {processor.py:186} INFO - Started process (PID=20574) to work on /Users/pranithjain/Desktop/DE Project/Apache Airflow Project/venv/lib/python3.10/site-packages/airflow/example_dags/example_setup_teardown_taskflow.py
[2025-02-09T18:57:25.423-0700] {processor.py:914} INFO - Processing file /Users/pranithjain/Desktop/DE Project/Apache Airflow Project/venv/lib/python3.10/site-packages/airflow/example_dags/example_setup_teardown_taskflow.py for tasks to queue
[2025-02-09T18:57:25.424-0700] {logging_mixin.py:190} INFO - [2025-02-09T18:57:25.424-0700] {dagbag.py:588} INFO - Filling up the DagBag from /Users/pranithjain/Desktop/DE Project/Apache Airflow Project/venv/lib/python3.10/site-packages/airflow/example_dags/example_setup_teardown_taskflow.py
[2025-02-09T18:57:25.440-0700] {processor.py:925} INFO - DAG(s) 'example_setup_teardown_taskflow' retrieved from /Users/pranithjain/Desktop/DE Project/Apache Airflow Project/venv/lib/python3.10/site-packages/airflow/example_dags/example_setup_teardown_taskflow.py
[2025-02-09T18:57:25.505-0700] {logging_mixin.py:190} INFO - [2025-02-09T18:57:25.505-0700] {dag.py:3239} INFO - Sync 1 DAGs
[2025-02-09T18:57:25.510-0700] {logging_mixin.py:190} INFO - [2025-02-09T18:57:25.510-0700] {dag.py:4180} INFO - Setting next_dagrun for example_setup_teardown_taskflow to None, run_after=None
[2025-02-09T18:57:25.516-0700] {processor.py:208} INFO - Processing /Users/pranithjain/Desktop/DE Project/Apache Airflow Project/venv/lib/python3.10/site-packages/airflow/example_dags/example_setup_teardown_taskflow.py took 0.095 seconds
[2025-02-09T19:06:52.345-0700] {processor.py:186} INFO - Started process (PID=21983) to work on /Users/pranithjain/Desktop/DE Project/Apache Airflow Project/venv/lib/python3.10/site-packages/airflow/example_dags/example_setup_teardown_taskflow.py
[2025-02-09T19:06:52.345-0700] {processor.py:914} INFO - Processing file /Users/pranithjain/Desktop/DE Project/Apache Airflow Project/venv/lib/python3.10/site-packages/airflow/example_dags/example_setup_teardown_taskflow.py for tasks to queue
[2025-02-09T19:06:52.346-0700] {logging_mixin.py:190} INFO - [2025-02-09T19:06:52.346-0700] {dagbag.py:588} INFO - Filling up the DagBag from /Users/pranithjain/Desktop/DE Project/Apache Airflow Project/venv/lib/python3.10/site-packages/airflow/example_dags/example_setup_teardown_taskflow.py
[2025-02-09T19:06:52.362-0700] {processor.py:925} INFO - DAG(s) 'example_setup_teardown_taskflow' retrieved from /Users/pranithjain/Desktop/DE Project/Apache Airflow Project/venv/lib/python3.10/site-packages/airflow/example_dags/example_setup_teardown_taskflow.py
[2025-02-09T19:06:52.428-0700] {logging_mixin.py:190} INFO - [2025-02-09T19:06:52.428-0700] {dag.py:3239} INFO - Sync 1 DAGs
[2025-02-09T19:06:52.433-0700] {logging_mixin.py:190} INFO - [2025-02-09T19:06:52.432-0700] {dag.py:4180} INFO - Setting next_dagrun for example_setup_teardown_taskflow to None, run_after=None
[2025-02-09T19:06:52.440-0700] {processor.py:208} INFO - Processing /Users/pranithjain/Desktop/DE Project/Apache Airflow Project/venv/lib/python3.10/site-packages/airflow/example_dags/example_setup_teardown_taskflow.py took 0.097 seconds
[2025-02-09T19:08:30.694-0700] {processor.py:186} INFO - Started process (PID=22289) to work on /Users/pranithjain/Desktop/DE Project/Apache Airflow Project/venv/lib/python3.10/site-packages/airflow/example_dags/example_setup_teardown_taskflow.py
[2025-02-09T19:08:30.694-0700] {processor.py:914} INFO - Processing file /Users/pranithjain/Desktop/DE Project/Apache Airflow Project/venv/lib/python3.10/site-packages/airflow/example_dags/example_setup_teardown_taskflow.py for tasks to queue
[2025-02-09T19:08:30.695-0700] {logging_mixin.py:190} INFO - [2025-02-09T19:08:30.695-0700] {dagbag.py:588} INFO - Filling up the DagBag from /Users/pranithjain/Desktop/DE Project/Apache Airflow Project/venv/lib/python3.10/site-packages/airflow/example_dags/example_setup_teardown_taskflow.py
[2025-02-09T19:08:30.711-0700] {processor.py:925} INFO - DAG(s) 'example_setup_teardown_taskflow' retrieved from /Users/pranithjain/Desktop/DE Project/Apache Airflow Project/venv/lib/python3.10/site-packages/airflow/example_dags/example_setup_teardown_taskflow.py
[2025-02-09T19:08:30.779-0700] {logging_mixin.py:190} INFO - [2025-02-09T19:08:30.779-0700] {dag.py:3239} INFO - Sync 1 DAGs
[2025-02-09T19:08:30.784-0700] {logging_mixin.py:190} INFO - [2025-02-09T19:08:30.784-0700] {dag.py:4180} INFO - Setting next_dagrun for example_setup_teardown_taskflow to None, run_after=None
[2025-02-09T19:08:30.791-0700] {processor.py:208} INFO - Processing /Users/pranithjain/Desktop/DE Project/Apache Airflow Project/venv/lib/python3.10/site-packages/airflow/example_dags/example_setup_teardown_taskflow.py took 0.098 seconds
[2025-02-09T19:13:22.816-0700] {processor.py:186} INFO - Started process (PID=23140) to work on /Users/pranithjain/Desktop/DE Project/Apache Airflow Project/venv/lib/python3.10/site-packages/airflow/example_dags/example_setup_teardown_taskflow.py
[2025-02-09T19:13:22.817-0700] {processor.py:914} INFO - Processing file /Users/pranithjain/Desktop/DE Project/Apache Airflow Project/venv/lib/python3.10/site-packages/airflow/example_dags/example_setup_teardown_taskflow.py for tasks to queue
[2025-02-09T19:13:22.817-0700] {logging_mixin.py:190} INFO - [2025-02-09T19:13:22.817-0700] {dagbag.py:588} INFO - Filling up the DagBag from /Users/pranithjain/Desktop/DE Project/Apache Airflow Project/venv/lib/python3.10/site-packages/airflow/example_dags/example_setup_teardown_taskflow.py
[2025-02-09T19:13:22.833-0700] {processor.py:925} INFO - DAG(s) 'example_setup_teardown_taskflow' retrieved from /Users/pranithjain/Desktop/DE Project/Apache Airflow Project/venv/lib/python3.10/site-packages/airflow/example_dags/example_setup_teardown_taskflow.py
[2025-02-09T19:13:22.935-0700] {logging_mixin.py:190} INFO - [2025-02-09T19:13:22.935-0700] {dag.py:3239} INFO - Sync 1 DAGs
[2025-02-09T19:13:22.939-0700] {logging_mixin.py:190} INFO - [2025-02-09T19:13:22.939-0700] {dag.py:4180} INFO - Setting next_dagrun for example_setup_teardown_taskflow to None, run_after=None
[2025-02-09T19:13:22.947-0700] {processor.py:208} INFO - Processing /Users/pranithjain/Desktop/DE Project/Apache Airflow Project/venv/lib/python3.10/site-packages/airflow/example_dags/example_setup_teardown_taskflow.py took 0.133 seconds
[2025-02-09T19:15:06.040-0700] {processor.py:186} INFO - Started process (PID=23456) to work on /Users/pranithjain/Desktop/DE Project/Apache Airflow Project/venv/lib/python3.10/site-packages/airflow/example_dags/example_setup_teardown_taskflow.py
[2025-02-09T19:15:06.041-0700] {processor.py:914} INFO - Processing file /Users/pranithjain/Desktop/DE Project/Apache Airflow Project/venv/lib/python3.10/site-packages/airflow/example_dags/example_setup_teardown_taskflow.py for tasks to queue
[2025-02-09T19:15:06.041-0700] {logging_mixin.py:190} INFO - [2025-02-09T19:15:06.041-0700] {dagbag.py:588} INFO - Filling up the DagBag from /Users/pranithjain/Desktop/DE Project/Apache Airflow Project/venv/lib/python3.10/site-packages/airflow/example_dags/example_setup_teardown_taskflow.py
[2025-02-09T19:15:06.058-0700] {processor.py:925} INFO - DAG(s) 'example_setup_teardown_taskflow' retrieved from /Users/pranithjain/Desktop/DE Project/Apache Airflow Project/venv/lib/python3.10/site-packages/airflow/example_dags/example_setup_teardown_taskflow.py
[2025-02-09T19:15:06.124-0700] {logging_mixin.py:190} INFO - [2025-02-09T19:15:06.123-0700] {dag.py:3239} INFO - Sync 1 DAGs
[2025-02-09T19:15:06.128-0700] {logging_mixin.py:190} INFO - [2025-02-09T19:15:06.128-0700] {dag.py:4180} INFO - Setting next_dagrun for example_setup_teardown_taskflow to None, run_after=None
[2025-02-09T19:15:06.135-0700] {processor.py:208} INFO - Processing /Users/pranithjain/Desktop/DE Project/Apache Airflow Project/venv/lib/python3.10/site-packages/airflow/example_dags/example_setup_teardown_taskflow.py took 0.097 seconds
[2025-02-09T19:17:25.096-0700] {processor.py:186} INFO - Started process (PID=23882) to work on /Users/pranithjain/Desktop/DE Project/Apache Airflow Project/venv/lib/python3.10/site-packages/airflow/example_dags/example_setup_teardown_taskflow.py
[2025-02-09T19:17:25.098-0700] {processor.py:914} INFO - Processing file /Users/pranithjain/Desktop/DE Project/Apache Airflow Project/venv/lib/python3.10/site-packages/airflow/example_dags/example_setup_teardown_taskflow.py for tasks to queue
[2025-02-09T19:17:25.098-0700] {logging_mixin.py:190} INFO - [2025-02-09T19:17:25.098-0700] {dagbag.py:588} INFO - Filling up the DagBag from /Users/pranithjain/Desktop/DE Project/Apache Airflow Project/venv/lib/python3.10/site-packages/airflow/example_dags/example_setup_teardown_taskflow.py
[2025-02-09T19:17:25.115-0700] {processor.py:925} INFO - DAG(s) 'example_setup_teardown_taskflow' retrieved from /Users/pranithjain/Desktop/DE Project/Apache Airflow Project/venv/lib/python3.10/site-packages/airflow/example_dags/example_setup_teardown_taskflow.py
[2025-02-09T19:17:25.180-0700] {logging_mixin.py:190} INFO - [2025-02-09T19:17:25.179-0700] {dag.py:3239} INFO - Sync 1 DAGs
[2025-02-09T19:17:25.184-0700] {logging_mixin.py:190} INFO - [2025-02-09T19:17:25.184-0700] {dag.py:4180} INFO - Setting next_dagrun for example_setup_teardown_taskflow to None, run_after=None
[2025-02-09T19:17:25.191-0700] {processor.py:208} INFO - Processing /Users/pranithjain/Desktop/DE Project/Apache Airflow Project/venv/lib/python3.10/site-packages/airflow/example_dags/example_setup_teardown_taskflow.py took 0.097 seconds
[2025-02-09T19:19:51.408-0700] {processor.py:186} INFO - Started process (PID=24331) to work on /Users/pranithjain/Desktop/DE Project/Apache Airflow Project/venv/lib/python3.10/site-packages/airflow/example_dags/example_setup_teardown_taskflow.py
[2025-02-09T19:19:51.408-0700] {processor.py:914} INFO - Processing file /Users/pranithjain/Desktop/DE Project/Apache Airflow Project/venv/lib/python3.10/site-packages/airflow/example_dags/example_setup_teardown_taskflow.py for tasks to queue
[2025-02-09T19:19:51.409-0700] {logging_mixin.py:190} INFO - [2025-02-09T19:19:51.408-0700] {dagbag.py:588} INFO - Filling up the DagBag from /Users/pranithjain/Desktop/DE Project/Apache Airflow Project/venv/lib/python3.10/site-packages/airflow/example_dags/example_setup_teardown_taskflow.py
[2025-02-09T19:19:51.424-0700] {processor.py:925} INFO - DAG(s) 'example_setup_teardown_taskflow' retrieved from /Users/pranithjain/Desktop/DE Project/Apache Airflow Project/venv/lib/python3.10/site-packages/airflow/example_dags/example_setup_teardown_taskflow.py
[2025-02-09T19:19:51.494-0700] {logging_mixin.py:190} INFO - [2025-02-09T19:19:51.494-0700] {dag.py:3239} INFO - Sync 1 DAGs
[2025-02-09T19:19:51.498-0700] {logging_mixin.py:190} INFO - [2025-02-09T19:19:51.498-0700] {dag.py:4180} INFO - Setting next_dagrun for example_setup_teardown_taskflow to None, run_after=None
[2025-02-09T19:19:51.507-0700] {processor.py:208} INFO - Processing /Users/pranithjain/Desktop/DE Project/Apache Airflow Project/venv/lib/python3.10/site-packages/airflow/example_dags/example_setup_teardown_taskflow.py took 0.101 seconds
[2025-02-09T19:22:18.823-0700] {processor.py:186} INFO - Started process (PID=24870) to work on /Users/pranithjain/Desktop/DE Project/Apache Airflow Project/venv/lib/python3.10/site-packages/airflow/example_dags/example_setup_teardown_taskflow.py
[2025-02-09T19:22:18.824-0700] {processor.py:914} INFO - Processing file /Users/pranithjain/Desktop/DE Project/Apache Airflow Project/venv/lib/python3.10/site-packages/airflow/example_dags/example_setup_teardown_taskflow.py for tasks to queue
[2025-02-09T19:22:18.824-0700] {logging_mixin.py:190} INFO - [2025-02-09T19:22:18.824-0700] {dagbag.py:588} INFO - Filling up the DagBag from /Users/pranithjain/Desktop/DE Project/Apache Airflow Project/venv/lib/python3.10/site-packages/airflow/example_dags/example_setup_teardown_taskflow.py
[2025-02-09T19:22:18.841-0700] {processor.py:925} INFO - DAG(s) 'example_setup_teardown_taskflow' retrieved from /Users/pranithjain/Desktop/DE Project/Apache Airflow Project/venv/lib/python3.10/site-packages/airflow/example_dags/example_setup_teardown_taskflow.py
[2025-02-09T19:22:18.911-0700] {logging_mixin.py:190} INFO - [2025-02-09T19:22:18.911-0700] {dag.py:3239} INFO - Sync 1 DAGs
[2025-02-09T19:22:18.917-0700] {logging_mixin.py:190} INFO - [2025-02-09T19:22:18.917-0700] {dag.py:4180} INFO - Setting next_dagrun for example_setup_teardown_taskflow to None, run_after=None
[2025-02-09T19:22:18.925-0700] {processor.py:208} INFO - Processing /Users/pranithjain/Desktop/DE Project/Apache Airflow Project/venv/lib/python3.10/site-packages/airflow/example_dags/example_setup_teardown_taskflow.py took 0.103 seconds
[2025-02-09T19:24:37.180-0700] {processor.py:186} INFO - Started process (PID=25298) to work on /Users/pranithjain/Desktop/DE Project/Apache Airflow Project/venv/lib/python3.10/site-packages/airflow/example_dags/example_setup_teardown_taskflow.py
[2025-02-09T19:24:37.181-0700] {processor.py:914} INFO - Processing file /Users/pranithjain/Desktop/DE Project/Apache Airflow Project/venv/lib/python3.10/site-packages/airflow/example_dags/example_setup_teardown_taskflow.py for tasks to queue
[2025-02-09T19:24:37.181-0700] {logging_mixin.py:190} INFO - [2025-02-09T19:24:37.181-0700] {dagbag.py:588} INFO - Filling up the DagBag from /Users/pranithjain/Desktop/DE Project/Apache Airflow Project/venv/lib/python3.10/site-packages/airflow/example_dags/example_setup_teardown_taskflow.py
[2025-02-09T19:24:37.197-0700] {processor.py:925} INFO - DAG(s) 'example_setup_teardown_taskflow' retrieved from /Users/pranithjain/Desktop/DE Project/Apache Airflow Project/venv/lib/python3.10/site-packages/airflow/example_dags/example_setup_teardown_taskflow.py
[2025-02-09T19:24:37.263-0700] {logging_mixin.py:190} INFO - [2025-02-09T19:24:37.263-0700] {dag.py:3239} INFO - Sync 1 DAGs
[2025-02-09T19:24:37.268-0700] {logging_mixin.py:190} INFO - [2025-02-09T19:24:37.268-0700] {dag.py:4180} INFO - Setting next_dagrun for example_setup_teardown_taskflow to None, run_after=None
[2025-02-09T19:24:37.274-0700] {processor.py:208} INFO - Processing /Users/pranithjain/Desktop/DE Project/Apache Airflow Project/venv/lib/python3.10/site-packages/airflow/example_dags/example_setup_teardown_taskflow.py took 0.096 seconds
[2025-02-09T19:26:55.947-0700] {processor.py:186} INFO - Started process (PID=25830) to work on /Users/pranithjain/Desktop/DE Project/Apache Airflow Project/venv/lib/python3.10/site-packages/airflow/example_dags/example_setup_teardown_taskflow.py
[2025-02-09T19:26:55.948-0700] {processor.py:914} INFO - Processing file /Users/pranithjain/Desktop/DE Project/Apache Airflow Project/venv/lib/python3.10/site-packages/airflow/example_dags/example_setup_teardown_taskflow.py for tasks to queue
[2025-02-09T19:26:55.949-0700] {logging_mixin.py:190} INFO - [2025-02-09T19:26:55.949-0700] {dagbag.py:588} INFO - Filling up the DagBag from /Users/pranithjain/Desktop/DE Project/Apache Airflow Project/venv/lib/python3.10/site-packages/airflow/example_dags/example_setup_teardown_taskflow.py
[2025-02-09T19:26:55.966-0700] {processor.py:925} INFO - DAG(s) 'example_setup_teardown_taskflow' retrieved from /Users/pranithjain/Desktop/DE Project/Apache Airflow Project/venv/lib/python3.10/site-packages/airflow/example_dags/example_setup_teardown_taskflow.py
[2025-02-09T19:26:56.034-0700] {logging_mixin.py:190} INFO - [2025-02-09T19:26:56.034-0700] {dag.py:3239} INFO - Sync 1 DAGs
[2025-02-09T19:26:56.039-0700] {logging_mixin.py:190} INFO - [2025-02-09T19:26:56.039-0700] {dag.py:4180} INFO - Setting next_dagrun for example_setup_teardown_taskflow to None, run_after=None
[2025-02-09T19:26:56.047-0700] {processor.py:208} INFO - Processing /Users/pranithjain/Desktop/DE Project/Apache Airflow Project/venv/lib/python3.10/site-packages/airflow/example_dags/example_setup_teardown_taskflow.py took 0.102 seconds
[2025-02-09T19:28:47.689-0700] {processor.py:186} INFO - Started process (PID=26192) to work on /Users/pranithjain/Desktop/DE Project/Apache Airflow Project/venv/lib/python3.10/site-packages/airflow/example_dags/example_setup_teardown_taskflow.py
[2025-02-09T19:28:47.689-0700] {processor.py:914} INFO - Processing file /Users/pranithjain/Desktop/DE Project/Apache Airflow Project/venv/lib/python3.10/site-packages/airflow/example_dags/example_setup_teardown_taskflow.py for tasks to queue
[2025-02-09T19:28:47.690-0700] {logging_mixin.py:190} INFO - [2025-02-09T19:28:47.690-0700] {dagbag.py:588} INFO - Filling up the DagBag from /Users/pranithjain/Desktop/DE Project/Apache Airflow Project/venv/lib/python3.10/site-packages/airflow/example_dags/example_setup_teardown_taskflow.py
[2025-02-09T19:28:47.707-0700] {processor.py:925} INFO - DAG(s) 'example_setup_teardown_taskflow' retrieved from /Users/pranithjain/Desktop/DE Project/Apache Airflow Project/venv/lib/python3.10/site-packages/airflow/example_dags/example_setup_teardown_taskflow.py
[2025-02-09T19:28:47.779-0700] {logging_mixin.py:190} INFO - [2025-02-09T19:28:47.778-0700] {dag.py:3239} INFO - Sync 1 DAGs
[2025-02-09T19:28:47.784-0700] {logging_mixin.py:190} INFO - [2025-02-09T19:28:47.784-0700] {dag.py:4180} INFO - Setting next_dagrun for example_setup_teardown_taskflow to None, run_after=None
[2025-02-09T19:28:47.791-0700] {processor.py:208} INFO - Processing /Users/pranithjain/Desktop/DE Project/Apache Airflow Project/venv/lib/python3.10/site-packages/airflow/example_dags/example_setup_teardown_taskflow.py took 0.105 seconds
