[2025-02-09T18:48:54.440-0700] {processor.py:186} INFO - Started process (PID=18983) to work on /Users/pranithjain/Desktop/DE Project/Apache Airflow Project/venv/lib/python3.10/site-packages/airflow/example_dags/example_branch_python_dop_operator_3.py
[2025-02-09T18:48:54.441-0700] {processor.py:914} INFO - Processing file /Users/pranithjain/Desktop/DE Project/Apache Airflow Project/venv/lib/python3.10/site-packages/airflow/example_dags/example_branch_python_dop_operator_3.py for tasks to queue
[2025-02-09T18:48:54.442-0700] {logging_mixin.py:190} INFO - [2025-02-09T18:48:54.441-0700] {dagbag.py:588} INFO - Filling up the DagBag from /Users/pranithjain/Desktop/DE Project/Apache Airflow Project/venv/lib/python3.10/site-packages/airflow/example_dags/example_branch_python_dop_operator_3.py
[2025-02-09T18:48:54.459-0700] {processor.py:925} INFO - DAG(s) 'example_branch_dop_operator_v3' retrieved from /Users/pranithjain/Desktop/DE Project/Apache Airflow Project/venv/lib/python3.10/site-packages/airflow/example_dags/example_branch_python_dop_operator_3.py
[2025-02-09T18:48:54.567-0700] {logging_mixin.py:190} INFO - [2025-02-09T18:48:54.567-0700] {override.py:1930} INFO - Created Permission View: can edit on DAG:example_branch_dop_operator_v3
[2025-02-09T18:48:54.571-0700] {logging_mixin.py:190} INFO - [2025-02-09T18:48:54.570-0700] {override.py:1930} INFO - Created Permission View: can delete on DAG:example_branch_dop_operator_v3
[2025-02-09T18:48:54.573-0700] {logging_mixin.py:190} INFO - [2025-02-09T18:48:54.573-0700] {override.py:1930} INFO - Created Permission View: can read on DAG:example_branch_dop_operator_v3
[2025-02-09T18:48:54.576-0700] {logging_mixin.py:190} INFO - [2025-02-09T18:48:54.575-0700] {override.py:1930} INFO - Created Permission View: menu access on DAG Run:example_branch_dop_operator_v3
[2025-02-09T18:48:54.578-0700] {logging_mixin.py:190} INFO - [2025-02-09T18:48:54.578-0700] {override.py:1930} INFO - Created Permission View: can create on DAG Run:example_branch_dop_operator_v3
[2025-02-09T18:48:54.581-0700] {logging_mixin.py:190} INFO - [2025-02-09T18:48:54.580-0700] {override.py:1930} INFO - Created Permission View: can delete on DAG Run:example_branch_dop_operator_v3
[2025-02-09T18:48:54.583-0700] {logging_mixin.py:190} INFO - [2025-02-09T18:48:54.583-0700] {override.py:1930} INFO - Created Permission View: can read on DAG Run:example_branch_dop_operator_v3
[2025-02-09T18:48:54.583-0700] {logging_mixin.py:190} INFO - [2025-02-09T18:48:54.583-0700] {dag.py:3239} INFO - Sync 1 DAGs
[2025-02-09T18:48:54.588-0700] {logging_mixin.py:190} INFO - [2025-02-09T18:48:54.588-0700] {dag.py:3262} INFO - Creating ORM DAG for example_branch_dop_operator_v3
[2025-02-09T18:48:54.593-0700] {logging_mixin.py:190} INFO - [2025-02-09T18:48:54.593-0700] {dag.py:4180} INFO - Setting next_dagrun for example_branch_dop_operator_v3 to 2025-02-10 01:47:00+00:00, run_after=2025-02-10 01:48:00+00:00
[2025-02-09T18:48:54.601-0700] {processor.py:208} INFO - Processing /Users/pranithjain/Desktop/DE Project/Apache Airflow Project/venv/lib/python3.10/site-packages/airflow/example_dags/example_branch_python_dop_operator_3.py took 0.163 seconds
[2025-02-09T18:51:19.593-0700] {processor.py:186} INFO - Started process (PID=19430) to work on /Users/pranithjain/Desktop/DE Project/Apache Airflow Project/venv/lib/python3.10/site-packages/airflow/example_dags/example_branch_python_dop_operator_3.py
[2025-02-09T18:51:19.594-0700] {processor.py:914} INFO - Processing file /Users/pranithjain/Desktop/DE Project/Apache Airflow Project/venv/lib/python3.10/site-packages/airflow/example_dags/example_branch_python_dop_operator_3.py for tasks to queue
[2025-02-09T18:51:19.595-0700] {logging_mixin.py:190} INFO - [2025-02-09T18:51:19.595-0700] {dagbag.py:588} INFO - Filling up the DagBag from /Users/pranithjain/Desktop/DE Project/Apache Airflow Project/venv/lib/python3.10/site-packages/airflow/example_dags/example_branch_python_dop_operator_3.py
[2025-02-09T18:51:19.611-0700] {processor.py:925} INFO - DAG(s) 'example_branch_dop_operator_v3' retrieved from /Users/pranithjain/Desktop/DE Project/Apache Airflow Project/venv/lib/python3.10/site-packages/airflow/example_dags/example_branch_python_dop_operator_3.py
[2025-02-09T18:51:19.679-0700] {logging_mixin.py:190} INFO - [2025-02-09T18:51:19.678-0700] {dag.py:3239} INFO - Sync 1 DAGs
[2025-02-09T18:51:19.688-0700] {logging_mixin.py:190} INFO - [2025-02-09T18:51:19.688-0700] {dag.py:4180} INFO - Setting next_dagrun for example_branch_dop_operator_v3 to 2025-02-10 01:50:00+00:00, run_after=2025-02-10 01:51:00+00:00
[2025-02-09T18:51:19.695-0700] {processor.py:208} INFO - Processing /Users/pranithjain/Desktop/DE Project/Apache Airflow Project/venv/lib/python3.10/site-packages/airflow/example_dags/example_branch_python_dop_operator_3.py took 0.104 seconds
[2025-02-09T18:54:02.098-0700] {processor.py:186} INFO - Started process (PID=19945) to work on /Users/pranithjain/Desktop/DE Project/Apache Airflow Project/venv/lib/python3.10/site-packages/airflow/example_dags/example_branch_python_dop_operator_3.py
[2025-02-09T18:54:02.099-0700] {processor.py:914} INFO - Processing file /Users/pranithjain/Desktop/DE Project/Apache Airflow Project/venv/lib/python3.10/site-packages/airflow/example_dags/example_branch_python_dop_operator_3.py for tasks to queue
[2025-02-09T18:54:02.100-0700] {logging_mixin.py:190} INFO - [2025-02-09T18:54:02.100-0700] {dagbag.py:588} INFO - Filling up the DagBag from /Users/pranithjain/Desktop/DE Project/Apache Airflow Project/venv/lib/python3.10/site-packages/airflow/example_dags/example_branch_python_dop_operator_3.py
[2025-02-09T18:54:02.117-0700] {processor.py:925} INFO - DAG(s) 'example_branch_dop_operator_v3' retrieved from /Users/pranithjain/Desktop/DE Project/Apache Airflow Project/venv/lib/python3.10/site-packages/airflow/example_dags/example_branch_python_dop_operator_3.py
[2025-02-09T18:54:02.186-0700] {logging_mixin.py:190} INFO - [2025-02-09T18:54:02.186-0700] {dag.py:3239} INFO - Sync 1 DAGs
[2025-02-09T18:54:02.196-0700] {logging_mixin.py:190} INFO - [2025-02-09T18:54:02.196-0700] {dag.py:4180} INFO - Setting next_dagrun for example_branch_dop_operator_v3 to 2025-02-10 01:53:00+00:00, run_after=2025-02-10 01:54:00+00:00
[2025-02-09T18:54:02.203-0700] {processor.py:208} INFO - Processing /Users/pranithjain/Desktop/DE Project/Apache Airflow Project/venv/lib/python3.10/site-packages/airflow/example_dags/example_branch_python_dop_operator_3.py took 0.108 seconds
[2025-02-09T18:56:25.607-0700] {processor.py:186} INFO - Started process (PID=20388) to work on /Users/pranithjain/Desktop/DE Project/Apache Airflow Project/venv/lib/python3.10/site-packages/airflow/example_dags/example_branch_python_dop_operator_3.py
[2025-02-09T18:56:25.608-0700] {processor.py:914} INFO - Processing file /Users/pranithjain/Desktop/DE Project/Apache Airflow Project/venv/lib/python3.10/site-packages/airflow/example_dags/example_branch_python_dop_operator_3.py for tasks to queue
[2025-02-09T18:56:25.608-0700] {logging_mixin.py:190} INFO - [2025-02-09T18:56:25.608-0700] {dagbag.py:588} INFO - Filling up the DagBag from /Users/pranithjain/Desktop/DE Project/Apache Airflow Project/venv/lib/python3.10/site-packages/airflow/example_dags/example_branch_python_dop_operator_3.py
[2025-02-09T18:56:25.625-0700] {processor.py:925} INFO - DAG(s) 'example_branch_dop_operator_v3' retrieved from /Users/pranithjain/Desktop/DE Project/Apache Airflow Project/venv/lib/python3.10/site-packages/airflow/example_dags/example_branch_python_dop_operator_3.py
[2025-02-09T18:56:25.690-0700] {logging_mixin.py:190} INFO - [2025-02-09T18:56:25.689-0700] {dag.py:3239} INFO - Sync 1 DAGs
[2025-02-09T18:56:25.699-0700] {logging_mixin.py:190} INFO - [2025-02-09T18:56:25.699-0700] {dag.py:4180} INFO - Setting next_dagrun for example_branch_dop_operator_v3 to 2025-02-10 01:55:00+00:00, run_after=2025-02-10 01:56:00+00:00
[2025-02-09T18:56:25.707-0700] {processor.py:208} INFO - Processing /Users/pranithjain/Desktop/DE Project/Apache Airflow Project/venv/lib/python3.10/site-packages/airflow/example_dags/example_branch_python_dop_operator_3.py took 0.101 seconds
[2025-02-09T18:58:49.130-0700] {processor.py:186} INFO - Started process (PID=20833) to work on /Users/pranithjain/Desktop/DE Project/Apache Airflow Project/venv/lib/python3.10/site-packages/airflow/example_dags/example_branch_python_dop_operator_3.py
[2025-02-09T18:58:49.130-0700] {processor.py:914} INFO - Processing file /Users/pranithjain/Desktop/DE Project/Apache Airflow Project/venv/lib/python3.10/site-packages/airflow/example_dags/example_branch_python_dop_operator_3.py for tasks to queue
[2025-02-09T18:58:49.131-0700] {logging_mixin.py:190} INFO - [2025-02-09T18:58:49.131-0700] {dagbag.py:588} INFO - Filling up the DagBag from /Users/pranithjain/Desktop/DE Project/Apache Airflow Project/venv/lib/python3.10/site-packages/airflow/example_dags/example_branch_python_dop_operator_3.py
[2025-02-09T18:58:49.147-0700] {processor.py:925} INFO - DAG(s) 'example_branch_dop_operator_v3' retrieved from /Users/pranithjain/Desktop/DE Project/Apache Airflow Project/venv/lib/python3.10/site-packages/airflow/example_dags/example_branch_python_dop_operator_3.py
[2025-02-09T18:58:49.220-0700] {logging_mixin.py:190} INFO - [2025-02-09T18:58:49.220-0700] {dag.py:3239} INFO - Sync 1 DAGs
[2025-02-09T18:58:49.230-0700] {logging_mixin.py:190} INFO - [2025-02-09T18:58:49.230-0700] {dag.py:4180} INFO - Setting next_dagrun for example_branch_dop_operator_v3 to 2025-02-10 01:57:00+00:00, run_after=2025-02-10 01:58:00+00:00
[2025-02-09T18:58:49.238-0700] {processor.py:208} INFO - Processing /Users/pranithjain/Desktop/DE Project/Apache Airflow Project/venv/lib/python3.10/site-packages/airflow/example_dags/example_branch_python_dop_operator_3.py took 0.110 seconds
[2025-02-09T19:07:35.222-0700] {processor.py:186} INFO - Started process (PID=22115) to work on /Users/pranithjain/Desktop/DE Project/Apache Airflow Project/venv/lib/python3.10/site-packages/airflow/example_dags/example_branch_python_dop_operator_3.py
[2025-02-09T19:07:35.222-0700] {processor.py:914} INFO - Processing file /Users/pranithjain/Desktop/DE Project/Apache Airflow Project/venv/lib/python3.10/site-packages/airflow/example_dags/example_branch_python_dop_operator_3.py for tasks to queue
[2025-02-09T19:07:35.223-0700] {logging_mixin.py:190} INFO - [2025-02-09T19:07:35.223-0700] {dagbag.py:588} INFO - Filling up the DagBag from /Users/pranithjain/Desktop/DE Project/Apache Airflow Project/venv/lib/python3.10/site-packages/airflow/example_dags/example_branch_python_dop_operator_3.py
[2025-02-09T19:07:35.240-0700] {processor.py:925} INFO - DAG(s) 'example_branch_dop_operator_v3' retrieved from /Users/pranithjain/Desktop/DE Project/Apache Airflow Project/venv/lib/python3.10/site-packages/airflow/example_dags/example_branch_python_dop_operator_3.py
[2025-02-09T19:07:35.309-0700] {logging_mixin.py:190} INFO - [2025-02-09T19:07:35.309-0700] {dag.py:3239} INFO - Sync 1 DAGs
[2025-02-09T19:07:35.322-0700] {logging_mixin.py:190} INFO - [2025-02-09T19:07:35.322-0700] {dag.py:4180} INFO - Setting next_dagrun for example_branch_dop_operator_v3 to 2025-02-10 02:06:00+00:00, run_after=2025-02-10 02:07:00+00:00
[2025-02-09T19:07:35.330-0700] {processor.py:208} INFO - Processing /Users/pranithjain/Desktop/DE Project/Apache Airflow Project/venv/lib/python3.10/site-packages/airflow/example_dags/example_branch_python_dop_operator_3.py took 0.110 seconds
[2025-02-09T19:09:55.761-0700] {processor.py:186} INFO - Started process (PID=22552) to work on /Users/pranithjain/Desktop/DE Project/Apache Airflow Project/venv/lib/python3.10/site-packages/airflow/example_dags/example_branch_python_dop_operator_3.py
[2025-02-09T19:09:55.762-0700] {processor.py:914} INFO - Processing file /Users/pranithjain/Desktop/DE Project/Apache Airflow Project/venv/lib/python3.10/site-packages/airflow/example_dags/example_branch_python_dop_operator_3.py for tasks to queue
[2025-02-09T19:09:55.762-0700] {logging_mixin.py:190} INFO - [2025-02-09T19:09:55.762-0700] {dagbag.py:588} INFO - Filling up the DagBag from /Users/pranithjain/Desktop/DE Project/Apache Airflow Project/venv/lib/python3.10/site-packages/airflow/example_dags/example_branch_python_dop_operator_3.py
[2025-02-09T19:09:55.779-0700] {processor.py:925} INFO - DAG(s) 'example_branch_dop_operator_v3' retrieved from /Users/pranithjain/Desktop/DE Project/Apache Airflow Project/venv/lib/python3.10/site-packages/airflow/example_dags/example_branch_python_dop_operator_3.py
[2025-02-09T19:09:55.881-0700] {logging_mixin.py:190} INFO - [2025-02-09T19:09:55.881-0700] {dag.py:3239} INFO - Sync 1 DAGs
[2025-02-09T19:09:55.890-0700] {logging_mixin.py:190} INFO - [2025-02-09T19:09:55.890-0700] {dag.py:4180} INFO - Setting next_dagrun for example_branch_dop_operator_v3 to 2025-02-10 02:08:00+00:00, run_after=2025-02-10 02:09:00+00:00
[2025-02-09T19:09:55.898-0700] {processor.py:208} INFO - Processing /Users/pranithjain/Desktop/DE Project/Apache Airflow Project/venv/lib/python3.10/site-packages/airflow/example_dags/example_branch_python_dop_operator_3.py took 0.139 seconds
[2025-02-09T19:14:07.894-0700] {processor.py:186} INFO - Started process (PID=23278) to work on /Users/pranithjain/Desktop/DE Project/Apache Airflow Project/venv/lib/python3.10/site-packages/airflow/example_dags/example_branch_python_dop_operator_3.py
[2025-02-09T19:14:07.894-0700] {processor.py:914} INFO - Processing file /Users/pranithjain/Desktop/DE Project/Apache Airflow Project/venv/lib/python3.10/site-packages/airflow/example_dags/example_branch_python_dop_operator_3.py for tasks to queue
[2025-02-09T19:14:07.895-0700] {logging_mixin.py:190} INFO - [2025-02-09T19:14:07.895-0700] {dagbag.py:588} INFO - Filling up the DagBag from /Users/pranithjain/Desktop/DE Project/Apache Airflow Project/venv/lib/python3.10/site-packages/airflow/example_dags/example_branch_python_dop_operator_3.py
[2025-02-09T19:14:07.911-0700] {processor.py:925} INFO - DAG(s) 'example_branch_dop_operator_v3' retrieved from /Users/pranithjain/Desktop/DE Project/Apache Airflow Project/venv/lib/python3.10/site-packages/airflow/example_dags/example_branch_python_dop_operator_3.py
[2025-02-09T19:14:07.976-0700] {logging_mixin.py:190} INFO - [2025-02-09T19:14:07.976-0700] {dag.py:3239} INFO - Sync 1 DAGs
[2025-02-09T19:14:07.985-0700] {logging_mixin.py:190} INFO - [2025-02-09T19:14:07.985-0700] {dag.py:4180} INFO - Setting next_dagrun for example_branch_dop_operator_v3 to 2025-02-10 02:13:00+00:00, run_after=2025-02-10 02:14:00+00:00
[2025-02-09T19:14:07.992-0700] {processor.py:208} INFO - Processing /Users/pranithjain/Desktop/DE Project/Apache Airflow Project/venv/lib/python3.10/site-packages/airflow/example_dags/example_branch_python_dop_operator_3.py took 0.099 seconds
[2025-02-09T19:16:26.777-0700] {processor.py:186} INFO - Started process (PID=23706) to work on /Users/pranithjain/Desktop/DE Project/Apache Airflow Project/venv/lib/python3.10/site-packages/airflow/example_dags/example_branch_python_dop_operator_3.py
[2025-02-09T19:16:26.778-0700] {processor.py:914} INFO - Processing file /Users/pranithjain/Desktop/DE Project/Apache Airflow Project/venv/lib/python3.10/site-packages/airflow/example_dags/example_branch_python_dop_operator_3.py for tasks to queue
[2025-02-09T19:16:26.779-0700] {logging_mixin.py:190} INFO - [2025-02-09T19:16:26.779-0700] {dagbag.py:588} INFO - Filling up the DagBag from /Users/pranithjain/Desktop/DE Project/Apache Airflow Project/venv/lib/python3.10/site-packages/airflow/example_dags/example_branch_python_dop_operator_3.py
[2025-02-09T19:16:26.796-0700] {processor.py:925} INFO - DAG(s) 'example_branch_dop_operator_v3' retrieved from /Users/pranithjain/Desktop/DE Project/Apache Airflow Project/venv/lib/python3.10/site-packages/airflow/example_dags/example_branch_python_dop_operator_3.py
[2025-02-09T19:16:26.860-0700] {logging_mixin.py:190} INFO - [2025-02-09T19:16:26.860-0700] {dag.py:3239} INFO - Sync 1 DAGs
[2025-02-09T19:16:26.870-0700] {logging_mixin.py:190} INFO - [2025-02-09T19:16:26.870-0700] {dag.py:4180} INFO - Setting next_dagrun for example_branch_dop_operator_v3 to 2025-02-10 02:15:00+00:00, run_after=2025-02-10 02:16:00+00:00
[2025-02-09T19:16:26.877-0700] {processor.py:208} INFO - Processing /Users/pranithjain/Desktop/DE Project/Apache Airflow Project/venv/lib/python3.10/site-packages/airflow/example_dags/example_branch_python_dop_operator_3.py took 0.101 seconds
[2025-02-09T19:18:52.760-0700] {processor.py:186} INFO - Started process (PID=24150) to work on /Users/pranithjain/Desktop/DE Project/Apache Airflow Project/venv/lib/python3.10/site-packages/airflow/example_dags/example_branch_python_dop_operator_3.py
[2025-02-09T19:18:52.761-0700] {processor.py:914} INFO - Processing file /Users/pranithjain/Desktop/DE Project/Apache Airflow Project/venv/lib/python3.10/site-packages/airflow/example_dags/example_branch_python_dop_operator_3.py for tasks to queue
[2025-02-09T19:18:52.761-0700] {logging_mixin.py:190} INFO - [2025-02-09T19:18:52.761-0700] {dagbag.py:588} INFO - Filling up the DagBag from /Users/pranithjain/Desktop/DE Project/Apache Airflow Project/venv/lib/python3.10/site-packages/airflow/example_dags/example_branch_python_dop_operator_3.py
[2025-02-09T19:18:52.777-0700] {processor.py:925} INFO - DAG(s) 'example_branch_dop_operator_v3' retrieved from /Users/pranithjain/Desktop/DE Project/Apache Airflow Project/venv/lib/python3.10/site-packages/airflow/example_dags/example_branch_python_dop_operator_3.py
[2025-02-09T19:18:52.842-0700] {logging_mixin.py:190} INFO - [2025-02-09T19:18:52.842-0700] {dag.py:3239} INFO - Sync 1 DAGs
[2025-02-09T19:18:52.851-0700] {logging_mixin.py:190} INFO - [2025-02-09T19:18:52.851-0700] {dag.py:4180} INFO - Setting next_dagrun for example_branch_dop_operator_v3 to 2025-02-10 02:17:00+00:00, run_after=2025-02-10 02:18:00+00:00
[2025-02-09T19:18:52.858-0700] {processor.py:208} INFO - Processing /Users/pranithjain/Desktop/DE Project/Apache Airflow Project/venv/lib/python3.10/site-packages/airflow/example_dags/example_branch_python_dop_operator_3.py took 0.099 seconds
[2025-02-09T19:21:19.500-0700] {processor.py:186} INFO - Started process (PID=24597) to work on /Users/pranithjain/Desktop/DE Project/Apache Airflow Project/venv/lib/python3.10/site-packages/airflow/example_dags/example_branch_python_dop_operator_3.py
[2025-02-09T19:21:19.500-0700] {processor.py:914} INFO - Processing file /Users/pranithjain/Desktop/DE Project/Apache Airflow Project/venv/lib/python3.10/site-packages/airflow/example_dags/example_branch_python_dop_operator_3.py for tasks to queue
[2025-02-09T19:21:19.501-0700] {logging_mixin.py:190} INFO - [2025-02-09T19:21:19.501-0700] {dagbag.py:588} INFO - Filling up the DagBag from /Users/pranithjain/Desktop/DE Project/Apache Airflow Project/venv/lib/python3.10/site-packages/airflow/example_dags/example_branch_python_dop_operator_3.py
[2025-02-09T19:21:19.518-0700] {processor.py:925} INFO - DAG(s) 'example_branch_dop_operator_v3' retrieved from /Users/pranithjain/Desktop/DE Project/Apache Airflow Project/venv/lib/python3.10/site-packages/airflow/example_dags/example_branch_python_dop_operator_3.py
[2025-02-09T19:21:19.582-0700] {logging_mixin.py:190} INFO - [2025-02-09T19:21:19.582-0700] {dag.py:3239} INFO - Sync 1 DAGs
[2025-02-09T19:21:19.592-0700] {logging_mixin.py:190} INFO - [2025-02-09T19:21:19.592-0700] {dag.py:4180} INFO - Setting next_dagrun for example_branch_dop_operator_v3 to 2025-02-10 02:20:00+00:00, run_after=2025-02-10 02:21:00+00:00
[2025-02-09T19:21:19.600-0700] {processor.py:208} INFO - Processing /Users/pranithjain/Desktop/DE Project/Apache Airflow Project/venv/lib/python3.10/site-packages/airflow/example_dags/example_branch_python_dop_operator_3.py took 0.102 seconds
[2025-02-09T19:23:42.658-0700] {processor.py:186} INFO - Started process (PID=25127) to work on /Users/pranithjain/Desktop/DE Project/Apache Airflow Project/venv/lib/python3.10/site-packages/airflow/example_dags/example_branch_python_dop_operator_3.py
[2025-02-09T19:23:42.659-0700] {processor.py:914} INFO - Processing file /Users/pranithjain/Desktop/DE Project/Apache Airflow Project/venv/lib/python3.10/site-packages/airflow/example_dags/example_branch_python_dop_operator_3.py for tasks to queue
[2025-02-09T19:23:42.659-0700] {logging_mixin.py:190} INFO - [2025-02-09T19:23:42.659-0700] {dagbag.py:588} INFO - Filling up the DagBag from /Users/pranithjain/Desktop/DE Project/Apache Airflow Project/venv/lib/python3.10/site-packages/airflow/example_dags/example_branch_python_dop_operator_3.py
[2025-02-09T19:23:42.676-0700] {processor.py:925} INFO - DAG(s) 'example_branch_dop_operator_v3' retrieved from /Users/pranithjain/Desktop/DE Project/Apache Airflow Project/venv/lib/python3.10/site-packages/airflow/example_dags/example_branch_python_dop_operator_3.py
[2025-02-09T19:23:42.741-0700] {logging_mixin.py:190} INFO - [2025-02-09T19:23:42.741-0700] {dag.py:3239} INFO - Sync 1 DAGs
[2025-02-09T19:23:42.750-0700] {logging_mixin.py:190} INFO - [2025-02-09T19:23:42.750-0700] {dag.py:4180} INFO - Setting next_dagrun for example_branch_dop_operator_v3 to 2025-02-10 02:22:00+00:00, run_after=2025-02-10 02:23:00+00:00
[2025-02-09T19:23:42.757-0700] {processor.py:208} INFO - Processing /Users/pranithjain/Desktop/DE Project/Apache Airflow Project/venv/lib/python3.10/site-packages/airflow/example_dags/example_branch_python_dop_operator_3.py took 0.100 seconds
[2025-02-09T19:25:58.048-0700] {processor.py:186} INFO - Started process (PID=25547) to work on /Users/pranithjain/Desktop/DE Project/Apache Airflow Project/venv/lib/python3.10/site-packages/airflow/example_dags/example_branch_python_dop_operator_3.py
[2025-02-09T19:25:58.048-0700] {processor.py:914} INFO - Processing file /Users/pranithjain/Desktop/DE Project/Apache Airflow Project/venv/lib/python3.10/site-packages/airflow/example_dags/example_branch_python_dop_operator_3.py for tasks to queue
[2025-02-09T19:25:58.049-0700] {logging_mixin.py:190} INFO - [2025-02-09T19:25:58.049-0700] {dagbag.py:588} INFO - Filling up the DagBag from /Users/pranithjain/Desktop/DE Project/Apache Airflow Project/venv/lib/python3.10/site-packages/airflow/example_dags/example_branch_python_dop_operator_3.py
[2025-02-09T19:25:58.065-0700] {processor.py:925} INFO - DAG(s) 'example_branch_dop_operator_v3' retrieved from /Users/pranithjain/Desktop/DE Project/Apache Airflow Project/venv/lib/python3.10/site-packages/airflow/example_dags/example_branch_python_dop_operator_3.py
[2025-02-09T19:25:58.133-0700] {logging_mixin.py:190} INFO - [2025-02-09T19:25:58.132-0700] {dag.py:3239} INFO - Sync 1 DAGs
[2025-02-09T19:25:58.143-0700] {logging_mixin.py:190} INFO - [2025-02-09T19:25:58.143-0700] {dag.py:4180} INFO - Setting next_dagrun for example_branch_dop_operator_v3 to 2025-02-10 02:24:00+00:00, run_after=2025-02-10 02:25:00+00:00
[2025-02-09T19:25:58.151-0700] {processor.py:208} INFO - Processing /Users/pranithjain/Desktop/DE Project/Apache Airflow Project/venv/lib/python3.10/site-packages/airflow/example_dags/example_branch_python_dop_operator_3.py took 0.105 seconds
