[2025-02-09T18:48:58.322-0700] {processor.py:186} INFO - Started process (PID=18994) to work on /Users/pranithjain/Desktop/DE Project/Apache Airflow Project/venv/lib/python3.10/site-packages/airflow/example_dags/example_branch_operator.py
[2025-02-09T18:48:58.322-0700] {processor.py:914} INFO - Processing file /Users/pranithjain/Desktop/DE Project/Apache Airflow Project/venv/lib/python3.10/site-packages/airflow/example_dags/example_branch_operator.py for tasks to queue
[2025-02-09T18:48:58.323-0700] {logging_mixin.py:190} INFO - [2025-02-09T18:48:58.323-0700] {dagbag.py:588} INFO - Filling up the DagBag from /Users/pranithjain/Desktop/DE Project/Apache Airflow Project/venv/lib/python3.10/site-packages/airflow/example_dags/example_branch_operator.py
[2025-02-09T18:48:58.338-0700] {processor.py:925} INFO - DAG(s) 'example_branch_operator' retrieved from /Users/pranithjain/Desktop/DE Project/Apache Airflow Project/venv/lib/python3.10/site-packages/airflow/example_dags/example_branch_operator.py
[2025-02-09T18:48:58.440-0700] {logging_mixin.py:190} INFO - [2025-02-09T18:48:58.440-0700] {override.py:1930} INFO - Created Permission View: can edit on DAG:example_branch_operator
[2025-02-09T18:48:58.443-0700] {logging_mixin.py:190} INFO - [2025-02-09T18:48:58.443-0700] {override.py:1930} INFO - Created Permission View: can delete on DAG:example_branch_operator
[2025-02-09T18:48:58.445-0700] {logging_mixin.py:190} INFO - [2025-02-09T18:48:58.445-0700] {override.py:1930} INFO - Created Permission View: can read on DAG:example_branch_operator
[2025-02-09T18:48:58.448-0700] {logging_mixin.py:190} INFO - [2025-02-09T18:48:58.448-0700] {override.py:1930} INFO - Created Permission View: can delete on DAG Run:example_branch_operator
[2025-02-09T18:48:58.450-0700] {logging_mixin.py:190} INFO - [2025-02-09T18:48:58.450-0700] {override.py:1930} INFO - Created Permission View: can create on DAG Run:example_branch_operator
[2025-02-09T18:48:58.452-0700] {logging_mixin.py:190} INFO - [2025-02-09T18:48:58.452-0700] {override.py:1930} INFO - Created Permission View: can read on DAG Run:example_branch_operator
[2025-02-09T18:48:58.454-0700] {logging_mixin.py:190} INFO - [2025-02-09T18:48:58.454-0700] {override.py:1930} INFO - Created Permission View: menu access on DAG Run:example_branch_operator
[2025-02-09T18:48:58.454-0700] {logging_mixin.py:190} INFO - [2025-02-09T18:48:58.454-0700] {dag.py:3239} INFO - Sync 1 DAGs
[2025-02-09T18:48:58.458-0700] {logging_mixin.py:190} INFO - [2025-02-09T18:48:58.458-0700] {dag.py:3262} INFO - Creating ORM DAG for example_branch_operator
[2025-02-09T18:48:58.462-0700] {logging_mixin.py:190} INFO - [2025-02-09T18:48:58.462-0700] {dag.py:4180} INFO - Setting next_dagrun for example_branch_operator to 2025-02-09 00:00:00+00:00, run_after=2025-02-10 00:00:00+00:00
[2025-02-09T18:48:58.468-0700] {processor.py:208} INFO - Processing /Users/pranithjain/Desktop/DE Project/Apache Airflow Project/venv/lib/python3.10/site-packages/airflow/example_dags/example_branch_operator.py took 0.148 seconds
[2025-02-09T18:51:23.174-0700] {processor.py:186} INFO - Started process (PID=19443) to work on /Users/pranithjain/Desktop/DE Project/Apache Airflow Project/venv/lib/python3.10/site-packages/airflow/example_dags/example_branch_operator.py
[2025-02-09T18:51:23.176-0700] {processor.py:914} INFO - Processing file /Users/pranithjain/Desktop/DE Project/Apache Airflow Project/venv/lib/python3.10/site-packages/airflow/example_dags/example_branch_operator.py for tasks to queue
[2025-02-09T18:51:23.176-0700] {logging_mixin.py:190} INFO - [2025-02-09T18:51:23.176-0700] {dagbag.py:588} INFO - Filling up the DagBag from /Users/pranithjain/Desktop/DE Project/Apache Airflow Project/venv/lib/python3.10/site-packages/airflow/example_dags/example_branch_operator.py
[2025-02-09T18:51:23.191-0700] {processor.py:925} INFO - DAG(s) 'example_branch_operator' retrieved from /Users/pranithjain/Desktop/DE Project/Apache Airflow Project/venv/lib/python3.10/site-packages/airflow/example_dags/example_branch_operator.py
[2025-02-09T18:51:23.297-0700] {logging_mixin.py:190} INFO - [2025-02-09T18:51:23.296-0700] {dag.py:3239} INFO - Sync 1 DAGs
[2025-02-09T18:51:23.304-0700] {logging_mixin.py:190} INFO - [2025-02-09T18:51:23.304-0700] {dag.py:4180} INFO - Setting next_dagrun for example_branch_operator to 2025-02-09 00:00:00+00:00, run_after=2025-02-10 00:00:00+00:00
[2025-02-09T18:51:23.312-0700] {processor.py:208} INFO - Processing /Users/pranithjain/Desktop/DE Project/Apache Airflow Project/venv/lib/python3.10/site-packages/airflow/example_dags/example_branch_operator.py took 0.139 seconds
[2025-02-09T18:54:05.945-0700] {processor.py:186} INFO - Started process (PID=19957) to work on /Users/pranithjain/Desktop/DE Project/Apache Airflow Project/venv/lib/python3.10/site-packages/airflow/example_dags/example_branch_operator.py
[2025-02-09T18:54:05.947-0700] {processor.py:914} INFO - Processing file /Users/pranithjain/Desktop/DE Project/Apache Airflow Project/venv/lib/python3.10/site-packages/airflow/example_dags/example_branch_operator.py for tasks to queue
[2025-02-09T18:54:05.947-0700] {logging_mixin.py:190} INFO - [2025-02-09T18:54:05.947-0700] {dagbag.py:588} INFO - Filling up the DagBag from /Users/pranithjain/Desktop/DE Project/Apache Airflow Project/venv/lib/python3.10/site-packages/airflow/example_dags/example_branch_operator.py
[2025-02-09T18:54:05.962-0700] {processor.py:925} INFO - DAG(s) 'example_branch_operator' retrieved from /Users/pranithjain/Desktop/DE Project/Apache Airflow Project/venv/lib/python3.10/site-packages/airflow/example_dags/example_branch_operator.py
[2025-02-09T18:54:06.068-0700] {logging_mixin.py:190} INFO - [2025-02-09T18:54:06.068-0700] {dag.py:3239} INFO - Sync 1 DAGs
[2025-02-09T18:54:06.075-0700] {logging_mixin.py:190} INFO - [2025-02-09T18:54:06.075-0700] {dag.py:4180} INFO - Setting next_dagrun for example_branch_operator to 2025-02-09 00:00:00+00:00, run_after=2025-02-10 00:00:00+00:00
[2025-02-09T18:54:06.083-0700] {processor.py:208} INFO - Processing /Users/pranithjain/Desktop/DE Project/Apache Airflow Project/venv/lib/python3.10/site-packages/airflow/example_dags/example_branch_operator.py took 0.140 seconds
[2025-02-09T18:56:29.421-0700] {processor.py:186} INFO - Started process (PID=20401) to work on /Users/pranithjain/Desktop/DE Project/Apache Airflow Project/venv/lib/python3.10/site-packages/airflow/example_dags/example_branch_operator.py
[2025-02-09T18:56:29.421-0700] {processor.py:914} INFO - Processing file /Users/pranithjain/Desktop/DE Project/Apache Airflow Project/venv/lib/python3.10/site-packages/airflow/example_dags/example_branch_operator.py for tasks to queue
[2025-02-09T18:56:29.422-0700] {logging_mixin.py:190} INFO - [2025-02-09T18:56:29.422-0700] {dagbag.py:588} INFO - Filling up the DagBag from /Users/pranithjain/Desktop/DE Project/Apache Airflow Project/venv/lib/python3.10/site-packages/airflow/example_dags/example_branch_operator.py
[2025-02-09T18:56:29.437-0700] {processor.py:925} INFO - DAG(s) 'example_branch_operator' retrieved from /Users/pranithjain/Desktop/DE Project/Apache Airflow Project/venv/lib/python3.10/site-packages/airflow/example_dags/example_branch_operator.py
[2025-02-09T18:56:29.547-0700] {logging_mixin.py:190} INFO - [2025-02-09T18:56:29.547-0700] {dag.py:3239} INFO - Sync 1 DAGs
[2025-02-09T18:56:29.555-0700] {logging_mixin.py:190} INFO - [2025-02-09T18:56:29.554-0700] {dag.py:4180} INFO - Setting next_dagrun for example_branch_operator to 2025-02-09 00:00:00+00:00, run_after=2025-02-10 00:00:00+00:00
[2025-02-09T18:56:29.562-0700] {processor.py:208} INFO - Processing /Users/pranithjain/Desktop/DE Project/Apache Airflow Project/venv/lib/python3.10/site-packages/airflow/example_dags/example_branch_operator.py took 0.144 seconds
[2025-02-09T18:58:52.946-0700] {processor.py:186} INFO - Started process (PID=20844) to work on /Users/pranithjain/Desktop/DE Project/Apache Airflow Project/venv/lib/python3.10/site-packages/airflow/example_dags/example_branch_operator.py
[2025-02-09T18:58:52.946-0700] {processor.py:914} INFO - Processing file /Users/pranithjain/Desktop/DE Project/Apache Airflow Project/venv/lib/python3.10/site-packages/airflow/example_dags/example_branch_operator.py for tasks to queue
[2025-02-09T18:58:52.947-0700] {logging_mixin.py:190} INFO - [2025-02-09T18:58:52.947-0700] {dagbag.py:588} INFO - Filling up the DagBag from /Users/pranithjain/Desktop/DE Project/Apache Airflow Project/venv/lib/python3.10/site-packages/airflow/example_dags/example_branch_operator.py
[2025-02-09T18:58:52.963-0700] {processor.py:925} INFO - DAG(s) 'example_branch_operator' retrieved from /Users/pranithjain/Desktop/DE Project/Apache Airflow Project/venv/lib/python3.10/site-packages/airflow/example_dags/example_branch_operator.py
[2025-02-09T18:58:53.077-0700] {logging_mixin.py:190} INFO - [2025-02-09T18:58:53.077-0700] {dag.py:3239} INFO - Sync 1 DAGs
[2025-02-09T18:58:53.085-0700] {logging_mixin.py:190} INFO - [2025-02-09T18:58:53.084-0700] {dag.py:4180} INFO - Setting next_dagrun for example_branch_operator to 2025-02-09 00:00:00+00:00, run_after=2025-02-10 00:00:00+00:00
[2025-02-09T18:58:53.093-0700] {processor.py:208} INFO - Processing /Users/pranithjain/Desktop/DE Project/Apache Airflow Project/venv/lib/python3.10/site-packages/airflow/example_dags/example_branch_operator.py took 0.149 seconds
[2025-02-09T19:07:39.154-0700] {processor.py:186} INFO - Started process (PID=22125) to work on /Users/pranithjain/Desktop/DE Project/Apache Airflow Project/venv/lib/python3.10/site-packages/airflow/example_dags/example_branch_operator.py
[2025-02-09T19:07:39.155-0700] {processor.py:914} INFO - Processing file /Users/pranithjain/Desktop/DE Project/Apache Airflow Project/venv/lib/python3.10/site-packages/airflow/example_dags/example_branch_operator.py for tasks to queue
[2025-02-09T19:07:39.155-0700] {logging_mixin.py:190} INFO - [2025-02-09T19:07:39.155-0700] {dagbag.py:588} INFO - Filling up the DagBag from /Users/pranithjain/Desktop/DE Project/Apache Airflow Project/venv/lib/python3.10/site-packages/airflow/example_dags/example_branch_operator.py
[2025-02-09T19:07:39.170-0700] {processor.py:925} INFO - DAG(s) 'example_branch_operator' retrieved from /Users/pranithjain/Desktop/DE Project/Apache Airflow Project/venv/lib/python3.10/site-packages/airflow/example_dags/example_branch_operator.py
[2025-02-09T19:07:39.285-0700] {logging_mixin.py:190} INFO - [2025-02-09T19:07:39.284-0700] {dag.py:3239} INFO - Sync 1 DAGs
[2025-02-09T19:07:39.293-0700] {logging_mixin.py:190} INFO - [2025-02-09T19:07:39.292-0700] {dag.py:4180} INFO - Setting next_dagrun for example_branch_operator to 2025-02-09 00:00:00+00:00, run_after=2025-02-10 00:00:00+00:00
[2025-02-09T19:07:39.302-0700] {processor.py:208} INFO - Processing /Users/pranithjain/Desktop/DE Project/Apache Airflow Project/venv/lib/python3.10/site-packages/airflow/example_dags/example_branch_operator.py took 0.149 seconds
[2025-02-09T19:09:59.543-0700] {processor.py:186} INFO - Started process (PID=22563) to work on /Users/pranithjain/Desktop/DE Project/Apache Airflow Project/venv/lib/python3.10/site-packages/airflow/example_dags/example_branch_operator.py
[2025-02-09T19:09:59.543-0700] {processor.py:914} INFO - Processing file /Users/pranithjain/Desktop/DE Project/Apache Airflow Project/venv/lib/python3.10/site-packages/airflow/example_dags/example_branch_operator.py for tasks to queue
[2025-02-09T19:09:59.544-0700] {logging_mixin.py:190} INFO - [2025-02-09T19:09:59.544-0700] {dagbag.py:588} INFO - Filling up the DagBag from /Users/pranithjain/Desktop/DE Project/Apache Airflow Project/venv/lib/python3.10/site-packages/airflow/example_dags/example_branch_operator.py
[2025-02-09T19:09:59.559-0700] {processor.py:925} INFO - DAG(s) 'example_branch_operator' retrieved from /Users/pranithjain/Desktop/DE Project/Apache Airflow Project/venv/lib/python3.10/site-packages/airflow/example_dags/example_branch_operator.py
[2025-02-09T19:09:59.675-0700] {logging_mixin.py:190} INFO - [2025-02-09T19:09:59.675-0700] {dag.py:3239} INFO - Sync 1 DAGs
[2025-02-09T19:09:59.683-0700] {logging_mixin.py:190} INFO - [2025-02-09T19:09:59.683-0700] {dag.py:4180} INFO - Setting next_dagrun for example_branch_operator to 2025-02-09 00:00:00+00:00, run_after=2025-02-10 00:00:00+00:00
[2025-02-09T19:09:59.692-0700] {processor.py:208} INFO - Processing /Users/pranithjain/Desktop/DE Project/Apache Airflow Project/venv/lib/python3.10/site-packages/airflow/example_dags/example_branch_operator.py took 0.151 seconds
[2025-02-09T19:14:11.700-0700] {processor.py:186} INFO - Started process (PID=23290) to work on /Users/pranithjain/Desktop/DE Project/Apache Airflow Project/venv/lib/python3.10/site-packages/airflow/example_dags/example_branch_operator.py
[2025-02-09T19:14:11.701-0700] {processor.py:914} INFO - Processing file /Users/pranithjain/Desktop/DE Project/Apache Airflow Project/venv/lib/python3.10/site-packages/airflow/example_dags/example_branch_operator.py for tasks to queue
[2025-02-09T19:14:11.701-0700] {logging_mixin.py:190} INFO - [2025-02-09T19:14:11.701-0700] {dagbag.py:588} INFO - Filling up the DagBag from /Users/pranithjain/Desktop/DE Project/Apache Airflow Project/venv/lib/python3.10/site-packages/airflow/example_dags/example_branch_operator.py
[2025-02-09T19:14:11.716-0700] {processor.py:925} INFO - DAG(s) 'example_branch_operator' retrieved from /Users/pranithjain/Desktop/DE Project/Apache Airflow Project/venv/lib/python3.10/site-packages/airflow/example_dags/example_branch_operator.py
[2025-02-09T19:14:11.820-0700] {logging_mixin.py:190} INFO - [2025-02-09T19:14:11.820-0700] {dag.py:3239} INFO - Sync 1 DAGs
[2025-02-09T19:14:11.827-0700] {logging_mixin.py:190} INFO - [2025-02-09T19:14:11.827-0700] {dag.py:4180} INFO - Setting next_dagrun for example_branch_operator to 2025-02-09 00:00:00+00:00, run_after=2025-02-10 00:00:00+00:00
[2025-02-09T19:14:11.835-0700] {processor.py:208} INFO - Processing /Users/pranithjain/Desktop/DE Project/Apache Airflow Project/venv/lib/python3.10/site-packages/airflow/example_dags/example_branch_operator.py took 0.137 seconds
[2025-02-09T19:16:30.726-0700] {processor.py:186} INFO - Started process (PID=23718) to work on /Users/pranithjain/Desktop/DE Project/Apache Airflow Project/venv/lib/python3.10/site-packages/airflow/example_dags/example_branch_operator.py
[2025-02-09T19:16:30.728-0700] {processor.py:914} INFO - Processing file /Users/pranithjain/Desktop/DE Project/Apache Airflow Project/venv/lib/python3.10/site-packages/airflow/example_dags/example_branch_operator.py for tasks to queue
[2025-02-09T19:16:30.729-0700] {logging_mixin.py:190} INFO - [2025-02-09T19:16:30.729-0700] {dagbag.py:588} INFO - Filling up the DagBag from /Users/pranithjain/Desktop/DE Project/Apache Airflow Project/venv/lib/python3.10/site-packages/airflow/example_dags/example_branch_operator.py
[2025-02-09T19:16:30.744-0700] {processor.py:925} INFO - DAG(s) 'example_branch_operator' retrieved from /Users/pranithjain/Desktop/DE Project/Apache Airflow Project/venv/lib/python3.10/site-packages/airflow/example_dags/example_branch_operator.py
[2025-02-09T19:16:30.857-0700] {logging_mixin.py:190} INFO - [2025-02-09T19:16:30.857-0700] {dag.py:3239} INFO - Sync 1 DAGs
[2025-02-09T19:16:30.865-0700] {logging_mixin.py:190} INFO - [2025-02-09T19:16:30.865-0700] {dag.py:4180} INFO - Setting next_dagrun for example_branch_operator to 2025-02-09 00:00:00+00:00, run_after=2025-02-10 00:00:00+00:00
[2025-02-09T19:16:30.875-0700] {processor.py:208} INFO - Processing /Users/pranithjain/Desktop/DE Project/Apache Airflow Project/venv/lib/python3.10/site-packages/airflow/example_dags/example_branch_operator.py took 0.151 seconds
[2025-02-09T19:18:55.880-0700] {processor.py:186} INFO - Started process (PID=24157) to work on /Users/pranithjain/Desktop/DE Project/Apache Airflow Project/venv/lib/python3.10/site-packages/airflow/example_dags/example_branch_operator.py
[2025-02-09T19:18:55.881-0700] {processor.py:914} INFO - Processing file /Users/pranithjain/Desktop/DE Project/Apache Airflow Project/venv/lib/python3.10/site-packages/airflow/example_dags/example_branch_operator.py for tasks to queue
[2025-02-09T19:18:55.881-0700] {logging_mixin.py:190} INFO - [2025-02-09T19:18:55.881-0700] {dagbag.py:588} INFO - Filling up the DagBag from /Users/pranithjain/Desktop/DE Project/Apache Airflow Project/venv/lib/python3.10/site-packages/airflow/example_dags/example_branch_operator.py
[2025-02-09T19:18:55.896-0700] {processor.py:925} INFO - DAG(s) 'example_branch_operator' retrieved from /Users/pranithjain/Desktop/DE Project/Apache Airflow Project/venv/lib/python3.10/site-packages/airflow/example_dags/example_branch_operator.py
[2025-02-09T19:18:56.000-0700] {logging_mixin.py:190} INFO - [2025-02-09T19:18:55.999-0700] {dag.py:3239} INFO - Sync 1 DAGs
[2025-02-09T19:18:56.006-0700] {logging_mixin.py:190} INFO - [2025-02-09T19:18:56.006-0700] {dag.py:4180} INFO - Setting next_dagrun for example_branch_operator to 2025-02-09 00:00:00+00:00, run_after=2025-02-10 00:00:00+00:00
[2025-02-09T19:18:56.014-0700] {processor.py:208} INFO - Processing /Users/pranithjain/Desktop/DE Project/Apache Airflow Project/venv/lib/python3.10/site-packages/airflow/example_dags/example_branch_operator.py took 0.136 seconds
[2025-02-09T19:21:23.254-0700] {processor.py:186} INFO - Started process (PID=24607) to work on /Users/pranithjain/Desktop/DE Project/Apache Airflow Project/venv/lib/python3.10/site-packages/airflow/example_dags/example_branch_operator.py
[2025-02-09T19:21:23.255-0700] {processor.py:914} INFO - Processing file /Users/pranithjain/Desktop/DE Project/Apache Airflow Project/venv/lib/python3.10/site-packages/airflow/example_dags/example_branch_operator.py for tasks to queue
[2025-02-09T19:21:23.255-0700] {logging_mixin.py:190} INFO - [2025-02-09T19:21:23.255-0700] {dagbag.py:588} INFO - Filling up the DagBag from /Users/pranithjain/Desktop/DE Project/Apache Airflow Project/venv/lib/python3.10/site-packages/airflow/example_dags/example_branch_operator.py
[2025-02-09T19:21:23.270-0700] {processor.py:925} INFO - DAG(s) 'example_branch_operator' retrieved from /Users/pranithjain/Desktop/DE Project/Apache Airflow Project/venv/lib/python3.10/site-packages/airflow/example_dags/example_branch_operator.py
[2025-02-09T19:21:23.379-0700] {logging_mixin.py:190} INFO - [2025-02-09T19:21:23.379-0700] {dag.py:3239} INFO - Sync 1 DAGs
[2025-02-09T19:21:23.386-0700] {logging_mixin.py:190} INFO - [2025-02-09T19:21:23.386-0700] {dag.py:4180} INFO - Setting next_dagrun for example_branch_operator to 2025-02-09 00:00:00+00:00, run_after=2025-02-10 00:00:00+00:00
[2025-02-09T19:21:23.394-0700] {processor.py:208} INFO - Processing /Users/pranithjain/Desktop/DE Project/Apache Airflow Project/venv/lib/python3.10/site-packages/airflow/example_dags/example_branch_operator.py took 0.143 seconds
[2025-02-09T19:23:45.551-0700] {processor.py:186} INFO - Started process (PID=25137) to work on /Users/pranithjain/Desktop/DE Project/Apache Airflow Project/venv/lib/python3.10/site-packages/airflow/example_dags/example_branch_operator.py
[2025-02-09T19:23:45.551-0700] {processor.py:914} INFO - Processing file /Users/pranithjain/Desktop/DE Project/Apache Airflow Project/venv/lib/python3.10/site-packages/airflow/example_dags/example_branch_operator.py for tasks to queue
[2025-02-09T19:23:45.552-0700] {logging_mixin.py:190} INFO - [2025-02-09T19:23:45.552-0700] {dagbag.py:588} INFO - Filling up the DagBag from /Users/pranithjain/Desktop/DE Project/Apache Airflow Project/venv/lib/python3.10/site-packages/airflow/example_dags/example_branch_operator.py
[2025-02-09T19:23:45.567-0700] {processor.py:925} INFO - DAG(s) 'example_branch_operator' retrieved from /Users/pranithjain/Desktop/DE Project/Apache Airflow Project/venv/lib/python3.10/site-packages/airflow/example_dags/example_branch_operator.py
[2025-02-09T19:23:45.670-0700] {logging_mixin.py:190} INFO - [2025-02-09T19:23:45.670-0700] {dag.py:3239} INFO - Sync 1 DAGs
[2025-02-09T19:23:45.677-0700] {logging_mixin.py:190} INFO - [2025-02-09T19:23:45.677-0700] {dag.py:4180} INFO - Setting next_dagrun for example_branch_operator to 2025-02-09 00:00:00+00:00, run_after=2025-02-10 00:00:00+00:00
[2025-02-09T19:23:45.686-0700] {processor.py:208} INFO - Processing /Users/pranithjain/Desktop/DE Project/Apache Airflow Project/venv/lib/python3.10/site-packages/airflow/example_dags/example_branch_operator.py took 0.136 seconds
[2025-02-09T19:26:01.779-0700] {processor.py:186} INFO - Started process (PID=25574) to work on /Users/pranithjain/Desktop/DE Project/Apache Airflow Project/venv/lib/python3.10/site-packages/airflow/example_dags/example_branch_operator.py
[2025-02-09T19:26:01.779-0700] {processor.py:914} INFO - Processing file /Users/pranithjain/Desktop/DE Project/Apache Airflow Project/venv/lib/python3.10/site-packages/airflow/example_dags/example_branch_operator.py for tasks to queue
[2025-02-09T19:26:01.780-0700] {logging_mixin.py:190} INFO - [2025-02-09T19:26:01.780-0700] {dagbag.py:588} INFO - Filling up the DagBag from /Users/pranithjain/Desktop/DE Project/Apache Airflow Project/venv/lib/python3.10/site-packages/airflow/example_dags/example_branch_operator.py
[2025-02-09T19:26:01.794-0700] {processor.py:925} INFO - DAG(s) 'example_branch_operator' retrieved from /Users/pranithjain/Desktop/DE Project/Apache Airflow Project/venv/lib/python3.10/site-packages/airflow/example_dags/example_branch_operator.py
[2025-02-09T19:26:01.902-0700] {logging_mixin.py:190} INFO - [2025-02-09T19:26:01.902-0700] {dag.py:3239} INFO - Sync 1 DAGs
[2025-02-09T19:26:01.910-0700] {logging_mixin.py:190} INFO - [2025-02-09T19:26:01.910-0700] {dag.py:4180} INFO - Setting next_dagrun for example_branch_operator to 2025-02-09 00:00:00+00:00, run_after=2025-02-10 00:00:00+00:00
[2025-02-09T19:26:01.919-0700] {processor.py:208} INFO - Processing /Users/pranithjain/Desktop/DE Project/Apache Airflow Project/venv/lib/python3.10/site-packages/airflow/example_dags/example_branch_operator.py took 0.142 seconds
