[2025-02-09T18:48:15.411-0700] {processor.py:186} INFO - Started process (PID=18858) to work on /Users/pranithjain/Desktop/DE Project/Apache Airflow Project/venv/lib/python3.10/site-packages/airflow/example_dags/example_python_operator.py
[2025-02-09T18:48:15.411-0700] {processor.py:914} INFO - Processing file /Users/pranithjain/Desktop/DE Project/Apache Airflow Project/venv/lib/python3.10/site-packages/airflow/example_dags/example_python_operator.py for tasks to queue
[2025-02-09T18:48:15.412-0700] {logging_mixin.py:190} INFO - [2025-02-09T18:48:15.412-0700] {dagbag.py:588} INFO - Filling up the DagBag from /Users/pranithjain/Desktop/DE Project/Apache Airflow Project/venv/lib/python3.10/site-packages/airflow/example_dags/example_python_operator.py
[2025-02-09T18:48:15.424-0700] {processor.py:925} INFO - DAG(s) 'example_python_operator' retrieved from /Users/pranithjain/Desktop/DE Project/Apache Airflow Project/venv/lib/python3.10/site-packages/airflow/example_dags/example_python_operator.py
[2025-02-09T18:48:15.526-0700] {logging_mixin.py:190} INFO - [2025-02-09T18:48:15.526-0700] {override.py:1930} INFO - Created Permission View: can read on DAG:example_python_operator
[2025-02-09T18:48:15.530-0700] {logging_mixin.py:190} INFO - [2025-02-09T18:48:15.530-0700] {override.py:1930} INFO - Created Permission View: can edit on DAG:example_python_operator
[2025-02-09T18:48:15.532-0700] {logging_mixin.py:190} INFO - [2025-02-09T18:48:15.532-0700] {override.py:1930} INFO - Created Permission View: can delete on DAG:example_python_operator
[2025-02-09T18:48:15.535-0700] {logging_mixin.py:190} INFO - [2025-02-09T18:48:15.535-0700] {override.py:1930} INFO - Created Permission View: can read on DAG Run:example_python_operator
[2025-02-09T18:48:15.537-0700] {logging_mixin.py:190} INFO - [2025-02-09T18:48:15.537-0700] {override.py:1930} INFO - Created Permission View: can create on DAG Run:example_python_operator
[2025-02-09T18:48:15.539-0700] {logging_mixin.py:190} INFO - [2025-02-09T18:48:15.539-0700] {override.py:1930} INFO - Created Permission View: menu access on DAG Run:example_python_operator
[2025-02-09T18:48:15.541-0700] {logging_mixin.py:190} INFO - [2025-02-09T18:48:15.541-0700] {override.py:1930} INFO - Created Permission View: can delete on DAG Run:example_python_operator
[2025-02-09T18:48:15.542-0700] {logging_mixin.py:190} INFO - [2025-02-09T18:48:15.541-0700] {dag.py:3239} INFO - Sync 1 DAGs
[2025-02-09T18:48:15.547-0700] {logging_mixin.py:190} INFO - [2025-02-09T18:48:15.547-0700] {dag.py:3262} INFO - Creating ORM DAG for example_python_operator
[2025-02-09T18:48:15.547-0700] {logging_mixin.py:190} INFO - [2025-02-09T18:48:15.547-0700] {dag.py:4180} INFO - Setting next_dagrun for example_python_operator to None, run_after=None
[2025-02-09T18:48:15.554-0700] {processor.py:208} INFO - Processing /Users/pranithjain/Desktop/DE Project/Apache Airflow Project/venv/lib/python3.10/site-packages/airflow/example_dags/example_python_operator.py took 0.145 seconds
[2025-02-09T18:49:57.991-0700] {processor.py:186} INFO - Started process (PID=19178) to work on /Users/pranithjain/Desktop/DE Project/Apache Airflow Project/venv/lib/python3.10/site-packages/airflow/example_dags/example_python_operator.py
[2025-02-09T18:49:57.992-0700] {processor.py:914} INFO - Processing file /Users/pranithjain/Desktop/DE Project/Apache Airflow Project/venv/lib/python3.10/site-packages/airflow/example_dags/example_python_operator.py for tasks to queue
[2025-02-09T18:49:57.992-0700] {logging_mixin.py:190} INFO - [2025-02-09T18:49:57.992-0700] {dagbag.py:588} INFO - Filling up the DagBag from /Users/pranithjain/Desktop/DE Project/Apache Airflow Project/venv/lib/python3.10/site-packages/airflow/example_dags/example_python_operator.py
[2025-02-09T18:49:58.004-0700] {processor.py:925} INFO - DAG(s) 'example_python_operator' retrieved from /Users/pranithjain/Desktop/DE Project/Apache Airflow Project/venv/lib/python3.10/site-packages/airflow/example_dags/example_python_operator.py
[2025-02-09T18:49:58.104-0700] {logging_mixin.py:190} INFO - [2025-02-09T18:49:58.104-0700] {dag.py:3239} INFO - Sync 1 DAGs
[2025-02-09T18:49:58.108-0700] {logging_mixin.py:190} INFO - [2025-02-09T18:49:58.108-0700] {dag.py:4180} INFO - Setting next_dagrun for example_python_operator to None, run_after=None
[2025-02-09T18:49:58.115-0700] {processor.py:208} INFO - Processing /Users/pranithjain/Desktop/DE Project/Apache Airflow Project/venv/lib/python3.10/site-packages/airflow/example_dags/example_python_operator.py took 0.126 seconds
[2025-02-09T18:52:20.774-0700] {processor.py:186} INFO - Started process (PID=19631) to work on /Users/pranithjain/Desktop/DE Project/Apache Airflow Project/venv/lib/python3.10/site-packages/airflow/example_dags/example_python_operator.py
[2025-02-09T18:52:20.775-0700] {processor.py:914} INFO - Processing file /Users/pranithjain/Desktop/DE Project/Apache Airflow Project/venv/lib/python3.10/site-packages/airflow/example_dags/example_python_operator.py for tasks to queue
[2025-02-09T18:52:20.775-0700] {logging_mixin.py:190} INFO - [2025-02-09T18:52:20.775-0700] {dagbag.py:588} INFO - Filling up the DagBag from /Users/pranithjain/Desktop/DE Project/Apache Airflow Project/venv/lib/python3.10/site-packages/airflow/example_dags/example_python_operator.py
[2025-02-09T18:52:20.788-0700] {processor.py:925} INFO - DAG(s) 'example_python_operator' retrieved from /Users/pranithjain/Desktop/DE Project/Apache Airflow Project/venv/lib/python3.10/site-packages/airflow/example_dags/example_python_operator.py
[2025-02-09T18:52:20.890-0700] {logging_mixin.py:190} INFO - [2025-02-09T18:52:20.889-0700] {dag.py:3239} INFO - Sync 1 DAGs
[2025-02-09T18:52:20.894-0700] {logging_mixin.py:190} INFO - [2025-02-09T18:52:20.894-0700] {dag.py:4180} INFO - Setting next_dagrun for example_python_operator to None, run_after=None
[2025-02-09T18:52:20.901-0700] {processor.py:208} INFO - Processing /Users/pranithjain/Desktop/DE Project/Apache Airflow Project/venv/lib/python3.10/site-packages/airflow/example_dags/example_python_operator.py took 0.129 seconds
[2025-02-09T18:53:24.336-0700] {processor.py:186} INFO - Started process (PID=19829) to work on /Users/pranithjain/Desktop/DE Project/Apache Airflow Project/venv/lib/python3.10/site-packages/airflow/example_dags/example_python_operator.py
[2025-02-09T18:53:24.337-0700] {processor.py:914} INFO - Processing file /Users/pranithjain/Desktop/DE Project/Apache Airflow Project/venv/lib/python3.10/site-packages/airflow/example_dags/example_python_operator.py for tasks to queue
[2025-02-09T18:53:24.338-0700] {logging_mixin.py:190} INFO - [2025-02-09T18:53:24.338-0700] {dagbag.py:588} INFO - Filling up the DagBag from /Users/pranithjain/Desktop/DE Project/Apache Airflow Project/venv/lib/python3.10/site-packages/airflow/example_dags/example_python_operator.py
[2025-02-09T18:53:24.350-0700] {processor.py:925} INFO - DAG(s) 'example_python_operator' retrieved from /Users/pranithjain/Desktop/DE Project/Apache Airflow Project/venv/lib/python3.10/site-packages/airflow/example_dags/example_python_operator.py
[2025-02-09T18:53:24.451-0700] {logging_mixin.py:190} INFO - [2025-02-09T18:53:24.451-0700] {dag.py:3239} INFO - Sync 1 DAGs
[2025-02-09T18:53:24.455-0700] {logging_mixin.py:190} INFO - [2025-02-09T18:53:24.455-0700] {dag.py:4180} INFO - Setting next_dagrun for example_python_operator to None, run_after=None
[2025-02-09T18:53:24.462-0700] {processor.py:208} INFO - Processing /Users/pranithjain/Desktop/DE Project/Apache Airflow Project/venv/lib/python3.10/site-packages/airflow/example_dags/example_python_operator.py took 0.128 seconds
[2025-02-09T18:55:06.440-0700] {processor.py:186} INFO - Started process (PID=20142) to work on /Users/pranithjain/Desktop/DE Project/Apache Airflow Project/venv/lib/python3.10/site-packages/airflow/example_dags/example_python_operator.py
[2025-02-09T18:55:06.441-0700] {processor.py:914} INFO - Processing file /Users/pranithjain/Desktop/DE Project/Apache Airflow Project/venv/lib/python3.10/site-packages/airflow/example_dags/example_python_operator.py for tasks to queue
[2025-02-09T18:55:06.441-0700] {logging_mixin.py:190} INFO - [2025-02-09T18:55:06.441-0700] {dagbag.py:588} INFO - Filling up the DagBag from /Users/pranithjain/Desktop/DE Project/Apache Airflow Project/venv/lib/python3.10/site-packages/airflow/example_dags/example_python_operator.py
[2025-02-09T18:55:06.454-0700] {processor.py:925} INFO - DAG(s) 'example_python_operator' retrieved from /Users/pranithjain/Desktop/DE Project/Apache Airflow Project/venv/lib/python3.10/site-packages/airflow/example_dags/example_python_operator.py
[2025-02-09T18:55:06.558-0700] {logging_mixin.py:190} INFO - [2025-02-09T18:55:06.557-0700] {dag.py:3239} INFO - Sync 1 DAGs
[2025-02-09T18:55:06.562-0700] {logging_mixin.py:190} INFO - [2025-02-09T18:55:06.562-0700] {dag.py:4180} INFO - Setting next_dagrun for example_python_operator to None, run_after=None
[2025-02-09T18:55:06.569-0700] {processor.py:208} INFO - Processing /Users/pranithjain/Desktop/DE Project/Apache Airflow Project/venv/lib/python3.10/site-packages/airflow/example_dags/example_python_operator.py took 0.131 seconds
[2025-02-09T18:57:32.622-0700] {processor.py:186} INFO - Started process (PID=20598) to work on /Users/pranithjain/Desktop/DE Project/Apache Airflow Project/venv/lib/python3.10/site-packages/airflow/example_dags/example_python_operator.py
[2025-02-09T18:57:32.622-0700] {processor.py:914} INFO - Processing file /Users/pranithjain/Desktop/DE Project/Apache Airflow Project/venv/lib/python3.10/site-packages/airflow/example_dags/example_python_operator.py for tasks to queue
[2025-02-09T18:57:32.623-0700] {logging_mixin.py:190} INFO - [2025-02-09T18:57:32.623-0700] {dagbag.py:588} INFO - Filling up the DagBag from /Users/pranithjain/Desktop/DE Project/Apache Airflow Project/venv/lib/python3.10/site-packages/airflow/example_dags/example_python_operator.py
[2025-02-09T18:57:32.635-0700] {processor.py:925} INFO - DAG(s) 'example_python_operator' retrieved from /Users/pranithjain/Desktop/DE Project/Apache Airflow Project/venv/lib/python3.10/site-packages/airflow/example_dags/example_python_operator.py
[2025-02-09T18:57:32.742-0700] {logging_mixin.py:190} INFO - [2025-02-09T18:57:32.741-0700] {dag.py:3239} INFO - Sync 1 DAGs
[2025-02-09T18:57:32.746-0700] {logging_mixin.py:190} INFO - [2025-02-09T18:57:32.746-0700] {dag.py:4180} INFO - Setting next_dagrun for example_python_operator to None, run_after=None
[2025-02-09T18:57:32.754-0700] {processor.py:208} INFO - Processing /Users/pranithjain/Desktop/DE Project/Apache Airflow Project/venv/lib/python3.10/site-packages/airflow/example_dags/example_python_operator.py took 0.133 seconds
[2025-02-09T19:07:00.153-0700] {processor.py:186} INFO - Started process (PID=22007) to work on /Users/pranithjain/Desktop/DE Project/Apache Airflow Project/venv/lib/python3.10/site-packages/airflow/example_dags/example_python_operator.py
[2025-02-09T19:07:00.154-0700] {processor.py:914} INFO - Processing file /Users/pranithjain/Desktop/DE Project/Apache Airflow Project/venv/lib/python3.10/site-packages/airflow/example_dags/example_python_operator.py for tasks to queue
[2025-02-09T19:07:00.154-0700] {logging_mixin.py:190} INFO - [2025-02-09T19:07:00.154-0700] {dagbag.py:588} INFO - Filling up the DagBag from /Users/pranithjain/Desktop/DE Project/Apache Airflow Project/venv/lib/python3.10/site-packages/airflow/example_dags/example_python_operator.py
[2025-02-09T19:07:00.167-0700] {processor.py:925} INFO - DAG(s) 'example_python_operator' retrieved from /Users/pranithjain/Desktop/DE Project/Apache Airflow Project/venv/lib/python3.10/site-packages/airflow/example_dags/example_python_operator.py
[2025-02-09T19:07:00.276-0700] {logging_mixin.py:190} INFO - [2025-02-09T19:07:00.276-0700] {dag.py:3239} INFO - Sync 1 DAGs
[2025-02-09T19:07:00.281-0700] {logging_mixin.py:190} INFO - [2025-02-09T19:07:00.281-0700] {dag.py:4180} INFO - Setting next_dagrun for example_python_operator to None, run_after=None
[2025-02-09T19:07:00.289-0700] {processor.py:208} INFO - Processing /Users/pranithjain/Desktop/DE Project/Apache Airflow Project/venv/lib/python3.10/site-packages/airflow/example_dags/example_python_operator.py took 0.138 seconds
[2025-02-09T19:08:37.813-0700] {processor.py:186} INFO - Started process (PID=22308) to work on /Users/pranithjain/Desktop/DE Project/Apache Airflow Project/venv/lib/python3.10/site-packages/airflow/example_dags/example_python_operator.py
[2025-02-09T19:08:37.814-0700] {processor.py:914} INFO - Processing file /Users/pranithjain/Desktop/DE Project/Apache Airflow Project/venv/lib/python3.10/site-packages/airflow/example_dags/example_python_operator.py for tasks to queue
[2025-02-09T19:08:37.814-0700] {logging_mixin.py:190} INFO - [2025-02-09T19:08:37.814-0700] {dagbag.py:588} INFO - Filling up the DagBag from /Users/pranithjain/Desktop/DE Project/Apache Airflow Project/venv/lib/python3.10/site-packages/airflow/example_dags/example_python_operator.py
[2025-02-09T19:08:37.826-0700] {processor.py:925} INFO - DAG(s) 'example_python_operator' retrieved from /Users/pranithjain/Desktop/DE Project/Apache Airflow Project/venv/lib/python3.10/site-packages/airflow/example_dags/example_python_operator.py
[2025-02-09T19:08:37.930-0700] {logging_mixin.py:190} INFO - [2025-02-09T19:08:37.929-0700] {dag.py:3239} INFO - Sync 1 DAGs
[2025-02-09T19:08:37.934-0700] {logging_mixin.py:190} INFO - [2025-02-09T19:08:37.934-0700] {dag.py:4180} INFO - Setting next_dagrun for example_python_operator to None, run_after=None
[2025-02-09T19:08:37.941-0700] {processor.py:208} INFO - Processing /Users/pranithjain/Desktop/DE Project/Apache Airflow Project/venv/lib/python3.10/site-packages/airflow/example_dags/example_python_operator.py took 0.130 seconds
[2025-02-09T19:13:30.070-0700] {processor.py:186} INFO - Started process (PID=23161) to work on /Users/pranithjain/Desktop/DE Project/Apache Airflow Project/venv/lib/python3.10/site-packages/airflow/example_dags/example_python_operator.py
[2025-02-09T19:13:30.070-0700] {processor.py:914} INFO - Processing file /Users/pranithjain/Desktop/DE Project/Apache Airflow Project/venv/lib/python3.10/site-packages/airflow/example_dags/example_python_operator.py for tasks to queue
[2025-02-09T19:13:30.071-0700] {logging_mixin.py:190} INFO - [2025-02-09T19:13:30.070-0700] {dagbag.py:588} INFO - Filling up the DagBag from /Users/pranithjain/Desktop/DE Project/Apache Airflow Project/venv/lib/python3.10/site-packages/airflow/example_dags/example_python_operator.py
[2025-02-09T19:13:30.082-0700] {processor.py:925} INFO - DAG(s) 'example_python_operator' retrieved from /Users/pranithjain/Desktop/DE Project/Apache Airflow Project/venv/lib/python3.10/site-packages/airflow/example_dags/example_python_operator.py
[2025-02-09T19:13:30.184-0700] {logging_mixin.py:190} INFO - [2025-02-09T19:13:30.184-0700] {dag.py:3239} INFO - Sync 1 DAGs
[2025-02-09T19:13:30.188-0700] {logging_mixin.py:190} INFO - [2025-02-09T19:13:30.188-0700] {dag.py:4180} INFO - Setting next_dagrun for example_python_operator to None, run_after=None
[2025-02-09T19:13:30.195-0700] {processor.py:208} INFO - Processing /Users/pranithjain/Desktop/DE Project/Apache Airflow Project/venv/lib/python3.10/site-packages/airflow/example_dags/example_python_operator.py took 0.127 seconds
[2025-02-09T19:15:12.625-0700] {processor.py:186} INFO - Started process (PID=23475) to work on /Users/pranithjain/Desktop/DE Project/Apache Airflow Project/venv/lib/python3.10/site-packages/airflow/example_dags/example_python_operator.py
[2025-02-09T19:15:12.625-0700] {processor.py:914} INFO - Processing file /Users/pranithjain/Desktop/DE Project/Apache Airflow Project/venv/lib/python3.10/site-packages/airflow/example_dags/example_python_operator.py for tasks to queue
[2025-02-09T19:15:12.626-0700] {logging_mixin.py:190} INFO - [2025-02-09T19:15:12.626-0700] {dagbag.py:588} INFO - Filling up the DagBag from /Users/pranithjain/Desktop/DE Project/Apache Airflow Project/venv/lib/python3.10/site-packages/airflow/example_dags/example_python_operator.py
[2025-02-09T19:15:12.638-0700] {processor.py:925} INFO - DAG(s) 'example_python_operator' retrieved from /Users/pranithjain/Desktop/DE Project/Apache Airflow Project/venv/lib/python3.10/site-packages/airflow/example_dags/example_python_operator.py
[2025-02-09T19:15:12.739-0700] {logging_mixin.py:190} INFO - [2025-02-09T19:15:12.739-0700] {dag.py:3239} INFO - Sync 1 DAGs
[2025-02-09T19:15:12.743-0700] {logging_mixin.py:190} INFO - [2025-02-09T19:15:12.743-0700] {dag.py:4180} INFO - Setting next_dagrun for example_python_operator to None, run_after=None
[2025-02-09T19:15:12.750-0700] {processor.py:208} INFO - Processing /Users/pranithjain/Desktop/DE Project/Apache Airflow Project/venv/lib/python3.10/site-packages/airflow/example_dags/example_python_operator.py took 0.127 seconds
[2025-02-09T19:17:32.260-0700] {processor.py:186} INFO - Started process (PID=23903) to work on /Users/pranithjain/Desktop/DE Project/Apache Airflow Project/venv/lib/python3.10/site-packages/airflow/example_dags/example_python_operator.py
[2025-02-09T19:17:32.261-0700] {processor.py:914} INFO - Processing file /Users/pranithjain/Desktop/DE Project/Apache Airflow Project/venv/lib/python3.10/site-packages/airflow/example_dags/example_python_operator.py for tasks to queue
[2025-02-09T19:17:32.262-0700] {logging_mixin.py:190} INFO - [2025-02-09T19:17:32.261-0700] {dagbag.py:588} INFO - Filling up the DagBag from /Users/pranithjain/Desktop/DE Project/Apache Airflow Project/venv/lib/python3.10/site-packages/airflow/example_dags/example_python_operator.py
[2025-02-09T19:17:32.274-0700] {processor.py:925} INFO - DAG(s) 'example_python_operator' retrieved from /Users/pranithjain/Desktop/DE Project/Apache Airflow Project/venv/lib/python3.10/site-packages/airflow/example_dags/example_python_operator.py
[2025-02-09T19:17:32.373-0700] {logging_mixin.py:190} INFO - [2025-02-09T19:17:32.373-0700] {dag.py:3239} INFO - Sync 1 DAGs
[2025-02-09T19:17:32.377-0700] {logging_mixin.py:190} INFO - [2025-02-09T19:17:32.377-0700] {dag.py:4180} INFO - Setting next_dagrun for example_python_operator to None, run_after=None
[2025-02-09T19:17:32.385-0700] {processor.py:208} INFO - Processing /Users/pranithjain/Desktop/DE Project/Apache Airflow Project/venv/lib/python3.10/site-packages/airflow/example_dags/example_python_operator.py took 0.127 seconds
[2025-02-09T19:19:58.565-0700] {processor.py:186} INFO - Started process (PID=24353) to work on /Users/pranithjain/Desktop/DE Project/Apache Airflow Project/venv/lib/python3.10/site-packages/airflow/example_dags/example_python_operator.py
[2025-02-09T19:19:58.565-0700] {processor.py:914} INFO - Processing file /Users/pranithjain/Desktop/DE Project/Apache Airflow Project/venv/lib/python3.10/site-packages/airflow/example_dags/example_python_operator.py for tasks to queue
[2025-02-09T19:19:58.566-0700] {logging_mixin.py:190} INFO - [2025-02-09T19:19:58.566-0700] {dagbag.py:588} INFO - Filling up the DagBag from /Users/pranithjain/Desktop/DE Project/Apache Airflow Project/venv/lib/python3.10/site-packages/airflow/example_dags/example_python_operator.py
[2025-02-09T19:19:58.579-0700] {processor.py:925} INFO - DAG(s) 'example_python_operator' retrieved from /Users/pranithjain/Desktop/DE Project/Apache Airflow Project/venv/lib/python3.10/site-packages/airflow/example_dags/example_python_operator.py
[2025-02-09T19:19:58.684-0700] {logging_mixin.py:190} INFO - [2025-02-09T19:19:58.684-0700] {dag.py:3239} INFO - Sync 1 DAGs
[2025-02-09T19:19:58.688-0700] {logging_mixin.py:190} INFO - [2025-02-09T19:19:58.688-0700] {dag.py:4180} INFO - Setting next_dagrun for example_python_operator to None, run_after=None
[2025-02-09T19:19:58.695-0700] {processor.py:208} INFO - Processing /Users/pranithjain/Desktop/DE Project/Apache Airflow Project/venv/lib/python3.10/site-packages/airflow/example_dags/example_python_operator.py took 0.132 seconds
[2025-02-09T19:22:26.613-0700] {processor.py:186} INFO - Started process (PID=24894) to work on /Users/pranithjain/Desktop/DE Project/Apache Airflow Project/venv/lib/python3.10/site-packages/airflow/example_dags/example_python_operator.py
[2025-02-09T19:22:26.613-0700] {processor.py:914} INFO - Processing file /Users/pranithjain/Desktop/DE Project/Apache Airflow Project/venv/lib/python3.10/site-packages/airflow/example_dags/example_python_operator.py for tasks to queue
[2025-02-09T19:22:26.614-0700] {logging_mixin.py:190} INFO - [2025-02-09T19:22:26.614-0700] {dagbag.py:588} INFO - Filling up the DagBag from /Users/pranithjain/Desktop/DE Project/Apache Airflow Project/venv/lib/python3.10/site-packages/airflow/example_dags/example_python_operator.py
[2025-02-09T19:22:26.626-0700] {processor.py:925} INFO - DAG(s) 'example_python_operator' retrieved from /Users/pranithjain/Desktop/DE Project/Apache Airflow Project/venv/lib/python3.10/site-packages/airflow/example_dags/example_python_operator.py
[2025-02-09T19:22:26.738-0700] {logging_mixin.py:190} INFO - [2025-02-09T19:22:26.738-0700] {dag.py:3239} INFO - Sync 1 DAGs
[2025-02-09T19:22:26.742-0700] {logging_mixin.py:190} INFO - [2025-02-09T19:22:26.742-0700] {dag.py:4180} INFO - Setting next_dagrun for example_python_operator to None, run_after=None
[2025-02-09T19:22:26.751-0700] {processor.py:208} INFO - Processing /Users/pranithjain/Desktop/DE Project/Apache Airflow Project/venv/lib/python3.10/site-packages/airflow/example_dags/example_python_operator.py took 0.140 seconds
[2025-02-09T19:24:43.422-0700] {processor.py:186} INFO - Started process (PID=25317) to work on /Users/pranithjain/Desktop/DE Project/Apache Airflow Project/venv/lib/python3.10/site-packages/airflow/example_dags/example_python_operator.py
[2025-02-09T19:24:43.423-0700] {processor.py:914} INFO - Processing file /Users/pranithjain/Desktop/DE Project/Apache Airflow Project/venv/lib/python3.10/site-packages/airflow/example_dags/example_python_operator.py for tasks to queue
[2025-02-09T19:24:43.423-0700] {logging_mixin.py:190} INFO - [2025-02-09T19:24:43.423-0700] {dagbag.py:588} INFO - Filling up the DagBag from /Users/pranithjain/Desktop/DE Project/Apache Airflow Project/venv/lib/python3.10/site-packages/airflow/example_dags/example_python_operator.py
[2025-02-09T19:24:43.435-0700] {processor.py:925} INFO - DAG(s) 'example_python_operator' retrieved from /Users/pranithjain/Desktop/DE Project/Apache Airflow Project/venv/lib/python3.10/site-packages/airflow/example_dags/example_python_operator.py
[2025-02-09T19:24:43.536-0700] {logging_mixin.py:190} INFO - [2025-02-09T19:24:43.536-0700] {dag.py:3239} INFO - Sync 1 DAGs
[2025-02-09T19:24:43.540-0700] {logging_mixin.py:190} INFO - [2025-02-09T19:24:43.540-0700] {dag.py:4180} INFO - Setting next_dagrun for example_python_operator to None, run_after=None
[2025-02-09T19:24:43.547-0700] {processor.py:208} INFO - Processing /Users/pranithjain/Desktop/DE Project/Apache Airflow Project/venv/lib/python3.10/site-packages/airflow/example_dags/example_python_operator.py took 0.127 seconds
[2025-02-09T19:27:03.152-0700] {processor.py:186} INFO - Started process (PID=25865) to work on /Users/pranithjain/Desktop/DE Project/Apache Airflow Project/venv/lib/python3.10/site-packages/airflow/example_dags/example_python_operator.py
[2025-02-09T19:27:03.154-0700] {processor.py:914} INFO - Processing file /Users/pranithjain/Desktop/DE Project/Apache Airflow Project/venv/lib/python3.10/site-packages/airflow/example_dags/example_python_operator.py for tasks to queue
[2025-02-09T19:27:03.154-0700] {logging_mixin.py:190} INFO - [2025-02-09T19:27:03.154-0700] {dagbag.py:588} INFO - Filling up the DagBag from /Users/pranithjain/Desktop/DE Project/Apache Airflow Project/venv/lib/python3.10/site-packages/airflow/example_dags/example_python_operator.py
[2025-02-09T19:27:03.168-0700] {processor.py:925} INFO - DAG(s) 'example_python_operator' retrieved from /Users/pranithjain/Desktop/DE Project/Apache Airflow Project/venv/lib/python3.10/site-packages/airflow/example_dags/example_python_operator.py
[2025-02-09T19:27:03.281-0700] {logging_mixin.py:190} INFO - [2025-02-09T19:27:03.281-0700] {dag.py:3239} INFO - Sync 1 DAGs
[2025-02-09T19:27:03.286-0700] {logging_mixin.py:190} INFO - [2025-02-09T19:27:03.286-0700] {dag.py:4180} INFO - Setting next_dagrun for example_python_operator to None, run_after=None
[2025-02-09T19:27:03.293-0700] {processor.py:208} INFO - Processing /Users/pranithjain/Desktop/DE Project/Apache Airflow Project/venv/lib/python3.10/site-packages/airflow/example_dags/example_python_operator.py took 0.143 seconds
[2025-02-09T19:28:54.909-0700] {processor.py:186} INFO - Started process (PID=26232) to work on /Users/pranithjain/Desktop/DE Project/Apache Airflow Project/venv/lib/python3.10/site-packages/airflow/example_dags/example_python_operator.py
[2025-02-09T19:28:54.910-0700] {processor.py:914} INFO - Processing file /Users/pranithjain/Desktop/DE Project/Apache Airflow Project/venv/lib/python3.10/site-packages/airflow/example_dags/example_python_operator.py for tasks to queue
[2025-02-09T19:28:54.911-0700] {logging_mixin.py:190} INFO - [2025-02-09T19:28:54.911-0700] {dagbag.py:588} INFO - Filling up the DagBag from /Users/pranithjain/Desktop/DE Project/Apache Airflow Project/venv/lib/python3.10/site-packages/airflow/example_dags/example_python_operator.py
[2025-02-09T19:28:54.923-0700] {processor.py:925} INFO - DAG(s) 'example_python_operator' retrieved from /Users/pranithjain/Desktop/DE Project/Apache Airflow Project/venv/lib/python3.10/site-packages/airflow/example_dags/example_python_operator.py
[2025-02-09T19:28:55.039-0700] {logging_mixin.py:190} INFO - [2025-02-09T19:28:55.039-0700] {dag.py:3239} INFO - Sync 1 DAGs
[2025-02-09T19:28:55.043-0700] {logging_mixin.py:190} INFO - [2025-02-09T19:28:55.043-0700] {dag.py:4180} INFO - Setting next_dagrun for example_python_operator to None, run_after=None
[2025-02-09T19:28:55.050-0700] {processor.py:208} INFO - Processing /Users/pranithjain/Desktop/DE Project/Apache Airflow Project/venv/lib/python3.10/site-packages/airflow/example_dags/example_python_operator.py took 0.143 seconds
