[2025-02-09T18:47:45.003-0700] {processor.py:186} INFO - Started process (PID=18693) to work on /Users/pranithjain/Desktop/DE Project/Apache Airflow Project/venv/lib/python3.10/site-packages/airflow/example_dags/example_xcomargs.py
[2025-02-09T18:47:45.004-0700] {processor.py:914} INFO - Processing file /Users/pranithjain/Desktop/DE Project/Apache Airflow Project/venv/lib/python3.10/site-packages/airflow/example_dags/example_xcomargs.py for tasks to queue
[2025-02-09T18:47:45.004-0700] {logging_mixin.py:190} INFO - [2025-02-09T18:47:45.004-0700] {dagbag.py:588} INFO - Filling up the DagBag from /Users/pranithjain/Desktop/DE Project/Apache Airflow Project/venv/lib/python3.10/site-packages/airflow/example_dags/example_xcomargs.py
[2025-02-09T18:47:45.020-0700] {processor.py:925} INFO - DAG(s) 'example_xcom_args_with_operators', 'example_xcom_args' retrieved from /Users/pranithjain/Desktop/DE Project/Apache Airflow Project/venv/lib/python3.10/site-packages/airflow/example_dags/example_xcomargs.py
[2025-02-09T18:47:45.119-0700] {logging_mixin.py:190} INFO - [2025-02-09T18:47:45.119-0700] {override.py:1930} INFO - Created Permission View: can delete on DAG:example_xcom_args_with_operators
[2025-02-09T18:47:45.123-0700] {logging_mixin.py:190} INFO - [2025-02-09T18:47:45.122-0700] {override.py:1930} INFO - Created Permission View: can edit on DAG:example_xcom_args_with_operators
[2025-02-09T18:47:45.125-0700] {logging_mixin.py:190} INFO - [2025-02-09T18:47:45.124-0700] {override.py:1930} INFO - Created Permission View: can read on DAG:example_xcom_args_with_operators
[2025-02-09T18:47:45.127-0700] {logging_mixin.py:190} INFO - [2025-02-09T18:47:45.127-0700] {override.py:1930} INFO - Created Permission View: can delete on DAG Run:example_xcom_args_with_operators
[2025-02-09T18:47:45.129-0700] {logging_mixin.py:190} INFO - [2025-02-09T18:47:45.129-0700] {override.py:1930} INFO - Created Permission View: can read on DAG Run:example_xcom_args_with_operators
[2025-02-09T18:47:45.131-0700] {logging_mixin.py:190} INFO - [2025-02-09T18:47:45.131-0700] {override.py:1930} INFO - Created Permission View: can create on DAG Run:example_xcom_args_with_operators
[2025-02-09T18:47:45.133-0700] {logging_mixin.py:190} INFO - [2025-02-09T18:47:45.133-0700] {override.py:1930} INFO - Created Permission View: menu access on DAG Run:example_xcom_args_with_operators
[2025-02-09T18:47:45.137-0700] {logging_mixin.py:190} INFO - [2025-02-09T18:47:45.137-0700] {override.py:1930} INFO - Created Permission View: can delete on DAG:example_xcom_args
[2025-02-09T18:47:45.139-0700] {logging_mixin.py:190} INFO - [2025-02-09T18:47:45.139-0700] {override.py:1930} INFO - Created Permission View: can edit on DAG:example_xcom_args
[2025-02-09T18:47:45.141-0700] {logging_mixin.py:190} INFO - [2025-02-09T18:47:45.141-0700] {override.py:1930} INFO - Created Permission View: can read on DAG:example_xcom_args
[2025-02-09T18:47:45.144-0700] {logging_mixin.py:190} INFO - [2025-02-09T18:47:45.143-0700] {override.py:1930} INFO - Created Permission View: can delete on DAG Run:example_xcom_args
[2025-02-09T18:47:45.146-0700] {logging_mixin.py:190} INFO - [2025-02-09T18:47:45.145-0700] {override.py:1930} INFO - Created Permission View: can read on DAG Run:example_xcom_args
[2025-02-09T18:47:45.147-0700] {logging_mixin.py:190} INFO - [2025-02-09T18:47:45.147-0700] {override.py:1930} INFO - Created Permission View: can create on DAG Run:example_xcom_args
[2025-02-09T18:47:45.149-0700] {logging_mixin.py:190} INFO - [2025-02-09T18:47:45.149-0700] {override.py:1930} INFO - Created Permission View: menu access on DAG Run:example_xcom_args
[2025-02-09T18:47:45.150-0700] {logging_mixin.py:190} INFO - [2025-02-09T18:47:45.149-0700] {dag.py:3239} INFO - Sync 2 DAGs
[2025-02-09T18:47:45.154-0700] {logging_mixin.py:190} INFO - [2025-02-09T18:47:45.154-0700] {dag.py:3262} INFO - Creating ORM DAG for example_xcom_args
[2025-02-09T18:47:45.154-0700] {logging_mixin.py:190} INFO - [2025-02-09T18:47:45.154-0700] {dag.py:3262} INFO - Creating ORM DAG for example_xcom_args_with_operators
[2025-02-09T18:47:45.154-0700] {logging_mixin.py:190} INFO - [2025-02-09T18:47:45.154-0700] {dag.py:4180} INFO - Setting next_dagrun for example_xcom_args to None, run_after=None
[2025-02-09T18:47:45.155-0700] {logging_mixin.py:190} INFO - [2025-02-09T18:47:45.155-0700] {dag.py:4180} INFO - Setting next_dagrun for example_xcom_args_with_operators to None, run_after=None
[2025-02-09T18:47:45.161-0700] {processor.py:208} INFO - Processing /Users/pranithjain/Desktop/DE Project/Apache Airflow Project/venv/lib/python3.10/site-packages/airflow/example_dags/example_xcomargs.py took 0.159 seconds
[2025-02-09T18:49:28.330-0700] {processor.py:186} INFO - Started process (PID=19087) to work on /Users/pranithjain/Desktop/DE Project/Apache Airflow Project/venv/lib/python3.10/site-packages/airflow/example_dags/example_xcomargs.py
[2025-02-09T18:49:28.330-0700] {processor.py:914} INFO - Processing file /Users/pranithjain/Desktop/DE Project/Apache Airflow Project/venv/lib/python3.10/site-packages/airflow/example_dags/example_xcomargs.py for tasks to queue
[2025-02-09T18:49:28.330-0700] {logging_mixin.py:190} INFO - [2025-02-09T18:49:28.330-0700] {dagbag.py:588} INFO - Filling up the DagBag from /Users/pranithjain/Desktop/DE Project/Apache Airflow Project/venv/lib/python3.10/site-packages/airflow/example_dags/example_xcomargs.py
[2025-02-09T18:49:28.346-0700] {processor.py:925} INFO - DAG(s) 'example_xcom_args_with_operators', 'example_xcom_args' retrieved from /Users/pranithjain/Desktop/DE Project/Apache Airflow Project/venv/lib/python3.10/site-packages/airflow/example_dags/example_xcomargs.py
[2025-02-09T18:49:28.413-0700] {logging_mixin.py:190} INFO - [2025-02-09T18:49:28.413-0700] {dag.py:3239} INFO - Sync 2 DAGs
[2025-02-09T18:49:28.417-0700] {logging_mixin.py:190} INFO - [2025-02-09T18:49:28.417-0700] {dag.py:4180} INFO - Setting next_dagrun for example_xcom_args to None, run_after=None
[2025-02-09T18:49:28.419-0700] {logging_mixin.py:190} INFO - [2025-02-09T18:49:28.418-0700] {dag.py:4180} INFO - Setting next_dagrun for example_xcom_args_with_operators to None, run_after=None
[2025-02-09T18:49:28.425-0700] {processor.py:208} INFO - Processing /Users/pranithjain/Desktop/DE Project/Apache Airflow Project/venv/lib/python3.10/site-packages/airflow/example_dags/example_xcomargs.py took 0.096 seconds
[2025-02-09T18:50:42.535-0700] {processor.py:186} INFO - Started process (PID=19320) to work on /Users/pranithjain/Desktop/DE Project/Apache Airflow Project/venv/lib/python3.10/site-packages/airflow/example_dags/example_xcomargs.py
[2025-02-09T18:50:42.537-0700] {processor.py:914} INFO - Processing file /Users/pranithjain/Desktop/DE Project/Apache Airflow Project/venv/lib/python3.10/site-packages/airflow/example_dags/example_xcomargs.py for tasks to queue
[2025-02-09T18:50:42.537-0700] {logging_mixin.py:190} INFO - [2025-02-09T18:50:42.537-0700] {dagbag.py:588} INFO - Filling up the DagBag from /Users/pranithjain/Desktop/DE Project/Apache Airflow Project/venv/lib/python3.10/site-packages/airflow/example_dags/example_xcomargs.py
[2025-02-09T18:50:42.554-0700] {processor.py:925} INFO - DAG(s) 'example_xcom_args_with_operators', 'example_xcom_args' retrieved from /Users/pranithjain/Desktop/DE Project/Apache Airflow Project/venv/lib/python3.10/site-packages/airflow/example_dags/example_xcomargs.py
[2025-02-09T18:50:42.625-0700] {logging_mixin.py:190} INFO - [2025-02-09T18:50:42.625-0700] {dag.py:3239} INFO - Sync 2 DAGs
[2025-02-09T18:50:42.630-0700] {logging_mixin.py:190} INFO - [2025-02-09T18:50:42.630-0700] {dag.py:4180} INFO - Setting next_dagrun for example_xcom_args to None, run_after=None
[2025-02-09T18:50:42.632-0700] {logging_mixin.py:190} INFO - [2025-02-09T18:50:42.632-0700] {dag.py:4180} INFO - Setting next_dagrun for example_xcom_args_with_operators to None, run_after=None
[2025-02-09T18:50:42.639-0700] {processor.py:208} INFO - Processing /Users/pranithjain/Desktop/DE Project/Apache Airflow Project/venv/lib/python3.10/site-packages/airflow/example_dags/example_xcomargs.py took 0.105 seconds
[2025-02-09T18:51:52.702-0700] {processor.py:186} INFO - Started process (PID=19536) to work on /Users/pranithjain/Desktop/DE Project/Apache Airflow Project/venv/lib/python3.10/site-packages/airflow/example_dags/example_xcomargs.py
[2025-02-09T18:51:52.702-0700] {processor.py:914} INFO - Processing file /Users/pranithjain/Desktop/DE Project/Apache Airflow Project/venv/lib/python3.10/site-packages/airflow/example_dags/example_xcomargs.py for tasks to queue
[2025-02-09T18:51:52.703-0700] {logging_mixin.py:190} INFO - [2025-02-09T18:51:52.702-0700] {dagbag.py:588} INFO - Filling up the DagBag from /Users/pranithjain/Desktop/DE Project/Apache Airflow Project/venv/lib/python3.10/site-packages/airflow/example_dags/example_xcomargs.py
[2025-02-09T18:51:52.719-0700] {processor.py:925} INFO - DAG(s) 'example_xcom_args', 'example_xcom_args_with_operators' retrieved from /Users/pranithjain/Desktop/DE Project/Apache Airflow Project/venv/lib/python3.10/site-packages/airflow/example_dags/example_xcomargs.py
[2025-02-09T18:51:52.789-0700] {logging_mixin.py:190} INFO - [2025-02-09T18:51:52.789-0700] {dag.py:3239} INFO - Sync 2 DAGs
[2025-02-09T18:51:52.794-0700] {logging_mixin.py:190} INFO - [2025-02-09T18:51:52.794-0700] {dag.py:4180} INFO - Setting next_dagrun for example_xcom_args to None, run_after=None
[2025-02-09T18:51:52.795-0700] {logging_mixin.py:190} INFO - [2025-02-09T18:51:52.795-0700] {dag.py:4180} INFO - Setting next_dagrun for example_xcom_args_with_operators to None, run_after=None
[2025-02-09T18:51:52.802-0700] {processor.py:208} INFO - Processing /Users/pranithjain/Desktop/DE Project/Apache Airflow Project/venv/lib/python3.10/site-packages/airflow/example_dags/example_xcomargs.py took 0.102 seconds
[2025-02-09T18:52:53.468-0700] {processor.py:186} INFO - Started process (PID=19735) to work on /Users/pranithjain/Desktop/DE Project/Apache Airflow Project/venv/lib/python3.10/site-packages/airflow/example_dags/example_xcomargs.py
[2025-02-09T18:52:53.469-0700] {processor.py:914} INFO - Processing file /Users/pranithjain/Desktop/DE Project/Apache Airflow Project/venv/lib/python3.10/site-packages/airflow/example_dags/example_xcomargs.py for tasks to queue
[2025-02-09T18:52:53.470-0700] {logging_mixin.py:190} INFO - [2025-02-09T18:52:53.469-0700] {dagbag.py:588} INFO - Filling up the DagBag from /Users/pranithjain/Desktop/DE Project/Apache Airflow Project/venv/lib/python3.10/site-packages/airflow/example_dags/example_xcomargs.py
[2025-02-09T18:52:53.485-0700] {processor.py:925} INFO - DAG(s) 'example_xcom_args', 'example_xcom_args_with_operators' retrieved from /Users/pranithjain/Desktop/DE Project/Apache Airflow Project/venv/lib/python3.10/site-packages/airflow/example_dags/example_xcomargs.py
[2025-02-09T18:52:53.551-0700] {logging_mixin.py:190} INFO - [2025-02-09T18:52:53.551-0700] {dag.py:3239} INFO - Sync 2 DAGs
[2025-02-09T18:52:53.556-0700] {logging_mixin.py:190} INFO - [2025-02-09T18:52:53.555-0700] {dag.py:4180} INFO - Setting next_dagrun for example_xcom_args to None, run_after=None
[2025-02-09T18:52:53.557-0700] {logging_mixin.py:190} INFO - [2025-02-09T18:52:53.557-0700] {dag.py:4180} INFO - Setting next_dagrun for example_xcom_args_with_operators to None, run_after=None
[2025-02-09T18:52:53.563-0700] {processor.py:208} INFO - Processing /Users/pranithjain/Desktop/DE Project/Apache Airflow Project/venv/lib/python3.10/site-packages/airflow/example_dags/example_xcomargs.py took 0.097 seconds
[2025-02-09T18:54:35.451-0700] {processor.py:186} INFO - Started process (PID=20050) to work on /Users/pranithjain/Desktop/DE Project/Apache Airflow Project/venv/lib/python3.10/site-packages/airflow/example_dags/example_xcomargs.py
[2025-02-09T18:54:35.451-0700] {processor.py:914} INFO - Processing file /Users/pranithjain/Desktop/DE Project/Apache Airflow Project/venv/lib/python3.10/site-packages/airflow/example_dags/example_xcomargs.py for tasks to queue
[2025-02-09T18:54:35.452-0700] {logging_mixin.py:190} INFO - [2025-02-09T18:54:35.452-0700] {dagbag.py:588} INFO - Filling up the DagBag from /Users/pranithjain/Desktop/DE Project/Apache Airflow Project/venv/lib/python3.10/site-packages/airflow/example_dags/example_xcomargs.py
[2025-02-09T18:54:35.468-0700] {processor.py:925} INFO - DAG(s) 'example_xcom_args_with_operators', 'example_xcom_args' retrieved from /Users/pranithjain/Desktop/DE Project/Apache Airflow Project/venv/lib/python3.10/site-packages/airflow/example_dags/example_xcomargs.py
[2025-02-09T18:54:35.534-0700] {logging_mixin.py:190} INFO - [2025-02-09T18:54:35.534-0700] {dag.py:3239} INFO - Sync 2 DAGs
[2025-02-09T18:54:35.539-0700] {logging_mixin.py:190} INFO - [2025-02-09T18:54:35.539-0700] {dag.py:4180} INFO - Setting next_dagrun for example_xcom_args to None, run_after=None
[2025-02-09T18:54:35.540-0700] {logging_mixin.py:190} INFO - [2025-02-09T18:54:35.540-0700] {dag.py:4180} INFO - Setting next_dagrun for example_xcom_args_with_operators to None, run_after=None
[2025-02-09T18:54:35.547-0700] {processor.py:208} INFO - Processing /Users/pranithjain/Desktop/DE Project/Apache Airflow Project/venv/lib/python3.10/site-packages/airflow/example_dags/example_xcomargs.py took 0.098 seconds
[2025-02-09T18:55:48.168-0700] {processor.py:186} INFO - Started process (PID=20269) to work on /Users/pranithjain/Desktop/DE Project/Apache Airflow Project/venv/lib/python3.10/site-packages/airflow/example_dags/example_xcomargs.py
[2025-02-09T18:55:48.168-0700] {processor.py:914} INFO - Processing file /Users/pranithjain/Desktop/DE Project/Apache Airflow Project/venv/lib/python3.10/site-packages/airflow/example_dags/example_xcomargs.py for tasks to queue
[2025-02-09T18:55:48.169-0700] {logging_mixin.py:190} INFO - [2025-02-09T18:55:48.169-0700] {dagbag.py:588} INFO - Filling up the DagBag from /Users/pranithjain/Desktop/DE Project/Apache Airflow Project/venv/lib/python3.10/site-packages/airflow/example_dags/example_xcomargs.py
[2025-02-09T18:55:48.185-0700] {processor.py:925} INFO - DAG(s) 'example_xcom_args_with_operators', 'example_xcom_args' retrieved from /Users/pranithjain/Desktop/DE Project/Apache Airflow Project/venv/lib/python3.10/site-packages/airflow/example_dags/example_xcomargs.py
[2025-02-09T18:55:48.252-0700] {logging_mixin.py:190} INFO - [2025-02-09T18:55:48.251-0700] {dag.py:3239} INFO - Sync 2 DAGs
[2025-02-09T18:55:48.256-0700] {logging_mixin.py:190} INFO - [2025-02-09T18:55:48.256-0700] {dag.py:4180} INFO - Setting next_dagrun for example_xcom_args to None, run_after=None
[2025-02-09T18:55:48.257-0700] {logging_mixin.py:190} INFO - [2025-02-09T18:55:48.257-0700] {dag.py:4180} INFO - Setting next_dagrun for example_xcom_args_with_operators to None, run_after=None
[2025-02-09T18:55:48.264-0700] {processor.py:208} INFO - Processing /Users/pranithjain/Desktop/DE Project/Apache Airflow Project/venv/lib/python3.10/site-packages/airflow/example_dags/example_xcomargs.py took 0.098 seconds
[2025-02-09T18:57:01.898-0700] {processor.py:186} INFO - Started process (PID=20507) to work on /Users/pranithjain/Desktop/DE Project/Apache Airflow Project/venv/lib/python3.10/site-packages/airflow/example_dags/example_xcomargs.py
[2025-02-09T18:57:01.899-0700] {processor.py:914} INFO - Processing file /Users/pranithjain/Desktop/DE Project/Apache Airflow Project/venv/lib/python3.10/site-packages/airflow/example_dags/example_xcomargs.py for tasks to queue
[2025-02-09T18:57:01.899-0700] {logging_mixin.py:190} INFO - [2025-02-09T18:57:01.899-0700] {dagbag.py:588} INFO - Filling up the DagBag from /Users/pranithjain/Desktop/DE Project/Apache Airflow Project/venv/lib/python3.10/site-packages/airflow/example_dags/example_xcomargs.py
[2025-02-09T18:57:01.916-0700] {processor.py:925} INFO - DAG(s) 'example_xcom_args', 'example_xcom_args_with_operators' retrieved from /Users/pranithjain/Desktop/DE Project/Apache Airflow Project/venv/lib/python3.10/site-packages/airflow/example_dags/example_xcomargs.py
[2025-02-09T18:57:01.987-0700] {logging_mixin.py:190} INFO - [2025-02-09T18:57:01.987-0700] {dag.py:3239} INFO - Sync 2 DAGs
[2025-02-09T18:57:01.992-0700] {logging_mixin.py:190} INFO - [2025-02-09T18:57:01.992-0700] {dag.py:4180} INFO - Setting next_dagrun for example_xcom_args to None, run_after=None
[2025-02-09T18:57:01.993-0700] {logging_mixin.py:190} INFO - [2025-02-09T18:57:01.993-0700] {dag.py:4180} INFO - Setting next_dagrun for example_xcom_args_with_operators to None, run_after=None
[2025-02-09T18:57:02.000-0700] {processor.py:208} INFO - Processing /Users/pranithjain/Desktop/DE Project/Apache Airflow Project/venv/lib/python3.10/site-packages/airflow/example_dags/example_xcomargs.py took 0.104 seconds
[2025-02-09T18:58:14.127-0700] {processor.py:186} INFO - Started process (PID=20723) to work on /Users/pranithjain/Desktop/DE Project/Apache Airflow Project/venv/lib/python3.10/site-packages/airflow/example_dags/example_xcomargs.py
[2025-02-09T18:58:14.128-0700] {processor.py:914} INFO - Processing file /Users/pranithjain/Desktop/DE Project/Apache Airflow Project/venv/lib/python3.10/site-packages/airflow/example_dags/example_xcomargs.py for tasks to queue
[2025-02-09T18:58:14.128-0700] {logging_mixin.py:190} INFO - [2025-02-09T18:58:14.128-0700] {dagbag.py:588} INFO - Filling up the DagBag from /Users/pranithjain/Desktop/DE Project/Apache Airflow Project/venv/lib/python3.10/site-packages/airflow/example_dags/example_xcomargs.py
[2025-02-09T18:58:14.145-0700] {processor.py:925} INFO - DAG(s) 'example_xcom_args_with_operators', 'example_xcom_args' retrieved from /Users/pranithjain/Desktop/DE Project/Apache Airflow Project/venv/lib/python3.10/site-packages/airflow/example_dags/example_xcomargs.py
[2025-02-09T18:58:14.222-0700] {logging_mixin.py:190} INFO - [2025-02-09T18:58:14.221-0700] {dag.py:3239} INFO - Sync 2 DAGs
[2025-02-09T18:58:14.227-0700] {logging_mixin.py:190} INFO - [2025-02-09T18:58:14.227-0700] {dag.py:4180} INFO - Setting next_dagrun for example_xcom_args to None, run_after=None
[2025-02-09T18:58:14.228-0700] {logging_mixin.py:190} INFO - [2025-02-09T18:58:14.228-0700] {dag.py:4180} INFO - Setting next_dagrun for example_xcom_args_with_operators to None, run_after=None
[2025-02-09T18:58:14.236-0700] {processor.py:208} INFO - Processing /Users/pranithjain/Desktop/DE Project/Apache Airflow Project/venv/lib/python3.10/site-packages/airflow/example_dags/example_xcomargs.py took 0.110 seconds
[2025-02-09T19:06:29.104-0700] {processor.py:186} INFO - Started process (PID=21910) to work on /Users/pranithjain/Desktop/DE Project/Apache Airflow Project/venv/lib/python3.10/site-packages/airflow/example_dags/example_xcomargs.py
[2025-02-09T19:06:29.104-0700] {processor.py:914} INFO - Processing file /Users/pranithjain/Desktop/DE Project/Apache Airflow Project/venv/lib/python3.10/site-packages/airflow/example_dags/example_xcomargs.py for tasks to queue
[2025-02-09T19:06:29.105-0700] {logging_mixin.py:190} INFO - [2025-02-09T19:06:29.104-0700] {dagbag.py:588} INFO - Filling up the DagBag from /Users/pranithjain/Desktop/DE Project/Apache Airflow Project/venv/lib/python3.10/site-packages/airflow/example_dags/example_xcomargs.py
[2025-02-09T19:06:29.121-0700] {processor.py:925} INFO - DAG(s) 'example_xcom_args_with_operators', 'example_xcom_args' retrieved from /Users/pranithjain/Desktop/DE Project/Apache Airflow Project/venv/lib/python3.10/site-packages/airflow/example_dags/example_xcomargs.py
[2025-02-09T19:06:29.199-0700] {logging_mixin.py:190} INFO - [2025-02-09T19:06:29.199-0700] {dag.py:3239} INFO - Sync 2 DAGs
[2025-02-09T19:06:29.204-0700] {logging_mixin.py:190} INFO - [2025-02-09T19:06:29.204-0700] {dag.py:4180} INFO - Setting next_dagrun for example_xcom_args to None, run_after=None
[2025-02-09T19:06:29.205-0700] {logging_mixin.py:190} INFO - [2025-02-09T19:06:29.205-0700] {dag.py:4180} INFO - Setting next_dagrun for example_xcom_args_with_operators to None, run_after=None
[2025-02-09T19:06:29.213-0700] {processor.py:208} INFO - Processing /Users/pranithjain/Desktop/DE Project/Apache Airflow Project/venv/lib/python3.10/site-packages/airflow/example_dags/example_xcomargs.py took 0.111 seconds
[2025-02-09T19:08:08.172-0700] {processor.py:186} INFO - Started process (PID=22215) to work on /Users/pranithjain/Desktop/DE Project/Apache Airflow Project/venv/lib/python3.10/site-packages/airflow/example_dags/example_xcomargs.py
[2025-02-09T19:08:08.172-0700] {processor.py:914} INFO - Processing file /Users/pranithjain/Desktop/DE Project/Apache Airflow Project/venv/lib/python3.10/site-packages/airflow/example_dags/example_xcomargs.py for tasks to queue
[2025-02-09T19:08:08.173-0700] {logging_mixin.py:190} INFO - [2025-02-09T19:08:08.173-0700] {dagbag.py:588} INFO - Filling up the DagBag from /Users/pranithjain/Desktop/DE Project/Apache Airflow Project/venv/lib/python3.10/site-packages/airflow/example_dags/example_xcomargs.py
[2025-02-09T19:08:08.189-0700] {processor.py:925} INFO - DAG(s) 'example_xcom_args', 'example_xcom_args_with_operators' retrieved from /Users/pranithjain/Desktop/DE Project/Apache Airflow Project/venv/lib/python3.10/site-packages/airflow/example_dags/example_xcomargs.py
[2025-02-09T19:08:08.255-0700] {logging_mixin.py:190} INFO - [2025-02-09T19:08:08.255-0700] {dag.py:3239} INFO - Sync 2 DAGs
[2025-02-09T19:08:08.260-0700] {logging_mixin.py:190} INFO - [2025-02-09T19:08:08.260-0700] {dag.py:4180} INFO - Setting next_dagrun for example_xcom_args to None, run_after=None
[2025-02-09T19:08:08.261-0700] {logging_mixin.py:190} INFO - [2025-02-09T19:08:08.261-0700] {dag.py:4180} INFO - Setting next_dagrun for example_xcom_args_with_operators to None, run_after=None
[2025-02-09T19:08:08.267-0700] {processor.py:208} INFO - Processing /Users/pranithjain/Desktop/DE Project/Apache Airflow Project/venv/lib/python3.10/site-packages/airflow/example_dags/example_xcomargs.py took 0.097 seconds
[2025-02-09T19:09:18.389-0700] {processor.py:186} INFO - Started process (PID=22440) to work on /Users/pranithjain/Desktop/DE Project/Apache Airflow Project/venv/lib/python3.10/site-packages/airflow/example_dags/example_xcomargs.py
[2025-02-09T19:09:18.390-0700] {processor.py:914} INFO - Processing file /Users/pranithjain/Desktop/DE Project/Apache Airflow Project/venv/lib/python3.10/site-packages/airflow/example_dags/example_xcomargs.py for tasks to queue
[2025-02-09T19:09:18.390-0700] {logging_mixin.py:190} INFO - [2025-02-09T19:09:18.390-0700] {dagbag.py:588} INFO - Filling up the DagBag from /Users/pranithjain/Desktop/DE Project/Apache Airflow Project/venv/lib/python3.10/site-packages/airflow/example_dags/example_xcomargs.py
[2025-02-09T19:09:18.407-0700] {processor.py:925} INFO - DAG(s) 'example_xcom_args_with_operators', 'example_xcom_args' retrieved from /Users/pranithjain/Desktop/DE Project/Apache Airflow Project/venv/lib/python3.10/site-packages/airflow/example_dags/example_xcomargs.py
[2025-02-09T19:09:18.410-0700] {logging_mixin.py:190} INFO - [2025-02-09T19:09:18.409-0700] {dag.py:3239} INFO - Sync 2 DAGs
[2025-02-09T19:09:18.475-0700] {logging_mixin.py:190} INFO - [2025-02-09T19:09:18.475-0700] {dag.py:4180} INFO - Setting next_dagrun for example_xcom_args to None, run_after=None
[2025-02-09T19:09:18.476-0700] {logging_mixin.py:190} INFO - [2025-02-09T19:09:18.476-0700] {dag.py:4180} INFO - Setting next_dagrun for example_xcom_args_with_operators to None, run_after=None
[2025-02-09T19:09:18.483-0700] {processor.py:208} INFO - Processing /Users/pranithjain/Desktop/DE Project/Apache Airflow Project/venv/lib/python3.10/site-packages/airflow/example_dags/example_xcomargs.py took 0.096 seconds
[2025-02-09T19:10:31.720-0700] {processor.py:186} INFO - Started process (PID=22662) to work on /Users/pranithjain/Desktop/DE Project/Apache Airflow Project/venv/lib/python3.10/site-packages/airflow/example_dags/example_xcomargs.py
[2025-02-09T19:10:31.720-0700] {processor.py:914} INFO - Processing file /Users/pranithjain/Desktop/DE Project/Apache Airflow Project/venv/lib/python3.10/site-packages/airflow/example_dags/example_xcomargs.py for tasks to queue
[2025-02-09T19:10:31.721-0700] {logging_mixin.py:190} INFO - [2025-02-09T19:10:31.721-0700] {dagbag.py:588} INFO - Filling up the DagBag from /Users/pranithjain/Desktop/DE Project/Apache Airflow Project/venv/lib/python3.10/site-packages/airflow/example_dags/example_xcomargs.py
[2025-02-09T19:10:31.737-0700] {processor.py:925} INFO - DAG(s) 'example_xcom_args_with_operators', 'example_xcom_args' retrieved from /Users/pranithjain/Desktop/DE Project/Apache Airflow Project/venv/lib/python3.10/site-packages/airflow/example_dags/example_xcomargs.py
[2025-02-09T19:10:31.842-0700] {logging_mixin.py:190} INFO - [2025-02-09T19:10:31.842-0700] {dag.py:3239} INFO - Sync 2 DAGs
[2025-02-09T19:10:31.846-0700] {logging_mixin.py:190} INFO - [2025-02-09T19:10:31.846-0700] {dag.py:4180} INFO - Setting next_dagrun for example_xcom_args to None, run_after=None
[2025-02-09T19:10:31.847-0700] {logging_mixin.py:190} INFO - [2025-02-09T19:10:31.847-0700] {dag.py:4180} INFO - Setting next_dagrun for example_xcom_args_with_operators to None, run_after=None
[2025-02-09T19:10:31.855-0700] {processor.py:208} INFO - Processing /Users/pranithjain/Desktop/DE Project/Apache Airflow Project/venv/lib/python3.10/site-packages/airflow/example_dags/example_xcomargs.py took 0.137 seconds
[2025-02-09T19:12:59.288-0700] {processor.py:186} INFO - Started process (PID=23066) to work on /Users/pranithjain/Desktop/DE Project/Apache Airflow Project/venv/lib/python3.10/site-packages/airflow/example_dags/example_xcomargs.py
[2025-02-09T19:12:59.289-0700] {processor.py:914} INFO - Processing file /Users/pranithjain/Desktop/DE Project/Apache Airflow Project/venv/lib/python3.10/site-packages/airflow/example_dags/example_xcomargs.py for tasks to queue
[2025-02-09T19:12:59.289-0700] {logging_mixin.py:190} INFO - [2025-02-09T19:12:59.289-0700] {dagbag.py:588} INFO - Filling up the DagBag from /Users/pranithjain/Desktop/DE Project/Apache Airflow Project/venv/lib/python3.10/site-packages/airflow/example_dags/example_xcomargs.py
[2025-02-09T19:12:59.306-0700] {processor.py:925} INFO - DAG(s) 'example_xcom_args', 'example_xcom_args_with_operators' retrieved from /Users/pranithjain/Desktop/DE Project/Apache Airflow Project/venv/lib/python3.10/site-packages/airflow/example_dags/example_xcomargs.py
[2025-02-09T19:12:59.373-0700] {logging_mixin.py:190} INFO - [2025-02-09T19:12:59.373-0700] {dag.py:3239} INFO - Sync 2 DAGs
[2025-02-09T19:12:59.379-0700] {logging_mixin.py:190} INFO - [2025-02-09T19:12:59.379-0700] {dag.py:4180} INFO - Setting next_dagrun for example_xcom_args to None, run_after=None
[2025-02-09T19:12:59.380-0700] {logging_mixin.py:190} INFO - [2025-02-09T19:12:59.380-0700] {dag.py:4180} INFO - Setting next_dagrun for example_xcom_args_with_operators to None, run_after=None
[2025-02-09T19:12:59.386-0700] {processor.py:208} INFO - Processing /Users/pranithjain/Desktop/DE Project/Apache Airflow Project/venv/lib/python3.10/site-packages/airflow/example_dags/example_xcomargs.py took 0.100 seconds
[2025-02-09T19:14:42.483-0700] {processor.py:186} INFO - Started process (PID=23384) to work on /Users/pranithjain/Desktop/DE Project/Apache Airflow Project/venv/lib/python3.10/site-packages/airflow/example_dags/example_xcomargs.py
[2025-02-09T19:14:42.483-0700] {processor.py:914} INFO - Processing file /Users/pranithjain/Desktop/DE Project/Apache Airflow Project/venv/lib/python3.10/site-packages/airflow/example_dags/example_xcomargs.py for tasks to queue
[2025-02-09T19:14:42.484-0700] {logging_mixin.py:190} INFO - [2025-02-09T19:14:42.484-0700] {dagbag.py:588} INFO - Filling up the DagBag from /Users/pranithjain/Desktop/DE Project/Apache Airflow Project/venv/lib/python3.10/site-packages/airflow/example_dags/example_xcomargs.py
[2025-02-09T19:14:42.500-0700] {processor.py:925} INFO - DAG(s) 'example_xcom_args', 'example_xcom_args_with_operators' retrieved from /Users/pranithjain/Desktop/DE Project/Apache Airflow Project/venv/lib/python3.10/site-packages/airflow/example_dags/example_xcomargs.py
[2025-02-09T19:14:42.566-0700] {logging_mixin.py:190} INFO - [2025-02-09T19:14:42.566-0700] {dag.py:3239} INFO - Sync 2 DAGs
[2025-02-09T19:14:42.570-0700] {logging_mixin.py:190} INFO - [2025-02-09T19:14:42.570-0700] {dag.py:4180} INFO - Setting next_dagrun for example_xcom_args to None, run_after=None
[2025-02-09T19:14:42.572-0700] {logging_mixin.py:190} INFO - [2025-02-09T19:14:42.572-0700] {dag.py:4180} INFO - Setting next_dagrun for example_xcom_args_with_operators to None, run_after=None
[2025-02-09T19:14:42.578-0700] {processor.py:208} INFO - Processing /Users/pranithjain/Desktop/DE Project/Apache Airflow Project/venv/lib/python3.10/site-packages/airflow/example_dags/example_xcomargs.py took 0.097 seconds
[2025-02-09T19:15:52.524-0700] {processor.py:186} INFO - Started process (PID=23597) to work on /Users/pranithjain/Desktop/DE Project/Apache Airflow Project/venv/lib/python3.10/site-packages/airflow/example_dags/example_xcomargs.py
[2025-02-09T19:15:52.525-0700] {processor.py:914} INFO - Processing file /Users/pranithjain/Desktop/DE Project/Apache Airflow Project/venv/lib/python3.10/site-packages/airflow/example_dags/example_xcomargs.py for tasks to queue
[2025-02-09T19:15:52.525-0700] {logging_mixin.py:190} INFO - [2025-02-09T19:15:52.525-0700] {dagbag.py:588} INFO - Filling up the DagBag from /Users/pranithjain/Desktop/DE Project/Apache Airflow Project/venv/lib/python3.10/site-packages/airflow/example_dags/example_xcomargs.py
[2025-02-09T19:15:52.541-0700] {processor.py:925} INFO - DAG(s) 'example_xcom_args', 'example_xcom_args_with_operators' retrieved from /Users/pranithjain/Desktop/DE Project/Apache Airflow Project/venv/lib/python3.10/site-packages/airflow/example_dags/example_xcomargs.py
[2025-02-09T19:15:52.608-0700] {logging_mixin.py:190} INFO - [2025-02-09T19:15:52.608-0700] {dag.py:3239} INFO - Sync 2 DAGs
[2025-02-09T19:15:52.612-0700] {logging_mixin.py:190} INFO - [2025-02-09T19:15:52.612-0700] {dag.py:4180} INFO - Setting next_dagrun for example_xcom_args to None, run_after=None
[2025-02-09T19:15:52.614-0700] {logging_mixin.py:190} INFO - [2025-02-09T19:15:52.614-0700] {dag.py:4180} INFO - Setting next_dagrun for example_xcom_args_with_operators to None, run_after=None
[2025-02-09T19:15:52.620-0700] {processor.py:208} INFO - Processing /Users/pranithjain/Desktop/DE Project/Apache Airflow Project/venv/lib/python3.10/site-packages/airflow/example_dags/example_xcomargs.py took 0.097 seconds
[2025-02-09T19:17:02.426-0700] {processor.py:186} INFO - Started process (PID=23814) to work on /Users/pranithjain/Desktop/DE Project/Apache Airflow Project/venv/lib/python3.10/site-packages/airflow/example_dags/example_xcomargs.py
[2025-02-09T19:17:02.427-0700] {processor.py:914} INFO - Processing file /Users/pranithjain/Desktop/DE Project/Apache Airflow Project/venv/lib/python3.10/site-packages/airflow/example_dags/example_xcomargs.py for tasks to queue
[2025-02-09T19:17:02.428-0700] {logging_mixin.py:190} INFO - [2025-02-09T19:17:02.428-0700] {dagbag.py:588} INFO - Filling up the DagBag from /Users/pranithjain/Desktop/DE Project/Apache Airflow Project/venv/lib/python3.10/site-packages/airflow/example_dags/example_xcomargs.py
[2025-02-09T19:17:02.444-0700] {processor.py:925} INFO - DAG(s) 'example_xcom_args', 'example_xcom_args_with_operators' retrieved from /Users/pranithjain/Desktop/DE Project/Apache Airflow Project/venv/lib/python3.10/site-packages/airflow/example_dags/example_xcomargs.py
[2025-02-09T19:17:02.509-0700] {logging_mixin.py:190} INFO - [2025-02-09T19:17:02.509-0700] {dag.py:3239} INFO - Sync 2 DAGs
[2025-02-09T19:17:02.514-0700] {logging_mixin.py:190} INFO - [2025-02-09T19:17:02.514-0700] {dag.py:4180} INFO - Setting next_dagrun for example_xcom_args to None, run_after=None
[2025-02-09T19:17:02.515-0700] {logging_mixin.py:190} INFO - [2025-02-09T19:17:02.515-0700] {dag.py:4180} INFO - Setting next_dagrun for example_xcom_args_with_operators to None, run_after=None
[2025-02-09T19:17:02.522-0700] {processor.py:208} INFO - Processing /Users/pranithjain/Desktop/DE Project/Apache Airflow Project/venv/lib/python3.10/site-packages/airflow/example_dags/example_xcomargs.py took 0.098 seconds
[2025-02-09T19:18:15.120-0700] {processor.py:186} INFO - Started process (PID=24030) to work on /Users/pranithjain/Desktop/DE Project/Apache Airflow Project/venv/lib/python3.10/site-packages/airflow/example_dags/example_xcomargs.py
[2025-02-09T19:18:15.121-0700] {processor.py:914} INFO - Processing file /Users/pranithjain/Desktop/DE Project/Apache Airflow Project/venv/lib/python3.10/site-packages/airflow/example_dags/example_xcomargs.py for tasks to queue
[2025-02-09T19:18:15.121-0700] {logging_mixin.py:190} INFO - [2025-02-09T19:18:15.121-0700] {dagbag.py:588} INFO - Filling up the DagBag from /Users/pranithjain/Desktop/DE Project/Apache Airflow Project/venv/lib/python3.10/site-packages/airflow/example_dags/example_xcomargs.py
[2025-02-09T19:18:15.138-0700] {processor.py:925} INFO - DAG(s) 'example_xcom_args_with_operators', 'example_xcom_args' retrieved from /Users/pranithjain/Desktop/DE Project/Apache Airflow Project/venv/lib/python3.10/site-packages/airflow/example_dags/example_xcomargs.py
[2025-02-09T19:18:15.211-0700] {logging_mixin.py:190} INFO - [2025-02-09T19:18:15.211-0700] {dag.py:3239} INFO - Sync 2 DAGs
[2025-02-09T19:18:15.217-0700] {logging_mixin.py:190} INFO - [2025-02-09T19:18:15.216-0700] {dag.py:4180} INFO - Setting next_dagrun for example_xcom_args to None, run_after=None
[2025-02-09T19:18:15.218-0700] {logging_mixin.py:190} INFO - [2025-02-09T19:18:15.218-0700] {dag.py:4180} INFO - Setting next_dagrun for example_xcom_args_with_operators to None, run_after=None
[2025-02-09T19:18:15.225-0700] {processor.py:208} INFO - Processing /Users/pranithjain/Desktop/DE Project/Apache Airflow Project/venv/lib/python3.10/site-packages/airflow/example_dags/example_xcomargs.py took 0.106 seconds
[2025-02-09T19:19:28.012-0700] {processor.py:186} INFO - Started process (PID=24261) to work on /Users/pranithjain/Desktop/DE Project/Apache Airflow Project/venv/lib/python3.10/site-packages/airflow/example_dags/example_xcomargs.py
[2025-02-09T19:19:28.012-0700] {processor.py:914} INFO - Processing file /Users/pranithjain/Desktop/DE Project/Apache Airflow Project/venv/lib/python3.10/site-packages/airflow/example_dags/example_xcomargs.py for tasks to queue
[2025-02-09T19:19:28.013-0700] {logging_mixin.py:190} INFO - [2025-02-09T19:19:28.013-0700] {dagbag.py:588} INFO - Filling up the DagBag from /Users/pranithjain/Desktop/DE Project/Apache Airflow Project/venv/lib/python3.10/site-packages/airflow/example_dags/example_xcomargs.py
[2025-02-09T19:19:28.029-0700] {processor.py:925} INFO - DAG(s) 'example_xcom_args', 'example_xcom_args_with_operators' retrieved from /Users/pranithjain/Desktop/DE Project/Apache Airflow Project/venv/lib/python3.10/site-packages/airflow/example_dags/example_xcomargs.py
[2025-02-09T19:19:28.095-0700] {logging_mixin.py:190} INFO - [2025-02-09T19:19:28.095-0700] {dag.py:3239} INFO - Sync 2 DAGs
[2025-02-09T19:19:28.100-0700] {logging_mixin.py:190} INFO - [2025-02-09T19:19:28.099-0700] {dag.py:4180} INFO - Setting next_dagrun for example_xcom_args to None, run_after=None
[2025-02-09T19:19:28.101-0700] {logging_mixin.py:190} INFO - [2025-02-09T19:19:28.101-0700] {dag.py:4180} INFO - Setting next_dagrun for example_xcom_args_with_operators to None, run_after=None
[2025-02-09T19:19:28.107-0700] {processor.py:208} INFO - Processing /Users/pranithjain/Desktop/DE Project/Apache Airflow Project/venv/lib/python3.10/site-packages/airflow/example_dags/example_xcomargs.py took 0.097 seconds
[2025-02-09T19:20:41.007-0700] {processor.py:186} INFO - Started process (PID=24481) to work on /Users/pranithjain/Desktop/DE Project/Apache Airflow Project/venv/lib/python3.10/site-packages/airflow/example_dags/example_xcomargs.py
[2025-02-09T19:20:41.007-0700] {processor.py:914} INFO - Processing file /Users/pranithjain/Desktop/DE Project/Apache Airflow Project/venv/lib/python3.10/site-packages/airflow/example_dags/example_xcomargs.py for tasks to queue
[2025-02-09T19:20:41.008-0700] {logging_mixin.py:190} INFO - [2025-02-09T19:20:41.008-0700] {dagbag.py:588} INFO - Filling up the DagBag from /Users/pranithjain/Desktop/DE Project/Apache Airflow Project/venv/lib/python3.10/site-packages/airflow/example_dags/example_xcomargs.py
[2025-02-09T19:20:41.023-0700] {processor.py:925} INFO - DAG(s) 'example_xcom_args', 'example_xcom_args_with_operators' retrieved from /Users/pranithjain/Desktop/DE Project/Apache Airflow Project/venv/lib/python3.10/site-packages/airflow/example_dags/example_xcomargs.py
[2025-02-09T19:20:41.092-0700] {logging_mixin.py:190} INFO - [2025-02-09T19:20:41.092-0700] {dag.py:3239} INFO - Sync 2 DAGs
[2025-02-09T19:20:41.097-0700] {logging_mixin.py:190} INFO - [2025-02-09T19:20:41.097-0700] {dag.py:4180} INFO - Setting next_dagrun for example_xcom_args to None, run_after=None
[2025-02-09T19:20:41.098-0700] {logging_mixin.py:190} INFO - [2025-02-09T19:20:41.098-0700] {dag.py:4180} INFO - Setting next_dagrun for example_xcom_args_with_operators to None, run_after=None
[2025-02-09T19:20:41.105-0700] {processor.py:208} INFO - Processing /Users/pranithjain/Desktop/DE Project/Apache Airflow Project/venv/lib/python3.10/site-packages/airflow/example_dags/example_xcomargs.py took 0.100 seconds
[2025-02-09T19:21:55.379-0700] {processor.py:186} INFO - Started process (PID=24799) to work on /Users/pranithjain/Desktop/DE Project/Apache Airflow Project/venv/lib/python3.10/site-packages/airflow/example_dags/example_xcomargs.py
[2025-02-09T19:21:55.379-0700] {processor.py:914} INFO - Processing file /Users/pranithjain/Desktop/DE Project/Apache Airflow Project/venv/lib/python3.10/site-packages/airflow/example_dags/example_xcomargs.py for tasks to queue
[2025-02-09T19:21:55.380-0700] {logging_mixin.py:190} INFO - [2025-02-09T19:21:55.379-0700] {dagbag.py:588} INFO - Filling up the DagBag from /Users/pranithjain/Desktop/DE Project/Apache Airflow Project/venv/lib/python3.10/site-packages/airflow/example_dags/example_xcomargs.py
[2025-02-09T19:21:55.396-0700] {processor.py:925} INFO - DAG(s) 'example_xcom_args_with_operators', 'example_xcom_args' retrieved from /Users/pranithjain/Desktop/DE Project/Apache Airflow Project/venv/lib/python3.10/site-packages/airflow/example_dags/example_xcomargs.py
[2025-02-09T19:21:55.462-0700] {logging_mixin.py:190} INFO - [2025-02-09T19:21:55.462-0700] {dag.py:3239} INFO - Sync 2 DAGs
[2025-02-09T19:21:55.467-0700] {logging_mixin.py:190} INFO - [2025-02-09T19:21:55.467-0700] {dag.py:4180} INFO - Setting next_dagrun for example_xcom_args to None, run_after=None
[2025-02-09T19:21:55.468-0700] {logging_mixin.py:190} INFO - [2025-02-09T19:21:55.468-0700] {dag.py:4180} INFO - Setting next_dagrun for example_xcom_args_with_operators to None, run_after=None
[2025-02-09T19:21:55.474-0700] {processor.py:208} INFO - Processing /Users/pranithjain/Desktop/DE Project/Apache Airflow Project/venv/lib/python3.10/site-packages/airflow/example_dags/example_xcomargs.py took 0.098 seconds
[2025-02-09T19:23:07.936-0700] {processor.py:186} INFO - Started process (PID=25020) to work on /Users/pranithjain/Desktop/DE Project/Apache Airflow Project/venv/lib/python3.10/site-packages/airflow/example_dags/example_xcomargs.py
[2025-02-09T19:23:07.937-0700] {processor.py:914} INFO - Processing file /Users/pranithjain/Desktop/DE Project/Apache Airflow Project/venv/lib/python3.10/site-packages/airflow/example_dags/example_xcomargs.py for tasks to queue
[2025-02-09T19:23:07.937-0700] {logging_mixin.py:190} INFO - [2025-02-09T19:23:07.937-0700] {dagbag.py:588} INFO - Filling up the DagBag from /Users/pranithjain/Desktop/DE Project/Apache Airflow Project/venv/lib/python3.10/site-packages/airflow/example_dags/example_xcomargs.py
[2025-02-09T19:23:07.954-0700] {processor.py:925} INFO - DAG(s) 'example_xcom_args', 'example_xcom_args_with_operators' retrieved from /Users/pranithjain/Desktop/DE Project/Apache Airflow Project/venv/lib/python3.10/site-packages/airflow/example_dags/example_xcomargs.py
[2025-02-09T19:23:08.019-0700] {logging_mixin.py:190} INFO - [2025-02-09T19:23:08.019-0700] {dag.py:3239} INFO - Sync 2 DAGs
[2025-02-09T19:23:08.024-0700] {logging_mixin.py:190} INFO - [2025-02-09T19:23:08.024-0700] {dag.py:4180} INFO - Setting next_dagrun for example_xcom_args to None, run_after=None
[2025-02-09T19:23:08.025-0700] {logging_mixin.py:190} INFO - [2025-02-09T19:23:08.025-0700] {dag.py:4180} INFO - Setting next_dagrun for example_xcom_args_with_operators to None, run_after=None
[2025-02-09T19:23:08.031-0700] {processor.py:208} INFO - Processing /Users/pranithjain/Desktop/DE Project/Apache Airflow Project/venv/lib/python3.10/site-packages/airflow/example_dags/example_xcomargs.py took 0.097 seconds
[2025-02-09T19:24:16.162-0700] {processor.py:186} INFO - Started process (PID=25234) to work on /Users/pranithjain/Desktop/DE Project/Apache Airflow Project/venv/lib/python3.10/site-packages/airflow/example_dags/example_xcomargs.py
[2025-02-09T19:24:16.162-0700] {processor.py:914} INFO - Processing file /Users/pranithjain/Desktop/DE Project/Apache Airflow Project/venv/lib/python3.10/site-packages/airflow/example_dags/example_xcomargs.py for tasks to queue
[2025-02-09T19:24:16.163-0700] {logging_mixin.py:190} INFO - [2025-02-09T19:24:16.162-0700] {dagbag.py:588} INFO - Filling up the DagBag from /Users/pranithjain/Desktop/DE Project/Apache Airflow Project/venv/lib/python3.10/site-packages/airflow/example_dags/example_xcomargs.py
[2025-02-09T19:24:16.179-0700] {processor.py:925} INFO - DAG(s) 'example_xcom_args', 'example_xcom_args_with_operators' retrieved from /Users/pranithjain/Desktop/DE Project/Apache Airflow Project/venv/lib/python3.10/site-packages/airflow/example_dags/example_xcomargs.py
[2025-02-09T19:24:16.245-0700] {logging_mixin.py:190} INFO - [2025-02-09T19:24:16.245-0700] {dag.py:3239} INFO - Sync 2 DAGs
[2025-02-09T19:24:16.249-0700] {logging_mixin.py:190} INFO - [2025-02-09T19:24:16.249-0700] {dag.py:4180} INFO - Setting next_dagrun for example_xcom_args to None, run_after=None
[2025-02-09T19:24:16.251-0700] {logging_mixin.py:190} INFO - [2025-02-09T19:24:16.250-0700] {dag.py:4180} INFO - Setting next_dagrun for example_xcom_args_with_operators to None, run_after=None
[2025-02-09T19:24:16.257-0700] {processor.py:208} INFO - Processing /Users/pranithjain/Desktop/DE Project/Apache Airflow Project/venv/lib/python3.10/site-packages/airflow/example_dags/example_xcomargs.py took 0.097 seconds
[2025-02-09T19:25:23.879-0700] {processor.py:186} INFO - Started process (PID=25443) to work on /Users/pranithjain/Desktop/DE Project/Apache Airflow Project/venv/lib/python3.10/site-packages/airflow/example_dags/example_xcomargs.py
[2025-02-09T19:25:23.880-0700] {processor.py:914} INFO - Processing file /Users/pranithjain/Desktop/DE Project/Apache Airflow Project/venv/lib/python3.10/site-packages/airflow/example_dags/example_xcomargs.py for tasks to queue
[2025-02-09T19:25:23.880-0700] {logging_mixin.py:190} INFO - [2025-02-09T19:25:23.880-0700] {dagbag.py:588} INFO - Filling up the DagBag from /Users/pranithjain/Desktop/DE Project/Apache Airflow Project/venv/lib/python3.10/site-packages/airflow/example_dags/example_xcomargs.py
[2025-02-09T19:25:23.897-0700] {processor.py:925} INFO - DAG(s) 'example_xcom_args', 'example_xcom_args_with_operators' retrieved from /Users/pranithjain/Desktop/DE Project/Apache Airflow Project/venv/lib/python3.10/site-packages/airflow/example_dags/example_xcomargs.py
[2025-02-09T19:25:23.963-0700] {logging_mixin.py:190} INFO - [2025-02-09T19:25:23.963-0700] {dag.py:3239} INFO - Sync 2 DAGs
[2025-02-09T19:25:23.968-0700] {logging_mixin.py:190} INFO - [2025-02-09T19:25:23.968-0700] {dag.py:4180} INFO - Setting next_dagrun for example_xcom_args to None, run_after=None
[2025-02-09T19:25:23.969-0700] {logging_mixin.py:190} INFO - [2025-02-09T19:25:23.969-0700] {dag.py:4180} INFO - Setting next_dagrun for example_xcom_args_with_operators to None, run_after=None
[2025-02-09T19:25:23.975-0700] {processor.py:208} INFO - Processing /Users/pranithjain/Desktop/DE Project/Apache Airflow Project/venv/lib/python3.10/site-packages/airflow/example_dags/example_xcomargs.py took 0.098 seconds
[2025-02-09T19:26:32.864-0700] {processor.py:186} INFO - Started process (PID=25729) to work on /Users/pranithjain/Desktop/DE Project/Apache Airflow Project/venv/lib/python3.10/site-packages/airflow/example_dags/example_xcomargs.py
[2025-02-09T19:26:32.865-0700] {processor.py:914} INFO - Processing file /Users/pranithjain/Desktop/DE Project/Apache Airflow Project/venv/lib/python3.10/site-packages/airflow/example_dags/example_xcomargs.py for tasks to queue
[2025-02-09T19:26:32.866-0700] {logging_mixin.py:190} INFO - [2025-02-09T19:26:32.866-0700] {dagbag.py:588} INFO - Filling up the DagBag from /Users/pranithjain/Desktop/DE Project/Apache Airflow Project/venv/lib/python3.10/site-packages/airflow/example_dags/example_xcomargs.py
[2025-02-09T19:26:32.882-0700] {processor.py:925} INFO - DAG(s) 'example_xcom_args', 'example_xcom_args_with_operators' retrieved from /Users/pranithjain/Desktop/DE Project/Apache Airflow Project/venv/lib/python3.10/site-packages/airflow/example_dags/example_xcomargs.py
[2025-02-09T19:26:32.948-0700] {logging_mixin.py:190} INFO - [2025-02-09T19:26:32.947-0700] {dag.py:3239} INFO - Sync 2 DAGs
[2025-02-09T19:26:32.952-0700] {logging_mixin.py:190} INFO - [2025-02-09T19:26:32.952-0700] {dag.py:4180} INFO - Setting next_dagrun for example_xcom_args to None, run_after=None
[2025-02-09T19:26:32.953-0700] {logging_mixin.py:190} INFO - [2025-02-09T19:26:32.953-0700] {dag.py:4180} INFO - Setting next_dagrun for example_xcom_args_with_operators to None, run_after=None
[2025-02-09T19:26:32.960-0700] {processor.py:208} INFO - Processing /Users/pranithjain/Desktop/DE Project/Apache Airflow Project/venv/lib/python3.10/site-packages/airflow/example_dags/example_xcomargs.py took 0.097 seconds
[2025-02-09T19:28:24.037-0700] {processor.py:186} INFO - Started process (PID=26120) to work on /Users/pranithjain/Desktop/DE Project/Apache Airflow Project/venv/lib/python3.10/site-packages/airflow/example_dags/example_xcomargs.py
[2025-02-09T19:28:24.037-0700] {processor.py:914} INFO - Processing file /Users/pranithjain/Desktop/DE Project/Apache Airflow Project/venv/lib/python3.10/site-packages/airflow/example_dags/example_xcomargs.py for tasks to queue
[2025-02-09T19:28:24.038-0700] {logging_mixin.py:190} INFO - [2025-02-09T19:28:24.037-0700] {dagbag.py:588} INFO - Filling up the DagBag from /Users/pranithjain/Desktop/DE Project/Apache Airflow Project/venv/lib/python3.10/site-packages/airflow/example_dags/example_xcomargs.py
[2025-02-09T19:28:24.053-0700] {processor.py:925} INFO - DAG(s) 'example_xcom_args_with_operators', 'example_xcom_args' retrieved from /Users/pranithjain/Desktop/DE Project/Apache Airflow Project/venv/lib/python3.10/site-packages/airflow/example_dags/example_xcomargs.py
[2025-02-09T19:28:24.121-0700] {logging_mixin.py:190} INFO - [2025-02-09T19:28:24.120-0700] {dag.py:3239} INFO - Sync 2 DAGs
[2025-02-09T19:28:24.125-0700] {logging_mixin.py:190} INFO - [2025-02-09T19:28:24.125-0700] {dag.py:4180} INFO - Setting next_dagrun for example_xcom_args to None, run_after=None
[2025-02-09T19:28:24.126-0700] {logging_mixin.py:190} INFO - [2025-02-09T19:28:24.126-0700] {dag.py:4180} INFO - Setting next_dagrun for example_xcom_args_with_operators to None, run_after=None
[2025-02-09T19:28:24.133-0700] {processor.py:208} INFO - Processing /Users/pranithjain/Desktop/DE Project/Apache Airflow Project/venv/lib/python3.10/site-packages/airflow/example_dags/example_xcomargs.py took 0.098 seconds
