[2025-02-09T18:48:42.343-0700] {processor.py:186} INFO - Started process (PID=18942) to work on /Users/pranithjain/Desktop/DE Project/Apache Airflow Project/venv/lib/python3.10/site-packages/airflow/example_dags/example_display_name.py
[2025-02-09T18:48:42.343-0700] {processor.py:914} INFO - Processing file /Users/pranithjain/Desktop/DE Project/Apache Airflow Project/venv/lib/python3.10/site-packages/airflow/example_dags/example_display_name.py for tasks to queue
[2025-02-09T18:48:42.344-0700] {logging_mixin.py:190} INFO - [2025-02-09T18:48:42.344-0700] {dagbag.py:588} INFO - Filling up the DagBag from /Users/pranithjain/Desktop/DE Project/Apache Airflow Project/venv/lib/python3.10/site-packages/airflow/example_dags/example_display_name.py
[2025-02-09T18:48:42.359-0700] {processor.py:925} INFO - DAG(s) 'example_display_name' retrieved from /Users/pranithjain/Desktop/DE Project/Apache Airflow Project/venv/lib/python3.10/site-packages/airflow/example_dags/example_display_name.py
[2025-02-09T18:48:42.457-0700] {logging_mixin.py:190} INFO - [2025-02-09T18:48:42.457-0700] {override.py:1930} INFO - Created Permission View: can delete on DAG:example_display_name
[2025-02-09T18:48:42.460-0700] {logging_mixin.py:190} INFO - [2025-02-09T18:48:42.460-0700] {override.py:1930} INFO - Created Permission View: can read on DAG:example_display_name
[2025-02-09T18:48:42.462-0700] {logging_mixin.py:190} INFO - [2025-02-09T18:48:42.462-0700] {override.py:1930} INFO - Created Permission View: can edit on DAG:example_display_name
[2025-02-09T18:48:42.465-0700] {logging_mixin.py:190} INFO - [2025-02-09T18:48:42.465-0700] {override.py:1930} INFO - Created Permission View: can delete on DAG Run:example_display_name
[2025-02-09T18:48:42.467-0700] {logging_mixin.py:190} INFO - [2025-02-09T18:48:42.467-0700] {override.py:1930} INFO - Created Permission View: can read on DAG Run:example_display_name
[2025-02-09T18:48:42.469-0700] {logging_mixin.py:190} INFO - [2025-02-09T18:48:42.469-0700] {override.py:1930} INFO - Created Permission View: menu access on DAG Run:example_display_name
[2025-02-09T18:48:42.471-0700] {logging_mixin.py:190} INFO - [2025-02-09T18:48:42.471-0700] {override.py:1930} INFO - Created Permission View: can create on DAG Run:example_display_name
[2025-02-09T18:48:42.471-0700] {logging_mixin.py:190} INFO - [2025-02-09T18:48:42.471-0700] {dag.py:3239} INFO - Sync 1 DAGs
[2025-02-09T18:48:42.475-0700] {logging_mixin.py:190} INFO - [2025-02-09T18:48:42.475-0700] {dag.py:3262} INFO - Creating ORM DAG for example_display_name
[2025-02-09T18:48:42.476-0700] {logging_mixin.py:190} INFO - [2025-02-09T18:48:42.476-0700] {dag.py:4180} INFO - Setting next_dagrun for example_display_name to None, run_after=None
[2025-02-09T18:48:42.482-0700] {processor.py:208} INFO - Processing /Users/pranithjain/Desktop/DE Project/Apache Airflow Project/venv/lib/python3.10/site-packages/airflow/example_dags/example_display_name.py took 0.141 seconds
[2025-02-09T18:51:08.737-0700] {processor.py:186} INFO - Started process (PID=19396) to work on /Users/pranithjain/Desktop/DE Project/Apache Airflow Project/venv/lib/python3.10/site-packages/airflow/example_dags/example_display_name.py
[2025-02-09T18:51:08.739-0700] {processor.py:914} INFO - Processing file /Users/pranithjain/Desktop/DE Project/Apache Airflow Project/venv/lib/python3.10/site-packages/airflow/example_dags/example_display_name.py for tasks to queue
[2025-02-09T18:51:08.739-0700] {logging_mixin.py:190} INFO - [2025-02-09T18:51:08.739-0700] {dagbag.py:588} INFO - Filling up the DagBag from /Users/pranithjain/Desktop/DE Project/Apache Airflow Project/venv/lib/python3.10/site-packages/airflow/example_dags/example_display_name.py
[2025-02-09T18:51:08.755-0700] {processor.py:925} INFO - DAG(s) 'example_display_name' retrieved from /Users/pranithjain/Desktop/DE Project/Apache Airflow Project/venv/lib/python3.10/site-packages/airflow/example_dags/example_display_name.py
[2025-02-09T18:51:08.823-0700] {logging_mixin.py:190} INFO - [2025-02-09T18:51:08.823-0700] {dag.py:3239} INFO - Sync 1 DAGs
[2025-02-09T18:51:08.827-0700] {logging_mixin.py:190} INFO - [2025-02-09T18:51:08.827-0700] {dag.py:4180} INFO - Setting next_dagrun for example_display_name to None, run_after=None
[2025-02-09T18:51:08.835-0700] {processor.py:208} INFO - Processing /Users/pranithjain/Desktop/DE Project/Apache Airflow Project/venv/lib/python3.10/site-packages/airflow/example_dags/example_display_name.py took 0.099 seconds
[2025-02-09T18:53:50.527-0700] {processor.py:186} INFO - Started process (PID=19911) to work on /Users/pranithjain/Desktop/DE Project/Apache Airflow Project/venv/lib/python3.10/site-packages/airflow/example_dags/example_display_name.py
[2025-02-09T18:53:50.529-0700] {processor.py:914} INFO - Processing file /Users/pranithjain/Desktop/DE Project/Apache Airflow Project/venv/lib/python3.10/site-packages/airflow/example_dags/example_display_name.py for tasks to queue
[2025-02-09T18:53:50.529-0700] {logging_mixin.py:190} INFO - [2025-02-09T18:53:50.529-0700] {dagbag.py:588} INFO - Filling up the DagBag from /Users/pranithjain/Desktop/DE Project/Apache Airflow Project/venv/lib/python3.10/site-packages/airflow/example_dags/example_display_name.py
[2025-02-09T18:53:50.545-0700] {processor.py:925} INFO - DAG(s) 'example_display_name' retrieved from /Users/pranithjain/Desktop/DE Project/Apache Airflow Project/venv/lib/python3.10/site-packages/airflow/example_dags/example_display_name.py
[2025-02-09T18:53:50.611-0700] {logging_mixin.py:190} INFO - [2025-02-09T18:53:50.611-0700] {dag.py:3239} INFO - Sync 1 DAGs
[2025-02-09T18:53:50.616-0700] {logging_mixin.py:190} INFO - [2025-02-09T18:53:50.616-0700] {dag.py:4180} INFO - Setting next_dagrun for example_display_name to None, run_after=None
[2025-02-09T18:53:50.623-0700] {processor.py:208} INFO - Processing /Users/pranithjain/Desktop/DE Project/Apache Airflow Project/venv/lib/python3.10/site-packages/airflow/example_dags/example_display_name.py took 0.097 seconds
[2025-02-09T18:56:14.762-0700] {processor.py:186} INFO - Started process (PID=20356) to work on /Users/pranithjain/Desktop/DE Project/Apache Airflow Project/venv/lib/python3.10/site-packages/airflow/example_dags/example_display_name.py
[2025-02-09T18:56:14.763-0700] {processor.py:914} INFO - Processing file /Users/pranithjain/Desktop/DE Project/Apache Airflow Project/venv/lib/python3.10/site-packages/airflow/example_dags/example_display_name.py for tasks to queue
[2025-02-09T18:56:14.763-0700] {logging_mixin.py:190} INFO - [2025-02-09T18:56:14.763-0700] {dagbag.py:588} INFO - Filling up the DagBag from /Users/pranithjain/Desktop/DE Project/Apache Airflow Project/venv/lib/python3.10/site-packages/airflow/example_dags/example_display_name.py
[2025-02-09T18:56:14.779-0700] {processor.py:925} INFO - DAG(s) 'example_display_name' retrieved from /Users/pranithjain/Desktop/DE Project/Apache Airflow Project/venv/lib/python3.10/site-packages/airflow/example_dags/example_display_name.py
[2025-02-09T18:56:14.843-0700] {logging_mixin.py:190} INFO - [2025-02-09T18:56:14.842-0700] {dag.py:3239} INFO - Sync 1 DAGs
[2025-02-09T18:56:14.847-0700] {logging_mixin.py:190} INFO - [2025-02-09T18:56:14.847-0700] {dag.py:4180} INFO - Setting next_dagrun for example_display_name to None, run_after=None
[2025-02-09T18:56:14.854-0700] {processor.py:208} INFO - Processing /Users/pranithjain/Desktop/DE Project/Apache Airflow Project/venv/lib/python3.10/site-packages/airflow/example_dags/example_display_name.py took 0.093 seconds
[2025-02-09T18:58:37.745-0700] {processor.py:186} INFO - Started process (PID=20797) to work on /Users/pranithjain/Desktop/DE Project/Apache Airflow Project/venv/lib/python3.10/site-packages/airflow/example_dags/example_display_name.py
[2025-02-09T18:58:37.745-0700] {processor.py:914} INFO - Processing file /Users/pranithjain/Desktop/DE Project/Apache Airflow Project/venv/lib/python3.10/site-packages/airflow/example_dags/example_display_name.py for tasks to queue
[2025-02-09T18:58:37.746-0700] {logging_mixin.py:190} INFO - [2025-02-09T18:58:37.746-0700] {dagbag.py:588} INFO - Filling up the DagBag from /Users/pranithjain/Desktop/DE Project/Apache Airflow Project/venv/lib/python3.10/site-packages/airflow/example_dags/example_display_name.py
[2025-02-09T18:58:37.762-0700] {processor.py:925} INFO - DAG(s) 'example_display_name' retrieved from /Users/pranithjain/Desktop/DE Project/Apache Airflow Project/venv/lib/python3.10/site-packages/airflow/example_dags/example_display_name.py
[2025-02-09T18:58:37.826-0700] {logging_mixin.py:190} INFO - [2025-02-09T18:58:37.826-0700] {dag.py:3239} INFO - Sync 1 DAGs
[2025-02-09T18:58:37.831-0700] {logging_mixin.py:190} INFO - [2025-02-09T18:58:37.831-0700] {dag.py:4180} INFO - Setting next_dagrun for example_display_name to None, run_after=None
[2025-02-09T18:58:37.838-0700] {processor.py:208} INFO - Processing /Users/pranithjain/Desktop/DE Project/Apache Airflow Project/venv/lib/python3.10/site-packages/airflow/example_dags/example_display_name.py took 0.095 seconds
[2025-02-09T19:07:24.260-0700] {processor.py:186} INFO - Started process (PID=22084) to work on /Users/pranithjain/Desktop/DE Project/Apache Airflow Project/venv/lib/python3.10/site-packages/airflow/example_dags/example_display_name.py
[2025-02-09T19:07:24.261-0700] {processor.py:914} INFO - Processing file /Users/pranithjain/Desktop/DE Project/Apache Airflow Project/venv/lib/python3.10/site-packages/airflow/example_dags/example_display_name.py for tasks to queue
[2025-02-09T19:07:24.261-0700] {logging_mixin.py:190} INFO - [2025-02-09T19:07:24.261-0700] {dagbag.py:588} INFO - Filling up the DagBag from /Users/pranithjain/Desktop/DE Project/Apache Airflow Project/venv/lib/python3.10/site-packages/airflow/example_dags/example_display_name.py
[2025-02-09T19:07:24.276-0700] {processor.py:925} INFO - DAG(s) 'example_display_name' retrieved from /Users/pranithjain/Desktop/DE Project/Apache Airflow Project/venv/lib/python3.10/site-packages/airflow/example_dags/example_display_name.py
[2025-02-09T19:07:24.341-0700] {logging_mixin.py:190} INFO - [2025-02-09T19:07:24.341-0700] {dag.py:3239} INFO - Sync 1 DAGs
[2025-02-09T19:07:24.345-0700] {logging_mixin.py:190} INFO - [2025-02-09T19:07:24.345-0700] {dag.py:4180} INFO - Setting next_dagrun for example_display_name to None, run_after=None
[2025-02-09T19:07:24.352-0700] {processor.py:208} INFO - Processing /Users/pranithjain/Desktop/DE Project/Apache Airflow Project/venv/lib/python3.10/site-packages/airflow/example_dags/example_display_name.py took 0.094 seconds
[2025-02-09T19:09:45.702-0700] {processor.py:186} INFO - Started process (PID=22521) to work on /Users/pranithjain/Desktop/DE Project/Apache Airflow Project/venv/lib/python3.10/site-packages/airflow/example_dags/example_display_name.py
[2025-02-09T19:09:45.703-0700] {processor.py:914} INFO - Processing file /Users/pranithjain/Desktop/DE Project/Apache Airflow Project/venv/lib/python3.10/site-packages/airflow/example_dags/example_display_name.py for tasks to queue
[2025-02-09T19:09:45.703-0700] {logging_mixin.py:190} INFO - [2025-02-09T19:09:45.703-0700] {dagbag.py:588} INFO - Filling up the DagBag from /Users/pranithjain/Desktop/DE Project/Apache Airflow Project/venv/lib/python3.10/site-packages/airflow/example_dags/example_display_name.py
[2025-02-09T19:09:45.718-0700] {processor.py:925} INFO - DAG(s) 'example_display_name' retrieved from /Users/pranithjain/Desktop/DE Project/Apache Airflow Project/venv/lib/python3.10/site-packages/airflow/example_dags/example_display_name.py
[2025-02-09T19:09:45.819-0700] {logging_mixin.py:190} INFO - [2025-02-09T19:09:45.818-0700] {dag.py:3239} INFO - Sync 1 DAGs
[2025-02-09T19:09:45.823-0700] {logging_mixin.py:190} INFO - [2025-02-09T19:09:45.823-0700] {dag.py:4180} INFO - Setting next_dagrun for example_display_name to None, run_after=None
[2025-02-09T19:09:45.830-0700] {processor.py:208} INFO - Processing /Users/pranithjain/Desktop/DE Project/Apache Airflow Project/venv/lib/python3.10/site-packages/airflow/example_dags/example_display_name.py took 0.130 seconds
[2025-02-09T19:13:56.578-0700] {processor.py:186} INFO - Started process (PID=23247) to work on /Users/pranithjain/Desktop/DE Project/Apache Airflow Project/venv/lib/python3.10/site-packages/airflow/example_dags/example_display_name.py
[2025-02-09T19:13:56.579-0700] {processor.py:914} INFO - Processing file /Users/pranithjain/Desktop/DE Project/Apache Airflow Project/venv/lib/python3.10/site-packages/airflow/example_dags/example_display_name.py for tasks to queue
[2025-02-09T19:13:56.579-0700] {logging_mixin.py:190} INFO - [2025-02-09T19:13:56.579-0700] {dagbag.py:588} INFO - Filling up the DagBag from /Users/pranithjain/Desktop/DE Project/Apache Airflow Project/venv/lib/python3.10/site-packages/airflow/example_dags/example_display_name.py
[2025-02-09T19:13:56.594-0700] {processor.py:925} INFO - DAG(s) 'example_display_name' retrieved from /Users/pranithjain/Desktop/DE Project/Apache Airflow Project/venv/lib/python3.10/site-packages/airflow/example_dags/example_display_name.py
[2025-02-09T19:13:56.658-0700] {logging_mixin.py:190} INFO - [2025-02-09T19:13:56.658-0700] {dag.py:3239} INFO - Sync 1 DAGs
[2025-02-09T19:13:56.663-0700] {logging_mixin.py:190} INFO - [2025-02-09T19:13:56.663-0700] {dag.py:4180} INFO - Setting next_dagrun for example_display_name to None, run_after=None
[2025-02-09T19:13:56.669-0700] {processor.py:208} INFO - Processing /Users/pranithjain/Desktop/DE Project/Apache Airflow Project/venv/lib/python3.10/site-packages/airflow/example_dags/example_display_name.py took 0.093 seconds
[2025-02-09T19:16:15.252-0700] {processor.py:186} INFO - Started process (PID=23673) to work on /Users/pranithjain/Desktop/DE Project/Apache Airflow Project/venv/lib/python3.10/site-packages/airflow/example_dags/example_display_name.py
[2025-02-09T19:16:15.252-0700] {processor.py:914} INFO - Processing file /Users/pranithjain/Desktop/DE Project/Apache Airflow Project/venv/lib/python3.10/site-packages/airflow/example_dags/example_display_name.py for tasks to queue
[2025-02-09T19:16:15.253-0700] {logging_mixin.py:190} INFO - [2025-02-09T19:16:15.253-0700] {dagbag.py:588} INFO - Filling up the DagBag from /Users/pranithjain/Desktop/DE Project/Apache Airflow Project/venv/lib/python3.10/site-packages/airflow/example_dags/example_display_name.py
[2025-02-09T19:16:15.268-0700] {processor.py:925} INFO - DAG(s) 'example_display_name' retrieved from /Users/pranithjain/Desktop/DE Project/Apache Airflow Project/venv/lib/python3.10/site-packages/airflow/example_dags/example_display_name.py
[2025-02-09T19:16:15.334-0700] {logging_mixin.py:190} INFO - [2025-02-09T19:16:15.333-0700] {dag.py:3239} INFO - Sync 1 DAGs
[2025-02-09T19:16:15.338-0700] {logging_mixin.py:190} INFO - [2025-02-09T19:16:15.338-0700] {dag.py:4180} INFO - Setting next_dagrun for example_display_name to None, run_after=None
[2025-02-09T19:16:15.345-0700] {processor.py:208} INFO - Processing /Users/pranithjain/Desktop/DE Project/Apache Airflow Project/venv/lib/python3.10/site-packages/airflow/example_dags/example_display_name.py took 0.096 seconds
[2025-02-09T19:18:42.069-0700] {processor.py:186} INFO - Started process (PID=24114) to work on /Users/pranithjain/Desktop/DE Project/Apache Airflow Project/venv/lib/python3.10/site-packages/airflow/example_dags/example_display_name.py
[2025-02-09T19:18:42.071-0700] {processor.py:914} INFO - Processing file /Users/pranithjain/Desktop/DE Project/Apache Airflow Project/venv/lib/python3.10/site-packages/airflow/example_dags/example_display_name.py for tasks to queue
[2025-02-09T19:18:42.071-0700] {logging_mixin.py:190} INFO - [2025-02-09T19:18:42.071-0700] {dagbag.py:588} INFO - Filling up the DagBag from /Users/pranithjain/Desktop/DE Project/Apache Airflow Project/venv/lib/python3.10/site-packages/airflow/example_dags/example_display_name.py
[2025-02-09T19:18:42.087-0700] {processor.py:925} INFO - DAG(s) 'example_display_name' retrieved from /Users/pranithjain/Desktop/DE Project/Apache Airflow Project/venv/lib/python3.10/site-packages/airflow/example_dags/example_display_name.py
[2025-02-09T19:18:42.158-0700] {logging_mixin.py:190} INFO - [2025-02-09T19:18:42.158-0700] {dag.py:3239} INFO - Sync 1 DAGs
[2025-02-09T19:18:42.163-0700] {logging_mixin.py:190} INFO - [2025-02-09T19:18:42.163-0700] {dag.py:4180} INFO - Setting next_dagrun for example_display_name to None, run_after=None
[2025-02-09T19:18:42.171-0700] {processor.py:208} INFO - Processing /Users/pranithjain/Desktop/DE Project/Apache Airflow Project/venv/lib/python3.10/site-packages/airflow/example_dags/example_display_name.py took 0.103 seconds
[2025-02-09T19:21:08.642-0700] {processor.py:186} INFO - Started process (PID=24564) to work on /Users/pranithjain/Desktop/DE Project/Apache Airflow Project/venv/lib/python3.10/site-packages/airflow/example_dags/example_display_name.py
[2025-02-09T19:21:08.642-0700] {processor.py:914} INFO - Processing file /Users/pranithjain/Desktop/DE Project/Apache Airflow Project/venv/lib/python3.10/site-packages/airflow/example_dags/example_display_name.py for tasks to queue
[2025-02-09T19:21:08.643-0700] {logging_mixin.py:190} INFO - [2025-02-09T19:21:08.643-0700] {dagbag.py:588} INFO - Filling up the DagBag from /Users/pranithjain/Desktop/DE Project/Apache Airflow Project/venv/lib/python3.10/site-packages/airflow/example_dags/example_display_name.py
[2025-02-09T19:21:08.659-0700] {processor.py:925} INFO - DAG(s) 'example_display_name' retrieved from /Users/pranithjain/Desktop/DE Project/Apache Airflow Project/venv/lib/python3.10/site-packages/airflow/example_dags/example_display_name.py
[2025-02-09T19:21:08.733-0700] {logging_mixin.py:190} INFO - [2025-02-09T19:21:08.733-0700] {dag.py:3239} INFO - Sync 1 DAGs
[2025-02-09T19:21:08.738-0700] {logging_mixin.py:190} INFO - [2025-02-09T19:21:08.738-0700] {dag.py:4180} INFO - Setting next_dagrun for example_display_name to None, run_after=None
[2025-02-09T19:21:08.745-0700] {processor.py:208} INFO - Processing /Users/pranithjain/Desktop/DE Project/Apache Airflow Project/venv/lib/python3.10/site-packages/airflow/example_dags/example_display_name.py took 0.105 seconds
[2025-02-09T19:23:33.877-0700] {processor.py:186} INFO - Started process (PID=25099) to work on /Users/pranithjain/Desktop/DE Project/Apache Airflow Project/venv/lib/python3.10/site-packages/airflow/example_dags/example_display_name.py
[2025-02-09T19:23:33.877-0700] {processor.py:914} INFO - Processing file /Users/pranithjain/Desktop/DE Project/Apache Airflow Project/venv/lib/python3.10/site-packages/airflow/example_dags/example_display_name.py for tasks to queue
[2025-02-09T19:23:33.878-0700] {logging_mixin.py:190} INFO - [2025-02-09T19:23:33.878-0700] {dagbag.py:588} INFO - Filling up the DagBag from /Users/pranithjain/Desktop/DE Project/Apache Airflow Project/venv/lib/python3.10/site-packages/airflow/example_dags/example_display_name.py
[2025-02-09T19:23:33.893-0700] {processor.py:925} INFO - DAG(s) 'example_display_name' retrieved from /Users/pranithjain/Desktop/DE Project/Apache Airflow Project/venv/lib/python3.10/site-packages/airflow/example_dags/example_display_name.py
[2025-02-09T19:23:33.958-0700] {logging_mixin.py:190} INFO - [2025-02-09T19:23:33.958-0700] {dag.py:3239} INFO - Sync 1 DAGs
[2025-02-09T19:23:33.962-0700] {logging_mixin.py:190} INFO - [2025-02-09T19:23:33.962-0700] {dag.py:4180} INFO - Setting next_dagrun for example_display_name to None, run_after=None
[2025-02-09T19:23:33.969-0700] {processor.py:208} INFO - Processing /Users/pranithjain/Desktop/DE Project/Apache Airflow Project/venv/lib/python3.10/site-packages/airflow/example_dags/example_display_name.py took 0.094 seconds
[2025-02-09T19:25:47.368-0700] {processor.py:186} INFO - Started process (PID=25515) to work on /Users/pranithjain/Desktop/DE Project/Apache Airflow Project/venv/lib/python3.10/site-packages/airflow/example_dags/example_display_name.py
[2025-02-09T19:25:47.368-0700] {processor.py:914} INFO - Processing file /Users/pranithjain/Desktop/DE Project/Apache Airflow Project/venv/lib/python3.10/site-packages/airflow/example_dags/example_display_name.py for tasks to queue
[2025-02-09T19:25:47.369-0700] {logging_mixin.py:190} INFO - [2025-02-09T19:25:47.369-0700] {dagbag.py:588} INFO - Filling up the DagBag from /Users/pranithjain/Desktop/DE Project/Apache Airflow Project/venv/lib/python3.10/site-packages/airflow/example_dags/example_display_name.py
[2025-02-09T19:25:47.384-0700] {processor.py:925} INFO - DAG(s) 'example_display_name' retrieved from /Users/pranithjain/Desktop/DE Project/Apache Airflow Project/venv/lib/python3.10/site-packages/airflow/example_dags/example_display_name.py
[2025-02-09T19:25:47.453-0700] {logging_mixin.py:190} INFO - [2025-02-09T19:25:47.453-0700] {dag.py:3239} INFO - Sync 1 DAGs
[2025-02-09T19:25:47.458-0700] {logging_mixin.py:190} INFO - [2025-02-09T19:25:47.458-0700] {dag.py:4180} INFO - Setting next_dagrun for example_display_name to None, run_after=None
[2025-02-09T19:25:47.465-0700] {processor.py:208} INFO - Processing /Users/pranithjain/Desktop/DE Project/Apache Airflow Project/venv/lib/python3.10/site-packages/airflow/example_dags/example_display_name.py took 0.099 seconds
[2025-02-09T19:29:21.362-0700] {processor.py:186} INFO - Started process (PID=26316) to work on /Users/pranithjain/Desktop/DE Project/Apache Airflow Project/venv/lib/python3.10/site-packages/airflow/example_dags/example_display_name.py
[2025-02-09T19:29:21.364-0700] {processor.py:914} INFO - Processing file /Users/pranithjain/Desktop/DE Project/Apache Airflow Project/venv/lib/python3.10/site-packages/airflow/example_dags/example_display_name.py for tasks to queue
[2025-02-09T19:29:21.364-0700] {logging_mixin.py:190} INFO - [2025-02-09T19:29:21.364-0700] {dagbag.py:588} INFO - Filling up the DagBag from /Users/pranithjain/Desktop/DE Project/Apache Airflow Project/venv/lib/python3.10/site-packages/airflow/example_dags/example_display_name.py
[2025-02-09T19:29:21.381-0700] {processor.py:925} INFO - DAG(s) 'example_display_name' retrieved from /Users/pranithjain/Desktop/DE Project/Apache Airflow Project/venv/lib/python3.10/site-packages/airflow/example_dags/example_display_name.py
[2025-02-09T19:29:21.445-0700] {logging_mixin.py:190} INFO - [2025-02-09T19:29:21.445-0700] {dag.py:3239} INFO - Sync 1 DAGs
[2025-02-09T19:29:21.450-0700] {logging_mixin.py:190} INFO - [2025-02-09T19:29:21.450-0700] {dag.py:4180} INFO - Setting next_dagrun for example_display_name to None, run_after=None
[2025-02-09T19:29:21.457-0700] {processor.py:208} INFO - Processing /Users/pranithjain/Desktop/DE Project/Apache Airflow Project/venv/lib/python3.10/site-packages/airflow/example_dags/example_display_name.py took 0.096 seconds
