[2025-02-09T18:48:46.473-0700] {processor.py:186} INFO - Started process (PID=18956) to work on /Users/pranithjain/Desktop/DE Project/Apache Airflow Project/venv/lib/python3.10/site-packages/airflow/example_dags/example_dataset_alias_with_no_taskflow.py
[2025-02-09T18:48:46.474-0700] {processor.py:914} INFO - Processing file /Users/pranithjain/Desktop/DE Project/Apache Airflow Project/venv/lib/python3.10/site-packages/airflow/example_dags/example_dataset_alias_with_no_taskflow.py for tasks to queue
[2025-02-09T18:48:46.474-0700] {logging_mixin.py:190} INFO - [2025-02-09T18:48:46.474-0700] {dagbag.py:588} INFO - Filling up the DagBag from /Users/pranithjain/Desktop/DE Project/Apache Airflow Project/venv/lib/python3.10/site-packages/airflow/example_dags/example_dataset_alias_with_no_taskflow.py
[2025-02-09T18:48:46.559-0700] {processor.py:925} INFO - DAG(s) 'dataset_s3_bucket_producer_with_no_taskflow', 'dataset_s3_bucket_consumer_with_no_taskflow', 'dataset_alias_example_alias_producer_with_no_taskflow', 'dataset_alias_example_alias_consumer_with_no_taskflow' retrieved from /Users/pranithjain/Desktop/DE Project/Apache Airflow Project/venv/lib/python3.10/site-packages/airflow/example_dags/example_dataset_alias_with_no_taskflow.py
[2025-02-09T18:48:46.599-0700] {logging_mixin.py:190} INFO - [2025-02-09T18:48:46.599-0700] {override.py:1930} INFO - Created Permission View: can delete on DAG:dataset_s3_bucket_producer_with_no_taskflow
[2025-02-09T18:48:46.602-0700] {logging_mixin.py:190} INFO - [2025-02-09T18:48:46.602-0700] {override.py:1930} INFO - Created Permission View: can edit on DAG:dataset_s3_bucket_producer_with_no_taskflow
[2025-02-09T18:48:46.604-0700] {logging_mixin.py:190} INFO - [2025-02-09T18:48:46.604-0700] {override.py:1930} INFO - Created Permission View: can read on DAG:dataset_s3_bucket_producer_with_no_taskflow
[2025-02-09T18:48:46.607-0700] {logging_mixin.py:190} INFO - [2025-02-09T18:48:46.607-0700] {override.py:1930} INFO - Created Permission View: can delete on DAG Run:dataset_s3_bucket_producer_with_no_taskflow
[2025-02-09T18:48:46.609-0700] {logging_mixin.py:190} INFO - [2025-02-09T18:48:46.609-0700] {override.py:1930} INFO - Created Permission View: can create on DAG Run:dataset_s3_bucket_producer_with_no_taskflow
[2025-02-09T18:48:46.611-0700] {logging_mixin.py:190} INFO - [2025-02-09T18:48:46.611-0700] {override.py:1930} INFO - Created Permission View: menu access on DAG Run:dataset_s3_bucket_producer_with_no_taskflow
[2025-02-09T18:48:46.613-0700] {logging_mixin.py:190} INFO - [2025-02-09T18:48:46.613-0700] {override.py:1930} INFO - Created Permission View: can read on DAG Run:dataset_s3_bucket_producer_with_no_taskflow
[2025-02-09T18:48:46.618-0700] {logging_mixin.py:190} INFO - [2025-02-09T18:48:46.618-0700] {override.py:1930} INFO - Created Permission View: can delete on DAG:dataset_s3_bucket_consumer_with_no_taskflow
[2025-02-09T18:48:46.620-0700] {logging_mixin.py:190} INFO - [2025-02-09T18:48:46.620-0700] {override.py:1930} INFO - Created Permission View: can edit on DAG:dataset_s3_bucket_consumer_with_no_taskflow
[2025-02-09T18:48:46.622-0700] {logging_mixin.py:190} INFO - [2025-02-09T18:48:46.622-0700] {override.py:1930} INFO - Created Permission View: can read on DAG:dataset_s3_bucket_consumer_with_no_taskflow
[2025-02-09T18:48:46.624-0700] {logging_mixin.py:190} INFO - [2025-02-09T18:48:46.624-0700] {override.py:1930} INFO - Created Permission View: can delete on DAG Run:dataset_s3_bucket_consumer_with_no_taskflow
[2025-02-09T18:48:46.626-0700] {logging_mixin.py:190} INFO - [2025-02-09T18:48:46.626-0700] {override.py:1930} INFO - Created Permission View: can create on DAG Run:dataset_s3_bucket_consumer_with_no_taskflow
[2025-02-09T18:48:46.628-0700] {logging_mixin.py:190} INFO - [2025-02-09T18:48:46.628-0700] {override.py:1930} INFO - Created Permission View: menu access on DAG Run:dataset_s3_bucket_consumer_with_no_taskflow
[2025-02-09T18:48:46.630-0700] {logging_mixin.py:190} INFO - [2025-02-09T18:48:46.630-0700] {override.py:1930} INFO - Created Permission View: can read on DAG Run:dataset_s3_bucket_consumer_with_no_taskflow
[2025-02-09T18:48:46.635-0700] {logging_mixin.py:190} INFO - [2025-02-09T18:48:46.635-0700] {override.py:1930} INFO - Created Permission View: can delete on DAG:dataset_alias_example_alias_producer_with_no_taskflow
[2025-02-09T18:48:46.638-0700] {logging_mixin.py:190} INFO - [2025-02-09T18:48:46.638-0700] {override.py:1930} INFO - Created Permission View: can edit on DAG:dataset_alias_example_alias_producer_with_no_taskflow
[2025-02-09T18:48:46.640-0700] {logging_mixin.py:190} INFO - [2025-02-09T18:48:46.640-0700] {override.py:1930} INFO - Created Permission View: can read on DAG:dataset_alias_example_alias_producer_with_no_taskflow
[2025-02-09T18:48:46.642-0700] {logging_mixin.py:190} INFO - [2025-02-09T18:48:46.642-0700] {override.py:1930} INFO - Created Permission View: can delete on DAG Run:dataset_alias_example_alias_producer_with_no_taskflow
[2025-02-09T18:48:46.644-0700] {logging_mixin.py:190} INFO - [2025-02-09T18:48:46.644-0700] {override.py:1930} INFO - Created Permission View: can create on DAG Run:dataset_alias_example_alias_producer_with_no_taskflow
[2025-02-09T18:48:46.646-0700] {logging_mixin.py:190} INFO - [2025-02-09T18:48:46.646-0700] {override.py:1930} INFO - Created Permission View: menu access on DAG Run:dataset_alias_example_alias_producer_with_no_taskflow
[2025-02-09T18:48:46.649-0700] {logging_mixin.py:190} INFO - [2025-02-09T18:48:46.648-0700] {override.py:1930} INFO - Created Permission View: can read on DAG Run:dataset_alias_example_alias_producer_with_no_taskflow
[2025-02-09T18:48:46.653-0700] {logging_mixin.py:190} INFO - [2025-02-09T18:48:46.653-0700] {override.py:1930} INFO - Created Permission View: can delete on DAG:dataset_alias_example_alias_consumer_with_no_taskflow
[2025-02-09T18:48:46.655-0700] {logging_mixin.py:190} INFO - [2025-02-09T18:48:46.655-0700] {override.py:1930} INFO - Created Permission View: can edit on DAG:dataset_alias_example_alias_consumer_with_no_taskflow
[2025-02-09T18:48:46.657-0700] {logging_mixin.py:190} INFO - [2025-02-09T18:48:46.657-0700] {override.py:1930} INFO - Created Permission View: can read on DAG:dataset_alias_example_alias_consumer_with_no_taskflow
[2025-02-09T18:48:46.660-0700] {logging_mixin.py:190} INFO - [2025-02-09T18:48:46.660-0700] {override.py:1930} INFO - Created Permission View: can delete on DAG Run:dataset_alias_example_alias_consumer_with_no_taskflow
[2025-02-09T18:48:46.662-0700] {logging_mixin.py:190} INFO - [2025-02-09T18:48:46.662-0700] {override.py:1930} INFO - Created Permission View: can create on DAG Run:dataset_alias_example_alias_consumer_with_no_taskflow
[2025-02-09T18:48:46.664-0700] {logging_mixin.py:190} INFO - [2025-02-09T18:48:46.664-0700] {override.py:1930} INFO - Created Permission View: menu access on DAG Run:dataset_alias_example_alias_consumer_with_no_taskflow
[2025-02-09T18:48:46.666-0700] {logging_mixin.py:190} INFO - [2025-02-09T18:48:46.666-0700] {override.py:1930} INFO - Created Permission View: can read on DAG Run:dataset_alias_example_alias_consumer_with_no_taskflow
[2025-02-09T18:48:46.666-0700] {logging_mixin.py:190} INFO - [2025-02-09T18:48:46.666-0700] {dag.py:3239} INFO - Sync 4 DAGs
[2025-02-09T18:48:46.671-0700] {logging_mixin.py:190} INFO - [2025-02-09T18:48:46.671-0700] {dag.py:3262} INFO - Creating ORM DAG for dataset_s3_bucket_consumer_with_no_taskflow
[2025-02-09T18:48:46.671-0700] {logging_mixin.py:190} INFO - [2025-02-09T18:48:46.671-0700] {dag.py:3262} INFO - Creating ORM DAG for dataset_alias_example_alias_producer_with_no_taskflow
[2025-02-09T18:48:46.671-0700] {logging_mixin.py:190} INFO - [2025-02-09T18:48:46.671-0700] {dag.py:3262} INFO - Creating ORM DAG for dataset_s3_bucket_producer_with_no_taskflow
[2025-02-09T18:48:46.672-0700] {logging_mixin.py:190} INFO - [2025-02-09T18:48:46.672-0700] {dag.py:3262} INFO - Creating ORM DAG for dataset_alias_example_alias_consumer_with_no_taskflow
[2025-02-09T18:48:46.675-0700] {logging_mixin.py:190} INFO - [2025-02-09T18:48:46.675-0700] {dag.py:4180} INFO - Setting next_dagrun for dataset_alias_example_alias_consumer_with_no_taskflow to None, run_after=None
[2025-02-09T18:48:46.676-0700] {logging_mixin.py:190} INFO - [2025-02-09T18:48:46.675-0700] {dag.py:4180} INFO - Setting next_dagrun for dataset_alias_example_alias_producer_with_no_taskflow to None, run_after=None
[2025-02-09T18:48:46.676-0700] {logging_mixin.py:190} INFO - [2025-02-09T18:48:46.676-0700] {dag.py:4180} INFO - Setting next_dagrun for dataset_s3_bucket_consumer_with_no_taskflow to None, run_after=None
[2025-02-09T18:48:46.676-0700] {logging_mixin.py:190} INFO - [2025-02-09T18:48:46.676-0700] {dag.py:4180} INFO - Setting next_dagrun for dataset_s3_bucket_producer_with_no_taskflow to None, run_after=None
[2025-02-09T18:48:46.860-0700] {processor.py:208} INFO - Processing /Users/pranithjain/Desktop/DE Project/Apache Airflow Project/venv/lib/python3.10/site-packages/airflow/example_dags/example_dataset_alias_with_no_taskflow.py took 0.388 seconds
[2025-02-09T18:51:12.498-0700] {processor.py:186} INFO - Started process (PID=19406) to work on /Users/pranithjain/Desktop/DE Project/Apache Airflow Project/venv/lib/python3.10/site-packages/airflow/example_dags/example_dataset_alias_with_no_taskflow.py
[2025-02-09T18:51:12.499-0700] {processor.py:914} INFO - Processing file /Users/pranithjain/Desktop/DE Project/Apache Airflow Project/venv/lib/python3.10/site-packages/airflow/example_dags/example_dataset_alias_with_no_taskflow.py for tasks to queue
[2025-02-09T18:51:12.499-0700] {logging_mixin.py:190} INFO - [2025-02-09T18:51:12.499-0700] {dagbag.py:588} INFO - Filling up the DagBag from /Users/pranithjain/Desktop/DE Project/Apache Airflow Project/venv/lib/python3.10/site-packages/airflow/example_dags/example_dataset_alias_with_no_taskflow.py
[2025-02-09T18:51:12.585-0700] {processor.py:925} INFO - DAG(s) 'dataset_s3_bucket_consumer_with_no_taskflow', 'dataset_alias_example_alias_consumer_with_no_taskflow', 'dataset_alias_example_alias_producer_with_no_taskflow', 'dataset_s3_bucket_producer_with_no_taskflow' retrieved from /Users/pranithjain/Desktop/DE Project/Apache Airflow Project/venv/lib/python3.10/site-packages/airflow/example_dags/example_dataset_alias_with_no_taskflow.py
[2025-02-09T18:51:12.594-0700] {logging_mixin.py:190} INFO - [2025-02-09T18:51:12.594-0700] {dag.py:3239} INFO - Sync 4 DAGs
[2025-02-09T18:51:12.601-0700] {logging_mixin.py:190} INFO - [2025-02-09T18:51:12.601-0700] {dag.py:4180} INFO - Setting next_dagrun for dataset_alias_example_alias_consumer_with_no_taskflow to None, run_after=None
[2025-02-09T18:51:12.602-0700] {logging_mixin.py:190} INFO - [2025-02-09T18:51:12.602-0700] {dag.py:4180} INFO - Setting next_dagrun for dataset_alias_example_alias_producer_with_no_taskflow to None, run_after=None
[2025-02-09T18:51:12.603-0700] {logging_mixin.py:190} INFO - [2025-02-09T18:51:12.603-0700] {dag.py:4180} INFO - Setting next_dagrun for dataset_s3_bucket_consumer_with_no_taskflow to None, run_after=None
[2025-02-09T18:51:12.603-0700] {logging_mixin.py:190} INFO - [2025-02-09T18:51:12.603-0700] {dag.py:4180} INFO - Setting next_dagrun for dataset_s3_bucket_producer_with_no_taskflow to None, run_after=None
[2025-02-09T18:51:12.612-0700] {processor.py:208} INFO - Processing /Users/pranithjain/Desktop/DE Project/Apache Airflow Project/venv/lib/python3.10/site-packages/airflow/example_dags/example_dataset_alias_with_no_taskflow.py took 0.116 seconds
[2025-02-09T18:53:54.385-0700] {processor.py:186} INFO - Started process (PID=19922) to work on /Users/pranithjain/Desktop/DE Project/Apache Airflow Project/venv/lib/python3.10/site-packages/airflow/example_dags/example_dataset_alias_with_no_taskflow.py
[2025-02-09T18:53:54.386-0700] {processor.py:914} INFO - Processing file /Users/pranithjain/Desktop/DE Project/Apache Airflow Project/venv/lib/python3.10/site-packages/airflow/example_dags/example_dataset_alias_with_no_taskflow.py for tasks to queue
[2025-02-09T18:53:54.387-0700] {logging_mixin.py:190} INFO - [2025-02-09T18:53:54.386-0700] {dagbag.py:588} INFO - Filling up the DagBag from /Users/pranithjain/Desktop/DE Project/Apache Airflow Project/venv/lib/python3.10/site-packages/airflow/example_dags/example_dataset_alias_with_no_taskflow.py
[2025-02-09T18:53:54.478-0700] {processor.py:925} INFO - DAG(s) 'dataset_alias_example_alias_consumer_with_no_taskflow', 'dataset_s3_bucket_consumer_with_no_taskflow', 'dataset_s3_bucket_producer_with_no_taskflow', 'dataset_alias_example_alias_producer_with_no_taskflow' retrieved from /Users/pranithjain/Desktop/DE Project/Apache Airflow Project/venv/lib/python3.10/site-packages/airflow/example_dags/example_dataset_alias_with_no_taskflow.py
[2025-02-09T18:53:54.488-0700] {logging_mixin.py:190} INFO - [2025-02-09T18:53:54.488-0700] {dag.py:3239} INFO - Sync 4 DAGs
[2025-02-09T18:53:54.497-0700] {logging_mixin.py:190} INFO - [2025-02-09T18:53:54.497-0700] {dag.py:4180} INFO - Setting next_dagrun for dataset_alias_example_alias_consumer_with_no_taskflow to None, run_after=None
[2025-02-09T18:53:54.498-0700] {logging_mixin.py:190} INFO - [2025-02-09T18:53:54.498-0700] {dag.py:4180} INFO - Setting next_dagrun for dataset_alias_example_alias_producer_with_no_taskflow to None, run_after=None
[2025-02-09T18:53:54.499-0700] {logging_mixin.py:190} INFO - [2025-02-09T18:53:54.498-0700] {dag.py:4180} INFO - Setting next_dagrun for dataset_s3_bucket_consumer_with_no_taskflow to None, run_after=None
[2025-02-09T18:53:54.499-0700] {logging_mixin.py:190} INFO - [2025-02-09T18:53:54.499-0700] {dag.py:4180} INFO - Setting next_dagrun for dataset_s3_bucket_producer_with_no_taskflow to None, run_after=None
[2025-02-09T18:53:54.529-0700] {processor.py:208} INFO - Processing /Users/pranithjain/Desktop/DE Project/Apache Airflow Project/venv/lib/python3.10/site-packages/airflow/example_dags/example_dataset_alias_with_no_taskflow.py took 0.147 seconds
[2025-02-09T18:56:18.477-0700] {processor.py:186} INFO - Started process (PID=20368) to work on /Users/pranithjain/Desktop/DE Project/Apache Airflow Project/venv/lib/python3.10/site-packages/airflow/example_dags/example_dataset_alias_with_no_taskflow.py
[2025-02-09T18:56:18.477-0700] {processor.py:914} INFO - Processing file /Users/pranithjain/Desktop/DE Project/Apache Airflow Project/venv/lib/python3.10/site-packages/airflow/example_dags/example_dataset_alias_with_no_taskflow.py for tasks to queue
[2025-02-09T18:56:18.478-0700] {logging_mixin.py:190} INFO - [2025-02-09T18:56:18.478-0700] {dagbag.py:588} INFO - Filling up the DagBag from /Users/pranithjain/Desktop/DE Project/Apache Airflow Project/venv/lib/python3.10/site-packages/airflow/example_dags/example_dataset_alias_with_no_taskflow.py
[2025-02-09T18:56:18.563-0700] {processor.py:925} INFO - DAG(s) 'dataset_s3_bucket_consumer_with_no_taskflow', 'dataset_alias_example_alias_consumer_with_no_taskflow', 'dataset_alias_example_alias_producer_with_no_taskflow', 'dataset_s3_bucket_producer_with_no_taskflow' retrieved from /Users/pranithjain/Desktop/DE Project/Apache Airflow Project/venv/lib/python3.10/site-packages/airflow/example_dags/example_dataset_alias_with_no_taskflow.py
[2025-02-09T18:56:18.573-0700] {logging_mixin.py:190} INFO - [2025-02-09T18:56:18.572-0700] {dag.py:3239} INFO - Sync 4 DAGs
[2025-02-09T18:56:18.580-0700] {logging_mixin.py:190} INFO - [2025-02-09T18:56:18.580-0700] {dag.py:4180} INFO - Setting next_dagrun for dataset_alias_example_alias_consumer_with_no_taskflow to None, run_after=None
[2025-02-09T18:56:18.581-0700] {logging_mixin.py:190} INFO - [2025-02-09T18:56:18.581-0700] {dag.py:4180} INFO - Setting next_dagrun for dataset_alias_example_alias_producer_with_no_taskflow to None, run_after=None
[2025-02-09T18:56:18.581-0700] {logging_mixin.py:190} INFO - [2025-02-09T18:56:18.581-0700] {dag.py:4180} INFO - Setting next_dagrun for dataset_s3_bucket_consumer_with_no_taskflow to None, run_after=None
[2025-02-09T18:56:18.582-0700] {logging_mixin.py:190} INFO - [2025-02-09T18:56:18.581-0700] {dag.py:4180} INFO - Setting next_dagrun for dataset_s3_bucket_producer_with_no_taskflow to None, run_after=None
[2025-02-09T18:56:18.589-0700] {processor.py:208} INFO - Processing /Users/pranithjain/Desktop/DE Project/Apache Airflow Project/venv/lib/python3.10/site-packages/airflow/example_dags/example_dataset_alias_with_no_taskflow.py took 0.114 seconds
[2025-02-09T18:58:41.486-0700] {processor.py:186} INFO - Started process (PID=20807) to work on /Users/pranithjain/Desktop/DE Project/Apache Airflow Project/venv/lib/python3.10/site-packages/airflow/example_dags/example_dataset_alias_with_no_taskflow.py
[2025-02-09T18:58:41.486-0700] {processor.py:914} INFO - Processing file /Users/pranithjain/Desktop/DE Project/Apache Airflow Project/venv/lib/python3.10/site-packages/airflow/example_dags/example_dataset_alias_with_no_taskflow.py for tasks to queue
[2025-02-09T18:58:41.487-0700] {logging_mixin.py:190} INFO - [2025-02-09T18:58:41.487-0700] {dagbag.py:588} INFO - Filling up the DagBag from /Users/pranithjain/Desktop/DE Project/Apache Airflow Project/venv/lib/python3.10/site-packages/airflow/example_dags/example_dataset_alias_with_no_taskflow.py
[2025-02-09T18:58:41.571-0700] {processor.py:925} INFO - DAG(s) 'dataset_alias_example_alias_producer_with_no_taskflow', 'dataset_s3_bucket_consumer_with_no_taskflow', 'dataset_alias_example_alias_consumer_with_no_taskflow', 'dataset_s3_bucket_producer_with_no_taskflow' retrieved from /Users/pranithjain/Desktop/DE Project/Apache Airflow Project/venv/lib/python3.10/site-packages/airflow/example_dags/example_dataset_alias_with_no_taskflow.py
[2025-02-09T18:58:41.580-0700] {logging_mixin.py:190} INFO - [2025-02-09T18:58:41.580-0700] {dag.py:3239} INFO - Sync 4 DAGs
[2025-02-09T18:58:41.587-0700] {logging_mixin.py:190} INFO - [2025-02-09T18:58:41.587-0700] {dag.py:4180} INFO - Setting next_dagrun for dataset_alias_example_alias_consumer_with_no_taskflow to None, run_after=None
[2025-02-09T18:58:41.588-0700] {logging_mixin.py:190} INFO - [2025-02-09T18:58:41.588-0700] {dag.py:4180} INFO - Setting next_dagrun for dataset_alias_example_alias_producer_with_no_taskflow to None, run_after=None
[2025-02-09T18:58:41.588-0700] {logging_mixin.py:190} INFO - [2025-02-09T18:58:41.588-0700] {dag.py:4180} INFO - Setting next_dagrun for dataset_s3_bucket_consumer_with_no_taskflow to None, run_after=None
[2025-02-09T18:58:41.589-0700] {logging_mixin.py:190} INFO - [2025-02-09T18:58:41.589-0700] {dag.py:4180} INFO - Setting next_dagrun for dataset_s3_bucket_producer_with_no_taskflow to None, run_after=None
[2025-02-09T18:58:41.597-0700] {processor.py:208} INFO - Processing /Users/pranithjain/Desktop/DE Project/Apache Airflow Project/venv/lib/python3.10/site-packages/airflow/example_dags/example_dataset_alias_with_no_taskflow.py took 0.112 seconds
[2025-02-09T19:07:27.973-0700] {processor.py:186} INFO - Started process (PID=22094) to work on /Users/pranithjain/Desktop/DE Project/Apache Airflow Project/venv/lib/python3.10/site-packages/airflow/example_dags/example_dataset_alias_with_no_taskflow.py
[2025-02-09T19:07:27.973-0700] {processor.py:914} INFO - Processing file /Users/pranithjain/Desktop/DE Project/Apache Airflow Project/venv/lib/python3.10/site-packages/airflow/example_dags/example_dataset_alias_with_no_taskflow.py for tasks to queue
[2025-02-09T19:07:27.974-0700] {logging_mixin.py:190} INFO - [2025-02-09T19:07:27.974-0700] {dagbag.py:588} INFO - Filling up the DagBag from /Users/pranithjain/Desktop/DE Project/Apache Airflow Project/venv/lib/python3.10/site-packages/airflow/example_dags/example_dataset_alias_with_no_taskflow.py
[2025-02-09T19:07:28.061-0700] {processor.py:925} INFO - DAG(s) 'dataset_s3_bucket_consumer_with_no_taskflow', 'dataset_s3_bucket_producer_with_no_taskflow', 'dataset_alias_example_alias_producer_with_no_taskflow', 'dataset_alias_example_alias_consumer_with_no_taskflow' retrieved from /Users/pranithjain/Desktop/DE Project/Apache Airflow Project/venv/lib/python3.10/site-packages/airflow/example_dags/example_dataset_alias_with_no_taskflow.py
[2025-02-09T19:07:28.071-0700] {logging_mixin.py:190} INFO - [2025-02-09T19:07:28.071-0700] {dag.py:3239} INFO - Sync 4 DAGs
[2025-02-09T19:07:28.079-0700] {logging_mixin.py:190} INFO - [2025-02-09T19:07:28.079-0700] {dag.py:4180} INFO - Setting next_dagrun for dataset_alias_example_alias_consumer_with_no_taskflow to None, run_after=None
[2025-02-09T19:07:28.080-0700] {logging_mixin.py:190} INFO - [2025-02-09T19:07:28.079-0700] {dag.py:4180} INFO - Setting next_dagrun for dataset_alias_example_alias_producer_with_no_taskflow to None, run_after=None
[2025-02-09T19:07:28.080-0700] {logging_mixin.py:190} INFO - [2025-02-09T19:07:28.080-0700] {dag.py:4180} INFO - Setting next_dagrun for dataset_s3_bucket_consumer_with_no_taskflow to None, run_after=None
[2025-02-09T19:07:28.080-0700] {logging_mixin.py:190} INFO - [2025-02-09T19:07:28.080-0700] {dag.py:4180} INFO - Setting next_dagrun for dataset_s3_bucket_producer_with_no_taskflow to None, run_after=None
[2025-02-09T19:07:28.089-0700] {processor.py:208} INFO - Processing /Users/pranithjain/Desktop/DE Project/Apache Airflow Project/venv/lib/python3.10/site-packages/airflow/example_dags/example_dataset_alias_with_no_taskflow.py took 0.118 seconds
[2025-02-09T19:09:49.596-0700] {processor.py:186} INFO - Started process (PID=22531) to work on /Users/pranithjain/Desktop/DE Project/Apache Airflow Project/venv/lib/python3.10/site-packages/airflow/example_dags/example_dataset_alias_with_no_taskflow.py
[2025-02-09T19:09:49.597-0700] {processor.py:914} INFO - Processing file /Users/pranithjain/Desktop/DE Project/Apache Airflow Project/venv/lib/python3.10/site-packages/airflow/example_dags/example_dataset_alias_with_no_taskflow.py for tasks to queue
[2025-02-09T19:09:49.597-0700] {logging_mixin.py:190} INFO - [2025-02-09T19:09:49.597-0700] {dagbag.py:588} INFO - Filling up the DagBag from /Users/pranithjain/Desktop/DE Project/Apache Airflow Project/venv/lib/python3.10/site-packages/airflow/example_dags/example_dataset_alias_with_no_taskflow.py
[2025-02-09T19:09:49.684-0700] {processor.py:925} INFO - DAG(s) 'dataset_alias_example_alias_consumer_with_no_taskflow', 'dataset_s3_bucket_producer_with_no_taskflow', 'dataset_s3_bucket_consumer_with_no_taskflow', 'dataset_alias_example_alias_producer_with_no_taskflow' retrieved from /Users/pranithjain/Desktop/DE Project/Apache Airflow Project/venv/lib/python3.10/site-packages/airflow/example_dags/example_dataset_alias_with_no_taskflow.py
[2025-02-09T19:09:49.742-0700] {logging_mixin.py:190} INFO - [2025-02-09T19:09:49.741-0700] {dag.py:3239} INFO - Sync 4 DAGs
[2025-02-09T19:09:49.749-0700] {logging_mixin.py:190} INFO - [2025-02-09T19:09:49.749-0700] {dag.py:4180} INFO - Setting next_dagrun for dataset_alias_example_alias_consumer_with_no_taskflow to None, run_after=None
[2025-02-09T19:09:49.750-0700] {logging_mixin.py:190} INFO - [2025-02-09T19:09:49.750-0700] {dag.py:4180} INFO - Setting next_dagrun for dataset_alias_example_alias_producer_with_no_taskflow to None, run_after=None
[2025-02-09T19:09:49.750-0700] {logging_mixin.py:190} INFO - [2025-02-09T19:09:49.750-0700] {dag.py:4180} INFO - Setting next_dagrun for dataset_s3_bucket_consumer_with_no_taskflow to None, run_after=None
[2025-02-09T19:09:49.751-0700] {logging_mixin.py:190} INFO - [2025-02-09T19:09:49.750-0700] {dag.py:4180} INFO - Setting next_dagrun for dataset_s3_bucket_producer_with_no_taskflow to None, run_after=None
[2025-02-09T19:09:49.758-0700] {processor.py:208} INFO - Processing /Users/pranithjain/Desktop/DE Project/Apache Airflow Project/venv/lib/python3.10/site-packages/airflow/example_dags/example_dataset_alias_with_no_taskflow.py took 0.164 seconds
[2025-02-09T19:14:00.338-0700] {processor.py:186} INFO - Started process (PID=23256) to work on /Users/pranithjain/Desktop/DE Project/Apache Airflow Project/venv/lib/python3.10/site-packages/airflow/example_dags/example_dataset_alias_with_no_taskflow.py
[2025-02-09T19:14:00.338-0700] {processor.py:914} INFO - Processing file /Users/pranithjain/Desktop/DE Project/Apache Airflow Project/venv/lib/python3.10/site-packages/airflow/example_dags/example_dataset_alias_with_no_taskflow.py for tasks to queue
[2025-02-09T19:14:00.339-0700] {logging_mixin.py:190} INFO - [2025-02-09T19:14:00.339-0700] {dagbag.py:588} INFO - Filling up the DagBag from /Users/pranithjain/Desktop/DE Project/Apache Airflow Project/venv/lib/python3.10/site-packages/airflow/example_dags/example_dataset_alias_with_no_taskflow.py
[2025-02-09T19:14:00.464-0700] {processor.py:925} INFO - DAG(s) 'dataset_alias_example_alias_consumer_with_no_taskflow', 'dataset_alias_example_alias_producer_with_no_taskflow', 'dataset_s3_bucket_producer_with_no_taskflow', 'dataset_s3_bucket_consumer_with_no_taskflow' retrieved from /Users/pranithjain/Desktop/DE Project/Apache Airflow Project/venv/lib/python3.10/site-packages/airflow/example_dags/example_dataset_alias_with_no_taskflow.py
[2025-02-09T19:14:00.472-0700] {logging_mixin.py:190} INFO - [2025-02-09T19:14:00.472-0700] {dag.py:3239} INFO - Sync 4 DAGs
[2025-02-09T19:14:00.479-0700] {logging_mixin.py:190} INFO - [2025-02-09T19:14:00.479-0700] {dag.py:4180} INFO - Setting next_dagrun for dataset_alias_example_alias_consumer_with_no_taskflow to None, run_after=None
[2025-02-09T19:14:00.480-0700] {logging_mixin.py:190} INFO - [2025-02-09T19:14:00.480-0700] {dag.py:4180} INFO - Setting next_dagrun for dataset_alias_example_alias_producer_with_no_taskflow to None, run_after=None
[2025-02-09T19:14:00.480-0700] {logging_mixin.py:190} INFO - [2025-02-09T19:14:00.480-0700] {dag.py:4180} INFO - Setting next_dagrun for dataset_s3_bucket_consumer_with_no_taskflow to None, run_after=None
[2025-02-09T19:14:00.481-0700] {logging_mixin.py:190} INFO - [2025-02-09T19:14:00.481-0700] {dag.py:4180} INFO - Setting next_dagrun for dataset_s3_bucket_producer_with_no_taskflow to None, run_after=None
[2025-02-09T19:14:00.489-0700] {processor.py:208} INFO - Processing /Users/pranithjain/Desktop/DE Project/Apache Airflow Project/venv/lib/python3.10/site-packages/airflow/example_dags/example_dataset_alias_with_no_taskflow.py took 0.152 seconds
[2025-02-09T19:16:18.932-0700] {processor.py:186} INFO - Started process (PID=23682) to work on /Users/pranithjain/Desktop/DE Project/Apache Airflow Project/venv/lib/python3.10/site-packages/airflow/example_dags/example_dataset_alias_with_no_taskflow.py
[2025-02-09T19:16:18.933-0700] {processor.py:914} INFO - Processing file /Users/pranithjain/Desktop/DE Project/Apache Airflow Project/venv/lib/python3.10/site-packages/airflow/example_dags/example_dataset_alias_with_no_taskflow.py for tasks to queue
[2025-02-09T19:16:18.933-0700] {logging_mixin.py:190} INFO - [2025-02-09T19:16:18.933-0700] {dagbag.py:588} INFO - Filling up the DagBag from /Users/pranithjain/Desktop/DE Project/Apache Airflow Project/venv/lib/python3.10/site-packages/airflow/example_dags/example_dataset_alias_with_no_taskflow.py
[2025-02-09T19:16:19.080-0700] {processor.py:925} INFO - DAG(s) 'dataset_s3_bucket_consumer_with_no_taskflow', 'dataset_alias_example_alias_consumer_with_no_taskflow', 'dataset_alias_example_alias_producer_with_no_taskflow', 'dataset_s3_bucket_producer_with_no_taskflow' retrieved from /Users/pranithjain/Desktop/DE Project/Apache Airflow Project/venv/lib/python3.10/site-packages/airflow/example_dags/example_dataset_alias_with_no_taskflow.py
[2025-02-09T19:16:19.092-0700] {logging_mixin.py:190} INFO - [2025-02-09T19:16:19.092-0700] {dag.py:3239} INFO - Sync 4 DAGs
[2025-02-09T19:16:19.108-0700] {logging_mixin.py:190} INFO - [2025-02-09T19:16:19.107-0700] {dag.py:4180} INFO - Setting next_dagrun for dataset_alias_example_alias_consumer_with_no_taskflow to None, run_after=None
[2025-02-09T19:16:19.109-0700] {logging_mixin.py:190} INFO - [2025-02-09T19:16:19.109-0700] {dag.py:4180} INFO - Setting next_dagrun for dataset_alias_example_alias_producer_with_no_taskflow to None, run_after=None
[2025-02-09T19:16:19.110-0700] {logging_mixin.py:190} INFO - [2025-02-09T19:16:19.110-0700] {dag.py:4180} INFO - Setting next_dagrun for dataset_s3_bucket_consumer_with_no_taskflow to None, run_after=None
[2025-02-09T19:16:19.110-0700] {logging_mixin.py:190} INFO - [2025-02-09T19:16:19.110-0700] {dag.py:4180} INFO - Setting next_dagrun for dataset_s3_bucket_producer_with_no_taskflow to None, run_after=None
[2025-02-09T19:16:19.119-0700] {processor.py:208} INFO - Processing /Users/pranithjain/Desktop/DE Project/Apache Airflow Project/venv/lib/python3.10/site-packages/airflow/example_dags/example_dataset_alias_with_no_taskflow.py took 0.189 seconds
[2025-02-09T19:18:45.999-0700] {processor.py:186} INFO - Started process (PID=24126) to work on /Users/pranithjain/Desktop/DE Project/Apache Airflow Project/venv/lib/python3.10/site-packages/airflow/example_dags/example_dataset_alias_with_no_taskflow.py
[2025-02-09T19:18:46.000-0700] {processor.py:914} INFO - Processing file /Users/pranithjain/Desktop/DE Project/Apache Airflow Project/venv/lib/python3.10/site-packages/airflow/example_dags/example_dataset_alias_with_no_taskflow.py for tasks to queue
[2025-02-09T19:18:46.001-0700] {logging_mixin.py:190} INFO - [2025-02-09T19:18:46.001-0700] {dagbag.py:588} INFO - Filling up the DagBag from /Users/pranithjain/Desktop/DE Project/Apache Airflow Project/venv/lib/python3.10/site-packages/airflow/example_dags/example_dataset_alias_with_no_taskflow.py
[2025-02-09T19:18:46.136-0700] {processor.py:925} INFO - DAG(s) 'dataset_alias_example_alias_producer_with_no_taskflow', 'dataset_s3_bucket_producer_with_no_taskflow', 'dataset_s3_bucket_consumer_with_no_taskflow', 'dataset_alias_example_alias_consumer_with_no_taskflow' retrieved from /Users/pranithjain/Desktop/DE Project/Apache Airflow Project/venv/lib/python3.10/site-packages/airflow/example_dags/example_dataset_alias_with_no_taskflow.py
[2025-02-09T19:18:46.145-0700] {logging_mixin.py:190} INFO - [2025-02-09T19:18:46.145-0700] {dag.py:3239} INFO - Sync 4 DAGs
[2025-02-09T19:18:46.155-0700] {logging_mixin.py:190} INFO - [2025-02-09T19:18:46.155-0700] {dag.py:4180} INFO - Setting next_dagrun for dataset_alias_example_alias_consumer_with_no_taskflow to None, run_after=None
[2025-02-09T19:18:46.156-0700] {logging_mixin.py:190} INFO - [2025-02-09T19:18:46.156-0700] {dag.py:4180} INFO - Setting next_dagrun for dataset_alias_example_alias_producer_with_no_taskflow to None, run_after=None
[2025-02-09T19:18:46.157-0700] {logging_mixin.py:190} INFO - [2025-02-09T19:18:46.157-0700] {dag.py:4180} INFO - Setting next_dagrun for dataset_s3_bucket_consumer_with_no_taskflow to None, run_after=None
[2025-02-09T19:18:46.157-0700] {logging_mixin.py:190} INFO - [2025-02-09T19:18:46.157-0700] {dag.py:4180} INFO - Setting next_dagrun for dataset_s3_bucket_producer_with_no_taskflow to None, run_after=None
[2025-02-09T19:18:46.166-0700] {processor.py:208} INFO - Processing /Users/pranithjain/Desktop/DE Project/Apache Airflow Project/venv/lib/python3.10/site-packages/airflow/example_dags/example_dataset_alias_with_no_taskflow.py took 0.169 seconds
[2025-02-09T19:21:12.454-0700] {processor.py:186} INFO - Started process (PID=24576) to work on /Users/pranithjain/Desktop/DE Project/Apache Airflow Project/venv/lib/python3.10/site-packages/airflow/example_dags/example_dataset_alias_with_no_taskflow.py
[2025-02-09T19:21:12.454-0700] {processor.py:914} INFO - Processing file /Users/pranithjain/Desktop/DE Project/Apache Airflow Project/venv/lib/python3.10/site-packages/airflow/example_dags/example_dataset_alias_with_no_taskflow.py for tasks to queue
[2025-02-09T19:21:12.455-0700] {logging_mixin.py:190} INFO - [2025-02-09T19:21:12.455-0700] {dagbag.py:588} INFO - Filling up the DagBag from /Users/pranithjain/Desktop/DE Project/Apache Airflow Project/venv/lib/python3.10/site-packages/airflow/example_dags/example_dataset_alias_with_no_taskflow.py
[2025-02-09T19:21:12.579-0700] {processor.py:925} INFO - DAG(s) 'dataset_s3_bucket_producer_with_no_taskflow', 'dataset_alias_example_alias_producer_with_no_taskflow', 'dataset_s3_bucket_consumer_with_no_taskflow', 'dataset_alias_example_alias_consumer_with_no_taskflow' retrieved from /Users/pranithjain/Desktop/DE Project/Apache Airflow Project/venv/lib/python3.10/site-packages/airflow/example_dags/example_dataset_alias_with_no_taskflow.py
[2025-02-09T19:21:12.587-0700] {logging_mixin.py:190} INFO - [2025-02-09T19:21:12.587-0700] {dag.py:3239} INFO - Sync 4 DAGs
[2025-02-09T19:21:12.595-0700] {logging_mixin.py:190} INFO - [2025-02-09T19:21:12.595-0700] {dag.py:4180} INFO - Setting next_dagrun for dataset_alias_example_alias_consumer_with_no_taskflow to None, run_after=None
[2025-02-09T19:21:12.596-0700] {logging_mixin.py:190} INFO - [2025-02-09T19:21:12.596-0700] {dag.py:4180} INFO - Setting next_dagrun for dataset_alias_example_alias_producer_with_no_taskflow to None, run_after=None
[2025-02-09T19:21:12.596-0700] {logging_mixin.py:190} INFO - [2025-02-09T19:21:12.596-0700] {dag.py:4180} INFO - Setting next_dagrun for dataset_s3_bucket_consumer_with_no_taskflow to None, run_after=None
[2025-02-09T19:21:12.596-0700] {logging_mixin.py:190} INFO - [2025-02-09T19:21:12.596-0700] {dag.py:4180} INFO - Setting next_dagrun for dataset_s3_bucket_producer_with_no_taskflow to None, run_after=None
[2025-02-09T19:21:12.604-0700] {processor.py:208} INFO - Processing /Users/pranithjain/Desktop/DE Project/Apache Airflow Project/venv/lib/python3.10/site-packages/airflow/example_dags/example_dataset_alias_with_no_taskflow.py took 0.152 seconds
[2025-02-09T19:23:36.925-0700] {processor.py:186} INFO - Started process (PID=25108) to work on /Users/pranithjain/Desktop/DE Project/Apache Airflow Project/venv/lib/python3.10/site-packages/airflow/example_dags/example_dataset_alias_with_no_taskflow.py
[2025-02-09T19:23:36.926-0700] {processor.py:914} INFO - Processing file /Users/pranithjain/Desktop/DE Project/Apache Airflow Project/venv/lib/python3.10/site-packages/airflow/example_dags/example_dataset_alias_with_no_taskflow.py for tasks to queue
[2025-02-09T19:23:36.926-0700] {logging_mixin.py:190} INFO - [2025-02-09T19:23:36.926-0700] {dagbag.py:588} INFO - Filling up the DagBag from /Users/pranithjain/Desktop/DE Project/Apache Airflow Project/venv/lib/python3.10/site-packages/airflow/example_dags/example_dataset_alias_with_no_taskflow.py
[2025-02-09T19:23:37.051-0700] {processor.py:925} INFO - DAG(s) 'dataset_alias_example_alias_producer_with_no_taskflow', 'dataset_alias_example_alias_consumer_with_no_taskflow', 'dataset_s3_bucket_consumer_with_no_taskflow', 'dataset_s3_bucket_producer_with_no_taskflow' retrieved from /Users/pranithjain/Desktop/DE Project/Apache Airflow Project/venv/lib/python3.10/site-packages/airflow/example_dags/example_dataset_alias_with_no_taskflow.py
[2025-02-09T19:23:37.059-0700] {logging_mixin.py:190} INFO - [2025-02-09T19:23:37.059-0700] {dag.py:3239} INFO - Sync 4 DAGs
[2025-02-09T19:23:37.066-0700] {logging_mixin.py:190} INFO - [2025-02-09T19:23:37.066-0700] {dag.py:4180} INFO - Setting next_dagrun for dataset_alias_example_alias_consumer_with_no_taskflow to None, run_after=None
[2025-02-09T19:23:37.067-0700] {logging_mixin.py:190} INFO - [2025-02-09T19:23:37.067-0700] {dag.py:4180} INFO - Setting next_dagrun for dataset_alias_example_alias_producer_with_no_taskflow to None, run_after=None
[2025-02-09T19:23:37.068-0700] {logging_mixin.py:190} INFO - [2025-02-09T19:23:37.067-0700] {dag.py:4180} INFO - Setting next_dagrun for dataset_s3_bucket_consumer_with_no_taskflow to None, run_after=None
[2025-02-09T19:23:37.068-0700] {logging_mixin.py:190} INFO - [2025-02-09T19:23:37.068-0700] {dag.py:4180} INFO - Setting next_dagrun for dataset_s3_bucket_producer_with_no_taskflow to None, run_after=None
[2025-02-09T19:23:37.076-0700] {processor.py:208} INFO - Processing /Users/pranithjain/Desktop/DE Project/Apache Airflow Project/venv/lib/python3.10/site-packages/airflow/example_dags/example_dataset_alias_with_no_taskflow.py took 0.152 seconds
[2025-02-09T19:25:51.140-0700] {processor.py:186} INFO - Started process (PID=25522) to work on /Users/pranithjain/Desktop/DE Project/Apache Airflow Project/venv/lib/python3.10/site-packages/airflow/example_dags/example_dataset_alias_with_no_taskflow.py
[2025-02-09T19:25:51.140-0700] {processor.py:914} INFO - Processing file /Users/pranithjain/Desktop/DE Project/Apache Airflow Project/venv/lib/python3.10/site-packages/airflow/example_dags/example_dataset_alias_with_no_taskflow.py for tasks to queue
[2025-02-09T19:25:51.141-0700] {logging_mixin.py:190} INFO - [2025-02-09T19:25:51.141-0700] {dagbag.py:588} INFO - Filling up the DagBag from /Users/pranithjain/Desktop/DE Project/Apache Airflow Project/venv/lib/python3.10/site-packages/airflow/example_dags/example_dataset_alias_with_no_taskflow.py
[2025-02-09T19:25:51.266-0700] {processor.py:925} INFO - DAG(s) 'dataset_alias_example_alias_consumer_with_no_taskflow', 'dataset_alias_example_alias_producer_with_no_taskflow', 'dataset_s3_bucket_consumer_with_no_taskflow', 'dataset_s3_bucket_producer_with_no_taskflow' retrieved from /Users/pranithjain/Desktop/DE Project/Apache Airflow Project/venv/lib/python3.10/site-packages/airflow/example_dags/example_dataset_alias_with_no_taskflow.py
[2025-02-09T19:25:51.275-0700] {logging_mixin.py:190} INFO - [2025-02-09T19:25:51.275-0700] {dag.py:3239} INFO - Sync 4 DAGs
[2025-02-09T19:25:51.284-0700] {logging_mixin.py:190} INFO - [2025-02-09T19:25:51.284-0700] {dag.py:4180} INFO - Setting next_dagrun for dataset_alias_example_alias_consumer_with_no_taskflow to None, run_after=None
[2025-02-09T19:25:51.285-0700] {logging_mixin.py:190} INFO - [2025-02-09T19:25:51.285-0700] {dag.py:4180} INFO - Setting next_dagrun for dataset_alias_example_alias_producer_with_no_taskflow to None, run_after=None
[2025-02-09T19:25:51.285-0700] {logging_mixin.py:190} INFO - [2025-02-09T19:25:51.285-0700] {dag.py:4180} INFO - Setting next_dagrun for dataset_s3_bucket_consumer_with_no_taskflow to None, run_after=None
[2025-02-09T19:25:51.285-0700] {logging_mixin.py:190} INFO - [2025-02-09T19:25:51.285-0700] {dag.py:4180} INFO - Setting next_dagrun for dataset_s3_bucket_producer_with_no_taskflow to None, run_after=None
[2025-02-09T19:25:51.294-0700] {processor.py:208} INFO - Processing /Users/pranithjain/Desktop/DE Project/Apache Airflow Project/venv/lib/python3.10/site-packages/airflow/example_dags/example_dataset_alias_with_no_taskflow.py took 0.155 seconds
[2025-02-09T19:29:25.184-0700] {processor.py:186} INFO - Started process (PID=26329) to work on /Users/pranithjain/Desktop/DE Project/Apache Airflow Project/venv/lib/python3.10/site-packages/airflow/example_dags/example_dataset_alias_with_no_taskflow.py
[2025-02-09T19:29:25.186-0700] {processor.py:914} INFO - Processing file /Users/pranithjain/Desktop/DE Project/Apache Airflow Project/venv/lib/python3.10/site-packages/airflow/example_dags/example_dataset_alias_with_no_taskflow.py for tasks to queue
[2025-02-09T19:29:25.186-0700] {logging_mixin.py:190} INFO - [2025-02-09T19:29:25.186-0700] {dagbag.py:588} INFO - Filling up the DagBag from /Users/pranithjain/Desktop/DE Project/Apache Airflow Project/venv/lib/python3.10/site-packages/airflow/example_dags/example_dataset_alias_with_no_taskflow.py
[2025-02-09T19:29:25.321-0700] {processor.py:925} INFO - DAG(s) 'dataset_alias_example_alias_consumer_with_no_taskflow', 'dataset_s3_bucket_consumer_with_no_taskflow', 'dataset_s3_bucket_producer_with_no_taskflow', 'dataset_alias_example_alias_producer_with_no_taskflow' retrieved from /Users/pranithjain/Desktop/DE Project/Apache Airflow Project/venv/lib/python3.10/site-packages/airflow/example_dags/example_dataset_alias_with_no_taskflow.py
[2025-02-09T19:29:25.329-0700] {logging_mixin.py:190} INFO - [2025-02-09T19:29:25.329-0700] {dag.py:3239} INFO - Sync 4 DAGs
[2025-02-09T19:29:25.338-0700] {logging_mixin.py:190} INFO - [2025-02-09T19:29:25.338-0700] {dag.py:4180} INFO - Setting next_dagrun for dataset_alias_example_alias_consumer_with_no_taskflow to None, run_after=None
[2025-02-09T19:29:25.339-0700] {logging_mixin.py:190} INFO - [2025-02-09T19:29:25.339-0700] {dag.py:4180} INFO - Setting next_dagrun for dataset_alias_example_alias_producer_with_no_taskflow to None, run_after=None
[2025-02-09T19:29:25.340-0700] {logging_mixin.py:190} INFO - [2025-02-09T19:29:25.339-0700] {dag.py:4180} INFO - Setting next_dagrun for dataset_s3_bucket_consumer_with_no_taskflow to None, run_after=None
[2025-02-09T19:29:25.340-0700] {logging_mixin.py:190} INFO - [2025-02-09T19:29:25.340-0700] {dag.py:4180} INFO - Setting next_dagrun for dataset_s3_bucket_producer_with_no_taskflow to None, run_after=None
[2025-02-09T19:29:25.349-0700] {processor.py:208} INFO - Processing /Users/pranithjain/Desktop/DE Project/Apache Airflow Project/venv/lib/python3.10/site-packages/airflow/example_dags/example_dataset_alias_with_no_taskflow.py took 0.166 seconds
