[2025-02-09T18:48:14.156-0700] {processor.py:186} INFO - Started process (PID=18855) to work on /Users/pranithjain/Desktop/DE Project/Apache Airflow Project/venv/lib/python3.10/site-packages/airflow/example_dags/example_sensor_decorator.py
[2025-02-09T18:48:14.156-0700] {processor.py:914} INFO - Processing file /Users/pranithjain/Desktop/DE Project/Apache Airflow Project/venv/lib/python3.10/site-packages/airflow/example_dags/example_sensor_decorator.py for tasks to queue
[2025-02-09T18:48:14.157-0700] {logging_mixin.py:190} INFO - [2025-02-09T18:48:14.157-0700] {dagbag.py:588} INFO - Filling up the DagBag from /Users/pranithjain/Desktop/DE Project/Apache Airflow Project/venv/lib/python3.10/site-packages/airflow/example_dags/example_sensor_decorator.py
[2025-02-09T18:48:14.172-0700] {processor.py:925} INFO - DAG(s) 'example_sensor_decorator' retrieved from /Users/pranithjain/Desktop/DE Project/Apache Airflow Project/venv/lib/python3.10/site-packages/airflow/example_dags/example_sensor_decorator.py
[2025-02-09T18:48:14.491-0700] {logging_mixin.py:190} INFO - [2025-02-09T18:48:14.490-0700] {override.py:1930} INFO - Created Permission View: can read on DAG:example_sensor_decorator
[2025-02-09T18:48:14.495-0700] {logging_mixin.py:190} INFO - [2025-02-09T18:48:14.495-0700] {override.py:1930} INFO - Created Permission View: can delete on DAG:example_sensor_decorator
[2025-02-09T18:48:14.498-0700] {logging_mixin.py:190} INFO - [2025-02-09T18:48:14.498-0700] {override.py:1930} INFO - Created Permission View: can edit on DAG:example_sensor_decorator
[2025-02-09T18:48:14.502-0700] {logging_mixin.py:190} INFO - [2025-02-09T18:48:14.501-0700] {override.py:1930} INFO - Created Permission View: can read on DAG Run:example_sensor_decorator
[2025-02-09T18:48:14.504-0700] {logging_mixin.py:190} INFO - [2025-02-09T18:48:14.504-0700] {override.py:1930} INFO - Created Permission View: can delete on DAG Run:example_sensor_decorator
[2025-02-09T18:48:14.507-0700] {logging_mixin.py:190} INFO - [2025-02-09T18:48:14.507-0700] {override.py:1930} INFO - Created Permission View: menu access on DAG Run:example_sensor_decorator
[2025-02-09T18:48:14.509-0700] {logging_mixin.py:190} INFO - [2025-02-09T18:48:14.509-0700] {override.py:1930} INFO - Created Permission View: can create on DAG Run:example_sensor_decorator
[2025-02-09T18:48:14.509-0700] {logging_mixin.py:190} INFO - [2025-02-09T18:48:14.509-0700] {dag.py:3239} INFO - Sync 1 DAGs
[2025-02-09T18:48:14.515-0700] {logging_mixin.py:190} INFO - [2025-02-09T18:48:14.515-0700] {dag.py:3262} INFO - Creating ORM DAG for example_sensor_decorator
[2025-02-09T18:48:14.515-0700] {logging_mixin.py:190} INFO - [2025-02-09T18:48:14.515-0700] {dag.py:4180} INFO - Setting next_dagrun for example_sensor_decorator to None, run_after=None
[2025-02-09T18:48:14.522-0700] {processor.py:208} INFO - Processing /Users/pranithjain/Desktop/DE Project/Apache Airflow Project/venv/lib/python3.10/site-packages/airflow/example_dags/example_sensor_decorator.py took 0.368 seconds
[2025-02-09T18:49:55.988-0700] {processor.py:186} INFO - Started process (PID=19171) to work on /Users/pranithjain/Desktop/DE Project/Apache Airflow Project/venv/lib/python3.10/site-packages/airflow/example_dags/example_sensor_decorator.py
[2025-02-09T18:49:55.989-0700] {processor.py:914} INFO - Processing file /Users/pranithjain/Desktop/DE Project/Apache Airflow Project/venv/lib/python3.10/site-packages/airflow/example_dags/example_sensor_decorator.py for tasks to queue
[2025-02-09T18:49:55.989-0700] {logging_mixin.py:190} INFO - [2025-02-09T18:49:55.989-0700] {dagbag.py:588} INFO - Filling up the DagBag from /Users/pranithjain/Desktop/DE Project/Apache Airflow Project/venv/lib/python3.10/site-packages/airflow/example_dags/example_sensor_decorator.py
[2025-02-09T18:49:56.005-0700] {processor.py:925} INFO - DAG(s) 'example_sensor_decorator' retrieved from /Users/pranithjain/Desktop/DE Project/Apache Airflow Project/venv/lib/python3.10/site-packages/airflow/example_dags/example_sensor_decorator.py
[2025-02-09T18:49:56.212-0700] {logging_mixin.py:190} INFO - [2025-02-09T18:49:56.212-0700] {dag.py:3239} INFO - Sync 1 DAGs
[2025-02-09T18:49:56.216-0700] {logging_mixin.py:190} INFO - [2025-02-09T18:49:56.216-0700] {dag.py:4180} INFO - Setting next_dagrun for example_sensor_decorator to None, run_after=None
[2025-02-09T18:49:56.223-0700] {processor.py:208} INFO - Processing /Users/pranithjain/Desktop/DE Project/Apache Airflow Project/venv/lib/python3.10/site-packages/airflow/example_dags/example_sensor_decorator.py took 0.236 seconds
[2025-02-09T18:52:18.823-0700] {processor.py:186} INFO - Started process (PID=19626) to work on /Users/pranithjain/Desktop/DE Project/Apache Airflow Project/venv/lib/python3.10/site-packages/airflow/example_dags/example_sensor_decorator.py
[2025-02-09T18:52:18.824-0700] {processor.py:914} INFO - Processing file /Users/pranithjain/Desktop/DE Project/Apache Airflow Project/venv/lib/python3.10/site-packages/airflow/example_dags/example_sensor_decorator.py for tasks to queue
[2025-02-09T18:52:18.825-0700] {logging_mixin.py:190} INFO - [2025-02-09T18:52:18.825-0700] {dagbag.py:588} INFO - Filling up the DagBag from /Users/pranithjain/Desktop/DE Project/Apache Airflow Project/venv/lib/python3.10/site-packages/airflow/example_dags/example_sensor_decorator.py
[2025-02-09T18:52:18.841-0700] {processor.py:925} INFO - DAG(s) 'example_sensor_decorator' retrieved from /Users/pranithjain/Desktop/DE Project/Apache Airflow Project/venv/lib/python3.10/site-packages/airflow/example_dags/example_sensor_decorator.py
[2025-02-09T18:52:19.044-0700] {logging_mixin.py:190} INFO - [2025-02-09T18:52:19.044-0700] {dag.py:3239} INFO - Sync 1 DAGs
[2025-02-09T18:52:19.049-0700] {logging_mixin.py:190} INFO - [2025-02-09T18:52:19.049-0700] {dag.py:4180} INFO - Setting next_dagrun for example_sensor_decorator to None, run_after=None
[2025-02-09T18:52:19.055-0700] {processor.py:208} INFO - Processing /Users/pranithjain/Desktop/DE Project/Apache Airflow Project/venv/lib/python3.10/site-packages/airflow/example_dags/example_sensor_decorator.py took 0.233 seconds
[2025-02-09T18:53:22.681-0700] {processor.py:186} INFO - Started process (PID=19821) to work on /Users/pranithjain/Desktop/DE Project/Apache Airflow Project/venv/lib/python3.10/site-packages/airflow/example_dags/example_sensor_decorator.py
[2025-02-09T18:53:22.683-0700] {processor.py:914} INFO - Processing file /Users/pranithjain/Desktop/DE Project/Apache Airflow Project/venv/lib/python3.10/site-packages/airflow/example_dags/example_sensor_decorator.py for tasks to queue
[2025-02-09T18:53:22.683-0700] {logging_mixin.py:190} INFO - [2025-02-09T18:53:22.683-0700] {dagbag.py:588} INFO - Filling up the DagBag from /Users/pranithjain/Desktop/DE Project/Apache Airflow Project/venv/lib/python3.10/site-packages/airflow/example_dags/example_sensor_decorator.py
[2025-02-09T18:53:22.698-0700] {processor.py:925} INFO - DAG(s) 'example_sensor_decorator' retrieved from /Users/pranithjain/Desktop/DE Project/Apache Airflow Project/venv/lib/python3.10/site-packages/airflow/example_dags/example_sensor_decorator.py
[2025-02-09T18:53:22.903-0700] {logging_mixin.py:190} INFO - [2025-02-09T18:53:22.903-0700] {dag.py:3239} INFO - Sync 1 DAGs
[2025-02-09T18:53:22.908-0700] {logging_mixin.py:190} INFO - [2025-02-09T18:53:22.908-0700] {dag.py:4180} INFO - Setting next_dagrun for example_sensor_decorator to None, run_after=None
[2025-02-09T18:53:22.915-0700] {processor.py:208} INFO - Processing /Users/pranithjain/Desktop/DE Project/Apache Airflow Project/venv/lib/python3.10/site-packages/airflow/example_dags/example_sensor_decorator.py took 0.236 seconds
[2025-02-09T18:55:04.483-0700] {processor.py:186} INFO - Started process (PID=20135) to work on /Users/pranithjain/Desktop/DE Project/Apache Airflow Project/venv/lib/python3.10/site-packages/airflow/example_dags/example_sensor_decorator.py
[2025-02-09T18:55:04.483-0700] {processor.py:914} INFO - Processing file /Users/pranithjain/Desktop/DE Project/Apache Airflow Project/venv/lib/python3.10/site-packages/airflow/example_dags/example_sensor_decorator.py for tasks to queue
[2025-02-09T18:55:04.484-0700] {logging_mixin.py:190} INFO - [2025-02-09T18:55:04.484-0700] {dagbag.py:588} INFO - Filling up the DagBag from /Users/pranithjain/Desktop/DE Project/Apache Airflow Project/venv/lib/python3.10/site-packages/airflow/example_dags/example_sensor_decorator.py
[2025-02-09T18:55:04.499-0700] {processor.py:925} INFO - DAG(s) 'example_sensor_decorator' retrieved from /Users/pranithjain/Desktop/DE Project/Apache Airflow Project/venv/lib/python3.10/site-packages/airflow/example_dags/example_sensor_decorator.py
[2025-02-09T18:55:04.707-0700] {logging_mixin.py:190} INFO - [2025-02-09T18:55:04.707-0700] {dag.py:3239} INFO - Sync 1 DAGs
[2025-02-09T18:55:04.712-0700] {logging_mixin.py:190} INFO - [2025-02-09T18:55:04.712-0700] {dag.py:4180} INFO - Setting next_dagrun for example_sensor_decorator to None, run_after=None
[2025-02-09T18:55:04.719-0700] {processor.py:208} INFO - Processing /Users/pranithjain/Desktop/DE Project/Apache Airflow Project/venv/lib/python3.10/site-packages/airflow/example_dags/example_sensor_decorator.py took 0.237 seconds
[2025-02-09T18:57:30.604-0700] {processor.py:186} INFO - Started process (PID=20591) to work on /Users/pranithjain/Desktop/DE Project/Apache Airflow Project/venv/lib/python3.10/site-packages/airflow/example_dags/example_sensor_decorator.py
[2025-02-09T18:57:30.604-0700] {processor.py:914} INFO - Processing file /Users/pranithjain/Desktop/DE Project/Apache Airflow Project/venv/lib/python3.10/site-packages/airflow/example_dags/example_sensor_decorator.py for tasks to queue
[2025-02-09T18:57:30.605-0700] {logging_mixin.py:190} INFO - [2025-02-09T18:57:30.605-0700] {dagbag.py:588} INFO - Filling up the DagBag from /Users/pranithjain/Desktop/DE Project/Apache Airflow Project/venv/lib/python3.10/site-packages/airflow/example_dags/example_sensor_decorator.py
[2025-02-09T18:57:30.620-0700] {processor.py:925} INFO - DAG(s) 'example_sensor_decorator' retrieved from /Users/pranithjain/Desktop/DE Project/Apache Airflow Project/venv/lib/python3.10/site-packages/airflow/example_dags/example_sensor_decorator.py
[2025-02-09T18:57:30.824-0700] {logging_mixin.py:190} INFO - [2025-02-09T18:57:30.823-0700] {dag.py:3239} INFO - Sync 1 DAGs
[2025-02-09T18:57:30.828-0700] {logging_mixin.py:190} INFO - [2025-02-09T18:57:30.828-0700] {dag.py:4180} INFO - Setting next_dagrun for example_sensor_decorator to None, run_after=None
[2025-02-09T18:57:30.835-0700] {processor.py:208} INFO - Processing /Users/pranithjain/Desktop/DE Project/Apache Airflow Project/venv/lib/python3.10/site-packages/airflow/example_dags/example_sensor_decorator.py took 0.233 seconds
[2025-02-09T19:06:58.112-0700] {processor.py:186} INFO - Started process (PID=22000) to work on /Users/pranithjain/Desktop/DE Project/Apache Airflow Project/venv/lib/python3.10/site-packages/airflow/example_dags/example_sensor_decorator.py
[2025-02-09T19:06:58.113-0700] {processor.py:914} INFO - Processing file /Users/pranithjain/Desktop/DE Project/Apache Airflow Project/venv/lib/python3.10/site-packages/airflow/example_dags/example_sensor_decorator.py for tasks to queue
[2025-02-09T19:06:58.113-0700] {logging_mixin.py:190} INFO - [2025-02-09T19:06:58.113-0700] {dagbag.py:588} INFO - Filling up the DagBag from /Users/pranithjain/Desktop/DE Project/Apache Airflow Project/venv/lib/python3.10/site-packages/airflow/example_dags/example_sensor_decorator.py
[2025-02-09T19:06:58.129-0700] {processor.py:925} INFO - DAG(s) 'example_sensor_decorator' retrieved from /Users/pranithjain/Desktop/DE Project/Apache Airflow Project/venv/lib/python3.10/site-packages/airflow/example_dags/example_sensor_decorator.py
[2025-02-09T19:06:58.340-0700] {logging_mixin.py:190} INFO - [2025-02-09T19:06:58.340-0700] {dag.py:3239} INFO - Sync 1 DAGs
[2025-02-09T19:06:58.345-0700] {logging_mixin.py:190} INFO - [2025-02-09T19:06:58.345-0700] {dag.py:4180} INFO - Setting next_dagrun for example_sensor_decorator to None, run_after=None
[2025-02-09T19:06:58.353-0700] {processor.py:208} INFO - Processing /Users/pranithjain/Desktop/DE Project/Apache Airflow Project/venv/lib/python3.10/site-packages/airflow/example_dags/example_sensor_decorator.py took 0.242 seconds
[2025-02-09T19:08:36.320-0700] {processor.py:186} INFO - Started process (PID=22303) to work on /Users/pranithjain/Desktop/DE Project/Apache Airflow Project/venv/lib/python3.10/site-packages/airflow/example_dags/example_sensor_decorator.py
[2025-02-09T19:08:36.321-0700] {processor.py:914} INFO - Processing file /Users/pranithjain/Desktop/DE Project/Apache Airflow Project/venv/lib/python3.10/site-packages/airflow/example_dags/example_sensor_decorator.py for tasks to queue
[2025-02-09T19:08:36.321-0700] {logging_mixin.py:190} INFO - [2025-02-09T19:08:36.321-0700] {dagbag.py:588} INFO - Filling up the DagBag from /Users/pranithjain/Desktop/DE Project/Apache Airflow Project/venv/lib/python3.10/site-packages/airflow/example_dags/example_sensor_decorator.py
[2025-02-09T19:08:36.337-0700] {processor.py:925} INFO - DAG(s) 'example_sensor_decorator' retrieved from /Users/pranithjain/Desktop/DE Project/Apache Airflow Project/venv/lib/python3.10/site-packages/airflow/example_dags/example_sensor_decorator.py
[2025-02-09T19:08:36.546-0700] {logging_mixin.py:190} INFO - [2025-02-09T19:08:36.546-0700] {dag.py:3239} INFO - Sync 1 DAGs
[2025-02-09T19:08:36.550-0700] {logging_mixin.py:190} INFO - [2025-02-09T19:08:36.550-0700] {dag.py:4180} INFO - Setting next_dagrun for example_sensor_decorator to None, run_after=None
[2025-02-09T19:08:36.557-0700] {processor.py:208} INFO - Processing /Users/pranithjain/Desktop/DE Project/Apache Airflow Project/venv/lib/python3.10/site-packages/airflow/example_dags/example_sensor_decorator.py took 0.239 seconds
[2025-02-09T19:13:28.636-0700] {processor.py:186} INFO - Started process (PID=23159) to work on /Users/pranithjain/Desktop/DE Project/Apache Airflow Project/venv/lib/python3.10/site-packages/airflow/example_dags/example_sensor_decorator.py
[2025-02-09T19:13:28.636-0700] {processor.py:914} INFO - Processing file /Users/pranithjain/Desktop/DE Project/Apache Airflow Project/venv/lib/python3.10/site-packages/airflow/example_dags/example_sensor_decorator.py for tasks to queue
[2025-02-09T19:13:28.637-0700] {logging_mixin.py:190} INFO - [2025-02-09T19:13:28.637-0700] {dagbag.py:588} INFO - Filling up the DagBag from /Users/pranithjain/Desktop/DE Project/Apache Airflow Project/venv/lib/python3.10/site-packages/airflow/example_dags/example_sensor_decorator.py
[2025-02-09T19:13:28.653-0700] {processor.py:925} INFO - DAG(s) 'example_sensor_decorator' retrieved from /Users/pranithjain/Desktop/DE Project/Apache Airflow Project/venv/lib/python3.10/site-packages/airflow/example_dags/example_sensor_decorator.py
[2025-02-09T19:13:28.945-0700] {logging_mixin.py:190} INFO - [2025-02-09T19:13:28.945-0700] {dag.py:3239} INFO - Sync 1 DAGs
[2025-02-09T19:13:28.949-0700] {logging_mixin.py:190} INFO - [2025-02-09T19:13:28.949-0700] {dag.py:4180} INFO - Setting next_dagrun for example_sensor_decorator to None, run_after=None
[2025-02-09T19:13:28.956-0700] {processor.py:208} INFO - Processing /Users/pranithjain/Desktop/DE Project/Apache Airflow Project/venv/lib/python3.10/site-packages/airflow/example_dags/example_sensor_decorator.py took 0.322 seconds
[2025-02-09T19:15:11.486-0700] {processor.py:186} INFO - Started process (PID=23470) to work on /Users/pranithjain/Desktop/DE Project/Apache Airflow Project/venv/lib/python3.10/site-packages/airflow/example_dags/example_sensor_decorator.py
[2025-02-09T19:15:11.486-0700] {processor.py:914} INFO - Processing file /Users/pranithjain/Desktop/DE Project/Apache Airflow Project/venv/lib/python3.10/site-packages/airflow/example_dags/example_sensor_decorator.py for tasks to queue
[2025-02-09T19:15:11.487-0700] {logging_mixin.py:190} INFO - [2025-02-09T19:15:11.487-0700] {dagbag.py:588} INFO - Filling up the DagBag from /Users/pranithjain/Desktop/DE Project/Apache Airflow Project/venv/lib/python3.10/site-packages/airflow/example_dags/example_sensor_decorator.py
[2025-02-09T19:15:11.501-0700] {processor.py:925} INFO - DAG(s) 'example_sensor_decorator' retrieved from /Users/pranithjain/Desktop/DE Project/Apache Airflow Project/venv/lib/python3.10/site-packages/airflow/example_dags/example_sensor_decorator.py
[2025-02-09T19:15:11.704-0700] {logging_mixin.py:190} INFO - [2025-02-09T19:15:11.704-0700] {dag.py:3239} INFO - Sync 1 DAGs
[2025-02-09T19:15:11.709-0700] {logging_mixin.py:190} INFO - [2025-02-09T19:15:11.709-0700] {dag.py:4180} INFO - Setting next_dagrun for example_sensor_decorator to None, run_after=None
[2025-02-09T19:15:11.716-0700] {processor.py:208} INFO - Processing /Users/pranithjain/Desktop/DE Project/Apache Airflow Project/venv/lib/python3.10/site-packages/airflow/example_dags/example_sensor_decorator.py took 0.232 seconds
[2025-02-09T19:17:30.251-0700] {processor.py:186} INFO - Started process (PID=23896) to work on /Users/pranithjain/Desktop/DE Project/Apache Airflow Project/venv/lib/python3.10/site-packages/airflow/example_dags/example_sensor_decorator.py
[2025-02-09T19:17:30.252-0700] {processor.py:914} INFO - Processing file /Users/pranithjain/Desktop/DE Project/Apache Airflow Project/venv/lib/python3.10/site-packages/airflow/example_dags/example_sensor_decorator.py for tasks to queue
[2025-02-09T19:17:30.253-0700] {logging_mixin.py:190} INFO - [2025-02-09T19:17:30.253-0700] {dagbag.py:588} INFO - Filling up the DagBag from /Users/pranithjain/Desktop/DE Project/Apache Airflow Project/venv/lib/python3.10/site-packages/airflow/example_dags/example_sensor_decorator.py
[2025-02-09T19:17:30.269-0700] {processor.py:925} INFO - DAG(s) 'example_sensor_decorator' retrieved from /Users/pranithjain/Desktop/DE Project/Apache Airflow Project/venv/lib/python3.10/site-packages/airflow/example_dags/example_sensor_decorator.py
[2025-02-09T19:17:30.475-0700] {logging_mixin.py:190} INFO - [2025-02-09T19:17:30.475-0700] {dag.py:3239} INFO - Sync 1 DAGs
[2025-02-09T19:17:30.479-0700] {logging_mixin.py:190} INFO - [2025-02-09T19:17:30.479-0700] {dag.py:4180} INFO - Setting next_dagrun for example_sensor_decorator to None, run_after=None
[2025-02-09T19:17:30.485-0700] {processor.py:208} INFO - Processing /Users/pranithjain/Desktop/DE Project/Apache Airflow Project/venv/lib/python3.10/site-packages/airflow/example_dags/example_sensor_decorator.py took 0.237 seconds
[2025-02-09T19:19:57.160-0700] {processor.py:186} INFO - Started process (PID=24348) to work on /Users/pranithjain/Desktop/DE Project/Apache Airflow Project/venv/lib/python3.10/site-packages/airflow/example_dags/example_sensor_decorator.py
[2025-02-09T19:19:57.160-0700] {processor.py:914} INFO - Processing file /Users/pranithjain/Desktop/DE Project/Apache Airflow Project/venv/lib/python3.10/site-packages/airflow/example_dags/example_sensor_decorator.py for tasks to queue
[2025-02-09T19:19:57.161-0700] {logging_mixin.py:190} INFO - [2025-02-09T19:19:57.161-0700] {dagbag.py:588} INFO - Filling up the DagBag from /Users/pranithjain/Desktop/DE Project/Apache Airflow Project/venv/lib/python3.10/site-packages/airflow/example_dags/example_sensor_decorator.py
[2025-02-09T19:19:57.176-0700] {processor.py:925} INFO - DAG(s) 'example_sensor_decorator' retrieved from /Users/pranithjain/Desktop/DE Project/Apache Airflow Project/venv/lib/python3.10/site-packages/airflow/example_dags/example_sensor_decorator.py
[2025-02-09T19:19:57.392-0700] {logging_mixin.py:190} INFO - [2025-02-09T19:19:57.392-0700] {dag.py:3239} INFO - Sync 1 DAGs
[2025-02-09T19:19:57.396-0700] {logging_mixin.py:190} INFO - [2025-02-09T19:19:57.396-0700] {dag.py:4180} INFO - Setting next_dagrun for example_sensor_decorator to None, run_after=None
[2025-02-09T19:19:57.403-0700] {processor.py:208} INFO - Processing /Users/pranithjain/Desktop/DE Project/Apache Airflow Project/venv/lib/python3.10/site-packages/airflow/example_dags/example_sensor_decorator.py took 0.245 seconds
[2025-02-09T19:22:24.608-0700] {processor.py:186} INFO - Started process (PID=24887) to work on /Users/pranithjain/Desktop/DE Project/Apache Airflow Project/venv/lib/python3.10/site-packages/airflow/example_dags/example_sensor_decorator.py
[2025-02-09T19:22:24.608-0700] {processor.py:914} INFO - Processing file /Users/pranithjain/Desktop/DE Project/Apache Airflow Project/venv/lib/python3.10/site-packages/airflow/example_dags/example_sensor_decorator.py for tasks to queue
[2025-02-09T19:22:24.609-0700] {logging_mixin.py:190} INFO - [2025-02-09T19:22:24.609-0700] {dagbag.py:588} INFO - Filling up the DagBag from /Users/pranithjain/Desktop/DE Project/Apache Airflow Project/venv/lib/python3.10/site-packages/airflow/example_dags/example_sensor_decorator.py
[2025-02-09T19:22:24.628-0700] {processor.py:925} INFO - DAG(s) 'example_sensor_decorator' retrieved from /Users/pranithjain/Desktop/DE Project/Apache Airflow Project/venv/lib/python3.10/site-packages/airflow/example_dags/example_sensor_decorator.py
[2025-02-09T19:22:24.838-0700] {logging_mixin.py:190} INFO - [2025-02-09T19:22:24.838-0700] {dag.py:3239} INFO - Sync 1 DAGs
[2025-02-09T19:22:24.843-0700] {logging_mixin.py:190} INFO - [2025-02-09T19:22:24.843-0700] {dag.py:4180} INFO - Setting next_dagrun for example_sensor_decorator to None, run_after=None
[2025-02-09T19:22:24.850-0700] {processor.py:208} INFO - Processing /Users/pranithjain/Desktop/DE Project/Apache Airflow Project/venv/lib/python3.10/site-packages/airflow/example_dags/example_sensor_decorator.py took 0.243 seconds
[2025-02-09T19:24:41.441-0700] {processor.py:186} INFO - Started process (PID=25310) to work on /Users/pranithjain/Desktop/DE Project/Apache Airflow Project/venv/lib/python3.10/site-packages/airflow/example_dags/example_sensor_decorator.py
[2025-02-09T19:24:41.442-0700] {processor.py:914} INFO - Processing file /Users/pranithjain/Desktop/DE Project/Apache Airflow Project/venv/lib/python3.10/site-packages/airflow/example_dags/example_sensor_decorator.py for tasks to queue
[2025-02-09T19:24:41.442-0700] {logging_mixin.py:190} INFO - [2025-02-09T19:24:41.442-0700] {dagbag.py:588} INFO - Filling up the DagBag from /Users/pranithjain/Desktop/DE Project/Apache Airflow Project/venv/lib/python3.10/site-packages/airflow/example_dags/example_sensor_decorator.py
[2025-02-09T19:24:41.458-0700] {processor.py:925} INFO - DAG(s) 'example_sensor_decorator' retrieved from /Users/pranithjain/Desktop/DE Project/Apache Airflow Project/venv/lib/python3.10/site-packages/airflow/example_dags/example_sensor_decorator.py
[2025-02-09T19:24:41.664-0700] {logging_mixin.py:190} INFO - [2025-02-09T19:24:41.663-0700] {dag.py:3239} INFO - Sync 1 DAGs
[2025-02-09T19:24:41.668-0700] {logging_mixin.py:190} INFO - [2025-02-09T19:24:41.668-0700] {dag.py:4180} INFO - Setting next_dagrun for example_sensor_decorator to None, run_after=None
[2025-02-09T19:24:41.675-0700] {processor.py:208} INFO - Processing /Users/pranithjain/Desktop/DE Project/Apache Airflow Project/venv/lib/python3.10/site-packages/airflow/example_dags/example_sensor_decorator.py took 0.235 seconds
[2025-02-09T19:27:01.049-0700] {processor.py:186} INFO - Started process (PID=25856) to work on /Users/pranithjain/Desktop/DE Project/Apache Airflow Project/venv/lib/python3.10/site-packages/airflow/example_dags/example_sensor_decorator.py
[2025-02-09T19:27:01.050-0700] {processor.py:914} INFO - Processing file /Users/pranithjain/Desktop/DE Project/Apache Airflow Project/venv/lib/python3.10/site-packages/airflow/example_dags/example_sensor_decorator.py for tasks to queue
[2025-02-09T19:27:01.051-0700] {logging_mixin.py:190} INFO - [2025-02-09T19:27:01.051-0700] {dagbag.py:588} INFO - Filling up the DagBag from /Users/pranithjain/Desktop/DE Project/Apache Airflow Project/venv/lib/python3.10/site-packages/airflow/example_dags/example_sensor_decorator.py
[2025-02-09T19:27:01.067-0700] {processor.py:925} INFO - DAG(s) 'example_sensor_decorator' retrieved from /Users/pranithjain/Desktop/DE Project/Apache Airflow Project/venv/lib/python3.10/site-packages/airflow/example_dags/example_sensor_decorator.py
[2025-02-09T19:27:01.279-0700] {logging_mixin.py:190} INFO - [2025-02-09T19:27:01.279-0700] {dag.py:3239} INFO - Sync 1 DAGs
[2025-02-09T19:27:01.284-0700] {logging_mixin.py:190} INFO - [2025-02-09T19:27:01.284-0700] {dag.py:4180} INFO - Setting next_dagrun for example_sensor_decorator to None, run_after=None
[2025-02-09T19:27:01.291-0700] {processor.py:208} INFO - Processing /Users/pranithjain/Desktop/DE Project/Apache Airflow Project/venv/lib/python3.10/site-packages/airflow/example_dags/example_sensor_decorator.py took 0.244 seconds
[2025-02-09T19:28:53.693-0700] {processor.py:186} INFO - Started process (PID=26222) to work on /Users/pranithjain/Desktop/DE Project/Apache Airflow Project/venv/lib/python3.10/site-packages/airflow/example_dags/example_sensor_decorator.py
[2025-02-09T19:28:53.695-0700] {processor.py:914} INFO - Processing file /Users/pranithjain/Desktop/DE Project/Apache Airflow Project/venv/lib/python3.10/site-packages/airflow/example_dags/example_sensor_decorator.py for tasks to queue
[2025-02-09T19:28:53.695-0700] {logging_mixin.py:190} INFO - [2025-02-09T19:28:53.695-0700] {dagbag.py:588} INFO - Filling up the DagBag from /Users/pranithjain/Desktop/DE Project/Apache Airflow Project/venv/lib/python3.10/site-packages/airflow/example_dags/example_sensor_decorator.py
[2025-02-09T19:28:53.712-0700] {processor.py:925} INFO - DAG(s) 'example_sensor_decorator' retrieved from /Users/pranithjain/Desktop/DE Project/Apache Airflow Project/venv/lib/python3.10/site-packages/airflow/example_dags/example_sensor_decorator.py
[2025-02-09T19:28:53.931-0700] {logging_mixin.py:190} INFO - [2025-02-09T19:28:53.930-0700] {dag.py:3239} INFO - Sync 1 DAGs
[2025-02-09T19:28:53.935-0700] {logging_mixin.py:190} INFO - [2025-02-09T19:28:53.935-0700] {dag.py:4180} INFO - Setting next_dagrun for example_sensor_decorator to None, run_after=None
[2025-02-09T19:28:53.942-0700] {processor.py:208} INFO - Processing /Users/pranithjain/Desktop/DE Project/Apache Airflow Project/venv/lib/python3.10/site-packages/airflow/example_dags/example_sensor_decorator.py took 0.250 seconds
