[2025-02-09T18:48:24.203-0700] {processor.py:186} INFO - Started process (PID=18887) to work on /Users/pranithjain/Desktop/DE Project/Apache Airflow Project/venv/lib/python3.10/site-packages/airflow/example_dags/example_outlet_event_extra.py
[2025-02-09T18:48:24.203-0700] {processor.py:914} INFO - Processing file /Users/pranithjain/Desktop/DE Project/Apache Airflow Project/venv/lib/python3.10/site-packages/airflow/example_dags/example_outlet_event_extra.py for tasks to queue
[2025-02-09T18:48:24.204-0700] {logging_mixin.py:190} INFO - [2025-02-09T18:48:24.203-0700] {dagbag.py:588} INFO - Filling up the DagBag from /Users/pranithjain/Desktop/DE Project/Apache Airflow Project/venv/lib/python3.10/site-packages/airflow/example_dags/example_outlet_event_extra.py
[2025-02-09T18:48:24.236-0700] {processor.py:925} INFO - DAG(s) 'dataset_with_extra_from_classic_operator', 'dataset_with_extra_by_context', 'dataset_with_extra_by_yield' retrieved from /Users/pranithjain/Desktop/DE Project/Apache Airflow Project/venv/lib/python3.10/site-packages/airflow/example_dags/example_outlet_event_extra.py
[2025-02-09T18:48:24.343-0700] {logging_mixin.py:190} INFO - [2025-02-09T18:48:24.342-0700] {override.py:1930} INFO - Created Permission View: can read on DAG:dataset_with_extra_from_classic_operator
[2025-02-09T18:48:24.346-0700] {logging_mixin.py:190} INFO - [2025-02-09T18:48:24.346-0700] {override.py:1930} INFO - Created Permission View: can delete on DAG:dataset_with_extra_from_classic_operator
[2025-02-09T18:48:24.349-0700] {logging_mixin.py:190} INFO - [2025-02-09T18:48:24.349-0700] {override.py:1930} INFO - Created Permission View: can edit on DAG:dataset_with_extra_from_classic_operator
[2025-02-09T18:48:24.352-0700] {logging_mixin.py:190} INFO - [2025-02-09T18:48:24.351-0700] {override.py:1930} INFO - Created Permission View: menu access on DAG Run:dataset_with_extra_from_classic_operator
[2025-02-09T18:48:24.354-0700] {logging_mixin.py:190} INFO - [2025-02-09T18:48:24.354-0700] {override.py:1930} INFO - Created Permission View: can read on DAG Run:dataset_with_extra_from_classic_operator
[2025-02-09T18:48:24.356-0700] {logging_mixin.py:190} INFO - [2025-02-09T18:48:24.356-0700] {override.py:1930} INFO - Created Permission View: can delete on DAG Run:dataset_with_extra_from_classic_operator
[2025-02-09T18:48:24.358-0700] {logging_mixin.py:190} INFO - [2025-02-09T18:48:24.358-0700] {override.py:1930} INFO - Created Permission View: can create on DAG Run:dataset_with_extra_from_classic_operator
[2025-02-09T18:48:24.363-0700] {logging_mixin.py:190} INFO - [2025-02-09T18:48:24.363-0700] {override.py:1930} INFO - Created Permission View: can read on DAG:dataset_with_extra_by_context
[2025-02-09T18:48:24.365-0700] {logging_mixin.py:190} INFO - [2025-02-09T18:48:24.365-0700] {override.py:1930} INFO - Created Permission View: can delete on DAG:dataset_with_extra_by_context
[2025-02-09T18:48:24.368-0700] {logging_mixin.py:190} INFO - [2025-02-09T18:48:24.368-0700] {override.py:1930} INFO - Created Permission View: can edit on DAG:dataset_with_extra_by_context
[2025-02-09T18:48:24.370-0700] {logging_mixin.py:190} INFO - [2025-02-09T18:48:24.370-0700] {override.py:1930} INFO - Created Permission View: menu access on DAG Run:dataset_with_extra_by_context
[2025-02-09T18:48:24.372-0700] {logging_mixin.py:190} INFO - [2025-02-09T18:48:24.372-0700] {override.py:1930} INFO - Created Permission View: can read on DAG Run:dataset_with_extra_by_context
[2025-02-09T18:48:24.375-0700] {logging_mixin.py:190} INFO - [2025-02-09T18:48:24.375-0700] {override.py:1930} INFO - Created Permission View: can delete on DAG Run:dataset_with_extra_by_context
[2025-02-09T18:48:24.377-0700] {logging_mixin.py:190} INFO - [2025-02-09T18:48:24.377-0700] {override.py:1930} INFO - Created Permission View: can create on DAG Run:dataset_with_extra_by_context
[2025-02-09T18:48:24.382-0700] {logging_mixin.py:190} INFO - [2025-02-09T18:48:24.382-0700] {override.py:1930} INFO - Created Permission View: can read on DAG:dataset_with_extra_by_yield
[2025-02-09T18:48:24.384-0700] {logging_mixin.py:190} INFO - [2025-02-09T18:48:24.384-0700] {override.py:1930} INFO - Created Permission View: can delete on DAG:dataset_with_extra_by_yield
[2025-02-09T18:48:24.386-0700] {logging_mixin.py:190} INFO - [2025-02-09T18:48:24.386-0700] {override.py:1930} INFO - Created Permission View: can edit on DAG:dataset_with_extra_by_yield
[2025-02-09T18:48:24.389-0700] {logging_mixin.py:190} INFO - [2025-02-09T18:48:24.389-0700] {override.py:1930} INFO - Created Permission View: menu access on DAG Run:dataset_with_extra_by_yield
[2025-02-09T18:48:24.391-0700] {logging_mixin.py:190} INFO - [2025-02-09T18:48:24.391-0700] {override.py:1930} INFO - Created Permission View: can read on DAG Run:dataset_with_extra_by_yield
[2025-02-09T18:48:24.393-0700] {logging_mixin.py:190} INFO - [2025-02-09T18:48:24.393-0700] {override.py:1930} INFO - Created Permission View: can delete on DAG Run:dataset_with_extra_by_yield
[2025-02-09T18:48:24.395-0700] {logging_mixin.py:190} INFO - [2025-02-09T18:48:24.395-0700] {override.py:1930} INFO - Created Permission View: can create on DAG Run:dataset_with_extra_by_yield
[2025-02-09T18:48:24.395-0700] {logging_mixin.py:190} INFO - [2025-02-09T18:48:24.395-0700] {dag.py:3239} INFO - Sync 3 DAGs
[2025-02-09T18:48:24.401-0700] {logging_mixin.py:190} INFO - [2025-02-09T18:48:24.400-0700] {dag.py:3262} INFO - Creating ORM DAG for dataset_with_extra_by_context
[2025-02-09T18:48:24.401-0700] {logging_mixin.py:190} INFO - [2025-02-09T18:48:24.401-0700] {dag.py:3262} INFO - Creating ORM DAG for dataset_with_extra_by_yield
[2025-02-09T18:48:24.401-0700] {logging_mixin.py:190} INFO - [2025-02-09T18:48:24.401-0700] {dag.py:3262} INFO - Creating ORM DAG for dataset_with_extra_from_classic_operator
[2025-02-09T18:48:24.405-0700] {logging_mixin.py:190} INFO - [2025-02-09T18:48:24.405-0700] {dag.py:4180} INFO - Setting next_dagrun for dataset_with_extra_by_context to 2025-02-09 00:00:00+00:00, run_after=2025-02-10 00:00:00+00:00
[2025-02-09T18:48:24.405-0700] {logging_mixin.py:190} INFO - [2025-02-09T18:48:24.405-0700] {dag.py:4180} INFO - Setting next_dagrun for dataset_with_extra_by_yield to 2025-02-09 00:00:00+00:00, run_after=2025-02-10 00:00:00+00:00
[2025-02-09T18:48:24.406-0700] {logging_mixin.py:190} INFO - [2025-02-09T18:48:24.406-0700] {dag.py:4180} INFO - Setting next_dagrun for dataset_with_extra_from_classic_operator to 2025-02-09 00:00:00+00:00, run_after=2025-02-10 00:00:00+00:00
[2025-02-09T18:48:24.601-0700] {processor.py:208} INFO - Processing /Users/pranithjain/Desktop/DE Project/Apache Airflow Project/venv/lib/python3.10/site-packages/airflow/example_dags/example_outlet_event_extra.py took 0.401 seconds
[2025-02-09T18:50:06.901-0700] {processor.py:186} INFO - Started process (PID=19204) to work on /Users/pranithjain/Desktop/DE Project/Apache Airflow Project/venv/lib/python3.10/site-packages/airflow/example_dags/example_outlet_event_extra.py
[2025-02-09T18:50:06.902-0700] {processor.py:914} INFO - Processing file /Users/pranithjain/Desktop/DE Project/Apache Airflow Project/venv/lib/python3.10/site-packages/airflow/example_dags/example_outlet_event_extra.py for tasks to queue
[2025-02-09T18:50:06.902-0700] {logging_mixin.py:190} INFO - [2025-02-09T18:50:06.902-0700] {dagbag.py:588} INFO - Filling up the DagBag from /Users/pranithjain/Desktop/DE Project/Apache Airflow Project/venv/lib/python3.10/site-packages/airflow/example_dags/example_outlet_event_extra.py
[2025-02-09T18:50:06.932-0700] {processor.py:925} INFO - DAG(s) 'dataset_with_extra_from_classic_operator', 'dataset_with_extra_by_yield', 'dataset_with_extra_by_context' retrieved from /Users/pranithjain/Desktop/DE Project/Apache Airflow Project/venv/lib/python3.10/site-packages/airflow/example_dags/example_outlet_event_extra.py
[2025-02-09T18:50:06.998-0700] {logging_mixin.py:190} INFO - [2025-02-09T18:50:06.998-0700] {dag.py:3239} INFO - Sync 3 DAGs
[2025-02-09T18:50:07.006-0700] {logging_mixin.py:190} INFO - [2025-02-09T18:50:07.006-0700] {dag.py:4180} INFO - Setting next_dagrun for dataset_with_extra_by_context to 2025-02-09 00:00:00+00:00, run_after=2025-02-10 00:00:00+00:00
[2025-02-09T18:50:07.008-0700] {logging_mixin.py:190} INFO - [2025-02-09T18:50:07.008-0700] {dag.py:4180} INFO - Setting next_dagrun for dataset_with_extra_by_yield to 2025-02-09 00:00:00+00:00, run_after=2025-02-10 00:00:00+00:00
[2025-02-09T18:50:07.009-0700] {logging_mixin.py:190} INFO - [2025-02-09T18:50:07.009-0700] {dag.py:4180} INFO - Setting next_dagrun for dataset_with_extra_from_classic_operator to 2025-02-09 00:00:00+00:00, run_after=2025-02-10 00:00:00+00:00
[2025-02-09T18:50:07.016-0700] {processor.py:208} INFO - Processing /Users/pranithjain/Desktop/DE Project/Apache Airflow Project/venv/lib/python3.10/site-packages/airflow/example_dags/example_outlet_event_extra.py took 0.117 seconds
[2025-02-09T18:53:32.780-0700] {processor.py:186} INFO - Started process (PID=19853) to work on /Users/pranithjain/Desktop/DE Project/Apache Airflow Project/venv/lib/python3.10/site-packages/airflow/example_dags/example_outlet_event_extra.py
[2025-02-09T18:53:32.782-0700] {processor.py:914} INFO - Processing file /Users/pranithjain/Desktop/DE Project/Apache Airflow Project/venv/lib/python3.10/site-packages/airflow/example_dags/example_outlet_event_extra.py for tasks to queue
[2025-02-09T18:53:32.782-0700] {logging_mixin.py:190} INFO - [2025-02-09T18:53:32.782-0700] {dagbag.py:588} INFO - Filling up the DagBag from /Users/pranithjain/Desktop/DE Project/Apache Airflow Project/venv/lib/python3.10/site-packages/airflow/example_dags/example_outlet_event_extra.py
[2025-02-09T18:53:32.816-0700] {processor.py:925} INFO - DAG(s) 'dataset_with_extra_by_yield', 'dataset_with_extra_by_context', 'dataset_with_extra_from_classic_operator' retrieved from /Users/pranithjain/Desktop/DE Project/Apache Airflow Project/venv/lib/python3.10/site-packages/airflow/example_dags/example_outlet_event_extra.py
[2025-02-09T18:53:32.882-0700] {logging_mixin.py:190} INFO - [2025-02-09T18:53:32.882-0700] {dag.py:3239} INFO - Sync 3 DAGs
[2025-02-09T18:53:32.890-0700] {logging_mixin.py:190} INFO - [2025-02-09T18:53:32.890-0700] {dag.py:4180} INFO - Setting next_dagrun for dataset_with_extra_by_context to 2025-02-09 00:00:00+00:00, run_after=2025-02-10 00:00:00+00:00
[2025-02-09T18:53:32.891-0700] {logging_mixin.py:190} INFO - [2025-02-09T18:53:32.891-0700] {dag.py:4180} INFO - Setting next_dagrun for dataset_with_extra_by_yield to 2025-02-09 00:00:00+00:00, run_after=2025-02-10 00:00:00+00:00
[2025-02-09T18:53:32.892-0700] {logging_mixin.py:190} INFO - [2025-02-09T18:53:32.892-0700] {dag.py:4180} INFO - Setting next_dagrun for dataset_with_extra_from_classic_operator to 2025-02-09 00:00:00+00:00, run_after=2025-02-10 00:00:00+00:00
[2025-02-09T18:53:32.900-0700] {processor.py:208} INFO - Processing /Users/pranithjain/Desktop/DE Project/Apache Airflow Project/venv/lib/python3.10/site-packages/airflow/example_dags/example_outlet_event_extra.py took 0.121 seconds
[2025-02-09T18:55:14.126-0700] {processor.py:186} INFO - Started process (PID=20166) to work on /Users/pranithjain/Desktop/DE Project/Apache Airflow Project/venv/lib/python3.10/site-packages/airflow/example_dags/example_outlet_event_extra.py
[2025-02-09T18:55:14.126-0700] {processor.py:914} INFO - Processing file /Users/pranithjain/Desktop/DE Project/Apache Airflow Project/venv/lib/python3.10/site-packages/airflow/example_dags/example_outlet_event_extra.py for tasks to queue
[2025-02-09T18:55:14.127-0700] {logging_mixin.py:190} INFO - [2025-02-09T18:55:14.127-0700] {dagbag.py:588} INFO - Filling up the DagBag from /Users/pranithjain/Desktop/DE Project/Apache Airflow Project/venv/lib/python3.10/site-packages/airflow/example_dags/example_outlet_event_extra.py
[2025-02-09T18:55:14.156-0700] {processor.py:925} INFO - DAG(s) 'dataset_with_extra_from_classic_operator', 'dataset_with_extra_by_context', 'dataset_with_extra_by_yield' retrieved from /Users/pranithjain/Desktop/DE Project/Apache Airflow Project/venv/lib/python3.10/site-packages/airflow/example_dags/example_outlet_event_extra.py
[2025-02-09T18:55:14.225-0700] {logging_mixin.py:190} INFO - [2025-02-09T18:55:14.224-0700] {dag.py:3239} INFO - Sync 3 DAGs
[2025-02-09T18:55:14.233-0700] {logging_mixin.py:190} INFO - [2025-02-09T18:55:14.233-0700] {dag.py:4180} INFO - Setting next_dagrun for dataset_with_extra_by_context to 2025-02-09 00:00:00+00:00, run_after=2025-02-10 00:00:00+00:00
[2025-02-09T18:55:14.234-0700] {logging_mixin.py:190} INFO - [2025-02-09T18:55:14.234-0700] {dag.py:4180} INFO - Setting next_dagrun for dataset_with_extra_by_yield to 2025-02-09 00:00:00+00:00, run_after=2025-02-10 00:00:00+00:00
[2025-02-09T18:55:14.235-0700] {logging_mixin.py:190} INFO - [2025-02-09T18:55:14.235-0700] {dag.py:4180} INFO - Setting next_dagrun for dataset_with_extra_from_classic_operator to 2025-02-09 00:00:00+00:00, run_after=2025-02-10 00:00:00+00:00
[2025-02-09T18:55:14.243-0700] {processor.py:208} INFO - Processing /Users/pranithjain/Desktop/DE Project/Apache Airflow Project/venv/lib/python3.10/site-packages/airflow/example_dags/example_outlet_event_extra.py took 0.119 seconds
[2025-02-09T18:57:41.562-0700] {processor.py:186} INFO - Started process (PID=20622) to work on /Users/pranithjain/Desktop/DE Project/Apache Airflow Project/venv/lib/python3.10/site-packages/airflow/example_dags/example_outlet_event_extra.py
[2025-02-09T18:57:41.563-0700] {processor.py:914} INFO - Processing file /Users/pranithjain/Desktop/DE Project/Apache Airflow Project/venv/lib/python3.10/site-packages/airflow/example_dags/example_outlet_event_extra.py for tasks to queue
[2025-02-09T18:57:41.563-0700] {logging_mixin.py:190} INFO - [2025-02-09T18:57:41.563-0700] {dagbag.py:588} INFO - Filling up the DagBag from /Users/pranithjain/Desktop/DE Project/Apache Airflow Project/venv/lib/python3.10/site-packages/airflow/example_dags/example_outlet_event_extra.py
[2025-02-09T18:57:41.594-0700] {processor.py:925} INFO - DAG(s) 'dataset_with_extra_by_context', 'dataset_with_extra_by_yield', 'dataset_with_extra_from_classic_operator' retrieved from /Users/pranithjain/Desktop/DE Project/Apache Airflow Project/venv/lib/python3.10/site-packages/airflow/example_dags/example_outlet_event_extra.py
[2025-02-09T18:57:41.664-0700] {logging_mixin.py:190} INFO - [2025-02-09T18:57:41.664-0700] {dag.py:3239} INFO - Sync 3 DAGs
[2025-02-09T18:57:41.673-0700] {logging_mixin.py:190} INFO - [2025-02-09T18:57:41.673-0700] {dag.py:4180} INFO - Setting next_dagrun for dataset_with_extra_by_context to 2025-02-09 00:00:00+00:00, run_after=2025-02-10 00:00:00+00:00
[2025-02-09T18:57:41.675-0700] {logging_mixin.py:190} INFO - [2025-02-09T18:57:41.674-0700] {dag.py:4180} INFO - Setting next_dagrun for dataset_with_extra_by_yield to 2025-02-09 00:00:00+00:00, run_after=2025-02-10 00:00:00+00:00
[2025-02-09T18:57:41.675-0700] {logging_mixin.py:190} INFO - [2025-02-09T18:57:41.675-0700] {dag.py:4180} INFO - Setting next_dagrun for dataset_with_extra_from_classic_operator to 2025-02-09 00:00:00+00:00, run_after=2025-02-10 00:00:00+00:00
[2025-02-09T18:57:41.684-0700] {processor.py:208} INFO - Processing /Users/pranithjain/Desktop/DE Project/Apache Airflow Project/venv/lib/python3.10/site-packages/airflow/example_dags/example_outlet_event_extra.py took 0.123 seconds
[2025-02-09T19:07:08.222-0700] {processor.py:186} INFO - Started process (PID=22031) to work on /Users/pranithjain/Desktop/DE Project/Apache Airflow Project/venv/lib/python3.10/site-packages/airflow/example_dags/example_outlet_event_extra.py
[2025-02-09T19:07:08.223-0700] {processor.py:914} INFO - Processing file /Users/pranithjain/Desktop/DE Project/Apache Airflow Project/venv/lib/python3.10/site-packages/airflow/example_dags/example_outlet_event_extra.py for tasks to queue
[2025-02-09T19:07:08.223-0700] {logging_mixin.py:190} INFO - [2025-02-09T19:07:08.223-0700] {dagbag.py:588} INFO - Filling up the DagBag from /Users/pranithjain/Desktop/DE Project/Apache Airflow Project/venv/lib/python3.10/site-packages/airflow/example_dags/example_outlet_event_extra.py
[2025-02-09T19:07:08.253-0700] {processor.py:925} INFO - DAG(s) 'dataset_with_extra_by_yield', 'dataset_with_extra_by_context', 'dataset_with_extra_from_classic_operator' retrieved from /Users/pranithjain/Desktop/DE Project/Apache Airflow Project/venv/lib/python3.10/site-packages/airflow/example_dags/example_outlet_event_extra.py
[2025-02-09T19:07:08.324-0700] {logging_mixin.py:190} INFO - [2025-02-09T19:07:08.324-0700] {dag.py:3239} INFO - Sync 3 DAGs
[2025-02-09T19:07:08.332-0700] {logging_mixin.py:190} INFO - [2025-02-09T19:07:08.332-0700] {dag.py:4180} INFO - Setting next_dagrun for dataset_with_extra_by_context to 2025-02-09 00:00:00+00:00, run_after=2025-02-10 00:00:00+00:00
[2025-02-09T19:07:08.334-0700] {logging_mixin.py:190} INFO - [2025-02-09T19:07:08.334-0700] {dag.py:4180} INFO - Setting next_dagrun for dataset_with_extra_by_yield to 2025-02-09 00:00:00+00:00, run_after=2025-02-10 00:00:00+00:00
[2025-02-09T19:07:08.334-0700] {logging_mixin.py:190} INFO - [2025-02-09T19:07:08.334-0700] {dag.py:4180} INFO - Setting next_dagrun for dataset_with_extra_from_classic_operator to 2025-02-09 00:00:00+00:00, run_after=2025-02-10 00:00:00+00:00
[2025-02-09T19:07:08.342-0700] {processor.py:208} INFO - Processing /Users/pranithjain/Desktop/DE Project/Apache Airflow Project/venv/lib/python3.10/site-packages/airflow/example_dags/example_outlet_event_extra.py took 0.122 seconds
[2025-02-09T19:08:46.549-0700] {processor.py:186} INFO - Started process (PID=22334) to work on /Users/pranithjain/Desktop/DE Project/Apache Airflow Project/venv/lib/python3.10/site-packages/airflow/example_dags/example_outlet_event_extra.py
[2025-02-09T19:08:46.549-0700] {processor.py:914} INFO - Processing file /Users/pranithjain/Desktop/DE Project/Apache Airflow Project/venv/lib/python3.10/site-packages/airflow/example_dags/example_outlet_event_extra.py for tasks to queue
[2025-02-09T19:08:46.550-0700] {logging_mixin.py:190} INFO - [2025-02-09T19:08:46.550-0700] {dagbag.py:588} INFO - Filling up the DagBag from /Users/pranithjain/Desktop/DE Project/Apache Airflow Project/venv/lib/python3.10/site-packages/airflow/example_dags/example_outlet_event_extra.py
[2025-02-09T19:08:46.581-0700] {processor.py:925} INFO - DAG(s) 'dataset_with_extra_by_context', 'dataset_with_extra_from_classic_operator', 'dataset_with_extra_by_yield' retrieved from /Users/pranithjain/Desktop/DE Project/Apache Airflow Project/venv/lib/python3.10/site-packages/airflow/example_dags/example_outlet_event_extra.py
[2025-02-09T19:08:46.649-0700] {logging_mixin.py:190} INFO - [2025-02-09T19:08:46.649-0700] {dag.py:3239} INFO - Sync 3 DAGs
[2025-02-09T19:08:46.657-0700] {logging_mixin.py:190} INFO - [2025-02-09T19:08:46.657-0700] {dag.py:4180} INFO - Setting next_dagrun for dataset_with_extra_by_context to 2025-02-09 00:00:00+00:00, run_after=2025-02-10 00:00:00+00:00
[2025-02-09T19:08:46.659-0700] {logging_mixin.py:190} INFO - [2025-02-09T19:08:46.659-0700] {dag.py:4180} INFO - Setting next_dagrun for dataset_with_extra_by_yield to 2025-02-09 00:00:00+00:00, run_after=2025-02-10 00:00:00+00:00
[2025-02-09T19:08:46.660-0700] {logging_mixin.py:190} INFO - [2025-02-09T19:08:46.660-0700] {dag.py:4180} INFO - Setting next_dagrun for dataset_with_extra_from_classic_operator to 2025-02-09 00:00:00+00:00, run_after=2025-02-10 00:00:00+00:00
[2025-02-09T19:08:46.667-0700] {processor.py:208} INFO - Processing /Users/pranithjain/Desktop/DE Project/Apache Airflow Project/venv/lib/python3.10/site-packages/airflow/example_dags/example_outlet_event_extra.py took 0.120 seconds
[2025-02-09T19:13:38.704-0700] {processor.py:186} INFO - Started process (PID=23190) to work on /Users/pranithjain/Desktop/DE Project/Apache Airflow Project/venv/lib/python3.10/site-packages/airflow/example_dags/example_outlet_event_extra.py
[2025-02-09T19:13:38.705-0700] {processor.py:914} INFO - Processing file /Users/pranithjain/Desktop/DE Project/Apache Airflow Project/venv/lib/python3.10/site-packages/airflow/example_dags/example_outlet_event_extra.py for tasks to queue
[2025-02-09T19:13:38.705-0700] {logging_mixin.py:190} INFO - [2025-02-09T19:13:38.705-0700] {dagbag.py:588} INFO - Filling up the DagBag from /Users/pranithjain/Desktop/DE Project/Apache Airflow Project/venv/lib/python3.10/site-packages/airflow/example_dags/example_outlet_event_extra.py
[2025-02-09T19:13:38.800-0700] {processor.py:925} INFO - DAG(s) 'dataset_with_extra_from_classic_operator', 'dataset_with_extra_by_context', 'dataset_with_extra_by_yield' retrieved from /Users/pranithjain/Desktop/DE Project/Apache Airflow Project/venv/lib/python3.10/site-packages/airflow/example_dags/example_outlet_event_extra.py
[2025-02-09T19:13:38.886-0700] {logging_mixin.py:190} INFO - [2025-02-09T19:13:38.886-0700] {dag.py:3239} INFO - Sync 3 DAGs
[2025-02-09T19:13:38.893-0700] {logging_mixin.py:190} INFO - [2025-02-09T19:13:38.893-0700] {dag.py:4180} INFO - Setting next_dagrun for dataset_with_extra_by_context to 2025-02-09 00:00:00+00:00, run_after=2025-02-10 00:00:00+00:00
[2025-02-09T19:13:38.894-0700] {logging_mixin.py:190} INFO - [2025-02-09T19:13:38.894-0700] {dag.py:4180} INFO - Setting next_dagrun for dataset_with_extra_by_yield to 2025-02-09 00:00:00+00:00, run_after=2025-02-10 00:00:00+00:00
[2025-02-09T19:13:38.896-0700] {logging_mixin.py:190} INFO - [2025-02-09T19:13:38.896-0700] {dag.py:4180} INFO - Setting next_dagrun for dataset_with_extra_from_classic_operator to 2025-02-09 00:00:00+00:00, run_after=2025-02-10 00:00:00+00:00
[2025-02-09T19:13:38.904-0700] {processor.py:208} INFO - Processing /Users/pranithjain/Desktop/DE Project/Apache Airflow Project/venv/lib/python3.10/site-packages/airflow/example_dags/example_outlet_event_extra.py took 0.202 seconds
[2025-02-09T19:15:20.332-0700] {processor.py:186} INFO - Started process (PID=23501) to work on /Users/pranithjain/Desktop/DE Project/Apache Airflow Project/venv/lib/python3.10/site-packages/airflow/example_dags/example_outlet_event_extra.py
[2025-02-09T19:15:20.332-0700] {processor.py:914} INFO - Processing file /Users/pranithjain/Desktop/DE Project/Apache Airflow Project/venv/lib/python3.10/site-packages/airflow/example_dags/example_outlet_event_extra.py for tasks to queue
[2025-02-09T19:15:20.333-0700] {logging_mixin.py:190} INFO - [2025-02-09T19:15:20.333-0700] {dagbag.py:588} INFO - Filling up the DagBag from /Users/pranithjain/Desktop/DE Project/Apache Airflow Project/venv/lib/python3.10/site-packages/airflow/example_dags/example_outlet_event_extra.py
[2025-02-09T19:15:20.428-0700] {processor.py:925} INFO - DAG(s) 'dataset_with_extra_by_yield', 'dataset_with_extra_by_context', 'dataset_with_extra_from_classic_operator' retrieved from /Users/pranithjain/Desktop/DE Project/Apache Airflow Project/venv/lib/python3.10/site-packages/airflow/example_dags/example_outlet_event_extra.py
[2025-02-09T19:15:20.470-0700] {logging_mixin.py:190} INFO - [2025-02-09T19:15:20.470-0700] {dag.py:3239} INFO - Sync 3 DAGs
[2025-02-09T19:15:20.478-0700] {logging_mixin.py:190} INFO - [2025-02-09T19:15:20.478-0700] {dag.py:4180} INFO - Setting next_dagrun for dataset_with_extra_by_context to 2025-02-09 00:00:00+00:00, run_after=2025-02-10 00:00:00+00:00
[2025-02-09T19:15:20.479-0700] {logging_mixin.py:190} INFO - [2025-02-09T19:15:20.479-0700] {dag.py:4180} INFO - Setting next_dagrun for dataset_with_extra_by_yield to 2025-02-09 00:00:00+00:00, run_after=2025-02-10 00:00:00+00:00
[2025-02-09T19:15:20.480-0700] {logging_mixin.py:190} INFO - [2025-02-09T19:15:20.480-0700] {dag.py:4180} INFO - Setting next_dagrun for dataset_with_extra_from_classic_operator to 2025-02-09 00:00:00+00:00, run_after=2025-02-10 00:00:00+00:00
[2025-02-09T19:15:20.488-0700] {processor.py:208} INFO - Processing /Users/pranithjain/Desktop/DE Project/Apache Airflow Project/venv/lib/python3.10/site-packages/airflow/example_dags/example_outlet_event_extra.py took 0.158 seconds
[2025-02-09T19:17:41.150-0700] {processor.py:186} INFO - Started process (PID=23930) to work on /Users/pranithjain/Desktop/DE Project/Apache Airflow Project/venv/lib/python3.10/site-packages/airflow/example_dags/example_outlet_event_extra.py
[2025-02-09T19:17:41.152-0700] {processor.py:914} INFO - Processing file /Users/pranithjain/Desktop/DE Project/Apache Airflow Project/venv/lib/python3.10/site-packages/airflow/example_dags/example_outlet_event_extra.py for tasks to queue
[2025-02-09T19:17:41.152-0700] {logging_mixin.py:190} INFO - [2025-02-09T19:17:41.152-0700] {dagbag.py:588} INFO - Filling up the DagBag from /Users/pranithjain/Desktop/DE Project/Apache Airflow Project/venv/lib/python3.10/site-packages/airflow/example_dags/example_outlet_event_extra.py
[2025-02-09T19:17:41.251-0700] {processor.py:925} INFO - DAG(s) 'dataset_with_extra_by_yield', 'dataset_with_extra_from_classic_operator', 'dataset_with_extra_by_context' retrieved from /Users/pranithjain/Desktop/DE Project/Apache Airflow Project/venv/lib/python3.10/site-packages/airflow/example_dags/example_outlet_event_extra.py
[2025-02-09T19:17:41.293-0700] {logging_mixin.py:190} INFO - [2025-02-09T19:17:41.293-0700] {dag.py:3239} INFO - Sync 3 DAGs
[2025-02-09T19:17:41.301-0700] {logging_mixin.py:190} INFO - [2025-02-09T19:17:41.301-0700] {dag.py:4180} INFO - Setting next_dagrun for dataset_with_extra_by_context to 2025-02-09 00:00:00+00:00, run_after=2025-02-10 00:00:00+00:00
[2025-02-09T19:17:41.303-0700] {logging_mixin.py:190} INFO - [2025-02-09T19:17:41.303-0700] {dag.py:4180} INFO - Setting next_dagrun for dataset_with_extra_by_yield to 2025-02-09 00:00:00+00:00, run_after=2025-02-10 00:00:00+00:00
[2025-02-09T19:17:41.304-0700] {logging_mixin.py:190} INFO - [2025-02-09T19:17:41.304-0700] {dag.py:4180} INFO - Setting next_dagrun for dataset_with_extra_from_classic_operator to 2025-02-09 00:00:00+00:00, run_after=2025-02-10 00:00:00+00:00
[2025-02-09T19:17:41.311-0700] {processor.py:208} INFO - Processing /Users/pranithjain/Desktop/DE Project/Apache Airflow Project/venv/lib/python3.10/site-packages/airflow/example_dags/example_outlet_event_extra.py took 0.163 seconds
[2025-02-09T19:20:08.164-0700] {processor.py:186} INFO - Started process (PID=24382) to work on /Users/pranithjain/Desktop/DE Project/Apache Airflow Project/venv/lib/python3.10/site-packages/airflow/example_dags/example_outlet_event_extra.py
[2025-02-09T19:20:08.165-0700] {processor.py:914} INFO - Processing file /Users/pranithjain/Desktop/DE Project/Apache Airflow Project/venv/lib/python3.10/site-packages/airflow/example_dags/example_outlet_event_extra.py for tasks to queue
[2025-02-09T19:20:08.165-0700] {logging_mixin.py:190} INFO - [2025-02-09T19:20:08.165-0700] {dagbag.py:588} INFO - Filling up the DagBag from /Users/pranithjain/Desktop/DE Project/Apache Airflow Project/venv/lib/python3.10/site-packages/airflow/example_dags/example_outlet_event_extra.py
[2025-02-09T19:20:08.271-0700] {processor.py:925} INFO - DAG(s) 'dataset_with_extra_from_classic_operator', 'dataset_with_extra_by_context', 'dataset_with_extra_by_yield' retrieved from /Users/pranithjain/Desktop/DE Project/Apache Airflow Project/venv/lib/python3.10/site-packages/airflow/example_dags/example_outlet_event_extra.py
[2025-02-09T19:20:08.317-0700] {logging_mixin.py:190} INFO - [2025-02-09T19:20:08.316-0700] {dag.py:3239} INFO - Sync 3 DAGs
[2025-02-09T19:20:08.325-0700] {logging_mixin.py:190} INFO - [2025-02-09T19:20:08.325-0700] {dag.py:4180} INFO - Setting next_dagrun for dataset_with_extra_by_context to 2025-02-09 00:00:00+00:00, run_after=2025-02-10 00:00:00+00:00
[2025-02-09T19:20:08.327-0700] {logging_mixin.py:190} INFO - [2025-02-09T19:20:08.327-0700] {dag.py:4180} INFO - Setting next_dagrun for dataset_with_extra_by_yield to 2025-02-09 00:00:00+00:00, run_after=2025-02-10 00:00:00+00:00
[2025-02-09T19:20:08.328-0700] {logging_mixin.py:190} INFO - [2025-02-09T19:20:08.328-0700] {dag.py:4180} INFO - Setting next_dagrun for dataset_with_extra_from_classic_operator to 2025-02-09 00:00:00+00:00, run_after=2025-02-10 00:00:00+00:00
[2025-02-09T19:20:08.336-0700] {processor.py:208} INFO - Processing /Users/pranithjain/Desktop/DE Project/Apache Airflow Project/venv/lib/python3.10/site-packages/airflow/example_dags/example_outlet_event_extra.py took 0.174 seconds
[2025-02-09T19:22:34.512-0700] {processor.py:186} INFO - Started process (PID=24918) to work on /Users/pranithjain/Desktop/DE Project/Apache Airflow Project/venv/lib/python3.10/site-packages/airflow/example_dags/example_outlet_event_extra.py
[2025-02-09T19:22:34.513-0700] {processor.py:914} INFO - Processing file /Users/pranithjain/Desktop/DE Project/Apache Airflow Project/venv/lib/python3.10/site-packages/airflow/example_dags/example_outlet_event_extra.py for tasks to queue
[2025-02-09T19:22:34.513-0700] {logging_mixin.py:190} INFO - [2025-02-09T19:22:34.513-0700] {dagbag.py:588} INFO - Filling up the DagBag from /Users/pranithjain/Desktop/DE Project/Apache Airflow Project/venv/lib/python3.10/site-packages/airflow/example_dags/example_outlet_event_extra.py
[2025-02-09T19:22:34.619-0700] {processor.py:925} INFO - DAG(s) 'dataset_with_extra_from_classic_operator', 'dataset_with_extra_by_context', 'dataset_with_extra_by_yield' retrieved from /Users/pranithjain/Desktop/DE Project/Apache Airflow Project/venv/lib/python3.10/site-packages/airflow/example_dags/example_outlet_event_extra.py
[2025-02-09T19:22:34.665-0700] {logging_mixin.py:190} INFO - [2025-02-09T19:22:34.665-0700] {dag.py:3239} INFO - Sync 3 DAGs
[2025-02-09T19:22:34.674-0700] {logging_mixin.py:190} INFO - [2025-02-09T19:22:34.674-0700] {dag.py:4180} INFO - Setting next_dagrun for dataset_with_extra_by_context to 2025-02-09 00:00:00+00:00, run_after=2025-02-10 00:00:00+00:00
[2025-02-09T19:22:34.676-0700] {logging_mixin.py:190} INFO - [2025-02-09T19:22:34.676-0700] {dag.py:4180} INFO - Setting next_dagrun for dataset_with_extra_by_yield to 2025-02-09 00:00:00+00:00, run_after=2025-02-10 00:00:00+00:00
[2025-02-09T19:22:34.677-0700] {logging_mixin.py:190} INFO - [2025-02-09T19:22:34.676-0700] {dag.py:4180} INFO - Setting next_dagrun for dataset_with_extra_from_classic_operator to 2025-02-09 00:00:00+00:00, run_after=2025-02-10 00:00:00+00:00
[2025-02-09T19:22:34.685-0700] {processor.py:208} INFO - Processing /Users/pranithjain/Desktop/DE Project/Apache Airflow Project/venv/lib/python3.10/site-packages/airflow/example_dags/example_outlet_event_extra.py took 0.174 seconds
[2025-02-09T19:24:51.600-0700] {processor.py:186} INFO - Started process (PID=25341) to work on /Users/pranithjain/Desktop/DE Project/Apache Airflow Project/venv/lib/python3.10/site-packages/airflow/example_dags/example_outlet_event_extra.py
[2025-02-09T19:24:51.600-0700] {processor.py:914} INFO - Processing file /Users/pranithjain/Desktop/DE Project/Apache Airflow Project/venv/lib/python3.10/site-packages/airflow/example_dags/example_outlet_event_extra.py for tasks to queue
[2025-02-09T19:24:51.601-0700] {logging_mixin.py:190} INFO - [2025-02-09T19:24:51.601-0700] {dagbag.py:588} INFO - Filling up the DagBag from /Users/pranithjain/Desktop/DE Project/Apache Airflow Project/venv/lib/python3.10/site-packages/airflow/example_dags/example_outlet_event_extra.py
[2025-02-09T19:24:51.696-0700] {processor.py:925} INFO - DAG(s) 'dataset_with_extra_by_yield', 'dataset_with_extra_by_context', 'dataset_with_extra_from_classic_operator' retrieved from /Users/pranithjain/Desktop/DE Project/Apache Airflow Project/venv/lib/python3.10/site-packages/airflow/example_dags/example_outlet_event_extra.py
[2025-02-09T19:24:51.738-0700] {logging_mixin.py:190} INFO - [2025-02-09T19:24:51.738-0700] {dag.py:3239} INFO - Sync 3 DAGs
[2025-02-09T19:24:51.746-0700] {logging_mixin.py:190} INFO - [2025-02-09T19:24:51.746-0700] {dag.py:4180} INFO - Setting next_dagrun for dataset_with_extra_by_context to 2025-02-09 00:00:00+00:00, run_after=2025-02-10 00:00:00+00:00
[2025-02-09T19:24:51.748-0700] {logging_mixin.py:190} INFO - [2025-02-09T19:24:51.748-0700] {dag.py:4180} INFO - Setting next_dagrun for dataset_with_extra_by_yield to 2025-02-09 00:00:00+00:00, run_after=2025-02-10 00:00:00+00:00
[2025-02-09T19:24:51.749-0700] {logging_mixin.py:190} INFO - [2025-02-09T19:24:51.749-0700] {dag.py:4180} INFO - Setting next_dagrun for dataset_with_extra_from_classic_operator to 2025-02-09 00:00:00+00:00, run_after=2025-02-10 00:00:00+00:00
[2025-02-09T19:24:51.757-0700] {processor.py:208} INFO - Processing /Users/pranithjain/Desktop/DE Project/Apache Airflow Project/venv/lib/python3.10/site-packages/airflow/example_dags/example_outlet_event_extra.py took 0.158 seconds
[2025-02-09T19:27:12.157-0700] {processor.py:186} INFO - Started process (PID=25900) to work on /Users/pranithjain/Desktop/DE Project/Apache Airflow Project/venv/lib/python3.10/site-packages/airflow/example_dags/example_outlet_event_extra.py
[2025-02-09T19:27:12.159-0700] {processor.py:914} INFO - Processing file /Users/pranithjain/Desktop/DE Project/Apache Airflow Project/venv/lib/python3.10/site-packages/airflow/example_dags/example_outlet_event_extra.py for tasks to queue
[2025-02-09T19:27:12.159-0700] {logging_mixin.py:190} INFO - [2025-02-09T19:27:12.159-0700] {dagbag.py:588} INFO - Filling up the DagBag from /Users/pranithjain/Desktop/DE Project/Apache Airflow Project/venv/lib/python3.10/site-packages/airflow/example_dags/example_outlet_event_extra.py
[2025-02-09T19:27:12.282-0700] {processor.py:925} INFO - DAG(s) 'dataset_with_extra_by_yield', 'dataset_with_extra_by_context', 'dataset_with_extra_from_classic_operator' retrieved from /Users/pranithjain/Desktop/DE Project/Apache Airflow Project/venv/lib/python3.10/site-packages/airflow/example_dags/example_outlet_event_extra.py
[2025-02-09T19:27:12.326-0700] {logging_mixin.py:190} INFO - [2025-02-09T19:27:12.326-0700] {dag.py:3239} INFO - Sync 3 DAGs
[2025-02-09T19:27:12.334-0700] {logging_mixin.py:190} INFO - [2025-02-09T19:27:12.334-0700] {dag.py:4180} INFO - Setting next_dagrun for dataset_with_extra_by_context to 2025-02-09 00:00:00+00:00, run_after=2025-02-10 00:00:00+00:00
[2025-02-09T19:27:12.336-0700] {logging_mixin.py:190} INFO - [2025-02-09T19:27:12.336-0700] {dag.py:4180} INFO - Setting next_dagrun for dataset_with_extra_by_yield to 2025-02-09 00:00:00+00:00, run_after=2025-02-10 00:00:00+00:00
[2025-02-09T19:27:12.337-0700] {logging_mixin.py:190} INFO - [2025-02-09T19:27:12.337-0700] {dag.py:4180} INFO - Setting next_dagrun for dataset_with_extra_from_classic_operator to 2025-02-09 00:00:00+00:00, run_after=2025-02-10 00:00:00+00:00
[2025-02-09T19:27:12.344-0700] {processor.py:208} INFO - Processing /Users/pranithjain/Desktop/DE Project/Apache Airflow Project/venv/lib/python3.10/site-packages/airflow/example_dags/example_outlet_event_extra.py took 0.189 seconds
[2025-02-09T19:29:03.497-0700] {processor.py:186} INFO - Started process (PID=26261) to work on /Users/pranithjain/Desktop/DE Project/Apache Airflow Project/venv/lib/python3.10/site-packages/airflow/example_dags/example_outlet_event_extra.py
[2025-02-09T19:29:03.499-0700] {processor.py:914} INFO - Processing file /Users/pranithjain/Desktop/DE Project/Apache Airflow Project/venv/lib/python3.10/site-packages/airflow/example_dags/example_outlet_event_extra.py for tasks to queue
[2025-02-09T19:29:03.499-0700] {logging_mixin.py:190} INFO - [2025-02-09T19:29:03.499-0700] {dagbag.py:588} INFO - Filling up the DagBag from /Users/pranithjain/Desktop/DE Project/Apache Airflow Project/venv/lib/python3.10/site-packages/airflow/example_dags/example_outlet_event_extra.py
[2025-02-09T19:29:03.619-0700] {processor.py:925} INFO - DAG(s) 'dataset_with_extra_by_yield', 'dataset_with_extra_by_context', 'dataset_with_extra_from_classic_operator' retrieved from /Users/pranithjain/Desktop/DE Project/Apache Airflow Project/venv/lib/python3.10/site-packages/airflow/example_dags/example_outlet_event_extra.py
[2025-02-09T19:29:03.664-0700] {logging_mixin.py:190} INFO - [2025-02-09T19:29:03.664-0700] {dag.py:3239} INFO - Sync 3 DAGs
[2025-02-09T19:29:03.672-0700] {logging_mixin.py:190} INFO - [2025-02-09T19:29:03.672-0700] {dag.py:4180} INFO - Setting next_dagrun for dataset_with_extra_by_context to 2025-02-09 00:00:00+00:00, run_after=2025-02-10 00:00:00+00:00
[2025-02-09T19:29:03.674-0700] {logging_mixin.py:190} INFO - [2025-02-09T19:29:03.674-0700] {dag.py:4180} INFO - Setting next_dagrun for dataset_with_extra_by_yield to 2025-02-09 00:00:00+00:00, run_after=2025-02-10 00:00:00+00:00
[2025-02-09T19:29:03.675-0700] {logging_mixin.py:190} INFO - [2025-02-09T19:29:03.675-0700] {dag.py:4180} INFO - Setting next_dagrun for dataset_with_extra_from_classic_operator to 2025-02-09 00:00:00+00:00, run_after=2025-02-10 00:00:00+00:00
[2025-02-09T19:29:03.682-0700] {processor.py:208} INFO - Processing /Users/pranithjain/Desktop/DE Project/Apache Airflow Project/venv/lib/python3.10/site-packages/airflow/example_dags/example_outlet_event_extra.py took 0.187 seconds
