[2025-02-09T18:47:58.768-0700] {processor.py:186} INFO - Started process (PID=18809) to work on /Users/pranithjain/Desktop/DE Project/Apache Airflow Project/venv/lib/python3.10/site-packages/airflow/example_dags/example_subdag_operator.py
[2025-02-09T18:47:58.769-0700] {processor.py:914} INFO - Processing file /Users/pranithjain/Desktop/DE Project/Apache Airflow Project/venv/lib/python3.10/site-packages/airflow/example_dags/example_subdag_operator.py for tasks to queue
[2025-02-09T18:47:58.769-0700] {logging_mixin.py:190} INFO - [2025-02-09T18:47:58.769-0700] {dagbag.py:588} INFO - Filling up the DagBag from /Users/pranithjain/Desktop/DE Project/Apache Airflow Project/venv/lib/python3.10/site-packages/airflow/example_dags/example_subdag_operator.py
[2025-02-09T18:47:58.838-0700] {processor.py:925} INFO - DAG(s) 'example_subdag_operator.section-1', 'example_subdag_operator.section-2', 'example_subdag_operator' retrieved from /Users/pranithjain/Desktop/DE Project/Apache Airflow Project/venv/lib/python3.10/site-packages/airflow/example_dags/example_subdag_operator.py
[2025-02-09T18:47:59.051-0700] {logging_mixin.py:190} INFO - [2025-02-09T18:47:59.051-0700] {override.py:1930} INFO - Created Permission View: can delete on DAG:example_subdag_operator
[2025-02-09T18:47:59.054-0700] {logging_mixin.py:190} INFO - [2025-02-09T18:47:59.054-0700] {override.py:1930} INFO - Created Permission View: can read on DAG:example_subdag_operator
[2025-02-09T18:47:59.056-0700] {logging_mixin.py:190} INFO - [2025-02-09T18:47:59.056-0700] {override.py:1930} INFO - Created Permission View: can edit on DAG:example_subdag_operator
[2025-02-09T18:47:59.059-0700] {logging_mixin.py:190} INFO - [2025-02-09T18:47:59.059-0700] {override.py:1930} INFO - Created Permission View: can delete on DAG Run:example_subdag_operator
[2025-02-09T18:47:59.061-0700] {logging_mixin.py:190} INFO - [2025-02-09T18:47:59.061-0700] {override.py:1930} INFO - Created Permission View: can create on DAG Run:example_subdag_operator
[2025-02-09T18:47:59.063-0700] {logging_mixin.py:190} INFO - [2025-02-09T18:47:59.063-0700] {override.py:1930} INFO - Created Permission View: can read on DAG Run:example_subdag_operator
[2025-02-09T18:47:59.065-0700] {logging_mixin.py:190} INFO - [2025-02-09T18:47:59.065-0700] {override.py:1930} INFO - Created Permission View: menu access on DAG Run:example_subdag_operator
[2025-02-09T18:47:59.065-0700] {logging_mixin.py:190} INFO - [2025-02-09T18:47:59.065-0700] {dag.py:3239} INFO - Sync 3 DAGs
[2025-02-09T18:47:59.069-0700] {logging_mixin.py:190} INFO - [2025-02-09T18:47:59.069-0700] {dag.py:3262} INFO - Creating ORM DAG for example_subdag_operator.section-1
[2025-02-09T18:47:59.070-0700] {logging_mixin.py:190} INFO - [2025-02-09T18:47:59.070-0700] {dag.py:3262} INFO - Creating ORM DAG for example_subdag_operator
[2025-02-09T18:47:59.070-0700] {logging_mixin.py:190} INFO - [2025-02-09T18:47:59.070-0700] {dag.py:3262} INFO - Creating ORM DAG for example_subdag_operator.section-2
[2025-02-09T18:47:59.073-0700] {logging_mixin.py:190} INFO - [2025-02-09T18:47:59.073-0700] {dag.py:4180} INFO - Setting next_dagrun for example_subdag_operator to 2022-01-01 00:00:00+00:00, run_after=2022-01-01 00:00:00+00:00
[2025-02-09T18:47:59.073-0700] {logging_mixin.py:190} INFO - [2025-02-09T18:47:59.073-0700] {dag.py:4180} INFO - Setting next_dagrun for example_subdag_operator.section-1 to None, run_after=None
[2025-02-09T18:47:59.074-0700] {logging_mixin.py:190} INFO - [2025-02-09T18:47:59.074-0700] {dag.py:4180} INFO - Setting next_dagrun for example_subdag_operator.section-2 to None, run_after=None
[2025-02-09T18:47:59.076-0700] {logging_mixin.py:190} INFO - [2025-02-09T18:47:59.076-0700] {dag.py:3239} INFO - Sync 2 DAGs
[2025-02-09T18:47:59.078-0700] {logging_mixin.py:190} INFO - [2025-02-09T18:47:59.077-0700] {dag.py:4180} INFO - Setting next_dagrun for example_subdag_operator.section-1 to None, run_after=None
[2025-02-09T18:47:59.078-0700] {logging_mixin.py:190} INFO - [2025-02-09T18:47:59.078-0700] {dag.py:4180} INFO - Setting next_dagrun for example_subdag_operator.section-2 to None, run_after=None
[2025-02-09T18:47:59.083-0700] {processor.py:208} INFO - Processing /Users/pranithjain/Desktop/DE Project/Apache Airflow Project/venv/lib/python3.10/site-packages/airflow/example_dags/example_subdag_operator.py took 0.316 seconds
[2025-02-09T18:49:43.000-0700] {processor.py:186} INFO - Started process (PID=19130) to work on /Users/pranithjain/Desktop/DE Project/Apache Airflow Project/venv/lib/python3.10/site-packages/airflow/example_dags/example_subdag_operator.py
[2025-02-09T18:49:43.001-0700] {processor.py:914} INFO - Processing file /Users/pranithjain/Desktop/DE Project/Apache Airflow Project/venv/lib/python3.10/site-packages/airflow/example_dags/example_subdag_operator.py for tasks to queue
[2025-02-09T18:49:43.001-0700] {logging_mixin.py:190} INFO - [2025-02-09T18:49:43.001-0700] {dagbag.py:588} INFO - Filling up the DagBag from /Users/pranithjain/Desktop/DE Project/Apache Airflow Project/venv/lib/python3.10/site-packages/airflow/example_dags/example_subdag_operator.py
[2025-02-09T18:49:43.069-0700] {processor.py:925} INFO - DAG(s) 'example_subdag_operator.section-1', 'example_subdag_operator.section-2', 'example_subdag_operator' retrieved from /Users/pranithjain/Desktop/DE Project/Apache Airflow Project/venv/lib/python3.10/site-packages/airflow/example_dags/example_subdag_operator.py
[2025-02-09T18:49:43.215-0700] {logging_mixin.py:190} INFO - [2025-02-09T18:49:43.215-0700] {dag.py:3239} INFO - Sync 3 DAGs
[2025-02-09T18:49:43.222-0700] {logging_mixin.py:190} INFO - [2025-02-09T18:49:43.222-0700] {dag.py:4180} INFO - Setting next_dagrun for example_subdag_operator to 2022-01-01 00:00:00+00:00, run_after=2022-01-01 00:00:00+00:00
[2025-02-09T18:49:43.223-0700] {logging_mixin.py:190} INFO - [2025-02-09T18:49:43.223-0700] {dag.py:4180} INFO - Setting next_dagrun for example_subdag_operator.section-1 to None, run_after=None
[2025-02-09T18:49:43.224-0700] {logging_mixin.py:190} INFO - [2025-02-09T18:49:43.224-0700] {dag.py:4180} INFO - Setting next_dagrun for example_subdag_operator.section-2 to None, run_after=None
[2025-02-09T18:49:43.226-0700] {logging_mixin.py:190} INFO - [2025-02-09T18:49:43.226-0700] {dag.py:3239} INFO - Sync 2 DAGs
[2025-02-09T18:49:43.227-0700] {logging_mixin.py:190} INFO - [2025-02-09T18:49:43.227-0700] {dag.py:4180} INFO - Setting next_dagrun for example_subdag_operator.section-1 to None, run_after=None
[2025-02-09T18:49:43.227-0700] {logging_mixin.py:190} INFO - [2025-02-09T18:49:43.227-0700] {dag.py:4180} INFO - Setting next_dagrun for example_subdag_operator.section-2 to None, run_after=None
[2025-02-09T18:49:43.232-0700] {processor.py:208} INFO - Processing /Users/pranithjain/Desktop/DE Project/Apache Airflow Project/venv/lib/python3.10/site-packages/airflow/example_dags/example_subdag_operator.py took 0.233 seconds
[2025-02-09T18:50:57.257-0700] {processor.py:186} INFO - Started process (PID=19361) to work on /Users/pranithjain/Desktop/DE Project/Apache Airflow Project/venv/lib/python3.10/site-packages/airflow/example_dags/example_subdag_operator.py
[2025-02-09T18:50:57.258-0700] {processor.py:914} INFO - Processing file /Users/pranithjain/Desktop/DE Project/Apache Airflow Project/venv/lib/python3.10/site-packages/airflow/example_dags/example_subdag_operator.py for tasks to queue
[2025-02-09T18:50:57.259-0700] {logging_mixin.py:190} INFO - [2025-02-09T18:50:57.259-0700] {dagbag.py:588} INFO - Filling up the DagBag from /Users/pranithjain/Desktop/DE Project/Apache Airflow Project/venv/lib/python3.10/site-packages/airflow/example_dags/example_subdag_operator.py
[2025-02-09T18:50:57.326-0700] {processor.py:925} INFO - DAG(s) 'example_subdag_operator.section-1', 'example_subdag_operator.section-2', 'example_subdag_operator' retrieved from /Users/pranithjain/Desktop/DE Project/Apache Airflow Project/venv/lib/python3.10/site-packages/airflow/example_dags/example_subdag_operator.py
[2025-02-09T18:50:57.471-0700] {logging_mixin.py:190} INFO - [2025-02-09T18:50:57.471-0700] {dag.py:3239} INFO - Sync 3 DAGs
[2025-02-09T18:50:57.479-0700] {logging_mixin.py:190} INFO - [2025-02-09T18:50:57.479-0700] {dag.py:4180} INFO - Setting next_dagrun for example_subdag_operator to 2022-01-01 00:00:00+00:00, run_after=2022-01-01 00:00:00+00:00
[2025-02-09T18:50:57.480-0700] {logging_mixin.py:190} INFO - [2025-02-09T18:50:57.480-0700] {dag.py:4180} INFO - Setting next_dagrun for example_subdag_operator.section-1 to None, run_after=None
[2025-02-09T18:50:57.480-0700] {logging_mixin.py:190} INFO - [2025-02-09T18:50:57.480-0700] {dag.py:4180} INFO - Setting next_dagrun for example_subdag_operator.section-2 to None, run_after=None
[2025-02-09T18:50:57.482-0700] {logging_mixin.py:190} INFO - [2025-02-09T18:50:57.482-0700] {dag.py:3239} INFO - Sync 2 DAGs
[2025-02-09T18:50:57.484-0700] {logging_mixin.py:190} INFO - [2025-02-09T18:50:57.484-0700] {dag.py:4180} INFO - Setting next_dagrun for example_subdag_operator.section-1 to None, run_after=None
[2025-02-09T18:50:57.484-0700] {logging_mixin.py:190} INFO - [2025-02-09T18:50:57.484-0700] {dag.py:4180} INFO - Setting next_dagrun for example_subdag_operator.section-2 to None, run_after=None
[2025-02-09T18:50:57.489-0700] {processor.py:208} INFO - Processing /Users/pranithjain/Desktop/DE Project/Apache Airflow Project/venv/lib/python3.10/site-packages/airflow/example_dags/example_subdag_operator.py took 0.233 seconds
[2025-02-09T18:52:07.492-0700] {processor.py:186} INFO - Started process (PID=19583) to work on /Users/pranithjain/Desktop/DE Project/Apache Airflow Project/venv/lib/python3.10/site-packages/airflow/example_dags/example_subdag_operator.py
[2025-02-09T18:52:07.492-0700] {processor.py:914} INFO - Processing file /Users/pranithjain/Desktop/DE Project/Apache Airflow Project/venv/lib/python3.10/site-packages/airflow/example_dags/example_subdag_operator.py for tasks to queue
[2025-02-09T18:52:07.493-0700] {logging_mixin.py:190} INFO - [2025-02-09T18:52:07.493-0700] {dagbag.py:588} INFO - Filling up the DagBag from /Users/pranithjain/Desktop/DE Project/Apache Airflow Project/venv/lib/python3.10/site-packages/airflow/example_dags/example_subdag_operator.py
[2025-02-09T18:52:07.570-0700] {processor.py:925} INFO - DAG(s) 'example_subdag_operator.section-1', 'example_subdag_operator.section-2', 'example_subdag_operator' retrieved from /Users/pranithjain/Desktop/DE Project/Apache Airflow Project/venv/lib/python3.10/site-packages/airflow/example_dags/example_subdag_operator.py
[2025-02-09T18:52:07.725-0700] {logging_mixin.py:190} INFO - [2025-02-09T18:52:07.725-0700] {dag.py:3239} INFO - Sync 3 DAGs
[2025-02-09T18:52:07.733-0700] {logging_mixin.py:190} INFO - [2025-02-09T18:52:07.733-0700] {dag.py:4180} INFO - Setting next_dagrun for example_subdag_operator to 2022-01-01 00:00:00+00:00, run_after=2022-01-01 00:00:00+00:00
[2025-02-09T18:52:07.734-0700] {logging_mixin.py:190} INFO - [2025-02-09T18:52:07.734-0700] {dag.py:4180} INFO - Setting next_dagrun for example_subdag_operator.section-1 to None, run_after=None
[2025-02-09T18:52:07.735-0700] {logging_mixin.py:190} INFO - [2025-02-09T18:52:07.735-0700] {dag.py:4180} INFO - Setting next_dagrun for example_subdag_operator.section-2 to None, run_after=None
[2025-02-09T18:52:07.737-0700] {logging_mixin.py:190} INFO - [2025-02-09T18:52:07.737-0700] {dag.py:3239} INFO - Sync 2 DAGs
[2025-02-09T18:52:07.739-0700] {logging_mixin.py:190} INFO - [2025-02-09T18:52:07.739-0700] {dag.py:4180} INFO - Setting next_dagrun for example_subdag_operator.section-1 to None, run_after=None
[2025-02-09T18:52:07.739-0700] {logging_mixin.py:190} INFO - [2025-02-09T18:52:07.739-0700] {dag.py:4180} INFO - Setting next_dagrun for example_subdag_operator.section-2 to None, run_after=None
[2025-02-09T18:52:07.743-0700] {processor.py:208} INFO - Processing /Users/pranithjain/Desktop/DE Project/Apache Airflow Project/venv/lib/python3.10/site-packages/airflow/example_dags/example_subdag_operator.py took 0.253 seconds
[2025-02-09T18:53:08.139-0700] {processor.py:186} INFO - Started process (PID=19778) to work on /Users/pranithjain/Desktop/DE Project/Apache Airflow Project/venv/lib/python3.10/site-packages/airflow/example_dags/example_subdag_operator.py
[2025-02-09T18:53:08.141-0700] {processor.py:914} INFO - Processing file /Users/pranithjain/Desktop/DE Project/Apache Airflow Project/venv/lib/python3.10/site-packages/airflow/example_dags/example_subdag_operator.py for tasks to queue
[2025-02-09T18:53:08.141-0700] {logging_mixin.py:190} INFO - [2025-02-09T18:53:08.141-0700] {dagbag.py:588} INFO - Filling up the DagBag from /Users/pranithjain/Desktop/DE Project/Apache Airflow Project/venv/lib/python3.10/site-packages/airflow/example_dags/example_subdag_operator.py
[2025-02-09T18:53:08.209-0700] {processor.py:925} INFO - DAG(s) 'example_subdag_operator.section-1', 'example_subdag_operator.section-2', 'example_subdag_operator' retrieved from /Users/pranithjain/Desktop/DE Project/Apache Airflow Project/venv/lib/python3.10/site-packages/airflow/example_dags/example_subdag_operator.py
[2025-02-09T18:53:08.358-0700] {logging_mixin.py:190} INFO - [2025-02-09T18:53:08.358-0700] {dag.py:3239} INFO - Sync 3 DAGs
[2025-02-09T18:53:08.367-0700] {logging_mixin.py:190} INFO - [2025-02-09T18:53:08.367-0700] {dag.py:4180} INFO - Setting next_dagrun for example_subdag_operator to 2022-01-01 00:00:00+00:00, run_after=2022-01-01 00:00:00+00:00
[2025-02-09T18:53:08.368-0700] {logging_mixin.py:190} INFO - [2025-02-09T18:53:08.368-0700] {dag.py:4180} INFO - Setting next_dagrun for example_subdag_operator.section-1 to None, run_after=None
[2025-02-09T18:53:08.369-0700] {logging_mixin.py:190} INFO - [2025-02-09T18:53:08.368-0700] {dag.py:4180} INFO - Setting next_dagrun for example_subdag_operator.section-2 to None, run_after=None
[2025-02-09T18:53:08.371-0700] {logging_mixin.py:190} INFO - [2025-02-09T18:53:08.371-0700] {dag.py:3239} INFO - Sync 2 DAGs
[2025-02-09T18:53:08.372-0700] {logging_mixin.py:190} INFO - [2025-02-09T18:53:08.372-0700] {dag.py:4180} INFO - Setting next_dagrun for example_subdag_operator.section-1 to None, run_after=None
[2025-02-09T18:53:08.372-0700] {logging_mixin.py:190} INFO - [2025-02-09T18:53:08.372-0700] {dag.py:4180} INFO - Setting next_dagrun for example_subdag_operator.section-2 to None, run_after=None
[2025-02-09T18:53:08.377-0700] {processor.py:208} INFO - Processing /Users/pranithjain/Desktop/DE Project/Apache Airflow Project/venv/lib/python3.10/site-packages/airflow/example_dags/example_subdag_operator.py took 0.239 seconds
[2025-02-09T18:54:49.672-0700] {processor.py:186} INFO - Started process (PID=20091) to work on /Users/pranithjain/Desktop/DE Project/Apache Airflow Project/venv/lib/python3.10/site-packages/airflow/example_dags/example_subdag_operator.py
[2025-02-09T18:54:49.672-0700] {processor.py:914} INFO - Processing file /Users/pranithjain/Desktop/DE Project/Apache Airflow Project/venv/lib/python3.10/site-packages/airflow/example_dags/example_subdag_operator.py for tasks to queue
[2025-02-09T18:54:49.673-0700] {logging_mixin.py:190} INFO - [2025-02-09T18:54:49.672-0700] {dagbag.py:588} INFO - Filling up the DagBag from /Users/pranithjain/Desktop/DE Project/Apache Airflow Project/venv/lib/python3.10/site-packages/airflow/example_dags/example_subdag_operator.py
[2025-02-09T18:54:49.740-0700] {processor.py:925} INFO - DAG(s) 'example_subdag_operator.section-1', 'example_subdag_operator.section-2', 'example_subdag_operator' retrieved from /Users/pranithjain/Desktop/DE Project/Apache Airflow Project/venv/lib/python3.10/site-packages/airflow/example_dags/example_subdag_operator.py
[2025-02-09T18:54:49.887-0700] {logging_mixin.py:190} INFO - [2025-02-09T18:54:49.887-0700] {dag.py:3239} INFO - Sync 3 DAGs
[2025-02-09T18:54:49.894-0700] {logging_mixin.py:190} INFO - [2025-02-09T18:54:49.894-0700] {dag.py:4180} INFO - Setting next_dagrun for example_subdag_operator to 2022-01-01 00:00:00+00:00, run_after=2022-01-01 00:00:00+00:00
[2025-02-09T18:54:49.895-0700] {logging_mixin.py:190} INFO - [2025-02-09T18:54:49.895-0700] {dag.py:4180} INFO - Setting next_dagrun for example_subdag_operator.section-1 to None, run_after=None
[2025-02-09T18:54:49.896-0700] {logging_mixin.py:190} INFO - [2025-02-09T18:54:49.896-0700] {dag.py:4180} INFO - Setting next_dagrun for example_subdag_operator.section-2 to None, run_after=None
[2025-02-09T18:54:49.898-0700] {logging_mixin.py:190} INFO - [2025-02-09T18:54:49.898-0700] {dag.py:3239} INFO - Sync 2 DAGs
[2025-02-09T18:54:49.899-0700] {logging_mixin.py:190} INFO - [2025-02-09T18:54:49.899-0700] {dag.py:4180} INFO - Setting next_dagrun for example_subdag_operator.section-1 to None, run_after=None
[2025-02-09T18:54:49.899-0700] {logging_mixin.py:190} INFO - [2025-02-09T18:54:49.899-0700] {dag.py:4180} INFO - Setting next_dagrun for example_subdag_operator.section-2 to None, run_after=None
[2025-02-09T18:54:49.904-0700] {processor.py:208} INFO - Processing /Users/pranithjain/Desktop/DE Project/Apache Airflow Project/venv/lib/python3.10/site-packages/airflow/example_dags/example_subdag_operator.py took 0.234 seconds
[2025-02-09T18:56:02.963-0700] {processor.py:186} INFO - Started process (PID=20312) to work on /Users/pranithjain/Desktop/DE Project/Apache Airflow Project/venv/lib/python3.10/site-packages/airflow/example_dags/example_subdag_operator.py
[2025-02-09T18:56:02.964-0700] {processor.py:914} INFO - Processing file /Users/pranithjain/Desktop/DE Project/Apache Airflow Project/venv/lib/python3.10/site-packages/airflow/example_dags/example_subdag_operator.py for tasks to queue
[2025-02-09T18:56:02.964-0700] {logging_mixin.py:190} INFO - [2025-02-09T18:56:02.964-0700] {dagbag.py:588} INFO - Filling up the DagBag from /Users/pranithjain/Desktop/DE Project/Apache Airflow Project/venv/lib/python3.10/site-packages/airflow/example_dags/example_subdag_operator.py
[2025-02-09T18:56:03.041-0700] {processor.py:925} INFO - DAG(s) 'example_subdag_operator.section-1', 'example_subdag_operator.section-2', 'example_subdag_operator' retrieved from /Users/pranithjain/Desktop/DE Project/Apache Airflow Project/venv/lib/python3.10/site-packages/airflow/example_dags/example_subdag_operator.py
[2025-02-09T18:56:03.202-0700] {logging_mixin.py:190} INFO - [2025-02-09T18:56:03.202-0700] {dag.py:3239} INFO - Sync 3 DAGs
[2025-02-09T18:56:03.211-0700] {logging_mixin.py:190} INFO - [2025-02-09T18:56:03.211-0700] {dag.py:4180} INFO - Setting next_dagrun for example_subdag_operator to 2022-01-01 00:00:00+00:00, run_after=2022-01-01 00:00:00+00:00
[2025-02-09T18:56:03.212-0700] {logging_mixin.py:190} INFO - [2025-02-09T18:56:03.212-0700] {dag.py:4180} INFO - Setting next_dagrun for example_subdag_operator.section-1 to None, run_after=None
[2025-02-09T18:56:03.213-0700] {logging_mixin.py:190} INFO - [2025-02-09T18:56:03.212-0700] {dag.py:4180} INFO - Setting next_dagrun for example_subdag_operator.section-2 to None, run_after=None
[2025-02-09T18:56:03.215-0700] {logging_mixin.py:190} INFO - [2025-02-09T18:56:03.215-0700] {dag.py:3239} INFO - Sync 2 DAGs
[2025-02-09T18:56:03.216-0700] {logging_mixin.py:190} INFO - [2025-02-09T18:56:03.216-0700] {dag.py:4180} INFO - Setting next_dagrun for example_subdag_operator.section-1 to None, run_after=None
[2025-02-09T18:56:03.216-0700] {logging_mixin.py:190} INFO - [2025-02-09T18:56:03.216-0700] {dag.py:4180} INFO - Setting next_dagrun for example_subdag_operator.section-2 to None, run_after=None
[2025-02-09T18:56:03.221-0700] {processor.py:208} INFO - Processing /Users/pranithjain/Desktop/DE Project/Apache Airflow Project/venv/lib/python3.10/site-packages/airflow/example_dags/example_subdag_operator.py took 0.260 seconds
[2025-02-09T18:57:16.604-0700] {processor.py:186} INFO - Started process (PID=20549) to work on /Users/pranithjain/Desktop/DE Project/Apache Airflow Project/venv/lib/python3.10/site-packages/airflow/example_dags/example_subdag_operator.py
[2025-02-09T18:57:16.604-0700] {processor.py:914} INFO - Processing file /Users/pranithjain/Desktop/DE Project/Apache Airflow Project/venv/lib/python3.10/site-packages/airflow/example_dags/example_subdag_operator.py for tasks to queue
[2025-02-09T18:57:16.605-0700] {logging_mixin.py:190} INFO - [2025-02-09T18:57:16.605-0700] {dagbag.py:588} INFO - Filling up the DagBag from /Users/pranithjain/Desktop/DE Project/Apache Airflow Project/venv/lib/python3.10/site-packages/airflow/example_dags/example_subdag_operator.py
[2025-02-09T18:57:16.738-0700] {processor.py:925} INFO - DAG(s) 'example_subdag_operator.section-1', 'example_subdag_operator.section-2', 'example_subdag_operator' retrieved from /Users/pranithjain/Desktop/DE Project/Apache Airflow Project/venv/lib/python3.10/site-packages/airflow/example_dags/example_subdag_operator.py
[2025-02-09T18:57:16.907-0700] {logging_mixin.py:190} INFO - [2025-02-09T18:57:16.907-0700] {dag.py:3239} INFO - Sync 3 DAGs
[2025-02-09T18:57:16.920-0700] {logging_mixin.py:190} INFO - [2025-02-09T18:57:16.919-0700] {dag.py:4180} INFO - Setting next_dagrun for example_subdag_operator to 2022-01-01 00:00:00+00:00, run_after=2022-01-01 00:00:00+00:00
[2025-02-09T18:57:16.921-0700] {logging_mixin.py:190} INFO - [2025-02-09T18:57:16.921-0700] {dag.py:4180} INFO - Setting next_dagrun for example_subdag_operator.section-1 to None, run_after=None
[2025-02-09T18:57:16.921-0700] {logging_mixin.py:190} INFO - [2025-02-09T18:57:16.921-0700] {dag.py:4180} INFO - Setting next_dagrun for example_subdag_operator.section-2 to None, run_after=None
[2025-02-09T18:57:16.923-0700] {logging_mixin.py:190} INFO - [2025-02-09T18:57:16.923-0700] {dag.py:3239} INFO - Sync 2 DAGs
[2025-02-09T18:57:16.925-0700] {logging_mixin.py:190} INFO - [2025-02-09T18:57:16.925-0700] {dag.py:4180} INFO - Setting next_dagrun for example_subdag_operator.section-1 to None, run_after=None
[2025-02-09T18:57:16.925-0700] {logging_mixin.py:190} INFO - [2025-02-09T18:57:16.925-0700] {dag.py:4180} INFO - Setting next_dagrun for example_subdag_operator.section-2 to None, run_after=None
[2025-02-09T18:57:16.931-0700] {processor.py:208} INFO - Processing /Users/pranithjain/Desktop/DE Project/Apache Airflow Project/venv/lib/python3.10/site-packages/airflow/example_dags/example_subdag_operator.py took 0.329 seconds
[2025-02-09T18:58:28.362-0700] {processor.py:186} INFO - Started process (PID=20766) to work on /Users/pranithjain/Desktop/DE Project/Apache Airflow Project/venv/lib/python3.10/site-packages/airflow/example_dags/example_subdag_operator.py
[2025-02-09T18:58:28.363-0700] {processor.py:914} INFO - Processing file /Users/pranithjain/Desktop/DE Project/Apache Airflow Project/venv/lib/python3.10/site-packages/airflow/example_dags/example_subdag_operator.py for tasks to queue
[2025-02-09T18:58:28.363-0700] {logging_mixin.py:190} INFO - [2025-02-09T18:58:28.363-0700] {dagbag.py:588} INFO - Filling up the DagBag from /Users/pranithjain/Desktop/DE Project/Apache Airflow Project/venv/lib/python3.10/site-packages/airflow/example_dags/example_subdag_operator.py
[2025-02-09T18:58:28.431-0700] {processor.py:925} INFO - DAG(s) 'example_subdag_operator.section-1', 'example_subdag_operator.section-2', 'example_subdag_operator' retrieved from /Users/pranithjain/Desktop/DE Project/Apache Airflow Project/venv/lib/python3.10/site-packages/airflow/example_dags/example_subdag_operator.py
[2025-02-09T18:58:28.578-0700] {logging_mixin.py:190} INFO - [2025-02-09T18:58:28.578-0700] {dag.py:3239} INFO - Sync 3 DAGs
[2025-02-09T18:58:28.586-0700] {logging_mixin.py:190} INFO - [2025-02-09T18:58:28.586-0700] {dag.py:4180} INFO - Setting next_dagrun for example_subdag_operator to 2022-01-01 00:00:00+00:00, run_after=2022-01-01 00:00:00+00:00
[2025-02-09T18:58:28.587-0700] {logging_mixin.py:190} INFO - [2025-02-09T18:58:28.587-0700] {dag.py:4180} INFO - Setting next_dagrun for example_subdag_operator.section-1 to None, run_after=None
[2025-02-09T18:58:28.587-0700] {logging_mixin.py:190} INFO - [2025-02-09T18:58:28.587-0700] {dag.py:4180} INFO - Setting next_dagrun for example_subdag_operator.section-2 to None, run_after=None
[2025-02-09T18:58:28.590-0700] {logging_mixin.py:190} INFO - [2025-02-09T18:58:28.589-0700] {dag.py:3239} INFO - Sync 2 DAGs
[2025-02-09T18:58:28.591-0700] {logging_mixin.py:190} INFO - [2025-02-09T18:58:28.591-0700] {dag.py:4180} INFO - Setting next_dagrun for example_subdag_operator.section-1 to None, run_after=None
[2025-02-09T18:58:28.591-0700] {logging_mixin.py:190} INFO - [2025-02-09T18:58:28.591-0700] {dag.py:4180} INFO - Setting next_dagrun for example_subdag_operator.section-2 to None, run_after=None
[2025-02-09T18:58:28.596-0700] {processor.py:208} INFO - Processing /Users/pranithjain/Desktop/DE Project/Apache Airflow Project/venv/lib/python3.10/site-packages/airflow/example_dags/example_subdag_operator.py took 0.235 seconds
[2025-02-09T19:06:42.721-0700] {processor.py:186} INFO - Started process (PID=21952) to work on /Users/pranithjain/Desktop/DE Project/Apache Airflow Project/venv/lib/python3.10/site-packages/airflow/example_dags/example_subdag_operator.py
[2025-02-09T19:06:42.722-0700] {processor.py:914} INFO - Processing file /Users/pranithjain/Desktop/DE Project/Apache Airflow Project/venv/lib/python3.10/site-packages/airflow/example_dags/example_subdag_operator.py for tasks to queue
[2025-02-09T19:06:42.722-0700] {logging_mixin.py:190} INFO - [2025-02-09T19:06:42.722-0700] {dagbag.py:588} INFO - Filling up the DagBag from /Users/pranithjain/Desktop/DE Project/Apache Airflow Project/venv/lib/python3.10/site-packages/airflow/example_dags/example_subdag_operator.py
[2025-02-09T19:06:42.796-0700] {processor.py:925} INFO - DAG(s) 'example_subdag_operator.section-1', 'example_subdag_operator.section-2', 'example_subdag_operator' retrieved from /Users/pranithjain/Desktop/DE Project/Apache Airflow Project/venv/lib/python3.10/site-packages/airflow/example_dags/example_subdag_operator.py
[2025-02-09T19:06:42.962-0700] {logging_mixin.py:190} INFO - [2025-02-09T19:06:42.962-0700] {dag.py:3239} INFO - Sync 3 DAGs
[2025-02-09T19:06:42.970-0700] {logging_mixin.py:190} INFO - [2025-02-09T19:06:42.970-0700] {dag.py:4180} INFO - Setting next_dagrun for example_subdag_operator to 2022-01-01 00:00:00+00:00, run_after=2022-01-01 00:00:00+00:00
[2025-02-09T19:06:42.971-0700] {logging_mixin.py:190} INFO - [2025-02-09T19:06:42.971-0700] {dag.py:4180} INFO - Setting next_dagrun for example_subdag_operator.section-1 to None, run_after=None
[2025-02-09T19:06:42.972-0700] {logging_mixin.py:190} INFO - [2025-02-09T19:06:42.972-0700] {dag.py:4180} INFO - Setting next_dagrun for example_subdag_operator.section-2 to None, run_after=None
[2025-02-09T19:06:42.974-0700] {logging_mixin.py:190} INFO - [2025-02-09T19:06:42.974-0700] {dag.py:3239} INFO - Sync 2 DAGs
[2025-02-09T19:06:42.976-0700] {logging_mixin.py:190} INFO - [2025-02-09T19:06:42.976-0700] {dag.py:4180} INFO - Setting next_dagrun for example_subdag_operator.section-1 to None, run_after=None
[2025-02-09T19:06:42.976-0700] {logging_mixin.py:190} INFO - [2025-02-09T19:06:42.976-0700] {dag.py:4180} INFO - Setting next_dagrun for example_subdag_operator.section-2 to None, run_after=None
[2025-02-09T19:06:42.981-0700] {processor.py:208} INFO - Processing /Users/pranithjain/Desktop/DE Project/Apache Airflow Project/venv/lib/python3.10/site-packages/airflow/example_dags/example_subdag_operator.py took 0.261 seconds
[2025-02-09T19:08:21.738-0700] {processor.py:186} INFO - Started process (PID=22258) to work on /Users/pranithjain/Desktop/DE Project/Apache Airflow Project/venv/lib/python3.10/site-packages/airflow/example_dags/example_subdag_operator.py
[2025-02-09T19:08:21.739-0700] {processor.py:914} INFO - Processing file /Users/pranithjain/Desktop/DE Project/Apache Airflow Project/venv/lib/python3.10/site-packages/airflow/example_dags/example_subdag_operator.py for tasks to queue
[2025-02-09T19:08:21.739-0700] {logging_mixin.py:190} INFO - [2025-02-09T19:08:21.739-0700] {dagbag.py:588} INFO - Filling up the DagBag from /Users/pranithjain/Desktop/DE Project/Apache Airflow Project/venv/lib/python3.10/site-packages/airflow/example_dags/example_subdag_operator.py
[2025-02-09T19:08:21.810-0700] {processor.py:925} INFO - DAG(s) 'example_subdag_operator.section-1', 'example_subdag_operator.section-2', 'example_subdag_operator' retrieved from /Users/pranithjain/Desktop/DE Project/Apache Airflow Project/venv/lib/python3.10/site-packages/airflow/example_dags/example_subdag_operator.py
[2025-02-09T19:08:21.969-0700] {logging_mixin.py:190} INFO - [2025-02-09T19:08:21.969-0700] {dag.py:3239} INFO - Sync 3 DAGs
[2025-02-09T19:08:21.976-0700] {logging_mixin.py:190} INFO - [2025-02-09T19:08:21.976-0700] {dag.py:4180} INFO - Setting next_dagrun for example_subdag_operator to 2022-01-01 00:00:00+00:00, run_after=2022-01-01 00:00:00+00:00
[2025-02-09T19:08:21.977-0700] {logging_mixin.py:190} INFO - [2025-02-09T19:08:21.977-0700] {dag.py:4180} INFO - Setting next_dagrun for example_subdag_operator.section-1 to None, run_after=None
[2025-02-09T19:08:21.978-0700] {logging_mixin.py:190} INFO - [2025-02-09T19:08:21.978-0700] {dag.py:4180} INFO - Setting next_dagrun for example_subdag_operator.section-2 to None, run_after=None
[2025-02-09T19:08:21.980-0700] {logging_mixin.py:190} INFO - [2025-02-09T19:08:21.980-0700] {dag.py:3239} INFO - Sync 2 DAGs
[2025-02-09T19:08:21.981-0700] {logging_mixin.py:190} INFO - [2025-02-09T19:08:21.981-0700] {dag.py:4180} INFO - Setting next_dagrun for example_subdag_operator.section-1 to None, run_after=None
[2025-02-09T19:08:21.982-0700] {logging_mixin.py:190} INFO - [2025-02-09T19:08:21.981-0700] {dag.py:4180} INFO - Setting next_dagrun for example_subdag_operator.section-2 to None, run_after=None
[2025-02-09T19:08:21.986-0700] {processor.py:208} INFO - Processing /Users/pranithjain/Desktop/DE Project/Apache Airflow Project/venv/lib/python3.10/site-packages/airflow/example_dags/example_subdag_operator.py took 0.250 seconds
[2025-02-09T19:09:33.589-0700] {processor.py:186} INFO - Started process (PID=22483) to work on /Users/pranithjain/Desktop/DE Project/Apache Airflow Project/venv/lib/python3.10/site-packages/airflow/example_dags/example_subdag_operator.py
[2025-02-09T19:09:33.590-0700] {processor.py:914} INFO - Processing file /Users/pranithjain/Desktop/DE Project/Apache Airflow Project/venv/lib/python3.10/site-packages/airflow/example_dags/example_subdag_operator.py for tasks to queue
[2025-02-09T19:09:33.590-0700] {logging_mixin.py:190} INFO - [2025-02-09T19:09:33.590-0700] {dagbag.py:588} INFO - Filling up the DagBag from /Users/pranithjain/Desktop/DE Project/Apache Airflow Project/venv/lib/python3.10/site-packages/airflow/example_dags/example_subdag_operator.py
[2025-02-09T19:09:33.657-0700] {processor.py:925} INFO - DAG(s) 'example_subdag_operator.section-1', 'example_subdag_operator.section-2', 'example_subdag_operator' retrieved from /Users/pranithjain/Desktop/DE Project/Apache Airflow Project/venv/lib/python3.10/site-packages/airflow/example_dags/example_subdag_operator.py
[2025-02-09T19:09:33.868-0700] {logging_mixin.py:190} INFO - [2025-02-09T19:09:33.868-0700] {dag.py:3239} INFO - Sync 3 DAGs
[2025-02-09T19:09:33.876-0700] {logging_mixin.py:190} INFO - [2025-02-09T19:09:33.876-0700] {dag.py:4180} INFO - Setting next_dagrun for example_subdag_operator to 2022-01-01 00:00:00+00:00, run_after=2022-01-01 00:00:00+00:00
[2025-02-09T19:09:33.877-0700] {logging_mixin.py:190} INFO - [2025-02-09T19:09:33.876-0700] {dag.py:4180} INFO - Setting next_dagrun for example_subdag_operator.section-1 to None, run_after=None
[2025-02-09T19:09:33.877-0700] {logging_mixin.py:190} INFO - [2025-02-09T19:09:33.877-0700] {dag.py:4180} INFO - Setting next_dagrun for example_subdag_operator.section-2 to None, run_after=None
[2025-02-09T19:09:33.880-0700] {logging_mixin.py:190} INFO - [2025-02-09T19:09:33.880-0700] {dag.py:3239} INFO - Sync 2 DAGs
[2025-02-09T19:09:33.881-0700] {logging_mixin.py:190} INFO - [2025-02-09T19:09:33.881-0700] {dag.py:4180} INFO - Setting next_dagrun for example_subdag_operator.section-1 to None, run_after=None
[2025-02-09T19:09:33.881-0700] {logging_mixin.py:190} INFO - [2025-02-09T19:09:33.881-0700] {dag.py:4180} INFO - Setting next_dagrun for example_subdag_operator.section-2 to None, run_after=None
[2025-02-09T19:09:33.886-0700] {processor.py:208} INFO - Processing /Users/pranithjain/Desktop/DE Project/Apache Airflow Project/venv/lib/python3.10/site-packages/airflow/example_dags/example_subdag_operator.py took 0.298 seconds
[2025-02-09T19:10:46.059-0700] {processor.py:186} INFO - Started process (PID=22703) to work on /Users/pranithjain/Desktop/DE Project/Apache Airflow Project/venv/lib/python3.10/site-packages/airflow/example_dags/example_subdag_operator.py
[2025-02-09T19:10:46.060-0700] {processor.py:914} INFO - Processing file /Users/pranithjain/Desktop/DE Project/Apache Airflow Project/venv/lib/python3.10/site-packages/airflow/example_dags/example_subdag_operator.py for tasks to queue
[2025-02-09T19:10:46.060-0700] {logging_mixin.py:190} INFO - [2025-02-09T19:10:46.060-0700] {dagbag.py:588} INFO - Filling up the DagBag from /Users/pranithjain/Desktop/DE Project/Apache Airflow Project/venv/lib/python3.10/site-packages/airflow/example_dags/example_subdag_operator.py
[2025-02-09T19:10:46.128-0700] {processor.py:925} INFO - DAG(s) 'example_subdag_operator.section-1', 'example_subdag_operator.section-2', 'example_subdag_operator' retrieved from /Users/pranithjain/Desktop/DE Project/Apache Airflow Project/venv/lib/python3.10/site-packages/airflow/example_dags/example_subdag_operator.py
[2025-02-09T19:10:46.278-0700] {logging_mixin.py:190} INFO - [2025-02-09T19:10:46.278-0700] {dag.py:3239} INFO - Sync 3 DAGs
[2025-02-09T19:10:46.285-0700] {logging_mixin.py:190} INFO - [2025-02-09T19:10:46.285-0700] {dag.py:4180} INFO - Setting next_dagrun for example_subdag_operator to 2022-01-01 00:00:00+00:00, run_after=2022-01-01 00:00:00+00:00
[2025-02-09T19:10:46.287-0700] {logging_mixin.py:190} INFO - [2025-02-09T19:10:46.286-0700] {dag.py:4180} INFO - Setting next_dagrun for example_subdag_operator.section-1 to None, run_after=None
[2025-02-09T19:10:46.287-0700] {logging_mixin.py:190} INFO - [2025-02-09T19:10:46.287-0700] {dag.py:4180} INFO - Setting next_dagrun for example_subdag_operator.section-2 to None, run_after=None
[2025-02-09T19:10:46.289-0700] {logging_mixin.py:190} INFO - [2025-02-09T19:10:46.289-0700] {dag.py:3239} INFO - Sync 2 DAGs
[2025-02-09T19:10:46.291-0700] {logging_mixin.py:190} INFO - [2025-02-09T19:10:46.290-0700] {dag.py:4180} INFO - Setting next_dagrun for example_subdag_operator.section-1 to None, run_after=None
[2025-02-09T19:10:46.291-0700] {logging_mixin.py:190} INFO - [2025-02-09T19:10:46.291-0700] {dag.py:4180} INFO - Setting next_dagrun for example_subdag_operator.section-2 to None, run_after=None
[2025-02-09T19:10:46.295-0700] {processor.py:208} INFO - Processing /Users/pranithjain/Desktop/DE Project/Apache Airflow Project/venv/lib/python3.10/site-packages/airflow/example_dags/example_subdag_operator.py took 0.238 seconds
[2025-02-09T19:13:13.823-0700] {processor.py:186} INFO - Started process (PID=23114) to work on /Users/pranithjain/Desktop/DE Project/Apache Airflow Project/venv/lib/python3.10/site-packages/airflow/example_dags/example_subdag_operator.py
[2025-02-09T19:13:13.824-0700] {processor.py:914} INFO - Processing file /Users/pranithjain/Desktop/DE Project/Apache Airflow Project/venv/lib/python3.10/site-packages/airflow/example_dags/example_subdag_operator.py for tasks to queue
[2025-02-09T19:13:13.824-0700] {logging_mixin.py:190} INFO - [2025-02-09T19:13:13.824-0700] {dagbag.py:588} INFO - Filling up the DagBag from /Users/pranithjain/Desktop/DE Project/Apache Airflow Project/venv/lib/python3.10/site-packages/airflow/example_dags/example_subdag_operator.py
[2025-02-09T19:13:13.892-0700] {processor.py:925} INFO - DAG(s) 'example_subdag_operator.section-1', 'example_subdag_operator.section-2', 'example_subdag_operator' retrieved from /Users/pranithjain/Desktop/DE Project/Apache Airflow Project/venv/lib/python3.10/site-packages/airflow/example_dags/example_subdag_operator.py
[2025-02-09T19:13:14.040-0700] {logging_mixin.py:190} INFO - [2025-02-09T19:13:14.039-0700] {dag.py:3239} INFO - Sync 3 DAGs
[2025-02-09T19:13:14.047-0700] {logging_mixin.py:190} INFO - [2025-02-09T19:13:14.047-0700] {dag.py:4180} INFO - Setting next_dagrun for example_subdag_operator to 2022-01-01 00:00:00+00:00, run_after=2022-01-01 00:00:00+00:00
[2025-02-09T19:13:14.048-0700] {logging_mixin.py:190} INFO - [2025-02-09T19:13:14.048-0700] {dag.py:4180} INFO - Setting next_dagrun for example_subdag_operator.section-1 to None, run_after=None
[2025-02-09T19:13:14.049-0700] {logging_mixin.py:190} INFO - [2025-02-09T19:13:14.049-0700] {dag.py:4180} INFO - Setting next_dagrun for example_subdag_operator.section-2 to None, run_after=None
[2025-02-09T19:13:14.051-0700] {logging_mixin.py:190} INFO - [2025-02-09T19:13:14.051-0700] {dag.py:3239} INFO - Sync 2 DAGs
[2025-02-09T19:13:14.052-0700] {logging_mixin.py:190} INFO - [2025-02-09T19:13:14.052-0700] {dag.py:4180} INFO - Setting next_dagrun for example_subdag_operator.section-1 to None, run_after=None
[2025-02-09T19:13:14.052-0700] {logging_mixin.py:190} INFO - [2025-02-09T19:13:14.052-0700] {dag.py:4180} INFO - Setting next_dagrun for example_subdag_operator.section-2 to None, run_after=None
[2025-02-09T19:13:14.057-0700] {processor.py:208} INFO - Processing /Users/pranithjain/Desktop/DE Project/Apache Airflow Project/venv/lib/python3.10/site-packages/airflow/example_dags/example_subdag_operator.py took 0.236 seconds
[2025-02-09T19:14:56.657-0700] {processor.py:186} INFO - Started process (PID=23427) to work on /Users/pranithjain/Desktop/DE Project/Apache Airflow Project/venv/lib/python3.10/site-packages/airflow/example_dags/example_subdag_operator.py
[2025-02-09T19:14:56.657-0700] {processor.py:914} INFO - Processing file /Users/pranithjain/Desktop/DE Project/Apache Airflow Project/venv/lib/python3.10/site-packages/airflow/example_dags/example_subdag_operator.py for tasks to queue
[2025-02-09T19:14:56.658-0700] {logging_mixin.py:190} INFO - [2025-02-09T19:14:56.658-0700] {dagbag.py:588} INFO - Filling up the DagBag from /Users/pranithjain/Desktop/DE Project/Apache Airflow Project/venv/lib/python3.10/site-packages/airflow/example_dags/example_subdag_operator.py
[2025-02-09T19:14:56.724-0700] {processor.py:925} INFO - DAG(s) 'example_subdag_operator.section-1', 'example_subdag_operator.section-2', 'example_subdag_operator' retrieved from /Users/pranithjain/Desktop/DE Project/Apache Airflow Project/venv/lib/python3.10/site-packages/airflow/example_dags/example_subdag_operator.py
[2025-02-09T19:14:56.871-0700] {logging_mixin.py:190} INFO - [2025-02-09T19:14:56.871-0700] {dag.py:3239} INFO - Sync 3 DAGs
[2025-02-09T19:14:56.878-0700] {logging_mixin.py:190} INFO - [2025-02-09T19:14:56.878-0700] {dag.py:4180} INFO - Setting next_dagrun for example_subdag_operator to 2022-01-01 00:00:00+00:00, run_after=2022-01-01 00:00:00+00:00
[2025-02-09T19:14:56.879-0700] {logging_mixin.py:190} INFO - [2025-02-09T19:14:56.879-0700] {dag.py:4180} INFO - Setting next_dagrun for example_subdag_operator.section-1 to None, run_after=None
[2025-02-09T19:14:56.880-0700] {logging_mixin.py:190} INFO - [2025-02-09T19:14:56.880-0700] {dag.py:4180} INFO - Setting next_dagrun for example_subdag_operator.section-2 to None, run_after=None
[2025-02-09T19:14:56.882-0700] {logging_mixin.py:190} INFO - [2025-02-09T19:14:56.882-0700] {dag.py:3239} INFO - Sync 2 DAGs
[2025-02-09T19:14:56.883-0700] {logging_mixin.py:190} INFO - [2025-02-09T19:14:56.883-0700] {dag.py:4180} INFO - Setting next_dagrun for example_subdag_operator.section-1 to None, run_after=None
[2025-02-09T19:14:56.883-0700] {logging_mixin.py:190} INFO - [2025-02-09T19:14:56.883-0700] {dag.py:4180} INFO - Setting next_dagrun for example_subdag_operator.section-2 to None, run_after=None
[2025-02-09T19:14:56.888-0700] {processor.py:208} INFO - Processing /Users/pranithjain/Desktop/DE Project/Apache Airflow Project/venv/lib/python3.10/site-packages/airflow/example_dags/example_subdag_operator.py took 0.233 seconds
[2025-02-09T19:16:07.045-0700] {processor.py:186} INFO - Started process (PID=23644) to work on /Users/pranithjain/Desktop/DE Project/Apache Airflow Project/venv/lib/python3.10/site-packages/airflow/example_dags/example_subdag_operator.py
[2025-02-09T19:16:07.046-0700] {processor.py:914} INFO - Processing file /Users/pranithjain/Desktop/DE Project/Apache Airflow Project/venv/lib/python3.10/site-packages/airflow/example_dags/example_subdag_operator.py for tasks to queue
[2025-02-09T19:16:07.046-0700] {logging_mixin.py:190} INFO - [2025-02-09T19:16:07.046-0700] {dagbag.py:588} INFO - Filling up the DagBag from /Users/pranithjain/Desktop/DE Project/Apache Airflow Project/venv/lib/python3.10/site-packages/airflow/example_dags/example_subdag_operator.py
[2025-02-09T19:16:07.120-0700] {processor.py:925} INFO - DAG(s) 'example_subdag_operator.section-1', 'example_subdag_operator.section-2', 'example_subdag_operator' retrieved from /Users/pranithjain/Desktop/DE Project/Apache Airflow Project/venv/lib/python3.10/site-packages/airflow/example_dags/example_subdag_operator.py
[2025-02-09T19:16:07.305-0700] {logging_mixin.py:190} INFO - [2025-02-09T19:16:07.305-0700] {dag.py:3239} INFO - Sync 3 DAGs
[2025-02-09T19:16:07.314-0700] {logging_mixin.py:190} INFO - [2025-02-09T19:16:07.314-0700] {dag.py:4180} INFO - Setting next_dagrun for example_subdag_operator to 2022-01-01 00:00:00+00:00, run_after=2022-01-01 00:00:00+00:00
[2025-02-09T19:16:07.316-0700] {logging_mixin.py:190} INFO - [2025-02-09T19:16:07.316-0700] {dag.py:4180} INFO - Setting next_dagrun for example_subdag_operator.section-1 to None, run_after=None
[2025-02-09T19:16:07.316-0700] {logging_mixin.py:190} INFO - [2025-02-09T19:16:07.316-0700] {dag.py:4180} INFO - Setting next_dagrun for example_subdag_operator.section-2 to None, run_after=None
[2025-02-09T19:16:07.319-0700] {logging_mixin.py:190} INFO - [2025-02-09T19:16:07.319-0700] {dag.py:3239} INFO - Sync 2 DAGs
[2025-02-09T19:16:07.321-0700] {logging_mixin.py:190} INFO - [2025-02-09T19:16:07.321-0700] {dag.py:4180} INFO - Setting next_dagrun for example_subdag_operator.section-1 to None, run_after=None
[2025-02-09T19:16:07.321-0700] {logging_mixin.py:190} INFO - [2025-02-09T19:16:07.321-0700] {dag.py:4180} INFO - Setting next_dagrun for example_subdag_operator.section-2 to None, run_after=None
[2025-02-09T19:16:07.326-0700] {processor.py:208} INFO - Processing /Users/pranithjain/Desktop/DE Project/Apache Airflow Project/venv/lib/python3.10/site-packages/airflow/example_dags/example_subdag_operator.py took 0.282 seconds
[2025-02-09T19:17:17.220-0700] {processor.py:186} INFO - Started process (PID=23857) to work on /Users/pranithjain/Desktop/DE Project/Apache Airflow Project/venv/lib/python3.10/site-packages/airflow/example_dags/example_subdag_operator.py
[2025-02-09T19:17:17.221-0700] {processor.py:914} INFO - Processing file /Users/pranithjain/Desktop/DE Project/Apache Airflow Project/venv/lib/python3.10/site-packages/airflow/example_dags/example_subdag_operator.py for tasks to queue
[2025-02-09T19:17:17.222-0700] {logging_mixin.py:190} INFO - [2025-02-09T19:17:17.222-0700] {dagbag.py:588} INFO - Filling up the DagBag from /Users/pranithjain/Desktop/DE Project/Apache Airflow Project/venv/lib/python3.10/site-packages/airflow/example_dags/example_subdag_operator.py
[2025-02-09T19:17:17.290-0700] {processor.py:925} INFO - DAG(s) 'example_subdag_operator.section-1', 'example_subdag_operator.section-2', 'example_subdag_operator' retrieved from /Users/pranithjain/Desktop/DE Project/Apache Airflow Project/venv/lib/python3.10/site-packages/airflow/example_dags/example_subdag_operator.py
[2025-02-09T19:17:17.436-0700] {logging_mixin.py:190} INFO - [2025-02-09T19:17:17.436-0700] {dag.py:3239} INFO - Sync 3 DAGs
[2025-02-09T19:17:17.444-0700] {logging_mixin.py:190} INFO - [2025-02-09T19:17:17.444-0700] {dag.py:4180} INFO - Setting next_dagrun for example_subdag_operator to 2022-01-01 00:00:00+00:00, run_after=2022-01-01 00:00:00+00:00
[2025-02-09T19:17:17.445-0700] {logging_mixin.py:190} INFO - [2025-02-09T19:17:17.445-0700] {dag.py:4180} INFO - Setting next_dagrun for example_subdag_operator.section-1 to None, run_after=None
[2025-02-09T19:17:17.445-0700] {logging_mixin.py:190} INFO - [2025-02-09T19:17:17.445-0700] {dag.py:4180} INFO - Setting next_dagrun for example_subdag_operator.section-2 to None, run_after=None
[2025-02-09T19:17:17.447-0700] {logging_mixin.py:190} INFO - [2025-02-09T19:17:17.447-0700] {dag.py:3239} INFO - Sync 2 DAGs
[2025-02-09T19:17:17.449-0700] {logging_mixin.py:190} INFO - [2025-02-09T19:17:17.449-0700] {dag.py:4180} INFO - Setting next_dagrun for example_subdag_operator.section-1 to None, run_after=None
[2025-02-09T19:17:17.449-0700] {logging_mixin.py:190} INFO - [2025-02-09T19:17:17.449-0700] {dag.py:4180} INFO - Setting next_dagrun for example_subdag_operator.section-2 to None, run_after=None
[2025-02-09T19:17:17.454-0700] {processor.py:208} INFO - Processing /Users/pranithjain/Desktop/DE Project/Apache Airflow Project/venv/lib/python3.10/site-packages/airflow/example_dags/example_subdag_operator.py took 0.235 seconds
[2025-02-09T19:18:29.923-0700] {processor.py:186} INFO - Started process (PID=24078) to work on /Users/pranithjain/Desktop/DE Project/Apache Airflow Project/venv/lib/python3.10/site-packages/airflow/example_dags/example_subdag_operator.py
[2025-02-09T19:18:29.923-0700] {processor.py:914} INFO - Processing file /Users/pranithjain/Desktop/DE Project/Apache Airflow Project/venv/lib/python3.10/site-packages/airflow/example_dags/example_subdag_operator.py for tasks to queue
[2025-02-09T19:18:29.924-0700] {logging_mixin.py:190} INFO - [2025-02-09T19:18:29.924-0700] {dagbag.py:588} INFO - Filling up the DagBag from /Users/pranithjain/Desktop/DE Project/Apache Airflow Project/venv/lib/python3.10/site-packages/airflow/example_dags/example_subdag_operator.py
[2025-02-09T19:18:29.996-0700] {processor.py:925} INFO - DAG(s) 'example_subdag_operator.section-1', 'example_subdag_operator.section-2', 'example_subdag_operator' retrieved from /Users/pranithjain/Desktop/DE Project/Apache Airflow Project/venv/lib/python3.10/site-packages/airflow/example_dags/example_subdag_operator.py
[2025-02-09T19:18:30.153-0700] {logging_mixin.py:190} INFO - [2025-02-09T19:18:30.153-0700] {dag.py:3239} INFO - Sync 3 DAGs
[2025-02-09T19:18:30.161-0700] {logging_mixin.py:190} INFO - [2025-02-09T19:18:30.160-0700] {dag.py:4180} INFO - Setting next_dagrun for example_subdag_operator to 2022-01-01 00:00:00+00:00, run_after=2022-01-01 00:00:00+00:00
[2025-02-09T19:18:30.162-0700] {logging_mixin.py:190} INFO - [2025-02-09T19:18:30.162-0700] {dag.py:4180} INFO - Setting next_dagrun for example_subdag_operator.section-1 to None, run_after=None
[2025-02-09T19:18:30.162-0700] {logging_mixin.py:190} INFO - [2025-02-09T19:18:30.162-0700] {dag.py:4180} INFO - Setting next_dagrun for example_subdag_operator.section-2 to None, run_after=None
[2025-02-09T19:18:30.164-0700] {logging_mixin.py:190} INFO - [2025-02-09T19:18:30.164-0700] {dag.py:3239} INFO - Sync 2 DAGs
[2025-02-09T19:18:30.166-0700] {logging_mixin.py:190} INFO - [2025-02-09T19:18:30.165-0700] {dag.py:4180} INFO - Setting next_dagrun for example_subdag_operator.section-1 to None, run_after=None
[2025-02-09T19:18:30.166-0700] {logging_mixin.py:190} INFO - [2025-02-09T19:18:30.166-0700] {dag.py:4180} INFO - Setting next_dagrun for example_subdag_operator.section-2 to None, run_after=None
[2025-02-09T19:18:30.170-0700] {processor.py:208} INFO - Processing /Users/pranithjain/Desktop/DE Project/Apache Airflow Project/venv/lib/python3.10/site-packages/airflow/example_dags/example_subdag_operator.py took 0.249 seconds
[2025-02-09T19:19:42.035-0700] {processor.py:186} INFO - Started process (PID=24302) to work on /Users/pranithjain/Desktop/DE Project/Apache Airflow Project/venv/lib/python3.10/site-packages/airflow/example_dags/example_subdag_operator.py
[2025-02-09T19:19:42.035-0700] {processor.py:914} INFO - Processing file /Users/pranithjain/Desktop/DE Project/Apache Airflow Project/venv/lib/python3.10/site-packages/airflow/example_dags/example_subdag_operator.py for tasks to queue
[2025-02-09T19:19:42.036-0700] {logging_mixin.py:190} INFO - [2025-02-09T19:19:42.036-0700] {dagbag.py:588} INFO - Filling up the DagBag from /Users/pranithjain/Desktop/DE Project/Apache Airflow Project/venv/lib/python3.10/site-packages/airflow/example_dags/example_subdag_operator.py
[2025-02-09T19:19:42.103-0700] {processor.py:925} INFO - DAG(s) 'example_subdag_operator.section-1', 'example_subdag_operator.section-2', 'example_subdag_operator' retrieved from /Users/pranithjain/Desktop/DE Project/Apache Airflow Project/venv/lib/python3.10/site-packages/airflow/example_dags/example_subdag_operator.py
[2025-02-09T19:19:42.254-0700] {logging_mixin.py:190} INFO - [2025-02-09T19:19:42.254-0700] {dag.py:3239} INFO - Sync 3 DAGs
[2025-02-09T19:19:42.262-0700] {logging_mixin.py:190} INFO - [2025-02-09T19:19:42.262-0700] {dag.py:4180} INFO - Setting next_dagrun for example_subdag_operator to 2022-01-01 00:00:00+00:00, run_after=2022-01-01 00:00:00+00:00
[2025-02-09T19:19:42.263-0700] {logging_mixin.py:190} INFO - [2025-02-09T19:19:42.263-0700] {dag.py:4180} INFO - Setting next_dagrun for example_subdag_operator.section-1 to None, run_after=None
[2025-02-09T19:19:42.263-0700] {logging_mixin.py:190} INFO - [2025-02-09T19:19:42.263-0700] {dag.py:4180} INFO - Setting next_dagrun for example_subdag_operator.section-2 to None, run_after=None
[2025-02-09T19:19:42.265-0700] {logging_mixin.py:190} INFO - [2025-02-09T19:19:42.265-0700] {dag.py:3239} INFO - Sync 2 DAGs
[2025-02-09T19:19:42.267-0700] {logging_mixin.py:190} INFO - [2025-02-09T19:19:42.267-0700] {dag.py:4180} INFO - Setting next_dagrun for example_subdag_operator.section-1 to None, run_after=None
[2025-02-09T19:19:42.267-0700] {logging_mixin.py:190} INFO - [2025-02-09T19:19:42.267-0700] {dag.py:4180} INFO - Setting next_dagrun for example_subdag_operator.section-2 to None, run_after=None
[2025-02-09T19:19:42.272-0700] {processor.py:208} INFO - Processing /Users/pranithjain/Desktop/DE Project/Apache Airflow Project/venv/lib/python3.10/site-packages/airflow/example_dags/example_subdag_operator.py took 0.238 seconds
[2025-02-09T19:20:55.663-0700] {processor.py:186} INFO - Started process (PID=24525) to work on /Users/pranithjain/Desktop/DE Project/Apache Airflow Project/venv/lib/python3.10/site-packages/airflow/example_dags/example_subdag_operator.py
[2025-02-09T19:20:55.664-0700] {processor.py:914} INFO - Processing file /Users/pranithjain/Desktop/DE Project/Apache Airflow Project/venv/lib/python3.10/site-packages/airflow/example_dags/example_subdag_operator.py for tasks to queue
[2025-02-09T19:20:55.665-0700] {logging_mixin.py:190} INFO - [2025-02-09T19:20:55.665-0700] {dagbag.py:588} INFO - Filling up the DagBag from /Users/pranithjain/Desktop/DE Project/Apache Airflow Project/venv/lib/python3.10/site-packages/airflow/example_dags/example_subdag_operator.py
[2025-02-09T19:20:55.734-0700] {processor.py:925} INFO - DAG(s) 'example_subdag_operator.section-1', 'example_subdag_operator.section-2', 'example_subdag_operator' retrieved from /Users/pranithjain/Desktop/DE Project/Apache Airflow Project/venv/lib/python3.10/site-packages/airflow/example_dags/example_subdag_operator.py
[2025-02-09T19:20:55.885-0700] {logging_mixin.py:190} INFO - [2025-02-09T19:20:55.885-0700] {dag.py:3239} INFO - Sync 3 DAGs
[2025-02-09T19:20:55.892-0700] {logging_mixin.py:190} INFO - [2025-02-09T19:20:55.892-0700] {dag.py:4180} INFO - Setting next_dagrun for example_subdag_operator to 2022-01-01 00:00:00+00:00, run_after=2022-01-01 00:00:00+00:00
[2025-02-09T19:20:55.893-0700] {logging_mixin.py:190} INFO - [2025-02-09T19:20:55.893-0700] {dag.py:4180} INFO - Setting next_dagrun for example_subdag_operator.section-1 to None, run_after=None
[2025-02-09T19:20:55.894-0700] {logging_mixin.py:190} INFO - [2025-02-09T19:20:55.894-0700] {dag.py:4180} INFO - Setting next_dagrun for example_subdag_operator.section-2 to None, run_after=None
[2025-02-09T19:20:55.896-0700] {logging_mixin.py:190} INFO - [2025-02-09T19:20:55.896-0700] {dag.py:3239} INFO - Sync 2 DAGs
[2025-02-09T19:20:55.897-0700] {logging_mixin.py:190} INFO - [2025-02-09T19:20:55.897-0700] {dag.py:4180} INFO - Setting next_dagrun for example_subdag_operator.section-1 to None, run_after=None
[2025-02-09T19:20:55.897-0700] {logging_mixin.py:190} INFO - [2025-02-09T19:20:55.897-0700] {dag.py:4180} INFO - Setting next_dagrun for example_subdag_operator.section-2 to None, run_after=None
[2025-02-09T19:20:55.902-0700] {processor.py:208} INFO - Processing /Users/pranithjain/Desktop/DE Project/Apache Airflow Project/venv/lib/python3.10/site-packages/airflow/example_dags/example_subdag_operator.py took 0.241 seconds
[2025-02-09T19:22:09.789-0700] {processor.py:186} INFO - Started process (PID=24844) to work on /Users/pranithjain/Desktop/DE Project/Apache Airflow Project/venv/lib/python3.10/site-packages/airflow/example_dags/example_subdag_operator.py
[2025-02-09T19:22:09.790-0700] {processor.py:914} INFO - Processing file /Users/pranithjain/Desktop/DE Project/Apache Airflow Project/venv/lib/python3.10/site-packages/airflow/example_dags/example_subdag_operator.py for tasks to queue
[2025-02-09T19:22:09.790-0700] {logging_mixin.py:190} INFO - [2025-02-09T19:22:09.790-0700] {dagbag.py:588} INFO - Filling up the DagBag from /Users/pranithjain/Desktop/DE Project/Apache Airflow Project/venv/lib/python3.10/site-packages/airflow/example_dags/example_subdag_operator.py
[2025-02-09T19:22:09.857-0700] {processor.py:925} INFO - DAG(s) 'example_subdag_operator.section-1', 'example_subdag_operator.section-2', 'example_subdag_operator' retrieved from /Users/pranithjain/Desktop/DE Project/Apache Airflow Project/venv/lib/python3.10/site-packages/airflow/example_dags/example_subdag_operator.py
[2025-02-09T19:22:10.006-0700] {logging_mixin.py:190} INFO - [2025-02-09T19:22:10.006-0700] {dag.py:3239} INFO - Sync 3 DAGs
[2025-02-09T19:22:10.014-0700] {logging_mixin.py:190} INFO - [2025-02-09T19:22:10.014-0700] {dag.py:4180} INFO - Setting next_dagrun for example_subdag_operator to 2022-01-01 00:00:00+00:00, run_after=2022-01-01 00:00:00+00:00
[2025-02-09T19:22:10.015-0700] {logging_mixin.py:190} INFO - [2025-02-09T19:22:10.015-0700] {dag.py:4180} INFO - Setting next_dagrun for example_subdag_operator.section-1 to None, run_after=None
[2025-02-09T19:22:10.015-0700] {logging_mixin.py:190} INFO - [2025-02-09T19:22:10.015-0700] {dag.py:4180} INFO - Setting next_dagrun for example_subdag_operator.section-2 to None, run_after=None
[2025-02-09T19:22:10.017-0700] {logging_mixin.py:190} INFO - [2025-02-09T19:22:10.017-0700] {dag.py:3239} INFO - Sync 2 DAGs
[2025-02-09T19:22:10.019-0700] {logging_mixin.py:190} INFO - [2025-02-09T19:22:10.019-0700] {dag.py:4180} INFO - Setting next_dagrun for example_subdag_operator.section-1 to None, run_after=None
[2025-02-09T19:22:10.019-0700] {logging_mixin.py:190} INFO - [2025-02-09T19:22:10.019-0700] {dag.py:4180} INFO - Setting next_dagrun for example_subdag_operator.section-2 to None, run_after=None
[2025-02-09T19:22:10.024-0700] {processor.py:208} INFO - Processing /Users/pranithjain/Desktop/DE Project/Apache Airflow Project/venv/lib/python3.10/site-packages/airflow/example_dags/example_subdag_operator.py took 0.236 seconds
[2025-02-09T19:23:21.061-0700] {processor.py:186} INFO - Started process (PID=25063) to work on /Users/pranithjain/Desktop/DE Project/Apache Airflow Project/venv/lib/python3.10/site-packages/airflow/example_dags/example_subdag_operator.py
[2025-02-09T19:23:21.061-0700] {processor.py:914} INFO - Processing file /Users/pranithjain/Desktop/DE Project/Apache Airflow Project/venv/lib/python3.10/site-packages/airflow/example_dags/example_subdag_operator.py for tasks to queue
[2025-02-09T19:23:21.062-0700] {logging_mixin.py:190} INFO - [2025-02-09T19:23:21.062-0700] {dagbag.py:588} INFO - Filling up the DagBag from /Users/pranithjain/Desktop/DE Project/Apache Airflow Project/venv/lib/python3.10/site-packages/airflow/example_dags/example_subdag_operator.py
[2025-02-09T19:23:21.129-0700] {processor.py:925} INFO - DAG(s) 'example_subdag_operator.section-1', 'example_subdag_operator.section-2', 'example_subdag_operator' retrieved from /Users/pranithjain/Desktop/DE Project/Apache Airflow Project/venv/lib/python3.10/site-packages/airflow/example_dags/example_subdag_operator.py
[2025-02-09T19:23:21.279-0700] {logging_mixin.py:190} INFO - [2025-02-09T19:23:21.279-0700] {dag.py:3239} INFO - Sync 3 DAGs
[2025-02-09T19:23:21.287-0700] {logging_mixin.py:190} INFO - [2025-02-09T19:23:21.287-0700] {dag.py:4180} INFO - Setting next_dagrun for example_subdag_operator to 2022-01-01 00:00:00+00:00, run_after=2022-01-01 00:00:00+00:00
[2025-02-09T19:23:21.288-0700] {logging_mixin.py:190} INFO - [2025-02-09T19:23:21.288-0700] {dag.py:4180} INFO - Setting next_dagrun for example_subdag_operator.section-1 to None, run_after=None
[2025-02-09T19:23:21.288-0700] {logging_mixin.py:190} INFO - [2025-02-09T19:23:21.288-0700] {dag.py:4180} INFO - Setting next_dagrun for example_subdag_operator.section-2 to None, run_after=None
[2025-02-09T19:23:21.290-0700] {logging_mixin.py:190} INFO - [2025-02-09T19:23:21.290-0700] {dag.py:3239} INFO - Sync 2 DAGs
[2025-02-09T19:23:21.292-0700] {logging_mixin.py:190} INFO - [2025-02-09T19:23:21.292-0700] {dag.py:4180} INFO - Setting next_dagrun for example_subdag_operator.section-1 to None, run_after=None
[2025-02-09T19:23:21.292-0700] {logging_mixin.py:190} INFO - [2025-02-09T19:23:21.292-0700] {dag.py:4180} INFO - Setting next_dagrun for example_subdag_operator.section-2 to None, run_after=None
[2025-02-09T19:23:21.297-0700] {processor.py:208} INFO - Processing /Users/pranithjain/Desktop/DE Project/Apache Airflow Project/venv/lib/python3.10/site-packages/airflow/example_dags/example_subdag_operator.py took 0.238 seconds
[2025-02-09T19:24:29.991-0700] {processor.py:186} INFO - Started process (PID=25274) to work on /Users/pranithjain/Desktop/DE Project/Apache Airflow Project/venv/lib/python3.10/site-packages/airflow/example_dags/example_subdag_operator.py
[2025-02-09T19:24:29.991-0700] {processor.py:914} INFO - Processing file /Users/pranithjain/Desktop/DE Project/Apache Airflow Project/venv/lib/python3.10/site-packages/airflow/example_dags/example_subdag_operator.py for tasks to queue
[2025-02-09T19:24:29.992-0700] {logging_mixin.py:190} INFO - [2025-02-09T19:24:29.992-0700] {dagbag.py:588} INFO - Filling up the DagBag from /Users/pranithjain/Desktop/DE Project/Apache Airflow Project/venv/lib/python3.10/site-packages/airflow/example_dags/example_subdag_operator.py
[2025-02-09T19:24:30.060-0700] {processor.py:925} INFO - DAG(s) 'example_subdag_operator.section-1', 'example_subdag_operator.section-2', 'example_subdag_operator' retrieved from /Users/pranithjain/Desktop/DE Project/Apache Airflow Project/venv/lib/python3.10/site-packages/airflow/example_dags/example_subdag_operator.py
[2025-02-09T19:24:30.215-0700] {logging_mixin.py:190} INFO - [2025-02-09T19:24:30.215-0700] {dag.py:3239} INFO - Sync 3 DAGs
[2025-02-09T19:24:30.223-0700] {logging_mixin.py:190} INFO - [2025-02-09T19:24:30.223-0700] {dag.py:4180} INFO - Setting next_dagrun for example_subdag_operator to 2022-01-01 00:00:00+00:00, run_after=2022-01-01 00:00:00+00:00
[2025-02-09T19:24:30.224-0700] {logging_mixin.py:190} INFO - [2025-02-09T19:24:30.224-0700] {dag.py:4180} INFO - Setting next_dagrun for example_subdag_operator.section-1 to None, run_after=None
[2025-02-09T19:24:30.224-0700] {logging_mixin.py:190} INFO - [2025-02-09T19:24:30.224-0700] {dag.py:4180} INFO - Setting next_dagrun for example_subdag_operator.section-2 to None, run_after=None
[2025-02-09T19:24:30.227-0700] {logging_mixin.py:190} INFO - [2025-02-09T19:24:30.227-0700] {dag.py:3239} INFO - Sync 2 DAGs
[2025-02-09T19:24:30.228-0700] {logging_mixin.py:190} INFO - [2025-02-09T19:24:30.228-0700] {dag.py:4180} INFO - Setting next_dagrun for example_subdag_operator.section-1 to None, run_after=None
[2025-02-09T19:24:30.228-0700] {logging_mixin.py:190} INFO - [2025-02-09T19:24:30.228-0700] {dag.py:4180} INFO - Setting next_dagrun for example_subdag_operator.section-2 to None, run_after=None
[2025-02-09T19:24:30.233-0700] {processor.py:208} INFO - Processing /Users/pranithjain/Desktop/DE Project/Apache Airflow Project/venv/lib/python3.10/site-packages/airflow/example_dags/example_subdag_operator.py took 0.244 seconds
[2025-02-09T19:25:38.326-0700] {processor.py:186} INFO - Started process (PID=25486) to work on /Users/pranithjain/Desktop/DE Project/Apache Airflow Project/venv/lib/python3.10/site-packages/airflow/example_dags/example_subdag_operator.py
[2025-02-09T19:25:38.327-0700] {processor.py:914} INFO - Processing file /Users/pranithjain/Desktop/DE Project/Apache Airflow Project/venv/lib/python3.10/site-packages/airflow/example_dags/example_subdag_operator.py for tasks to queue
[2025-02-09T19:25:38.327-0700] {logging_mixin.py:190} INFO - [2025-02-09T19:25:38.327-0700] {dagbag.py:588} INFO - Filling up the DagBag from /Users/pranithjain/Desktop/DE Project/Apache Airflow Project/venv/lib/python3.10/site-packages/airflow/example_dags/example_subdag_operator.py
[2025-02-09T19:25:38.399-0700] {processor.py:925} INFO - DAG(s) 'example_subdag_operator.section-1', 'example_subdag_operator.section-2', 'example_subdag_operator' retrieved from /Users/pranithjain/Desktop/DE Project/Apache Airflow Project/venv/lib/python3.10/site-packages/airflow/example_dags/example_subdag_operator.py
[2025-02-09T19:25:38.546-0700] {logging_mixin.py:190} INFO - [2025-02-09T19:25:38.546-0700] {dag.py:3239} INFO - Sync 3 DAGs
[2025-02-09T19:25:38.554-0700] {logging_mixin.py:190} INFO - [2025-02-09T19:25:38.554-0700] {dag.py:4180} INFO - Setting next_dagrun for example_subdag_operator to 2022-01-01 00:00:00+00:00, run_after=2022-01-01 00:00:00+00:00
[2025-02-09T19:25:38.555-0700] {logging_mixin.py:190} INFO - [2025-02-09T19:25:38.555-0700] {dag.py:4180} INFO - Setting next_dagrun for example_subdag_operator.section-1 to None, run_after=None
[2025-02-09T19:25:38.556-0700] {logging_mixin.py:190} INFO - [2025-02-09T19:25:38.556-0700] {dag.py:4180} INFO - Setting next_dagrun for example_subdag_operator.section-2 to None, run_after=None
[2025-02-09T19:25:38.558-0700] {logging_mixin.py:190} INFO - [2025-02-09T19:25:38.558-0700] {dag.py:3239} INFO - Sync 2 DAGs
[2025-02-09T19:25:38.559-0700] {logging_mixin.py:190} INFO - [2025-02-09T19:25:38.559-0700] {dag.py:4180} INFO - Setting next_dagrun for example_subdag_operator.section-1 to None, run_after=None
[2025-02-09T19:25:38.560-0700] {logging_mixin.py:190} INFO - [2025-02-09T19:25:38.559-0700] {dag.py:4180} INFO - Setting next_dagrun for example_subdag_operator.section-2 to None, run_after=None
[2025-02-09T19:25:38.564-0700] {processor.py:208} INFO - Processing /Users/pranithjain/Desktop/DE Project/Apache Airflow Project/venv/lib/python3.10/site-packages/airflow/example_dags/example_subdag_operator.py took 0.240 seconds
[2025-02-09T19:26:46.493-0700] {processor.py:186} INFO - Started process (PID=25789) to work on /Users/pranithjain/Desktop/DE Project/Apache Airflow Project/venv/lib/python3.10/site-packages/airflow/example_dags/example_subdag_operator.py
[2025-02-09T19:26:46.494-0700] {processor.py:914} INFO - Processing file /Users/pranithjain/Desktop/DE Project/Apache Airflow Project/venv/lib/python3.10/site-packages/airflow/example_dags/example_subdag_operator.py for tasks to queue
[2025-02-09T19:26:46.495-0700] {logging_mixin.py:190} INFO - [2025-02-09T19:26:46.495-0700] {dagbag.py:588} INFO - Filling up the DagBag from /Users/pranithjain/Desktop/DE Project/Apache Airflow Project/venv/lib/python3.10/site-packages/airflow/example_dags/example_subdag_operator.py
[2025-02-09T19:26:46.563-0700] {processor.py:925} INFO - DAG(s) 'example_subdag_operator.section-1', 'example_subdag_operator.section-2', 'example_subdag_operator' retrieved from /Users/pranithjain/Desktop/DE Project/Apache Airflow Project/venv/lib/python3.10/site-packages/airflow/example_dags/example_subdag_operator.py
[2025-02-09T19:26:46.714-0700] {logging_mixin.py:190} INFO - [2025-02-09T19:26:46.714-0700] {dag.py:3239} INFO - Sync 3 DAGs
[2025-02-09T19:26:46.722-0700] {logging_mixin.py:190} INFO - [2025-02-09T19:26:46.722-0700] {dag.py:4180} INFO - Setting next_dagrun for example_subdag_operator to 2022-01-01 00:00:00+00:00, run_after=2022-01-01 00:00:00+00:00
[2025-02-09T19:26:46.723-0700] {logging_mixin.py:190} INFO - [2025-02-09T19:26:46.723-0700] {dag.py:4180} INFO - Setting next_dagrun for example_subdag_operator.section-1 to None, run_after=None
[2025-02-09T19:26:46.723-0700] {logging_mixin.py:190} INFO - [2025-02-09T19:26:46.723-0700] {dag.py:4180} INFO - Setting next_dagrun for example_subdag_operator.section-2 to None, run_after=None
[2025-02-09T19:26:46.725-0700] {logging_mixin.py:190} INFO - [2025-02-09T19:26:46.725-0700] {dag.py:3239} INFO - Sync 2 DAGs
[2025-02-09T19:26:46.727-0700] {logging_mixin.py:190} INFO - [2025-02-09T19:26:46.727-0700] {dag.py:4180} INFO - Setting next_dagrun for example_subdag_operator.section-1 to None, run_after=None
[2025-02-09T19:26:46.727-0700] {logging_mixin.py:190} INFO - [2025-02-09T19:26:46.727-0700] {dag.py:4180} INFO - Setting next_dagrun for example_subdag_operator.section-2 to None, run_after=None
[2025-02-09T19:26:46.733-0700] {processor.py:208} INFO - Processing /Users/pranithjain/Desktop/DE Project/Apache Airflow Project/venv/lib/python3.10/site-packages/airflow/example_dags/example_subdag_operator.py took 0.241 seconds
[2025-02-09T19:28:38.648-0700] {processor.py:186} INFO - Started process (PID=26166) to work on /Users/pranithjain/Desktop/DE Project/Apache Airflow Project/venv/lib/python3.10/site-packages/airflow/example_dags/example_subdag_operator.py
[2025-02-09T19:28:38.649-0700] {processor.py:914} INFO - Processing file /Users/pranithjain/Desktop/DE Project/Apache Airflow Project/venv/lib/python3.10/site-packages/airflow/example_dags/example_subdag_operator.py for tasks to queue
[2025-02-09T19:28:38.649-0700] {logging_mixin.py:190} INFO - [2025-02-09T19:28:38.649-0700] {dagbag.py:588} INFO - Filling up the DagBag from /Users/pranithjain/Desktop/DE Project/Apache Airflow Project/venv/lib/python3.10/site-packages/airflow/example_dags/example_subdag_operator.py
[2025-02-09T19:28:38.720-0700] {processor.py:925} INFO - DAG(s) 'example_subdag_operator.section-1', 'example_subdag_operator.section-2', 'example_subdag_operator' retrieved from /Users/pranithjain/Desktop/DE Project/Apache Airflow Project/venv/lib/python3.10/site-packages/airflow/example_dags/example_subdag_operator.py
[2025-02-09T19:28:38.867-0700] {logging_mixin.py:190} INFO - [2025-02-09T19:28:38.867-0700] {dag.py:3239} INFO - Sync 3 DAGs
[2025-02-09T19:28:38.874-0700] {logging_mixin.py:190} INFO - [2025-02-09T19:28:38.874-0700] {dag.py:4180} INFO - Setting next_dagrun for example_subdag_operator to 2022-01-01 00:00:00+00:00, run_after=2022-01-01 00:00:00+00:00
[2025-02-09T19:28:38.875-0700] {logging_mixin.py:190} INFO - [2025-02-09T19:28:38.875-0700] {dag.py:4180} INFO - Setting next_dagrun for example_subdag_operator.section-1 to None, run_after=None
[2025-02-09T19:28:38.876-0700] {logging_mixin.py:190} INFO - [2025-02-09T19:28:38.876-0700] {dag.py:4180} INFO - Setting next_dagrun for example_subdag_operator.section-2 to None, run_after=None
[2025-02-09T19:28:38.878-0700] {logging_mixin.py:190} INFO - [2025-02-09T19:28:38.878-0700] {dag.py:3239} INFO - Sync 2 DAGs
[2025-02-09T19:28:38.879-0700] {logging_mixin.py:190} INFO - [2025-02-09T19:28:38.879-0700] {dag.py:4180} INFO - Setting next_dagrun for example_subdag_operator.section-1 to None, run_after=None
[2025-02-09T19:28:38.880-0700] {logging_mixin.py:190} INFO - [2025-02-09T19:28:38.879-0700] {dag.py:4180} INFO - Setting next_dagrun for example_subdag_operator.section-2 to None, run_after=None
[2025-02-09T19:28:38.884-0700] {processor.py:208} INFO - Processing /Users/pranithjain/Desktop/DE Project/Apache Airflow Project/venv/lib/python3.10/site-packages/airflow/example_dags/example_subdag_operator.py took 0.238 seconds
