[2025-02-09T18:48:40.458-0700] {processor.py:186} INFO - Started process (PID=18935) to work on /Users/pranithjain/Desktop/DE Project/Apache Airflow Project/venv/lib/python3.10/site-packages/airflow/example_dags/example_dynamic_task_mapping.py
[2025-02-09T18:48:40.459-0700] {processor.py:914} INFO - Processing file /Users/pranithjain/Desktop/DE Project/Apache Airflow Project/venv/lib/python3.10/site-packages/airflow/example_dags/example_dynamic_task_mapping.py for tasks to queue
[2025-02-09T18:48:40.459-0700] {logging_mixin.py:190} INFO - [2025-02-09T18:48:40.459-0700] {dagbag.py:588} INFO - Filling up the DagBag from /Users/pranithjain/Desktop/DE Project/Apache Airflow Project/venv/lib/python3.10/site-packages/airflow/example_dags/example_dynamic_task_mapping.py
[2025-02-09T18:48:40.475-0700] {processor.py:925} INFO - DAG(s) 'example_dynamic_task_mapping' retrieved from /Users/pranithjain/Desktop/DE Project/Apache Airflow Project/venv/lib/python3.10/site-packages/airflow/example_dags/example_dynamic_task_mapping.py
[2025-02-09T18:48:40.578-0700] {logging_mixin.py:190} INFO - [2025-02-09T18:48:40.578-0700] {override.py:1930} INFO - Created Permission View: can edit on DAG:example_dynamic_task_mapping
[2025-02-09T18:48:40.582-0700] {logging_mixin.py:190} INFO - [2025-02-09T18:48:40.582-0700] {override.py:1930} INFO - Created Permission View: can read on DAG:example_dynamic_task_mapping
[2025-02-09T18:48:40.584-0700] {logging_mixin.py:190} INFO - [2025-02-09T18:48:40.584-0700] {override.py:1930} INFO - Created Permission View: can delete on DAG:example_dynamic_task_mapping
[2025-02-09T18:48:40.587-0700] {logging_mixin.py:190} INFO - [2025-02-09T18:48:40.586-0700] {override.py:1930} INFO - Created Permission View: menu access on DAG Run:example_dynamic_task_mapping
[2025-02-09T18:48:40.589-0700] {logging_mixin.py:190} INFO - [2025-02-09T18:48:40.588-0700] {override.py:1930} INFO - Created Permission View: can read on DAG Run:example_dynamic_task_mapping
[2025-02-09T18:48:40.590-0700] {logging_mixin.py:190} INFO - [2025-02-09T18:48:40.590-0700] {override.py:1930} INFO - Created Permission View: can delete on DAG Run:example_dynamic_task_mapping
[2025-02-09T18:48:40.593-0700] {logging_mixin.py:190} INFO - [2025-02-09T18:48:40.592-0700] {override.py:1930} INFO - Created Permission View: can create on DAG Run:example_dynamic_task_mapping
[2025-02-09T18:48:40.593-0700] {logging_mixin.py:190} INFO - [2025-02-09T18:48:40.593-0700] {dag.py:3239} INFO - Sync 1 DAGs
[2025-02-09T18:48:40.597-0700] {logging_mixin.py:190} INFO - [2025-02-09T18:48:40.597-0700] {dag.py:3262} INFO - Creating ORM DAG for example_dynamic_task_mapping
[2025-02-09T18:48:40.598-0700] {logging_mixin.py:190} INFO - [2025-02-09T18:48:40.597-0700] {dag.py:4180} INFO - Setting next_dagrun for example_dynamic_task_mapping to None, run_after=None
[2025-02-09T18:48:40.604-0700] {processor.py:208} INFO - Processing /Users/pranithjain/Desktop/DE Project/Apache Airflow Project/venv/lib/python3.10/site-packages/airflow/example_dags/example_dynamic_task_mapping.py took 0.148 seconds
[2025-02-09T18:51:06.878-0700] {processor.py:186} INFO - Started process (PID=19392) to work on /Users/pranithjain/Desktop/DE Project/Apache Airflow Project/venv/lib/python3.10/site-packages/airflow/example_dags/example_dynamic_task_mapping.py
[2025-02-09T18:51:06.880-0700] {processor.py:914} INFO - Processing file /Users/pranithjain/Desktop/DE Project/Apache Airflow Project/venv/lib/python3.10/site-packages/airflow/example_dags/example_dynamic_task_mapping.py for tasks to queue
[2025-02-09T18:51:06.880-0700] {logging_mixin.py:190} INFO - [2025-02-09T18:51:06.880-0700] {dagbag.py:588} INFO - Filling up the DagBag from /Users/pranithjain/Desktop/DE Project/Apache Airflow Project/venv/lib/python3.10/site-packages/airflow/example_dags/example_dynamic_task_mapping.py
[2025-02-09T18:51:06.895-0700] {processor.py:925} INFO - DAG(s) 'example_dynamic_task_mapping' retrieved from /Users/pranithjain/Desktop/DE Project/Apache Airflow Project/venv/lib/python3.10/site-packages/airflow/example_dags/example_dynamic_task_mapping.py
[2025-02-09T18:51:06.962-0700] {logging_mixin.py:190} INFO - [2025-02-09T18:51:06.962-0700] {dag.py:3239} INFO - Sync 1 DAGs
[2025-02-09T18:51:06.967-0700] {logging_mixin.py:190} INFO - [2025-02-09T18:51:06.967-0700] {dag.py:4180} INFO - Setting next_dagrun for example_dynamic_task_mapping to None, run_after=None
[2025-02-09T18:51:06.975-0700] {processor.py:208} INFO - Processing /Users/pranithjain/Desktop/DE Project/Apache Airflow Project/venv/lib/python3.10/site-packages/airflow/example_dags/example_dynamic_task_mapping.py took 0.099 seconds
[2025-02-09T18:53:48.662-0700] {processor.py:186} INFO - Started process (PID=19903) to work on /Users/pranithjain/Desktop/DE Project/Apache Airflow Project/venv/lib/python3.10/site-packages/airflow/example_dags/example_dynamic_task_mapping.py
[2025-02-09T18:53:48.664-0700] {processor.py:914} INFO - Processing file /Users/pranithjain/Desktop/DE Project/Apache Airflow Project/venv/lib/python3.10/site-packages/airflow/example_dags/example_dynamic_task_mapping.py for tasks to queue
[2025-02-09T18:53:48.664-0700] {logging_mixin.py:190} INFO - [2025-02-09T18:53:48.664-0700] {dagbag.py:588} INFO - Filling up the DagBag from /Users/pranithjain/Desktop/DE Project/Apache Airflow Project/venv/lib/python3.10/site-packages/airflow/example_dags/example_dynamic_task_mapping.py
[2025-02-09T18:53:48.679-0700] {processor.py:925} INFO - DAG(s) 'example_dynamic_task_mapping' retrieved from /Users/pranithjain/Desktop/DE Project/Apache Airflow Project/venv/lib/python3.10/site-packages/airflow/example_dags/example_dynamic_task_mapping.py
[2025-02-09T18:53:48.745-0700] {logging_mixin.py:190} INFO - [2025-02-09T18:53:48.745-0700] {dag.py:3239} INFO - Sync 1 DAGs
[2025-02-09T18:53:48.750-0700] {logging_mixin.py:190} INFO - [2025-02-09T18:53:48.750-0700] {dag.py:4180} INFO - Setting next_dagrun for example_dynamic_task_mapping to None, run_after=None
[2025-02-09T18:53:48.757-0700] {processor.py:208} INFO - Processing /Users/pranithjain/Desktop/DE Project/Apache Airflow Project/venv/lib/python3.10/site-packages/airflow/example_dags/example_dynamic_task_mapping.py took 0.096 seconds
[2025-02-09T18:56:12.944-0700] {processor.py:186} INFO - Started process (PID=20351) to work on /Users/pranithjain/Desktop/DE Project/Apache Airflow Project/venv/lib/python3.10/site-packages/airflow/example_dags/example_dynamic_task_mapping.py
[2025-02-09T18:56:12.944-0700] {processor.py:914} INFO - Processing file /Users/pranithjain/Desktop/DE Project/Apache Airflow Project/venv/lib/python3.10/site-packages/airflow/example_dags/example_dynamic_task_mapping.py for tasks to queue
[2025-02-09T18:56:12.945-0700] {logging_mixin.py:190} INFO - [2025-02-09T18:56:12.945-0700] {dagbag.py:588} INFO - Filling up the DagBag from /Users/pranithjain/Desktop/DE Project/Apache Airflow Project/venv/lib/python3.10/site-packages/airflow/example_dags/example_dynamic_task_mapping.py
[2025-02-09T18:56:12.960-0700] {processor.py:925} INFO - DAG(s) 'example_dynamic_task_mapping' retrieved from /Users/pranithjain/Desktop/DE Project/Apache Airflow Project/venv/lib/python3.10/site-packages/airflow/example_dags/example_dynamic_task_mapping.py
[2025-02-09T18:56:13.025-0700] {logging_mixin.py:190} INFO - [2025-02-09T18:56:13.025-0700] {dag.py:3239} INFO - Sync 1 DAGs
[2025-02-09T18:56:13.030-0700] {logging_mixin.py:190} INFO - [2025-02-09T18:56:13.030-0700] {dag.py:4180} INFO - Setting next_dagrun for example_dynamic_task_mapping to None, run_after=None
[2025-02-09T18:56:13.036-0700] {processor.py:208} INFO - Processing /Users/pranithjain/Desktop/DE Project/Apache Airflow Project/venv/lib/python3.10/site-packages/airflow/example_dags/example_dynamic_task_mapping.py took 0.095 seconds
[2025-02-09T18:58:36.822-0700] {processor.py:186} INFO - Started process (PID=20793) to work on /Users/pranithjain/Desktop/DE Project/Apache Airflow Project/venv/lib/python3.10/site-packages/airflow/example_dags/example_dynamic_task_mapping.py
[2025-02-09T18:58:36.822-0700] {processor.py:914} INFO - Processing file /Users/pranithjain/Desktop/DE Project/Apache Airflow Project/venv/lib/python3.10/site-packages/airflow/example_dags/example_dynamic_task_mapping.py for tasks to queue
[2025-02-09T18:58:36.823-0700] {logging_mixin.py:190} INFO - [2025-02-09T18:58:36.823-0700] {dagbag.py:588} INFO - Filling up the DagBag from /Users/pranithjain/Desktop/DE Project/Apache Airflow Project/venv/lib/python3.10/site-packages/airflow/example_dags/example_dynamic_task_mapping.py
[2025-02-09T18:58:36.838-0700] {processor.py:925} INFO - DAG(s) 'example_dynamic_task_mapping' retrieved from /Users/pranithjain/Desktop/DE Project/Apache Airflow Project/venv/lib/python3.10/site-packages/airflow/example_dags/example_dynamic_task_mapping.py
[2025-02-09T18:58:36.904-0700] {logging_mixin.py:190} INFO - [2025-02-09T18:58:36.904-0700] {dag.py:3239} INFO - Sync 1 DAGs
[2025-02-09T18:58:36.909-0700] {logging_mixin.py:190} INFO - [2025-02-09T18:58:36.909-0700] {dag.py:4180} INFO - Setting next_dagrun for example_dynamic_task_mapping to None, run_after=None
[2025-02-09T18:58:36.916-0700] {processor.py:208} INFO - Processing /Users/pranithjain/Desktop/DE Project/Apache Airflow Project/venv/lib/python3.10/site-packages/airflow/example_dags/example_dynamic_task_mapping.py took 0.095 seconds
[2025-02-09T19:07:22.455-0700] {processor.py:186} INFO - Started process (PID=22077) to work on /Users/pranithjain/Desktop/DE Project/Apache Airflow Project/venv/lib/python3.10/site-packages/airflow/example_dags/example_dynamic_task_mapping.py
[2025-02-09T19:07:22.456-0700] {processor.py:914} INFO - Processing file /Users/pranithjain/Desktop/DE Project/Apache Airflow Project/venv/lib/python3.10/site-packages/airflow/example_dags/example_dynamic_task_mapping.py for tasks to queue
[2025-02-09T19:07:22.456-0700] {logging_mixin.py:190} INFO - [2025-02-09T19:07:22.456-0700] {dagbag.py:588} INFO - Filling up the DagBag from /Users/pranithjain/Desktop/DE Project/Apache Airflow Project/venv/lib/python3.10/site-packages/airflow/example_dags/example_dynamic_task_mapping.py
[2025-02-09T19:07:22.471-0700] {processor.py:925} INFO - DAG(s) 'example_dynamic_task_mapping' retrieved from /Users/pranithjain/Desktop/DE Project/Apache Airflow Project/venv/lib/python3.10/site-packages/airflow/example_dags/example_dynamic_task_mapping.py
[2025-02-09T19:07:22.536-0700] {logging_mixin.py:190} INFO - [2025-02-09T19:07:22.535-0700] {dag.py:3239} INFO - Sync 1 DAGs
[2025-02-09T19:07:22.540-0700] {logging_mixin.py:190} INFO - [2025-02-09T19:07:22.540-0700] {dag.py:4180} INFO - Setting next_dagrun for example_dynamic_task_mapping to None, run_after=None
[2025-02-09T19:07:22.547-0700] {processor.py:208} INFO - Processing /Users/pranithjain/Desktop/DE Project/Apache Airflow Project/venv/lib/python3.10/site-packages/airflow/example_dags/example_dynamic_task_mapping.py took 0.093 seconds
[2025-02-09T19:09:44.740-0700] {processor.py:186} INFO - Started process (PID=22517) to work on /Users/pranithjain/Desktop/DE Project/Apache Airflow Project/venv/lib/python3.10/site-packages/airflow/example_dags/example_dynamic_task_mapping.py
[2025-02-09T19:09:44.740-0700] {processor.py:914} INFO - Processing file /Users/pranithjain/Desktop/DE Project/Apache Airflow Project/venv/lib/python3.10/site-packages/airflow/example_dags/example_dynamic_task_mapping.py for tasks to queue
[2025-02-09T19:09:44.741-0700] {logging_mixin.py:190} INFO - [2025-02-09T19:09:44.740-0700] {dagbag.py:588} INFO - Filling up the DagBag from /Users/pranithjain/Desktop/DE Project/Apache Airflow Project/venv/lib/python3.10/site-packages/airflow/example_dags/example_dynamic_task_mapping.py
[2025-02-09T19:09:44.756-0700] {processor.py:925} INFO - DAG(s) 'example_dynamic_task_mapping' retrieved from /Users/pranithjain/Desktop/DE Project/Apache Airflow Project/venv/lib/python3.10/site-packages/airflow/example_dags/example_dynamic_task_mapping.py
[2025-02-09T19:09:44.860-0700] {logging_mixin.py:190} INFO - [2025-02-09T19:09:44.860-0700] {dag.py:3239} INFO - Sync 1 DAGs
[2025-02-09T19:09:44.864-0700] {logging_mixin.py:190} INFO - [2025-02-09T19:09:44.864-0700] {dag.py:4180} INFO - Setting next_dagrun for example_dynamic_task_mapping to None, run_after=None
[2025-02-09T19:09:44.872-0700] {processor.py:208} INFO - Processing /Users/pranithjain/Desktop/DE Project/Apache Airflow Project/venv/lib/python3.10/site-packages/airflow/example_dags/example_dynamic_task_mapping.py took 0.134 seconds
[2025-02-09T19:13:54.745-0700] {processor.py:186} INFO - Started process (PID=23242) to work on /Users/pranithjain/Desktop/DE Project/Apache Airflow Project/venv/lib/python3.10/site-packages/airflow/example_dags/example_dynamic_task_mapping.py
[2025-02-09T19:13:54.746-0700] {processor.py:914} INFO - Processing file /Users/pranithjain/Desktop/DE Project/Apache Airflow Project/venv/lib/python3.10/site-packages/airflow/example_dags/example_dynamic_task_mapping.py for tasks to queue
[2025-02-09T19:13:54.746-0700] {logging_mixin.py:190} INFO - [2025-02-09T19:13:54.746-0700] {dagbag.py:588} INFO - Filling up the DagBag from /Users/pranithjain/Desktop/DE Project/Apache Airflow Project/venv/lib/python3.10/site-packages/airflow/example_dags/example_dynamic_task_mapping.py
[2025-02-09T19:13:54.762-0700] {processor.py:925} INFO - DAG(s) 'example_dynamic_task_mapping' retrieved from /Users/pranithjain/Desktop/DE Project/Apache Airflow Project/venv/lib/python3.10/site-packages/airflow/example_dags/example_dynamic_task_mapping.py
[2025-02-09T19:13:54.827-0700] {logging_mixin.py:190} INFO - [2025-02-09T19:13:54.826-0700] {dag.py:3239} INFO - Sync 1 DAGs
[2025-02-09T19:13:54.831-0700] {logging_mixin.py:190} INFO - [2025-02-09T19:13:54.831-0700] {dag.py:4180} INFO - Setting next_dagrun for example_dynamic_task_mapping to None, run_after=None
[2025-02-09T19:13:54.838-0700] {processor.py:208} INFO - Processing /Users/pranithjain/Desktop/DE Project/Apache Airflow Project/venv/lib/python3.10/site-packages/airflow/example_dags/example_dynamic_task_mapping.py took 0.094 seconds
[2025-02-09T19:16:14.111-0700] {processor.py:186} INFO - Started process (PID=23667) to work on /Users/pranithjain/Desktop/DE Project/Apache Airflow Project/venv/lib/python3.10/site-packages/airflow/example_dags/example_dynamic_task_mapping.py
[2025-02-09T19:16:14.111-0700] {processor.py:914} INFO - Processing file /Users/pranithjain/Desktop/DE Project/Apache Airflow Project/venv/lib/python3.10/site-packages/airflow/example_dags/example_dynamic_task_mapping.py for tasks to queue
[2025-02-09T19:16:14.112-0700] {logging_mixin.py:190} INFO - [2025-02-09T19:16:14.112-0700] {dagbag.py:588} INFO - Filling up the DagBag from /Users/pranithjain/Desktop/DE Project/Apache Airflow Project/venv/lib/python3.10/site-packages/airflow/example_dags/example_dynamic_task_mapping.py
[2025-02-09T19:16:14.127-0700] {processor.py:925} INFO - DAG(s) 'example_dynamic_task_mapping' retrieved from /Users/pranithjain/Desktop/DE Project/Apache Airflow Project/venv/lib/python3.10/site-packages/airflow/example_dags/example_dynamic_task_mapping.py
[2025-02-09T19:16:14.192-0700] {logging_mixin.py:190} INFO - [2025-02-09T19:16:14.192-0700] {dag.py:3239} INFO - Sync 1 DAGs
[2025-02-09T19:16:14.197-0700] {logging_mixin.py:190} INFO - [2025-02-09T19:16:14.196-0700] {dag.py:4180} INFO - Setting next_dagrun for example_dynamic_task_mapping to None, run_after=None
[2025-02-09T19:16:14.203-0700] {processor.py:208} INFO - Processing /Users/pranithjain/Desktop/DE Project/Apache Airflow Project/venv/lib/python3.10/site-packages/airflow/example_dags/example_dynamic_task_mapping.py took 0.094 seconds
[2025-02-09T19:18:40.147-0700] {processor.py:186} INFO - Started process (PID=24109) to work on /Users/pranithjain/Desktop/DE Project/Apache Airflow Project/venv/lib/python3.10/site-packages/airflow/example_dags/example_dynamic_task_mapping.py
[2025-02-09T19:18:40.149-0700] {processor.py:914} INFO - Processing file /Users/pranithjain/Desktop/DE Project/Apache Airflow Project/venv/lib/python3.10/site-packages/airflow/example_dags/example_dynamic_task_mapping.py for tasks to queue
[2025-02-09T19:18:40.149-0700] {logging_mixin.py:190} INFO - [2025-02-09T19:18:40.149-0700] {dagbag.py:588} INFO - Filling up the DagBag from /Users/pranithjain/Desktop/DE Project/Apache Airflow Project/venv/lib/python3.10/site-packages/airflow/example_dags/example_dynamic_task_mapping.py
[2025-02-09T19:18:40.165-0700] {processor.py:925} INFO - DAG(s) 'example_dynamic_task_mapping' retrieved from /Users/pranithjain/Desktop/DE Project/Apache Airflow Project/venv/lib/python3.10/site-packages/airflow/example_dags/example_dynamic_task_mapping.py
[2025-02-09T19:18:40.233-0700] {logging_mixin.py:190} INFO - [2025-02-09T19:18:40.233-0700] {dag.py:3239} INFO - Sync 1 DAGs
[2025-02-09T19:18:40.239-0700] {logging_mixin.py:190} INFO - [2025-02-09T19:18:40.239-0700] {dag.py:4180} INFO - Setting next_dagrun for example_dynamic_task_mapping to None, run_after=None
[2025-02-09T19:18:40.246-0700] {processor.py:208} INFO - Processing /Users/pranithjain/Desktop/DE Project/Apache Airflow Project/venv/lib/python3.10/site-packages/airflow/example_dags/example_dynamic_task_mapping.py took 0.101 seconds
[2025-02-09T19:21:06.753-0700] {processor.py:186} INFO - Started process (PID=24559) to work on /Users/pranithjain/Desktop/DE Project/Apache Airflow Project/venv/lib/python3.10/site-packages/airflow/example_dags/example_dynamic_task_mapping.py
[2025-02-09T19:21:06.754-0700] {processor.py:914} INFO - Processing file /Users/pranithjain/Desktop/DE Project/Apache Airflow Project/venv/lib/python3.10/site-packages/airflow/example_dags/example_dynamic_task_mapping.py for tasks to queue
[2025-02-09T19:21:06.754-0700] {logging_mixin.py:190} INFO - [2025-02-09T19:21:06.754-0700] {dagbag.py:588} INFO - Filling up the DagBag from /Users/pranithjain/Desktop/DE Project/Apache Airflow Project/venv/lib/python3.10/site-packages/airflow/example_dags/example_dynamic_task_mapping.py
[2025-02-09T19:21:06.770-0700] {processor.py:925} INFO - DAG(s) 'example_dynamic_task_mapping' retrieved from /Users/pranithjain/Desktop/DE Project/Apache Airflow Project/venv/lib/python3.10/site-packages/airflow/example_dags/example_dynamic_task_mapping.py
[2025-02-09T19:21:06.837-0700] {logging_mixin.py:190} INFO - [2025-02-09T19:21:06.837-0700] {dag.py:3239} INFO - Sync 1 DAGs
[2025-02-09T19:21:06.842-0700] {logging_mixin.py:190} INFO - [2025-02-09T19:21:06.842-0700] {dag.py:4180} INFO - Setting next_dagrun for example_dynamic_task_mapping to None, run_after=None
[2025-02-09T19:21:06.849-0700] {processor.py:208} INFO - Processing /Users/pranithjain/Desktop/DE Project/Apache Airflow Project/venv/lib/python3.10/site-packages/airflow/example_dags/example_dynamic_task_mapping.py took 0.097 seconds
[2025-02-09T19:23:32.287-0700] {processor.py:186} INFO - Started process (PID=25094) to work on /Users/pranithjain/Desktop/DE Project/Apache Airflow Project/venv/lib/python3.10/site-packages/airflow/example_dags/example_dynamic_task_mapping.py
[2025-02-09T19:23:32.287-0700] {processor.py:914} INFO - Processing file /Users/pranithjain/Desktop/DE Project/Apache Airflow Project/venv/lib/python3.10/site-packages/airflow/example_dags/example_dynamic_task_mapping.py for tasks to queue
[2025-02-09T19:23:32.288-0700] {logging_mixin.py:190} INFO - [2025-02-09T19:23:32.288-0700] {dagbag.py:588} INFO - Filling up the DagBag from /Users/pranithjain/Desktop/DE Project/Apache Airflow Project/venv/lib/python3.10/site-packages/airflow/example_dags/example_dynamic_task_mapping.py
[2025-02-09T19:23:32.303-0700] {processor.py:925} INFO - DAG(s) 'example_dynamic_task_mapping' retrieved from /Users/pranithjain/Desktop/DE Project/Apache Airflow Project/venv/lib/python3.10/site-packages/airflow/example_dags/example_dynamic_task_mapping.py
[2025-02-09T19:23:32.368-0700] {logging_mixin.py:190} INFO - [2025-02-09T19:23:32.368-0700] {dag.py:3239} INFO - Sync 1 DAGs
[2025-02-09T19:23:32.373-0700] {logging_mixin.py:190} INFO - [2025-02-09T19:23:32.372-0700] {dag.py:4180} INFO - Setting next_dagrun for example_dynamic_task_mapping to None, run_after=None
[2025-02-09T19:23:32.379-0700] {processor.py:208} INFO - Processing /Users/pranithjain/Desktop/DE Project/Apache Airflow Project/venv/lib/python3.10/site-packages/airflow/example_dags/example_dynamic_task_mapping.py took 0.094 seconds
[2025-02-09T19:25:45.531-0700] {processor.py:186} INFO - Started process (PID=25508) to work on /Users/pranithjain/Desktop/DE Project/Apache Airflow Project/venv/lib/python3.10/site-packages/airflow/example_dags/example_dynamic_task_mapping.py
[2025-02-09T19:25:45.532-0700] {processor.py:914} INFO - Processing file /Users/pranithjain/Desktop/DE Project/Apache Airflow Project/venv/lib/python3.10/site-packages/airflow/example_dags/example_dynamic_task_mapping.py for tasks to queue
[2025-02-09T19:25:45.532-0700] {logging_mixin.py:190} INFO - [2025-02-09T19:25:45.532-0700] {dagbag.py:588} INFO - Filling up the DagBag from /Users/pranithjain/Desktop/DE Project/Apache Airflow Project/venv/lib/python3.10/site-packages/airflow/example_dags/example_dynamic_task_mapping.py
[2025-02-09T19:25:45.548-0700] {processor.py:925} INFO - DAG(s) 'example_dynamic_task_mapping' retrieved from /Users/pranithjain/Desktop/DE Project/Apache Airflow Project/venv/lib/python3.10/site-packages/airflow/example_dags/example_dynamic_task_mapping.py
[2025-02-09T19:25:45.613-0700] {logging_mixin.py:190} INFO - [2025-02-09T19:25:45.612-0700] {dag.py:3239} INFO - Sync 1 DAGs
[2025-02-09T19:25:45.617-0700] {logging_mixin.py:190} INFO - [2025-02-09T19:25:45.617-0700] {dag.py:4180} INFO - Setting next_dagrun for example_dynamic_task_mapping to None, run_after=None
[2025-02-09T19:25:45.623-0700] {processor.py:208} INFO - Processing /Users/pranithjain/Desktop/DE Project/Apache Airflow Project/venv/lib/python3.10/site-packages/airflow/example_dags/example_dynamic_task_mapping.py took 0.094 seconds
[2025-02-09T19:29:19.501-0700] {processor.py:186} INFO - Started process (PID=26309) to work on /Users/pranithjain/Desktop/DE Project/Apache Airflow Project/venv/lib/python3.10/site-packages/airflow/example_dags/example_dynamic_task_mapping.py
[2025-02-09T19:29:19.502-0700] {processor.py:914} INFO - Processing file /Users/pranithjain/Desktop/DE Project/Apache Airflow Project/venv/lib/python3.10/site-packages/airflow/example_dags/example_dynamic_task_mapping.py for tasks to queue
[2025-02-09T19:29:19.503-0700] {logging_mixin.py:190} INFO - [2025-02-09T19:29:19.503-0700] {dagbag.py:588} INFO - Filling up the DagBag from /Users/pranithjain/Desktop/DE Project/Apache Airflow Project/venv/lib/python3.10/site-packages/airflow/example_dags/example_dynamic_task_mapping.py
[2025-02-09T19:29:19.519-0700] {processor.py:925} INFO - DAG(s) 'example_dynamic_task_mapping' retrieved from /Users/pranithjain/Desktop/DE Project/Apache Airflow Project/venv/lib/python3.10/site-packages/airflow/example_dags/example_dynamic_task_mapping.py
[2025-02-09T19:29:19.585-0700] {logging_mixin.py:190} INFO - [2025-02-09T19:29:19.585-0700] {dag.py:3239} INFO - Sync 1 DAGs
[2025-02-09T19:29:19.590-0700] {logging_mixin.py:190} INFO - [2025-02-09T19:29:19.590-0700] {dag.py:4180} INFO - Setting next_dagrun for example_dynamic_task_mapping to None, run_after=None
[2025-02-09T19:29:19.597-0700] {processor.py:208} INFO - Processing /Users/pranithjain/Desktop/DE Project/Apache Airflow Project/venv/lib/python3.10/site-packages/airflow/example_dags/example_dynamic_task_mapping.py took 0.099 seconds
