[2025-02-09T18:48:35.765-0700] {processor.py:186} INFO - Started process (PID=18918) to work on /Users/pranithjain/Desktop/DE Project/Apache Airflow Project/venv/lib/python3.10/site-packages/airflow/example_dags/example_inlet_event_extra.py
[2025-02-09T18:48:35.765-0700] {processor.py:914} INFO - Processing file /Users/pranithjain/Desktop/DE Project/Apache Airflow Project/venv/lib/python3.10/site-packages/airflow/example_dags/example_inlet_event_extra.py for tasks to queue
[2025-02-09T18:48:35.766-0700] {logging_mixin.py:190} INFO - [2025-02-09T18:48:35.766-0700] {dagbag.py:588} INFO - Filling up the DagBag from /Users/pranithjain/Desktop/DE Project/Apache Airflow Project/venv/lib/python3.10/site-packages/airflow/example_dags/example_inlet_event_extra.py
[2025-02-09T18:48:35.795-0700] {processor.py:925} INFO - DAG(s) 'read_dataset_event_from_classic', 'read_dataset_event' retrieved from /Users/pranithjain/Desktop/DE Project/Apache Airflow Project/venv/lib/python3.10/site-packages/airflow/example_dags/example_inlet_event_extra.py
[2025-02-09T18:48:35.902-0700] {logging_mixin.py:190} INFO - [2025-02-09T18:48:35.902-0700] {override.py:1930} INFO - Created Permission View: can delete on DAG:read_dataset_event_from_classic
[2025-02-09T18:48:35.906-0700] {logging_mixin.py:190} INFO - [2025-02-09T18:48:35.906-0700] {override.py:1930} INFO - Created Permission View: can read on DAG:read_dataset_event_from_classic
[2025-02-09T18:48:35.908-0700] {logging_mixin.py:190} INFO - [2025-02-09T18:48:35.908-0700] {override.py:1930} INFO - Created Permission View: can edit on DAG:read_dataset_event_from_classic
[2025-02-09T18:48:35.911-0700] {logging_mixin.py:190} INFO - [2025-02-09T18:48:35.911-0700] {override.py:1930} INFO - Created Permission View: can create on DAG Run:read_dataset_event_from_classic
[2025-02-09T18:48:35.913-0700] {logging_mixin.py:190} INFO - [2025-02-09T18:48:35.913-0700] {override.py:1930} INFO - Created Permission View: can read on DAG Run:read_dataset_event_from_classic
[2025-02-09T18:48:35.915-0700] {logging_mixin.py:190} INFO - [2025-02-09T18:48:35.915-0700] {override.py:1930} INFO - Created Permission View: menu access on DAG Run:read_dataset_event_from_classic
[2025-02-09T18:48:35.917-0700] {logging_mixin.py:190} INFO - [2025-02-09T18:48:35.917-0700] {override.py:1930} INFO - Created Permission View: can delete on DAG Run:read_dataset_event_from_classic
[2025-02-09T18:48:35.922-0700] {logging_mixin.py:190} INFO - [2025-02-09T18:48:35.922-0700] {override.py:1930} INFO - Created Permission View: can delete on DAG:read_dataset_event
[2025-02-09T18:48:35.924-0700] {logging_mixin.py:190} INFO - [2025-02-09T18:48:35.924-0700] {override.py:1930} INFO - Created Permission View: can read on DAG:read_dataset_event
[2025-02-09T18:48:35.927-0700] {logging_mixin.py:190} INFO - [2025-02-09T18:48:35.927-0700] {override.py:1930} INFO - Created Permission View: can edit on DAG:read_dataset_event
[2025-02-09T18:48:35.930-0700] {logging_mixin.py:190} INFO - [2025-02-09T18:48:35.930-0700] {override.py:1930} INFO - Created Permission View: can create on DAG Run:read_dataset_event
[2025-02-09T18:48:35.933-0700] {logging_mixin.py:190} INFO - [2025-02-09T18:48:35.933-0700] {override.py:1930} INFO - Created Permission View: can read on DAG Run:read_dataset_event
[2025-02-09T18:48:35.936-0700] {logging_mixin.py:190} INFO - [2025-02-09T18:48:35.936-0700] {override.py:1930} INFO - Created Permission View: menu access on DAG Run:read_dataset_event
[2025-02-09T18:48:35.938-0700] {logging_mixin.py:190} INFO - [2025-02-09T18:48:35.938-0700] {override.py:1930} INFO - Created Permission View: can delete on DAG Run:read_dataset_event
[2025-02-09T18:48:35.938-0700] {logging_mixin.py:190} INFO - [2025-02-09T18:48:35.938-0700] {dag.py:3239} INFO - Sync 2 DAGs
[2025-02-09T18:48:35.944-0700] {logging_mixin.py:190} INFO - [2025-02-09T18:48:35.944-0700] {dag.py:3262} INFO - Creating ORM DAG for read_dataset_event
[2025-02-09T18:48:35.944-0700] {logging_mixin.py:190} INFO - [2025-02-09T18:48:35.944-0700] {dag.py:3262} INFO - Creating ORM DAG for read_dataset_event_from_classic
[2025-02-09T18:48:35.948-0700] {logging_mixin.py:190} INFO - [2025-02-09T18:48:35.948-0700] {dag.py:4180} INFO - Setting next_dagrun for read_dataset_event to 2025-02-09 00:00:00+00:00, run_after=2025-02-10 00:00:00+00:00
[2025-02-09T18:48:35.949-0700] {logging_mixin.py:190} INFO - [2025-02-09T18:48:35.949-0700] {dag.py:4180} INFO - Setting next_dagrun for read_dataset_event_from_classic to 2025-02-09 00:00:00+00:00, run_after=2025-02-10 00:00:00+00:00
[2025-02-09T18:48:35.956-0700] {processor.py:208} INFO - Processing /Users/pranithjain/Desktop/DE Project/Apache Airflow Project/venv/lib/python3.10/site-packages/airflow/example_dags/example_inlet_event_extra.py took 0.192 seconds
[2025-02-09T18:50:17.692-0700] {processor.py:186} INFO - Started process (PID=19241) to work on /Users/pranithjain/Desktop/DE Project/Apache Airflow Project/venv/lib/python3.10/site-packages/airflow/example_dags/example_inlet_event_extra.py
[2025-02-09T18:50:17.694-0700] {processor.py:914} INFO - Processing file /Users/pranithjain/Desktop/DE Project/Apache Airflow Project/venv/lib/python3.10/site-packages/airflow/example_dags/example_inlet_event_extra.py for tasks to queue
[2025-02-09T18:50:17.694-0700] {logging_mixin.py:190} INFO - [2025-02-09T18:50:17.694-0700] {dagbag.py:588} INFO - Filling up the DagBag from /Users/pranithjain/Desktop/DE Project/Apache Airflow Project/venv/lib/python3.10/site-packages/airflow/example_dags/example_inlet_event_extra.py
[2025-02-09T18:50:17.722-0700] {processor.py:925} INFO - DAG(s) 'read_dataset_event_from_classic', 'read_dataset_event' retrieved from /Users/pranithjain/Desktop/DE Project/Apache Airflow Project/venv/lib/python3.10/site-packages/airflow/example_dags/example_inlet_event_extra.py
[2025-02-09T18:50:17.787-0700] {logging_mixin.py:190} INFO - [2025-02-09T18:50:17.787-0700] {dag.py:3239} INFO - Sync 2 DAGs
[2025-02-09T18:50:17.795-0700] {logging_mixin.py:190} INFO - [2025-02-09T18:50:17.794-0700] {dag.py:4180} INFO - Setting next_dagrun for read_dataset_event to 2025-02-09 00:00:00+00:00, run_after=2025-02-10 00:00:00+00:00
[2025-02-09T18:50:17.796-0700] {logging_mixin.py:190} INFO - [2025-02-09T18:50:17.796-0700] {dag.py:4180} INFO - Setting next_dagrun for read_dataset_event_from_classic to 2025-02-09 00:00:00+00:00, run_after=2025-02-10 00:00:00+00:00
[2025-02-09T18:50:17.802-0700] {processor.py:208} INFO - Processing /Users/pranithjain/Desktop/DE Project/Apache Airflow Project/venv/lib/python3.10/site-packages/airflow/example_dags/example_inlet_event_extra.py took 0.112 seconds
[2025-02-09T18:53:43.235-0700] {processor.py:186} INFO - Started process (PID=19884) to work on /Users/pranithjain/Desktop/DE Project/Apache Airflow Project/venv/lib/python3.10/site-packages/airflow/example_dags/example_inlet_event_extra.py
[2025-02-09T18:53:43.236-0700] {processor.py:914} INFO - Processing file /Users/pranithjain/Desktop/DE Project/Apache Airflow Project/venv/lib/python3.10/site-packages/airflow/example_dags/example_inlet_event_extra.py for tasks to queue
[2025-02-09T18:53:43.237-0700] {logging_mixin.py:190} INFO - [2025-02-09T18:53:43.237-0700] {dagbag.py:588} INFO - Filling up the DagBag from /Users/pranithjain/Desktop/DE Project/Apache Airflow Project/venv/lib/python3.10/site-packages/airflow/example_dags/example_inlet_event_extra.py
[2025-02-09T18:53:43.265-0700] {processor.py:925} INFO - DAG(s) 'read_dataset_event_from_classic', 'read_dataset_event' retrieved from /Users/pranithjain/Desktop/DE Project/Apache Airflow Project/venv/lib/python3.10/site-packages/airflow/example_dags/example_inlet_event_extra.py
[2025-02-09T18:53:43.330-0700] {logging_mixin.py:190} INFO - [2025-02-09T18:53:43.329-0700] {dag.py:3239} INFO - Sync 2 DAGs
[2025-02-09T18:53:43.337-0700] {logging_mixin.py:190} INFO - [2025-02-09T18:53:43.337-0700] {dag.py:4180} INFO - Setting next_dagrun for read_dataset_event to 2025-02-09 00:00:00+00:00, run_after=2025-02-10 00:00:00+00:00
[2025-02-09T18:53:43.339-0700] {logging_mixin.py:190} INFO - [2025-02-09T18:53:43.339-0700] {dag.py:4180} INFO - Setting next_dagrun for read_dataset_event_from_classic to 2025-02-09 00:00:00+00:00, run_after=2025-02-10 00:00:00+00:00
[2025-02-09T18:53:43.345-0700] {processor.py:208} INFO - Processing /Users/pranithjain/Desktop/DE Project/Apache Airflow Project/venv/lib/python3.10/site-packages/airflow/example_dags/example_inlet_event_extra.py took 0.112 seconds
[2025-02-09T18:55:25.322-0700] {processor.py:186} INFO - Started process (PID=20197) to work on /Users/pranithjain/Desktop/DE Project/Apache Airflow Project/venv/lib/python3.10/site-packages/airflow/example_dags/example_inlet_event_extra.py
[2025-02-09T18:55:25.322-0700] {processor.py:914} INFO - Processing file /Users/pranithjain/Desktop/DE Project/Apache Airflow Project/venv/lib/python3.10/site-packages/airflow/example_dags/example_inlet_event_extra.py for tasks to queue
[2025-02-09T18:55:25.323-0700] {logging_mixin.py:190} INFO - [2025-02-09T18:55:25.323-0700] {dagbag.py:588} INFO - Filling up the DagBag from /Users/pranithjain/Desktop/DE Project/Apache Airflow Project/venv/lib/python3.10/site-packages/airflow/example_dags/example_inlet_event_extra.py
[2025-02-09T18:55:25.355-0700] {processor.py:925} INFO - DAG(s) 'read_dataset_event', 'read_dataset_event_from_classic' retrieved from /Users/pranithjain/Desktop/DE Project/Apache Airflow Project/venv/lib/python3.10/site-packages/airflow/example_dags/example_inlet_event_extra.py
[2025-02-09T18:55:25.424-0700] {logging_mixin.py:190} INFO - [2025-02-09T18:55:25.424-0700] {dag.py:3239} INFO - Sync 2 DAGs
[2025-02-09T18:55:25.433-0700] {logging_mixin.py:190} INFO - [2025-02-09T18:55:25.433-0700] {dag.py:4180} INFO - Setting next_dagrun for read_dataset_event to 2025-02-09 00:00:00+00:00, run_after=2025-02-10 00:00:00+00:00
[2025-02-09T18:55:25.435-0700] {logging_mixin.py:190} INFO - [2025-02-09T18:55:25.435-0700] {dag.py:4180} INFO - Setting next_dagrun for read_dataset_event_from_classic to 2025-02-09 00:00:00+00:00, run_after=2025-02-10 00:00:00+00:00
[2025-02-09T18:55:25.441-0700] {processor.py:208} INFO - Processing /Users/pranithjain/Desktop/DE Project/Apache Airflow Project/venv/lib/python3.10/site-packages/airflow/example_dags/example_inlet_event_extra.py took 0.122 seconds
[2025-02-09T18:57:51.152-0700] {processor.py:186} INFO - Started process (PID=20653) to work on /Users/pranithjain/Desktop/DE Project/Apache Airflow Project/venv/lib/python3.10/site-packages/airflow/example_dags/example_inlet_event_extra.py
[2025-02-09T18:57:51.153-0700] {processor.py:914} INFO - Processing file /Users/pranithjain/Desktop/DE Project/Apache Airflow Project/venv/lib/python3.10/site-packages/airflow/example_dags/example_inlet_event_extra.py for tasks to queue
[2025-02-09T18:57:51.153-0700] {logging_mixin.py:190} INFO - [2025-02-09T18:57:51.153-0700] {dagbag.py:588} INFO - Filling up the DagBag from /Users/pranithjain/Desktop/DE Project/Apache Airflow Project/venv/lib/python3.10/site-packages/airflow/example_dags/example_inlet_event_extra.py
[2025-02-09T18:57:51.181-0700] {processor.py:925} INFO - DAG(s) 'read_dataset_event', 'read_dataset_event_from_classic' retrieved from /Users/pranithjain/Desktop/DE Project/Apache Airflow Project/venv/lib/python3.10/site-packages/airflow/example_dags/example_inlet_event_extra.py
[2025-02-09T18:57:51.253-0700] {logging_mixin.py:190} INFO - [2025-02-09T18:57:51.253-0700] {dag.py:3239} INFO - Sync 2 DAGs
[2025-02-09T18:57:51.261-0700] {logging_mixin.py:190} INFO - [2025-02-09T18:57:51.261-0700] {dag.py:4180} INFO - Setting next_dagrun for read_dataset_event to 2025-02-09 00:00:00+00:00, run_after=2025-02-10 00:00:00+00:00
[2025-02-09T18:57:51.263-0700] {logging_mixin.py:190} INFO - [2025-02-09T18:57:51.263-0700] {dag.py:4180} INFO - Setting next_dagrun for read_dataset_event_from_classic to 2025-02-09 00:00:00+00:00, run_after=2025-02-10 00:00:00+00:00
[2025-02-09T18:57:51.271-0700] {processor.py:208} INFO - Processing /Users/pranithjain/Desktop/DE Project/Apache Airflow Project/venv/lib/python3.10/site-packages/airflow/example_dags/example_inlet_event_extra.py took 0.120 seconds
[2025-02-09T19:07:16.775-0700] {processor.py:186} INFO - Started process (PID=22060) to work on /Users/pranithjain/Desktop/DE Project/Apache Airflow Project/venv/lib/python3.10/site-packages/airflow/example_dags/example_inlet_event_extra.py
[2025-02-09T19:07:16.776-0700] {processor.py:914} INFO - Processing file /Users/pranithjain/Desktop/DE Project/Apache Airflow Project/venv/lib/python3.10/site-packages/airflow/example_dags/example_inlet_event_extra.py for tasks to queue
[2025-02-09T19:07:16.776-0700] {logging_mixin.py:190} INFO - [2025-02-09T19:07:16.776-0700] {dagbag.py:588} INFO - Filling up the DagBag from /Users/pranithjain/Desktop/DE Project/Apache Airflow Project/venv/lib/python3.10/site-packages/airflow/example_dags/example_inlet_event_extra.py
[2025-02-09T19:07:16.805-0700] {processor.py:925} INFO - DAG(s) 'read_dataset_event', 'read_dataset_event_from_classic' retrieved from /Users/pranithjain/Desktop/DE Project/Apache Airflow Project/venv/lib/python3.10/site-packages/airflow/example_dags/example_inlet_event_extra.py
[2025-02-09T19:07:16.872-0700] {logging_mixin.py:190} INFO - [2025-02-09T19:07:16.871-0700] {dag.py:3239} INFO - Sync 2 DAGs
[2025-02-09T19:07:16.880-0700] {logging_mixin.py:190} INFO - [2025-02-09T19:07:16.880-0700] {dag.py:4180} INFO - Setting next_dagrun for read_dataset_event to 2025-02-09 00:00:00+00:00, run_after=2025-02-10 00:00:00+00:00
[2025-02-09T19:07:16.882-0700] {logging_mixin.py:190} INFO - [2025-02-09T19:07:16.882-0700] {dag.py:4180} INFO - Setting next_dagrun for read_dataset_event_from_classic to 2025-02-09 00:00:00+00:00, run_after=2025-02-10 00:00:00+00:00
[2025-02-09T19:07:16.888-0700] {processor.py:208} INFO - Processing /Users/pranithjain/Desktop/DE Project/Apache Airflow Project/venv/lib/python3.10/site-packages/airflow/example_dags/example_inlet_event_extra.py took 0.115 seconds
[2025-02-09T19:08:57.578-0700] {processor.py:186} INFO - Started process (PID=22374) to work on /Users/pranithjain/Desktop/DE Project/Apache Airflow Project/venv/lib/python3.10/site-packages/airflow/example_dags/example_inlet_event_extra.py
[2025-02-09T19:08:57.579-0700] {processor.py:914} INFO - Processing file /Users/pranithjain/Desktop/DE Project/Apache Airflow Project/venv/lib/python3.10/site-packages/airflow/example_dags/example_inlet_event_extra.py for tasks to queue
[2025-02-09T19:08:57.579-0700] {logging_mixin.py:190} INFO - [2025-02-09T19:08:57.579-0700] {dagbag.py:588} INFO - Filling up the DagBag from /Users/pranithjain/Desktop/DE Project/Apache Airflow Project/venv/lib/python3.10/site-packages/airflow/example_dags/example_inlet_event_extra.py
[2025-02-09T19:08:57.609-0700] {processor.py:925} INFO - DAG(s) 'read_dataset_event', 'read_dataset_event_from_classic' retrieved from /Users/pranithjain/Desktop/DE Project/Apache Airflow Project/venv/lib/python3.10/site-packages/airflow/example_dags/example_inlet_event_extra.py
[2025-02-09T19:08:57.612-0700] {logging_mixin.py:190} INFO - [2025-02-09T19:08:57.612-0700] {dag.py:3239} INFO - Sync 2 DAGs
[2025-02-09T19:08:57.679-0700] {logging_mixin.py:190} INFO - [2025-02-09T19:08:57.679-0700] {dag.py:4180} INFO - Setting next_dagrun for read_dataset_event to 2025-02-09 00:00:00+00:00, run_after=2025-02-10 00:00:00+00:00
[2025-02-09T19:08:57.681-0700] {logging_mixin.py:190} INFO - [2025-02-09T19:08:57.681-0700] {dag.py:4180} INFO - Setting next_dagrun for read_dataset_event_from_classic to 2025-02-09 00:00:00+00:00, run_after=2025-02-10 00:00:00+00:00
[2025-02-09T19:08:57.688-0700] {processor.py:208} INFO - Processing /Users/pranithjain/Desktop/DE Project/Apache Airflow Project/venv/lib/python3.10/site-packages/airflow/example_dags/example_inlet_event_extra.py took 0.111 seconds
[2025-02-09T19:13:49.430-0700] {processor.py:186} INFO - Started process (PID=23223) to work on /Users/pranithjain/Desktop/DE Project/Apache Airflow Project/venv/lib/python3.10/site-packages/airflow/example_dags/example_inlet_event_extra.py
[2025-02-09T19:13:49.431-0700] {processor.py:914} INFO - Processing file /Users/pranithjain/Desktop/DE Project/Apache Airflow Project/venv/lib/python3.10/site-packages/airflow/example_dags/example_inlet_event_extra.py for tasks to queue
[2025-02-09T19:13:49.432-0700] {logging_mixin.py:190} INFO - [2025-02-09T19:13:49.432-0700] {dagbag.py:588} INFO - Filling up the DagBag from /Users/pranithjain/Desktop/DE Project/Apache Airflow Project/venv/lib/python3.10/site-packages/airflow/example_dags/example_inlet_event_extra.py
[2025-02-09T19:13:49.546-0700] {processor.py:925} INFO - DAG(s) 'read_dataset_event_from_classic', 'read_dataset_event' retrieved from /Users/pranithjain/Desktop/DE Project/Apache Airflow Project/venv/lib/python3.10/site-packages/airflow/example_dags/example_inlet_event_extra.py
[2025-02-09T19:13:49.633-0700] {logging_mixin.py:190} INFO - [2025-02-09T19:13:49.633-0700] {dag.py:3239} INFO - Sync 2 DAGs
[2025-02-09T19:13:49.641-0700] {logging_mixin.py:190} INFO - [2025-02-09T19:13:49.641-0700] {dag.py:4180} INFO - Setting next_dagrun for read_dataset_event to 2025-02-09 00:00:00+00:00, run_after=2025-02-10 00:00:00+00:00
[2025-02-09T19:13:49.643-0700] {logging_mixin.py:190} INFO - [2025-02-09T19:13:49.643-0700] {dag.py:4180} INFO - Setting next_dagrun for read_dataset_event_from_classic to 2025-02-09 00:00:00+00:00, run_after=2025-02-10 00:00:00+00:00
[2025-02-09T19:13:49.651-0700] {processor.py:208} INFO - Processing /Users/pranithjain/Desktop/DE Project/Apache Airflow Project/venv/lib/python3.10/site-packages/airflow/example_dags/example_inlet_event_extra.py took 0.223 seconds
[2025-02-09T19:15:29.284-0700] {processor.py:186} INFO - Started process (PID=23528) to work on /Users/pranithjain/Desktop/DE Project/Apache Airflow Project/venv/lib/python3.10/site-packages/airflow/example_dags/example_inlet_event_extra.py
[2025-02-09T19:15:29.285-0700] {processor.py:914} INFO - Processing file /Users/pranithjain/Desktop/DE Project/Apache Airflow Project/venv/lib/python3.10/site-packages/airflow/example_dags/example_inlet_event_extra.py for tasks to queue
[2025-02-09T19:15:29.285-0700] {logging_mixin.py:190} INFO - [2025-02-09T19:15:29.285-0700] {dagbag.py:588} INFO - Filling up the DagBag from /Users/pranithjain/Desktop/DE Project/Apache Airflow Project/venv/lib/python3.10/site-packages/airflow/example_dags/example_inlet_event_extra.py
[2025-02-09T19:15:29.377-0700] {processor.py:925} INFO - DAG(s) 'read_dataset_event_from_classic', 'read_dataset_event' retrieved from /Users/pranithjain/Desktop/DE Project/Apache Airflow Project/venv/lib/python3.10/site-packages/airflow/example_dags/example_inlet_event_extra.py
[2025-02-09T19:15:29.418-0700] {logging_mixin.py:190} INFO - [2025-02-09T19:15:29.418-0700] {dag.py:3239} INFO - Sync 2 DAGs
[2025-02-09T19:15:29.426-0700] {logging_mixin.py:190} INFO - [2025-02-09T19:15:29.425-0700] {dag.py:4180} INFO - Setting next_dagrun for read_dataset_event to 2025-02-09 00:00:00+00:00, run_after=2025-02-10 00:00:00+00:00
[2025-02-09T19:15:29.427-0700] {logging_mixin.py:190} INFO - [2025-02-09T19:15:29.427-0700] {dag.py:4180} INFO - Setting next_dagrun for read_dataset_event_from_classic to 2025-02-09 00:00:00+00:00, run_after=2025-02-10 00:00:00+00:00
[2025-02-09T19:15:29.433-0700] {processor.py:208} INFO - Processing /Users/pranithjain/Desktop/DE Project/Apache Airflow Project/venv/lib/python3.10/site-packages/airflow/example_dags/example_inlet_event_extra.py took 0.150 seconds
[2025-02-09T19:17:51.828-0700] {processor.py:186} INFO - Started process (PID=23963) to work on /Users/pranithjain/Desktop/DE Project/Apache Airflow Project/venv/lib/python3.10/site-packages/airflow/example_dags/example_inlet_event_extra.py
[2025-02-09T19:17:51.830-0700] {processor.py:914} INFO - Processing file /Users/pranithjain/Desktop/DE Project/Apache Airflow Project/venv/lib/python3.10/site-packages/airflow/example_dags/example_inlet_event_extra.py for tasks to queue
[2025-02-09T19:17:51.830-0700] {logging_mixin.py:190} INFO - [2025-02-09T19:17:51.830-0700] {dagbag.py:588} INFO - Filling up the DagBag from /Users/pranithjain/Desktop/DE Project/Apache Airflow Project/venv/lib/python3.10/site-packages/airflow/example_dags/example_inlet_event_extra.py
[2025-02-09T19:17:51.922-0700] {processor.py:925} INFO - DAG(s) 'read_dataset_event_from_classic', 'read_dataset_event' retrieved from /Users/pranithjain/Desktop/DE Project/Apache Airflow Project/venv/lib/python3.10/site-packages/airflow/example_dags/example_inlet_event_extra.py
[2025-02-09T19:17:51.962-0700] {logging_mixin.py:190} INFO - [2025-02-09T19:17:51.962-0700] {dag.py:3239} INFO - Sync 2 DAGs
[2025-02-09T19:17:51.970-0700] {logging_mixin.py:190} INFO - [2025-02-09T19:17:51.970-0700] {dag.py:4180} INFO - Setting next_dagrun for read_dataset_event to 2025-02-09 00:00:00+00:00, run_after=2025-02-10 00:00:00+00:00
[2025-02-09T19:17:51.971-0700] {logging_mixin.py:190} INFO - [2025-02-09T19:17:51.971-0700] {dag.py:4180} INFO - Setting next_dagrun for read_dataset_event_from_classic to 2025-02-09 00:00:00+00:00, run_after=2025-02-10 00:00:00+00:00
[2025-02-09T19:17:51.977-0700] {processor.py:208} INFO - Processing /Users/pranithjain/Desktop/DE Project/Apache Airflow Project/venv/lib/python3.10/site-packages/airflow/example_dags/example_inlet_event_extra.py took 0.151 seconds
[2025-02-09T19:20:17.730-0700] {processor.py:186} INFO - Started process (PID=24412) to work on /Users/pranithjain/Desktop/DE Project/Apache Airflow Project/venv/lib/python3.10/site-packages/airflow/example_dags/example_inlet_event_extra.py
[2025-02-09T19:20:17.731-0700] {processor.py:914} INFO - Processing file /Users/pranithjain/Desktop/DE Project/Apache Airflow Project/venv/lib/python3.10/site-packages/airflow/example_dags/example_inlet_event_extra.py for tasks to queue
[2025-02-09T19:20:17.731-0700] {logging_mixin.py:190} INFO - [2025-02-09T19:20:17.731-0700] {dagbag.py:588} INFO - Filling up the DagBag from /Users/pranithjain/Desktop/DE Project/Apache Airflow Project/venv/lib/python3.10/site-packages/airflow/example_dags/example_inlet_event_extra.py
[2025-02-09T19:20:17.833-0700] {processor.py:925} INFO - DAG(s) 'read_dataset_event', 'read_dataset_event_from_classic' retrieved from /Users/pranithjain/Desktop/DE Project/Apache Airflow Project/venv/lib/python3.10/site-packages/airflow/example_dags/example_inlet_event_extra.py
[2025-02-09T19:20:17.877-0700] {logging_mixin.py:190} INFO - [2025-02-09T19:20:17.877-0700] {dag.py:3239} INFO - Sync 2 DAGs
[2025-02-09T19:20:17.885-0700] {logging_mixin.py:190} INFO - [2025-02-09T19:20:17.885-0700] {dag.py:4180} INFO - Setting next_dagrun for read_dataset_event to 2025-02-09 00:00:00+00:00, run_after=2025-02-10 00:00:00+00:00
[2025-02-09T19:20:17.887-0700] {logging_mixin.py:190} INFO - [2025-02-09T19:20:17.887-0700] {dag.py:4180} INFO - Setting next_dagrun for read_dataset_event_from_classic to 2025-02-09 00:00:00+00:00, run_after=2025-02-10 00:00:00+00:00
[2025-02-09T19:20:17.894-0700] {processor.py:208} INFO - Processing /Users/pranithjain/Desktop/DE Project/Apache Airflow Project/venv/lib/python3.10/site-packages/airflow/example_dags/example_inlet_event_extra.py took 0.165 seconds
[2025-02-09T19:22:45.580-0700] {processor.py:186} INFO - Started process (PID=24952) to work on /Users/pranithjain/Desktop/DE Project/Apache Airflow Project/venv/lib/python3.10/site-packages/airflow/example_dags/example_inlet_event_extra.py
[2025-02-09T19:22:45.581-0700] {processor.py:914} INFO - Processing file /Users/pranithjain/Desktop/DE Project/Apache Airflow Project/venv/lib/python3.10/site-packages/airflow/example_dags/example_inlet_event_extra.py for tasks to queue
[2025-02-09T19:22:45.581-0700] {logging_mixin.py:190} INFO - [2025-02-09T19:22:45.581-0700] {dagbag.py:588} INFO - Filling up the DagBag from /Users/pranithjain/Desktop/DE Project/Apache Airflow Project/venv/lib/python3.10/site-packages/airflow/example_dags/example_inlet_event_extra.py
[2025-02-09T19:22:45.676-0700] {processor.py:925} INFO - DAG(s) 'read_dataset_event_from_classic', 'read_dataset_event' retrieved from /Users/pranithjain/Desktop/DE Project/Apache Airflow Project/venv/lib/python3.10/site-packages/airflow/example_dags/example_inlet_event_extra.py
[2025-02-09T19:22:45.720-0700] {logging_mixin.py:190} INFO - [2025-02-09T19:22:45.720-0700] {dag.py:3239} INFO - Sync 2 DAGs
[2025-02-09T19:22:45.728-0700] {logging_mixin.py:190} INFO - [2025-02-09T19:22:45.728-0700] {dag.py:4180} INFO - Setting next_dagrun for read_dataset_event to 2025-02-09 00:00:00+00:00, run_after=2025-02-10 00:00:00+00:00
[2025-02-09T19:22:45.730-0700] {logging_mixin.py:190} INFO - [2025-02-09T19:22:45.730-0700] {dag.py:4180} INFO - Setting next_dagrun for read_dataset_event_from_classic to 2025-02-09 00:00:00+00:00, run_after=2025-02-10 00:00:00+00:00
[2025-02-09T19:22:45.736-0700] {processor.py:208} INFO - Processing /Users/pranithjain/Desktop/DE Project/Apache Airflow Project/venv/lib/python3.10/site-packages/airflow/example_dags/example_inlet_event_extra.py took 0.157 seconds
[2025-02-09T19:25:00.549-0700] {processor.py:186} INFO - Started process (PID=25372) to work on /Users/pranithjain/Desktop/DE Project/Apache Airflow Project/venv/lib/python3.10/site-packages/airflow/example_dags/example_inlet_event_extra.py
[2025-02-09T19:25:00.549-0700] {processor.py:914} INFO - Processing file /Users/pranithjain/Desktop/DE Project/Apache Airflow Project/venv/lib/python3.10/site-packages/airflow/example_dags/example_inlet_event_extra.py for tasks to queue
[2025-02-09T19:25:00.550-0700] {logging_mixin.py:190} INFO - [2025-02-09T19:25:00.550-0700] {dagbag.py:588} INFO - Filling up the DagBag from /Users/pranithjain/Desktop/DE Project/Apache Airflow Project/venv/lib/python3.10/site-packages/airflow/example_dags/example_inlet_event_extra.py
[2025-02-09T19:25:00.642-0700] {processor.py:925} INFO - DAG(s) 'read_dataset_event_from_classic', 'read_dataset_event' retrieved from /Users/pranithjain/Desktop/DE Project/Apache Airflow Project/venv/lib/python3.10/site-packages/airflow/example_dags/example_inlet_event_extra.py
[2025-02-09T19:25:00.683-0700] {logging_mixin.py:190} INFO - [2025-02-09T19:25:00.683-0700] {dag.py:3239} INFO - Sync 2 DAGs
[2025-02-09T19:25:00.691-0700] {logging_mixin.py:190} INFO - [2025-02-09T19:25:00.691-0700] {dag.py:4180} INFO - Setting next_dagrun for read_dataset_event to 2025-02-09 00:00:00+00:00, run_after=2025-02-10 00:00:00+00:00
[2025-02-09T19:25:00.693-0700] {logging_mixin.py:190} INFO - [2025-02-09T19:25:00.693-0700] {dag.py:4180} INFO - Setting next_dagrun for read_dataset_event_from_classic to 2025-02-09 00:00:00+00:00, run_after=2025-02-10 00:00:00+00:00
[2025-02-09T19:25:00.699-0700] {processor.py:208} INFO - Processing /Users/pranithjain/Desktop/DE Project/Apache Airflow Project/venv/lib/python3.10/site-packages/airflow/example_dags/example_inlet_event_extra.py took 0.152 seconds
[2025-02-09T19:27:21.806-0700] {processor.py:186} INFO - Started process (PID=25931) to work on /Users/pranithjain/Desktop/DE Project/Apache Airflow Project/venv/lib/python3.10/site-packages/airflow/example_dags/example_inlet_event_extra.py
[2025-02-09T19:27:21.807-0700] {processor.py:914} INFO - Processing file /Users/pranithjain/Desktop/DE Project/Apache Airflow Project/venv/lib/python3.10/site-packages/airflow/example_dags/example_inlet_event_extra.py for tasks to queue
[2025-02-09T19:27:21.808-0700] {logging_mixin.py:190} INFO - [2025-02-09T19:27:21.808-0700] {dagbag.py:588} INFO - Filling up the DagBag from /Users/pranithjain/Desktop/DE Project/Apache Airflow Project/venv/lib/python3.10/site-packages/airflow/example_dags/example_inlet_event_extra.py
[2025-02-09T19:27:21.901-0700] {processor.py:925} INFO - DAG(s) 'read_dataset_event', 'read_dataset_event_from_classic' retrieved from /Users/pranithjain/Desktop/DE Project/Apache Airflow Project/venv/lib/python3.10/site-packages/airflow/example_dags/example_inlet_event_extra.py
[2025-02-09T19:27:21.941-0700] {logging_mixin.py:190} INFO - [2025-02-09T19:27:21.941-0700] {dag.py:3239} INFO - Sync 2 DAGs
[2025-02-09T19:27:21.949-0700] {logging_mixin.py:190} INFO - [2025-02-09T19:27:21.949-0700] {dag.py:4180} INFO - Setting next_dagrun for read_dataset_event to 2025-02-09 00:00:00+00:00, run_after=2025-02-10 00:00:00+00:00
[2025-02-09T19:27:21.951-0700] {logging_mixin.py:190} INFO - [2025-02-09T19:27:21.951-0700] {dag.py:4180} INFO - Setting next_dagrun for read_dataset_event_from_classic to 2025-02-09 00:00:00+00:00, run_after=2025-02-10 00:00:00+00:00
[2025-02-09T19:27:21.957-0700] {processor.py:208} INFO - Processing /Users/pranithjain/Desktop/DE Project/Apache Airflow Project/venv/lib/python3.10/site-packages/airflow/example_dags/example_inlet_event_extra.py took 0.153 seconds
[2025-02-09T19:29:14.015-0700] {processor.py:186} INFO - Started process (PID=26292) to work on /Users/pranithjain/Desktop/DE Project/Apache Airflow Project/venv/lib/python3.10/site-packages/airflow/example_dags/example_inlet_event_extra.py
[2025-02-09T19:29:14.015-0700] {processor.py:914} INFO - Processing file /Users/pranithjain/Desktop/DE Project/Apache Airflow Project/venv/lib/python3.10/site-packages/airflow/example_dags/example_inlet_event_extra.py for tasks to queue
[2025-02-09T19:29:14.016-0700] {logging_mixin.py:190} INFO - [2025-02-09T19:29:14.016-0700] {dagbag.py:588} INFO - Filling up the DagBag from /Users/pranithjain/Desktop/DE Project/Apache Airflow Project/venv/lib/python3.10/site-packages/airflow/example_dags/example_inlet_event_extra.py
[2025-02-09T19:29:14.111-0700] {processor.py:925} INFO - DAG(s) 'read_dataset_event_from_classic', 'read_dataset_event' retrieved from /Users/pranithjain/Desktop/DE Project/Apache Airflow Project/venv/lib/python3.10/site-packages/airflow/example_dags/example_inlet_event_extra.py
[2025-02-09T19:29:14.156-0700] {logging_mixin.py:190} INFO - [2025-02-09T19:29:14.156-0700] {dag.py:3239} INFO - Sync 2 DAGs
[2025-02-09T19:29:14.164-0700] {logging_mixin.py:190} INFO - [2025-02-09T19:29:14.164-0700] {dag.py:4180} INFO - Setting next_dagrun for read_dataset_event to 2025-02-09 00:00:00+00:00, run_after=2025-02-10 00:00:00+00:00
[2025-02-09T19:29:14.165-0700] {logging_mixin.py:190} INFO - [2025-02-09T19:29:14.165-0700] {dag.py:4180} INFO - Setting next_dagrun for read_dataset_event_from_classic to 2025-02-09 00:00:00+00:00, run_after=2025-02-10 00:00:00+00:00
[2025-02-09T19:29:14.172-0700] {processor.py:208} INFO - Processing /Users/pranithjain/Desktop/DE Project/Apache Airflow Project/venv/lib/python3.10/site-packages/airflow/example_dags/example_inlet_event_extra.py took 0.159 seconds
