[2025-02-09T18:48:00.841-0700] {processor.py:186} INFO - Started process (PID=18816) to work on /Users/pranithjain/Desktop/DE Project/Apache Airflow Project/venv/lib/python3.10/site-packages/airflow/example_dags/example_sla_dag.py
[2025-02-09T18:48:00.842-0700] {processor.py:914} INFO - Processing file /Users/pranithjain/Desktop/DE Project/Apache Airflow Project/venv/lib/python3.10/site-packages/airflow/example_dags/example_sla_dag.py for tasks to queue
[2025-02-09T18:48:00.842-0700] {logging_mixin.py:190} INFO - [2025-02-09T18:48:00.842-0700] {dagbag.py:588} INFO - Filling up the DagBag from /Users/pranithjain/Desktop/DE Project/Apache Airflow Project/venv/lib/python3.10/site-packages/airflow/example_dags/example_sla_dag.py
[2025-02-09T18:48:00.858-0700] {processor.py:925} INFO - DAG(s) 'example_sla_dag' retrieved from /Users/pranithjain/Desktop/DE Project/Apache Airflow Project/venv/lib/python3.10/site-packages/airflow/example_dags/example_sla_dag.py
[2025-02-09T18:48:00.957-0700] {logging_mixin.py:190} INFO - [2025-02-09T18:48:00.957-0700] {override.py:1930} INFO - Created Permission View: can read on DAG:example_sla_dag
[2025-02-09T18:48:00.960-0700] {logging_mixin.py:190} INFO - [2025-02-09T18:48:00.960-0700] {override.py:1930} INFO - Created Permission View: can edit on DAG:example_sla_dag
[2025-02-09T18:48:00.962-0700] {logging_mixin.py:190} INFO - [2025-02-09T18:48:00.962-0700] {override.py:1930} INFO - Created Permission View: can delete on DAG:example_sla_dag
[2025-02-09T18:48:00.965-0700] {logging_mixin.py:190} INFO - [2025-02-09T18:48:00.965-0700] {override.py:1930} INFO - Created Permission View: can read on DAG Run:example_sla_dag
[2025-02-09T18:48:00.967-0700] {logging_mixin.py:190} INFO - [2025-02-09T18:48:00.967-0700] {override.py:1930} INFO - Created Permission View: menu access on DAG Run:example_sla_dag
[2025-02-09T18:48:00.969-0700] {logging_mixin.py:190} INFO - [2025-02-09T18:48:00.969-0700] {override.py:1930} INFO - Created Permission View: can create on DAG Run:example_sla_dag
[2025-02-09T18:48:00.971-0700] {logging_mixin.py:190} INFO - [2025-02-09T18:48:00.970-0700] {override.py:1930} INFO - Created Permission View: can delete on DAG Run:example_sla_dag
[2025-02-09T18:48:00.971-0700] {logging_mixin.py:190} INFO - [2025-02-09T18:48:00.971-0700] {dag.py:3239} INFO - Sync 1 DAGs
[2025-02-09T18:48:00.975-0700] {logging_mixin.py:190} INFO - [2025-02-09T18:48:00.975-0700] {dag.py:3262} INFO - Creating ORM DAG for example_sla_dag
[2025-02-09T18:48:00.980-0700] {logging_mixin.py:190} INFO - [2025-02-09T18:48:00.980-0700] {dag.py:4180} INFO - Setting next_dagrun for example_sla_dag to 2025-02-10 01:46:00+00:00, run_after=2025-02-10 01:48:00+00:00
[2025-02-09T18:48:00.986-0700] {processor.py:208} INFO - Processing /Users/pranithjain/Desktop/DE Project/Apache Airflow Project/venv/lib/python3.10/site-packages/airflow/example_dags/example_sla_dag.py took 0.146 seconds
[2025-02-09T18:49:44.150-0700] {processor.py:186} INFO - Started process (PID=19135) to work on /Users/pranithjain/Desktop/DE Project/Apache Airflow Project/venv/lib/python3.10/site-packages/airflow/example_dags/example_sla_dag.py
[2025-02-09T18:49:44.151-0700] {processor.py:914} INFO - Processing file /Users/pranithjain/Desktop/DE Project/Apache Airflow Project/venv/lib/python3.10/site-packages/airflow/example_dags/example_sla_dag.py for tasks to queue
[2025-02-09T18:49:44.151-0700] {logging_mixin.py:190} INFO - [2025-02-09T18:49:44.151-0700] {dagbag.py:588} INFO - Filling up the DagBag from /Users/pranithjain/Desktop/DE Project/Apache Airflow Project/venv/lib/python3.10/site-packages/airflow/example_dags/example_sla_dag.py
[2025-02-09T18:49:44.167-0700] {processor.py:925} INFO - DAG(s) 'example_sla_dag' retrieved from /Users/pranithjain/Desktop/DE Project/Apache Airflow Project/venv/lib/python3.10/site-packages/airflow/example_dags/example_sla_dag.py
[2025-02-09T18:49:44.231-0700] {logging_mixin.py:190} INFO - [2025-02-09T18:49:44.231-0700] {dag.py:3239} INFO - Sync 1 DAGs
[2025-02-09T18:49:44.239-0700] {logging_mixin.py:190} INFO - [2025-02-09T18:49:44.239-0700] {dag.py:4180} INFO - Setting next_dagrun for example_sla_dag to 2025-02-10 01:46:00+00:00, run_after=2025-02-10 01:48:00+00:00
[2025-02-09T18:49:44.246-0700] {processor.py:208} INFO - Processing /Users/pranithjain/Desktop/DE Project/Apache Airflow Project/venv/lib/python3.10/site-packages/airflow/example_dags/example_sla_dag.py took 0.097 seconds
[2025-02-09T18:50:58.602-0700] {processor.py:186} INFO - Started process (PID=19368) to work on /Users/pranithjain/Desktop/DE Project/Apache Airflow Project/venv/lib/python3.10/site-packages/airflow/example_dags/example_sla_dag.py
[2025-02-09T18:50:58.604-0700] {processor.py:914} INFO - Processing file /Users/pranithjain/Desktop/DE Project/Apache Airflow Project/venv/lib/python3.10/site-packages/airflow/example_dags/example_sla_dag.py for tasks to queue
[2025-02-09T18:50:58.604-0700] {logging_mixin.py:190} INFO - [2025-02-09T18:50:58.604-0700] {dagbag.py:588} INFO - Filling up the DagBag from /Users/pranithjain/Desktop/DE Project/Apache Airflow Project/venv/lib/python3.10/site-packages/airflow/example_dags/example_sla_dag.py
[2025-02-09T18:50:58.620-0700] {processor.py:925} INFO - DAG(s) 'example_sla_dag' retrieved from /Users/pranithjain/Desktop/DE Project/Apache Airflow Project/venv/lib/python3.10/site-packages/airflow/example_dags/example_sla_dag.py
[2025-02-09T18:50:58.684-0700] {logging_mixin.py:190} INFO - [2025-02-09T18:50:58.684-0700] {dag.py:3239} INFO - Sync 1 DAGs
[2025-02-09T18:50:58.693-0700] {logging_mixin.py:190} INFO - [2025-02-09T18:50:58.693-0700] {dag.py:4180} INFO - Setting next_dagrun for example_sla_dag to 2025-02-10 01:48:00+00:00, run_after=2025-02-10 01:50:00+00:00
[2025-02-09T18:50:58.700-0700] {processor.py:208} INFO - Processing /Users/pranithjain/Desktop/DE Project/Apache Airflow Project/venv/lib/python3.10/site-packages/airflow/example_dags/example_sla_dag.py took 0.099 seconds
[2025-02-09T18:52:09.601-0700] {processor.py:186} INFO - Started process (PID=19594) to work on /Users/pranithjain/Desktop/DE Project/Apache Airflow Project/venv/lib/python3.10/site-packages/airflow/example_dags/example_sla_dag.py
[2025-02-09T18:52:09.601-0700] {processor.py:914} INFO - Processing file /Users/pranithjain/Desktop/DE Project/Apache Airflow Project/venv/lib/python3.10/site-packages/airflow/example_dags/example_sla_dag.py for tasks to queue
[2025-02-09T18:52:09.602-0700] {logging_mixin.py:190} INFO - [2025-02-09T18:52:09.602-0700] {dagbag.py:588} INFO - Filling up the DagBag from /Users/pranithjain/Desktop/DE Project/Apache Airflow Project/venv/lib/python3.10/site-packages/airflow/example_dags/example_sla_dag.py
[2025-02-09T18:52:09.618-0700] {processor.py:925} INFO - DAG(s) 'example_sla_dag' retrieved from /Users/pranithjain/Desktop/DE Project/Apache Airflow Project/venv/lib/python3.10/site-packages/airflow/example_dags/example_sla_dag.py
[2025-02-09T18:52:09.685-0700] {logging_mixin.py:190} INFO - [2025-02-09T18:52:09.685-0700] {dag.py:3239} INFO - Sync 1 DAGs
[2025-02-09T18:52:09.694-0700] {logging_mixin.py:190} INFO - [2025-02-09T18:52:09.694-0700] {dag.py:4180} INFO - Setting next_dagrun for example_sla_dag to 2025-02-10 01:50:00+00:00, run_after=2025-02-10 01:52:00+00:00
[2025-02-09T18:52:09.701-0700] {processor.py:208} INFO - Processing /Users/pranithjain/Desktop/DE Project/Apache Airflow Project/venv/lib/python3.10/site-packages/airflow/example_dags/example_sla_dag.py took 0.103 seconds
[2025-02-09T18:53:10.167-0700] {processor.py:186} INFO - Started process (PID=19785) to work on /Users/pranithjain/Desktop/DE Project/Apache Airflow Project/venv/lib/python3.10/site-packages/airflow/example_dags/example_sla_dag.py
[2025-02-09T18:53:10.169-0700] {processor.py:914} INFO - Processing file /Users/pranithjain/Desktop/DE Project/Apache Airflow Project/venv/lib/python3.10/site-packages/airflow/example_dags/example_sla_dag.py for tasks to queue
[2025-02-09T18:53:10.169-0700] {logging_mixin.py:190} INFO - [2025-02-09T18:53:10.169-0700] {dagbag.py:588} INFO - Filling up the DagBag from /Users/pranithjain/Desktop/DE Project/Apache Airflow Project/venv/lib/python3.10/site-packages/airflow/example_dags/example_sla_dag.py
[2025-02-09T18:53:10.186-0700] {processor.py:925} INFO - DAG(s) 'example_sla_dag' retrieved from /Users/pranithjain/Desktop/DE Project/Apache Airflow Project/venv/lib/python3.10/site-packages/airflow/example_dags/example_sla_dag.py
[2025-02-09T18:53:10.252-0700] {logging_mixin.py:190} INFO - [2025-02-09T18:53:10.251-0700] {dag.py:3239} INFO - Sync 1 DAGs
[2025-02-09T18:53:10.261-0700] {logging_mixin.py:190} INFO - [2025-02-09T18:53:10.261-0700] {dag.py:4180} INFO - Setting next_dagrun for example_sla_dag to 2025-02-10 01:50:00+00:00, run_after=2025-02-10 01:52:00+00:00
[2025-02-09T18:53:10.267-0700] {processor.py:208} INFO - Processing /Users/pranithjain/Desktop/DE Project/Apache Airflow Project/venv/lib/python3.10/site-packages/airflow/example_dags/example_sla_dag.py took 0.102 seconds
[2025-02-09T18:54:51.286-0700] {processor.py:186} INFO - Started process (PID=20098) to work on /Users/pranithjain/Desktop/DE Project/Apache Airflow Project/venv/lib/python3.10/site-packages/airflow/example_dags/example_sla_dag.py
[2025-02-09T18:54:51.286-0700] {processor.py:914} INFO - Processing file /Users/pranithjain/Desktop/DE Project/Apache Airflow Project/venv/lib/python3.10/site-packages/airflow/example_dags/example_sla_dag.py for tasks to queue
[2025-02-09T18:54:51.287-0700] {logging_mixin.py:190} INFO - [2025-02-09T18:54:51.287-0700] {dagbag.py:588} INFO - Filling up the DagBag from /Users/pranithjain/Desktop/DE Project/Apache Airflow Project/venv/lib/python3.10/site-packages/airflow/example_dags/example_sla_dag.py
[2025-02-09T18:54:51.303-0700] {processor.py:925} INFO - DAG(s) 'example_sla_dag' retrieved from /Users/pranithjain/Desktop/DE Project/Apache Airflow Project/venv/lib/python3.10/site-packages/airflow/example_dags/example_sla_dag.py
[2025-02-09T18:54:51.367-0700] {logging_mixin.py:190} INFO - [2025-02-09T18:54:51.367-0700] {dag.py:3239} INFO - Sync 1 DAGs
[2025-02-09T18:54:51.375-0700] {logging_mixin.py:190} INFO - [2025-02-09T18:54:51.375-0700] {dag.py:4180} INFO - Setting next_dagrun for example_sla_dag to 2025-02-10 01:52:00+00:00, run_after=2025-02-10 01:54:00+00:00
[2025-02-09T18:54:51.382-0700] {processor.py:208} INFO - Processing /Users/pranithjain/Desktop/DE Project/Apache Airflow Project/venv/lib/python3.10/site-packages/airflow/example_dags/example_sla_dag.py took 0.098 seconds
[2025-02-09T18:56:04.317-0700] {processor.py:186} INFO - Started process (PID=20321) to work on /Users/pranithjain/Desktop/DE Project/Apache Airflow Project/venv/lib/python3.10/site-packages/airflow/example_dags/example_sla_dag.py
[2025-02-09T18:56:04.317-0700] {processor.py:914} INFO - Processing file /Users/pranithjain/Desktop/DE Project/Apache Airflow Project/venv/lib/python3.10/site-packages/airflow/example_dags/example_sla_dag.py for tasks to queue
[2025-02-09T18:56:04.318-0700] {logging_mixin.py:190} INFO - [2025-02-09T18:56:04.318-0700] {dagbag.py:588} INFO - Filling up the DagBag from /Users/pranithjain/Desktop/DE Project/Apache Airflow Project/venv/lib/python3.10/site-packages/airflow/example_dags/example_sla_dag.py
[2025-02-09T18:56:04.334-0700] {processor.py:925} INFO - DAG(s) 'example_sla_dag' retrieved from /Users/pranithjain/Desktop/DE Project/Apache Airflow Project/venv/lib/python3.10/site-packages/airflow/example_dags/example_sla_dag.py
[2025-02-09T18:56:04.406-0700] {logging_mixin.py:190} INFO - [2025-02-09T18:56:04.406-0700] {dag.py:3239} INFO - Sync 1 DAGs
[2025-02-09T18:56:04.416-0700] {logging_mixin.py:190} INFO - [2025-02-09T18:56:04.416-0700] {dag.py:4180} INFO - Setting next_dagrun for example_sla_dag to 2025-02-10 01:54:00+00:00, run_after=2025-02-10 01:56:00+00:00
[2025-02-09T18:56:04.425-0700] {processor.py:208} INFO - Processing /Users/pranithjain/Desktop/DE Project/Apache Airflow Project/venv/lib/python3.10/site-packages/airflow/example_dags/example_sla_dag.py took 0.110 seconds
[2025-02-09T18:57:18.780-0700] {processor.py:186} INFO - Started process (PID=20555) to work on /Users/pranithjain/Desktop/DE Project/Apache Airflow Project/venv/lib/python3.10/site-packages/airflow/example_dags/example_sla_dag.py
[2025-02-09T18:57:18.781-0700] {processor.py:914} INFO - Processing file /Users/pranithjain/Desktop/DE Project/Apache Airflow Project/venv/lib/python3.10/site-packages/airflow/example_dags/example_sla_dag.py for tasks to queue
[2025-02-09T18:57:18.782-0700] {logging_mixin.py:190} INFO - [2025-02-09T18:57:18.781-0700] {dagbag.py:588} INFO - Filling up the DagBag from /Users/pranithjain/Desktop/DE Project/Apache Airflow Project/venv/lib/python3.10/site-packages/airflow/example_dags/example_sla_dag.py
[2025-02-09T18:57:18.798-0700] {processor.py:925} INFO - DAG(s) 'example_sla_dag' retrieved from /Users/pranithjain/Desktop/DE Project/Apache Airflow Project/venv/lib/python3.10/site-packages/airflow/example_dags/example_sla_dag.py
[2025-02-09T18:57:18.870-0700] {logging_mixin.py:190} INFO - [2025-02-09T18:57:18.870-0700] {dag.py:3239} INFO - Sync 1 DAGs
[2025-02-09T18:57:18.880-0700] {logging_mixin.py:190} INFO - [2025-02-09T18:57:18.880-0700] {dag.py:4180} INFO - Setting next_dagrun for example_sla_dag to 2025-02-10 01:54:00+00:00, run_after=2025-02-10 01:56:00+00:00
[2025-02-09T18:57:18.888-0700] {processor.py:208} INFO - Processing /Users/pranithjain/Desktop/DE Project/Apache Airflow Project/venv/lib/python3.10/site-packages/airflow/example_dags/example_sla_dag.py took 0.111 seconds
[2025-02-09T18:58:30.035-0700] {processor.py:186} INFO - Started process (PID=20771) to work on /Users/pranithjain/Desktop/DE Project/Apache Airflow Project/venv/lib/python3.10/site-packages/airflow/example_dags/example_sla_dag.py
[2025-02-09T18:58:30.035-0700] {processor.py:914} INFO - Processing file /Users/pranithjain/Desktop/DE Project/Apache Airflow Project/venv/lib/python3.10/site-packages/airflow/example_dags/example_sla_dag.py for tasks to queue
[2025-02-09T18:58:30.036-0700] {logging_mixin.py:190} INFO - [2025-02-09T18:58:30.036-0700] {dagbag.py:588} INFO - Filling up the DagBag from /Users/pranithjain/Desktop/DE Project/Apache Airflow Project/venv/lib/python3.10/site-packages/airflow/example_dags/example_sla_dag.py
[2025-02-09T18:58:30.053-0700] {processor.py:925} INFO - DAG(s) 'example_sla_dag' retrieved from /Users/pranithjain/Desktop/DE Project/Apache Airflow Project/venv/lib/python3.10/site-packages/airflow/example_dags/example_sla_dag.py
[2025-02-09T18:58:30.120-0700] {logging_mixin.py:190} INFO - [2025-02-09T18:58:30.120-0700] {dag.py:3239} INFO - Sync 1 DAGs
[2025-02-09T18:58:30.129-0700] {logging_mixin.py:190} INFO - [2025-02-09T18:58:30.129-0700] {dag.py:4180} INFO - Setting next_dagrun for example_sla_dag to 2025-02-10 01:56:00+00:00, run_after=2025-02-10 01:58:00+00:00
[2025-02-09T18:58:30.136-0700] {processor.py:208} INFO - Processing /Users/pranithjain/Desktop/DE Project/Apache Airflow Project/venv/lib/python3.10/site-packages/airflow/example_dags/example_sla_dag.py took 0.103 seconds
[2025-02-09T19:06:44.818-0700] {processor.py:186} INFO - Started process (PID=21964) to work on /Users/pranithjain/Desktop/DE Project/Apache Airflow Project/venv/lib/python3.10/site-packages/airflow/example_dags/example_sla_dag.py
[2025-02-09T19:06:44.819-0700] {processor.py:914} INFO - Processing file /Users/pranithjain/Desktop/DE Project/Apache Airflow Project/venv/lib/python3.10/site-packages/airflow/example_dags/example_sla_dag.py for tasks to queue
[2025-02-09T19:06:44.819-0700] {logging_mixin.py:190} INFO - [2025-02-09T19:06:44.819-0700] {dagbag.py:588} INFO - Filling up the DagBag from /Users/pranithjain/Desktop/DE Project/Apache Airflow Project/venv/lib/python3.10/site-packages/airflow/example_dags/example_sla_dag.py
[2025-02-09T19:06:44.835-0700] {processor.py:925} INFO - DAG(s) 'example_sla_dag' retrieved from /Users/pranithjain/Desktop/DE Project/Apache Airflow Project/venv/lib/python3.10/site-packages/airflow/example_dags/example_sla_dag.py
[2025-02-09T19:06:44.901-0700] {logging_mixin.py:190} INFO - [2025-02-09T19:06:44.901-0700] {dag.py:3239} INFO - Sync 1 DAGs
[2025-02-09T19:06:44.910-0700] {logging_mixin.py:190} INFO - [2025-02-09T19:06:44.910-0700] {dag.py:4180} INFO - Setting next_dagrun for example_sla_dag to 2025-02-10 02:04:00+00:00, run_after=2025-02-10 02:06:00+00:00
[2025-02-09T19:06:44.917-0700] {processor.py:208} INFO - Processing /Users/pranithjain/Desktop/DE Project/Apache Airflow Project/venv/lib/python3.10/site-packages/airflow/example_dags/example_sla_dag.py took 0.100 seconds
[2025-02-09T19:08:23.752-0700] {processor.py:186} INFO - Started process (PID=22263) to work on /Users/pranithjain/Desktop/DE Project/Apache Airflow Project/venv/lib/python3.10/site-packages/airflow/example_dags/example_sla_dag.py
[2025-02-09T19:08:23.752-0700] {processor.py:914} INFO - Processing file /Users/pranithjain/Desktop/DE Project/Apache Airflow Project/venv/lib/python3.10/site-packages/airflow/example_dags/example_sla_dag.py for tasks to queue
[2025-02-09T19:08:23.753-0700] {logging_mixin.py:190} INFO - [2025-02-09T19:08:23.753-0700] {dagbag.py:588} INFO - Filling up the DagBag from /Users/pranithjain/Desktop/DE Project/Apache Airflow Project/venv/lib/python3.10/site-packages/airflow/example_dags/example_sla_dag.py
[2025-02-09T19:08:23.770-0700] {processor.py:925} INFO - DAG(s) 'example_sla_dag' retrieved from /Users/pranithjain/Desktop/DE Project/Apache Airflow Project/venv/lib/python3.10/site-packages/airflow/example_dags/example_sla_dag.py
[2025-02-09T19:08:23.838-0700] {logging_mixin.py:190} INFO - [2025-02-09T19:08:23.837-0700] {dag.py:3239} INFO - Sync 1 DAGs
[2025-02-09T19:08:23.846-0700] {logging_mixin.py:190} INFO - [2025-02-09T19:08:23.846-0700] {dag.py:4180} INFO - Setting next_dagrun for example_sla_dag to 2025-02-10 02:06:00+00:00, run_after=2025-02-10 02:08:00+00:00
[2025-02-09T19:08:23.854-0700] {processor.py:208} INFO - Processing /Users/pranithjain/Desktop/DE Project/Apache Airflow Project/venv/lib/python3.10/site-packages/airflow/example_dags/example_sla_dag.py took 0.104 seconds
[2025-02-09T19:09:35.726-0700] {processor.py:186} INFO - Started process (PID=22490) to work on /Users/pranithjain/Desktop/DE Project/Apache Airflow Project/venv/lib/python3.10/site-packages/airflow/example_dags/example_sla_dag.py
[2025-02-09T19:09:35.727-0700] {processor.py:914} INFO - Processing file /Users/pranithjain/Desktop/DE Project/Apache Airflow Project/venv/lib/python3.10/site-packages/airflow/example_dags/example_sla_dag.py for tasks to queue
[2025-02-09T19:09:35.727-0700] {logging_mixin.py:190} INFO - [2025-02-09T19:09:35.727-0700] {dagbag.py:588} INFO - Filling up the DagBag from /Users/pranithjain/Desktop/DE Project/Apache Airflow Project/venv/lib/python3.10/site-packages/airflow/example_dags/example_sla_dag.py
[2025-02-09T19:09:35.743-0700] {processor.py:925} INFO - DAG(s) 'example_sla_dag' retrieved from /Users/pranithjain/Desktop/DE Project/Apache Airflow Project/venv/lib/python3.10/site-packages/airflow/example_dags/example_sla_dag.py
[2025-02-09T19:09:35.842-0700] {logging_mixin.py:190} INFO - [2025-02-09T19:09:35.841-0700] {dag.py:3239} INFO - Sync 1 DAGs
[2025-02-09T19:09:35.849-0700] {logging_mixin.py:190} INFO - [2025-02-09T19:09:35.849-0700] {dag.py:4180} INFO - Setting next_dagrun for example_sla_dag to 2025-02-10 02:06:00+00:00, run_after=2025-02-10 02:08:00+00:00
[2025-02-09T19:09:35.857-0700] {processor.py:208} INFO - Processing /Users/pranithjain/Desktop/DE Project/Apache Airflow Project/venv/lib/python3.10/site-packages/airflow/example_dags/example_sla_dag.py took 0.132 seconds
[2025-02-09T19:13:15.801-0700] {processor.py:186} INFO - Started process (PID=23116) to work on /Users/pranithjain/Desktop/DE Project/Apache Airflow Project/venv/lib/python3.10/site-packages/airflow/example_dags/example_sla_dag.py
[2025-02-09T19:13:15.801-0700] {processor.py:914} INFO - Processing file /Users/pranithjain/Desktop/DE Project/Apache Airflow Project/venv/lib/python3.10/site-packages/airflow/example_dags/example_sla_dag.py for tasks to queue
[2025-02-09T19:13:15.801-0700] {logging_mixin.py:190} INFO - [2025-02-09T19:13:15.801-0700] {dagbag.py:588} INFO - Filling up the DagBag from /Users/pranithjain/Desktop/DE Project/Apache Airflow Project/venv/lib/python3.10/site-packages/airflow/example_dags/example_sla_dag.py
[2025-02-09T19:13:15.817-0700] {processor.py:925} INFO - DAG(s) 'example_sla_dag' retrieved from /Users/pranithjain/Desktop/DE Project/Apache Airflow Project/venv/lib/python3.10/site-packages/airflow/example_dags/example_sla_dag.py
[2025-02-09T19:13:15.882-0700] {logging_mixin.py:190} INFO - [2025-02-09T19:13:15.882-0700] {dag.py:3239} INFO - Sync 1 DAGs
[2025-02-09T19:13:15.890-0700] {logging_mixin.py:190} INFO - [2025-02-09T19:13:15.890-0700] {dag.py:4180} INFO - Setting next_dagrun for example_sla_dag to 2025-02-10 02:10:00+00:00, run_after=2025-02-10 02:12:00+00:00
[2025-02-09T19:13:15.897-0700] {processor.py:208} INFO - Processing /Users/pranithjain/Desktop/DE Project/Apache Airflow Project/venv/lib/python3.10/site-packages/airflow/example_dags/example_sla_dag.py took 0.098 seconds
[2025-02-09T19:14:58.659-0700] {processor.py:186} INFO - Started process (PID=23432) to work on /Users/pranithjain/Desktop/DE Project/Apache Airflow Project/venv/lib/python3.10/site-packages/airflow/example_dags/example_sla_dag.py
[2025-02-09T19:14:58.659-0700] {processor.py:914} INFO - Processing file /Users/pranithjain/Desktop/DE Project/Apache Airflow Project/venv/lib/python3.10/site-packages/airflow/example_dags/example_sla_dag.py for tasks to queue
[2025-02-09T19:14:58.660-0700] {logging_mixin.py:190} INFO - [2025-02-09T19:14:58.660-0700] {dagbag.py:588} INFO - Filling up the DagBag from /Users/pranithjain/Desktop/DE Project/Apache Airflow Project/venv/lib/python3.10/site-packages/airflow/example_dags/example_sla_dag.py
[2025-02-09T19:14:58.676-0700] {processor.py:925} INFO - DAG(s) 'example_sla_dag' retrieved from /Users/pranithjain/Desktop/DE Project/Apache Airflow Project/venv/lib/python3.10/site-packages/airflow/example_dags/example_sla_dag.py
[2025-02-09T19:14:58.741-0700] {logging_mixin.py:190} INFO - [2025-02-09T19:14:58.741-0700] {dag.py:3239} INFO - Sync 1 DAGs
[2025-02-09T19:14:58.750-0700] {logging_mixin.py:190} INFO - [2025-02-09T19:14:58.749-0700] {dag.py:4180} INFO - Setting next_dagrun for example_sla_dag to 2025-02-10 02:12:00+00:00, run_after=2025-02-10 02:14:00+00:00
[2025-02-09T19:14:58.757-0700] {processor.py:208} INFO - Processing /Users/pranithjain/Desktop/DE Project/Apache Airflow Project/venv/lib/python3.10/site-packages/airflow/example_dags/example_sla_dag.py took 0.099 seconds
[2025-02-09T19:16:09.081-0700] {processor.py:186} INFO - Started process (PID=23652) to work on /Users/pranithjain/Desktop/DE Project/Apache Airflow Project/venv/lib/python3.10/site-packages/airflow/example_dags/example_sla_dag.py
[2025-02-09T19:16:09.082-0700] {processor.py:914} INFO - Processing file /Users/pranithjain/Desktop/DE Project/Apache Airflow Project/venv/lib/python3.10/site-packages/airflow/example_dags/example_sla_dag.py for tasks to queue
[2025-02-09T19:16:09.082-0700] {logging_mixin.py:190} INFO - [2025-02-09T19:16:09.082-0700] {dagbag.py:588} INFO - Filling up the DagBag from /Users/pranithjain/Desktop/DE Project/Apache Airflow Project/venv/lib/python3.10/site-packages/airflow/example_dags/example_sla_dag.py
[2025-02-09T19:16:09.099-0700] {processor.py:925} INFO - DAG(s) 'example_sla_dag' retrieved from /Users/pranithjain/Desktop/DE Project/Apache Airflow Project/venv/lib/python3.10/site-packages/airflow/example_dags/example_sla_dag.py
[2025-02-09T19:16:09.163-0700] {logging_mixin.py:190} INFO - [2025-02-09T19:16:09.163-0700] {dag.py:3239} INFO - Sync 1 DAGs
[2025-02-09T19:16:09.172-0700] {logging_mixin.py:190} INFO - [2025-02-09T19:16:09.171-0700] {dag.py:4180} INFO - Setting next_dagrun for example_sla_dag to 2025-02-10 02:14:00+00:00, run_after=2025-02-10 02:16:00+00:00
[2025-02-09T19:16:09.178-0700] {processor.py:208} INFO - Processing /Users/pranithjain/Desktop/DE Project/Apache Airflow Project/venv/lib/python3.10/site-packages/airflow/example_dags/example_sla_dag.py took 0.099 seconds
[2025-02-09T19:17:18.218-0700] {processor.py:186} INFO - Started process (PID=23862) to work on /Users/pranithjain/Desktop/DE Project/Apache Airflow Project/venv/lib/python3.10/site-packages/airflow/example_dags/example_sla_dag.py
[2025-02-09T19:17:18.219-0700] {processor.py:914} INFO - Processing file /Users/pranithjain/Desktop/DE Project/Apache Airflow Project/venv/lib/python3.10/site-packages/airflow/example_dags/example_sla_dag.py for tasks to queue
[2025-02-09T19:17:18.220-0700] {logging_mixin.py:190} INFO - [2025-02-09T19:17:18.219-0700] {dagbag.py:588} INFO - Filling up the DagBag from /Users/pranithjain/Desktop/DE Project/Apache Airflow Project/venv/lib/python3.10/site-packages/airflow/example_dags/example_sla_dag.py
[2025-02-09T19:17:18.235-0700] {processor.py:925} INFO - DAG(s) 'example_sla_dag' retrieved from /Users/pranithjain/Desktop/DE Project/Apache Airflow Project/venv/lib/python3.10/site-packages/airflow/example_dags/example_sla_dag.py
[2025-02-09T19:17:18.300-0700] {logging_mixin.py:190} INFO - [2025-02-09T19:17:18.300-0700] {dag.py:3239} INFO - Sync 1 DAGs
[2025-02-09T19:17:18.308-0700] {logging_mixin.py:190} INFO - [2025-02-09T19:17:18.308-0700] {dag.py:4180} INFO - Setting next_dagrun for example_sla_dag to 2025-02-10 02:14:00+00:00, run_after=2025-02-10 02:16:00+00:00
[2025-02-09T19:17:18.315-0700] {processor.py:208} INFO - Processing /Users/pranithjain/Desktop/DE Project/Apache Airflow Project/venv/lib/python3.10/site-packages/airflow/example_dags/example_sla_dag.py took 0.099 seconds
[2025-02-09T19:18:32.002-0700] {processor.py:186} INFO - Started process (PID=24083) to work on /Users/pranithjain/Desktop/DE Project/Apache Airflow Project/venv/lib/python3.10/site-packages/airflow/example_dags/example_sla_dag.py
[2025-02-09T19:18:32.003-0700] {processor.py:914} INFO - Processing file /Users/pranithjain/Desktop/DE Project/Apache Airflow Project/venv/lib/python3.10/site-packages/airflow/example_dags/example_sla_dag.py for tasks to queue
[2025-02-09T19:18:32.003-0700] {logging_mixin.py:190} INFO - [2025-02-09T19:18:32.003-0700] {dagbag.py:588} INFO - Filling up the DagBag from /Users/pranithjain/Desktop/DE Project/Apache Airflow Project/venv/lib/python3.10/site-packages/airflow/example_dags/example_sla_dag.py
[2025-02-09T19:18:32.020-0700] {processor.py:925} INFO - DAG(s) 'example_sla_dag' retrieved from /Users/pranithjain/Desktop/DE Project/Apache Airflow Project/venv/lib/python3.10/site-packages/airflow/example_dags/example_sla_dag.py
[2025-02-09T19:18:32.089-0700] {logging_mixin.py:190} INFO - [2025-02-09T19:18:32.089-0700] {dag.py:3239} INFO - Sync 1 DAGs
[2025-02-09T19:18:32.098-0700] {logging_mixin.py:190} INFO - [2025-02-09T19:18:32.098-0700] {dag.py:4180} INFO - Setting next_dagrun for example_sla_dag to 2025-02-10 02:16:00+00:00, run_after=2025-02-10 02:18:00+00:00
[2025-02-09T19:18:32.105-0700] {processor.py:208} INFO - Processing /Users/pranithjain/Desktop/DE Project/Apache Airflow Project/venv/lib/python3.10/site-packages/airflow/example_dags/example_sla_dag.py took 0.104 seconds
[2025-02-09T19:19:44.035-0700] {processor.py:186} INFO - Started process (PID=24309) to work on /Users/pranithjain/Desktop/DE Project/Apache Airflow Project/venv/lib/python3.10/site-packages/airflow/example_dags/example_sla_dag.py
[2025-02-09T19:19:44.036-0700] {processor.py:914} INFO - Processing file /Users/pranithjain/Desktop/DE Project/Apache Airflow Project/venv/lib/python3.10/site-packages/airflow/example_dags/example_sla_dag.py for tasks to queue
[2025-02-09T19:19:44.036-0700] {logging_mixin.py:190} INFO - [2025-02-09T19:19:44.036-0700] {dagbag.py:588} INFO - Filling up the DagBag from /Users/pranithjain/Desktop/DE Project/Apache Airflow Project/venv/lib/python3.10/site-packages/airflow/example_dags/example_sla_dag.py
[2025-02-09T19:19:44.053-0700] {processor.py:925} INFO - DAG(s) 'example_sla_dag' retrieved from /Users/pranithjain/Desktop/DE Project/Apache Airflow Project/venv/lib/python3.10/site-packages/airflow/example_dags/example_sla_dag.py
[2025-02-09T19:19:44.117-0700] {logging_mixin.py:190} INFO - [2025-02-09T19:19:44.117-0700] {dag.py:3239} INFO - Sync 1 DAGs
[2025-02-09T19:19:44.126-0700] {logging_mixin.py:190} INFO - [2025-02-09T19:19:44.126-0700] {dag.py:4180} INFO - Setting next_dagrun for example_sla_dag to 2025-02-10 02:16:00+00:00, run_after=2025-02-10 02:18:00+00:00
[2025-02-09T19:19:44.133-0700] {processor.py:208} INFO - Processing /Users/pranithjain/Desktop/DE Project/Apache Airflow Project/venv/lib/python3.10/site-packages/airflow/example_dags/example_sla_dag.py took 0.099 seconds
[2025-02-09T19:20:57.768-0700] {processor.py:186} INFO - Started process (PID=24530) to work on /Users/pranithjain/Desktop/DE Project/Apache Airflow Project/venv/lib/python3.10/site-packages/airflow/example_dags/example_sla_dag.py
[2025-02-09T19:20:57.768-0700] {processor.py:914} INFO - Processing file /Users/pranithjain/Desktop/DE Project/Apache Airflow Project/venv/lib/python3.10/site-packages/airflow/example_dags/example_sla_dag.py for tasks to queue
[2025-02-09T19:20:57.769-0700] {logging_mixin.py:190} INFO - [2025-02-09T19:20:57.769-0700] {dagbag.py:588} INFO - Filling up the DagBag from /Users/pranithjain/Desktop/DE Project/Apache Airflow Project/venv/lib/python3.10/site-packages/airflow/example_dags/example_sla_dag.py
[2025-02-09T19:20:57.787-0700] {processor.py:925} INFO - DAG(s) 'example_sla_dag' retrieved from /Users/pranithjain/Desktop/DE Project/Apache Airflow Project/venv/lib/python3.10/site-packages/airflow/example_dags/example_sla_dag.py
[2025-02-09T19:20:57.863-0700] {logging_mixin.py:190} INFO - [2025-02-09T19:20:57.862-0700] {dag.py:3239} INFO - Sync 1 DAGs
[2025-02-09T19:20:57.873-0700] {logging_mixin.py:190} INFO - [2025-02-09T19:20:57.872-0700] {dag.py:4180} INFO - Setting next_dagrun for example_sla_dag to 2025-02-10 02:18:00+00:00, run_after=2025-02-10 02:20:00+00:00
[2025-02-09T19:20:57.881-0700] {processor.py:208} INFO - Processing /Users/pranithjain/Desktop/DE Project/Apache Airflow Project/venv/lib/python3.10/site-packages/airflow/example_dags/example_sla_dag.py took 0.115 seconds
[2025-02-09T19:22:11.795-0700] {processor.py:186} INFO - Started process (PID=24851) to work on /Users/pranithjain/Desktop/DE Project/Apache Airflow Project/venv/lib/python3.10/site-packages/airflow/example_dags/example_sla_dag.py
[2025-02-09T19:22:11.797-0700] {processor.py:914} INFO - Processing file /Users/pranithjain/Desktop/DE Project/Apache Airflow Project/venv/lib/python3.10/site-packages/airflow/example_dags/example_sla_dag.py for tasks to queue
[2025-02-09T19:22:11.797-0700] {logging_mixin.py:190} INFO - [2025-02-09T19:22:11.797-0700] {dagbag.py:588} INFO - Filling up the DagBag from /Users/pranithjain/Desktop/DE Project/Apache Airflow Project/venv/lib/python3.10/site-packages/airflow/example_dags/example_sla_dag.py
[2025-02-09T19:22:11.814-0700] {processor.py:925} INFO - DAG(s) 'example_sla_dag' retrieved from /Users/pranithjain/Desktop/DE Project/Apache Airflow Project/venv/lib/python3.10/site-packages/airflow/example_dags/example_sla_dag.py
[2025-02-09T19:22:11.878-0700] {logging_mixin.py:190} INFO - [2025-02-09T19:22:11.878-0700] {dag.py:3239} INFO - Sync 1 DAGs
[2025-02-09T19:22:11.886-0700] {logging_mixin.py:190} INFO - [2025-02-09T19:22:11.886-0700] {dag.py:4180} INFO - Setting next_dagrun for example_sla_dag to 2025-02-10 02:20:00+00:00, run_after=2025-02-10 02:22:00+00:00
[2025-02-09T19:22:11.893-0700] {processor.py:208} INFO - Processing /Users/pranithjain/Desktop/DE Project/Apache Airflow Project/venv/lib/python3.10/site-packages/airflow/example_dags/example_sla_dag.py took 0.100 seconds
[2025-02-09T19:23:23.058-0700] {processor.py:186} INFO - Started process (PID=25068) to work on /Users/pranithjain/Desktop/DE Project/Apache Airflow Project/venv/lib/python3.10/site-packages/airflow/example_dags/example_sla_dag.py
[2025-02-09T19:23:23.059-0700] {processor.py:914} INFO - Processing file /Users/pranithjain/Desktop/DE Project/Apache Airflow Project/venv/lib/python3.10/site-packages/airflow/example_dags/example_sla_dag.py for tasks to queue
[2025-02-09T19:23:23.059-0700] {logging_mixin.py:190} INFO - [2025-02-09T19:23:23.059-0700] {dagbag.py:588} INFO - Filling up the DagBag from /Users/pranithjain/Desktop/DE Project/Apache Airflow Project/venv/lib/python3.10/site-packages/airflow/example_dags/example_sla_dag.py
[2025-02-09T19:23:23.075-0700] {processor.py:925} INFO - DAG(s) 'example_sla_dag' retrieved from /Users/pranithjain/Desktop/DE Project/Apache Airflow Project/venv/lib/python3.10/site-packages/airflow/example_dags/example_sla_dag.py
[2025-02-09T19:23:23.140-0700] {logging_mixin.py:190} INFO - [2025-02-09T19:23:23.140-0700] {dag.py:3239} INFO - Sync 1 DAGs
[2025-02-09T19:23:23.149-0700] {logging_mixin.py:190} INFO - [2025-02-09T19:23:23.149-0700] {dag.py:4180} INFO - Setting next_dagrun for example_sla_dag to 2025-02-10 02:20:00+00:00, run_after=2025-02-10 02:22:00+00:00
[2025-02-09T19:23:23.156-0700] {processor.py:208} INFO - Processing /Users/pranithjain/Desktop/DE Project/Apache Airflow Project/venv/lib/python3.10/site-packages/airflow/example_dags/example_sla_dag.py took 0.099 seconds
[2025-02-09T19:24:31.991-0700] {processor.py:186} INFO - Started process (PID=25281) to work on /Users/pranithjain/Desktop/DE Project/Apache Airflow Project/venv/lib/python3.10/site-packages/airflow/example_dags/example_sla_dag.py
[2025-02-09T19:24:31.991-0700] {processor.py:914} INFO - Processing file /Users/pranithjain/Desktop/DE Project/Apache Airflow Project/venv/lib/python3.10/site-packages/airflow/example_dags/example_sla_dag.py for tasks to queue
[2025-02-09T19:24:31.992-0700] {logging_mixin.py:190} INFO - [2025-02-09T19:24:31.992-0700] {dagbag.py:588} INFO - Filling up the DagBag from /Users/pranithjain/Desktop/DE Project/Apache Airflow Project/venv/lib/python3.10/site-packages/airflow/example_dags/example_sla_dag.py
[2025-02-09T19:24:32.009-0700] {processor.py:925} INFO - DAG(s) 'example_sla_dag' retrieved from /Users/pranithjain/Desktop/DE Project/Apache Airflow Project/venv/lib/python3.10/site-packages/airflow/example_dags/example_sla_dag.py
[2025-02-09T19:24:32.079-0700] {logging_mixin.py:190} INFO - [2025-02-09T19:24:32.079-0700] {dag.py:3239} INFO - Sync 1 DAGs
[2025-02-09T19:24:32.087-0700] {logging_mixin.py:190} INFO - [2025-02-09T19:24:32.087-0700] {dag.py:4180} INFO - Setting next_dagrun for example_sla_dag to 2025-02-10 02:22:00+00:00, run_after=2025-02-10 02:24:00+00:00
[2025-02-09T19:24:32.095-0700] {processor.py:208} INFO - Processing /Users/pranithjain/Desktop/DE Project/Apache Airflow Project/venv/lib/python3.10/site-packages/airflow/example_dags/example_sla_dag.py took 0.105 seconds
[2025-02-09T19:26:48.552-0700] {processor.py:186} INFO - Started process (PID=25799) to work on /Users/pranithjain/Desktop/DE Project/Apache Airflow Project/venv/lib/python3.10/site-packages/airflow/example_dags/example_sla_dag.py
[2025-02-09T19:26:48.553-0700] {processor.py:914} INFO - Processing file /Users/pranithjain/Desktop/DE Project/Apache Airflow Project/venv/lib/python3.10/site-packages/airflow/example_dags/example_sla_dag.py for tasks to queue
[2025-02-09T19:26:48.554-0700] {logging_mixin.py:190} INFO - [2025-02-09T19:26:48.554-0700] {dagbag.py:588} INFO - Filling up the DagBag from /Users/pranithjain/Desktop/DE Project/Apache Airflow Project/venv/lib/python3.10/site-packages/airflow/example_dags/example_sla_dag.py
[2025-02-09T19:26:48.570-0700] {processor.py:925} INFO - DAG(s) 'example_sla_dag' retrieved from /Users/pranithjain/Desktop/DE Project/Apache Airflow Project/venv/lib/python3.10/site-packages/airflow/example_dags/example_sla_dag.py
[2025-02-09T19:26:48.634-0700] {logging_mixin.py:190} INFO - [2025-02-09T19:26:48.634-0700] {dag.py:3239} INFO - Sync 1 DAGs
[2025-02-09T19:26:48.643-0700] {logging_mixin.py:190} INFO - [2025-02-09T19:26:48.643-0700] {dag.py:4180} INFO - Setting next_dagrun for example_sla_dag to 2025-02-10 02:24:00+00:00, run_after=2025-02-10 02:26:00+00:00
[2025-02-09T19:26:48.650-0700] {processor.py:208} INFO - Processing /Users/pranithjain/Desktop/DE Project/Apache Airflow Project/venv/lib/python3.10/site-packages/airflow/example_dags/example_sla_dag.py took 0.100 seconds
[2025-02-09T19:28:40.653-0700] {processor.py:186} INFO - Started process (PID=26173) to work on /Users/pranithjain/Desktop/DE Project/Apache Airflow Project/venv/lib/python3.10/site-packages/airflow/example_dags/example_sla_dag.py
[2025-02-09T19:28:40.654-0700] {processor.py:914} INFO - Processing file /Users/pranithjain/Desktop/DE Project/Apache Airflow Project/venv/lib/python3.10/site-packages/airflow/example_dags/example_sla_dag.py for tasks to queue
[2025-02-09T19:28:40.654-0700] {logging_mixin.py:190} INFO - [2025-02-09T19:28:40.654-0700] {dagbag.py:588} INFO - Filling up the DagBag from /Users/pranithjain/Desktop/DE Project/Apache Airflow Project/venv/lib/python3.10/site-packages/airflow/example_dags/example_sla_dag.py
[2025-02-09T19:28:40.670-0700] {processor.py:925} INFO - DAG(s) 'example_sla_dag' retrieved from /Users/pranithjain/Desktop/DE Project/Apache Airflow Project/venv/lib/python3.10/site-packages/airflow/example_dags/example_sla_dag.py
[2025-02-09T19:28:40.735-0700] {logging_mixin.py:190} INFO - [2025-02-09T19:28:40.734-0700] {dag.py:3239} INFO - Sync 1 DAGs
[2025-02-09T19:28:40.743-0700] {logging_mixin.py:190} INFO - [2025-02-09T19:28:40.743-0700] {dag.py:4180} INFO - Setting next_dagrun for example_sla_dag to 2025-02-10 02:26:00+00:00, run_after=2025-02-10 02:28:00+00:00
[2025-02-09T19:28:40.750-0700] {processor.py:208} INFO - Processing /Users/pranithjain/Desktop/DE Project/Apache Airflow Project/venv/lib/python3.10/site-packages/airflow/example_dags/example_sla_dag.py took 0.098 seconds
