[2025-02-09T18:48:33.841-0700] {processor.py:186} INFO - Started process (PID=18913) to work on /Users/pranithjain/Desktop/DE Project/Apache Airflow Project/venv/lib/python3.10/site-packages/airflow/example_dags/example_kubernetes_executor.py
[2025-02-09T18:48:33.842-0700] {processor.py:914} INFO - Processing file /Users/pranithjain/Desktop/DE Project/Apache Airflow Project/venv/lib/python3.10/site-packages/airflow/example_dags/example_kubernetes_executor.py for tasks to queue
[2025-02-09T18:48:33.842-0700] {logging_mixin.py:190} INFO - [2025-02-09T18:48:33.842-0700] {dagbag.py:588} INFO - Filling up the DagBag from /Users/pranithjain/Desktop/DE Project/Apache Airflow Project/venv/lib/python3.10/site-packages/airflow/example_dags/example_kubernetes_executor.py
[2025-02-09T18:48:33.857-0700] {logging_mixin.py:190} INFO - [2025-02-09T18:48:33.856-0700] {example_kubernetes_executor.py:39} WARNING - The example_kubernetes_executor example DAG requires the kubernetes provider. Please install it with: pip install apache-airflow[cncf.kubernetes]
[2025-02-09T18:48:33.857-0700] {processor.py:927} WARNING - No viable dags retrieved from /Users/pranithjain/Desktop/DE Project/Apache Airflow Project/venv/lib/python3.10/site-packages/airflow/example_dags/example_kubernetes_executor.py
[2025-02-09T18:48:33.921-0700] {processor.py:208} INFO - Processing /Users/pranithjain/Desktop/DE Project/Apache Airflow Project/venv/lib/python3.10/site-packages/airflow/example_dags/example_kubernetes_executor.py took 0.082 seconds
[2025-02-09T18:50:15.843-0700] {processor.py:186} INFO - Started process (PID=19234) to work on /Users/pranithjain/Desktop/DE Project/Apache Airflow Project/venv/lib/python3.10/site-packages/airflow/example_dags/example_kubernetes_executor.py
[2025-02-09T18:50:15.844-0700] {processor.py:914} INFO - Processing file /Users/pranithjain/Desktop/DE Project/Apache Airflow Project/venv/lib/python3.10/site-packages/airflow/example_dags/example_kubernetes_executor.py for tasks to queue
[2025-02-09T18:50:15.844-0700] {logging_mixin.py:190} INFO - [2025-02-09T18:50:15.844-0700] {dagbag.py:588} INFO - Filling up the DagBag from /Users/pranithjain/Desktop/DE Project/Apache Airflow Project/venv/lib/python3.10/site-packages/airflow/example_dags/example_kubernetes_executor.py
[2025-02-09T18:50:15.859-0700] {logging_mixin.py:190} INFO - [2025-02-09T18:50:15.858-0700] {example_kubernetes_executor.py:39} WARNING - The example_kubernetes_executor example DAG requires the kubernetes provider. Please install it with: pip install apache-airflow[cncf.kubernetes]
[2025-02-09T18:50:15.859-0700] {processor.py:927} WARNING - No viable dags retrieved from /Users/pranithjain/Desktop/DE Project/Apache Airflow Project/venv/lib/python3.10/site-packages/airflow/example_dags/example_kubernetes_executor.py
[2025-02-09T18:50:15.924-0700] {processor.py:208} INFO - Processing /Users/pranithjain/Desktop/DE Project/Apache Airflow Project/venv/lib/python3.10/site-packages/airflow/example_dags/example_kubernetes_executor.py took 0.083 seconds
[2025-02-09T18:53:41.403-0700] {processor.py:186} INFO - Started process (PID=19879) to work on /Users/pranithjain/Desktop/DE Project/Apache Airflow Project/venv/lib/python3.10/site-packages/airflow/example_dags/example_kubernetes_executor.py
[2025-02-09T18:53:41.405-0700] {processor.py:914} INFO - Processing file /Users/pranithjain/Desktop/DE Project/Apache Airflow Project/venv/lib/python3.10/site-packages/airflow/example_dags/example_kubernetes_executor.py for tasks to queue
[2025-02-09T18:53:41.405-0700] {logging_mixin.py:190} INFO - [2025-02-09T18:53:41.405-0700] {dagbag.py:588} INFO - Filling up the DagBag from /Users/pranithjain/Desktop/DE Project/Apache Airflow Project/venv/lib/python3.10/site-packages/airflow/example_dags/example_kubernetes_executor.py
[2025-02-09T18:53:41.420-0700] {logging_mixin.py:190} INFO - [2025-02-09T18:53:41.420-0700] {example_kubernetes_executor.py:39} WARNING - The example_kubernetes_executor example DAG requires the kubernetes provider. Please install it with: pip install apache-airflow[cncf.kubernetes]
[2025-02-09T18:53:41.421-0700] {processor.py:927} WARNING - No viable dags retrieved from /Users/pranithjain/Desktop/DE Project/Apache Airflow Project/venv/lib/python3.10/site-packages/airflow/example_dags/example_kubernetes_executor.py
[2025-02-09T18:53:41.483-0700] {processor.py:208} INFO - Processing /Users/pranithjain/Desktop/DE Project/Apache Airflow Project/venv/lib/python3.10/site-packages/airflow/example_dags/example_kubernetes_executor.py took 0.081 seconds
[2025-02-09T18:55:23.443-0700] {processor.py:186} INFO - Started process (PID=20195) to work on /Users/pranithjain/Desktop/DE Project/Apache Airflow Project/venv/lib/python3.10/site-packages/airflow/example_dags/example_kubernetes_executor.py
[2025-02-09T18:55:23.443-0700] {processor.py:914} INFO - Processing file /Users/pranithjain/Desktop/DE Project/Apache Airflow Project/venv/lib/python3.10/site-packages/airflow/example_dags/example_kubernetes_executor.py for tasks to queue
[2025-02-09T18:55:23.444-0700] {logging_mixin.py:190} INFO - [2025-02-09T18:55:23.444-0700] {dagbag.py:588} INFO - Filling up the DagBag from /Users/pranithjain/Desktop/DE Project/Apache Airflow Project/venv/lib/python3.10/site-packages/airflow/example_dags/example_kubernetes_executor.py
[2025-02-09T18:55:23.458-0700] {logging_mixin.py:190} INFO - [2025-02-09T18:55:23.458-0700] {example_kubernetes_executor.py:39} WARNING - The example_kubernetes_executor example DAG requires the kubernetes provider. Please install it with: pip install apache-airflow[cncf.kubernetes]
[2025-02-09T18:55:23.458-0700] {processor.py:927} WARNING - No viable dags retrieved from /Users/pranithjain/Desktop/DE Project/Apache Airflow Project/venv/lib/python3.10/site-packages/airflow/example_dags/example_kubernetes_executor.py
[2025-02-09T18:55:23.523-0700] {processor.py:208} INFO - Processing /Users/pranithjain/Desktop/DE Project/Apache Airflow Project/venv/lib/python3.10/site-packages/airflow/example_dags/example_kubernetes_executor.py took 0.082 seconds
[2025-02-09T18:57:49.328-0700] {processor.py:186} INFO - Started process (PID=20648) to work on /Users/pranithjain/Desktop/DE Project/Apache Airflow Project/venv/lib/python3.10/site-packages/airflow/example_dags/example_kubernetes_executor.py
[2025-02-09T18:57:49.328-0700] {processor.py:914} INFO - Processing file /Users/pranithjain/Desktop/DE Project/Apache Airflow Project/venv/lib/python3.10/site-packages/airflow/example_dags/example_kubernetes_executor.py for tasks to queue
[2025-02-09T18:57:49.329-0700] {logging_mixin.py:190} INFO - [2025-02-09T18:57:49.329-0700] {dagbag.py:588} INFO - Filling up the DagBag from /Users/pranithjain/Desktop/DE Project/Apache Airflow Project/venv/lib/python3.10/site-packages/airflow/example_dags/example_kubernetes_executor.py
[2025-02-09T18:57:49.343-0700] {logging_mixin.py:190} INFO - [2025-02-09T18:57:49.343-0700] {example_kubernetes_executor.py:39} WARNING - The example_kubernetes_executor example DAG requires the kubernetes provider. Please install it with: pip install apache-airflow[cncf.kubernetes]
[2025-02-09T18:57:49.343-0700] {processor.py:927} WARNING - No viable dags retrieved from /Users/pranithjain/Desktop/DE Project/Apache Airflow Project/venv/lib/python3.10/site-packages/airflow/example_dags/example_kubernetes_executor.py
[2025-02-09T18:57:49.410-0700] {processor.py:208} INFO - Processing /Users/pranithjain/Desktop/DE Project/Apache Airflow Project/venv/lib/python3.10/site-packages/airflow/example_dags/example_kubernetes_executor.py took 0.084 seconds
[2025-02-09T19:07:14.993-0700] {processor.py:186} INFO - Started process (PID=22055) to work on /Users/pranithjain/Desktop/DE Project/Apache Airflow Project/venv/lib/python3.10/site-packages/airflow/example_dags/example_kubernetes_executor.py
[2025-02-09T19:07:14.994-0700] {processor.py:914} INFO - Processing file /Users/pranithjain/Desktop/DE Project/Apache Airflow Project/venv/lib/python3.10/site-packages/airflow/example_dags/example_kubernetes_executor.py for tasks to queue
[2025-02-09T19:07:14.994-0700] {logging_mixin.py:190} INFO - [2025-02-09T19:07:14.994-0700] {dagbag.py:588} INFO - Filling up the DagBag from /Users/pranithjain/Desktop/DE Project/Apache Airflow Project/venv/lib/python3.10/site-packages/airflow/example_dags/example_kubernetes_executor.py
[2025-02-09T19:07:15.008-0700] {logging_mixin.py:190} INFO - [2025-02-09T19:07:15.008-0700] {example_kubernetes_executor.py:39} WARNING - The example_kubernetes_executor example DAG requires the kubernetes provider. Please install it with: pip install apache-airflow[cncf.kubernetes]
[2025-02-09T19:07:15.009-0700] {processor.py:927} WARNING - No viable dags retrieved from /Users/pranithjain/Desktop/DE Project/Apache Airflow Project/venv/lib/python3.10/site-packages/airflow/example_dags/example_kubernetes_executor.py
[2025-02-09T19:07:15.070-0700] {processor.py:208} INFO - Processing /Users/pranithjain/Desktop/DE Project/Apache Airflow Project/venv/lib/python3.10/site-packages/airflow/example_dags/example_kubernetes_executor.py took 0.078 seconds
[2025-02-09T19:08:55.760-0700] {processor.py:186} INFO - Started process (PID=22369) to work on /Users/pranithjain/Desktop/DE Project/Apache Airflow Project/venv/lib/python3.10/site-packages/airflow/example_dags/example_kubernetes_executor.py
[2025-02-09T19:08:55.761-0700] {processor.py:914} INFO - Processing file /Users/pranithjain/Desktop/DE Project/Apache Airflow Project/venv/lib/python3.10/site-packages/airflow/example_dags/example_kubernetes_executor.py for tasks to queue
[2025-02-09T19:08:55.761-0700] {logging_mixin.py:190} INFO - [2025-02-09T19:08:55.761-0700] {dagbag.py:588} INFO - Filling up the DagBag from /Users/pranithjain/Desktop/DE Project/Apache Airflow Project/venv/lib/python3.10/site-packages/airflow/example_dags/example_kubernetes_executor.py
[2025-02-09T19:08:55.775-0700] {logging_mixin.py:190} INFO - [2025-02-09T19:08:55.775-0700] {example_kubernetes_executor.py:39} WARNING - The example_kubernetes_executor example DAG requires the kubernetes provider. Please install it with: pip install apache-airflow[cncf.kubernetes]
[2025-02-09T19:08:55.776-0700] {processor.py:927} WARNING - No viable dags retrieved from /Users/pranithjain/Desktop/DE Project/Apache Airflow Project/venv/lib/python3.10/site-packages/airflow/example_dags/example_kubernetes_executor.py
[2025-02-09T19:08:55.837-0700] {processor.py:208} INFO - Processing /Users/pranithjain/Desktop/DE Project/Apache Airflow Project/venv/lib/python3.10/site-packages/airflow/example_dags/example_kubernetes_executor.py took 0.078 seconds
[2025-02-09T19:13:47.509-0700] {processor.py:186} INFO - Started process (PID=23214) to work on /Users/pranithjain/Desktop/DE Project/Apache Airflow Project/venv/lib/python3.10/site-packages/airflow/example_dags/example_kubernetes_executor.py
[2025-02-09T19:13:47.510-0700] {processor.py:914} INFO - Processing file /Users/pranithjain/Desktop/DE Project/Apache Airflow Project/venv/lib/python3.10/site-packages/airflow/example_dags/example_kubernetes_executor.py for tasks to queue
[2025-02-09T19:13:47.510-0700] {logging_mixin.py:190} INFO - [2025-02-09T19:13:47.510-0700] {dagbag.py:588} INFO - Filling up the DagBag from /Users/pranithjain/Desktop/DE Project/Apache Airflow Project/venv/lib/python3.10/site-packages/airflow/example_dags/example_kubernetes_executor.py
[2025-02-09T19:13:47.527-0700] {logging_mixin.py:190} INFO - [2025-02-09T19:13:47.527-0700] {example_kubernetes_executor.py:39} WARNING - The example_kubernetes_executor example DAG requires the kubernetes provider. Please install it with: pip install apache-airflow[cncf.kubernetes]
[2025-02-09T19:13:47.527-0700] {processor.py:927} WARNING - No viable dags retrieved from /Users/pranithjain/Desktop/DE Project/Apache Airflow Project/venv/lib/python3.10/site-packages/airflow/example_dags/example_kubernetes_executor.py
[2025-02-09T19:13:47.599-0700] {processor.py:208} INFO - Processing /Users/pranithjain/Desktop/DE Project/Apache Airflow Project/venv/lib/python3.10/site-packages/airflow/example_dags/example_kubernetes_executor.py took 0.092 seconds
[2025-02-09T19:15:28.507-0700] {processor.py:186} INFO - Started process (PID=23525) to work on /Users/pranithjain/Desktop/DE Project/Apache Airflow Project/venv/lib/python3.10/site-packages/airflow/example_dags/example_kubernetes_executor.py
[2025-02-09T19:15:28.507-0700] {processor.py:914} INFO - Processing file /Users/pranithjain/Desktop/DE Project/Apache Airflow Project/venv/lib/python3.10/site-packages/airflow/example_dags/example_kubernetes_executor.py for tasks to queue
[2025-02-09T19:15:28.508-0700] {logging_mixin.py:190} INFO - [2025-02-09T19:15:28.508-0700] {dagbag.py:588} INFO - Filling up the DagBag from /Users/pranithjain/Desktop/DE Project/Apache Airflow Project/venv/lib/python3.10/site-packages/airflow/example_dags/example_kubernetes_executor.py
[2025-02-09T19:15:28.522-0700] {logging_mixin.py:190} INFO - [2025-02-09T19:15:28.522-0700] {example_kubernetes_executor.py:39} WARNING - The example_kubernetes_executor example DAG requires the kubernetes provider. Please install it with: pip install apache-airflow[cncf.kubernetes]
[2025-02-09T19:15:28.522-0700] {processor.py:927} WARNING - No viable dags retrieved from /Users/pranithjain/Desktop/DE Project/Apache Airflow Project/venv/lib/python3.10/site-packages/airflow/example_dags/example_kubernetes_executor.py
[2025-02-09T19:15:28.583-0700] {processor.py:208} INFO - Processing /Users/pranithjain/Desktop/DE Project/Apache Airflow Project/venv/lib/python3.10/site-packages/airflow/example_dags/example_kubernetes_executor.py took 0.078 seconds
[2025-02-09T19:17:50.002-0700] {processor.py:186} INFO - Started process (PID=23956) to work on /Users/pranithjain/Desktop/DE Project/Apache Airflow Project/venv/lib/python3.10/site-packages/airflow/example_dags/example_kubernetes_executor.py
[2025-02-09T19:17:50.004-0700] {processor.py:914} INFO - Processing file /Users/pranithjain/Desktop/DE Project/Apache Airflow Project/venv/lib/python3.10/site-packages/airflow/example_dags/example_kubernetes_executor.py for tasks to queue
[2025-02-09T19:17:50.004-0700] {logging_mixin.py:190} INFO - [2025-02-09T19:17:50.004-0700] {dagbag.py:588} INFO - Filling up the DagBag from /Users/pranithjain/Desktop/DE Project/Apache Airflow Project/venv/lib/python3.10/site-packages/airflow/example_dags/example_kubernetes_executor.py
[2025-02-09T19:17:50.018-0700] {logging_mixin.py:190} INFO - [2025-02-09T19:17:50.018-0700] {example_kubernetes_executor.py:39} WARNING - The example_kubernetes_executor example DAG requires the kubernetes provider. Please install it with: pip install apache-airflow[cncf.kubernetes]
[2025-02-09T19:17:50.018-0700] {processor.py:927} WARNING - No viable dags retrieved from /Users/pranithjain/Desktop/DE Project/Apache Airflow Project/venv/lib/python3.10/site-packages/airflow/example_dags/example_kubernetes_executor.py
[2025-02-09T19:17:50.081-0700] {processor.py:208} INFO - Processing /Users/pranithjain/Desktop/DE Project/Apache Airflow Project/venv/lib/python3.10/site-packages/airflow/example_dags/example_kubernetes_executor.py took 0.081 seconds
[2025-02-09T19:20:15.890-0700] {processor.py:186} INFO - Started process (PID=24407) to work on /Users/pranithjain/Desktop/DE Project/Apache Airflow Project/venv/lib/python3.10/site-packages/airflow/example_dags/example_kubernetes_executor.py
[2025-02-09T19:20:15.890-0700] {processor.py:914} INFO - Processing file /Users/pranithjain/Desktop/DE Project/Apache Airflow Project/venv/lib/python3.10/site-packages/airflow/example_dags/example_kubernetes_executor.py for tasks to queue
[2025-02-09T19:20:15.891-0700] {logging_mixin.py:190} INFO - [2025-02-09T19:20:15.890-0700] {dagbag.py:588} INFO - Filling up the DagBag from /Users/pranithjain/Desktop/DE Project/Apache Airflow Project/venv/lib/python3.10/site-packages/airflow/example_dags/example_kubernetes_executor.py
[2025-02-09T19:20:15.905-0700] {logging_mixin.py:190} INFO - [2025-02-09T19:20:15.905-0700] {example_kubernetes_executor.py:39} WARNING - The example_kubernetes_executor example DAG requires the kubernetes provider. Please install it with: pip install apache-airflow[cncf.kubernetes]
[2025-02-09T19:20:15.905-0700] {processor.py:927} WARNING - No viable dags retrieved from /Users/pranithjain/Desktop/DE Project/Apache Airflow Project/venv/lib/python3.10/site-packages/airflow/example_dags/example_kubernetes_executor.py
[2025-02-09T19:20:15.972-0700] {processor.py:208} INFO - Processing /Users/pranithjain/Desktop/DE Project/Apache Airflow Project/venv/lib/python3.10/site-packages/airflow/example_dags/example_kubernetes_executor.py took 0.084 seconds
[2025-02-09T19:22:43.724-0700] {processor.py:186} INFO - Started process (PID=24945) to work on /Users/pranithjain/Desktop/DE Project/Apache Airflow Project/venv/lib/python3.10/site-packages/airflow/example_dags/example_kubernetes_executor.py
[2025-02-09T19:22:43.725-0700] {processor.py:914} INFO - Processing file /Users/pranithjain/Desktop/DE Project/Apache Airflow Project/venv/lib/python3.10/site-packages/airflow/example_dags/example_kubernetes_executor.py for tasks to queue
[2025-02-09T19:22:43.725-0700] {logging_mixin.py:190} INFO - [2025-02-09T19:22:43.725-0700] {dagbag.py:588} INFO - Filling up the DagBag from /Users/pranithjain/Desktop/DE Project/Apache Airflow Project/venv/lib/python3.10/site-packages/airflow/example_dags/example_kubernetes_executor.py
[2025-02-09T19:22:43.740-0700] {logging_mixin.py:190} INFO - [2025-02-09T19:22:43.740-0700] {example_kubernetes_executor.py:39} WARNING - The example_kubernetes_executor example DAG requires the kubernetes provider. Please install it with: pip install apache-airflow[cncf.kubernetes]
[2025-02-09T19:22:43.740-0700] {processor.py:927} WARNING - No viable dags retrieved from /Users/pranithjain/Desktop/DE Project/Apache Airflow Project/venv/lib/python3.10/site-packages/airflow/example_dags/example_kubernetes_executor.py
[2025-02-09T19:22:43.806-0700] {processor.py:208} INFO - Processing /Users/pranithjain/Desktop/DE Project/Apache Airflow Project/venv/lib/python3.10/site-packages/airflow/example_dags/example_kubernetes_executor.py took 0.083 seconds
[2025-02-09T19:24:58.753-0700] {processor.py:186} INFO - Started process (PID=25367) to work on /Users/pranithjain/Desktop/DE Project/Apache Airflow Project/venv/lib/python3.10/site-packages/airflow/example_dags/example_kubernetes_executor.py
[2025-02-09T19:24:58.754-0700] {processor.py:914} INFO - Processing file /Users/pranithjain/Desktop/DE Project/Apache Airflow Project/venv/lib/python3.10/site-packages/airflow/example_dags/example_kubernetes_executor.py for tasks to queue
[2025-02-09T19:24:58.754-0700] {logging_mixin.py:190} INFO - [2025-02-09T19:24:58.754-0700] {dagbag.py:588} INFO - Filling up the DagBag from /Users/pranithjain/Desktop/DE Project/Apache Airflow Project/venv/lib/python3.10/site-packages/airflow/example_dags/example_kubernetes_executor.py
[2025-02-09T19:24:58.768-0700] {logging_mixin.py:190} INFO - [2025-02-09T19:24:58.768-0700] {example_kubernetes_executor.py:39} WARNING - The example_kubernetes_executor example DAG requires the kubernetes provider. Please install it with: pip install apache-airflow[cncf.kubernetes]
[2025-02-09T19:24:58.768-0700] {processor.py:927} WARNING - No viable dags retrieved from /Users/pranithjain/Desktop/DE Project/Apache Airflow Project/venv/lib/python3.10/site-packages/airflow/example_dags/example_kubernetes_executor.py
[2025-02-09T19:24:58.830-0700] {processor.py:208} INFO - Processing /Users/pranithjain/Desktop/DE Project/Apache Airflow Project/venv/lib/python3.10/site-packages/airflow/example_dags/example_kubernetes_executor.py took 0.078 seconds
[2025-02-09T19:27:19.984-0700] {processor.py:186} INFO - Started process (PID=25926) to work on /Users/pranithjain/Desktop/DE Project/Apache Airflow Project/venv/lib/python3.10/site-packages/airflow/example_dags/example_kubernetes_executor.py
[2025-02-09T19:27:19.985-0700] {processor.py:914} INFO - Processing file /Users/pranithjain/Desktop/DE Project/Apache Airflow Project/venv/lib/python3.10/site-packages/airflow/example_dags/example_kubernetes_executor.py for tasks to queue
[2025-02-09T19:27:19.986-0700] {logging_mixin.py:190} INFO - [2025-02-09T19:27:19.986-0700] {dagbag.py:588} INFO - Filling up the DagBag from /Users/pranithjain/Desktop/DE Project/Apache Airflow Project/venv/lib/python3.10/site-packages/airflow/example_dags/example_kubernetes_executor.py
[2025-02-09T19:27:20.000-0700] {logging_mixin.py:190} INFO - [2025-02-09T19:27:20.000-0700] {example_kubernetes_executor.py:39} WARNING - The example_kubernetes_executor example DAG requires the kubernetes provider. Please install it with: pip install apache-airflow[cncf.kubernetes]
[2025-02-09T19:27:20.001-0700] {processor.py:927} WARNING - No viable dags retrieved from /Users/pranithjain/Desktop/DE Project/Apache Airflow Project/venv/lib/python3.10/site-packages/airflow/example_dags/example_kubernetes_executor.py
[2025-02-09T19:27:20.063-0700] {processor.py:208} INFO - Processing /Users/pranithjain/Desktop/DE Project/Apache Airflow Project/venv/lib/python3.10/site-packages/airflow/example_dags/example_kubernetes_executor.py took 0.081 seconds
[2025-02-09T19:29:12.188-0700] {processor.py:186} INFO - Started process (PID=26287) to work on /Users/pranithjain/Desktop/DE Project/Apache Airflow Project/venv/lib/python3.10/site-packages/airflow/example_dags/example_kubernetes_executor.py
[2025-02-09T19:29:12.189-0700] {processor.py:914} INFO - Processing file /Users/pranithjain/Desktop/DE Project/Apache Airflow Project/venv/lib/python3.10/site-packages/airflow/example_dags/example_kubernetes_executor.py for tasks to queue
[2025-02-09T19:29:12.190-0700] {logging_mixin.py:190} INFO - [2025-02-09T19:29:12.189-0700] {dagbag.py:588} INFO - Filling up the DagBag from /Users/pranithjain/Desktop/DE Project/Apache Airflow Project/venv/lib/python3.10/site-packages/airflow/example_dags/example_kubernetes_executor.py
[2025-02-09T19:29:12.204-0700] {logging_mixin.py:190} INFO - [2025-02-09T19:29:12.204-0700] {example_kubernetes_executor.py:39} WARNING - The example_kubernetes_executor example DAG requires the kubernetes provider. Please install it with: pip install apache-airflow[cncf.kubernetes]
[2025-02-09T19:29:12.205-0700] {processor.py:927} WARNING - No viable dags retrieved from /Users/pranithjain/Desktop/DE Project/Apache Airflow Project/venv/lib/python3.10/site-packages/airflow/example_dags/example_kubernetes_executor.py
[2025-02-09T19:29:12.267-0700] {processor.py:208} INFO - Processing /Users/pranithjain/Desktop/DE Project/Apache Airflow Project/venv/lib/python3.10/site-packages/airflow/example_dags/example_kubernetes_executor.py took 0.081 seconds
