[2025-02-09T18:48:17.346-0700] {processor.py:186} INFO - Started process (PID=18865) to work on /Users/pranithjain/Desktop/DE Project/Apache Airflow Project/venv/lib/python3.10/site-packages/airflow/example_dags/example_python_decorator.py
[2025-02-09T18:48:17.347-0700] {processor.py:914} INFO - Processing file /Users/pranithjain/Desktop/DE Project/Apache Airflow Project/venv/lib/python3.10/site-packages/airflow/example_dags/example_python_decorator.py for tasks to queue
[2025-02-09T18:48:17.347-0700] {logging_mixin.py:190} INFO - [2025-02-09T18:48:17.347-0700] {dagbag.py:588} INFO - Filling up the DagBag from /Users/pranithjain/Desktop/DE Project/Apache Airflow Project/venv/lib/python3.10/site-packages/airflow/example_dags/example_python_decorator.py
[2025-02-09T18:48:17.365-0700] {processor.py:925} INFO - DAG(s) 'example_python_decorator' retrieved from /Users/pranithjain/Desktop/DE Project/Apache Airflow Project/venv/lib/python3.10/site-packages/airflow/example_dags/example_python_decorator.py
[2025-02-09T18:48:17.468-0700] {logging_mixin.py:190} INFO - [2025-02-09T18:48:17.468-0700] {override.py:1930} INFO - Created Permission View: can read on DAG:example_python_decorator
[2025-02-09T18:48:17.471-0700] {logging_mixin.py:190} INFO - [2025-02-09T18:48:17.471-0700] {override.py:1930} INFO - Created Permission View: can delete on DAG:example_python_decorator
[2025-02-09T18:48:17.473-0700] {logging_mixin.py:190} INFO - [2025-02-09T18:48:17.473-0700] {override.py:1930} INFO - Created Permission View: can edit on DAG:example_python_decorator
[2025-02-09T18:48:17.476-0700] {logging_mixin.py:190} INFO - [2025-02-09T18:48:17.476-0700] {override.py:1930} INFO - Created Permission View: can read on DAG Run:example_python_decorator
[2025-02-09T18:48:17.478-0700] {logging_mixin.py:190} INFO - [2025-02-09T18:48:17.478-0700] {override.py:1930} INFO - Created Permission View: can delete on DAG Run:example_python_decorator
[2025-02-09T18:48:17.480-0700] {logging_mixin.py:190} INFO - [2025-02-09T18:48:17.480-0700] {override.py:1930} INFO - Created Permission View: menu access on DAG Run:example_python_decorator
[2025-02-09T18:48:17.482-0700] {logging_mixin.py:190} INFO - [2025-02-09T18:48:17.482-0700] {override.py:1930} INFO - Created Permission View: can create on DAG Run:example_python_decorator
[2025-02-09T18:48:17.482-0700] {logging_mixin.py:190} INFO - [2025-02-09T18:48:17.482-0700] {dag.py:3239} INFO - Sync 1 DAGs
[2025-02-09T18:48:17.487-0700] {logging_mixin.py:190} INFO - [2025-02-09T18:48:17.487-0700] {dag.py:3262} INFO - Creating ORM DAG for example_python_decorator
[2025-02-09T18:48:17.487-0700] {logging_mixin.py:190} INFO - [2025-02-09T18:48:17.487-0700] {dag.py:4180} INFO - Setting next_dagrun for example_python_decorator to None, run_after=None
[2025-02-09T18:48:17.493-0700] {processor.py:208} INFO - Processing /Users/pranithjain/Desktop/DE Project/Apache Airflow Project/venv/lib/python3.10/site-packages/airflow/example_dags/example_python_decorator.py took 0.150 seconds
[2025-02-09T18:49:59.852-0700] {processor.py:186} INFO - Started process (PID=19183) to work on /Users/pranithjain/Desktop/DE Project/Apache Airflow Project/venv/lib/python3.10/site-packages/airflow/example_dags/example_python_decorator.py
[2025-02-09T18:49:59.853-0700] {processor.py:914} INFO - Processing file /Users/pranithjain/Desktop/DE Project/Apache Airflow Project/venv/lib/python3.10/site-packages/airflow/example_dags/example_python_decorator.py for tasks to queue
[2025-02-09T18:49:59.853-0700] {logging_mixin.py:190} INFO - [2025-02-09T18:49:59.853-0700] {dagbag.py:588} INFO - Filling up the DagBag from /Users/pranithjain/Desktop/DE Project/Apache Airflow Project/venv/lib/python3.10/site-packages/airflow/example_dags/example_python_decorator.py
[2025-02-09T18:49:59.871-0700] {processor.py:925} INFO - DAG(s) 'example_python_decorator' retrieved from /Users/pranithjain/Desktop/DE Project/Apache Airflow Project/venv/lib/python3.10/site-packages/airflow/example_dags/example_python_decorator.py
[2025-02-09T18:49:59.971-0700] {logging_mixin.py:190} INFO - [2025-02-09T18:49:59.971-0700] {dag.py:3239} INFO - Sync 1 DAGs
[2025-02-09T18:49:59.975-0700] {logging_mixin.py:190} INFO - [2025-02-09T18:49:59.975-0700] {dag.py:4180} INFO - Setting next_dagrun for example_python_decorator to None, run_after=None
[2025-02-09T18:49:59.983-0700] {processor.py:208} INFO - Processing /Users/pranithjain/Desktop/DE Project/Apache Airflow Project/venv/lib/python3.10/site-packages/airflow/example_dags/example_python_decorator.py took 0.132 seconds
[2025-02-09T18:52:22.344-0700] {processor.py:186} INFO - Started process (PID=19636) to work on /Users/pranithjain/Desktop/DE Project/Apache Airflow Project/venv/lib/python3.10/site-packages/airflow/example_dags/example_python_decorator.py
[2025-02-09T18:52:22.345-0700] {processor.py:914} INFO - Processing file /Users/pranithjain/Desktop/DE Project/Apache Airflow Project/venv/lib/python3.10/site-packages/airflow/example_dags/example_python_decorator.py for tasks to queue
[2025-02-09T18:52:22.346-0700] {logging_mixin.py:190} INFO - [2025-02-09T18:52:22.346-0700] {dagbag.py:588} INFO - Filling up the DagBag from /Users/pranithjain/Desktop/DE Project/Apache Airflow Project/venv/lib/python3.10/site-packages/airflow/example_dags/example_python_decorator.py
[2025-02-09T18:52:22.364-0700] {processor.py:925} INFO - DAG(s) 'example_python_decorator' retrieved from /Users/pranithjain/Desktop/DE Project/Apache Airflow Project/venv/lib/python3.10/site-packages/airflow/example_dags/example_python_decorator.py
[2025-02-09T18:52:22.469-0700] {logging_mixin.py:190} INFO - [2025-02-09T18:52:22.469-0700] {dag.py:3239} INFO - Sync 1 DAGs
[2025-02-09T18:52:22.473-0700] {logging_mixin.py:190} INFO - [2025-02-09T18:52:22.473-0700] {dag.py:4180} INFO - Setting next_dagrun for example_python_decorator to None, run_after=None
[2025-02-09T18:52:22.481-0700] {processor.py:208} INFO - Processing /Users/pranithjain/Desktop/DE Project/Apache Airflow Project/venv/lib/python3.10/site-packages/airflow/example_dags/example_python_decorator.py took 0.139 seconds
[2025-02-09T18:53:26.208-0700] {processor.py:186} INFO - Started process (PID=19834) to work on /Users/pranithjain/Desktop/DE Project/Apache Airflow Project/venv/lib/python3.10/site-packages/airflow/example_dags/example_python_decorator.py
[2025-02-09T18:53:26.209-0700] {processor.py:914} INFO - Processing file /Users/pranithjain/Desktop/DE Project/Apache Airflow Project/venv/lib/python3.10/site-packages/airflow/example_dags/example_python_decorator.py for tasks to queue
[2025-02-09T18:53:26.210-0700] {logging_mixin.py:190} INFO - [2025-02-09T18:53:26.210-0700] {dagbag.py:588} INFO - Filling up the DagBag from /Users/pranithjain/Desktop/DE Project/Apache Airflow Project/venv/lib/python3.10/site-packages/airflow/example_dags/example_python_decorator.py
[2025-02-09T18:53:26.228-0700] {processor.py:925} INFO - DAG(s) 'example_python_decorator' retrieved from /Users/pranithjain/Desktop/DE Project/Apache Airflow Project/venv/lib/python3.10/site-packages/airflow/example_dags/example_python_decorator.py
[2025-02-09T18:53:26.330-0700] {logging_mixin.py:190} INFO - [2025-02-09T18:53:26.330-0700] {dag.py:3239} INFO - Sync 1 DAGs
[2025-02-09T18:53:26.334-0700] {logging_mixin.py:190} INFO - [2025-02-09T18:53:26.334-0700] {dag.py:4180} INFO - Setting next_dagrun for example_python_decorator to None, run_after=None
[2025-02-09T18:53:26.342-0700] {processor.py:208} INFO - Processing /Users/pranithjain/Desktop/DE Project/Apache Airflow Project/venv/lib/python3.10/site-packages/airflow/example_dags/example_python_decorator.py took 0.136 seconds
[2025-02-09T18:55:08.325-0700] {processor.py:186} INFO - Started process (PID=20147) to work on /Users/pranithjain/Desktop/DE Project/Apache Airflow Project/venv/lib/python3.10/site-packages/airflow/example_dags/example_python_decorator.py
[2025-02-09T18:55:08.325-0700] {processor.py:914} INFO - Processing file /Users/pranithjain/Desktop/DE Project/Apache Airflow Project/venv/lib/python3.10/site-packages/airflow/example_dags/example_python_decorator.py for tasks to queue
[2025-02-09T18:55:08.326-0700] {logging_mixin.py:190} INFO - [2025-02-09T18:55:08.326-0700] {dagbag.py:588} INFO - Filling up the DagBag from /Users/pranithjain/Desktop/DE Project/Apache Airflow Project/venv/lib/python3.10/site-packages/airflow/example_dags/example_python_decorator.py
[2025-02-09T18:55:08.344-0700] {processor.py:925} INFO - DAG(s) 'example_python_decorator' retrieved from /Users/pranithjain/Desktop/DE Project/Apache Airflow Project/venv/lib/python3.10/site-packages/airflow/example_dags/example_python_decorator.py
[2025-02-09T18:55:08.445-0700] {logging_mixin.py:190} INFO - [2025-02-09T18:55:08.445-0700] {dag.py:3239} INFO - Sync 1 DAGs
[2025-02-09T18:55:08.449-0700] {logging_mixin.py:190} INFO - [2025-02-09T18:55:08.449-0700] {dag.py:4180} INFO - Setting next_dagrun for example_python_decorator to None, run_after=None
[2025-02-09T18:55:08.457-0700] {processor.py:208} INFO - Processing /Users/pranithjain/Desktop/DE Project/Apache Airflow Project/venv/lib/python3.10/site-packages/airflow/example_dags/example_python_decorator.py took 0.133 seconds
[2025-02-09T18:57:34.049-0700] {processor.py:186} INFO - Started process (PID=20603) to work on /Users/pranithjain/Desktop/DE Project/Apache Airflow Project/venv/lib/python3.10/site-packages/airflow/example_dags/example_python_decorator.py
[2025-02-09T18:57:34.050-0700] {processor.py:914} INFO - Processing file /Users/pranithjain/Desktop/DE Project/Apache Airflow Project/venv/lib/python3.10/site-packages/airflow/example_dags/example_python_decorator.py for tasks to queue
[2025-02-09T18:57:34.050-0700] {logging_mixin.py:190} INFO - [2025-02-09T18:57:34.050-0700] {dagbag.py:588} INFO - Filling up the DagBag from /Users/pranithjain/Desktop/DE Project/Apache Airflow Project/venv/lib/python3.10/site-packages/airflow/example_dags/example_python_decorator.py
[2025-02-09T18:57:34.069-0700] {processor.py:925} INFO - DAG(s) 'example_python_decorator' retrieved from /Users/pranithjain/Desktop/DE Project/Apache Airflow Project/venv/lib/python3.10/site-packages/airflow/example_dags/example_python_decorator.py
[2025-02-09T18:57:34.174-0700] {logging_mixin.py:190} INFO - [2025-02-09T18:57:34.174-0700] {dag.py:3239} INFO - Sync 1 DAGs
[2025-02-09T18:57:34.178-0700] {logging_mixin.py:190} INFO - [2025-02-09T18:57:34.178-0700] {dag.py:4180} INFO - Setting next_dagrun for example_python_decorator to None, run_after=None
[2025-02-09T18:57:34.186-0700] {processor.py:208} INFO - Processing /Users/pranithjain/Desktop/DE Project/Apache Airflow Project/venv/lib/python3.10/site-packages/airflow/example_dags/example_python_decorator.py took 0.138 seconds
[2025-02-09T19:07:01.393-0700] {processor.py:186} INFO - Started process (PID=22012) to work on /Users/pranithjain/Desktop/DE Project/Apache Airflow Project/venv/lib/python3.10/site-packages/airflow/example_dags/example_python_decorator.py
[2025-02-09T19:07:01.394-0700] {processor.py:914} INFO - Processing file /Users/pranithjain/Desktop/DE Project/Apache Airflow Project/venv/lib/python3.10/site-packages/airflow/example_dags/example_python_decorator.py for tasks to queue
[2025-02-09T19:07:01.394-0700] {logging_mixin.py:190} INFO - [2025-02-09T19:07:01.394-0700] {dagbag.py:588} INFO - Filling up the DagBag from /Users/pranithjain/Desktop/DE Project/Apache Airflow Project/venv/lib/python3.10/site-packages/airflow/example_dags/example_python_decorator.py
[2025-02-09T19:07:01.411-0700] {processor.py:925} INFO - DAG(s) 'example_python_decorator' retrieved from /Users/pranithjain/Desktop/DE Project/Apache Airflow Project/venv/lib/python3.10/site-packages/airflow/example_dags/example_python_decorator.py
[2025-02-09T19:07:01.513-0700] {logging_mixin.py:190} INFO - [2025-02-09T19:07:01.512-0700] {dag.py:3239} INFO - Sync 1 DAGs
[2025-02-09T19:07:01.517-0700] {logging_mixin.py:190} INFO - [2025-02-09T19:07:01.516-0700] {dag.py:4180} INFO - Setting next_dagrun for example_python_decorator to None, run_after=None
[2025-02-09T19:07:01.524-0700] {processor.py:208} INFO - Processing /Users/pranithjain/Desktop/DE Project/Apache Airflow Project/venv/lib/python3.10/site-packages/airflow/example_dags/example_python_decorator.py took 0.133 seconds
[2025-02-09T19:08:39.671-0700] {processor.py:186} INFO - Started process (PID=22313) to work on /Users/pranithjain/Desktop/DE Project/Apache Airflow Project/venv/lib/python3.10/site-packages/airflow/example_dags/example_python_decorator.py
[2025-02-09T19:08:39.672-0700] {processor.py:914} INFO - Processing file /Users/pranithjain/Desktop/DE Project/Apache Airflow Project/venv/lib/python3.10/site-packages/airflow/example_dags/example_python_decorator.py for tasks to queue
[2025-02-09T19:08:39.672-0700] {logging_mixin.py:190} INFO - [2025-02-09T19:08:39.672-0700] {dagbag.py:588} INFO - Filling up the DagBag from /Users/pranithjain/Desktop/DE Project/Apache Airflow Project/venv/lib/python3.10/site-packages/airflow/example_dags/example_python_decorator.py
[2025-02-09T19:08:39.690-0700] {processor.py:925} INFO - DAG(s) 'example_python_decorator' retrieved from /Users/pranithjain/Desktop/DE Project/Apache Airflow Project/venv/lib/python3.10/site-packages/airflow/example_dags/example_python_decorator.py
[2025-02-09T19:08:39.790-0700] {logging_mixin.py:190} INFO - [2025-02-09T19:08:39.790-0700] {dag.py:3239} INFO - Sync 1 DAGs
[2025-02-09T19:08:39.795-0700] {logging_mixin.py:190} INFO - [2025-02-09T19:08:39.794-0700] {dag.py:4180} INFO - Setting next_dagrun for example_python_decorator to None, run_after=None
[2025-02-09T19:08:39.802-0700] {processor.py:208} INFO - Processing /Users/pranithjain/Desktop/DE Project/Apache Airflow Project/venv/lib/python3.10/site-packages/airflow/example_dags/example_python_decorator.py took 0.133 seconds
[2025-02-09T19:13:31.966-0700] {processor.py:186} INFO - Started process (PID=23166) to work on /Users/pranithjain/Desktop/DE Project/Apache Airflow Project/venv/lib/python3.10/site-packages/airflow/example_dags/example_python_decorator.py
[2025-02-09T19:13:31.967-0700] {processor.py:914} INFO - Processing file /Users/pranithjain/Desktop/DE Project/Apache Airflow Project/venv/lib/python3.10/site-packages/airflow/example_dags/example_python_decorator.py for tasks to queue
[2025-02-09T19:13:31.967-0700] {logging_mixin.py:190} INFO - [2025-02-09T19:13:31.967-0700] {dagbag.py:588} INFO - Filling up the DagBag from /Users/pranithjain/Desktop/DE Project/Apache Airflow Project/venv/lib/python3.10/site-packages/airflow/example_dags/example_python_decorator.py
[2025-02-09T19:13:31.985-0700] {processor.py:925} INFO - DAG(s) 'example_python_decorator' retrieved from /Users/pranithjain/Desktop/DE Project/Apache Airflow Project/venv/lib/python3.10/site-packages/airflow/example_dags/example_python_decorator.py
[2025-02-09T19:13:32.095-0700] {logging_mixin.py:190} INFO - [2025-02-09T19:13:32.095-0700] {dag.py:3239} INFO - Sync 1 DAGs
[2025-02-09T19:13:32.099-0700] {logging_mixin.py:190} INFO - [2025-02-09T19:13:32.099-0700] {dag.py:4180} INFO - Setting next_dagrun for example_python_decorator to None, run_after=None
[2025-02-09T19:13:32.108-0700] {processor.py:208} INFO - Processing /Users/pranithjain/Desktop/DE Project/Apache Airflow Project/venv/lib/python3.10/site-packages/airflow/example_dags/example_python_decorator.py took 0.143 seconds
[2025-02-09T19:15:14.499-0700] {processor.py:186} INFO - Started process (PID=23481) to work on /Users/pranithjain/Desktop/DE Project/Apache Airflow Project/venv/lib/python3.10/site-packages/airflow/example_dags/example_python_decorator.py
[2025-02-09T19:15:14.500-0700] {processor.py:914} INFO - Processing file /Users/pranithjain/Desktop/DE Project/Apache Airflow Project/venv/lib/python3.10/site-packages/airflow/example_dags/example_python_decorator.py for tasks to queue
[2025-02-09T19:15:14.500-0700] {logging_mixin.py:190} INFO - [2025-02-09T19:15:14.500-0700] {dagbag.py:588} INFO - Filling up the DagBag from /Users/pranithjain/Desktop/DE Project/Apache Airflow Project/venv/lib/python3.10/site-packages/airflow/example_dags/example_python_decorator.py
[2025-02-09T19:15:14.518-0700] {processor.py:925} INFO - DAG(s) 'example_python_decorator' retrieved from /Users/pranithjain/Desktop/DE Project/Apache Airflow Project/venv/lib/python3.10/site-packages/airflow/example_dags/example_python_decorator.py
[2025-02-09T19:15:14.619-0700] {logging_mixin.py:190} INFO - [2025-02-09T19:15:14.619-0700] {dag.py:3239} INFO - Sync 1 DAGs
[2025-02-09T19:15:14.623-0700] {logging_mixin.py:190} INFO - [2025-02-09T19:15:14.623-0700] {dag.py:4180} INFO - Setting next_dagrun for example_python_decorator to None, run_after=None
[2025-02-09T19:15:14.631-0700] {processor.py:208} INFO - Processing /Users/pranithjain/Desktop/DE Project/Apache Airflow Project/venv/lib/python3.10/site-packages/airflow/example_dags/example_python_decorator.py took 0.134 seconds
[2025-02-09T19:17:34.074-0700] {processor.py:186} INFO - Started process (PID=23908) to work on /Users/pranithjain/Desktop/DE Project/Apache Airflow Project/venv/lib/python3.10/site-packages/airflow/example_dags/example_python_decorator.py
[2025-02-09T19:17:34.075-0700] {processor.py:914} INFO - Processing file /Users/pranithjain/Desktop/DE Project/Apache Airflow Project/venv/lib/python3.10/site-packages/airflow/example_dags/example_python_decorator.py for tasks to queue
[2025-02-09T19:17:34.076-0700] {logging_mixin.py:190} INFO - [2025-02-09T19:17:34.076-0700] {dagbag.py:588} INFO - Filling up the DagBag from /Users/pranithjain/Desktop/DE Project/Apache Airflow Project/venv/lib/python3.10/site-packages/airflow/example_dags/example_python_decorator.py
[2025-02-09T19:17:34.094-0700] {processor.py:925} INFO - DAG(s) 'example_python_decorator' retrieved from /Users/pranithjain/Desktop/DE Project/Apache Airflow Project/venv/lib/python3.10/site-packages/airflow/example_dags/example_python_decorator.py
[2025-02-09T19:17:34.198-0700] {logging_mixin.py:190} INFO - [2025-02-09T19:17:34.198-0700] {dag.py:3239} INFO - Sync 1 DAGs
[2025-02-09T19:17:34.202-0700] {logging_mixin.py:190} INFO - [2025-02-09T19:17:34.202-0700] {dag.py:4180} INFO - Setting next_dagrun for example_python_decorator to None, run_after=None
[2025-02-09T19:17:34.210-0700] {processor.py:208} INFO - Processing /Users/pranithjain/Desktop/DE Project/Apache Airflow Project/venv/lib/python3.10/site-packages/airflow/example_dags/example_python_decorator.py took 0.138 seconds
[2025-02-09T19:20:00.496-0700] {processor.py:186} INFO - Started process (PID=24358) to work on /Users/pranithjain/Desktop/DE Project/Apache Airflow Project/venv/lib/python3.10/site-packages/airflow/example_dags/example_python_decorator.py
[2025-02-09T19:20:00.497-0700] {processor.py:914} INFO - Processing file /Users/pranithjain/Desktop/DE Project/Apache Airflow Project/venv/lib/python3.10/site-packages/airflow/example_dags/example_python_decorator.py for tasks to queue
[2025-02-09T19:20:00.497-0700] {logging_mixin.py:190} INFO - [2025-02-09T19:20:00.497-0700] {dagbag.py:588} INFO - Filling up the DagBag from /Users/pranithjain/Desktop/DE Project/Apache Airflow Project/venv/lib/python3.10/site-packages/airflow/example_dags/example_python_decorator.py
[2025-02-09T19:20:00.515-0700] {processor.py:925} INFO - DAG(s) 'example_python_decorator' retrieved from /Users/pranithjain/Desktop/DE Project/Apache Airflow Project/venv/lib/python3.10/site-packages/airflow/example_dags/example_python_decorator.py
[2025-02-09T19:20:00.618-0700] {logging_mixin.py:190} INFO - [2025-02-09T19:20:00.618-0700] {dag.py:3239} INFO - Sync 1 DAGs
[2025-02-09T19:20:00.622-0700] {logging_mixin.py:190} INFO - [2025-02-09T19:20:00.622-0700] {dag.py:4180} INFO - Setting next_dagrun for example_python_decorator to None, run_after=None
[2025-02-09T19:20:00.630-0700] {processor.py:208} INFO - Processing /Users/pranithjain/Desktop/DE Project/Apache Airflow Project/venv/lib/python3.10/site-packages/airflow/example_dags/example_python_decorator.py took 0.135 seconds
[2025-02-09T19:22:28.580-0700] {processor.py:186} INFO - Started process (PID=24899) to work on /Users/pranithjain/Desktop/DE Project/Apache Airflow Project/venv/lib/python3.10/site-packages/airflow/example_dags/example_python_decorator.py
[2025-02-09T19:22:28.581-0700] {processor.py:914} INFO - Processing file /Users/pranithjain/Desktop/DE Project/Apache Airflow Project/venv/lib/python3.10/site-packages/airflow/example_dags/example_python_decorator.py for tasks to queue
[2025-02-09T19:22:28.581-0700] {logging_mixin.py:190} INFO - [2025-02-09T19:22:28.581-0700] {dagbag.py:588} INFO - Filling up the DagBag from /Users/pranithjain/Desktop/DE Project/Apache Airflow Project/venv/lib/python3.10/site-packages/airflow/example_dags/example_python_decorator.py
[2025-02-09T19:22:28.600-0700] {processor.py:925} INFO - DAG(s) 'example_python_decorator' retrieved from /Users/pranithjain/Desktop/DE Project/Apache Airflow Project/venv/lib/python3.10/site-packages/airflow/example_dags/example_python_decorator.py
[2025-02-09T19:22:28.708-0700] {logging_mixin.py:190} INFO - [2025-02-09T19:22:28.708-0700] {dag.py:3239} INFO - Sync 1 DAGs
[2025-02-09T19:22:28.712-0700] {logging_mixin.py:190} INFO - [2025-02-09T19:22:28.712-0700] {dag.py:4180} INFO - Setting next_dagrun for example_python_decorator to None, run_after=None
[2025-02-09T19:22:28.720-0700] {processor.py:208} INFO - Processing /Users/pranithjain/Desktop/DE Project/Apache Airflow Project/venv/lib/python3.10/site-packages/airflow/example_dags/example_python_decorator.py took 0.142 seconds
[2025-02-09T19:24:45.272-0700] {processor.py:186} INFO - Started process (PID=25322) to work on /Users/pranithjain/Desktop/DE Project/Apache Airflow Project/venv/lib/python3.10/site-packages/airflow/example_dags/example_python_decorator.py
[2025-02-09T19:24:45.272-0700] {processor.py:914} INFO - Processing file /Users/pranithjain/Desktop/DE Project/Apache Airflow Project/venv/lib/python3.10/site-packages/airflow/example_dags/example_python_decorator.py for tasks to queue
[2025-02-09T19:24:45.273-0700] {logging_mixin.py:190} INFO - [2025-02-09T19:24:45.272-0700] {dagbag.py:588} INFO - Filling up the DagBag from /Users/pranithjain/Desktop/DE Project/Apache Airflow Project/venv/lib/python3.10/site-packages/airflow/example_dags/example_python_decorator.py
[2025-02-09T19:24:45.290-0700] {processor.py:925} INFO - DAG(s) 'example_python_decorator' retrieved from /Users/pranithjain/Desktop/DE Project/Apache Airflow Project/venv/lib/python3.10/site-packages/airflow/example_dags/example_python_decorator.py
[2025-02-09T19:24:45.391-0700] {logging_mixin.py:190} INFO - [2025-02-09T19:24:45.390-0700] {dag.py:3239} INFO - Sync 1 DAGs
[2025-02-09T19:24:45.395-0700] {logging_mixin.py:190} INFO - [2025-02-09T19:24:45.395-0700] {dag.py:4180} INFO - Setting next_dagrun for example_python_decorator to None, run_after=None
[2025-02-09T19:24:45.402-0700] {processor.py:208} INFO - Processing /Users/pranithjain/Desktop/DE Project/Apache Airflow Project/venv/lib/python3.10/site-packages/airflow/example_dags/example_python_decorator.py took 0.132 seconds
[2025-02-09T19:27:05.112-0700] {processor.py:186} INFO - Started process (PID=25881) to work on /Users/pranithjain/Desktop/DE Project/Apache Airflow Project/venv/lib/python3.10/site-packages/airflow/example_dags/example_python_decorator.py
[2025-02-09T19:27:05.113-0700] {processor.py:914} INFO - Processing file /Users/pranithjain/Desktop/DE Project/Apache Airflow Project/venv/lib/python3.10/site-packages/airflow/example_dags/example_python_decorator.py for tasks to queue
[2025-02-09T19:27:05.114-0700] {logging_mixin.py:190} INFO - [2025-02-09T19:27:05.114-0700] {dagbag.py:588} INFO - Filling up the DagBag from /Users/pranithjain/Desktop/DE Project/Apache Airflow Project/venv/lib/python3.10/site-packages/airflow/example_dags/example_python_decorator.py
[2025-02-09T19:27:05.132-0700] {processor.py:925} INFO - DAG(s) 'example_python_decorator' retrieved from /Users/pranithjain/Desktop/DE Project/Apache Airflow Project/venv/lib/python3.10/site-packages/airflow/example_dags/example_python_decorator.py
[2025-02-09T19:27:05.232-0700] {logging_mixin.py:190} INFO - [2025-02-09T19:27:05.232-0700] {dag.py:3239} INFO - Sync 1 DAGs
[2025-02-09T19:27:05.236-0700] {logging_mixin.py:190} INFO - [2025-02-09T19:27:05.236-0700] {dag.py:4180} INFO - Setting next_dagrun for example_python_decorator to None, run_after=None
[2025-02-09T19:27:05.244-0700] {processor.py:208} INFO - Processing /Users/pranithjain/Desktop/DE Project/Apache Airflow Project/venv/lib/python3.10/site-packages/airflow/example_dags/example_python_decorator.py took 0.134 seconds
[2025-02-09T19:28:56.825-0700] {processor.py:186} INFO - Started process (PID=26238) to work on /Users/pranithjain/Desktop/DE Project/Apache Airflow Project/venv/lib/python3.10/site-packages/airflow/example_dags/example_python_decorator.py
[2025-02-09T19:28:56.826-0700] {processor.py:914} INFO - Processing file /Users/pranithjain/Desktop/DE Project/Apache Airflow Project/venv/lib/python3.10/site-packages/airflow/example_dags/example_python_decorator.py for tasks to queue
[2025-02-09T19:28:56.827-0700] {logging_mixin.py:190} INFO - [2025-02-09T19:28:56.827-0700] {dagbag.py:588} INFO - Filling up the DagBag from /Users/pranithjain/Desktop/DE Project/Apache Airflow Project/venv/lib/python3.10/site-packages/airflow/example_dags/example_python_decorator.py
[2025-02-09T19:28:56.845-0700] {processor.py:925} INFO - DAG(s) 'example_python_decorator' retrieved from /Users/pranithjain/Desktop/DE Project/Apache Airflow Project/venv/lib/python3.10/site-packages/airflow/example_dags/example_python_decorator.py
[2025-02-09T19:28:56.948-0700] {logging_mixin.py:190} INFO - [2025-02-09T19:28:56.948-0700] {dag.py:3239} INFO - Sync 1 DAGs
[2025-02-09T19:28:56.953-0700] {logging_mixin.py:190} INFO - [2025-02-09T19:28:56.952-0700] {dag.py:4180} INFO - Setting next_dagrun for example_python_decorator to None, run_after=None
[2025-02-09T19:28:56.960-0700] {processor.py:208} INFO - Processing /Users/pranithjain/Desktop/DE Project/Apache Airflow Project/venv/lib/python3.10/site-packages/airflow/example_dags/example_python_decorator.py took 0.137 seconds
