[2025-02-09T18:48:48.371-0700] {processor.py:186} INFO - Started process (PID=18963) to work on /Users/pranithjain/Desktop/DE Project/Apache Airflow Project/venv/lib/python3.10/site-packages/airflow/example_dags/example_dataset_alias.py
[2025-02-09T18:48:48.371-0700] {processor.py:914} INFO - Processing file /Users/pranithjain/Desktop/DE Project/Apache Airflow Project/venv/lib/python3.10/site-packages/airflow/example_dags/example_dataset_alias.py for tasks to queue
[2025-02-09T18:48:48.372-0700] {logging_mixin.py:190} INFO - [2025-02-09T18:48:48.372-0700] {dagbag.py:588} INFO - Filling up the DagBag from /Users/pranithjain/Desktop/DE Project/Apache Airflow Project/venv/lib/python3.10/site-packages/airflow/example_dags/example_dataset_alias.py
[2025-02-09T18:48:48.459-0700] {processor.py:925} INFO - DAG(s) 'dataset_alias_example_alias_producer', 'dataset_s3_bucket_producer', 'dataset_alias_example_alias_consumer', 'dataset_s3_bucket_consumer' retrieved from /Users/pranithjain/Desktop/DE Project/Apache Airflow Project/venv/lib/python3.10/site-packages/airflow/example_dags/example_dataset_alias.py
[2025-02-09T18:48:48.500-0700] {logging_mixin.py:190} INFO - [2025-02-09T18:48:48.500-0700] {override.py:1930} INFO - Created Permission View: can read on DAG:dataset_alias_example_alias_producer
[2025-02-09T18:48:48.503-0700] {logging_mixin.py:190} INFO - [2025-02-09T18:48:48.503-0700] {override.py:1930} INFO - Created Permission View: can edit on DAG:dataset_alias_example_alias_producer
[2025-02-09T18:48:48.505-0700] {logging_mixin.py:190} INFO - [2025-02-09T18:48:48.505-0700] {override.py:1930} INFO - Created Permission View: can delete on DAG:dataset_alias_example_alias_producer
[2025-02-09T18:48:48.508-0700] {logging_mixin.py:190} INFO - [2025-02-09T18:48:48.508-0700] {override.py:1930} INFO - Created Permission View: can read on DAG Run:dataset_alias_example_alias_producer
[2025-02-09T18:48:48.510-0700] {logging_mixin.py:190} INFO - [2025-02-09T18:48:48.510-0700] {override.py:1930} INFO - Created Permission View: menu access on DAG Run:dataset_alias_example_alias_producer
[2025-02-09T18:48:48.512-0700] {logging_mixin.py:190} INFO - [2025-02-09T18:48:48.512-0700] {override.py:1930} INFO - Created Permission View: can delete on DAG Run:dataset_alias_example_alias_producer
[2025-02-09T18:48:48.514-0700] {logging_mixin.py:190} INFO - [2025-02-09T18:48:48.514-0700] {override.py:1930} INFO - Created Permission View: can create on DAG Run:dataset_alias_example_alias_producer
[2025-02-09T18:48:48.518-0700] {logging_mixin.py:190} INFO - [2025-02-09T18:48:48.518-0700] {override.py:1930} INFO - Created Permission View: can read on DAG:dataset_s3_bucket_producer
[2025-02-09T18:48:48.520-0700] {logging_mixin.py:190} INFO - [2025-02-09T18:48:48.520-0700] {override.py:1930} INFO - Created Permission View: can edit on DAG:dataset_s3_bucket_producer
[2025-02-09T18:48:48.522-0700] {logging_mixin.py:190} INFO - [2025-02-09T18:48:48.522-0700] {override.py:1930} INFO - Created Permission View: can delete on DAG:dataset_s3_bucket_producer
[2025-02-09T18:48:48.524-0700] {logging_mixin.py:190} INFO - [2025-02-09T18:48:48.524-0700] {override.py:1930} INFO - Created Permission View: can read on DAG Run:dataset_s3_bucket_producer
[2025-02-09T18:48:48.526-0700] {logging_mixin.py:190} INFO - [2025-02-09T18:48:48.526-0700] {override.py:1930} INFO - Created Permission View: menu access on DAG Run:dataset_s3_bucket_producer
[2025-02-09T18:48:48.528-0700] {logging_mixin.py:190} INFO - [2025-02-09T18:48:48.528-0700] {override.py:1930} INFO - Created Permission View: can delete on DAG Run:dataset_s3_bucket_producer
[2025-02-09T18:48:48.530-0700] {logging_mixin.py:190} INFO - [2025-02-09T18:48:48.530-0700] {override.py:1930} INFO - Created Permission View: can create on DAG Run:dataset_s3_bucket_producer
[2025-02-09T18:48:48.534-0700] {logging_mixin.py:190} INFO - [2025-02-09T18:48:48.534-0700] {override.py:1930} INFO - Created Permission View: can read on DAG:dataset_alias_example_alias_consumer
[2025-02-09T18:48:48.537-0700] {logging_mixin.py:190} INFO - [2025-02-09T18:48:48.537-0700] {override.py:1930} INFO - Created Permission View: can edit on DAG:dataset_alias_example_alias_consumer
[2025-02-09T18:48:48.539-0700] {logging_mixin.py:190} INFO - [2025-02-09T18:48:48.539-0700] {override.py:1930} INFO - Created Permission View: can delete on DAG:dataset_alias_example_alias_consumer
[2025-02-09T18:48:48.542-0700] {logging_mixin.py:190} INFO - [2025-02-09T18:48:48.542-0700] {override.py:1930} INFO - Created Permission View: can read on DAG Run:dataset_alias_example_alias_consumer
[2025-02-09T18:48:48.544-0700] {logging_mixin.py:190} INFO - [2025-02-09T18:48:48.544-0700] {override.py:1930} INFO - Created Permission View: menu access on DAG Run:dataset_alias_example_alias_consumer
[2025-02-09T18:48:48.546-0700] {logging_mixin.py:190} INFO - [2025-02-09T18:48:48.546-0700] {override.py:1930} INFO - Created Permission View: can delete on DAG Run:dataset_alias_example_alias_consumer
[2025-02-09T18:48:48.548-0700] {logging_mixin.py:190} INFO - [2025-02-09T18:48:48.548-0700] {override.py:1930} INFO - Created Permission View: can create on DAG Run:dataset_alias_example_alias_consumer
[2025-02-09T18:48:48.553-0700] {logging_mixin.py:190} INFO - [2025-02-09T18:48:48.553-0700] {override.py:1930} INFO - Created Permission View: can read on DAG:dataset_s3_bucket_consumer
[2025-02-09T18:48:48.555-0700] {logging_mixin.py:190} INFO - [2025-02-09T18:48:48.555-0700] {override.py:1930} INFO - Created Permission View: can edit on DAG:dataset_s3_bucket_consumer
[2025-02-09T18:48:48.557-0700] {logging_mixin.py:190} INFO - [2025-02-09T18:48:48.557-0700] {override.py:1930} INFO - Created Permission View: can delete on DAG:dataset_s3_bucket_consumer
[2025-02-09T18:48:48.560-0700] {logging_mixin.py:190} INFO - [2025-02-09T18:48:48.560-0700] {override.py:1930} INFO - Created Permission View: can read on DAG Run:dataset_s3_bucket_consumer
[2025-02-09T18:48:48.562-0700] {logging_mixin.py:190} INFO - [2025-02-09T18:48:48.562-0700] {override.py:1930} INFO - Created Permission View: menu access on DAG Run:dataset_s3_bucket_consumer
[2025-02-09T18:48:48.564-0700] {logging_mixin.py:190} INFO - [2025-02-09T18:48:48.564-0700] {override.py:1930} INFO - Created Permission View: can delete on DAG Run:dataset_s3_bucket_consumer
[2025-02-09T18:48:48.566-0700] {logging_mixin.py:190} INFO - [2025-02-09T18:48:48.566-0700] {override.py:1930} INFO - Created Permission View: can create on DAG Run:dataset_s3_bucket_consumer
[2025-02-09T18:48:48.566-0700] {logging_mixin.py:190} INFO - [2025-02-09T18:48:48.566-0700] {dag.py:3239} INFO - Sync 4 DAGs
[2025-02-09T18:48:48.572-0700] {logging_mixin.py:190} INFO - [2025-02-09T18:48:48.572-0700] {dag.py:3262} INFO - Creating ORM DAG for dataset_alias_example_alias_producer
[2025-02-09T18:48:48.572-0700] {logging_mixin.py:190} INFO - [2025-02-09T18:48:48.572-0700] {dag.py:3262} INFO - Creating ORM DAG for dataset_alias_example_alias_consumer
[2025-02-09T18:48:48.572-0700] {logging_mixin.py:190} INFO - [2025-02-09T18:48:48.572-0700] {dag.py:3262} INFO - Creating ORM DAG for dataset_s3_bucket_producer
[2025-02-09T18:48:48.572-0700] {logging_mixin.py:190} INFO - [2025-02-09T18:48:48.572-0700] {dag.py:3262} INFO - Creating ORM DAG for dataset_s3_bucket_consumer
[2025-02-09T18:48:48.576-0700] {logging_mixin.py:190} INFO - [2025-02-09T18:48:48.576-0700] {dag.py:4180} INFO - Setting next_dagrun for dataset_alias_example_alias_consumer to None, run_after=None
[2025-02-09T18:48:48.576-0700] {logging_mixin.py:190} INFO - [2025-02-09T18:48:48.576-0700] {dag.py:4180} INFO - Setting next_dagrun for dataset_alias_example_alias_producer to None, run_after=None
[2025-02-09T18:48:48.576-0700] {logging_mixin.py:190} INFO - [2025-02-09T18:48:48.576-0700] {dag.py:4180} INFO - Setting next_dagrun for dataset_s3_bucket_consumer to None, run_after=None
[2025-02-09T18:48:48.576-0700] {logging_mixin.py:190} INFO - [2025-02-09T18:48:48.576-0700] {dag.py:4180} INFO - Setting next_dagrun for dataset_s3_bucket_producer to None, run_after=None
[2025-02-09T18:48:48.768-0700] {processor.py:208} INFO - Processing /Users/pranithjain/Desktop/DE Project/Apache Airflow Project/venv/lib/python3.10/site-packages/airflow/example_dags/example_dataset_alias.py took 0.399 seconds
[2025-02-09T18:51:14.371-0700] {processor.py:186} INFO - Started process (PID=19413) to work on /Users/pranithjain/Desktop/DE Project/Apache Airflow Project/venv/lib/python3.10/site-packages/airflow/example_dags/example_dataset_alias.py
[2025-02-09T18:51:14.373-0700] {processor.py:914} INFO - Processing file /Users/pranithjain/Desktop/DE Project/Apache Airflow Project/venv/lib/python3.10/site-packages/airflow/example_dags/example_dataset_alias.py for tasks to queue
[2025-02-09T18:51:14.373-0700] {logging_mixin.py:190} INFO - [2025-02-09T18:51:14.373-0700] {dagbag.py:588} INFO - Filling up the DagBag from /Users/pranithjain/Desktop/DE Project/Apache Airflow Project/venv/lib/python3.10/site-packages/airflow/example_dags/example_dataset_alias.py
[2025-02-09T18:51:14.464-0700] {processor.py:925} INFO - DAG(s) 'dataset_s3_bucket_producer', 'dataset_s3_bucket_consumer', 'dataset_alias_example_alias_producer', 'dataset_alias_example_alias_consumer' retrieved from /Users/pranithjain/Desktop/DE Project/Apache Airflow Project/venv/lib/python3.10/site-packages/airflow/example_dags/example_dataset_alias.py
[2025-02-09T18:51:14.474-0700] {logging_mixin.py:190} INFO - [2025-02-09T18:51:14.474-0700] {dag.py:3239} INFO - Sync 4 DAGs
[2025-02-09T18:51:14.482-0700] {logging_mixin.py:190} INFO - [2025-02-09T18:51:14.482-0700] {dag.py:4180} INFO - Setting next_dagrun for dataset_alias_example_alias_consumer to None, run_after=None
[2025-02-09T18:51:14.483-0700] {logging_mixin.py:190} INFO - [2025-02-09T18:51:14.482-0700] {dag.py:4180} INFO - Setting next_dagrun for dataset_alias_example_alias_producer to None, run_after=None
[2025-02-09T18:51:14.483-0700] {logging_mixin.py:190} INFO - [2025-02-09T18:51:14.483-0700] {dag.py:4180} INFO - Setting next_dagrun for dataset_s3_bucket_consumer to None, run_after=None
[2025-02-09T18:51:14.483-0700] {logging_mixin.py:190} INFO - [2025-02-09T18:51:14.483-0700] {dag.py:4180} INFO - Setting next_dagrun for dataset_s3_bucket_producer to None, run_after=None
[2025-02-09T18:51:14.492-0700] {processor.py:208} INFO - Processing /Users/pranithjain/Desktop/DE Project/Apache Airflow Project/venv/lib/python3.10/site-packages/airflow/example_dags/example_dataset_alias.py took 0.123 seconds
[2025-02-09T18:53:56.217-0700] {processor.py:186} INFO - Started process (PID=19928) to work on /Users/pranithjain/Desktop/DE Project/Apache Airflow Project/venv/lib/python3.10/site-packages/airflow/example_dags/example_dataset_alias.py
[2025-02-09T18:53:56.219-0700] {processor.py:914} INFO - Processing file /Users/pranithjain/Desktop/DE Project/Apache Airflow Project/venv/lib/python3.10/site-packages/airflow/example_dags/example_dataset_alias.py for tasks to queue
[2025-02-09T18:53:56.219-0700] {logging_mixin.py:190} INFO - [2025-02-09T18:53:56.219-0700] {dagbag.py:588} INFO - Filling up the DagBag from /Users/pranithjain/Desktop/DE Project/Apache Airflow Project/venv/lib/python3.10/site-packages/airflow/example_dags/example_dataset_alias.py
[2025-02-09T18:53:56.317-0700] {processor.py:925} INFO - DAG(s) 'dataset_s3_bucket_producer', 'dataset_s3_bucket_consumer', 'dataset_alias_example_alias_consumer', 'dataset_alias_example_alias_producer' retrieved from /Users/pranithjain/Desktop/DE Project/Apache Airflow Project/venv/lib/python3.10/site-packages/airflow/example_dags/example_dataset_alias.py
[2025-02-09T18:53:56.328-0700] {logging_mixin.py:190} INFO - [2025-02-09T18:53:56.328-0700] {dag.py:3239} INFO - Sync 4 DAGs
[2025-02-09T18:53:56.338-0700] {logging_mixin.py:190} INFO - [2025-02-09T18:53:56.338-0700] {dag.py:4180} INFO - Setting next_dagrun for dataset_alias_example_alias_consumer to None, run_after=None
[2025-02-09T18:53:56.339-0700] {logging_mixin.py:190} INFO - [2025-02-09T18:53:56.339-0700] {dag.py:4180} INFO - Setting next_dagrun for dataset_alias_example_alias_producer to None, run_after=None
[2025-02-09T18:53:56.340-0700] {logging_mixin.py:190} INFO - [2025-02-09T18:53:56.340-0700] {dag.py:4180} INFO - Setting next_dagrun for dataset_s3_bucket_consumer to None, run_after=None
[2025-02-09T18:53:56.340-0700] {logging_mixin.py:190} INFO - [2025-02-09T18:53:56.340-0700] {dag.py:4180} INFO - Setting next_dagrun for dataset_s3_bucket_producer to None, run_after=None
[2025-02-09T18:53:56.349-0700] {processor.py:208} INFO - Processing /Users/pranithjain/Desktop/DE Project/Apache Airflow Project/venv/lib/python3.10/site-packages/airflow/example_dags/example_dataset_alias.py took 0.134 seconds
[2025-02-09T18:56:20.337-0700] {processor.py:186} INFO - Started process (PID=20374) to work on /Users/pranithjain/Desktop/DE Project/Apache Airflow Project/venv/lib/python3.10/site-packages/airflow/example_dags/example_dataset_alias.py
[2025-02-09T18:56:20.338-0700] {processor.py:914} INFO - Processing file /Users/pranithjain/Desktop/DE Project/Apache Airflow Project/venv/lib/python3.10/site-packages/airflow/example_dags/example_dataset_alias.py for tasks to queue
[2025-02-09T18:56:20.338-0700] {logging_mixin.py:190} INFO - [2025-02-09T18:56:20.338-0700] {dagbag.py:588} INFO - Filling up the DagBag from /Users/pranithjain/Desktop/DE Project/Apache Airflow Project/venv/lib/python3.10/site-packages/airflow/example_dags/example_dataset_alias.py
[2025-02-09T18:56:20.434-0700] {processor.py:925} INFO - DAG(s) 'dataset_s3_bucket_producer', 'dataset_alias_example_alias_consumer', 'dataset_s3_bucket_consumer', 'dataset_alias_example_alias_producer' retrieved from /Users/pranithjain/Desktop/DE Project/Apache Airflow Project/venv/lib/python3.10/site-packages/airflow/example_dags/example_dataset_alias.py
[2025-02-09T18:56:20.443-0700] {logging_mixin.py:190} INFO - [2025-02-09T18:56:20.443-0700] {dag.py:3239} INFO - Sync 4 DAGs
[2025-02-09T18:56:20.451-0700] {logging_mixin.py:190} INFO - [2025-02-09T18:56:20.451-0700] {dag.py:4180} INFO - Setting next_dagrun for dataset_alias_example_alias_consumer to None, run_after=None
[2025-02-09T18:56:20.451-0700] {logging_mixin.py:190} INFO - [2025-02-09T18:56:20.451-0700] {dag.py:4180} INFO - Setting next_dagrun for dataset_alias_example_alias_producer to None, run_after=None
[2025-02-09T18:56:20.452-0700] {logging_mixin.py:190} INFO - [2025-02-09T18:56:20.452-0700] {dag.py:4180} INFO - Setting next_dagrun for dataset_s3_bucket_consumer to None, run_after=None
[2025-02-09T18:56:20.452-0700] {logging_mixin.py:190} INFO - [2025-02-09T18:56:20.452-0700] {dag.py:4180} INFO - Setting next_dagrun for dataset_s3_bucket_producer to None, run_after=None
[2025-02-09T18:56:20.460-0700] {processor.py:208} INFO - Processing /Users/pranithjain/Desktop/DE Project/Apache Airflow Project/venv/lib/python3.10/site-packages/airflow/example_dags/example_dataset_alias.py took 0.124 seconds
[2025-02-09T18:58:43.377-0700] {processor.py:186} INFO - Started process (PID=20814) to work on /Users/pranithjain/Desktop/DE Project/Apache Airflow Project/venv/lib/python3.10/site-packages/airflow/example_dags/example_dataset_alias.py
[2025-02-09T18:58:43.377-0700] {processor.py:914} INFO - Processing file /Users/pranithjain/Desktop/DE Project/Apache Airflow Project/venv/lib/python3.10/site-packages/airflow/example_dags/example_dataset_alias.py for tasks to queue
[2025-02-09T18:58:43.378-0700] {logging_mixin.py:190} INFO - [2025-02-09T18:58:43.378-0700] {dagbag.py:588} INFO - Filling up the DagBag from /Users/pranithjain/Desktop/DE Project/Apache Airflow Project/venv/lib/python3.10/site-packages/airflow/example_dags/example_dataset_alias.py
[2025-02-09T18:58:43.467-0700] {processor.py:925} INFO - DAG(s) 'dataset_s3_bucket_producer', 'dataset_alias_example_alias_producer', 'dataset_alias_example_alias_consumer', 'dataset_s3_bucket_consumer' retrieved from /Users/pranithjain/Desktop/DE Project/Apache Airflow Project/venv/lib/python3.10/site-packages/airflow/example_dags/example_dataset_alias.py
[2025-02-09T18:58:43.478-0700] {logging_mixin.py:190} INFO - [2025-02-09T18:58:43.478-0700] {dag.py:3239} INFO - Sync 4 DAGs
[2025-02-09T18:58:43.485-0700] {logging_mixin.py:190} INFO - [2025-02-09T18:58:43.485-0700] {dag.py:4180} INFO - Setting next_dagrun for dataset_alias_example_alias_consumer to None, run_after=None
[2025-02-09T18:58:43.486-0700] {logging_mixin.py:190} INFO - [2025-02-09T18:58:43.486-0700] {dag.py:4180} INFO - Setting next_dagrun for dataset_alias_example_alias_producer to None, run_after=None
[2025-02-09T18:58:43.486-0700] {logging_mixin.py:190} INFO - [2025-02-09T18:58:43.486-0700] {dag.py:4180} INFO - Setting next_dagrun for dataset_s3_bucket_consumer to None, run_after=None
[2025-02-09T18:58:43.487-0700] {logging_mixin.py:190} INFO - [2025-02-09T18:58:43.487-0700] {dag.py:4180} INFO - Setting next_dagrun for dataset_s3_bucket_producer to None, run_after=None
[2025-02-09T18:58:43.495-0700] {processor.py:208} INFO - Processing /Users/pranithjain/Desktop/DE Project/Apache Airflow Project/venv/lib/python3.10/site-packages/airflow/example_dags/example_dataset_alias.py took 0.120 seconds
[2025-02-09T19:07:29.865-0700] {processor.py:186} INFO - Started process (PID=22101) to work on /Users/pranithjain/Desktop/DE Project/Apache Airflow Project/venv/lib/python3.10/site-packages/airflow/example_dags/example_dataset_alias.py
[2025-02-09T19:07:29.866-0700] {processor.py:914} INFO - Processing file /Users/pranithjain/Desktop/DE Project/Apache Airflow Project/venv/lib/python3.10/site-packages/airflow/example_dags/example_dataset_alias.py for tasks to queue
[2025-02-09T19:07:29.866-0700] {logging_mixin.py:190} INFO - [2025-02-09T19:07:29.866-0700] {dagbag.py:588} INFO - Filling up the DagBag from /Users/pranithjain/Desktop/DE Project/Apache Airflow Project/venv/lib/python3.10/site-packages/airflow/example_dags/example_dataset_alias.py
[2025-02-09T19:07:29.955-0700] {processor.py:925} INFO - DAG(s) 'dataset_alias_example_alias_consumer', 'dataset_s3_bucket_producer', 'dataset_alias_example_alias_producer', 'dataset_s3_bucket_consumer' retrieved from /Users/pranithjain/Desktop/DE Project/Apache Airflow Project/venv/lib/python3.10/site-packages/airflow/example_dags/example_dataset_alias.py
[2025-02-09T19:07:29.964-0700] {logging_mixin.py:190} INFO - [2025-02-09T19:07:29.964-0700] {dag.py:3239} INFO - Sync 4 DAGs
[2025-02-09T19:07:29.971-0700] {logging_mixin.py:190} INFO - [2025-02-09T19:07:29.971-0700] {dag.py:4180} INFO - Setting next_dagrun for dataset_alias_example_alias_consumer to None, run_after=None
[2025-02-09T19:07:29.972-0700] {logging_mixin.py:190} INFO - [2025-02-09T19:07:29.972-0700] {dag.py:4180} INFO - Setting next_dagrun for dataset_alias_example_alias_producer to None, run_after=None
[2025-02-09T19:07:29.972-0700] {logging_mixin.py:190} INFO - [2025-02-09T19:07:29.972-0700] {dag.py:4180} INFO - Setting next_dagrun for dataset_s3_bucket_consumer to None, run_after=None
[2025-02-09T19:07:29.973-0700] {logging_mixin.py:190} INFO - [2025-02-09T19:07:29.973-0700] {dag.py:4180} INFO - Setting next_dagrun for dataset_s3_bucket_producer to None, run_after=None
[2025-02-09T19:07:29.980-0700] {processor.py:208} INFO - Processing /Users/pranithjain/Desktop/DE Project/Apache Airflow Project/venv/lib/python3.10/site-packages/airflow/example_dags/example_dataset_alias.py took 0.117 seconds
[2025-02-09T19:09:50.613-0700] {processor.py:186} INFO - Started process (PID=22536) to work on /Users/pranithjain/Desktop/DE Project/Apache Airflow Project/venv/lib/python3.10/site-packages/airflow/example_dags/example_dataset_alias.py
[2025-02-09T19:09:50.614-0700] {processor.py:914} INFO - Processing file /Users/pranithjain/Desktop/DE Project/Apache Airflow Project/venv/lib/python3.10/site-packages/airflow/example_dags/example_dataset_alias.py for tasks to queue
[2025-02-09T19:09:50.614-0700] {logging_mixin.py:190} INFO - [2025-02-09T19:09:50.614-0700] {dagbag.py:588} INFO - Filling up the DagBag from /Users/pranithjain/Desktop/DE Project/Apache Airflow Project/venv/lib/python3.10/site-packages/airflow/example_dags/example_dataset_alias.py
[2025-02-09T19:09:50.703-0700] {processor.py:925} INFO - DAG(s) 'dataset_alias_example_alias_consumer', 'dataset_s3_bucket_consumer', 'dataset_alias_example_alias_producer', 'dataset_s3_bucket_producer' retrieved from /Users/pranithjain/Desktop/DE Project/Apache Airflow Project/venv/lib/python3.10/site-packages/airflow/example_dags/example_dataset_alias.py
[2025-02-09T19:09:50.760-0700] {logging_mixin.py:190} INFO - [2025-02-09T19:09:50.760-0700] {dag.py:3239} INFO - Sync 4 DAGs
[2025-02-09T19:09:50.768-0700] {logging_mixin.py:190} INFO - [2025-02-09T19:09:50.768-0700] {dag.py:4180} INFO - Setting next_dagrun for dataset_alias_example_alias_consumer to None, run_after=None
[2025-02-09T19:09:50.769-0700] {logging_mixin.py:190} INFO - [2025-02-09T19:09:50.768-0700] {dag.py:4180} INFO - Setting next_dagrun for dataset_alias_example_alias_producer to None, run_after=None
[2025-02-09T19:09:50.769-0700] {logging_mixin.py:190} INFO - [2025-02-09T19:09:50.769-0700] {dag.py:4180} INFO - Setting next_dagrun for dataset_s3_bucket_consumer to None, run_after=None
[2025-02-09T19:09:50.769-0700] {logging_mixin.py:190} INFO - [2025-02-09T19:09:50.769-0700] {dag.py:4180} INFO - Setting next_dagrun for dataset_s3_bucket_producer to None, run_after=None
[2025-02-09T19:09:50.778-0700] {processor.py:208} INFO - Processing /Users/pranithjain/Desktop/DE Project/Apache Airflow Project/venv/lib/python3.10/site-packages/airflow/example_dags/example_dataset_alias.py took 0.166 seconds
[2025-02-09T19:14:02.245-0700] {processor.py:186} INFO - Started process (PID=23261) to work on /Users/pranithjain/Desktop/DE Project/Apache Airflow Project/venv/lib/python3.10/site-packages/airflow/example_dags/example_dataset_alias.py
[2025-02-09T19:14:02.246-0700] {processor.py:914} INFO - Processing file /Users/pranithjain/Desktop/DE Project/Apache Airflow Project/venv/lib/python3.10/site-packages/airflow/example_dags/example_dataset_alias.py for tasks to queue
[2025-02-09T19:14:02.246-0700] {logging_mixin.py:190} INFO - [2025-02-09T19:14:02.246-0700] {dagbag.py:588} INFO - Filling up the DagBag from /Users/pranithjain/Desktop/DE Project/Apache Airflow Project/venv/lib/python3.10/site-packages/airflow/example_dags/example_dataset_alias.py
[2025-02-09T19:14:02.376-0700] {processor.py:925} INFO - DAG(s) 'dataset_s3_bucket_producer', 'dataset_s3_bucket_consumer', 'dataset_alias_example_alias_consumer', 'dataset_alias_example_alias_producer' retrieved from /Users/pranithjain/Desktop/DE Project/Apache Airflow Project/venv/lib/python3.10/site-packages/airflow/example_dags/example_dataset_alias.py
[2025-02-09T19:14:02.384-0700] {logging_mixin.py:190} INFO - [2025-02-09T19:14:02.384-0700] {dag.py:3239} INFO - Sync 4 DAGs
[2025-02-09T19:14:02.391-0700] {logging_mixin.py:190} INFO - [2025-02-09T19:14:02.391-0700] {dag.py:4180} INFO - Setting next_dagrun for dataset_alias_example_alias_consumer to None, run_after=None
[2025-02-09T19:14:02.392-0700] {logging_mixin.py:190} INFO - [2025-02-09T19:14:02.392-0700] {dag.py:4180} INFO - Setting next_dagrun for dataset_alias_example_alias_producer to None, run_after=None
[2025-02-09T19:14:02.392-0700] {logging_mixin.py:190} INFO - [2025-02-09T19:14:02.392-0700] {dag.py:4180} INFO - Setting next_dagrun for dataset_s3_bucket_consumer to None, run_after=None
[2025-02-09T19:14:02.393-0700] {logging_mixin.py:190} INFO - [2025-02-09T19:14:02.392-0700] {dag.py:4180} INFO - Setting next_dagrun for dataset_s3_bucket_producer to None, run_after=None
[2025-02-09T19:14:02.400-0700] {processor.py:208} INFO - Processing /Users/pranithjain/Desktop/DE Project/Apache Airflow Project/venv/lib/python3.10/site-packages/airflow/example_dags/example_dataset_alias.py took 0.157 seconds
[2025-02-09T19:16:20.931-0700] {processor.py:186} INFO - Started process (PID=23689) to work on /Users/pranithjain/Desktop/DE Project/Apache Airflow Project/venv/lib/python3.10/site-packages/airflow/example_dags/example_dataset_alias.py
[2025-02-09T19:16:20.932-0700] {processor.py:914} INFO - Processing file /Users/pranithjain/Desktop/DE Project/Apache Airflow Project/venv/lib/python3.10/site-packages/airflow/example_dags/example_dataset_alias.py for tasks to queue
[2025-02-09T19:16:20.932-0700] {logging_mixin.py:190} INFO - [2025-02-09T19:16:20.932-0700] {dagbag.py:588} INFO - Filling up the DagBag from /Users/pranithjain/Desktop/DE Project/Apache Airflow Project/venv/lib/python3.10/site-packages/airflow/example_dags/example_dataset_alias.py
[2025-02-09T19:16:21.065-0700] {processor.py:925} INFO - DAG(s) 'dataset_alias_example_alias_producer', 'dataset_s3_bucket_producer', 'dataset_alias_example_alias_consumer', 'dataset_s3_bucket_consumer' retrieved from /Users/pranithjain/Desktop/DE Project/Apache Airflow Project/venv/lib/python3.10/site-packages/airflow/example_dags/example_dataset_alias.py
[2025-02-09T19:16:21.073-0700] {logging_mixin.py:190} INFO - [2025-02-09T19:16:21.073-0700] {dag.py:3239} INFO - Sync 4 DAGs
[2025-02-09T19:16:21.081-0700] {logging_mixin.py:190} INFO - [2025-02-09T19:16:21.081-0700] {dag.py:4180} INFO - Setting next_dagrun for dataset_alias_example_alias_consumer to None, run_after=None
[2025-02-09T19:16:21.081-0700] {logging_mixin.py:190} INFO - [2025-02-09T19:16:21.081-0700] {dag.py:4180} INFO - Setting next_dagrun for dataset_alias_example_alias_producer to None, run_after=None
[2025-02-09T19:16:21.082-0700] {logging_mixin.py:190} INFO - [2025-02-09T19:16:21.082-0700] {dag.py:4180} INFO - Setting next_dagrun for dataset_s3_bucket_consumer to None, run_after=None
[2025-02-09T19:16:21.082-0700] {logging_mixin.py:190} INFO - [2025-02-09T19:16:21.082-0700] {dag.py:4180} INFO - Setting next_dagrun for dataset_s3_bucket_producer to None, run_after=None
[2025-02-09T19:16:21.090-0700] {processor.py:208} INFO - Processing /Users/pranithjain/Desktop/DE Project/Apache Airflow Project/venv/lib/python3.10/site-packages/airflow/example_dags/example_dataset_alias.py took 0.161 seconds
[2025-02-09T19:18:48.027-0700] {processor.py:186} INFO - Started process (PID=24135) to work on /Users/pranithjain/Desktop/DE Project/Apache Airflow Project/venv/lib/python3.10/site-packages/airflow/example_dags/example_dataset_alias.py
[2025-02-09T19:18:48.028-0700] {processor.py:914} INFO - Processing file /Users/pranithjain/Desktop/DE Project/Apache Airflow Project/venv/lib/python3.10/site-packages/airflow/example_dags/example_dataset_alias.py for tasks to queue
[2025-02-09T19:18:48.028-0700] {logging_mixin.py:190} INFO - [2025-02-09T19:18:48.028-0700] {dagbag.py:588} INFO - Filling up the DagBag from /Users/pranithjain/Desktop/DE Project/Apache Airflow Project/venv/lib/python3.10/site-packages/airflow/example_dags/example_dataset_alias.py
[2025-02-09T19:18:48.178-0700] {processor.py:925} INFO - DAG(s) 'dataset_alias_example_alias_producer', 'dataset_s3_bucket_consumer', 'dataset_alias_example_alias_consumer', 'dataset_s3_bucket_producer' retrieved from /Users/pranithjain/Desktop/DE Project/Apache Airflow Project/venv/lib/python3.10/site-packages/airflow/example_dags/example_dataset_alias.py
[2025-02-09T19:18:48.187-0700] {logging_mixin.py:190} INFO - [2025-02-09T19:18:48.187-0700] {dag.py:3239} INFO - Sync 4 DAGs
[2025-02-09T19:18:48.198-0700] {logging_mixin.py:190} INFO - [2025-02-09T19:18:48.198-0700] {dag.py:4180} INFO - Setting next_dagrun for dataset_alias_example_alias_consumer to None, run_after=None
[2025-02-09T19:18:48.199-0700] {logging_mixin.py:190} INFO - [2025-02-09T19:18:48.199-0700] {dag.py:4180} INFO - Setting next_dagrun for dataset_alias_example_alias_producer to None, run_after=None
[2025-02-09T19:18:48.200-0700] {logging_mixin.py:190} INFO - [2025-02-09T19:18:48.199-0700] {dag.py:4180} INFO - Setting next_dagrun for dataset_s3_bucket_consumer to None, run_after=None
[2025-02-09T19:18:48.200-0700] {logging_mixin.py:190} INFO - [2025-02-09T19:18:48.200-0700] {dag.py:4180} INFO - Setting next_dagrun for dataset_s3_bucket_producer to None, run_after=None
[2025-02-09T19:18:48.209-0700] {processor.py:208} INFO - Processing /Users/pranithjain/Desktop/DE Project/Apache Airflow Project/venv/lib/python3.10/site-packages/airflow/example_dags/example_dataset_alias.py took 0.184 seconds
[2025-02-09T19:21:13.673-0700] {processor.py:186} INFO - Started process (PID=24578) to work on /Users/pranithjain/Desktop/DE Project/Apache Airflow Project/venv/lib/python3.10/site-packages/airflow/example_dags/example_dataset_alias.py
[2025-02-09T19:21:13.674-0700] {processor.py:914} INFO - Processing file /Users/pranithjain/Desktop/DE Project/Apache Airflow Project/venv/lib/python3.10/site-packages/airflow/example_dags/example_dataset_alias.py for tasks to queue
[2025-02-09T19:21:13.674-0700] {logging_mixin.py:190} INFO - [2025-02-09T19:21:13.674-0700] {dagbag.py:588} INFO - Filling up the DagBag from /Users/pranithjain/Desktop/DE Project/Apache Airflow Project/venv/lib/python3.10/site-packages/airflow/example_dags/example_dataset_alias.py
[2025-02-09T19:21:13.808-0700] {processor.py:925} INFO - DAG(s) 'dataset_alias_example_alias_consumer', 'dataset_s3_bucket_producer', 'dataset_s3_bucket_consumer', 'dataset_alias_example_alias_producer' retrieved from /Users/pranithjain/Desktop/DE Project/Apache Airflow Project/venv/lib/python3.10/site-packages/airflow/example_dags/example_dataset_alias.py
[2025-02-09T19:21:13.816-0700] {logging_mixin.py:190} INFO - [2025-02-09T19:21:13.816-0700] {dag.py:3239} INFO - Sync 4 DAGs
[2025-02-09T19:21:13.824-0700] {logging_mixin.py:190} INFO - [2025-02-09T19:21:13.824-0700] {dag.py:4180} INFO - Setting next_dagrun for dataset_alias_example_alias_consumer to None, run_after=None
[2025-02-09T19:21:13.825-0700] {logging_mixin.py:190} INFO - [2025-02-09T19:21:13.825-0700] {dag.py:4180} INFO - Setting next_dagrun for dataset_alias_example_alias_producer to None, run_after=None
[2025-02-09T19:21:13.825-0700] {logging_mixin.py:190} INFO - [2025-02-09T19:21:13.825-0700] {dag.py:4180} INFO - Setting next_dagrun for dataset_s3_bucket_consumer to None, run_after=None
[2025-02-09T19:21:13.826-0700] {logging_mixin.py:190} INFO - [2025-02-09T19:21:13.826-0700] {dag.py:4180} INFO - Setting next_dagrun for dataset_s3_bucket_producer to None, run_after=None
[2025-02-09T19:21:13.834-0700] {processor.py:208} INFO - Processing /Users/pranithjain/Desktop/DE Project/Apache Airflow Project/venv/lib/python3.10/site-packages/airflow/example_dags/example_dataset_alias.py took 0.162 seconds
[2025-02-09T19:23:38.792-0700] {processor.py:186} INFO - Started process (PID=25113) to work on /Users/pranithjain/Desktop/DE Project/Apache Airflow Project/venv/lib/python3.10/site-packages/airflow/example_dags/example_dataset_alias.py
[2025-02-09T19:23:38.792-0700] {processor.py:914} INFO - Processing file /Users/pranithjain/Desktop/DE Project/Apache Airflow Project/venv/lib/python3.10/site-packages/airflow/example_dags/example_dataset_alias.py for tasks to queue
[2025-02-09T19:23:38.793-0700] {logging_mixin.py:190} INFO - [2025-02-09T19:23:38.792-0700] {dagbag.py:588} INFO - Filling up the DagBag from /Users/pranithjain/Desktop/DE Project/Apache Airflow Project/venv/lib/python3.10/site-packages/airflow/example_dags/example_dataset_alias.py
[2025-02-09T19:23:38.921-0700] {processor.py:925} INFO - DAG(s) 'dataset_s3_bucket_consumer', 'dataset_alias_example_alias_producer', 'dataset_s3_bucket_producer', 'dataset_alias_example_alias_consumer' retrieved from /Users/pranithjain/Desktop/DE Project/Apache Airflow Project/venv/lib/python3.10/site-packages/airflow/example_dags/example_dataset_alias.py
[2025-02-09T19:23:38.929-0700] {logging_mixin.py:190} INFO - [2025-02-09T19:23:38.929-0700] {dag.py:3239} INFO - Sync 4 DAGs
[2025-02-09T19:23:38.937-0700] {logging_mixin.py:190} INFO - [2025-02-09T19:23:38.937-0700] {dag.py:4180} INFO - Setting next_dagrun for dataset_alias_example_alias_consumer to None, run_after=None
[2025-02-09T19:23:38.938-0700] {logging_mixin.py:190} INFO - [2025-02-09T19:23:38.937-0700] {dag.py:4180} INFO - Setting next_dagrun for dataset_alias_example_alias_producer to None, run_after=None
[2025-02-09T19:23:38.938-0700] {logging_mixin.py:190} INFO - [2025-02-09T19:23:38.938-0700] {dag.py:4180} INFO - Setting next_dagrun for dataset_s3_bucket_consumer to None, run_after=None
[2025-02-09T19:23:38.938-0700] {logging_mixin.py:190} INFO - [2025-02-09T19:23:38.938-0700] {dag.py:4180} INFO - Setting next_dagrun for dataset_s3_bucket_producer to None, run_after=None
[2025-02-09T19:23:38.946-0700] {processor.py:208} INFO - Processing /Users/pranithjain/Desktop/DE Project/Apache Airflow Project/venv/lib/python3.10/site-packages/airflow/example_dags/example_dataset_alias.py took 0.156 seconds
[2025-02-09T19:25:52.695-0700] {processor.py:186} INFO - Started process (PID=25529) to work on /Users/pranithjain/Desktop/DE Project/Apache Airflow Project/venv/lib/python3.10/site-packages/airflow/example_dags/example_dataset_alias.py
[2025-02-09T19:25:52.696-0700] {processor.py:914} INFO - Processing file /Users/pranithjain/Desktop/DE Project/Apache Airflow Project/venv/lib/python3.10/site-packages/airflow/example_dags/example_dataset_alias.py for tasks to queue
[2025-02-09T19:25:52.696-0700] {logging_mixin.py:190} INFO - [2025-02-09T19:25:52.696-0700] {dagbag.py:588} INFO - Filling up the DagBag from /Users/pranithjain/Desktop/DE Project/Apache Airflow Project/venv/lib/python3.10/site-packages/airflow/example_dags/example_dataset_alias.py
[2025-02-09T19:25:52.831-0700] {processor.py:925} INFO - DAG(s) 'dataset_alias_example_alias_producer', 'dataset_s3_bucket_producer', 'dataset_alias_example_alias_consumer', 'dataset_s3_bucket_consumer' retrieved from /Users/pranithjain/Desktop/DE Project/Apache Airflow Project/venv/lib/python3.10/site-packages/airflow/example_dags/example_dataset_alias.py
[2025-02-09T19:25:52.839-0700] {logging_mixin.py:190} INFO - [2025-02-09T19:25:52.839-0700] {dag.py:3239} INFO - Sync 4 DAGs
[2025-02-09T19:25:52.846-0700] {logging_mixin.py:190} INFO - [2025-02-09T19:25:52.846-0700] {dag.py:4180} INFO - Setting next_dagrun for dataset_alias_example_alias_consumer to None, run_after=None
[2025-02-09T19:25:52.847-0700] {logging_mixin.py:190} INFO - [2025-02-09T19:25:52.847-0700] {dag.py:4180} INFO - Setting next_dagrun for dataset_alias_example_alias_producer to None, run_after=None
[2025-02-09T19:25:52.848-0700] {logging_mixin.py:190} INFO - [2025-02-09T19:25:52.848-0700] {dag.py:4180} INFO - Setting next_dagrun for dataset_s3_bucket_consumer to None, run_after=None
[2025-02-09T19:25:52.848-0700] {logging_mixin.py:190} INFO - [2025-02-09T19:25:52.848-0700] {dag.py:4180} INFO - Setting next_dagrun for dataset_s3_bucket_producer to None, run_after=None
[2025-02-09T19:25:52.856-0700] {processor.py:208} INFO - Processing /Users/pranithjain/Desktop/DE Project/Apache Airflow Project/venv/lib/python3.10/site-packages/airflow/example_dags/example_dataset_alias.py took 0.162 seconds
