[2025-02-09T18:47:51.062-0700] {processor.py:186} INFO - Started process (PID=18712) to work on /Users/pranithjain/Desktop/DE Project/Apache Airflow Project/venv/lib/python3.10/site-packages/airflow/example_dags/example_trigger_target_dag.py
[2025-02-09T18:47:51.063-0700] {processor.py:914} INFO - Processing file /Users/pranithjain/Desktop/DE Project/Apache Airflow Project/venv/lib/python3.10/site-packages/airflow/example_dags/example_trigger_target_dag.py for tasks to queue
[2025-02-09T18:47:51.063-0700] {logging_mixin.py:190} INFO - [2025-02-09T18:47:51.063-0700] {dagbag.py:588} INFO - Filling up the DagBag from /Users/pranithjain/Desktop/DE Project/Apache Airflow Project/venv/lib/python3.10/site-packages/airflow/example_dags/example_trigger_target_dag.py
[2025-02-09T18:47:51.078-0700] {processor.py:925} INFO - DAG(s) 'example_trigger_target_dag' retrieved from /Users/pranithjain/Desktop/DE Project/Apache Airflow Project/venv/lib/python3.10/site-packages/airflow/example_dags/example_trigger_target_dag.py
[2025-02-09T18:47:51.187-0700] {logging_mixin.py:190} INFO - [2025-02-09T18:47:51.187-0700] {override.py:1930} INFO - Created Permission View: can read on DAG:example_trigger_target_dag
[2025-02-09T18:47:51.191-0700] {logging_mixin.py:190} INFO - [2025-02-09T18:47:51.191-0700] {override.py:1930} INFO - Created Permission View: can edit on DAG:example_trigger_target_dag
[2025-02-09T18:47:51.193-0700] {logging_mixin.py:190} INFO - [2025-02-09T18:47:51.193-0700] {override.py:1930} INFO - Created Permission View: can delete on DAG:example_trigger_target_dag
[2025-02-09T18:47:51.196-0700] {logging_mixin.py:190} INFO - [2025-02-09T18:47:51.196-0700] {override.py:1930} INFO - Created Permission View: can read on DAG Run:example_trigger_target_dag
[2025-02-09T18:47:51.198-0700] {logging_mixin.py:190} INFO - [2025-02-09T18:47:51.198-0700] {override.py:1930} INFO - Created Permission View: can delete on DAG Run:example_trigger_target_dag
[2025-02-09T18:47:51.200-0700] {logging_mixin.py:190} INFO - [2025-02-09T18:47:51.200-0700] {override.py:1930} INFO - Created Permission View: menu access on DAG Run:example_trigger_target_dag
[2025-02-09T18:47:51.203-0700] {logging_mixin.py:190} INFO - [2025-02-09T18:47:51.202-0700] {override.py:1930} INFO - Created Permission View: can create on DAG Run:example_trigger_target_dag
[2025-02-09T18:47:51.203-0700] {logging_mixin.py:190} INFO - [2025-02-09T18:47:51.203-0700] {dag.py:3239} INFO - Sync 1 DAGs
[2025-02-09T18:47:51.208-0700] {logging_mixin.py:190} INFO - [2025-02-09T18:47:51.207-0700] {dag.py:3262} INFO - Creating ORM DAG for example_trigger_target_dag
[2025-02-09T18:47:51.208-0700] {logging_mixin.py:190} INFO - [2025-02-09T18:47:51.208-0700] {dag.py:4180} INFO - Setting next_dagrun for example_trigger_target_dag to None, run_after=None
[2025-02-09T18:47:51.215-0700] {processor.py:208} INFO - Processing /Users/pranithjain/Desktop/DE Project/Apache Airflow Project/venv/lib/python3.10/site-packages/airflow/example_dags/example_trigger_target_dag.py took 0.155 seconds
[2025-02-09T18:49:33.997-0700] {processor.py:186} INFO - Started process (PID=19104) to work on /Users/pranithjain/Desktop/DE Project/Apache Airflow Project/venv/lib/python3.10/site-packages/airflow/example_dags/example_trigger_target_dag.py
[2025-02-09T18:49:33.998-0700] {processor.py:914} INFO - Processing file /Users/pranithjain/Desktop/DE Project/Apache Airflow Project/venv/lib/python3.10/site-packages/airflow/example_dags/example_trigger_target_dag.py for tasks to queue
[2025-02-09T18:49:33.998-0700] {logging_mixin.py:190} INFO - [2025-02-09T18:49:33.998-0700] {dagbag.py:588} INFO - Filling up the DagBag from /Users/pranithjain/Desktop/DE Project/Apache Airflow Project/venv/lib/python3.10/site-packages/airflow/example_dags/example_trigger_target_dag.py
[2025-02-09T18:49:34.014-0700] {processor.py:925} INFO - DAG(s) 'example_trigger_target_dag' retrieved from /Users/pranithjain/Desktop/DE Project/Apache Airflow Project/venv/lib/python3.10/site-packages/airflow/example_dags/example_trigger_target_dag.py
[2025-02-09T18:49:34.079-0700] {logging_mixin.py:190} INFO - [2025-02-09T18:49:34.079-0700] {dag.py:3239} INFO - Sync 1 DAGs
[2025-02-09T18:49:34.083-0700] {logging_mixin.py:190} INFO - [2025-02-09T18:49:34.083-0700] {dag.py:4180} INFO - Setting next_dagrun for example_trigger_target_dag to None, run_after=None
[2025-02-09T18:49:34.090-0700] {processor.py:208} INFO - Processing /Users/pranithjain/Desktop/DE Project/Apache Airflow Project/venv/lib/python3.10/site-packages/airflow/example_dags/example_trigger_target_dag.py took 0.095 seconds
[2025-02-09T18:50:47.734-0700] {processor.py:186} INFO - Started process (PID=19334) to work on /Users/pranithjain/Desktop/DE Project/Apache Airflow Project/venv/lib/python3.10/site-packages/airflow/example_dags/example_trigger_target_dag.py
[2025-02-09T18:50:47.735-0700] {processor.py:914} INFO - Processing file /Users/pranithjain/Desktop/DE Project/Apache Airflow Project/venv/lib/python3.10/site-packages/airflow/example_dags/example_trigger_target_dag.py for tasks to queue
[2025-02-09T18:50:47.736-0700] {logging_mixin.py:190} INFO - [2025-02-09T18:50:47.736-0700] {dagbag.py:588} INFO - Filling up the DagBag from /Users/pranithjain/Desktop/DE Project/Apache Airflow Project/venv/lib/python3.10/site-packages/airflow/example_dags/example_trigger_target_dag.py
[2025-02-09T18:50:47.751-0700] {processor.py:925} INFO - DAG(s) 'example_trigger_target_dag' retrieved from /Users/pranithjain/Desktop/DE Project/Apache Airflow Project/venv/lib/python3.10/site-packages/airflow/example_dags/example_trigger_target_dag.py
[2025-02-09T18:50:47.823-0700] {logging_mixin.py:190} INFO - [2025-02-09T18:50:47.823-0700] {dag.py:3239} INFO - Sync 1 DAGs
[2025-02-09T18:50:47.828-0700] {logging_mixin.py:190} INFO - [2025-02-09T18:50:47.828-0700] {dag.py:4180} INFO - Setting next_dagrun for example_trigger_target_dag to None, run_after=None
[2025-02-09T18:50:47.836-0700] {processor.py:208} INFO - Processing /Users/pranithjain/Desktop/DE Project/Apache Airflow Project/venv/lib/python3.10/site-packages/airflow/example_dags/example_trigger_target_dag.py took 0.104 seconds
[2025-02-09T18:51:58.457-0700] {processor.py:186} INFO - Started process (PID=19555) to work on /Users/pranithjain/Desktop/DE Project/Apache Airflow Project/venv/lib/python3.10/site-packages/airflow/example_dags/example_trigger_target_dag.py
[2025-02-09T18:51:58.457-0700] {processor.py:914} INFO - Processing file /Users/pranithjain/Desktop/DE Project/Apache Airflow Project/venv/lib/python3.10/site-packages/airflow/example_dags/example_trigger_target_dag.py for tasks to queue
[2025-02-09T18:51:58.458-0700] {logging_mixin.py:190} INFO - [2025-02-09T18:51:58.458-0700] {dagbag.py:588} INFO - Filling up the DagBag from /Users/pranithjain/Desktop/DE Project/Apache Airflow Project/venv/lib/python3.10/site-packages/airflow/example_dags/example_trigger_target_dag.py
[2025-02-09T18:51:58.474-0700] {processor.py:925} INFO - DAG(s) 'example_trigger_target_dag' retrieved from /Users/pranithjain/Desktop/DE Project/Apache Airflow Project/venv/lib/python3.10/site-packages/airflow/example_dags/example_trigger_target_dag.py
[2025-02-09T18:51:58.539-0700] {logging_mixin.py:190} INFO - [2025-02-09T18:51:58.539-0700] {dag.py:3239} INFO - Sync 1 DAGs
[2025-02-09T18:51:58.544-0700] {logging_mixin.py:190} INFO - [2025-02-09T18:51:58.544-0700] {dag.py:4180} INFO - Setting next_dagrun for example_trigger_target_dag to None, run_after=None
[2025-02-09T18:51:58.551-0700] {processor.py:208} INFO - Processing /Users/pranithjain/Desktop/DE Project/Apache Airflow Project/venv/lib/python3.10/site-packages/airflow/example_dags/example_trigger_target_dag.py took 0.096 seconds
[2025-02-09T18:52:59.377-0700] {processor.py:186} INFO - Started process (PID=19754) to work on /Users/pranithjain/Desktop/DE Project/Apache Airflow Project/venv/lib/python3.10/site-packages/airflow/example_dags/example_trigger_target_dag.py
[2025-02-09T18:52:59.379-0700] {processor.py:914} INFO - Processing file /Users/pranithjain/Desktop/DE Project/Apache Airflow Project/venv/lib/python3.10/site-packages/airflow/example_dags/example_trigger_target_dag.py for tasks to queue
[2025-02-09T18:52:59.379-0700] {logging_mixin.py:190} INFO - [2025-02-09T18:52:59.379-0700] {dagbag.py:588} INFO - Filling up the DagBag from /Users/pranithjain/Desktop/DE Project/Apache Airflow Project/venv/lib/python3.10/site-packages/airflow/example_dags/example_trigger_target_dag.py
[2025-02-09T18:52:59.394-0700] {processor.py:925} INFO - DAG(s) 'example_trigger_target_dag' retrieved from /Users/pranithjain/Desktop/DE Project/Apache Airflow Project/venv/lib/python3.10/site-packages/airflow/example_dags/example_trigger_target_dag.py
[2025-02-09T18:52:59.458-0700] {logging_mixin.py:190} INFO - [2025-02-09T18:52:59.458-0700] {dag.py:3239} INFO - Sync 1 DAGs
[2025-02-09T18:52:59.463-0700] {logging_mixin.py:190} INFO - [2025-02-09T18:52:59.463-0700] {dag.py:4180} INFO - Setting next_dagrun for example_trigger_target_dag to None, run_after=None
[2025-02-09T18:52:59.471-0700] {processor.py:208} INFO - Processing /Users/pranithjain/Desktop/DE Project/Apache Airflow Project/venv/lib/python3.10/site-packages/airflow/example_dags/example_trigger_target_dag.py took 0.095 seconds
[2025-02-09T18:54:40.663-0700] {processor.py:186} INFO - Started process (PID=20067) to work on /Users/pranithjain/Desktop/DE Project/Apache Airflow Project/venv/lib/python3.10/site-packages/airflow/example_dags/example_trigger_target_dag.py
[2025-02-09T18:54:40.664-0700] {processor.py:914} INFO - Processing file /Users/pranithjain/Desktop/DE Project/Apache Airflow Project/venv/lib/python3.10/site-packages/airflow/example_dags/example_trigger_target_dag.py for tasks to queue
[2025-02-09T18:54:40.664-0700] {logging_mixin.py:190} INFO - [2025-02-09T18:54:40.664-0700] {dagbag.py:588} INFO - Filling up the DagBag from /Users/pranithjain/Desktop/DE Project/Apache Airflow Project/venv/lib/python3.10/site-packages/airflow/example_dags/example_trigger_target_dag.py
[2025-02-09T18:54:40.693-0700] {processor.py:925} INFO - DAG(s) 'example_trigger_target_dag' retrieved from /Users/pranithjain/Desktop/DE Project/Apache Airflow Project/venv/lib/python3.10/site-packages/airflow/example_dags/example_trigger_target_dag.py
[2025-02-09T18:54:40.764-0700] {logging_mixin.py:190} INFO - [2025-02-09T18:54:40.764-0700] {dag.py:3239} INFO - Sync 1 DAGs
[2025-02-09T18:54:40.769-0700] {logging_mixin.py:190} INFO - [2025-02-09T18:54:40.769-0700] {dag.py:4180} INFO - Setting next_dagrun for example_trigger_target_dag to None, run_after=None
[2025-02-09T18:54:40.776-0700] {processor.py:208} INFO - Processing /Users/pranithjain/Desktop/DE Project/Apache Airflow Project/venv/lib/python3.10/site-packages/airflow/example_dags/example_trigger_target_dag.py took 0.115 seconds
[2025-02-09T18:55:53.434-0700] {processor.py:186} INFO - Started process (PID=20283) to work on /Users/pranithjain/Desktop/DE Project/Apache Airflow Project/venv/lib/python3.10/site-packages/airflow/example_dags/example_trigger_target_dag.py
[2025-02-09T18:55:53.435-0700] {processor.py:914} INFO - Processing file /Users/pranithjain/Desktop/DE Project/Apache Airflow Project/venv/lib/python3.10/site-packages/airflow/example_dags/example_trigger_target_dag.py for tasks to queue
[2025-02-09T18:55:53.435-0700] {logging_mixin.py:190} INFO - [2025-02-09T18:55:53.435-0700] {dagbag.py:588} INFO - Filling up the DagBag from /Users/pranithjain/Desktop/DE Project/Apache Airflow Project/venv/lib/python3.10/site-packages/airflow/example_dags/example_trigger_target_dag.py
[2025-02-09T18:55:53.450-0700] {processor.py:925} INFO - DAG(s) 'example_trigger_target_dag' retrieved from /Users/pranithjain/Desktop/DE Project/Apache Airflow Project/venv/lib/python3.10/site-packages/airflow/example_dags/example_trigger_target_dag.py
[2025-02-09T18:55:53.515-0700] {logging_mixin.py:190} INFO - [2025-02-09T18:55:53.515-0700] {dag.py:3239} INFO - Sync 1 DAGs
[2025-02-09T18:55:53.520-0700] {logging_mixin.py:190} INFO - [2025-02-09T18:55:53.520-0700] {dag.py:4180} INFO - Setting next_dagrun for example_trigger_target_dag to None, run_after=None
[2025-02-09T18:55:53.526-0700] {processor.py:208} INFO - Processing /Users/pranithjain/Desktop/DE Project/Apache Airflow Project/venv/lib/python3.10/site-packages/airflow/example_dags/example_trigger_target_dag.py took 0.094 seconds
[2025-02-09T18:57:07.761-0700] {processor.py:186} INFO - Started process (PID=20524) to work on /Users/pranithjain/Desktop/DE Project/Apache Airflow Project/venv/lib/python3.10/site-packages/airflow/example_dags/example_trigger_target_dag.py
[2025-02-09T18:57:07.762-0700] {processor.py:914} INFO - Processing file /Users/pranithjain/Desktop/DE Project/Apache Airflow Project/venv/lib/python3.10/site-packages/airflow/example_dags/example_trigger_target_dag.py for tasks to queue
[2025-02-09T18:57:07.762-0700] {logging_mixin.py:190} INFO - [2025-02-09T18:57:07.762-0700] {dagbag.py:588} INFO - Filling up the DagBag from /Users/pranithjain/Desktop/DE Project/Apache Airflow Project/venv/lib/python3.10/site-packages/airflow/example_dags/example_trigger_target_dag.py
[2025-02-09T18:57:07.778-0700] {processor.py:925} INFO - DAG(s) 'example_trigger_target_dag' retrieved from /Users/pranithjain/Desktop/DE Project/Apache Airflow Project/venv/lib/python3.10/site-packages/airflow/example_dags/example_trigger_target_dag.py
[2025-02-09T18:57:07.893-0700] {logging_mixin.py:190} INFO - [2025-02-09T18:57:07.893-0700] {dag.py:3239} INFO - Sync 1 DAGs
[2025-02-09T18:57:07.899-0700] {logging_mixin.py:190} INFO - [2025-02-09T18:57:07.899-0700] {dag.py:4180} INFO - Setting next_dagrun for example_trigger_target_dag to None, run_after=None
[2025-02-09T18:57:07.907-0700] {processor.py:208} INFO - Processing /Users/pranithjain/Desktop/DE Project/Apache Airflow Project/venv/lib/python3.10/site-packages/airflow/example_dags/example_trigger_target_dag.py took 0.147 seconds
[2025-02-09T18:58:19.019-0700] {processor.py:186} INFO - Started process (PID=20740) to work on /Users/pranithjain/Desktop/DE Project/Apache Airflow Project/venv/lib/python3.10/site-packages/airflow/example_dags/example_trigger_target_dag.py
[2025-02-09T18:58:19.020-0700] {processor.py:914} INFO - Processing file /Users/pranithjain/Desktop/DE Project/Apache Airflow Project/venv/lib/python3.10/site-packages/airflow/example_dags/example_trigger_target_dag.py for tasks to queue
[2025-02-09T18:58:19.020-0700] {logging_mixin.py:190} INFO - [2025-02-09T18:58:19.020-0700] {dagbag.py:588} INFO - Filling up the DagBag from /Users/pranithjain/Desktop/DE Project/Apache Airflow Project/venv/lib/python3.10/site-packages/airflow/example_dags/example_trigger_target_dag.py
[2025-02-09T18:58:19.035-0700] {processor.py:925} INFO - DAG(s) 'example_trigger_target_dag' retrieved from /Users/pranithjain/Desktop/DE Project/Apache Airflow Project/venv/lib/python3.10/site-packages/airflow/example_dags/example_trigger_target_dag.py
[2025-02-09T18:58:19.099-0700] {logging_mixin.py:190} INFO - [2025-02-09T18:58:19.099-0700] {dag.py:3239} INFO - Sync 1 DAGs
[2025-02-09T18:58:19.104-0700] {logging_mixin.py:190} INFO - [2025-02-09T18:58:19.104-0700] {dag.py:4180} INFO - Setting next_dagrun for example_trigger_target_dag to None, run_after=None
[2025-02-09T18:58:19.111-0700] {processor.py:208} INFO - Processing /Users/pranithjain/Desktop/DE Project/Apache Airflow Project/venv/lib/python3.10/site-packages/airflow/example_dags/example_trigger_target_dag.py took 0.093 seconds
[2025-02-09T19:06:35.025-0700] {processor.py:186} INFO - Started process (PID=21929) to work on /Users/pranithjain/Desktop/DE Project/Apache Airflow Project/venv/lib/python3.10/site-packages/airflow/example_dags/example_trigger_target_dag.py
[2025-02-09T19:06:35.026-0700] {processor.py:914} INFO - Processing file /Users/pranithjain/Desktop/DE Project/Apache Airflow Project/venv/lib/python3.10/site-packages/airflow/example_dags/example_trigger_target_dag.py for tasks to queue
[2025-02-09T19:06:35.026-0700] {logging_mixin.py:190} INFO - [2025-02-09T19:06:35.026-0700] {dagbag.py:588} INFO - Filling up the DagBag from /Users/pranithjain/Desktop/DE Project/Apache Airflow Project/venv/lib/python3.10/site-packages/airflow/example_dags/example_trigger_target_dag.py
[2025-02-09T19:06:35.041-0700] {processor.py:925} INFO - DAG(s) 'example_trigger_target_dag' retrieved from /Users/pranithjain/Desktop/DE Project/Apache Airflow Project/venv/lib/python3.10/site-packages/airflow/example_dags/example_trigger_target_dag.py
[2025-02-09T19:06:35.106-0700] {logging_mixin.py:190} INFO - [2025-02-09T19:06:35.106-0700] {dag.py:3239} INFO - Sync 1 DAGs
[2025-02-09T19:06:35.111-0700] {logging_mixin.py:190} INFO - [2025-02-09T19:06:35.111-0700] {dag.py:4180} INFO - Setting next_dagrun for example_trigger_target_dag to None, run_after=None
[2025-02-09T19:06:35.118-0700] {processor.py:208} INFO - Processing /Users/pranithjain/Desktop/DE Project/Apache Airflow Project/venv/lib/python3.10/site-packages/airflow/example_dags/example_trigger_target_dag.py took 0.095 seconds
[2025-02-09T19:08:12.961-0700] {processor.py:186} INFO - Started process (PID=22232) to work on /Users/pranithjain/Desktop/DE Project/Apache Airflow Project/venv/lib/python3.10/site-packages/airflow/example_dags/example_trigger_target_dag.py
[2025-02-09T19:08:12.962-0700] {processor.py:914} INFO - Processing file /Users/pranithjain/Desktop/DE Project/Apache Airflow Project/venv/lib/python3.10/site-packages/airflow/example_dags/example_trigger_target_dag.py for tasks to queue
[2025-02-09T19:08:12.962-0700] {logging_mixin.py:190} INFO - [2025-02-09T19:08:12.962-0700] {dagbag.py:588} INFO - Filling up the DagBag from /Users/pranithjain/Desktop/DE Project/Apache Airflow Project/venv/lib/python3.10/site-packages/airflow/example_dags/example_trigger_target_dag.py
[2025-02-09T19:08:12.978-0700] {processor.py:925} INFO - DAG(s) 'example_trigger_target_dag' retrieved from /Users/pranithjain/Desktop/DE Project/Apache Airflow Project/venv/lib/python3.10/site-packages/airflow/example_dags/example_trigger_target_dag.py
[2025-02-09T19:08:13.042-0700] {logging_mixin.py:190} INFO - [2025-02-09T19:08:13.042-0700] {dag.py:3239} INFO - Sync 1 DAGs
[2025-02-09T19:08:13.047-0700] {logging_mixin.py:190} INFO - [2025-02-09T19:08:13.047-0700] {dag.py:4180} INFO - Setting next_dagrun for example_trigger_target_dag to None, run_after=None
[2025-02-09T19:08:13.054-0700] {processor.py:208} INFO - Processing /Users/pranithjain/Desktop/DE Project/Apache Airflow Project/venv/lib/python3.10/site-packages/airflow/example_dags/example_trigger_target_dag.py took 0.094 seconds
[2025-02-09T19:09:23.687-0700] {processor.py:186} INFO - Started process (PID=22457) to work on /Users/pranithjain/Desktop/DE Project/Apache Airflow Project/venv/lib/python3.10/site-packages/airflow/example_dags/example_trigger_target_dag.py
[2025-02-09T19:09:23.688-0700] {processor.py:914} INFO - Processing file /Users/pranithjain/Desktop/DE Project/Apache Airflow Project/venv/lib/python3.10/site-packages/airflow/example_dags/example_trigger_target_dag.py for tasks to queue
[2025-02-09T19:09:23.688-0700] {logging_mixin.py:190} INFO - [2025-02-09T19:09:23.688-0700] {dagbag.py:588} INFO - Filling up the DagBag from /Users/pranithjain/Desktop/DE Project/Apache Airflow Project/venv/lib/python3.10/site-packages/airflow/example_dags/example_trigger_target_dag.py
[2025-02-09T19:09:23.705-0700] {processor.py:925} INFO - DAG(s) 'example_trigger_target_dag' retrieved from /Users/pranithjain/Desktop/DE Project/Apache Airflow Project/venv/lib/python3.10/site-packages/airflow/example_dags/example_trigger_target_dag.py
[2025-02-09T19:09:23.707-0700] {logging_mixin.py:190} INFO - [2025-02-09T19:09:23.707-0700] {dag.py:3239} INFO - Sync 1 DAGs
[2025-02-09T19:09:23.769-0700] {logging_mixin.py:190} INFO - [2025-02-09T19:09:23.769-0700] {dag.py:4180} INFO - Setting next_dagrun for example_trigger_target_dag to None, run_after=None
[2025-02-09T19:09:23.778-0700] {processor.py:208} INFO - Processing /Users/pranithjain/Desktop/DE Project/Apache Airflow Project/venv/lib/python3.10/site-packages/airflow/example_dags/example_trigger_target_dag.py took 0.092 seconds
[2025-02-09T19:10:37.107-0700] {processor.py:186} INFO - Started process (PID=22679) to work on /Users/pranithjain/Desktop/DE Project/Apache Airflow Project/venv/lib/python3.10/site-packages/airflow/example_dags/example_trigger_target_dag.py
[2025-02-09T19:10:37.107-0700] {processor.py:914} INFO - Processing file /Users/pranithjain/Desktop/DE Project/Apache Airflow Project/venv/lib/python3.10/site-packages/airflow/example_dags/example_trigger_target_dag.py for tasks to queue
[2025-02-09T19:10:37.108-0700] {logging_mixin.py:190} INFO - [2025-02-09T19:10:37.108-0700] {dagbag.py:588} INFO - Filling up the DagBag from /Users/pranithjain/Desktop/DE Project/Apache Airflow Project/venv/lib/python3.10/site-packages/airflow/example_dags/example_trigger_target_dag.py
[2025-02-09T19:10:37.124-0700] {processor.py:925} INFO - DAG(s) 'example_trigger_target_dag' retrieved from /Users/pranithjain/Desktop/DE Project/Apache Airflow Project/venv/lib/python3.10/site-packages/airflow/example_dags/example_trigger_target_dag.py
[2025-02-09T19:10:37.223-0700] {logging_mixin.py:190} INFO - [2025-02-09T19:10:37.223-0700] {dag.py:3239} INFO - Sync 1 DAGs
[2025-02-09T19:10:37.227-0700] {logging_mixin.py:190} INFO - [2025-02-09T19:10:37.227-0700] {dag.py:4180} INFO - Setting next_dagrun for example_trigger_target_dag to None, run_after=None
[2025-02-09T19:10:37.234-0700] {processor.py:208} INFO - Processing /Users/pranithjain/Desktop/DE Project/Apache Airflow Project/venv/lib/python3.10/site-packages/airflow/example_dags/example_trigger_target_dag.py took 0.129 seconds
[2025-02-09T19:13:05.178-0700] {processor.py:186} INFO - Started process (PID=23085) to work on /Users/pranithjain/Desktop/DE Project/Apache Airflow Project/venv/lib/python3.10/site-packages/airflow/example_dags/example_trigger_target_dag.py
[2025-02-09T19:13:05.178-0700] {processor.py:914} INFO - Processing file /Users/pranithjain/Desktop/DE Project/Apache Airflow Project/venv/lib/python3.10/site-packages/airflow/example_dags/example_trigger_target_dag.py for tasks to queue
[2025-02-09T19:13:05.179-0700] {logging_mixin.py:190} INFO - [2025-02-09T19:13:05.179-0700] {dagbag.py:588} INFO - Filling up the DagBag from /Users/pranithjain/Desktop/DE Project/Apache Airflow Project/venv/lib/python3.10/site-packages/airflow/example_dags/example_trigger_target_dag.py
[2025-02-09T19:13:05.195-0700] {processor.py:925} INFO - DAG(s) 'example_trigger_target_dag' retrieved from /Users/pranithjain/Desktop/DE Project/Apache Airflow Project/venv/lib/python3.10/site-packages/airflow/example_dags/example_trigger_target_dag.py
[2025-02-09T19:13:05.261-0700] {logging_mixin.py:190} INFO - [2025-02-09T19:13:05.261-0700] {dag.py:3239} INFO - Sync 1 DAGs
[2025-02-09T19:13:05.266-0700] {logging_mixin.py:190} INFO - [2025-02-09T19:13:05.265-0700] {dag.py:4180} INFO - Setting next_dagrun for example_trigger_target_dag to None, run_after=None
[2025-02-09T19:13:05.273-0700] {processor.py:208} INFO - Processing /Users/pranithjain/Desktop/DE Project/Apache Airflow Project/venv/lib/python3.10/site-packages/airflow/example_dags/example_trigger_target_dag.py took 0.097 seconds
[2025-02-09T19:14:47.652-0700] {processor.py:186} INFO - Started process (PID=23401) to work on /Users/pranithjain/Desktop/DE Project/Apache Airflow Project/venv/lib/python3.10/site-packages/airflow/example_dags/example_trigger_target_dag.py
[2025-02-09T19:14:47.652-0700] {processor.py:914} INFO - Processing file /Users/pranithjain/Desktop/DE Project/Apache Airflow Project/venv/lib/python3.10/site-packages/airflow/example_dags/example_trigger_target_dag.py for tasks to queue
[2025-02-09T19:14:47.653-0700] {logging_mixin.py:190} INFO - [2025-02-09T19:14:47.653-0700] {dagbag.py:588} INFO - Filling up the DagBag from /Users/pranithjain/Desktop/DE Project/Apache Airflow Project/venv/lib/python3.10/site-packages/airflow/example_dags/example_trigger_target_dag.py
[2025-02-09T19:14:47.668-0700] {processor.py:925} INFO - DAG(s) 'example_trigger_target_dag' retrieved from /Users/pranithjain/Desktop/DE Project/Apache Airflow Project/venv/lib/python3.10/site-packages/airflow/example_dags/example_trigger_target_dag.py
[2025-02-09T19:14:47.733-0700] {logging_mixin.py:190} INFO - [2025-02-09T19:14:47.733-0700] {dag.py:3239} INFO - Sync 1 DAGs
[2025-02-09T19:14:47.738-0700] {logging_mixin.py:190} INFO - [2025-02-09T19:14:47.737-0700] {dag.py:4180} INFO - Setting next_dagrun for example_trigger_target_dag to None, run_after=None
[2025-02-09T19:14:47.744-0700] {processor.py:208} INFO - Processing /Users/pranithjain/Desktop/DE Project/Apache Airflow Project/venv/lib/python3.10/site-packages/airflow/example_dags/example_trigger_target_dag.py took 0.094 seconds
[2025-02-09T19:15:58.264-0700] {processor.py:186} INFO - Started process (PID=23614) to work on /Users/pranithjain/Desktop/DE Project/Apache Airflow Project/venv/lib/python3.10/site-packages/airflow/example_dags/example_trigger_target_dag.py
[2025-02-09T19:15:58.264-0700] {processor.py:914} INFO - Processing file /Users/pranithjain/Desktop/DE Project/Apache Airflow Project/venv/lib/python3.10/site-packages/airflow/example_dags/example_trigger_target_dag.py for tasks to queue
[2025-02-09T19:15:58.265-0700] {logging_mixin.py:190} INFO - [2025-02-09T19:15:58.265-0700] {dagbag.py:588} INFO - Filling up the DagBag from /Users/pranithjain/Desktop/DE Project/Apache Airflow Project/venv/lib/python3.10/site-packages/airflow/example_dags/example_trigger_target_dag.py
[2025-02-09T19:15:58.280-0700] {processor.py:925} INFO - DAG(s) 'example_trigger_target_dag' retrieved from /Users/pranithjain/Desktop/DE Project/Apache Airflow Project/venv/lib/python3.10/site-packages/airflow/example_dags/example_trigger_target_dag.py
[2025-02-09T19:15:58.345-0700] {logging_mixin.py:190} INFO - [2025-02-09T19:15:58.344-0700] {dag.py:3239} INFO - Sync 1 DAGs
[2025-02-09T19:15:58.349-0700] {logging_mixin.py:190} INFO - [2025-02-09T19:15:58.349-0700] {dag.py:4180} INFO - Setting next_dagrun for example_trigger_target_dag to None, run_after=None
[2025-02-09T19:15:58.356-0700] {processor.py:208} INFO - Processing /Users/pranithjain/Desktop/DE Project/Apache Airflow Project/venv/lib/python3.10/site-packages/airflow/example_dags/example_trigger_target_dag.py took 0.094 seconds
[2025-02-09T19:17:08.250-0700] {processor.py:186} INFO - Started process (PID=23831) to work on /Users/pranithjain/Desktop/DE Project/Apache Airflow Project/venv/lib/python3.10/site-packages/airflow/example_dags/example_trigger_target_dag.py
[2025-02-09T19:17:08.251-0700] {processor.py:914} INFO - Processing file /Users/pranithjain/Desktop/DE Project/Apache Airflow Project/venv/lib/python3.10/site-packages/airflow/example_dags/example_trigger_target_dag.py for tasks to queue
[2025-02-09T19:17:08.252-0700] {logging_mixin.py:190} INFO - [2025-02-09T19:17:08.252-0700] {dagbag.py:588} INFO - Filling up the DagBag from /Users/pranithjain/Desktop/DE Project/Apache Airflow Project/venv/lib/python3.10/site-packages/airflow/example_dags/example_trigger_target_dag.py
[2025-02-09T19:17:08.268-0700] {processor.py:925} INFO - DAG(s) 'example_trigger_target_dag' retrieved from /Users/pranithjain/Desktop/DE Project/Apache Airflow Project/venv/lib/python3.10/site-packages/airflow/example_dags/example_trigger_target_dag.py
[2025-02-09T19:17:08.333-0700] {logging_mixin.py:190} INFO - [2025-02-09T19:17:08.332-0700] {dag.py:3239} INFO - Sync 1 DAGs
[2025-02-09T19:17:08.337-0700] {logging_mixin.py:190} INFO - [2025-02-09T19:17:08.337-0700] {dag.py:4180} INFO - Setting next_dagrun for example_trigger_target_dag to None, run_after=None
[2025-02-09T19:17:08.344-0700] {processor.py:208} INFO - Processing /Users/pranithjain/Desktop/DE Project/Apache Airflow Project/venv/lib/python3.10/site-packages/airflow/example_dags/example_trigger_target_dag.py took 0.096 seconds
[2025-02-09T19:18:20.916-0700] {processor.py:186} INFO - Started process (PID=24048) to work on /Users/pranithjain/Desktop/DE Project/Apache Airflow Project/venv/lib/python3.10/site-packages/airflow/example_dags/example_trigger_target_dag.py
[2025-02-09T19:18:20.917-0700] {processor.py:914} INFO - Processing file /Users/pranithjain/Desktop/DE Project/Apache Airflow Project/venv/lib/python3.10/site-packages/airflow/example_dags/example_trigger_target_dag.py for tasks to queue
[2025-02-09T19:18:20.917-0700] {logging_mixin.py:190} INFO - [2025-02-09T19:18:20.917-0700] {dagbag.py:588} INFO - Filling up the DagBag from /Users/pranithjain/Desktop/DE Project/Apache Airflow Project/venv/lib/python3.10/site-packages/airflow/example_dags/example_trigger_target_dag.py
[2025-02-09T19:18:20.933-0700] {processor.py:925} INFO - DAG(s) 'example_trigger_target_dag' retrieved from /Users/pranithjain/Desktop/DE Project/Apache Airflow Project/venv/lib/python3.10/site-packages/airflow/example_dags/example_trigger_target_dag.py
[2025-02-09T19:18:20.998-0700] {logging_mixin.py:190} INFO - [2025-02-09T19:18:20.998-0700] {dag.py:3239} INFO - Sync 1 DAGs
[2025-02-09T19:18:21.003-0700] {logging_mixin.py:190} INFO - [2025-02-09T19:18:21.003-0700] {dag.py:4180} INFO - Setting next_dagrun for example_trigger_target_dag to None, run_after=None
[2025-02-09T19:18:21.010-0700] {processor.py:208} INFO - Processing /Users/pranithjain/Desktop/DE Project/Apache Airflow Project/venv/lib/python3.10/site-packages/airflow/example_dags/example_trigger_target_dag.py took 0.095 seconds
[2025-02-09T19:19:32.969-0700] {processor.py:186} INFO - Started process (PID=24278) to work on /Users/pranithjain/Desktop/DE Project/Apache Airflow Project/venv/lib/python3.10/site-packages/airflow/example_dags/example_trigger_target_dag.py
[2025-02-09T19:19:32.970-0700] {processor.py:914} INFO - Processing file /Users/pranithjain/Desktop/DE Project/Apache Airflow Project/venv/lib/python3.10/site-packages/airflow/example_dags/example_trigger_target_dag.py for tasks to queue
[2025-02-09T19:19:32.970-0700] {logging_mixin.py:190} INFO - [2025-02-09T19:19:32.970-0700] {dagbag.py:588} INFO - Filling up the DagBag from /Users/pranithjain/Desktop/DE Project/Apache Airflow Project/venv/lib/python3.10/site-packages/airflow/example_dags/example_trigger_target_dag.py
[2025-02-09T19:19:32.986-0700] {processor.py:925} INFO - DAG(s) 'example_trigger_target_dag' retrieved from /Users/pranithjain/Desktop/DE Project/Apache Airflow Project/venv/lib/python3.10/site-packages/airflow/example_dags/example_trigger_target_dag.py
[2025-02-09T19:19:33.052-0700] {logging_mixin.py:190} INFO - [2025-02-09T19:19:33.052-0700] {dag.py:3239} INFO - Sync 1 DAGs
[2025-02-09T19:19:33.056-0700] {logging_mixin.py:190} INFO - [2025-02-09T19:19:33.056-0700] {dag.py:4180} INFO - Setting next_dagrun for example_trigger_target_dag to None, run_after=None
[2025-02-09T19:19:33.064-0700] {processor.py:208} INFO - Processing /Users/pranithjain/Desktop/DE Project/Apache Airflow Project/venv/lib/python3.10/site-packages/airflow/example_dags/example_trigger_target_dag.py took 0.096 seconds
[2025-02-09T19:20:46.137-0700] {processor.py:186} INFO - Started process (PID=24498) to work on /Users/pranithjain/Desktop/DE Project/Apache Airflow Project/venv/lib/python3.10/site-packages/airflow/example_dags/example_trigger_target_dag.py
[2025-02-09T19:20:46.138-0700] {processor.py:914} INFO - Processing file /Users/pranithjain/Desktop/DE Project/Apache Airflow Project/venv/lib/python3.10/site-packages/airflow/example_dags/example_trigger_target_dag.py for tasks to queue
[2025-02-09T19:20:46.138-0700] {logging_mixin.py:190} INFO - [2025-02-09T19:20:46.138-0700] {dagbag.py:588} INFO - Filling up the DagBag from /Users/pranithjain/Desktop/DE Project/Apache Airflow Project/venv/lib/python3.10/site-packages/airflow/example_dags/example_trigger_target_dag.py
[2025-02-09T19:20:46.154-0700] {processor.py:925} INFO - DAG(s) 'example_trigger_target_dag' retrieved from /Users/pranithjain/Desktop/DE Project/Apache Airflow Project/venv/lib/python3.10/site-packages/airflow/example_dags/example_trigger_target_dag.py
[2025-02-09T19:20:46.219-0700] {logging_mixin.py:190} INFO - [2025-02-09T19:20:46.219-0700] {dag.py:3239} INFO - Sync 1 DAGs
[2025-02-09T19:20:46.224-0700] {logging_mixin.py:190} INFO - [2025-02-09T19:20:46.224-0700] {dag.py:4180} INFO - Setting next_dagrun for example_trigger_target_dag to None, run_after=None
[2025-02-09T19:20:46.231-0700] {processor.py:208} INFO - Processing /Users/pranithjain/Desktop/DE Project/Apache Airflow Project/venv/lib/python3.10/site-packages/airflow/example_dags/example_trigger_target_dag.py took 0.096 seconds
[2025-02-09T19:22:00.476-0700] {processor.py:186} INFO - Started process (PID=24817) to work on /Users/pranithjain/Desktop/DE Project/Apache Airflow Project/venv/lib/python3.10/site-packages/airflow/example_dags/example_trigger_target_dag.py
[2025-02-09T19:22:00.476-0700] {processor.py:914} INFO - Processing file /Users/pranithjain/Desktop/DE Project/Apache Airflow Project/venv/lib/python3.10/site-packages/airflow/example_dags/example_trigger_target_dag.py for tasks to queue
[2025-02-09T19:22:00.477-0700] {logging_mixin.py:190} INFO - [2025-02-09T19:22:00.477-0700] {dagbag.py:588} INFO - Filling up the DagBag from /Users/pranithjain/Desktop/DE Project/Apache Airflow Project/venv/lib/python3.10/site-packages/airflow/example_dags/example_trigger_target_dag.py
[2025-02-09T19:22:00.492-0700] {processor.py:925} INFO - DAG(s) 'example_trigger_target_dag' retrieved from /Users/pranithjain/Desktop/DE Project/Apache Airflow Project/venv/lib/python3.10/site-packages/airflow/example_dags/example_trigger_target_dag.py
[2025-02-09T19:22:00.557-0700] {logging_mixin.py:190} INFO - [2025-02-09T19:22:00.557-0700] {dag.py:3239} INFO - Sync 1 DAGs
[2025-02-09T19:22:00.561-0700] {logging_mixin.py:190} INFO - [2025-02-09T19:22:00.561-0700] {dag.py:4180} INFO - Setting next_dagrun for example_trigger_target_dag to None, run_after=None
[2025-02-09T19:22:00.569-0700] {processor.py:208} INFO - Processing /Users/pranithjain/Desktop/DE Project/Apache Airflow Project/venv/lib/python3.10/site-packages/airflow/example_dags/example_trigger_target_dag.py took 0.094 seconds
[2025-02-09T19:23:12.644-0700] {processor.py:186} INFO - Started process (PID=25037) to work on /Users/pranithjain/Desktop/DE Project/Apache Airflow Project/venv/lib/python3.10/site-packages/airflow/example_dags/example_trigger_target_dag.py
[2025-02-09T19:23:12.645-0700] {processor.py:914} INFO - Processing file /Users/pranithjain/Desktop/DE Project/Apache Airflow Project/venv/lib/python3.10/site-packages/airflow/example_dags/example_trigger_target_dag.py for tasks to queue
[2025-02-09T19:23:12.645-0700] {logging_mixin.py:190} INFO - [2025-02-09T19:23:12.645-0700] {dagbag.py:588} INFO - Filling up the DagBag from /Users/pranithjain/Desktop/DE Project/Apache Airflow Project/venv/lib/python3.10/site-packages/airflow/example_dags/example_trigger_target_dag.py
[2025-02-09T19:23:12.660-0700] {processor.py:925} INFO - DAG(s) 'example_trigger_target_dag' retrieved from /Users/pranithjain/Desktop/DE Project/Apache Airflow Project/venv/lib/python3.10/site-packages/airflow/example_dags/example_trigger_target_dag.py
[2025-02-09T19:23:12.724-0700] {logging_mixin.py:190} INFO - [2025-02-09T19:23:12.724-0700] {dag.py:3239} INFO - Sync 1 DAGs
[2025-02-09T19:23:12.728-0700] {logging_mixin.py:190} INFO - [2025-02-09T19:23:12.728-0700] {dag.py:4180} INFO - Setting next_dagrun for example_trigger_target_dag to None, run_after=None
[2025-02-09T19:23:12.736-0700] {processor.py:208} INFO - Processing /Users/pranithjain/Desktop/DE Project/Apache Airflow Project/venv/lib/python3.10/site-packages/airflow/example_dags/example_trigger_target_dag.py took 0.093 seconds
[2025-02-09T19:24:21.203-0700] {processor.py:186} INFO - Started process (PID=25248) to work on /Users/pranithjain/Desktop/DE Project/Apache Airflow Project/venv/lib/python3.10/site-packages/airflow/example_dags/example_trigger_target_dag.py
[2025-02-09T19:24:21.204-0700] {processor.py:914} INFO - Processing file /Users/pranithjain/Desktop/DE Project/Apache Airflow Project/venv/lib/python3.10/site-packages/airflow/example_dags/example_trigger_target_dag.py for tasks to queue
[2025-02-09T19:24:21.204-0700] {logging_mixin.py:190} INFO - [2025-02-09T19:24:21.204-0700] {dagbag.py:588} INFO - Filling up the DagBag from /Users/pranithjain/Desktop/DE Project/Apache Airflow Project/venv/lib/python3.10/site-packages/airflow/example_dags/example_trigger_target_dag.py
[2025-02-09T19:24:21.220-0700] {processor.py:925} INFO - DAG(s) 'example_trigger_target_dag' retrieved from /Users/pranithjain/Desktop/DE Project/Apache Airflow Project/venv/lib/python3.10/site-packages/airflow/example_dags/example_trigger_target_dag.py
[2025-02-09T19:24:21.284-0700] {logging_mixin.py:190} INFO - [2025-02-09T19:24:21.284-0700] {dag.py:3239} INFO - Sync 1 DAGs
[2025-02-09T19:24:21.289-0700] {logging_mixin.py:190} INFO - [2025-02-09T19:24:21.289-0700] {dag.py:4180} INFO - Setting next_dagrun for example_trigger_target_dag to None, run_after=None
[2025-02-09T19:24:21.296-0700] {processor.py:208} INFO - Processing /Users/pranithjain/Desktop/DE Project/Apache Airflow Project/venv/lib/python3.10/site-packages/airflow/example_dags/example_trigger_target_dag.py took 0.094 seconds
[2025-02-09T19:25:29.107-0700] {processor.py:186} INFO - Started process (PID=25460) to work on /Users/pranithjain/Desktop/DE Project/Apache Airflow Project/venv/lib/python3.10/site-packages/airflow/example_dags/example_trigger_target_dag.py
[2025-02-09T19:25:29.108-0700] {processor.py:914} INFO - Processing file /Users/pranithjain/Desktop/DE Project/Apache Airflow Project/venv/lib/python3.10/site-packages/airflow/example_dags/example_trigger_target_dag.py for tasks to queue
[2025-02-09T19:25:29.108-0700] {logging_mixin.py:190} INFO - [2025-02-09T19:25:29.108-0700] {dagbag.py:588} INFO - Filling up the DagBag from /Users/pranithjain/Desktop/DE Project/Apache Airflow Project/venv/lib/python3.10/site-packages/airflow/example_dags/example_trigger_target_dag.py
[2025-02-09T19:25:29.124-0700] {processor.py:925} INFO - DAG(s) 'example_trigger_target_dag' retrieved from /Users/pranithjain/Desktop/DE Project/Apache Airflow Project/venv/lib/python3.10/site-packages/airflow/example_dags/example_trigger_target_dag.py
[2025-02-09T19:25:29.188-0700] {logging_mixin.py:190} INFO - [2025-02-09T19:25:29.188-0700] {dag.py:3239} INFO - Sync 1 DAGs
[2025-02-09T19:25:29.193-0700] {logging_mixin.py:190} INFO - [2025-02-09T19:25:29.193-0700] {dag.py:4180} INFO - Setting next_dagrun for example_trigger_target_dag to None, run_after=None
[2025-02-09T19:25:29.200-0700] {processor.py:208} INFO - Processing /Users/pranithjain/Desktop/DE Project/Apache Airflow Project/venv/lib/python3.10/site-packages/airflow/example_dags/example_trigger_target_dag.py took 0.094 seconds
[2025-02-09T19:26:38.083-0700] {processor.py:186} INFO - Started process (PID=25753) to work on /Users/pranithjain/Desktop/DE Project/Apache Airflow Project/venv/lib/python3.10/site-packages/airflow/example_dags/example_trigger_target_dag.py
[2025-02-09T19:26:38.084-0700] {processor.py:914} INFO - Processing file /Users/pranithjain/Desktop/DE Project/Apache Airflow Project/venv/lib/python3.10/site-packages/airflow/example_dags/example_trigger_target_dag.py for tasks to queue
[2025-02-09T19:26:38.084-0700] {logging_mixin.py:190} INFO - [2025-02-09T19:26:38.084-0700] {dagbag.py:588} INFO - Filling up the DagBag from /Users/pranithjain/Desktop/DE Project/Apache Airflow Project/venv/lib/python3.10/site-packages/airflow/example_dags/example_trigger_target_dag.py
[2025-02-09T19:26:38.100-0700] {processor.py:925} INFO - DAG(s) 'example_trigger_target_dag' retrieved from /Users/pranithjain/Desktop/DE Project/Apache Airflow Project/venv/lib/python3.10/site-packages/airflow/example_dags/example_trigger_target_dag.py
[2025-02-09T19:26:38.166-0700] {logging_mixin.py:190} INFO - [2025-02-09T19:26:38.165-0700] {dag.py:3239} INFO - Sync 1 DAGs
[2025-02-09T19:26:38.171-0700] {logging_mixin.py:190} INFO - [2025-02-09T19:26:38.171-0700] {dag.py:4180} INFO - Setting next_dagrun for example_trigger_target_dag to None, run_after=None
[2025-02-09T19:26:38.179-0700] {processor.py:208} INFO - Processing /Users/pranithjain/Desktop/DE Project/Apache Airflow Project/venv/lib/python3.10/site-packages/airflow/example_dags/example_trigger_target_dag.py took 0.098 seconds
[2025-02-09T19:28:29.949-0700] {processor.py:186} INFO - Started process (PID=26139) to work on /Users/pranithjain/Desktop/DE Project/Apache Airflow Project/venv/lib/python3.10/site-packages/airflow/example_dags/example_trigger_target_dag.py
[2025-02-09T19:28:29.949-0700] {processor.py:914} INFO - Processing file /Users/pranithjain/Desktop/DE Project/Apache Airflow Project/venv/lib/python3.10/site-packages/airflow/example_dags/example_trigger_target_dag.py for tasks to queue
[2025-02-09T19:28:29.950-0700] {logging_mixin.py:190} INFO - [2025-02-09T19:28:29.950-0700] {dagbag.py:588} INFO - Filling up the DagBag from /Users/pranithjain/Desktop/DE Project/Apache Airflow Project/venv/lib/python3.10/site-packages/airflow/example_dags/example_trigger_target_dag.py
[2025-02-09T19:28:29.966-0700] {processor.py:925} INFO - DAG(s) 'example_trigger_target_dag' retrieved from /Users/pranithjain/Desktop/DE Project/Apache Airflow Project/venv/lib/python3.10/site-packages/airflow/example_dags/example_trigger_target_dag.py
[2025-02-09T19:28:30.040-0700] {logging_mixin.py:190} INFO - [2025-02-09T19:28:30.040-0700] {dag.py:3239} INFO - Sync 1 DAGs
[2025-02-09T19:28:30.045-0700] {logging_mixin.py:190} INFO - [2025-02-09T19:28:30.045-0700] {dag.py:4180} INFO - Setting next_dagrun for example_trigger_target_dag to None, run_after=None
[2025-02-09T19:28:30.054-0700] {processor.py:208} INFO - Processing /Users/pranithjain/Desktop/DE Project/Apache Airflow Project/venv/lib/python3.10/site-packages/airflow/example_dags/example_trigger_target_dag.py took 0.107 seconds
