[2025-02-09T18:48:59.589-0700] {processor.py:186} INFO - Started process (PID=18999) to work on /Users/pranithjain/Desktop/DE Project/Apache Airflow Project/venv/lib/python3.10/site-packages/airflow/example_dags/example_branch_labels.py
[2025-02-09T18:48:59.590-0700] {processor.py:914} INFO - Processing file /Users/pranithjain/Desktop/DE Project/Apache Airflow Project/venv/lib/python3.10/site-packages/airflow/example_dags/example_branch_labels.py for tasks to queue
[2025-02-09T18:48:59.590-0700] {logging_mixin.py:190} INFO - [2025-02-09T18:48:59.590-0700] {dagbag.py:588} INFO - Filling up the DagBag from /Users/pranithjain/Desktop/DE Project/Apache Airflow Project/venv/lib/python3.10/site-packages/airflow/example_dags/example_branch_labels.py
[2025-02-09T18:48:59.595-0700] {processor.py:925} INFO - DAG(s) 'example_branch_labels' retrieved from /Users/pranithjain/Desktop/DE Project/Apache Airflow Project/venv/lib/python3.10/site-packages/airflow/example_dags/example_branch_labels.py
[2025-02-09T18:48:59.700-0700] {logging_mixin.py:190} INFO - [2025-02-09T18:48:59.699-0700] {override.py:1930} INFO - Created Permission View: can edit on DAG:example_branch_labels
[2025-02-09T18:48:59.703-0700] {logging_mixin.py:190} INFO - [2025-02-09T18:48:59.703-0700] {override.py:1930} INFO - Created Permission View: can read on DAG:example_branch_labels
[2025-02-09T18:48:59.705-0700] {logging_mixin.py:190} INFO - [2025-02-09T18:48:59.705-0700] {override.py:1930} INFO - Created Permission View: can delete on DAG:example_branch_labels
[2025-02-09T18:48:59.708-0700] {logging_mixin.py:190} INFO - [2025-02-09T18:48:59.708-0700] {override.py:1930} INFO - Created Permission View: menu access on DAG Run:example_branch_labels
[2025-02-09T18:48:59.710-0700] {logging_mixin.py:190} INFO - [2025-02-09T18:48:59.710-0700] {override.py:1930} INFO - Created Permission View: can create on DAG Run:example_branch_labels
[2025-02-09T18:48:59.712-0700] {logging_mixin.py:190} INFO - [2025-02-09T18:48:59.712-0700] {override.py:1930} INFO - Created Permission View: can read on DAG Run:example_branch_labels
[2025-02-09T18:48:59.714-0700] {logging_mixin.py:190} INFO - [2025-02-09T18:48:59.714-0700] {override.py:1930} INFO - Created Permission View: can delete on DAG Run:example_branch_labels
[2025-02-09T18:48:59.714-0700] {logging_mixin.py:190} INFO - [2025-02-09T18:48:59.714-0700] {dag.py:3239} INFO - Sync 1 DAGs
[2025-02-09T18:48:59.719-0700] {logging_mixin.py:190} INFO - [2025-02-09T18:48:59.719-0700] {dag.py:3262} INFO - Creating ORM DAG for example_branch_labels
[2025-02-09T18:48:59.723-0700] {logging_mixin.py:190} INFO - [2025-02-09T18:48:59.723-0700] {dag.py:4180} INFO - Setting next_dagrun for example_branch_labels to 2025-02-09 00:00:00+00:00, run_after=2025-02-10 00:00:00+00:00
[2025-02-09T18:48:59.728-0700] {processor.py:208} INFO - Processing /Users/pranithjain/Desktop/DE Project/Apache Airflow Project/venv/lib/python3.10/site-packages/airflow/example_dags/example_branch_labels.py took 0.141 seconds
[2025-02-09T18:51:24.432-0700] {processor.py:186} INFO - Started process (PID=19445) to work on /Users/pranithjain/Desktop/DE Project/Apache Airflow Project/venv/lib/python3.10/site-packages/airflow/example_dags/example_branch_labels.py
[2025-02-09T18:51:24.434-0700] {processor.py:914} INFO - Processing file /Users/pranithjain/Desktop/DE Project/Apache Airflow Project/venv/lib/python3.10/site-packages/airflow/example_dags/example_branch_labels.py for tasks to queue
[2025-02-09T18:51:24.434-0700] {logging_mixin.py:190} INFO - [2025-02-09T18:51:24.434-0700] {dagbag.py:588} INFO - Filling up the DagBag from /Users/pranithjain/Desktop/DE Project/Apache Airflow Project/venv/lib/python3.10/site-packages/airflow/example_dags/example_branch_labels.py
[2025-02-09T18:51:24.440-0700] {processor.py:925} INFO - DAG(s) 'example_branch_labels' retrieved from /Users/pranithjain/Desktop/DE Project/Apache Airflow Project/venv/lib/python3.10/site-packages/airflow/example_dags/example_branch_labels.py
[2025-02-09T18:51:24.509-0700] {logging_mixin.py:190} INFO - [2025-02-09T18:51:24.508-0700] {dag.py:3239} INFO - Sync 1 DAGs
[2025-02-09T18:51:24.517-0700] {logging_mixin.py:190} INFO - [2025-02-09T18:51:24.517-0700] {dag.py:4180} INFO - Setting next_dagrun for example_branch_labels to 2025-02-09 00:00:00+00:00, run_after=2025-02-10 00:00:00+00:00
[2025-02-09T18:51:24.524-0700] {processor.py:208} INFO - Processing /Users/pranithjain/Desktop/DE Project/Apache Airflow Project/venv/lib/python3.10/site-packages/airflow/example_dags/example_branch_labels.py took 0.094 seconds
[2025-02-09T18:54:07.116-0700] {processor.py:186} INFO - Started process (PID=19959) to work on /Users/pranithjain/Desktop/DE Project/Apache Airflow Project/venv/lib/python3.10/site-packages/airflow/example_dags/example_branch_labels.py
[2025-02-09T18:54:07.117-0700] {processor.py:914} INFO - Processing file /Users/pranithjain/Desktop/DE Project/Apache Airflow Project/venv/lib/python3.10/site-packages/airflow/example_dags/example_branch_labels.py for tasks to queue
[2025-02-09T18:54:07.118-0700] {logging_mixin.py:190} INFO - [2025-02-09T18:54:07.118-0700] {dagbag.py:588} INFO - Filling up the DagBag from /Users/pranithjain/Desktop/DE Project/Apache Airflow Project/venv/lib/python3.10/site-packages/airflow/example_dags/example_branch_labels.py
[2025-02-09T18:54:07.123-0700] {processor.py:925} INFO - DAG(s) 'example_branch_labels' retrieved from /Users/pranithjain/Desktop/DE Project/Apache Airflow Project/venv/lib/python3.10/site-packages/airflow/example_dags/example_branch_labels.py
[2025-02-09T18:54:07.190-0700] {logging_mixin.py:190} INFO - [2025-02-09T18:54:07.190-0700] {dag.py:3239} INFO - Sync 1 DAGs
[2025-02-09T18:54:07.197-0700] {logging_mixin.py:190} INFO - [2025-02-09T18:54:07.197-0700] {dag.py:4180} INFO - Setting next_dagrun for example_branch_labels to 2025-02-09 00:00:00+00:00, run_after=2025-02-10 00:00:00+00:00
[2025-02-09T18:54:07.204-0700] {processor.py:208} INFO - Processing /Users/pranithjain/Desktop/DE Project/Apache Airflow Project/venv/lib/python3.10/site-packages/airflow/example_dags/example_branch_labels.py took 0.090 seconds
[2025-02-09T18:56:31.329-0700] {processor.py:186} INFO - Started process (PID=20415) to work on /Users/pranithjain/Desktop/DE Project/Apache Airflow Project/venv/lib/python3.10/site-packages/airflow/example_dags/example_branch_labels.py
[2025-02-09T18:56:31.330-0700] {processor.py:914} INFO - Processing file /Users/pranithjain/Desktop/DE Project/Apache Airflow Project/venv/lib/python3.10/site-packages/airflow/example_dags/example_branch_labels.py for tasks to queue
[2025-02-09T18:56:31.330-0700] {logging_mixin.py:190} INFO - [2025-02-09T18:56:31.330-0700] {dagbag.py:588} INFO - Filling up the DagBag from /Users/pranithjain/Desktop/DE Project/Apache Airflow Project/venv/lib/python3.10/site-packages/airflow/example_dags/example_branch_labels.py
[2025-02-09T18:56:31.334-0700] {processor.py:925} INFO - DAG(s) 'example_branch_labels' retrieved from /Users/pranithjain/Desktop/DE Project/Apache Airflow Project/venv/lib/python3.10/site-packages/airflow/example_dags/example_branch_labels.py
[2025-02-09T18:56:31.404-0700] {logging_mixin.py:190} INFO - [2025-02-09T18:56:31.403-0700] {dag.py:3239} INFO - Sync 1 DAGs
[2025-02-09T18:56:31.411-0700] {logging_mixin.py:190} INFO - [2025-02-09T18:56:31.411-0700] {dag.py:4180} INFO - Setting next_dagrun for example_branch_labels to 2025-02-09 00:00:00+00:00, run_after=2025-02-10 00:00:00+00:00
[2025-02-09T18:56:31.418-0700] {processor.py:208} INFO - Processing /Users/pranithjain/Desktop/DE Project/Apache Airflow Project/venv/lib/python3.10/site-packages/airflow/example_dags/example_branch_labels.py took 0.091 seconds
[2025-02-09T18:58:54.906-0700] {processor.py:186} INFO - Started process (PID=20849) to work on /Users/pranithjain/Desktop/DE Project/Apache Airflow Project/venv/lib/python3.10/site-packages/airflow/example_dags/example_branch_labels.py
[2025-02-09T18:58:54.907-0700] {processor.py:914} INFO - Processing file /Users/pranithjain/Desktop/DE Project/Apache Airflow Project/venv/lib/python3.10/site-packages/airflow/example_dags/example_branch_labels.py for tasks to queue
[2025-02-09T18:58:54.907-0700] {logging_mixin.py:190} INFO - [2025-02-09T18:58:54.907-0700] {dagbag.py:588} INFO - Filling up the DagBag from /Users/pranithjain/Desktop/DE Project/Apache Airflow Project/venv/lib/python3.10/site-packages/airflow/example_dags/example_branch_labels.py
[2025-02-09T18:58:54.912-0700] {processor.py:925} INFO - DAG(s) 'example_branch_labels' retrieved from /Users/pranithjain/Desktop/DE Project/Apache Airflow Project/venv/lib/python3.10/site-packages/airflow/example_dags/example_branch_labels.py
[2025-02-09T18:58:54.979-0700] {logging_mixin.py:190} INFO - [2025-02-09T18:58:54.979-0700] {dag.py:3239} INFO - Sync 1 DAGs
[2025-02-09T18:58:54.987-0700] {logging_mixin.py:190} INFO - [2025-02-09T18:58:54.987-0700] {dag.py:4180} INFO - Setting next_dagrun for example_branch_labels to 2025-02-09 00:00:00+00:00, run_after=2025-02-10 00:00:00+00:00
[2025-02-09T18:58:54.994-0700] {processor.py:208} INFO - Processing /Users/pranithjain/Desktop/DE Project/Apache Airflow Project/venv/lib/python3.10/site-packages/airflow/example_dags/example_branch_labels.py took 0.090 seconds
[2025-02-09T19:07:40.112-0700] {processor.py:186} INFO - Started process (PID=22132) to work on /Users/pranithjain/Desktop/DE Project/Apache Airflow Project/venv/lib/python3.10/site-packages/airflow/example_dags/example_branch_labels.py
[2025-02-09T19:07:40.112-0700] {processor.py:914} INFO - Processing file /Users/pranithjain/Desktop/DE Project/Apache Airflow Project/venv/lib/python3.10/site-packages/airflow/example_dags/example_branch_labels.py for tasks to queue
[2025-02-09T19:07:40.113-0700] {logging_mixin.py:190} INFO - [2025-02-09T19:07:40.112-0700] {dagbag.py:588} INFO - Filling up the DagBag from /Users/pranithjain/Desktop/DE Project/Apache Airflow Project/venv/lib/python3.10/site-packages/airflow/example_dags/example_branch_labels.py
[2025-02-09T19:07:40.117-0700] {processor.py:925} INFO - DAG(s) 'example_branch_labels' retrieved from /Users/pranithjain/Desktop/DE Project/Apache Airflow Project/venv/lib/python3.10/site-packages/airflow/example_dags/example_branch_labels.py
[2025-02-09T19:07:40.195-0700] {logging_mixin.py:190} INFO - [2025-02-09T19:07:40.195-0700] {dag.py:3239} INFO - Sync 1 DAGs
[2025-02-09T19:07:40.202-0700] {logging_mixin.py:190} INFO - [2025-02-09T19:07:40.202-0700] {dag.py:4180} INFO - Setting next_dagrun for example_branch_labels to 2025-02-09 00:00:00+00:00, run_after=2025-02-10 00:00:00+00:00
[2025-02-09T19:07:40.210-0700] {processor.py:208} INFO - Processing /Users/pranithjain/Desktop/DE Project/Apache Airflow Project/venv/lib/python3.10/site-packages/airflow/example_dags/example_branch_labels.py took 0.100 seconds
[2025-02-09T19:10:01.459-0700] {processor.py:186} INFO - Started process (PID=22571) to work on /Users/pranithjain/Desktop/DE Project/Apache Airflow Project/venv/lib/python3.10/site-packages/airflow/example_dags/example_branch_labels.py
[2025-02-09T19:10:01.460-0700] {processor.py:914} INFO - Processing file /Users/pranithjain/Desktop/DE Project/Apache Airflow Project/venv/lib/python3.10/site-packages/airflow/example_dags/example_branch_labels.py for tasks to queue
[2025-02-09T19:10:01.460-0700] {logging_mixin.py:190} INFO - [2025-02-09T19:10:01.460-0700] {dagbag.py:588} INFO - Filling up the DagBag from /Users/pranithjain/Desktop/DE Project/Apache Airflow Project/venv/lib/python3.10/site-packages/airflow/example_dags/example_branch_labels.py
[2025-02-09T19:10:01.465-0700] {processor.py:925} INFO - DAG(s) 'example_branch_labels' retrieved from /Users/pranithjain/Desktop/DE Project/Apache Airflow Project/venv/lib/python3.10/site-packages/airflow/example_dags/example_branch_labels.py
[2025-02-09T19:10:01.571-0700] {logging_mixin.py:190} INFO - [2025-02-09T19:10:01.571-0700] {dag.py:3239} INFO - Sync 1 DAGs
[2025-02-09T19:10:01.578-0700] {logging_mixin.py:190} INFO - [2025-02-09T19:10:01.578-0700] {dag.py:4180} INFO - Setting next_dagrun for example_branch_labels to 2025-02-09 00:00:00+00:00, run_after=2025-02-10 00:00:00+00:00
[2025-02-09T19:10:01.586-0700] {processor.py:208} INFO - Processing /Users/pranithjain/Desktop/DE Project/Apache Airflow Project/venv/lib/python3.10/site-packages/airflow/example_dags/example_branch_labels.py took 0.128 seconds
[2025-02-09T19:14:13.142-0700] {processor.py:186} INFO - Started process (PID=23295) to work on /Users/pranithjain/Desktop/DE Project/Apache Airflow Project/venv/lib/python3.10/site-packages/airflow/example_dags/example_branch_labels.py
[2025-02-09T19:14:13.142-0700] {processor.py:914} INFO - Processing file /Users/pranithjain/Desktop/DE Project/Apache Airflow Project/venv/lib/python3.10/site-packages/airflow/example_dags/example_branch_labels.py for tasks to queue
[2025-02-09T19:14:13.143-0700] {logging_mixin.py:190} INFO - [2025-02-09T19:14:13.143-0700] {dagbag.py:588} INFO - Filling up the DagBag from /Users/pranithjain/Desktop/DE Project/Apache Airflow Project/venv/lib/python3.10/site-packages/airflow/example_dags/example_branch_labels.py
[2025-02-09T19:14:13.147-0700] {processor.py:925} INFO - DAG(s) 'example_branch_labels' retrieved from /Users/pranithjain/Desktop/DE Project/Apache Airflow Project/venv/lib/python3.10/site-packages/airflow/example_dags/example_branch_labels.py
[2025-02-09T19:14:13.214-0700] {logging_mixin.py:190} INFO - [2025-02-09T19:14:13.214-0700] {dag.py:3239} INFO - Sync 1 DAGs
[2025-02-09T19:14:13.222-0700] {logging_mixin.py:190} INFO - [2025-02-09T19:14:13.221-0700] {dag.py:4180} INFO - Setting next_dagrun for example_branch_labels to 2025-02-09 00:00:00+00:00, run_after=2025-02-10 00:00:00+00:00
[2025-02-09T19:14:13.228-0700] {processor.py:208} INFO - Processing /Users/pranithjain/Desktop/DE Project/Apache Airflow Project/venv/lib/python3.10/site-packages/airflow/example_dags/example_branch_labels.py took 0.088 seconds
[2025-02-09T19:16:32.681-0700] {processor.py:186} INFO - Started process (PID=23723) to work on /Users/pranithjain/Desktop/DE Project/Apache Airflow Project/venv/lib/python3.10/site-packages/airflow/example_dags/example_branch_labels.py
[2025-02-09T19:16:32.682-0700] {processor.py:914} INFO - Processing file /Users/pranithjain/Desktop/DE Project/Apache Airflow Project/venv/lib/python3.10/site-packages/airflow/example_dags/example_branch_labels.py for tasks to queue
[2025-02-09T19:16:32.683-0700] {logging_mixin.py:190} INFO - [2025-02-09T19:16:32.683-0700] {dagbag.py:588} INFO - Filling up the DagBag from /Users/pranithjain/Desktop/DE Project/Apache Airflow Project/venv/lib/python3.10/site-packages/airflow/example_dags/example_branch_labels.py
[2025-02-09T19:16:32.687-0700] {processor.py:925} INFO - DAG(s) 'example_branch_labels' retrieved from /Users/pranithjain/Desktop/DE Project/Apache Airflow Project/venv/lib/python3.10/site-packages/airflow/example_dags/example_branch_labels.py
[2025-02-09T19:16:32.757-0700] {logging_mixin.py:190} INFO - [2025-02-09T19:16:32.757-0700] {dag.py:3239} INFO - Sync 1 DAGs
[2025-02-09T19:16:32.764-0700] {logging_mixin.py:190} INFO - [2025-02-09T19:16:32.764-0700] {dag.py:4180} INFO - Setting next_dagrun for example_branch_labels to 2025-02-09 00:00:00+00:00, run_after=2025-02-10 00:00:00+00:00
[2025-02-09T19:16:32.771-0700] {processor.py:208} INFO - Processing /Users/pranithjain/Desktop/DE Project/Apache Airflow Project/venv/lib/python3.10/site-packages/airflow/example_dags/example_branch_labels.py took 0.092 seconds
[2025-02-09T19:18:57.762-0700] {processor.py:186} INFO - Started process (PID=24164) to work on /Users/pranithjain/Desktop/DE Project/Apache Airflow Project/venv/lib/python3.10/site-packages/airflow/example_dags/example_branch_labels.py
[2025-02-09T19:18:57.762-0700] {processor.py:914} INFO - Processing file /Users/pranithjain/Desktop/DE Project/Apache Airflow Project/venv/lib/python3.10/site-packages/airflow/example_dags/example_branch_labels.py for tasks to queue
[2025-02-09T19:18:57.763-0700] {logging_mixin.py:190} INFO - [2025-02-09T19:18:57.763-0700] {dagbag.py:588} INFO - Filling up the DagBag from /Users/pranithjain/Desktop/DE Project/Apache Airflow Project/venv/lib/python3.10/site-packages/airflow/example_dags/example_branch_labels.py
[2025-02-09T19:18:57.767-0700] {processor.py:925} INFO - DAG(s) 'example_branch_labels' retrieved from /Users/pranithjain/Desktop/DE Project/Apache Airflow Project/venv/lib/python3.10/site-packages/airflow/example_dags/example_branch_labels.py
[2025-02-09T19:18:57.834-0700] {logging_mixin.py:190} INFO - [2025-02-09T19:18:57.834-0700] {dag.py:3239} INFO - Sync 1 DAGs
[2025-02-09T19:18:57.841-0700] {logging_mixin.py:190} INFO - [2025-02-09T19:18:57.841-0700] {dag.py:4180} INFO - Setting next_dagrun for example_branch_labels to 2025-02-09 00:00:00+00:00, run_after=2025-02-10 00:00:00+00:00
[2025-02-09T19:18:57.848-0700] {processor.py:208} INFO - Processing /Users/pranithjain/Desktop/DE Project/Apache Airflow Project/venv/lib/python3.10/site-packages/airflow/example_dags/example_branch_labels.py took 0.088 seconds
[2025-02-09T19:21:24.643-0700] {processor.py:186} INFO - Started process (PID=24614) to work on /Users/pranithjain/Desktop/DE Project/Apache Airflow Project/venv/lib/python3.10/site-packages/airflow/example_dags/example_branch_labels.py
[2025-02-09T19:21:24.643-0700] {processor.py:914} INFO - Processing file /Users/pranithjain/Desktop/DE Project/Apache Airflow Project/venv/lib/python3.10/site-packages/airflow/example_dags/example_branch_labels.py for tasks to queue
[2025-02-09T19:21:24.644-0700] {logging_mixin.py:190} INFO - [2025-02-09T19:21:24.644-0700] {dagbag.py:588} INFO - Filling up the DagBag from /Users/pranithjain/Desktop/DE Project/Apache Airflow Project/venv/lib/python3.10/site-packages/airflow/example_dags/example_branch_labels.py
[2025-02-09T19:21:24.648-0700] {processor.py:925} INFO - DAG(s) 'example_branch_labels' retrieved from /Users/pranithjain/Desktop/DE Project/Apache Airflow Project/venv/lib/python3.10/site-packages/airflow/example_dags/example_branch_labels.py
[2025-02-09T19:21:24.715-0700] {logging_mixin.py:190} INFO - [2025-02-09T19:21:24.715-0700] {dag.py:3239} INFO - Sync 1 DAGs
[2025-02-09T19:21:24.722-0700] {logging_mixin.py:190} INFO - [2025-02-09T19:21:24.722-0700] {dag.py:4180} INFO - Setting next_dagrun for example_branch_labels to 2025-02-09 00:00:00+00:00, run_after=2025-02-10 00:00:00+00:00
[2025-02-09T19:21:24.728-0700] {processor.py:208} INFO - Processing /Users/pranithjain/Desktop/DE Project/Apache Airflow Project/venv/lib/python3.10/site-packages/airflow/example_dags/example_branch_labels.py took 0.088 seconds
[2025-02-09T19:23:47.432-0700] {processor.py:186} INFO - Started process (PID=25144) to work on /Users/pranithjain/Desktop/DE Project/Apache Airflow Project/venv/lib/python3.10/site-packages/airflow/example_dags/example_branch_labels.py
[2025-02-09T19:23:47.433-0700] {processor.py:914} INFO - Processing file /Users/pranithjain/Desktop/DE Project/Apache Airflow Project/venv/lib/python3.10/site-packages/airflow/example_dags/example_branch_labels.py for tasks to queue
[2025-02-09T19:23:47.433-0700] {logging_mixin.py:190} INFO - [2025-02-09T19:23:47.433-0700] {dagbag.py:588} INFO - Filling up the DagBag from /Users/pranithjain/Desktop/DE Project/Apache Airflow Project/venv/lib/python3.10/site-packages/airflow/example_dags/example_branch_labels.py
[2025-02-09T19:23:47.437-0700] {processor.py:925} INFO - DAG(s) 'example_branch_labels' retrieved from /Users/pranithjain/Desktop/DE Project/Apache Airflow Project/venv/lib/python3.10/site-packages/airflow/example_dags/example_branch_labels.py
[2025-02-09T19:23:47.504-0700] {logging_mixin.py:190} INFO - [2025-02-09T19:23:47.504-0700] {dag.py:3239} INFO - Sync 1 DAGs
[2025-02-09T19:23:47.511-0700] {logging_mixin.py:190} INFO - [2025-02-09T19:23:47.511-0700] {dag.py:4180} INFO - Setting next_dagrun for example_branch_labels to 2025-02-09 00:00:00+00:00, run_after=2025-02-10 00:00:00+00:00
[2025-02-09T19:23:47.518-0700] {processor.py:208} INFO - Processing /Users/pranithjain/Desktop/DE Project/Apache Airflow Project/venv/lib/python3.10/site-packages/airflow/example_dags/example_branch_labels.py took 0.088 seconds
[2025-02-09T19:26:03.635-0700] {processor.py:186} INFO - Started process (PID=25581) to work on /Users/pranithjain/Desktop/DE Project/Apache Airflow Project/venv/lib/python3.10/site-packages/airflow/example_dags/example_branch_labels.py
[2025-02-09T19:26:03.635-0700] {processor.py:914} INFO - Processing file /Users/pranithjain/Desktop/DE Project/Apache Airflow Project/venv/lib/python3.10/site-packages/airflow/example_dags/example_branch_labels.py for tasks to queue
[2025-02-09T19:26:03.636-0700] {logging_mixin.py:190} INFO - [2025-02-09T19:26:03.636-0700] {dagbag.py:588} INFO - Filling up the DagBag from /Users/pranithjain/Desktop/DE Project/Apache Airflow Project/venv/lib/python3.10/site-packages/airflow/example_dags/example_branch_labels.py
[2025-02-09T19:26:03.640-0700] {processor.py:925} INFO - DAG(s) 'example_branch_labels' retrieved from /Users/pranithjain/Desktop/DE Project/Apache Airflow Project/venv/lib/python3.10/site-packages/airflow/example_dags/example_branch_labels.py
[2025-02-09T19:26:03.708-0700] {logging_mixin.py:190} INFO - [2025-02-09T19:26:03.708-0700] {dag.py:3239} INFO - Sync 1 DAGs
[2025-02-09T19:26:03.715-0700] {logging_mixin.py:190} INFO - [2025-02-09T19:26:03.715-0700] {dag.py:4180} INFO - Setting next_dagrun for example_branch_labels to 2025-02-09 00:00:00+00:00, run_after=2025-02-10 00:00:00+00:00
[2025-02-09T19:26:03.722-0700] {processor.py:208} INFO - Processing /Users/pranithjain/Desktop/DE Project/Apache Airflow Project/venv/lib/python3.10/site-packages/airflow/example_dags/example_branch_labels.py took 0.089 seconds
