[2025-02-09T18:47:39.290-0700] {processor.py:186} INFO - Started process (PID=18679) to work on /Users/pranithjain/Desktop/DE Project/Apache Airflow Project/venv/lib/python3.10/site-packages/airflow/example_dags/tutorial_objectstorage.py
[2025-02-09T18:47:39.290-0700] {processor.py:914} INFO - Processing file /Users/pranithjain/Desktop/DE Project/Apache Airflow Project/venv/lib/python3.10/site-packages/airflow/example_dags/tutorial_objectstorage.py for tasks to queue
[2025-02-09T18:47:39.291-0700] {logging_mixin.py:190} INFO - [2025-02-09T18:47:39.290-0700] {dagbag.py:588} INFO - Filling up the DagBag from /Users/pranithjain/Desktop/DE Project/Apache Airflow Project/venv/lib/python3.10/site-packages/airflow/example_dags/tutorial_objectstorage.py
[2025-02-09T18:47:39.307-0700] {processor.py:925} INFO - DAG(s) 'tutorial_objectstorage' retrieved from /Users/pranithjain/Desktop/DE Project/Apache Airflow Project/venv/lib/python3.10/site-packages/airflow/example_dags/tutorial_objectstorage.py
[2025-02-09T18:47:39.408-0700] {logging_mixin.py:190} INFO - [2025-02-09T18:47:39.408-0700] {override.py:1930} INFO - Created Permission View: can delete on DAG:tutorial_objectstorage
[2025-02-09T18:47:39.411-0700] {logging_mixin.py:190} INFO - [2025-02-09T18:47:39.411-0700] {override.py:1930} INFO - Created Permission View: can edit on DAG:tutorial_objectstorage
[2025-02-09T18:47:39.413-0700] {logging_mixin.py:190} INFO - [2025-02-09T18:47:39.413-0700] {override.py:1930} INFO - Created Permission View: can read on DAG:tutorial_objectstorage
[2025-02-09T18:47:39.416-0700] {logging_mixin.py:190} INFO - [2025-02-09T18:47:39.415-0700] {override.py:1930} INFO - Created Permission View: can create on DAG Run:tutorial_objectstorage
[2025-02-09T18:47:39.418-0700] {logging_mixin.py:190} INFO - [2025-02-09T18:47:39.417-0700] {override.py:1930} INFO - Created Permission View: can delete on DAG Run:tutorial_objectstorage
[2025-02-09T18:47:39.420-0700] {logging_mixin.py:190} INFO - [2025-02-09T18:47:39.420-0700] {override.py:1930} INFO - Created Permission View: menu access on DAG Run:tutorial_objectstorage
[2025-02-09T18:47:39.422-0700] {logging_mixin.py:190} INFO - [2025-02-09T18:47:39.421-0700] {override.py:1930} INFO - Created Permission View: can read on DAG Run:tutorial_objectstorage
[2025-02-09T18:47:39.422-0700] {logging_mixin.py:190} INFO - [2025-02-09T18:47:39.422-0700] {dag.py:3239} INFO - Sync 1 DAGs
[2025-02-09T18:47:39.426-0700] {logging_mixin.py:190} INFO - [2025-02-09T18:47:39.426-0700] {dag.py:3262} INFO - Creating ORM DAG for tutorial_objectstorage
[2025-02-09T18:47:39.427-0700] {logging_mixin.py:190} INFO - [2025-02-09T18:47:39.427-0700] {dag.py:4180} INFO - Setting next_dagrun for tutorial_objectstorage to None, run_after=None
[2025-02-09T18:47:39.433-0700] {processor.py:208} INFO - Processing /Users/pranithjain/Desktop/DE Project/Apache Airflow Project/venv/lib/python3.10/site-packages/airflow/example_dags/tutorial_objectstorage.py took 0.145 seconds
[2025-02-09T18:49:23.289-0700] {processor.py:186} INFO - Started process (PID=19073) to work on /Users/pranithjain/Desktop/DE Project/Apache Airflow Project/venv/lib/python3.10/site-packages/airflow/example_dags/tutorial_objectstorage.py
[2025-02-09T18:49:23.290-0700] {processor.py:914} INFO - Processing file /Users/pranithjain/Desktop/DE Project/Apache Airflow Project/venv/lib/python3.10/site-packages/airflow/example_dags/tutorial_objectstorage.py for tasks to queue
[2025-02-09T18:49:23.290-0700] {logging_mixin.py:190} INFO - [2025-02-09T18:49:23.290-0700] {dagbag.py:588} INFO - Filling up the DagBag from /Users/pranithjain/Desktop/DE Project/Apache Airflow Project/venv/lib/python3.10/site-packages/airflow/example_dags/tutorial_objectstorage.py
[2025-02-09T18:49:23.306-0700] {processor.py:925} INFO - DAG(s) 'tutorial_objectstorage' retrieved from /Users/pranithjain/Desktop/DE Project/Apache Airflow Project/venv/lib/python3.10/site-packages/airflow/example_dags/tutorial_objectstorage.py
[2025-02-09T18:49:23.370-0700] {logging_mixin.py:190} INFO - [2025-02-09T18:49:23.370-0700] {dag.py:3239} INFO - Sync 1 DAGs
[2025-02-09T18:49:23.375-0700] {logging_mixin.py:190} INFO - [2025-02-09T18:49:23.375-0700] {dag.py:4180} INFO - Setting next_dagrun for tutorial_objectstorage to None, run_after=None
[2025-02-09T18:49:23.382-0700] {processor.py:208} INFO - Processing /Users/pranithjain/Desktop/DE Project/Apache Airflow Project/venv/lib/python3.10/site-packages/airflow/example_dags/tutorial_objectstorage.py took 0.095 seconds
[2025-02-09T18:50:36.795-0700] {processor.py:186} INFO - Started process (PID=19301) to work on /Users/pranithjain/Desktop/DE Project/Apache Airflow Project/venv/lib/python3.10/site-packages/airflow/example_dags/tutorial_objectstorage.py
[2025-02-09T18:50:36.797-0700] {processor.py:914} INFO - Processing file /Users/pranithjain/Desktop/DE Project/Apache Airflow Project/venv/lib/python3.10/site-packages/airflow/example_dags/tutorial_objectstorage.py for tasks to queue
[2025-02-09T18:50:36.797-0700] {logging_mixin.py:190} INFO - [2025-02-09T18:50:36.797-0700] {dagbag.py:588} INFO - Filling up the DagBag from /Users/pranithjain/Desktop/DE Project/Apache Airflow Project/venv/lib/python3.10/site-packages/airflow/example_dags/tutorial_objectstorage.py
[2025-02-09T18:50:36.813-0700] {processor.py:925} INFO - DAG(s) 'tutorial_objectstorage' retrieved from /Users/pranithjain/Desktop/DE Project/Apache Airflow Project/venv/lib/python3.10/site-packages/airflow/example_dags/tutorial_objectstorage.py
[2025-02-09T18:50:36.878-0700] {logging_mixin.py:190} INFO - [2025-02-09T18:50:36.878-0700] {dag.py:3239} INFO - Sync 1 DAGs
[2025-02-09T18:50:36.883-0700] {logging_mixin.py:190} INFO - [2025-02-09T18:50:36.883-0700] {dag.py:4180} INFO - Setting next_dagrun for tutorial_objectstorage to None, run_after=None
[2025-02-09T18:50:36.890-0700] {processor.py:208} INFO - Processing /Users/pranithjain/Desktop/DE Project/Apache Airflow Project/venv/lib/python3.10/site-packages/airflow/example_dags/tutorial_objectstorage.py took 0.096 seconds
[2025-02-09T18:51:48.710-0700] {processor.py:186} INFO - Started process (PID=19524) to work on /Users/pranithjain/Desktop/DE Project/Apache Airflow Project/venv/lib/python3.10/site-packages/airflow/example_dags/tutorial_objectstorage.py
[2025-02-09T18:51:48.711-0700] {processor.py:914} INFO - Processing file /Users/pranithjain/Desktop/DE Project/Apache Airflow Project/venv/lib/python3.10/site-packages/airflow/example_dags/tutorial_objectstorage.py for tasks to queue
[2025-02-09T18:51:48.711-0700] {logging_mixin.py:190} INFO - [2025-02-09T18:51:48.711-0700] {dagbag.py:588} INFO - Filling up the DagBag from /Users/pranithjain/Desktop/DE Project/Apache Airflow Project/venv/lib/python3.10/site-packages/airflow/example_dags/tutorial_objectstorage.py
[2025-02-09T18:51:48.727-0700] {processor.py:925} INFO - DAG(s) 'tutorial_objectstorage' retrieved from /Users/pranithjain/Desktop/DE Project/Apache Airflow Project/venv/lib/python3.10/site-packages/airflow/example_dags/tutorial_objectstorage.py
[2025-02-09T18:51:48.791-0700] {logging_mixin.py:190} INFO - [2025-02-09T18:51:48.791-0700] {dag.py:3239} INFO - Sync 1 DAGs
[2025-02-09T18:51:48.796-0700] {logging_mixin.py:190} INFO - [2025-02-09T18:51:48.796-0700] {dag.py:4180} INFO - Setting next_dagrun for tutorial_objectstorage to None, run_after=None
[2025-02-09T18:51:48.803-0700] {processor.py:208} INFO - Processing /Users/pranithjain/Desktop/DE Project/Apache Airflow Project/venv/lib/python3.10/site-packages/airflow/example_dags/tutorial_objectstorage.py took 0.094 seconds
[2025-02-09T18:52:47.924-0700] {processor.py:186} INFO - Started process (PID=19718) to work on /Users/pranithjain/Desktop/DE Project/Apache Airflow Project/venv/lib/python3.10/site-packages/airflow/example_dags/tutorial_objectstorage.py
[2025-02-09T18:52:47.926-0700] {processor.py:914} INFO - Processing file /Users/pranithjain/Desktop/DE Project/Apache Airflow Project/venv/lib/python3.10/site-packages/airflow/example_dags/tutorial_objectstorage.py for tasks to queue
[2025-02-09T18:52:47.926-0700] {logging_mixin.py:190} INFO - [2025-02-09T18:52:47.926-0700] {dagbag.py:588} INFO - Filling up the DagBag from /Users/pranithjain/Desktop/DE Project/Apache Airflow Project/venv/lib/python3.10/site-packages/airflow/example_dags/tutorial_objectstorage.py
[2025-02-09T18:52:47.942-0700] {processor.py:925} INFO - DAG(s) 'tutorial_objectstorage' retrieved from /Users/pranithjain/Desktop/DE Project/Apache Airflow Project/venv/lib/python3.10/site-packages/airflow/example_dags/tutorial_objectstorage.py
[2025-02-09T18:52:48.007-0700] {logging_mixin.py:190} INFO - [2025-02-09T18:52:48.007-0700] {dag.py:3239} INFO - Sync 1 DAGs
[2025-02-09T18:52:48.012-0700] {logging_mixin.py:190} INFO - [2025-02-09T18:52:48.012-0700] {dag.py:4180} INFO - Setting next_dagrun for tutorial_objectstorage to None, run_after=None
[2025-02-09T18:52:48.019-0700] {processor.py:208} INFO - Processing /Users/pranithjain/Desktop/DE Project/Apache Airflow Project/venv/lib/python3.10/site-packages/airflow/example_dags/tutorial_objectstorage.py took 0.096 seconds
[2025-02-09T18:54:31.774-0700] {processor.py:186} INFO - Started process (PID=20036) to work on /Users/pranithjain/Desktop/DE Project/Apache Airflow Project/venv/lib/python3.10/site-packages/airflow/example_dags/tutorial_objectstorage.py
[2025-02-09T18:54:31.775-0700] {processor.py:914} INFO - Processing file /Users/pranithjain/Desktop/DE Project/Apache Airflow Project/venv/lib/python3.10/site-packages/airflow/example_dags/tutorial_objectstorage.py for tasks to queue
[2025-02-09T18:54:31.775-0700] {logging_mixin.py:190} INFO - [2025-02-09T18:54:31.775-0700] {dagbag.py:588} INFO - Filling up the DagBag from /Users/pranithjain/Desktop/DE Project/Apache Airflow Project/venv/lib/python3.10/site-packages/airflow/example_dags/tutorial_objectstorage.py
[2025-02-09T18:54:31.791-0700] {processor.py:925} INFO - DAG(s) 'tutorial_objectstorage' retrieved from /Users/pranithjain/Desktop/DE Project/Apache Airflow Project/venv/lib/python3.10/site-packages/airflow/example_dags/tutorial_objectstorage.py
[2025-02-09T18:54:31.855-0700] {logging_mixin.py:190} INFO - [2025-02-09T18:54:31.855-0700] {dag.py:3239} INFO - Sync 1 DAGs
[2025-02-09T18:54:31.860-0700] {logging_mixin.py:190} INFO - [2025-02-09T18:54:31.860-0700] {dag.py:4180} INFO - Setting next_dagrun for tutorial_objectstorage to None, run_after=None
[2025-02-09T18:54:31.866-0700] {processor.py:208} INFO - Processing /Users/pranithjain/Desktop/DE Project/Apache Airflow Project/venv/lib/python3.10/site-packages/airflow/example_dags/tutorial_objectstorage.py took 0.094 seconds
[2025-02-09T18:55:42.587-0700] {processor.py:186} INFO - Started process (PID=20252) to work on /Users/pranithjain/Desktop/DE Project/Apache Airflow Project/venv/lib/python3.10/site-packages/airflow/example_dags/tutorial_objectstorage.py
[2025-02-09T18:55:42.588-0700] {processor.py:914} INFO - Processing file /Users/pranithjain/Desktop/DE Project/Apache Airflow Project/venv/lib/python3.10/site-packages/airflow/example_dags/tutorial_objectstorage.py for tasks to queue
[2025-02-09T18:55:42.588-0700] {logging_mixin.py:190} INFO - [2025-02-09T18:55:42.588-0700] {dagbag.py:588} INFO - Filling up the DagBag from /Users/pranithjain/Desktop/DE Project/Apache Airflow Project/venv/lib/python3.10/site-packages/airflow/example_dags/tutorial_objectstorage.py
[2025-02-09T18:55:42.604-0700] {processor.py:925} INFO - DAG(s) 'tutorial_objectstorage' retrieved from /Users/pranithjain/Desktop/DE Project/Apache Airflow Project/venv/lib/python3.10/site-packages/airflow/example_dags/tutorial_objectstorage.py
[2025-02-09T18:55:42.671-0700] {logging_mixin.py:190} INFO - [2025-02-09T18:55:42.671-0700] {dag.py:3239} INFO - Sync 1 DAGs
[2025-02-09T18:55:42.676-0700] {logging_mixin.py:190} INFO - [2025-02-09T18:55:42.676-0700] {dag.py:4180} INFO - Setting next_dagrun for tutorial_objectstorage to None, run_after=None
[2025-02-09T18:55:42.683-0700] {processor.py:208} INFO - Processing /Users/pranithjain/Desktop/DE Project/Apache Airflow Project/venv/lib/python3.10/site-packages/airflow/example_dags/tutorial_objectstorage.py took 0.097 seconds
[2025-02-09T18:56:56.688-0700] {processor.py:186} INFO - Started process (PID=20490) to work on /Users/pranithjain/Desktop/DE Project/Apache Airflow Project/venv/lib/python3.10/site-packages/airflow/example_dags/tutorial_objectstorage.py
[2025-02-09T18:56:56.689-0700] {processor.py:914} INFO - Processing file /Users/pranithjain/Desktop/DE Project/Apache Airflow Project/venv/lib/python3.10/site-packages/airflow/example_dags/tutorial_objectstorage.py for tasks to queue
[2025-02-09T18:56:56.689-0700] {logging_mixin.py:190} INFO - [2025-02-09T18:56:56.689-0700] {dagbag.py:588} INFO - Filling up the DagBag from /Users/pranithjain/Desktop/DE Project/Apache Airflow Project/venv/lib/python3.10/site-packages/airflow/example_dags/tutorial_objectstorage.py
[2025-02-09T18:56:56.707-0700] {processor.py:925} INFO - DAG(s) 'tutorial_objectstorage' retrieved from /Users/pranithjain/Desktop/DE Project/Apache Airflow Project/venv/lib/python3.10/site-packages/airflow/example_dags/tutorial_objectstorage.py
[2025-02-09T18:56:56.776-0700] {logging_mixin.py:190} INFO - [2025-02-09T18:56:56.776-0700] {dag.py:3239} INFO - Sync 1 DAGs
[2025-02-09T18:56:56.781-0700] {logging_mixin.py:190} INFO - [2025-02-09T18:56:56.781-0700] {dag.py:4180} INFO - Setting next_dagrun for tutorial_objectstorage to None, run_after=None
[2025-02-09T18:56:56.788-0700] {processor.py:208} INFO - Processing /Users/pranithjain/Desktop/DE Project/Apache Airflow Project/venv/lib/python3.10/site-packages/airflow/example_dags/tutorial_objectstorage.py took 0.103 seconds
[2025-02-09T18:58:09.202-0700] {processor.py:186} INFO - Started process (PID=20709) to work on /Users/pranithjain/Desktop/DE Project/Apache Airflow Project/venv/lib/python3.10/site-packages/airflow/example_dags/tutorial_objectstorage.py
[2025-02-09T18:58:09.202-0700] {processor.py:914} INFO - Processing file /Users/pranithjain/Desktop/DE Project/Apache Airflow Project/venv/lib/python3.10/site-packages/airflow/example_dags/tutorial_objectstorage.py for tasks to queue
[2025-02-09T18:58:09.203-0700] {logging_mixin.py:190} INFO - [2025-02-09T18:58:09.202-0700] {dagbag.py:588} INFO - Filling up the DagBag from /Users/pranithjain/Desktop/DE Project/Apache Airflow Project/venv/lib/python3.10/site-packages/airflow/example_dags/tutorial_objectstorage.py
[2025-02-09T18:58:09.218-0700] {processor.py:925} INFO - DAG(s) 'tutorial_objectstorage' retrieved from /Users/pranithjain/Desktop/DE Project/Apache Airflow Project/venv/lib/python3.10/site-packages/airflow/example_dags/tutorial_objectstorage.py
[2025-02-09T18:58:09.289-0700] {logging_mixin.py:190} INFO - [2025-02-09T18:58:09.289-0700] {dag.py:3239} INFO - Sync 1 DAGs
[2025-02-09T18:58:09.297-0700] {logging_mixin.py:190} INFO - [2025-02-09T18:58:09.297-0700] {dag.py:4180} INFO - Setting next_dagrun for tutorial_objectstorage to None, run_after=None
[2025-02-09T18:58:09.305-0700] {processor.py:208} INFO - Processing /Users/pranithjain/Desktop/DE Project/Apache Airflow Project/venv/lib/python3.10/site-packages/airflow/example_dags/tutorial_objectstorage.py took 0.105 seconds
[2025-02-09T19:06:24.063-0700] {processor.py:186} INFO - Started process (PID=21893) to work on /Users/pranithjain/Desktop/DE Project/Apache Airflow Project/venv/lib/python3.10/site-packages/airflow/example_dags/tutorial_objectstorage.py
[2025-02-09T19:06:24.063-0700] {processor.py:914} INFO - Processing file /Users/pranithjain/Desktop/DE Project/Apache Airflow Project/venv/lib/python3.10/site-packages/airflow/example_dags/tutorial_objectstorage.py for tasks to queue
[2025-02-09T19:06:24.064-0700] {logging_mixin.py:190} INFO - [2025-02-09T19:06:24.064-0700] {dagbag.py:588} INFO - Filling up the DagBag from /Users/pranithjain/Desktop/DE Project/Apache Airflow Project/venv/lib/python3.10/site-packages/airflow/example_dags/tutorial_objectstorage.py
[2025-02-09T19:06:24.080-0700] {processor.py:925} INFO - DAG(s) 'tutorial_objectstorage' retrieved from /Users/pranithjain/Desktop/DE Project/Apache Airflow Project/venv/lib/python3.10/site-packages/airflow/example_dags/tutorial_objectstorage.py
[2025-02-09T19:06:24.146-0700] {logging_mixin.py:190} INFO - [2025-02-09T19:06:24.145-0700] {dag.py:3239} INFO - Sync 1 DAGs
[2025-02-09T19:06:24.150-0700] {logging_mixin.py:190} INFO - [2025-02-09T19:06:24.150-0700] {dag.py:4180} INFO - Setting next_dagrun for tutorial_objectstorage to None, run_after=None
[2025-02-09T19:06:24.157-0700] {processor.py:208} INFO - Processing /Users/pranithjain/Desktop/DE Project/Apache Airflow Project/venv/lib/python3.10/site-packages/airflow/example_dags/tutorial_objectstorage.py took 0.097 seconds
[2025-02-09T19:08:03.298-0700] {processor.py:186} INFO - Started process (PID=22201) to work on /Users/pranithjain/Desktop/DE Project/Apache Airflow Project/venv/lib/python3.10/site-packages/airflow/example_dags/tutorial_objectstorage.py
[2025-02-09T19:08:03.299-0700] {processor.py:914} INFO - Processing file /Users/pranithjain/Desktop/DE Project/Apache Airflow Project/venv/lib/python3.10/site-packages/airflow/example_dags/tutorial_objectstorage.py for tasks to queue
[2025-02-09T19:08:03.299-0700] {logging_mixin.py:190} INFO - [2025-02-09T19:08:03.299-0700] {dagbag.py:588} INFO - Filling up the DagBag from /Users/pranithjain/Desktop/DE Project/Apache Airflow Project/venv/lib/python3.10/site-packages/airflow/example_dags/tutorial_objectstorage.py
[2025-02-09T19:08:03.315-0700] {processor.py:925} INFO - DAG(s) 'tutorial_objectstorage' retrieved from /Users/pranithjain/Desktop/DE Project/Apache Airflow Project/venv/lib/python3.10/site-packages/airflow/example_dags/tutorial_objectstorage.py
[2025-02-09T19:08:03.379-0700] {logging_mixin.py:190} INFO - [2025-02-09T19:08:03.379-0700] {dag.py:3239} INFO - Sync 1 DAGs
[2025-02-09T19:08:03.384-0700] {logging_mixin.py:190} INFO - [2025-02-09T19:08:03.384-0700] {dag.py:4180} INFO - Setting next_dagrun for tutorial_objectstorage to None, run_after=None
[2025-02-09T19:08:03.391-0700] {processor.py:208} INFO - Processing /Users/pranithjain/Desktop/DE Project/Apache Airflow Project/venv/lib/python3.10/site-packages/airflow/example_dags/tutorial_objectstorage.py took 0.094 seconds
[2025-02-09T19:09:13.044-0700] {processor.py:186} INFO - Started process (PID=22423) to work on /Users/pranithjain/Desktop/DE Project/Apache Airflow Project/venv/lib/python3.10/site-packages/airflow/example_dags/tutorial_objectstorage.py
[2025-02-09T19:09:13.045-0700] {processor.py:914} INFO - Processing file /Users/pranithjain/Desktop/DE Project/Apache Airflow Project/venv/lib/python3.10/site-packages/airflow/example_dags/tutorial_objectstorage.py for tasks to queue
[2025-02-09T19:09:13.045-0700] {logging_mixin.py:190} INFO - [2025-02-09T19:09:13.045-0700] {dagbag.py:588} INFO - Filling up the DagBag from /Users/pranithjain/Desktop/DE Project/Apache Airflow Project/venv/lib/python3.10/site-packages/airflow/example_dags/tutorial_objectstorage.py
[2025-02-09T19:09:13.061-0700] {processor.py:925} INFO - DAG(s) 'tutorial_objectstorage' retrieved from /Users/pranithjain/Desktop/DE Project/Apache Airflow Project/venv/lib/python3.10/site-packages/airflow/example_dags/tutorial_objectstorage.py
[2025-02-09T19:09:13.064-0700] {logging_mixin.py:190} INFO - [2025-02-09T19:09:13.063-0700] {dag.py:3239} INFO - Sync 1 DAGs
[2025-02-09T19:09:13.125-0700] {logging_mixin.py:190} INFO - [2025-02-09T19:09:13.125-0700] {dag.py:4180} INFO - Setting next_dagrun for tutorial_objectstorage to None, run_after=None
[2025-02-09T19:09:13.133-0700] {processor.py:208} INFO - Processing /Users/pranithjain/Desktop/DE Project/Apache Airflow Project/venv/lib/python3.10/site-packages/airflow/example_dags/tutorial_objectstorage.py took 0.090 seconds
[2025-02-09T19:10:25.970-0700] {processor.py:186} INFO - Started process (PID=22643) to work on /Users/pranithjain/Desktop/DE Project/Apache Airflow Project/venv/lib/python3.10/site-packages/airflow/example_dags/tutorial_objectstorage.py
[2025-02-09T19:10:25.971-0700] {processor.py:914} INFO - Processing file /Users/pranithjain/Desktop/DE Project/Apache Airflow Project/venv/lib/python3.10/site-packages/airflow/example_dags/tutorial_objectstorage.py for tasks to queue
[2025-02-09T19:10:25.971-0700] {logging_mixin.py:190} INFO - [2025-02-09T19:10:25.971-0700] {dagbag.py:588} INFO - Filling up the DagBag from /Users/pranithjain/Desktop/DE Project/Apache Airflow Project/venv/lib/python3.10/site-packages/airflow/example_dags/tutorial_objectstorage.py
[2025-02-09T19:10:25.989-0700] {processor.py:925} INFO - DAG(s) 'tutorial_objectstorage' retrieved from /Users/pranithjain/Desktop/DE Project/Apache Airflow Project/venv/lib/python3.10/site-packages/airflow/example_dags/tutorial_objectstorage.py
[2025-02-09T19:10:26.099-0700] {logging_mixin.py:190} INFO - [2025-02-09T19:10:26.099-0700] {dag.py:3239} INFO - Sync 1 DAGs
[2025-02-09T19:10:26.104-0700] {logging_mixin.py:190} INFO - [2025-02-09T19:10:26.104-0700] {dag.py:4180} INFO - Setting next_dagrun for tutorial_objectstorage to None, run_after=None
[2025-02-09T19:10:26.112-0700] {processor.py:208} INFO - Processing /Users/pranithjain/Desktop/DE Project/Apache Airflow Project/venv/lib/python3.10/site-packages/airflow/example_dags/tutorial_objectstorage.py took 0.143 seconds
[2025-02-09T19:12:53.690-0700] {processor.py:186} INFO - Started process (PID=23052) to work on /Users/pranithjain/Desktop/DE Project/Apache Airflow Project/venv/lib/python3.10/site-packages/airflow/example_dags/tutorial_objectstorage.py
[2025-02-09T19:12:53.690-0700] {processor.py:914} INFO - Processing file /Users/pranithjain/Desktop/DE Project/Apache Airflow Project/venv/lib/python3.10/site-packages/airflow/example_dags/tutorial_objectstorage.py for tasks to queue
[2025-02-09T19:12:53.691-0700] {logging_mixin.py:190} INFO - [2025-02-09T19:12:53.691-0700] {dagbag.py:588} INFO - Filling up the DagBag from /Users/pranithjain/Desktop/DE Project/Apache Airflow Project/venv/lib/python3.10/site-packages/airflow/example_dags/tutorial_objectstorage.py
[2025-02-09T19:12:53.706-0700] {processor.py:925} INFO - DAG(s) 'tutorial_objectstorage' retrieved from /Users/pranithjain/Desktop/DE Project/Apache Airflow Project/venv/lib/python3.10/site-packages/airflow/example_dags/tutorial_objectstorage.py
[2025-02-09T19:12:53.771-0700] {logging_mixin.py:190} INFO - [2025-02-09T19:12:53.771-0700] {dag.py:3239} INFO - Sync 1 DAGs
[2025-02-09T19:12:53.776-0700] {logging_mixin.py:190} INFO - [2025-02-09T19:12:53.776-0700] {dag.py:4180} INFO - Setting next_dagrun for tutorial_objectstorage to None, run_after=None
[2025-02-09T19:12:53.783-0700] {processor.py:208} INFO - Processing /Users/pranithjain/Desktop/DE Project/Apache Airflow Project/venv/lib/python3.10/site-packages/airflow/example_dags/tutorial_objectstorage.py took 0.095 seconds
[2025-02-09T19:14:37.761-0700] {processor.py:186} INFO - Started process (PID=23370) to work on /Users/pranithjain/Desktop/DE Project/Apache Airflow Project/venv/lib/python3.10/site-packages/airflow/example_dags/tutorial_objectstorage.py
[2025-02-09T19:14:37.762-0700] {processor.py:914} INFO - Processing file /Users/pranithjain/Desktop/DE Project/Apache Airflow Project/venv/lib/python3.10/site-packages/airflow/example_dags/tutorial_objectstorage.py for tasks to queue
[2025-02-09T19:14:37.762-0700] {logging_mixin.py:190} INFO - [2025-02-09T19:14:37.762-0700] {dagbag.py:588} INFO - Filling up the DagBag from /Users/pranithjain/Desktop/DE Project/Apache Airflow Project/venv/lib/python3.10/site-packages/airflow/example_dags/tutorial_objectstorage.py
[2025-02-09T19:14:37.778-0700] {processor.py:925} INFO - DAG(s) 'tutorial_objectstorage' retrieved from /Users/pranithjain/Desktop/DE Project/Apache Airflow Project/venv/lib/python3.10/site-packages/airflow/example_dags/tutorial_objectstorage.py
[2025-02-09T19:14:37.843-0700] {logging_mixin.py:190} INFO - [2025-02-09T19:14:37.843-0700] {dag.py:3239} INFO - Sync 1 DAGs
[2025-02-09T19:14:37.848-0700] {logging_mixin.py:190} INFO - [2025-02-09T19:14:37.848-0700] {dag.py:4180} INFO - Setting next_dagrun for tutorial_objectstorage to None, run_after=None
[2025-02-09T19:14:37.855-0700] {processor.py:208} INFO - Processing /Users/pranithjain/Desktop/DE Project/Apache Airflow Project/venv/lib/python3.10/site-packages/airflow/example_dags/tutorial_objectstorage.py took 0.095 seconds
[2025-02-09T19:15:47.237-0700] {processor.py:186} INFO - Started process (PID=23583) to work on /Users/pranithjain/Desktop/DE Project/Apache Airflow Project/venv/lib/python3.10/site-packages/airflow/example_dags/tutorial_objectstorage.py
[2025-02-09T19:15:47.238-0700] {processor.py:914} INFO - Processing file /Users/pranithjain/Desktop/DE Project/Apache Airflow Project/venv/lib/python3.10/site-packages/airflow/example_dags/tutorial_objectstorage.py for tasks to queue
[2025-02-09T19:15:47.238-0700] {logging_mixin.py:190} INFO - [2025-02-09T19:15:47.238-0700] {dagbag.py:588} INFO - Filling up the DagBag from /Users/pranithjain/Desktop/DE Project/Apache Airflow Project/venv/lib/python3.10/site-packages/airflow/example_dags/tutorial_objectstorage.py
[2025-02-09T19:15:47.254-0700] {processor.py:925} INFO - DAG(s) 'tutorial_objectstorage' retrieved from /Users/pranithjain/Desktop/DE Project/Apache Airflow Project/venv/lib/python3.10/site-packages/airflow/example_dags/tutorial_objectstorage.py
[2025-02-09T19:15:47.318-0700] {logging_mixin.py:190} INFO - [2025-02-09T19:15:47.318-0700] {dag.py:3239} INFO - Sync 1 DAGs
[2025-02-09T19:15:47.323-0700] {logging_mixin.py:190} INFO - [2025-02-09T19:15:47.323-0700] {dag.py:4180} INFO - Setting next_dagrun for tutorial_objectstorage to None, run_after=None
[2025-02-09T19:15:47.330-0700] {processor.py:208} INFO - Processing /Users/pranithjain/Desktop/DE Project/Apache Airflow Project/venv/lib/python3.10/site-packages/airflow/example_dags/tutorial_objectstorage.py took 0.094 seconds
[2025-02-09T19:16:57.521-0700] {processor.py:186} INFO - Started process (PID=23797) to work on /Users/pranithjain/Desktop/DE Project/Apache Airflow Project/venv/lib/python3.10/site-packages/airflow/example_dags/tutorial_objectstorage.py
[2025-02-09T19:16:57.523-0700] {processor.py:914} INFO - Processing file /Users/pranithjain/Desktop/DE Project/Apache Airflow Project/venv/lib/python3.10/site-packages/airflow/example_dags/tutorial_objectstorage.py for tasks to queue
[2025-02-09T19:16:57.523-0700] {logging_mixin.py:190} INFO - [2025-02-09T19:16:57.523-0700] {dagbag.py:588} INFO - Filling up the DagBag from /Users/pranithjain/Desktop/DE Project/Apache Airflow Project/venv/lib/python3.10/site-packages/airflow/example_dags/tutorial_objectstorage.py
[2025-02-09T19:16:57.538-0700] {processor.py:925} INFO - DAG(s) 'tutorial_objectstorage' retrieved from /Users/pranithjain/Desktop/DE Project/Apache Airflow Project/venv/lib/python3.10/site-packages/airflow/example_dags/tutorial_objectstorage.py
[2025-02-09T19:16:57.604-0700] {logging_mixin.py:190} INFO - [2025-02-09T19:16:57.603-0700] {dag.py:3239} INFO - Sync 1 DAGs
[2025-02-09T19:16:57.608-0700] {logging_mixin.py:190} INFO - [2025-02-09T19:16:57.608-0700] {dag.py:4180} INFO - Setting next_dagrun for tutorial_objectstorage to None, run_after=None
[2025-02-09T19:16:57.615-0700] {processor.py:208} INFO - Processing /Users/pranithjain/Desktop/DE Project/Apache Airflow Project/venv/lib/python3.10/site-packages/airflow/example_dags/tutorial_objectstorage.py took 0.096 seconds
[2025-02-09T19:18:09.527-0700] {processor.py:186} INFO - Started process (PID=24016) to work on /Users/pranithjain/Desktop/DE Project/Apache Airflow Project/venv/lib/python3.10/site-packages/airflow/example_dags/tutorial_objectstorage.py
[2025-02-09T19:18:09.528-0700] {processor.py:914} INFO - Processing file /Users/pranithjain/Desktop/DE Project/Apache Airflow Project/venv/lib/python3.10/site-packages/airflow/example_dags/tutorial_objectstorage.py for tasks to queue
[2025-02-09T19:18:09.528-0700] {logging_mixin.py:190} INFO - [2025-02-09T19:18:09.528-0700] {dagbag.py:588} INFO - Filling up the DagBag from /Users/pranithjain/Desktop/DE Project/Apache Airflow Project/venv/lib/python3.10/site-packages/airflow/example_dags/tutorial_objectstorage.py
[2025-02-09T19:18:09.544-0700] {processor.py:925} INFO - DAG(s) 'tutorial_objectstorage' retrieved from /Users/pranithjain/Desktop/DE Project/Apache Airflow Project/venv/lib/python3.10/site-packages/airflow/example_dags/tutorial_objectstorage.py
[2025-02-09T19:18:09.610-0700] {logging_mixin.py:190} INFO - [2025-02-09T19:18:09.609-0700] {dag.py:3239} INFO - Sync 1 DAGs
[2025-02-09T19:18:09.614-0700] {logging_mixin.py:190} INFO - [2025-02-09T19:18:09.614-0700] {dag.py:4180} INFO - Setting next_dagrun for tutorial_objectstorage to None, run_after=None
[2025-02-09T19:18:09.621-0700] {processor.py:208} INFO - Processing /Users/pranithjain/Desktop/DE Project/Apache Airflow Project/venv/lib/python3.10/site-packages/airflow/example_dags/tutorial_objectstorage.py took 0.096 seconds
[2025-02-09T19:19:23.295-0700] {processor.py:186} INFO - Started process (PID=24247) to work on /Users/pranithjain/Desktop/DE Project/Apache Airflow Project/venv/lib/python3.10/site-packages/airflow/example_dags/tutorial_objectstorage.py
[2025-02-09T19:19:23.295-0700] {processor.py:914} INFO - Processing file /Users/pranithjain/Desktop/DE Project/Apache Airflow Project/venv/lib/python3.10/site-packages/airflow/example_dags/tutorial_objectstorage.py for tasks to queue
[2025-02-09T19:19:23.296-0700] {logging_mixin.py:190} INFO - [2025-02-09T19:19:23.296-0700] {dagbag.py:588} INFO - Filling up the DagBag from /Users/pranithjain/Desktop/DE Project/Apache Airflow Project/venv/lib/python3.10/site-packages/airflow/example_dags/tutorial_objectstorage.py
[2025-02-09T19:19:23.312-0700] {processor.py:925} INFO - DAG(s) 'tutorial_objectstorage' retrieved from /Users/pranithjain/Desktop/DE Project/Apache Airflow Project/venv/lib/python3.10/site-packages/airflow/example_dags/tutorial_objectstorage.py
[2025-02-09T19:19:23.376-0700] {logging_mixin.py:190} INFO - [2025-02-09T19:19:23.376-0700] {dag.py:3239} INFO - Sync 1 DAGs
[2025-02-09T19:19:23.381-0700] {logging_mixin.py:190} INFO - [2025-02-09T19:19:23.381-0700] {dag.py:4180} INFO - Setting next_dagrun for tutorial_objectstorage to None, run_after=None
[2025-02-09T19:19:23.388-0700] {processor.py:208} INFO - Processing /Users/pranithjain/Desktop/DE Project/Apache Airflow Project/venv/lib/python3.10/site-packages/airflow/example_dags/tutorial_objectstorage.py took 0.095 seconds
[2025-02-09T19:20:36.341-0700] {processor.py:186} INFO - Started process (PID=24467) to work on /Users/pranithjain/Desktop/DE Project/Apache Airflow Project/venv/lib/python3.10/site-packages/airflow/example_dags/tutorial_objectstorage.py
[2025-02-09T19:20:36.342-0700] {processor.py:914} INFO - Processing file /Users/pranithjain/Desktop/DE Project/Apache Airflow Project/venv/lib/python3.10/site-packages/airflow/example_dags/tutorial_objectstorage.py for tasks to queue
[2025-02-09T19:20:36.342-0700] {logging_mixin.py:190} INFO - [2025-02-09T19:20:36.342-0700] {dagbag.py:588} INFO - Filling up the DagBag from /Users/pranithjain/Desktop/DE Project/Apache Airflow Project/venv/lib/python3.10/site-packages/airflow/example_dags/tutorial_objectstorage.py
[2025-02-09T19:20:36.360-0700] {processor.py:925} INFO - DAG(s) 'tutorial_objectstorage' retrieved from /Users/pranithjain/Desktop/DE Project/Apache Airflow Project/venv/lib/python3.10/site-packages/airflow/example_dags/tutorial_objectstorage.py
[2025-02-09T19:20:36.427-0700] {logging_mixin.py:190} INFO - [2025-02-09T19:20:36.426-0700] {dag.py:3239} INFO - Sync 1 DAGs
[2025-02-09T19:20:36.431-0700] {logging_mixin.py:190} INFO - [2025-02-09T19:20:36.431-0700] {dag.py:4180} INFO - Setting next_dagrun for tutorial_objectstorage to None, run_after=None
[2025-02-09T19:20:36.438-0700] {processor.py:208} INFO - Processing /Users/pranithjain/Desktop/DE Project/Apache Airflow Project/venv/lib/python3.10/site-packages/airflow/example_dags/tutorial_objectstorage.py took 0.099 seconds
[2025-02-09T19:21:49.919-0700] {processor.py:186} INFO - Started process (PID=24779) to work on /Users/pranithjain/Desktop/DE Project/Apache Airflow Project/venv/lib/python3.10/site-packages/airflow/example_dags/tutorial_objectstorage.py
[2025-02-09T19:21:49.920-0700] {processor.py:914} INFO - Processing file /Users/pranithjain/Desktop/DE Project/Apache Airflow Project/venv/lib/python3.10/site-packages/airflow/example_dags/tutorial_objectstorage.py for tasks to queue
[2025-02-09T19:21:49.920-0700] {logging_mixin.py:190} INFO - [2025-02-09T19:21:49.920-0700] {dagbag.py:588} INFO - Filling up the DagBag from /Users/pranithjain/Desktop/DE Project/Apache Airflow Project/venv/lib/python3.10/site-packages/airflow/example_dags/tutorial_objectstorage.py
[2025-02-09T19:21:49.936-0700] {processor.py:925} INFO - DAG(s) 'tutorial_objectstorage' retrieved from /Users/pranithjain/Desktop/DE Project/Apache Airflow Project/venv/lib/python3.10/site-packages/airflow/example_dags/tutorial_objectstorage.py
[2025-02-09T19:21:50.000-0700] {logging_mixin.py:190} INFO - [2025-02-09T19:21:50.000-0700] {dag.py:3239} INFO - Sync 1 DAGs
[2025-02-09T19:21:50.005-0700] {logging_mixin.py:190} INFO - [2025-02-09T19:21:50.005-0700] {dag.py:4180} INFO - Setting next_dagrun for tutorial_objectstorage to None, run_after=None
[2025-02-09T19:21:50.013-0700] {processor.py:208} INFO - Processing /Users/pranithjain/Desktop/DE Project/Apache Airflow Project/venv/lib/python3.10/site-packages/airflow/example_dags/tutorial_objectstorage.py took 0.095 seconds
[2025-02-09T19:23:03.361-0700] {processor.py:186} INFO - Started process (PID=25005) to work on /Users/pranithjain/Desktop/DE Project/Apache Airflow Project/venv/lib/python3.10/site-packages/airflow/example_dags/tutorial_objectstorage.py
[2025-02-09T19:23:03.362-0700] {processor.py:914} INFO - Processing file /Users/pranithjain/Desktop/DE Project/Apache Airflow Project/venv/lib/python3.10/site-packages/airflow/example_dags/tutorial_objectstorage.py for tasks to queue
[2025-02-09T19:23:03.362-0700] {logging_mixin.py:190} INFO - [2025-02-09T19:23:03.362-0700] {dagbag.py:588} INFO - Filling up the DagBag from /Users/pranithjain/Desktop/DE Project/Apache Airflow Project/venv/lib/python3.10/site-packages/airflow/example_dags/tutorial_objectstorage.py
[2025-02-09T19:23:03.378-0700] {processor.py:925} INFO - DAG(s) 'tutorial_objectstorage' retrieved from /Users/pranithjain/Desktop/DE Project/Apache Airflow Project/venv/lib/python3.10/site-packages/airflow/example_dags/tutorial_objectstorage.py
[2025-02-09T19:23:03.445-0700] {logging_mixin.py:190} INFO - [2025-02-09T19:23:03.445-0700] {dag.py:3239} INFO - Sync 1 DAGs
[2025-02-09T19:23:03.450-0700] {logging_mixin.py:190} INFO - [2025-02-09T19:23:03.450-0700] {dag.py:4180} INFO - Setting next_dagrun for tutorial_objectstorage to None, run_after=None
[2025-02-09T19:23:03.458-0700] {processor.py:208} INFO - Processing /Users/pranithjain/Desktop/DE Project/Apache Airflow Project/venv/lib/python3.10/site-packages/airflow/example_dags/tutorial_objectstorage.py took 0.099 seconds
[2025-02-09T19:24:11.583-0700] {processor.py:186} INFO - Started process (PID=25219) to work on /Users/pranithjain/Desktop/DE Project/Apache Airflow Project/venv/lib/python3.10/site-packages/airflow/example_dags/tutorial_objectstorage.py
[2025-02-09T19:24:11.584-0700] {processor.py:914} INFO - Processing file /Users/pranithjain/Desktop/DE Project/Apache Airflow Project/venv/lib/python3.10/site-packages/airflow/example_dags/tutorial_objectstorage.py for tasks to queue
[2025-02-09T19:24:11.584-0700] {logging_mixin.py:190} INFO - [2025-02-09T19:24:11.584-0700] {dagbag.py:588} INFO - Filling up the DagBag from /Users/pranithjain/Desktop/DE Project/Apache Airflow Project/venv/lib/python3.10/site-packages/airflow/example_dags/tutorial_objectstorage.py
[2025-02-09T19:24:11.599-0700] {processor.py:925} INFO - DAG(s) 'tutorial_objectstorage' retrieved from /Users/pranithjain/Desktop/DE Project/Apache Airflow Project/venv/lib/python3.10/site-packages/airflow/example_dags/tutorial_objectstorage.py
[2025-02-09T19:24:11.663-0700] {logging_mixin.py:190} INFO - [2025-02-09T19:24:11.663-0700] {dag.py:3239} INFO - Sync 1 DAGs
[2025-02-09T19:24:11.668-0700] {logging_mixin.py:190} INFO - [2025-02-09T19:24:11.668-0700] {dag.py:4180} INFO - Setting next_dagrun for tutorial_objectstorage to None, run_after=None
[2025-02-09T19:24:11.675-0700] {processor.py:208} INFO - Processing /Users/pranithjain/Desktop/DE Project/Apache Airflow Project/venv/lib/python3.10/site-packages/airflow/example_dags/tutorial_objectstorage.py took 0.093 seconds
[2025-02-09T19:25:18.540-0700] {processor.py:186} INFO - Started process (PID=25425) to work on /Users/pranithjain/Desktop/DE Project/Apache Airflow Project/venv/lib/python3.10/site-packages/airflow/example_dags/tutorial_objectstorage.py
[2025-02-09T19:25:18.540-0700] {processor.py:914} INFO - Processing file /Users/pranithjain/Desktop/DE Project/Apache Airflow Project/venv/lib/python3.10/site-packages/airflow/example_dags/tutorial_objectstorage.py for tasks to queue
[2025-02-09T19:25:18.541-0700] {logging_mixin.py:190} INFO - [2025-02-09T19:25:18.540-0700] {dagbag.py:588} INFO - Filling up the DagBag from /Users/pranithjain/Desktop/DE Project/Apache Airflow Project/venv/lib/python3.10/site-packages/airflow/example_dags/tutorial_objectstorage.py
[2025-02-09T19:25:18.556-0700] {processor.py:925} INFO - DAG(s) 'tutorial_objectstorage' retrieved from /Users/pranithjain/Desktop/DE Project/Apache Airflow Project/venv/lib/python3.10/site-packages/airflow/example_dags/tutorial_objectstorage.py
[2025-02-09T19:25:18.621-0700] {logging_mixin.py:190} INFO - [2025-02-09T19:25:18.621-0700] {dag.py:3239} INFO - Sync 1 DAGs
[2025-02-09T19:25:18.625-0700] {logging_mixin.py:190} INFO - [2025-02-09T19:25:18.625-0700] {dag.py:4180} INFO - Setting next_dagrun for tutorial_objectstorage to None, run_after=None
[2025-02-09T19:25:18.632-0700] {processor.py:208} INFO - Processing /Users/pranithjain/Desktop/DE Project/Apache Airflow Project/venv/lib/python3.10/site-packages/airflow/example_dags/tutorial_objectstorage.py took 0.094 seconds
[2025-02-09T19:26:28.085-0700] {processor.py:186} INFO - Started process (PID=25706) to work on /Users/pranithjain/Desktop/DE Project/Apache Airflow Project/venv/lib/python3.10/site-packages/airflow/example_dags/tutorial_objectstorage.py
[2025-02-09T19:26:28.086-0700] {processor.py:914} INFO - Processing file /Users/pranithjain/Desktop/DE Project/Apache Airflow Project/venv/lib/python3.10/site-packages/airflow/example_dags/tutorial_objectstorage.py for tasks to queue
[2025-02-09T19:26:28.087-0700] {logging_mixin.py:190} INFO - [2025-02-09T19:26:28.086-0700] {dagbag.py:588} INFO - Filling up the DagBag from /Users/pranithjain/Desktop/DE Project/Apache Airflow Project/venv/lib/python3.10/site-packages/airflow/example_dags/tutorial_objectstorage.py
[2025-02-09T19:26:28.102-0700] {processor.py:925} INFO - DAG(s) 'tutorial_objectstorage' retrieved from /Users/pranithjain/Desktop/DE Project/Apache Airflow Project/venv/lib/python3.10/site-packages/airflow/example_dags/tutorial_objectstorage.py
[2025-02-09T19:26:28.165-0700] {logging_mixin.py:190} INFO - [2025-02-09T19:26:28.165-0700] {dag.py:3239} INFO - Sync 1 DAGs
[2025-02-09T19:26:28.169-0700] {logging_mixin.py:190} INFO - [2025-02-09T19:26:28.169-0700] {dag.py:4180} INFO - Setting next_dagrun for tutorial_objectstorage to None, run_after=None
[2025-02-09T19:26:28.176-0700] {processor.py:208} INFO - Processing /Users/pranithjain/Desktop/DE Project/Apache Airflow Project/venv/lib/python3.10/site-packages/airflow/example_dags/tutorial_objectstorage.py took 0.093 seconds
[2025-02-09T19:27:40.386-0700] {processor.py:186} INFO - Started process (PID=25992) to work on /Users/pranithjain/Desktop/DE Project/Apache Airflow Project/venv/lib/python3.10/site-packages/airflow/example_dags/tutorial_objectstorage.py
[2025-02-09T19:27:40.386-0700] {processor.py:914} INFO - Processing file /Users/pranithjain/Desktop/DE Project/Apache Airflow Project/venv/lib/python3.10/site-packages/airflow/example_dags/tutorial_objectstorage.py for tasks to queue
[2025-02-09T19:27:40.387-0700] {logging_mixin.py:190} INFO - [2025-02-09T19:27:40.387-0700] {dagbag.py:588} INFO - Filling up the DagBag from /Users/pranithjain/Desktop/DE Project/Apache Airflow Project/venv/lib/python3.10/site-packages/airflow/example_dags/tutorial_objectstorage.py
[2025-02-09T19:27:40.402-0700] {processor.py:925} INFO - DAG(s) 'tutorial_objectstorage' retrieved from /Users/pranithjain/Desktop/DE Project/Apache Airflow Project/venv/lib/python3.10/site-packages/airflow/example_dags/tutorial_objectstorage.py
[2025-02-09T19:27:40.466-0700] {logging_mixin.py:190} INFO - [2025-02-09T19:27:40.466-0700] {dag.py:3239} INFO - Sync 1 DAGs
[2025-02-09T19:27:40.471-0700] {logging_mixin.py:190} INFO - [2025-02-09T19:27:40.471-0700] {dag.py:4180} INFO - Setting next_dagrun for tutorial_objectstorage to None, run_after=None
[2025-02-09T19:27:40.479-0700] {processor.py:208} INFO - Processing /Users/pranithjain/Desktop/DE Project/Apache Airflow Project/venv/lib/python3.10/site-packages/airflow/example_dags/tutorial_objectstorage.py took 0.094 seconds
[2025-02-09T19:28:18.502-0700] {processor.py:186} INFO - Started process (PID=26103) to work on /Users/pranithjain/Desktop/DE Project/Apache Airflow Project/venv/lib/python3.10/site-packages/airflow/example_dags/tutorial_objectstorage.py
[2025-02-09T19:28:18.502-0700] {processor.py:914} INFO - Processing file /Users/pranithjain/Desktop/DE Project/Apache Airflow Project/venv/lib/python3.10/site-packages/airflow/example_dags/tutorial_objectstorage.py for tasks to queue
[2025-02-09T19:28:18.503-0700] {logging_mixin.py:190} INFO - [2025-02-09T19:28:18.503-0700] {dagbag.py:588} INFO - Filling up the DagBag from /Users/pranithjain/Desktop/DE Project/Apache Airflow Project/venv/lib/python3.10/site-packages/airflow/example_dags/tutorial_objectstorage.py
[2025-02-09T19:28:18.519-0700] {processor.py:925} INFO - DAG(s) 'tutorial_objectstorage' retrieved from /Users/pranithjain/Desktop/DE Project/Apache Airflow Project/venv/lib/python3.10/site-packages/airflow/example_dags/tutorial_objectstorage.py
[2025-02-09T19:28:18.585-0700] {logging_mixin.py:190} INFO - [2025-02-09T19:28:18.585-0700] {dag.py:3239} INFO - Sync 1 DAGs
[2025-02-09T19:28:18.590-0700] {logging_mixin.py:190} INFO - [2025-02-09T19:28:18.590-0700] {dag.py:4180} INFO - Setting next_dagrun for tutorial_objectstorage to None, run_after=None
[2025-02-09T19:28:18.597-0700] {processor.py:208} INFO - Processing /Users/pranithjain/Desktop/DE Project/Apache Airflow Project/venv/lib/python3.10/site-packages/airflow/example_dags/tutorial_objectstorage.py took 0.097 seconds
