[2025-02-09T18:47:34.091-0700] {processor.py:186} INFO - Started process (PID=18662) to work on /Users/pranithjain/Desktop/DE Project/Apache Airflow Project/venv/lib/python3.10/site-packages/airflow/example_dags/tutorial_taskflow_templates.py
[2025-02-09T18:47:34.092-0700] {processor.py:914} INFO - Processing file /Users/pranithjain/Desktop/DE Project/Apache Airflow Project/venv/lib/python3.10/site-packages/airflow/example_dags/tutorial_taskflow_templates.py for tasks to queue
[2025-02-09T18:47:34.092-0700] {logging_mixin.py:190} INFO - [2025-02-09T18:47:34.092-0700] {dagbag.py:588} INFO - Filling up the DagBag from /Users/pranithjain/Desktop/DE Project/Apache Airflow Project/venv/lib/python3.10/site-packages/airflow/example_dags/tutorial_taskflow_templates.py
[2025-02-09T18:47:34.113-0700] {processor.py:925} INFO - DAG(s) 'tutorial_taskflow_templates' retrieved from /Users/pranithjain/Desktop/DE Project/Apache Airflow Project/venv/lib/python3.10/site-packages/airflow/example_dags/tutorial_taskflow_templates.py
[2025-02-09T18:47:34.226-0700] {logging_mixin.py:190} INFO - [2025-02-09T18:47:34.225-0700] {override.py:1930} INFO - Created Permission View: can edit on DAG:tutorial_taskflow_templates
[2025-02-09T18:47:34.229-0700] {logging_mixin.py:190} INFO - [2025-02-09T18:47:34.229-0700] {override.py:1930} INFO - Created Permission View: can delete on DAG:tutorial_taskflow_templates
[2025-02-09T18:47:34.231-0700] {logging_mixin.py:190} INFO - [2025-02-09T18:47:34.231-0700] {override.py:1930} INFO - Created Permission View: can read on DAG:tutorial_taskflow_templates
[2025-02-09T18:47:34.233-0700] {logging_mixin.py:190} INFO - [2025-02-09T18:47:34.233-0700] {override.py:1930} INFO - Created Permission View: menu access on DAG Run:tutorial_taskflow_templates
[2025-02-09T18:47:34.235-0700] {logging_mixin.py:190} INFO - [2025-02-09T18:47:34.235-0700] {override.py:1930} INFO - Created Permission View: can delete on DAG Run:tutorial_taskflow_templates
[2025-02-09T18:47:34.237-0700] {logging_mixin.py:190} INFO - [2025-02-09T18:47:34.237-0700] {override.py:1930} INFO - Created Permission View: can create on DAG Run:tutorial_taskflow_templates
[2025-02-09T18:47:34.239-0700] {logging_mixin.py:190} INFO - [2025-02-09T18:47:34.239-0700] {override.py:1930} INFO - Created Permission View: can read on DAG Run:tutorial_taskflow_templates
[2025-02-09T18:47:34.239-0700] {logging_mixin.py:190} INFO - [2025-02-09T18:47:34.239-0700] {dag.py:3239} INFO - Sync 1 DAGs
[2025-02-09T18:47:34.244-0700] {logging_mixin.py:190} INFO - [2025-02-09T18:47:34.244-0700] {dag.py:3262} INFO - Creating ORM DAG for tutorial_taskflow_templates
[2025-02-09T18:47:34.247-0700] {logging_mixin.py:190} INFO - [2025-02-09T18:47:34.247-0700] {dag.py:4180} INFO - Setting next_dagrun for tutorial_taskflow_templates to 2025-02-09 00:00:00+00:00, run_after=2025-02-10 00:00:00+00:00
[2025-02-09T18:47:34.254-0700] {processor.py:208} INFO - Processing /Users/pranithjain/Desktop/DE Project/Apache Airflow Project/venv/lib/python3.10/site-packages/airflow/example_dags/tutorial_taskflow_templates.py took 0.164 seconds
[2025-02-09T18:49:19.797-0700] {processor.py:186} INFO - Started process (PID=19059) to work on /Users/pranithjain/Desktop/DE Project/Apache Airflow Project/venv/lib/python3.10/site-packages/airflow/example_dags/tutorial_taskflow_templates.py
[2025-02-09T18:49:19.797-0700] {processor.py:914} INFO - Processing file /Users/pranithjain/Desktop/DE Project/Apache Airflow Project/venv/lib/python3.10/site-packages/airflow/example_dags/tutorial_taskflow_templates.py for tasks to queue
[2025-02-09T18:49:19.798-0700] {logging_mixin.py:190} INFO - [2025-02-09T18:49:19.797-0700] {dagbag.py:588} INFO - Filling up the DagBag from /Users/pranithjain/Desktop/DE Project/Apache Airflow Project/venv/lib/python3.10/site-packages/airflow/example_dags/tutorial_taskflow_templates.py
[2025-02-09T18:49:19.815-0700] {processor.py:925} INFO - DAG(s) 'tutorial_taskflow_templates' retrieved from /Users/pranithjain/Desktop/DE Project/Apache Airflow Project/venv/lib/python3.10/site-packages/airflow/example_dags/tutorial_taskflow_templates.py
[2025-02-09T18:49:19.880-0700] {logging_mixin.py:190} INFO - [2025-02-09T18:49:19.880-0700] {dag.py:3239} INFO - Sync 1 DAGs
[2025-02-09T18:49:19.888-0700] {logging_mixin.py:190} INFO - [2025-02-09T18:49:19.887-0700] {dag.py:4180} INFO - Setting next_dagrun for tutorial_taskflow_templates to 2025-02-09 00:00:00+00:00, run_after=2025-02-10 00:00:00+00:00
[2025-02-09T18:49:19.895-0700] {processor.py:208} INFO - Processing /Users/pranithjain/Desktop/DE Project/Apache Airflow Project/venv/lib/python3.10/site-packages/airflow/example_dags/tutorial_taskflow_templates.py took 0.100 seconds
[2025-02-09T18:50:31.181-0700] {processor.py:186} INFO - Started process (PID=19284) to work on /Users/pranithjain/Desktop/DE Project/Apache Airflow Project/venv/lib/python3.10/site-packages/airflow/example_dags/tutorial_taskflow_templates.py
[2025-02-09T18:50:31.182-0700] {processor.py:914} INFO - Processing file /Users/pranithjain/Desktop/DE Project/Apache Airflow Project/venv/lib/python3.10/site-packages/airflow/example_dags/tutorial_taskflow_templates.py for tasks to queue
[2025-02-09T18:50:31.183-0700] {logging_mixin.py:190} INFO - [2025-02-09T18:50:31.183-0700] {dagbag.py:588} INFO - Filling up the DagBag from /Users/pranithjain/Desktop/DE Project/Apache Airflow Project/venv/lib/python3.10/site-packages/airflow/example_dags/tutorial_taskflow_templates.py
[2025-02-09T18:50:31.200-0700] {processor.py:925} INFO - DAG(s) 'tutorial_taskflow_templates' retrieved from /Users/pranithjain/Desktop/DE Project/Apache Airflow Project/venv/lib/python3.10/site-packages/airflow/example_dags/tutorial_taskflow_templates.py
[2025-02-09T18:50:31.268-0700] {logging_mixin.py:190} INFO - [2025-02-09T18:50:31.268-0700] {dag.py:3239} INFO - Sync 1 DAGs
[2025-02-09T18:50:31.277-0700] {logging_mixin.py:190} INFO - [2025-02-09T18:50:31.277-0700] {dag.py:4180} INFO - Setting next_dagrun for tutorial_taskflow_templates to 2025-02-09 00:00:00+00:00, run_after=2025-02-10 00:00:00+00:00
[2025-02-09T18:50:31.284-0700] {processor.py:208} INFO - Processing /Users/pranithjain/Desktop/DE Project/Apache Airflow Project/venv/lib/python3.10/site-packages/airflow/example_dags/tutorial_taskflow_templates.py took 0.104 seconds
[2025-02-09T18:51:43.115-0700] {processor.py:186} INFO - Started process (PID=19507) to work on /Users/pranithjain/Desktop/DE Project/Apache Airflow Project/venv/lib/python3.10/site-packages/airflow/example_dags/tutorial_taskflow_templates.py
[2025-02-09T18:51:43.115-0700] {processor.py:914} INFO - Processing file /Users/pranithjain/Desktop/DE Project/Apache Airflow Project/venv/lib/python3.10/site-packages/airflow/example_dags/tutorial_taskflow_templates.py for tasks to queue
[2025-02-09T18:51:43.116-0700] {logging_mixin.py:190} INFO - [2025-02-09T18:51:43.116-0700] {dagbag.py:588} INFO - Filling up the DagBag from /Users/pranithjain/Desktop/DE Project/Apache Airflow Project/venv/lib/python3.10/site-packages/airflow/example_dags/tutorial_taskflow_templates.py
[2025-02-09T18:51:43.133-0700] {processor.py:925} INFO - DAG(s) 'tutorial_taskflow_templates' retrieved from /Users/pranithjain/Desktop/DE Project/Apache Airflow Project/venv/lib/python3.10/site-packages/airflow/example_dags/tutorial_taskflow_templates.py
[2025-02-09T18:51:43.198-0700] {logging_mixin.py:190} INFO - [2025-02-09T18:51:43.198-0700] {dag.py:3239} INFO - Sync 1 DAGs
[2025-02-09T18:51:43.206-0700] {logging_mixin.py:190} INFO - [2025-02-09T18:51:43.206-0700] {dag.py:4180} INFO - Setting next_dagrun for tutorial_taskflow_templates to 2025-02-09 00:00:00+00:00, run_after=2025-02-10 00:00:00+00:00
[2025-02-09T18:51:43.213-0700] {processor.py:208} INFO - Processing /Users/pranithjain/Desktop/DE Project/Apache Airflow Project/venv/lib/python3.10/site-packages/airflow/example_dags/tutorial_taskflow_templates.py took 0.099 seconds
[2025-02-09T18:52:42.891-0700] {processor.py:186} INFO - Started process (PID=19704) to work on /Users/pranithjain/Desktop/DE Project/Apache Airflow Project/venv/lib/python3.10/site-packages/airflow/example_dags/tutorial_taskflow_templates.py
[2025-02-09T18:52:42.891-0700] {processor.py:914} INFO - Processing file /Users/pranithjain/Desktop/DE Project/Apache Airflow Project/venv/lib/python3.10/site-packages/airflow/example_dags/tutorial_taskflow_templates.py for tasks to queue
[2025-02-09T18:52:42.892-0700] {logging_mixin.py:190} INFO - [2025-02-09T18:52:42.892-0700] {dagbag.py:588} INFO - Filling up the DagBag from /Users/pranithjain/Desktop/DE Project/Apache Airflow Project/venv/lib/python3.10/site-packages/airflow/example_dags/tutorial_taskflow_templates.py
[2025-02-09T18:52:42.910-0700] {processor.py:925} INFO - DAG(s) 'tutorial_taskflow_templates' retrieved from /Users/pranithjain/Desktop/DE Project/Apache Airflow Project/venv/lib/python3.10/site-packages/airflow/example_dags/tutorial_taskflow_templates.py
[2025-02-09T18:52:42.983-0700] {logging_mixin.py:190} INFO - [2025-02-09T18:52:42.983-0700] {dag.py:3239} INFO - Sync 1 DAGs
[2025-02-09T18:52:42.991-0700] {logging_mixin.py:190} INFO - [2025-02-09T18:52:42.991-0700] {dag.py:4180} INFO - Setting next_dagrun for tutorial_taskflow_templates to 2025-02-09 00:00:00+00:00, run_after=2025-02-10 00:00:00+00:00
[2025-02-09T18:52:42.999-0700] {processor.py:208} INFO - Processing /Users/pranithjain/Desktop/DE Project/Apache Airflow Project/venv/lib/python3.10/site-packages/airflow/example_dags/tutorial_taskflow_templates.py took 0.111 seconds
[2025-02-09T18:54:26.968-0700] {processor.py:186} INFO - Started process (PID=20022) to work on /Users/pranithjain/Desktop/DE Project/Apache Airflow Project/venv/lib/python3.10/site-packages/airflow/example_dags/tutorial_taskflow_templates.py
[2025-02-09T18:54:26.969-0700] {processor.py:914} INFO - Processing file /Users/pranithjain/Desktop/DE Project/Apache Airflow Project/venv/lib/python3.10/site-packages/airflow/example_dags/tutorial_taskflow_templates.py for tasks to queue
[2025-02-09T18:54:26.969-0700] {logging_mixin.py:190} INFO - [2025-02-09T18:54:26.969-0700] {dagbag.py:588} INFO - Filling up the DagBag from /Users/pranithjain/Desktop/DE Project/Apache Airflow Project/venv/lib/python3.10/site-packages/airflow/example_dags/tutorial_taskflow_templates.py
[2025-02-09T18:54:26.986-0700] {processor.py:925} INFO - DAG(s) 'tutorial_taskflow_templates' retrieved from /Users/pranithjain/Desktop/DE Project/Apache Airflow Project/venv/lib/python3.10/site-packages/airflow/example_dags/tutorial_taskflow_templates.py
[2025-02-09T18:54:27.053-0700] {logging_mixin.py:190} INFO - [2025-02-09T18:54:27.053-0700] {dag.py:3239} INFO - Sync 1 DAGs
[2025-02-09T18:54:27.061-0700] {logging_mixin.py:190} INFO - [2025-02-09T18:54:27.061-0700] {dag.py:4180} INFO - Setting next_dagrun for tutorial_taskflow_templates to 2025-02-09 00:00:00+00:00, run_after=2025-02-10 00:00:00+00:00
[2025-02-09T18:54:27.068-0700] {processor.py:208} INFO - Processing /Users/pranithjain/Desktop/DE Project/Apache Airflow Project/venv/lib/python3.10/site-packages/airflow/example_dags/tutorial_taskflow_templates.py took 0.101 seconds
[2025-02-09T18:55:36.998-0700] {processor.py:186} INFO - Started process (PID=20235) to work on /Users/pranithjain/Desktop/DE Project/Apache Airflow Project/venv/lib/python3.10/site-packages/airflow/example_dags/tutorial_taskflow_templates.py
[2025-02-09T18:55:36.998-0700] {processor.py:914} INFO - Processing file /Users/pranithjain/Desktop/DE Project/Apache Airflow Project/venv/lib/python3.10/site-packages/airflow/example_dags/tutorial_taskflow_templates.py for tasks to queue
[2025-02-09T18:55:36.999-0700] {logging_mixin.py:190} INFO - [2025-02-09T18:55:36.999-0700] {dagbag.py:588} INFO - Filling up the DagBag from /Users/pranithjain/Desktop/DE Project/Apache Airflow Project/venv/lib/python3.10/site-packages/airflow/example_dags/tutorial_taskflow_templates.py
[2025-02-09T18:55:37.016-0700] {processor.py:925} INFO - DAG(s) 'tutorial_taskflow_templates' retrieved from /Users/pranithjain/Desktop/DE Project/Apache Airflow Project/venv/lib/python3.10/site-packages/airflow/example_dags/tutorial_taskflow_templates.py
[2025-02-09T18:55:37.081-0700] {logging_mixin.py:190} INFO - [2025-02-09T18:55:37.081-0700] {dag.py:3239} INFO - Sync 1 DAGs
[2025-02-09T18:55:37.089-0700] {logging_mixin.py:190} INFO - [2025-02-09T18:55:37.089-0700] {dag.py:4180} INFO - Setting next_dagrun for tutorial_taskflow_templates to 2025-02-09 00:00:00+00:00, run_after=2025-02-10 00:00:00+00:00
[2025-02-09T18:55:37.096-0700] {processor.py:208} INFO - Processing /Users/pranithjain/Desktop/DE Project/Apache Airflow Project/venv/lib/python3.10/site-packages/airflow/example_dags/tutorial_taskflow_templates.py took 0.100 seconds
[2025-02-09T18:56:50.982-0700] {processor.py:186} INFO - Started process (PID=20474) to work on /Users/pranithjain/Desktop/DE Project/Apache Airflow Project/venv/lib/python3.10/site-packages/airflow/example_dags/tutorial_taskflow_templates.py
[2025-02-09T18:56:50.983-0700] {processor.py:914} INFO - Processing file /Users/pranithjain/Desktop/DE Project/Apache Airflow Project/venv/lib/python3.10/site-packages/airflow/example_dags/tutorial_taskflow_templates.py for tasks to queue
[2025-02-09T18:56:50.983-0700] {logging_mixin.py:190} INFO - [2025-02-09T18:56:50.983-0700] {dagbag.py:588} INFO - Filling up the DagBag from /Users/pranithjain/Desktop/DE Project/Apache Airflow Project/venv/lib/python3.10/site-packages/airflow/example_dags/tutorial_taskflow_templates.py
[2025-02-09T18:56:51.002-0700] {processor.py:925} INFO - DAG(s) 'tutorial_taskflow_templates' retrieved from /Users/pranithjain/Desktop/DE Project/Apache Airflow Project/venv/lib/python3.10/site-packages/airflow/example_dags/tutorial_taskflow_templates.py
[2025-02-09T18:56:51.074-0700] {logging_mixin.py:190} INFO - [2025-02-09T18:56:51.074-0700] {dag.py:3239} INFO - Sync 1 DAGs
[2025-02-09T18:56:51.082-0700] {logging_mixin.py:190} INFO - [2025-02-09T18:56:51.082-0700] {dag.py:4180} INFO - Setting next_dagrun for tutorial_taskflow_templates to 2025-02-09 00:00:00+00:00, run_after=2025-02-10 00:00:00+00:00
[2025-02-09T18:56:51.090-0700] {processor.py:208} INFO - Processing /Users/pranithjain/Desktop/DE Project/Apache Airflow Project/venv/lib/python3.10/site-packages/airflow/example_dags/tutorial_taskflow_templates.py took 0.110 seconds
[2025-02-09T18:58:03.480-0700] {processor.py:186} INFO - Started process (PID=20692) to work on /Users/pranithjain/Desktop/DE Project/Apache Airflow Project/venv/lib/python3.10/site-packages/airflow/example_dags/tutorial_taskflow_templates.py
[2025-02-09T18:58:03.481-0700] {processor.py:914} INFO - Processing file /Users/pranithjain/Desktop/DE Project/Apache Airflow Project/venv/lib/python3.10/site-packages/airflow/example_dags/tutorial_taskflow_templates.py for tasks to queue
[2025-02-09T18:58:03.481-0700] {logging_mixin.py:190} INFO - [2025-02-09T18:58:03.481-0700] {dagbag.py:588} INFO - Filling up the DagBag from /Users/pranithjain/Desktop/DE Project/Apache Airflow Project/venv/lib/python3.10/site-packages/airflow/example_dags/tutorial_taskflow_templates.py
[2025-02-09T18:58:03.499-0700] {processor.py:925} INFO - DAG(s) 'tutorial_taskflow_templates' retrieved from /Users/pranithjain/Desktop/DE Project/Apache Airflow Project/venv/lib/python3.10/site-packages/airflow/example_dags/tutorial_taskflow_templates.py
[2025-02-09T18:58:03.564-0700] {logging_mixin.py:190} INFO - [2025-02-09T18:58:03.564-0700] {dag.py:3239} INFO - Sync 1 DAGs
[2025-02-09T18:58:03.571-0700] {logging_mixin.py:190} INFO - [2025-02-09T18:58:03.571-0700] {dag.py:4180} INFO - Setting next_dagrun for tutorial_taskflow_templates to 2025-02-09 00:00:00+00:00, run_after=2025-02-10 00:00:00+00:00
[2025-02-09T18:58:03.578-0700] {processor.py:208} INFO - Processing /Users/pranithjain/Desktop/DE Project/Apache Airflow Project/venv/lib/python3.10/site-packages/airflow/example_dags/tutorial_taskflow_templates.py took 0.100 seconds
[2025-02-09T19:06:20.177-0700] {processor.py:186} INFO - Started process (PID=21879) to work on /Users/pranithjain/Desktop/DE Project/Apache Airflow Project/venv/lib/python3.10/site-packages/airflow/example_dags/tutorial_taskflow_templates.py
[2025-02-09T19:06:20.178-0700] {processor.py:914} INFO - Processing file /Users/pranithjain/Desktop/DE Project/Apache Airflow Project/venv/lib/python3.10/site-packages/airflow/example_dags/tutorial_taskflow_templates.py for tasks to queue
[2025-02-09T19:06:20.178-0700] {logging_mixin.py:190} INFO - [2025-02-09T19:06:20.178-0700] {dagbag.py:588} INFO - Filling up the DagBag from /Users/pranithjain/Desktop/DE Project/Apache Airflow Project/venv/lib/python3.10/site-packages/airflow/example_dags/tutorial_taskflow_templates.py
[2025-02-09T19:06:20.195-0700] {processor.py:925} INFO - DAG(s) 'tutorial_taskflow_templates' retrieved from /Users/pranithjain/Desktop/DE Project/Apache Airflow Project/venv/lib/python3.10/site-packages/airflow/example_dags/tutorial_taskflow_templates.py
[2025-02-09T19:06:20.265-0700] {logging_mixin.py:190} INFO - [2025-02-09T19:06:20.265-0700] {dag.py:3239} INFO - Sync 1 DAGs
[2025-02-09T19:06:20.273-0700] {logging_mixin.py:190} INFO - [2025-02-09T19:06:20.273-0700] {dag.py:4180} INFO - Setting next_dagrun for tutorial_taskflow_templates to 2025-02-09 00:00:00+00:00, run_after=2025-02-10 00:00:00+00:00
[2025-02-09T19:06:20.281-0700] {processor.py:208} INFO - Processing /Users/pranithjain/Desktop/DE Project/Apache Airflow Project/venv/lib/python3.10/site-packages/airflow/example_dags/tutorial_taskflow_templates.py took 0.105 seconds
[2025-02-09T19:07:57.761-0700] {processor.py:186} INFO - Started process (PID=22184) to work on /Users/pranithjain/Desktop/DE Project/Apache Airflow Project/venv/lib/python3.10/site-packages/airflow/example_dags/tutorial_taskflow_templates.py
[2025-02-09T19:07:57.761-0700] {processor.py:914} INFO - Processing file /Users/pranithjain/Desktop/DE Project/Apache Airflow Project/venv/lib/python3.10/site-packages/airflow/example_dags/tutorial_taskflow_templates.py for tasks to queue
[2025-02-09T19:07:57.762-0700] {logging_mixin.py:190} INFO - [2025-02-09T19:07:57.761-0700] {dagbag.py:588} INFO - Filling up the DagBag from /Users/pranithjain/Desktop/DE Project/Apache Airflow Project/venv/lib/python3.10/site-packages/airflow/example_dags/tutorial_taskflow_templates.py
[2025-02-09T19:07:57.779-0700] {processor.py:925} INFO - DAG(s) 'tutorial_taskflow_templates' retrieved from /Users/pranithjain/Desktop/DE Project/Apache Airflow Project/venv/lib/python3.10/site-packages/airflow/example_dags/tutorial_taskflow_templates.py
[2025-02-09T19:07:57.844-0700] {logging_mixin.py:190} INFO - [2025-02-09T19:07:57.843-0700] {dag.py:3239} INFO - Sync 1 DAGs
[2025-02-09T19:07:57.851-0700] {logging_mixin.py:190} INFO - [2025-02-09T19:07:57.851-0700] {dag.py:4180} INFO - Setting next_dagrun for tutorial_taskflow_templates to 2025-02-09 00:00:00+00:00, run_after=2025-02-10 00:00:00+00:00
[2025-02-09T19:07:57.858-0700] {processor.py:208} INFO - Processing /Users/pranithjain/Desktop/DE Project/Apache Airflow Project/venv/lib/python3.10/site-packages/airflow/example_dags/tutorial_taskflow_templates.py took 0.099 seconds
[2025-02-09T19:09:08.945-0700] {processor.py:186} INFO - Started process (PID=22408) to work on /Users/pranithjain/Desktop/DE Project/Apache Airflow Project/venv/lib/python3.10/site-packages/airflow/example_dags/tutorial_taskflow_templates.py
[2025-02-09T19:09:08.946-0700] {processor.py:914} INFO - Processing file /Users/pranithjain/Desktop/DE Project/Apache Airflow Project/venv/lib/python3.10/site-packages/airflow/example_dags/tutorial_taskflow_templates.py for tasks to queue
[2025-02-09T19:09:08.946-0700] {logging_mixin.py:190} INFO - [2025-02-09T19:09:08.946-0700] {dagbag.py:588} INFO - Filling up the DagBag from /Users/pranithjain/Desktop/DE Project/Apache Airflow Project/venv/lib/python3.10/site-packages/airflow/example_dags/tutorial_taskflow_templates.py
[2025-02-09T19:09:08.963-0700] {processor.py:925} INFO - DAG(s) 'tutorial_taskflow_templates' retrieved from /Users/pranithjain/Desktop/DE Project/Apache Airflow Project/venv/lib/python3.10/site-packages/airflow/example_dags/tutorial_taskflow_templates.py
[2025-02-09T19:09:08.965-0700] {logging_mixin.py:190} INFO - [2025-02-09T19:09:08.965-0700] {dag.py:3239} INFO - Sync 1 DAGs
[2025-02-09T19:09:09.031-0700] {logging_mixin.py:190} INFO - [2025-02-09T19:09:09.031-0700] {dag.py:4180} INFO - Setting next_dagrun for tutorial_taskflow_templates to 2025-02-09 00:00:00+00:00, run_after=2025-02-10 00:00:00+00:00
[2025-02-09T19:09:09.039-0700] {processor.py:208} INFO - Processing /Users/pranithjain/Desktop/DE Project/Apache Airflow Project/venv/lib/python3.10/site-packages/airflow/example_dags/tutorial_taskflow_templates.py took 0.095 seconds
[2025-02-09T19:10:20.250-0700] {processor.py:186} INFO - Started process (PID=22626) to work on /Users/pranithjain/Desktop/DE Project/Apache Airflow Project/venv/lib/python3.10/site-packages/airflow/example_dags/tutorial_taskflow_templates.py
[2025-02-09T19:10:20.251-0700] {processor.py:914} INFO - Processing file /Users/pranithjain/Desktop/DE Project/Apache Airflow Project/venv/lib/python3.10/site-packages/airflow/example_dags/tutorial_taskflow_templates.py for tasks to queue
[2025-02-09T19:10:20.252-0700] {logging_mixin.py:190} INFO - [2025-02-09T19:10:20.251-0700] {dagbag.py:588} INFO - Filling up the DagBag from /Users/pranithjain/Desktop/DE Project/Apache Airflow Project/venv/lib/python3.10/site-packages/airflow/example_dags/tutorial_taskflow_templates.py
[2025-02-09T19:10:20.270-0700] {processor.py:925} INFO - DAG(s) 'tutorial_taskflow_templates' retrieved from /Users/pranithjain/Desktop/DE Project/Apache Airflow Project/venv/lib/python3.10/site-packages/airflow/example_dags/tutorial_taskflow_templates.py
[2025-02-09T19:10:20.377-0700] {logging_mixin.py:190} INFO - [2025-02-09T19:10:20.376-0700] {dag.py:3239} INFO - Sync 1 DAGs
[2025-02-09T19:10:20.384-0700] {logging_mixin.py:190} INFO - [2025-02-09T19:10:20.384-0700] {dag.py:4180} INFO - Setting next_dagrun for tutorial_taskflow_templates to 2025-02-09 00:00:00+00:00, run_after=2025-02-10 00:00:00+00:00
[2025-02-09T19:10:20.392-0700] {processor.py:208} INFO - Processing /Users/pranithjain/Desktop/DE Project/Apache Airflow Project/venv/lib/python3.10/site-packages/airflow/example_dags/tutorial_taskflow_templates.py took 0.143 seconds
[2025-02-09T19:12:48.627-0700] {processor.py:186} INFO - Started process (PID=23035) to work on /Users/pranithjain/Desktop/DE Project/Apache Airflow Project/venv/lib/python3.10/site-packages/airflow/example_dags/tutorial_taskflow_templates.py
[2025-02-09T19:12:48.627-0700] {processor.py:914} INFO - Processing file /Users/pranithjain/Desktop/DE Project/Apache Airflow Project/venv/lib/python3.10/site-packages/airflow/example_dags/tutorial_taskflow_templates.py for tasks to queue
[2025-02-09T19:12:48.628-0700] {logging_mixin.py:190} INFO - [2025-02-09T19:12:48.628-0700] {dagbag.py:588} INFO - Filling up the DagBag from /Users/pranithjain/Desktop/DE Project/Apache Airflow Project/venv/lib/python3.10/site-packages/airflow/example_dags/tutorial_taskflow_templates.py
[2025-02-09T19:12:48.645-0700] {processor.py:925} INFO - DAG(s) 'tutorial_taskflow_templates' retrieved from /Users/pranithjain/Desktop/DE Project/Apache Airflow Project/venv/lib/python3.10/site-packages/airflow/example_dags/tutorial_taskflow_templates.py
[2025-02-09T19:12:48.710-0700] {logging_mixin.py:190} INFO - [2025-02-09T19:12:48.710-0700] {dag.py:3239} INFO - Sync 1 DAGs
[2025-02-09T19:12:48.718-0700] {logging_mixin.py:190} INFO - [2025-02-09T19:12:48.718-0700] {dag.py:4180} INFO - Setting next_dagrun for tutorial_taskflow_templates to 2025-02-09 00:00:00+00:00, run_after=2025-02-10 00:00:00+00:00
[2025-02-09T19:12:48.725-0700] {processor.py:208} INFO - Processing /Users/pranithjain/Desktop/DE Project/Apache Airflow Project/venv/lib/python3.10/site-packages/airflow/example_dags/tutorial_taskflow_templates.py took 0.099 seconds
[2025-02-09T19:14:33.070-0700] {processor.py:186} INFO - Started process (PID=23353) to work on /Users/pranithjain/Desktop/DE Project/Apache Airflow Project/venv/lib/python3.10/site-packages/airflow/example_dags/tutorial_taskflow_templates.py
[2025-02-09T19:14:33.071-0700] {processor.py:914} INFO - Processing file /Users/pranithjain/Desktop/DE Project/Apache Airflow Project/venv/lib/python3.10/site-packages/airflow/example_dags/tutorial_taskflow_templates.py for tasks to queue
[2025-02-09T19:14:33.071-0700] {logging_mixin.py:190} INFO - [2025-02-09T19:14:33.071-0700] {dagbag.py:588} INFO - Filling up the DagBag from /Users/pranithjain/Desktop/DE Project/Apache Airflow Project/venv/lib/python3.10/site-packages/airflow/example_dags/tutorial_taskflow_templates.py
[2025-02-09T19:14:33.089-0700] {processor.py:925} INFO - DAG(s) 'tutorial_taskflow_templates' retrieved from /Users/pranithjain/Desktop/DE Project/Apache Airflow Project/venv/lib/python3.10/site-packages/airflow/example_dags/tutorial_taskflow_templates.py
[2025-02-09T19:14:33.154-0700] {logging_mixin.py:190} INFO - [2025-02-09T19:14:33.154-0700] {dag.py:3239} INFO - Sync 1 DAGs
[2025-02-09T19:14:33.161-0700] {logging_mixin.py:190} INFO - [2025-02-09T19:14:33.161-0700] {dag.py:4180} INFO - Setting next_dagrun for tutorial_taskflow_templates to 2025-02-09 00:00:00+00:00, run_after=2025-02-10 00:00:00+00:00
[2025-02-09T19:14:33.168-0700] {processor.py:208} INFO - Processing /Users/pranithjain/Desktop/DE Project/Apache Airflow Project/venv/lib/python3.10/site-packages/airflow/example_dags/tutorial_taskflow_templates.py took 0.100 seconds
[2025-02-09T19:15:41.704-0700] {processor.py:186} INFO - Started process (PID=23566) to work on /Users/pranithjain/Desktop/DE Project/Apache Airflow Project/venv/lib/python3.10/site-packages/airflow/example_dags/tutorial_taskflow_templates.py
[2025-02-09T19:15:41.705-0700] {processor.py:914} INFO - Processing file /Users/pranithjain/Desktop/DE Project/Apache Airflow Project/venv/lib/python3.10/site-packages/airflow/example_dags/tutorial_taskflow_templates.py for tasks to queue
[2025-02-09T19:15:41.705-0700] {logging_mixin.py:190} INFO - [2025-02-09T19:15:41.705-0700] {dagbag.py:588} INFO - Filling up the DagBag from /Users/pranithjain/Desktop/DE Project/Apache Airflow Project/venv/lib/python3.10/site-packages/airflow/example_dags/tutorial_taskflow_templates.py
[2025-02-09T19:15:41.723-0700] {processor.py:925} INFO - DAG(s) 'tutorial_taskflow_templates' retrieved from /Users/pranithjain/Desktop/DE Project/Apache Airflow Project/venv/lib/python3.10/site-packages/airflow/example_dags/tutorial_taskflow_templates.py
[2025-02-09T19:15:41.787-0700] {logging_mixin.py:190} INFO - [2025-02-09T19:15:41.787-0700] {dag.py:3239} INFO - Sync 1 DAGs
[2025-02-09T19:15:41.795-0700] {logging_mixin.py:190} INFO - [2025-02-09T19:15:41.795-0700] {dag.py:4180} INFO - Setting next_dagrun for tutorial_taskflow_templates to 2025-02-09 00:00:00+00:00, run_after=2025-02-10 00:00:00+00:00
[2025-02-09T19:15:41.802-0700] {processor.py:208} INFO - Processing /Users/pranithjain/Desktop/DE Project/Apache Airflow Project/venv/lib/python3.10/site-packages/airflow/example_dags/tutorial_taskflow_templates.py took 0.100 seconds
[2025-02-09T19:16:52.085-0700] {processor.py:186} INFO - Started process (PID=23783) to work on /Users/pranithjain/Desktop/DE Project/Apache Airflow Project/venv/lib/python3.10/site-packages/airflow/example_dags/tutorial_taskflow_templates.py
[2025-02-09T19:16:52.087-0700] {processor.py:914} INFO - Processing file /Users/pranithjain/Desktop/DE Project/Apache Airflow Project/venv/lib/python3.10/site-packages/airflow/example_dags/tutorial_taskflow_templates.py for tasks to queue
[2025-02-09T19:16:52.088-0700] {logging_mixin.py:190} INFO - [2025-02-09T19:16:52.087-0700] {dagbag.py:588} INFO - Filling up the DagBag from /Users/pranithjain/Desktop/DE Project/Apache Airflow Project/venv/lib/python3.10/site-packages/airflow/example_dags/tutorial_taskflow_templates.py
[2025-02-09T19:16:52.106-0700] {processor.py:925} INFO - DAG(s) 'tutorial_taskflow_templates' retrieved from /Users/pranithjain/Desktop/DE Project/Apache Airflow Project/venv/lib/python3.10/site-packages/airflow/example_dags/tutorial_taskflow_templates.py
[2025-02-09T19:16:52.176-0700] {logging_mixin.py:190} INFO - [2025-02-09T19:16:52.176-0700] {dag.py:3239} INFO - Sync 1 DAGs
[2025-02-09T19:16:52.184-0700] {logging_mixin.py:190} INFO - [2025-02-09T19:16:52.184-0700] {dag.py:4180} INFO - Setting next_dagrun for tutorial_taskflow_templates to 2025-02-09 00:00:00+00:00, run_after=2025-02-10 00:00:00+00:00
[2025-02-09T19:16:52.191-0700] {processor.py:208} INFO - Processing /Users/pranithjain/Desktop/DE Project/Apache Airflow Project/venv/lib/python3.10/site-packages/airflow/example_dags/tutorial_taskflow_templates.py took 0.107 seconds
[2025-02-09T19:18:04.451-0700] {processor.py:186} INFO - Started process (PID=23999) to work on /Users/pranithjain/Desktop/DE Project/Apache Airflow Project/venv/lib/python3.10/site-packages/airflow/example_dags/tutorial_taskflow_templates.py
[2025-02-09T19:18:04.452-0700] {processor.py:914} INFO - Processing file /Users/pranithjain/Desktop/DE Project/Apache Airflow Project/venv/lib/python3.10/site-packages/airflow/example_dags/tutorial_taskflow_templates.py for tasks to queue
[2025-02-09T19:18:04.452-0700] {logging_mixin.py:190} INFO - [2025-02-09T19:18:04.452-0700] {dagbag.py:588} INFO - Filling up the DagBag from /Users/pranithjain/Desktop/DE Project/Apache Airflow Project/venv/lib/python3.10/site-packages/airflow/example_dags/tutorial_taskflow_templates.py
[2025-02-09T19:18:04.469-0700] {processor.py:925} INFO - DAG(s) 'tutorial_taskflow_templates' retrieved from /Users/pranithjain/Desktop/DE Project/Apache Airflow Project/venv/lib/python3.10/site-packages/airflow/example_dags/tutorial_taskflow_templates.py
[2025-02-09T19:18:04.537-0700] {logging_mixin.py:190} INFO - [2025-02-09T19:18:04.536-0700] {dag.py:3239} INFO - Sync 1 DAGs
[2025-02-09T19:18:04.545-0700] {logging_mixin.py:190} INFO - [2025-02-09T19:18:04.545-0700] {dag.py:4180} INFO - Setting next_dagrun for tutorial_taskflow_templates to 2025-02-09 00:00:00+00:00, run_after=2025-02-10 00:00:00+00:00
[2025-02-09T19:18:04.553-0700] {processor.py:208} INFO - Processing /Users/pranithjain/Desktop/DE Project/Apache Airflow Project/venv/lib/python3.10/site-packages/airflow/example_dags/tutorial_taskflow_templates.py took 0.103 seconds
[2025-02-09T19:19:17.742-0700] {processor.py:186} INFO - Started process (PID=24230) to work on /Users/pranithjain/Desktop/DE Project/Apache Airflow Project/venv/lib/python3.10/site-packages/airflow/example_dags/tutorial_taskflow_templates.py
[2025-02-09T19:19:17.743-0700] {processor.py:914} INFO - Processing file /Users/pranithjain/Desktop/DE Project/Apache Airflow Project/venv/lib/python3.10/site-packages/airflow/example_dags/tutorial_taskflow_templates.py for tasks to queue
[2025-02-09T19:19:17.743-0700] {logging_mixin.py:190} INFO - [2025-02-09T19:19:17.743-0700] {dagbag.py:588} INFO - Filling up the DagBag from /Users/pranithjain/Desktop/DE Project/Apache Airflow Project/venv/lib/python3.10/site-packages/airflow/example_dags/tutorial_taskflow_templates.py
[2025-02-09T19:19:17.761-0700] {processor.py:925} INFO - DAG(s) 'tutorial_taskflow_templates' retrieved from /Users/pranithjain/Desktop/DE Project/Apache Airflow Project/venv/lib/python3.10/site-packages/airflow/example_dags/tutorial_taskflow_templates.py
[2025-02-09T19:19:17.828-0700] {logging_mixin.py:190} INFO - [2025-02-09T19:19:17.828-0700] {dag.py:3239} INFO - Sync 1 DAGs
[2025-02-09T19:19:17.836-0700] {logging_mixin.py:190} INFO - [2025-02-09T19:19:17.836-0700] {dag.py:4180} INFO - Setting next_dagrun for tutorial_taskflow_templates to 2025-02-09 00:00:00+00:00, run_after=2025-02-10 00:00:00+00:00
[2025-02-09T19:19:17.843-0700] {processor.py:208} INFO - Processing /Users/pranithjain/Desktop/DE Project/Apache Airflow Project/venv/lib/python3.10/site-packages/airflow/example_dags/tutorial_taskflow_templates.py took 0.103 seconds
[2025-02-09T19:20:30.652-0700] {processor.py:186} INFO - Started process (PID=24450) to work on /Users/pranithjain/Desktop/DE Project/Apache Airflow Project/venv/lib/python3.10/site-packages/airflow/example_dags/tutorial_taskflow_templates.py
[2025-02-09T19:20:30.653-0700] {processor.py:914} INFO - Processing file /Users/pranithjain/Desktop/DE Project/Apache Airflow Project/venv/lib/python3.10/site-packages/airflow/example_dags/tutorial_taskflow_templates.py for tasks to queue
[2025-02-09T19:20:30.653-0700] {logging_mixin.py:190} INFO - [2025-02-09T19:20:30.653-0700] {dagbag.py:588} INFO - Filling up the DagBag from /Users/pranithjain/Desktop/DE Project/Apache Airflow Project/venv/lib/python3.10/site-packages/airflow/example_dags/tutorial_taskflow_templates.py
[2025-02-09T19:20:30.674-0700] {processor.py:925} INFO - DAG(s) 'tutorial_taskflow_templates' retrieved from /Users/pranithjain/Desktop/DE Project/Apache Airflow Project/venv/lib/python3.10/site-packages/airflow/example_dags/tutorial_taskflow_templates.py
[2025-02-09T19:20:30.744-0700] {logging_mixin.py:190} INFO - [2025-02-09T19:20:30.743-0700] {dag.py:3239} INFO - Sync 1 DAGs
[2025-02-09T19:20:30.752-0700] {logging_mixin.py:190} INFO - [2025-02-09T19:20:30.752-0700] {dag.py:4180} INFO - Setting next_dagrun for tutorial_taskflow_templates to 2025-02-09 00:00:00+00:00, run_after=2025-02-10 00:00:00+00:00
[2025-02-09T19:20:30.759-0700] {processor.py:208} INFO - Processing /Users/pranithjain/Desktop/DE Project/Apache Airflow Project/venv/lib/python3.10/site-packages/airflow/example_dags/tutorial_taskflow_templates.py took 0.108 seconds
[2025-02-09T19:21:44.651-0700] {processor.py:186} INFO - Started process (PID=24745) to work on /Users/pranithjain/Desktop/DE Project/Apache Airflow Project/venv/lib/python3.10/site-packages/airflow/example_dags/tutorial_taskflow_templates.py
[2025-02-09T19:21:44.651-0700] {processor.py:914} INFO - Processing file /Users/pranithjain/Desktop/DE Project/Apache Airflow Project/venv/lib/python3.10/site-packages/airflow/example_dags/tutorial_taskflow_templates.py for tasks to queue
[2025-02-09T19:21:44.652-0700] {logging_mixin.py:190} INFO - [2025-02-09T19:21:44.652-0700] {dagbag.py:588} INFO - Filling up the DagBag from /Users/pranithjain/Desktop/DE Project/Apache Airflow Project/venv/lib/python3.10/site-packages/airflow/example_dags/tutorial_taskflow_templates.py
[2025-02-09T19:21:44.669-0700] {processor.py:925} INFO - DAG(s) 'tutorial_taskflow_templates' retrieved from /Users/pranithjain/Desktop/DE Project/Apache Airflow Project/venv/lib/python3.10/site-packages/airflow/example_dags/tutorial_taskflow_templates.py
[2025-02-09T19:21:44.735-0700] {logging_mixin.py:190} INFO - [2025-02-09T19:21:44.734-0700] {dag.py:3239} INFO - Sync 1 DAGs
[2025-02-09T19:21:44.742-0700] {logging_mixin.py:190} INFO - [2025-02-09T19:21:44.742-0700] {dag.py:4180} INFO - Setting next_dagrun for tutorial_taskflow_templates to 2025-02-09 00:00:00+00:00, run_after=2025-02-10 00:00:00+00:00
[2025-02-09T19:21:44.748-0700] {processor.py:208} INFO - Processing /Users/pranithjain/Desktop/DE Project/Apache Airflow Project/venv/lib/python3.10/site-packages/airflow/example_dags/tutorial_taskflow_templates.py took 0.099 seconds
[2025-02-09T19:22:58.359-0700] {processor.py:186} INFO - Started process (PID=24988) to work on /Users/pranithjain/Desktop/DE Project/Apache Airflow Project/venv/lib/python3.10/site-packages/airflow/example_dags/tutorial_taskflow_templates.py
[2025-02-09T19:22:58.359-0700] {processor.py:914} INFO - Processing file /Users/pranithjain/Desktop/DE Project/Apache Airflow Project/venv/lib/python3.10/site-packages/airflow/example_dags/tutorial_taskflow_templates.py for tasks to queue
[2025-02-09T19:22:58.360-0700] {logging_mixin.py:190} INFO - [2025-02-09T19:22:58.360-0700] {dagbag.py:588} INFO - Filling up the DagBag from /Users/pranithjain/Desktop/DE Project/Apache Airflow Project/venv/lib/python3.10/site-packages/airflow/example_dags/tutorial_taskflow_templates.py
[2025-02-09T19:22:58.377-0700] {processor.py:925} INFO - DAG(s) 'tutorial_taskflow_templates' retrieved from /Users/pranithjain/Desktop/DE Project/Apache Airflow Project/venv/lib/python3.10/site-packages/airflow/example_dags/tutorial_taskflow_templates.py
[2025-02-09T19:22:58.443-0700] {logging_mixin.py:190} INFO - [2025-02-09T19:22:58.442-0700] {dag.py:3239} INFO - Sync 1 DAGs
[2025-02-09T19:22:58.450-0700] {logging_mixin.py:190} INFO - [2025-02-09T19:22:58.450-0700] {dag.py:4180} INFO - Setting next_dagrun for tutorial_taskflow_templates to 2025-02-09 00:00:00+00:00, run_after=2025-02-10 00:00:00+00:00
[2025-02-09T19:22:58.457-0700] {processor.py:208} INFO - Processing /Users/pranithjain/Desktop/DE Project/Apache Airflow Project/venv/lib/python3.10/site-packages/airflow/example_dags/tutorial_taskflow_templates.py took 0.100 seconds
[2025-02-09T19:24:06.736-0700] {processor.py:186} INFO - Started process (PID=25205) to work on /Users/pranithjain/Desktop/DE Project/Apache Airflow Project/venv/lib/python3.10/site-packages/airflow/example_dags/tutorial_taskflow_templates.py
[2025-02-09T19:24:06.737-0700] {processor.py:914} INFO - Processing file /Users/pranithjain/Desktop/DE Project/Apache Airflow Project/venv/lib/python3.10/site-packages/airflow/example_dags/tutorial_taskflow_templates.py for tasks to queue
[2025-02-09T19:24:06.737-0700] {logging_mixin.py:190} INFO - [2025-02-09T19:24:06.737-0700] {dagbag.py:588} INFO - Filling up the DagBag from /Users/pranithjain/Desktop/DE Project/Apache Airflow Project/venv/lib/python3.10/site-packages/airflow/example_dags/tutorial_taskflow_templates.py
[2025-02-09T19:24:06.754-0700] {processor.py:925} INFO - DAG(s) 'tutorial_taskflow_templates' retrieved from /Users/pranithjain/Desktop/DE Project/Apache Airflow Project/venv/lib/python3.10/site-packages/airflow/example_dags/tutorial_taskflow_templates.py
[2025-02-09T19:24:06.819-0700] {logging_mixin.py:190} INFO - [2025-02-09T19:24:06.819-0700] {dag.py:3239} INFO - Sync 1 DAGs
[2025-02-09T19:24:06.827-0700] {logging_mixin.py:190} INFO - [2025-02-09T19:24:06.827-0700] {dag.py:4180} INFO - Setting next_dagrun for tutorial_taskflow_templates to 2025-02-09 00:00:00+00:00, run_after=2025-02-10 00:00:00+00:00
[2025-02-09T19:24:06.834-0700] {processor.py:208} INFO - Processing /Users/pranithjain/Desktop/DE Project/Apache Airflow Project/venv/lib/python3.10/site-packages/airflow/example_dags/tutorial_taskflow_templates.py took 0.099 seconds
[2025-02-09T19:25:13.076-0700] {processor.py:186} INFO - Started process (PID=25410) to work on /Users/pranithjain/Desktop/DE Project/Apache Airflow Project/venv/lib/python3.10/site-packages/airflow/example_dags/tutorial_taskflow_templates.py
[2025-02-09T19:25:13.077-0700] {processor.py:914} INFO - Processing file /Users/pranithjain/Desktop/DE Project/Apache Airflow Project/venv/lib/python3.10/site-packages/airflow/example_dags/tutorial_taskflow_templates.py for tasks to queue
[2025-02-09T19:25:13.077-0700] {logging_mixin.py:190} INFO - [2025-02-09T19:25:13.077-0700] {dagbag.py:588} INFO - Filling up the DagBag from /Users/pranithjain/Desktop/DE Project/Apache Airflow Project/venv/lib/python3.10/site-packages/airflow/example_dags/tutorial_taskflow_templates.py
[2025-02-09T19:25:13.095-0700] {processor.py:925} INFO - DAG(s) 'tutorial_taskflow_templates' retrieved from /Users/pranithjain/Desktop/DE Project/Apache Airflow Project/venv/lib/python3.10/site-packages/airflow/example_dags/tutorial_taskflow_templates.py
[2025-02-09T19:25:13.160-0700] {logging_mixin.py:190} INFO - [2025-02-09T19:25:13.160-0700] {dag.py:3239} INFO - Sync 1 DAGs
[2025-02-09T19:25:13.168-0700] {logging_mixin.py:190} INFO - [2025-02-09T19:25:13.168-0700] {dag.py:4180} INFO - Setting next_dagrun for tutorial_taskflow_templates to 2025-02-09 00:00:00+00:00, run_after=2025-02-10 00:00:00+00:00
[2025-02-09T19:25:13.175-0700] {processor.py:208} INFO - Processing /Users/pranithjain/Desktop/DE Project/Apache Airflow Project/venv/lib/python3.10/site-packages/airflow/example_dags/tutorial_taskflow_templates.py took 0.100 seconds
[2025-02-09T19:26:23.756-0700] {processor.py:186} INFO - Started process (PID=25674) to work on /Users/pranithjain/Desktop/DE Project/Apache Airflow Project/venv/lib/python3.10/site-packages/airflow/example_dags/tutorial_taskflow_templates.py
[2025-02-09T19:26:23.757-0700] {processor.py:914} INFO - Processing file /Users/pranithjain/Desktop/DE Project/Apache Airflow Project/venv/lib/python3.10/site-packages/airflow/example_dags/tutorial_taskflow_templates.py for tasks to queue
[2025-02-09T19:26:23.757-0700] {logging_mixin.py:190} INFO - [2025-02-09T19:26:23.757-0700] {dagbag.py:588} INFO - Filling up the DagBag from /Users/pranithjain/Desktop/DE Project/Apache Airflow Project/venv/lib/python3.10/site-packages/airflow/example_dags/tutorial_taskflow_templates.py
[2025-02-09T19:26:23.782-0700] {processor.py:925} INFO - DAG(s) 'tutorial_taskflow_templates' retrieved from /Users/pranithjain/Desktop/DE Project/Apache Airflow Project/venv/lib/python3.10/site-packages/airflow/example_dags/tutorial_taskflow_templates.py
[2025-02-09T19:26:23.857-0700] {logging_mixin.py:190} INFO - [2025-02-09T19:26:23.857-0700] {dag.py:3239} INFO - Sync 1 DAGs
[2025-02-09T19:26:23.865-0700] {logging_mixin.py:190} INFO - [2025-02-09T19:26:23.865-0700] {dag.py:4180} INFO - Setting next_dagrun for tutorial_taskflow_templates to 2025-02-09 00:00:00+00:00, run_after=2025-02-10 00:00:00+00:00
[2025-02-09T19:26:23.873-0700] {processor.py:208} INFO - Processing /Users/pranithjain/Desktop/DE Project/Apache Airflow Project/venv/lib/python3.10/site-packages/airflow/example_dags/tutorial_taskflow_templates.py took 0.119 seconds
[2025-02-09T19:27:34.739-0700] {processor.py:186} INFO - Started process (PID=25974) to work on /Users/pranithjain/Desktop/DE Project/Apache Airflow Project/venv/lib/python3.10/site-packages/airflow/example_dags/tutorial_taskflow_templates.py
[2025-02-09T19:27:34.739-0700] {processor.py:914} INFO - Processing file /Users/pranithjain/Desktop/DE Project/Apache Airflow Project/venv/lib/python3.10/site-packages/airflow/example_dags/tutorial_taskflow_templates.py for tasks to queue
[2025-02-09T19:27:34.740-0700] {logging_mixin.py:190} INFO - [2025-02-09T19:27:34.740-0700] {dagbag.py:588} INFO - Filling up the DagBag from /Users/pranithjain/Desktop/DE Project/Apache Airflow Project/venv/lib/python3.10/site-packages/airflow/example_dags/tutorial_taskflow_templates.py
[2025-02-09T19:27:34.758-0700] {processor.py:925} INFO - DAG(s) 'tutorial_taskflow_templates' retrieved from /Users/pranithjain/Desktop/DE Project/Apache Airflow Project/venv/lib/python3.10/site-packages/airflow/example_dags/tutorial_taskflow_templates.py
[2025-02-09T19:27:34.824-0700] {logging_mixin.py:190} INFO - [2025-02-09T19:27:34.824-0700] {dag.py:3239} INFO - Sync 1 DAGs
[2025-02-09T19:27:34.832-0700] {logging_mixin.py:190} INFO - [2025-02-09T19:27:34.832-0700] {dag.py:4180} INFO - Setting next_dagrun for tutorial_taskflow_templates to 2025-02-09 00:00:00+00:00, run_after=2025-02-10 00:00:00+00:00
[2025-02-09T19:27:34.839-0700] {processor.py:208} INFO - Processing /Users/pranithjain/Desktop/DE Project/Apache Airflow Project/venv/lib/python3.10/site-packages/airflow/example_dags/tutorial_taskflow_templates.py took 0.102 seconds
[2025-02-09T19:28:13.445-0700] {processor.py:186} INFO - Started process (PID=26086) to work on /Users/pranithjain/Desktop/DE Project/Apache Airflow Project/venv/lib/python3.10/site-packages/airflow/example_dags/tutorial_taskflow_templates.py
[2025-02-09T19:28:13.445-0700] {processor.py:914} INFO - Processing file /Users/pranithjain/Desktop/DE Project/Apache Airflow Project/venv/lib/python3.10/site-packages/airflow/example_dags/tutorial_taskflow_templates.py for tasks to queue
[2025-02-09T19:28:13.446-0700] {logging_mixin.py:190} INFO - [2025-02-09T19:28:13.446-0700] {dagbag.py:588} INFO - Filling up the DagBag from /Users/pranithjain/Desktop/DE Project/Apache Airflow Project/venv/lib/python3.10/site-packages/airflow/example_dags/tutorial_taskflow_templates.py
[2025-02-09T19:28:13.464-0700] {processor.py:925} INFO - DAG(s) 'tutorial_taskflow_templates' retrieved from /Users/pranithjain/Desktop/DE Project/Apache Airflow Project/venv/lib/python3.10/site-packages/airflow/example_dags/tutorial_taskflow_templates.py
[2025-02-09T19:28:13.530-0700] {logging_mixin.py:190} INFO - [2025-02-09T19:28:13.529-0700] {dag.py:3239} INFO - Sync 1 DAGs
[2025-02-09T19:28:13.537-0700] {logging_mixin.py:190} INFO - [2025-02-09T19:28:13.537-0700] {dag.py:4180} INFO - Setting next_dagrun for tutorial_taskflow_templates to 2025-02-09 00:00:00+00:00, run_after=2025-02-10 00:00:00+00:00
[2025-02-09T19:28:13.544-0700] {processor.py:208} INFO - Processing /Users/pranithjain/Desktop/DE Project/Apache Airflow Project/venv/lib/python3.10/site-packages/airflow/example_dags/tutorial_taskflow_templates.py took 0.101 seconds
