[2025-02-09T18:47:41.211-0700] {processor.py:186} INFO - Started process (PID=18686) to work on /Users/pranithjain/Desktop/DE Project/Apache Airflow Project/venv/lib/python3.10/site-packages/airflow/example_dags/tutorial_dag.py
[2025-02-09T18:47:41.212-0700] {processor.py:914} INFO - Processing file /Users/pranithjain/Desktop/DE Project/Apache Airflow Project/venv/lib/python3.10/site-packages/airflow/example_dags/tutorial_dag.py for tasks to queue
[2025-02-09T18:47:41.212-0700] {logging_mixin.py:190} INFO - [2025-02-09T18:47:41.212-0700] {dagbag.py:588} INFO - Filling up the DagBag from /Users/pranithjain/Desktop/DE Project/Apache Airflow Project/venv/lib/python3.10/site-packages/airflow/example_dags/tutorial_dag.py
[2025-02-09T18:47:41.223-0700] {processor.py:925} INFO - DAG(s) 'tutorial_dag' retrieved from /Users/pranithjain/Desktop/DE Project/Apache Airflow Project/venv/lib/python3.10/site-packages/airflow/example_dags/tutorial_dag.py
[2025-02-09T18:47:41.323-0700] {logging_mixin.py:190} INFO - [2025-02-09T18:47:41.323-0700] {override.py:1930} INFO - Created Permission View: can edit on DAG:tutorial_dag
[2025-02-09T18:47:41.327-0700] {logging_mixin.py:190} INFO - [2025-02-09T18:47:41.326-0700] {override.py:1930} INFO - Created Permission View: can delete on DAG:tutorial_dag
[2025-02-09T18:47:41.329-0700] {logging_mixin.py:190} INFO - [2025-02-09T18:47:41.328-0700] {override.py:1930} INFO - Created Permission View: can read on DAG:tutorial_dag
[2025-02-09T18:47:41.331-0700] {logging_mixin.py:190} INFO - [2025-02-09T18:47:41.331-0700] {override.py:1930} INFO - Created Permission View: can delete on DAG Run:tutorial_dag
[2025-02-09T18:47:41.333-0700] {logging_mixin.py:190} INFO - [2025-02-09T18:47:41.333-0700] {override.py:1930} INFO - Created Permission View: can create on DAG Run:tutorial_dag
[2025-02-09T18:47:41.335-0700] {logging_mixin.py:190} INFO - [2025-02-09T18:47:41.335-0700] {override.py:1930} INFO - Created Permission View: menu access on DAG Run:tutorial_dag
[2025-02-09T18:47:41.337-0700] {logging_mixin.py:190} INFO - [2025-02-09T18:47:41.337-0700] {override.py:1930} INFO - Created Permission View: can read on DAG Run:tutorial_dag
[2025-02-09T18:47:41.337-0700] {logging_mixin.py:190} INFO - [2025-02-09T18:47:41.337-0700] {dag.py:3239} INFO - Sync 1 DAGs
[2025-02-09T18:47:41.341-0700] {logging_mixin.py:190} INFO - [2025-02-09T18:47:41.341-0700] {dag.py:3262} INFO - Creating ORM DAG for tutorial_dag
[2025-02-09T18:47:41.342-0700] {logging_mixin.py:190} INFO - [2025-02-09T18:47:41.341-0700] {dag.py:4180} INFO - Setting next_dagrun for tutorial_dag to None, run_after=None
[2025-02-09T18:47:41.347-0700] {processor.py:208} INFO - Processing /Users/pranithjain/Desktop/DE Project/Apache Airflow Project/venv/lib/python3.10/site-packages/airflow/example_dags/tutorial_dag.py took 0.138 seconds
[2025-02-09T18:49:25.118-0700] {processor.py:186} INFO - Started process (PID=19078) to work on /Users/pranithjain/Desktop/DE Project/Apache Airflow Project/venv/lib/python3.10/site-packages/airflow/example_dags/tutorial_dag.py
[2025-02-09T18:49:25.119-0700] {processor.py:914} INFO - Processing file /Users/pranithjain/Desktop/DE Project/Apache Airflow Project/venv/lib/python3.10/site-packages/airflow/example_dags/tutorial_dag.py for tasks to queue
[2025-02-09T18:49:25.119-0700] {logging_mixin.py:190} INFO - [2025-02-09T18:49:25.119-0700] {dagbag.py:588} INFO - Filling up the DagBag from /Users/pranithjain/Desktop/DE Project/Apache Airflow Project/venv/lib/python3.10/site-packages/airflow/example_dags/tutorial_dag.py
[2025-02-09T18:49:25.130-0700] {processor.py:925} INFO - DAG(s) 'tutorial_dag' retrieved from /Users/pranithjain/Desktop/DE Project/Apache Airflow Project/venv/lib/python3.10/site-packages/airflow/example_dags/tutorial_dag.py
[2025-02-09T18:49:25.195-0700] {logging_mixin.py:190} INFO - [2025-02-09T18:49:25.195-0700] {dag.py:3239} INFO - Sync 1 DAGs
[2025-02-09T18:49:25.199-0700] {logging_mixin.py:190} INFO - [2025-02-09T18:49:25.199-0700] {dag.py:4180} INFO - Setting next_dagrun for tutorial_dag to None, run_after=None
[2025-02-09T18:49:25.207-0700] {processor.py:208} INFO - Processing /Users/pranithjain/Desktop/DE Project/Apache Airflow Project/venv/lib/python3.10/site-packages/airflow/example_dags/tutorial_dag.py took 0.090 seconds
[2025-02-09T18:50:38.689-0700] {processor.py:186} INFO - Started process (PID=19308) to work on /Users/pranithjain/Desktop/DE Project/Apache Airflow Project/venv/lib/python3.10/site-packages/airflow/example_dags/tutorial_dag.py
[2025-02-09T18:50:38.690-0700] {processor.py:914} INFO - Processing file /Users/pranithjain/Desktop/DE Project/Apache Airflow Project/venv/lib/python3.10/site-packages/airflow/example_dags/tutorial_dag.py for tasks to queue
[2025-02-09T18:50:38.691-0700] {logging_mixin.py:190} INFO - [2025-02-09T18:50:38.691-0700] {dagbag.py:588} INFO - Filling up the DagBag from /Users/pranithjain/Desktop/DE Project/Apache Airflow Project/venv/lib/python3.10/site-packages/airflow/example_dags/tutorial_dag.py
[2025-02-09T18:50:38.702-0700] {processor.py:925} INFO - DAG(s) 'tutorial_dag' retrieved from /Users/pranithjain/Desktop/DE Project/Apache Airflow Project/venv/lib/python3.10/site-packages/airflow/example_dags/tutorial_dag.py
[2025-02-09T18:50:38.773-0700] {logging_mixin.py:190} INFO - [2025-02-09T18:50:38.773-0700] {dag.py:3239} INFO - Sync 1 DAGs
[2025-02-09T18:50:38.777-0700] {logging_mixin.py:190} INFO - [2025-02-09T18:50:38.777-0700] {dag.py:4180} INFO - Setting next_dagrun for tutorial_dag to None, run_after=None
[2025-02-09T18:50:38.786-0700] {processor.py:208} INFO - Processing /Users/pranithjain/Desktop/DE Project/Apache Airflow Project/venv/lib/python3.10/site-packages/airflow/example_dags/tutorial_dag.py took 0.099 seconds
[2025-02-09T18:51:49.845-0700] {processor.py:186} INFO - Started process (PID=19529) to work on /Users/pranithjain/Desktop/DE Project/Apache Airflow Project/venv/lib/python3.10/site-packages/airflow/example_dags/tutorial_dag.py
[2025-02-09T18:51:49.845-0700] {processor.py:914} INFO - Processing file /Users/pranithjain/Desktop/DE Project/Apache Airflow Project/venv/lib/python3.10/site-packages/airflow/example_dags/tutorial_dag.py for tasks to queue
[2025-02-09T18:51:49.846-0700] {logging_mixin.py:190} INFO - [2025-02-09T18:51:49.846-0700] {dagbag.py:588} INFO - Filling up the DagBag from /Users/pranithjain/Desktop/DE Project/Apache Airflow Project/venv/lib/python3.10/site-packages/airflow/example_dags/tutorial_dag.py
[2025-02-09T18:51:49.857-0700] {processor.py:925} INFO - DAG(s) 'tutorial_dag' retrieved from /Users/pranithjain/Desktop/DE Project/Apache Airflow Project/venv/lib/python3.10/site-packages/airflow/example_dags/tutorial_dag.py
[2025-02-09T18:51:49.925-0700] {logging_mixin.py:190} INFO - [2025-02-09T18:51:49.925-0700] {dag.py:3239} INFO - Sync 1 DAGs
[2025-02-09T18:51:49.930-0700] {logging_mixin.py:190} INFO - [2025-02-09T18:51:49.930-0700] {dag.py:4180} INFO - Setting next_dagrun for tutorial_dag to None, run_after=None
[2025-02-09T18:51:49.937-0700] {processor.py:208} INFO - Processing /Users/pranithjain/Desktop/DE Project/Apache Airflow Project/venv/lib/python3.10/site-packages/airflow/example_dags/tutorial_dag.py took 0.094 seconds
[2025-02-09T18:52:49.770-0700] {processor.py:186} INFO - Started process (PID=19725) to work on /Users/pranithjain/Desktop/DE Project/Apache Airflow Project/venv/lib/python3.10/site-packages/airflow/example_dags/tutorial_dag.py
[2025-02-09T18:52:49.772-0700] {processor.py:914} INFO - Processing file /Users/pranithjain/Desktop/DE Project/Apache Airflow Project/venv/lib/python3.10/site-packages/airflow/example_dags/tutorial_dag.py for tasks to queue
[2025-02-09T18:52:49.772-0700] {logging_mixin.py:190} INFO - [2025-02-09T18:52:49.772-0700] {dagbag.py:588} INFO - Filling up the DagBag from /Users/pranithjain/Desktop/DE Project/Apache Airflow Project/venv/lib/python3.10/site-packages/airflow/example_dags/tutorial_dag.py
[2025-02-09T18:52:49.783-0700] {processor.py:925} INFO - DAG(s) 'tutorial_dag' retrieved from /Users/pranithjain/Desktop/DE Project/Apache Airflow Project/venv/lib/python3.10/site-packages/airflow/example_dags/tutorial_dag.py
[2025-02-09T18:52:49.847-0700] {logging_mixin.py:190} INFO - [2025-02-09T18:52:49.847-0700] {dag.py:3239} INFO - Sync 1 DAGs
[2025-02-09T18:52:49.851-0700] {logging_mixin.py:190} INFO - [2025-02-09T18:52:49.851-0700] {dag.py:4180} INFO - Setting next_dagrun for tutorial_dag to None, run_after=None
[2025-02-09T18:52:49.859-0700] {processor.py:208} INFO - Processing /Users/pranithjain/Desktop/DE Project/Apache Airflow Project/venv/lib/python3.10/site-packages/airflow/example_dags/tutorial_dag.py took 0.090 seconds
[2025-02-09T18:54:32.826-0700] {processor.py:186} INFO - Started process (PID=20041) to work on /Users/pranithjain/Desktop/DE Project/Apache Airflow Project/venv/lib/python3.10/site-packages/airflow/example_dags/tutorial_dag.py
[2025-02-09T18:54:32.826-0700] {processor.py:914} INFO - Processing file /Users/pranithjain/Desktop/DE Project/Apache Airflow Project/venv/lib/python3.10/site-packages/airflow/example_dags/tutorial_dag.py for tasks to queue
[2025-02-09T18:54:32.827-0700] {logging_mixin.py:190} INFO - [2025-02-09T18:54:32.827-0700] {dagbag.py:588} INFO - Filling up the DagBag from /Users/pranithjain/Desktop/DE Project/Apache Airflow Project/venv/lib/python3.10/site-packages/airflow/example_dags/tutorial_dag.py
[2025-02-09T18:54:32.838-0700] {processor.py:925} INFO - DAG(s) 'tutorial_dag' retrieved from /Users/pranithjain/Desktop/DE Project/Apache Airflow Project/venv/lib/python3.10/site-packages/airflow/example_dags/tutorial_dag.py
[2025-02-09T18:54:32.902-0700] {logging_mixin.py:190} INFO - [2025-02-09T18:54:32.902-0700] {dag.py:3239} INFO - Sync 1 DAGs
[2025-02-09T18:54:32.906-0700] {logging_mixin.py:190} INFO - [2025-02-09T18:54:32.906-0700] {dag.py:4180} INFO - Setting next_dagrun for tutorial_dag to None, run_after=None
[2025-02-09T18:54:32.913-0700] {processor.py:208} INFO - Processing /Users/pranithjain/Desktop/DE Project/Apache Airflow Project/venv/lib/python3.10/site-packages/airflow/example_dags/tutorial_dag.py took 0.089 seconds
[2025-02-09T18:55:44.450-0700] {processor.py:186} INFO - Started process (PID=20257) to work on /Users/pranithjain/Desktop/DE Project/Apache Airflow Project/venv/lib/python3.10/site-packages/airflow/example_dags/tutorial_dag.py
[2025-02-09T18:55:44.450-0700] {processor.py:914} INFO - Processing file /Users/pranithjain/Desktop/DE Project/Apache Airflow Project/venv/lib/python3.10/site-packages/airflow/example_dags/tutorial_dag.py for tasks to queue
[2025-02-09T18:55:44.451-0700] {logging_mixin.py:190} INFO - [2025-02-09T18:55:44.451-0700] {dagbag.py:588} INFO - Filling up the DagBag from /Users/pranithjain/Desktop/DE Project/Apache Airflow Project/venv/lib/python3.10/site-packages/airflow/example_dags/tutorial_dag.py
[2025-02-09T18:55:44.461-0700] {processor.py:925} INFO - DAG(s) 'tutorial_dag' retrieved from /Users/pranithjain/Desktop/DE Project/Apache Airflow Project/venv/lib/python3.10/site-packages/airflow/example_dags/tutorial_dag.py
[2025-02-09T18:55:44.527-0700] {logging_mixin.py:190} INFO - [2025-02-09T18:55:44.527-0700] {dag.py:3239} INFO - Sync 1 DAGs
[2025-02-09T18:55:44.532-0700] {logging_mixin.py:190} INFO - [2025-02-09T18:55:44.532-0700] {dag.py:4180} INFO - Setting next_dagrun for tutorial_dag to None, run_after=None
[2025-02-09T18:55:44.540-0700] {processor.py:208} INFO - Processing /Users/pranithjain/Desktop/DE Project/Apache Airflow Project/venv/lib/python3.10/site-packages/airflow/example_dags/tutorial_dag.py took 0.092 seconds
[2025-02-09T18:56:58.099-0700] {processor.py:186} INFO - Started process (PID=20495) to work on /Users/pranithjain/Desktop/DE Project/Apache Airflow Project/venv/lib/python3.10/site-packages/airflow/example_dags/tutorial_dag.py
[2025-02-09T18:56:58.099-0700] {processor.py:914} INFO - Processing file /Users/pranithjain/Desktop/DE Project/Apache Airflow Project/venv/lib/python3.10/site-packages/airflow/example_dags/tutorial_dag.py for tasks to queue
[2025-02-09T18:56:58.100-0700] {logging_mixin.py:190} INFO - [2025-02-09T18:56:58.100-0700] {dagbag.py:588} INFO - Filling up the DagBag from /Users/pranithjain/Desktop/DE Project/Apache Airflow Project/venv/lib/python3.10/site-packages/airflow/example_dags/tutorial_dag.py
[2025-02-09T18:56:58.110-0700] {processor.py:925} INFO - DAG(s) 'tutorial_dag' retrieved from /Users/pranithjain/Desktop/DE Project/Apache Airflow Project/venv/lib/python3.10/site-packages/airflow/example_dags/tutorial_dag.py
[2025-02-09T18:56:58.175-0700] {logging_mixin.py:190} INFO - [2025-02-09T18:56:58.175-0700] {dag.py:3239} INFO - Sync 1 DAGs
[2025-02-09T18:56:58.179-0700] {logging_mixin.py:190} INFO - [2025-02-09T18:56:58.179-0700] {dag.py:4180} INFO - Setting next_dagrun for tutorial_dag to None, run_after=None
[2025-02-09T18:56:58.187-0700] {processor.py:208} INFO - Processing /Users/pranithjain/Desktop/DE Project/Apache Airflow Project/venv/lib/python3.10/site-packages/airflow/example_dags/tutorial_dag.py took 0.089 seconds
[2025-02-09T18:58:11.115-0700] {processor.py:186} INFO - Started process (PID=20714) to work on /Users/pranithjain/Desktop/DE Project/Apache Airflow Project/venv/lib/python3.10/site-packages/airflow/example_dags/tutorial_dag.py
[2025-02-09T18:58:11.116-0700] {processor.py:914} INFO - Processing file /Users/pranithjain/Desktop/DE Project/Apache Airflow Project/venv/lib/python3.10/site-packages/airflow/example_dags/tutorial_dag.py for tasks to queue
[2025-02-09T18:58:11.116-0700] {logging_mixin.py:190} INFO - [2025-02-09T18:58:11.116-0700] {dagbag.py:588} INFO - Filling up the DagBag from /Users/pranithjain/Desktop/DE Project/Apache Airflow Project/venv/lib/python3.10/site-packages/airflow/example_dags/tutorial_dag.py
[2025-02-09T18:58:11.127-0700] {processor.py:925} INFO - DAG(s) 'tutorial_dag' retrieved from /Users/pranithjain/Desktop/DE Project/Apache Airflow Project/venv/lib/python3.10/site-packages/airflow/example_dags/tutorial_dag.py
[2025-02-09T18:58:11.199-0700] {logging_mixin.py:190} INFO - [2025-02-09T18:58:11.199-0700] {dag.py:3239} INFO - Sync 1 DAGs
[2025-02-09T18:58:11.204-0700] {logging_mixin.py:190} INFO - [2025-02-09T18:58:11.204-0700] {dag.py:4180} INFO - Setting next_dagrun for tutorial_dag to None, run_after=None
[2025-02-09T18:58:11.213-0700] {processor.py:208} INFO - Processing /Users/pranithjain/Desktop/DE Project/Apache Airflow Project/venv/lib/python3.10/site-packages/airflow/example_dags/tutorial_dag.py took 0.100 seconds
[2025-02-09T19:06:25.971-0700] {processor.py:186} INFO - Started process (PID=21898) to work on /Users/pranithjain/Desktop/DE Project/Apache Airflow Project/venv/lib/python3.10/site-packages/airflow/example_dags/tutorial_dag.py
[2025-02-09T19:06:25.972-0700] {processor.py:914} INFO - Processing file /Users/pranithjain/Desktop/DE Project/Apache Airflow Project/venv/lib/python3.10/site-packages/airflow/example_dags/tutorial_dag.py for tasks to queue
[2025-02-09T19:06:25.972-0700] {logging_mixin.py:190} INFO - [2025-02-09T19:06:25.972-0700] {dagbag.py:588} INFO - Filling up the DagBag from /Users/pranithjain/Desktop/DE Project/Apache Airflow Project/venv/lib/python3.10/site-packages/airflow/example_dags/tutorial_dag.py
[2025-02-09T19:06:25.983-0700] {processor.py:925} INFO - DAG(s) 'tutorial_dag' retrieved from /Users/pranithjain/Desktop/DE Project/Apache Airflow Project/venv/lib/python3.10/site-packages/airflow/example_dags/tutorial_dag.py
[2025-02-09T19:06:26.052-0700] {logging_mixin.py:190} INFO - [2025-02-09T19:06:26.052-0700] {dag.py:3239} INFO - Sync 1 DAGs
[2025-02-09T19:06:26.056-0700] {logging_mixin.py:190} INFO - [2025-02-09T19:06:26.056-0700] {dag.py:4180} INFO - Setting next_dagrun for tutorial_dag to None, run_after=None
[2025-02-09T19:06:26.064-0700] {processor.py:208} INFO - Processing /Users/pranithjain/Desktop/DE Project/Apache Airflow Project/venv/lib/python3.10/site-packages/airflow/example_dags/tutorial_dag.py took 0.095 seconds
[2025-02-09T19:08:05.102-0700] {processor.py:186} INFO - Started process (PID=22208) to work on /Users/pranithjain/Desktop/DE Project/Apache Airflow Project/venv/lib/python3.10/site-packages/airflow/example_dags/tutorial_dag.py
[2025-02-09T19:08:05.102-0700] {processor.py:914} INFO - Processing file /Users/pranithjain/Desktop/DE Project/Apache Airflow Project/venv/lib/python3.10/site-packages/airflow/example_dags/tutorial_dag.py for tasks to queue
[2025-02-09T19:08:05.103-0700] {logging_mixin.py:190} INFO - [2025-02-09T19:08:05.103-0700] {dagbag.py:588} INFO - Filling up the DagBag from /Users/pranithjain/Desktop/DE Project/Apache Airflow Project/venv/lib/python3.10/site-packages/airflow/example_dags/tutorial_dag.py
[2025-02-09T19:08:05.113-0700] {processor.py:925} INFO - DAG(s) 'tutorial_dag' retrieved from /Users/pranithjain/Desktop/DE Project/Apache Airflow Project/venv/lib/python3.10/site-packages/airflow/example_dags/tutorial_dag.py
[2025-02-09T19:08:05.178-0700] {logging_mixin.py:190} INFO - [2025-02-09T19:08:05.178-0700] {dag.py:3239} INFO - Sync 1 DAGs
[2025-02-09T19:08:05.182-0700] {logging_mixin.py:190} INFO - [2025-02-09T19:08:05.182-0700] {dag.py:4180} INFO - Setting next_dagrun for tutorial_dag to None, run_after=None
[2025-02-09T19:08:05.190-0700] {processor.py:208} INFO - Processing /Users/pranithjain/Desktop/DE Project/Apache Airflow Project/venv/lib/python3.10/site-packages/airflow/example_dags/tutorial_dag.py took 0.089 seconds
[2025-02-09T19:09:14.695-0700] {processor.py:186} INFO - Started process (PID=22428) to work on /Users/pranithjain/Desktop/DE Project/Apache Airflow Project/venv/lib/python3.10/site-packages/airflow/example_dags/tutorial_dag.py
[2025-02-09T19:09:14.695-0700] {processor.py:914} INFO - Processing file /Users/pranithjain/Desktop/DE Project/Apache Airflow Project/venv/lib/python3.10/site-packages/airflow/example_dags/tutorial_dag.py for tasks to queue
[2025-02-09T19:09:14.696-0700] {logging_mixin.py:190} INFO - [2025-02-09T19:09:14.696-0700] {dagbag.py:588} INFO - Filling up the DagBag from /Users/pranithjain/Desktop/DE Project/Apache Airflow Project/venv/lib/python3.10/site-packages/airflow/example_dags/tutorial_dag.py
[2025-02-09T19:09:14.707-0700] {processor.py:925} INFO - DAG(s) 'tutorial_dag' retrieved from /Users/pranithjain/Desktop/DE Project/Apache Airflow Project/venv/lib/python3.10/site-packages/airflow/example_dags/tutorial_dag.py
[2025-02-09T19:09:14.709-0700] {logging_mixin.py:190} INFO - [2025-02-09T19:09:14.709-0700] {dag.py:3239} INFO - Sync 1 DAGs
[2025-02-09T19:09:14.774-0700] {logging_mixin.py:190} INFO - [2025-02-09T19:09:14.773-0700] {dag.py:4180} INFO - Setting next_dagrun for tutorial_dag to None, run_after=None
[2025-02-09T19:09:14.781-0700] {processor.py:208} INFO - Processing /Users/pranithjain/Desktop/DE Project/Apache Airflow Project/venv/lib/python3.10/site-packages/airflow/example_dags/tutorial_dag.py took 0.088 seconds
[2025-02-09T19:10:27.925-0700] {processor.py:186} INFO - Started process (PID=22650) to work on /Users/pranithjain/Desktop/DE Project/Apache Airflow Project/venv/lib/python3.10/site-packages/airflow/example_dags/tutorial_dag.py
[2025-02-09T19:10:27.926-0700] {processor.py:914} INFO - Processing file /Users/pranithjain/Desktop/DE Project/Apache Airflow Project/venv/lib/python3.10/site-packages/airflow/example_dags/tutorial_dag.py for tasks to queue
[2025-02-09T19:10:27.926-0700] {logging_mixin.py:190} INFO - [2025-02-09T19:10:27.926-0700] {dagbag.py:588} INFO - Filling up the DagBag from /Users/pranithjain/Desktop/DE Project/Apache Airflow Project/venv/lib/python3.10/site-packages/airflow/example_dags/tutorial_dag.py
[2025-02-09T19:10:27.937-0700] {processor.py:925} INFO - DAG(s) 'tutorial_dag' retrieved from /Users/pranithjain/Desktop/DE Project/Apache Airflow Project/venv/lib/python3.10/site-packages/airflow/example_dags/tutorial_dag.py
[2025-02-09T19:10:28.048-0700] {logging_mixin.py:190} INFO - [2025-02-09T19:10:28.047-0700] {dag.py:3239} INFO - Sync 1 DAGs
[2025-02-09T19:10:28.052-0700] {logging_mixin.py:190} INFO - [2025-02-09T19:10:28.052-0700] {dag.py:4180} INFO - Setting next_dagrun for tutorial_dag to None, run_after=None
[2025-02-09T19:10:28.060-0700] {processor.py:208} INFO - Processing /Users/pranithjain/Desktop/DE Project/Apache Airflow Project/venv/lib/python3.10/site-packages/airflow/example_dags/tutorial_dag.py took 0.136 seconds
[2025-02-09T19:12:55.554-0700] {processor.py:186} INFO - Started process (PID=23057) to work on /Users/pranithjain/Desktop/DE Project/Apache Airflow Project/venv/lib/python3.10/site-packages/airflow/example_dags/tutorial_dag.py
[2025-02-09T19:12:55.555-0700] {processor.py:914} INFO - Processing file /Users/pranithjain/Desktop/DE Project/Apache Airflow Project/venv/lib/python3.10/site-packages/airflow/example_dags/tutorial_dag.py for tasks to queue
[2025-02-09T19:12:55.555-0700] {logging_mixin.py:190} INFO - [2025-02-09T19:12:55.555-0700] {dagbag.py:588} INFO - Filling up the DagBag from /Users/pranithjain/Desktop/DE Project/Apache Airflow Project/venv/lib/python3.10/site-packages/airflow/example_dags/tutorial_dag.py
[2025-02-09T19:12:55.566-0700] {processor.py:925} INFO - DAG(s) 'tutorial_dag' retrieved from /Users/pranithjain/Desktop/DE Project/Apache Airflow Project/venv/lib/python3.10/site-packages/airflow/example_dags/tutorial_dag.py
[2025-02-09T19:12:55.632-0700] {logging_mixin.py:190} INFO - [2025-02-09T19:12:55.632-0700] {dag.py:3239} INFO - Sync 1 DAGs
[2025-02-09T19:12:55.636-0700] {logging_mixin.py:190} INFO - [2025-02-09T19:12:55.636-0700] {dag.py:4180} INFO - Setting next_dagrun for tutorial_dag to None, run_after=None
[2025-02-09T19:12:55.644-0700] {processor.py:208} INFO - Processing /Users/pranithjain/Desktop/DE Project/Apache Airflow Project/venv/lib/python3.10/site-packages/airflow/example_dags/tutorial_dag.py took 0.091 seconds
[2025-02-09T19:14:39.590-0700] {processor.py:186} INFO - Started process (PID=23377) to work on /Users/pranithjain/Desktop/DE Project/Apache Airflow Project/venv/lib/python3.10/site-packages/airflow/example_dags/tutorial_dag.py
[2025-02-09T19:14:39.590-0700] {processor.py:914} INFO - Processing file /Users/pranithjain/Desktop/DE Project/Apache Airflow Project/venv/lib/python3.10/site-packages/airflow/example_dags/tutorial_dag.py for tasks to queue
[2025-02-09T19:14:39.591-0700] {logging_mixin.py:190} INFO - [2025-02-09T19:14:39.591-0700] {dagbag.py:588} INFO - Filling up the DagBag from /Users/pranithjain/Desktop/DE Project/Apache Airflow Project/venv/lib/python3.10/site-packages/airflow/example_dags/tutorial_dag.py
[2025-02-09T19:14:39.601-0700] {processor.py:925} INFO - DAG(s) 'tutorial_dag' retrieved from /Users/pranithjain/Desktop/DE Project/Apache Airflow Project/venv/lib/python3.10/site-packages/airflow/example_dags/tutorial_dag.py
[2025-02-09T19:14:39.667-0700] {logging_mixin.py:190} INFO - [2025-02-09T19:14:39.667-0700] {dag.py:3239} INFO - Sync 1 DAGs
[2025-02-09T19:14:39.672-0700] {logging_mixin.py:190} INFO - [2025-02-09T19:14:39.672-0700] {dag.py:4180} INFO - Setting next_dagrun for tutorial_dag to None, run_after=None
[2025-02-09T19:14:39.679-0700] {processor.py:208} INFO - Processing /Users/pranithjain/Desktop/DE Project/Apache Airflow Project/venv/lib/python3.10/site-packages/airflow/example_dags/tutorial_dag.py took 0.092 seconds
[2025-02-09T19:15:49.073-0700] {processor.py:186} INFO - Started process (PID=23588) to work on /Users/pranithjain/Desktop/DE Project/Apache Airflow Project/venv/lib/python3.10/site-packages/airflow/example_dags/tutorial_dag.py
[2025-02-09T19:15:49.073-0700] {processor.py:914} INFO - Processing file /Users/pranithjain/Desktop/DE Project/Apache Airflow Project/venv/lib/python3.10/site-packages/airflow/example_dags/tutorial_dag.py for tasks to queue
[2025-02-09T19:15:49.074-0700] {logging_mixin.py:190} INFO - [2025-02-09T19:15:49.074-0700] {dagbag.py:588} INFO - Filling up the DagBag from /Users/pranithjain/Desktop/DE Project/Apache Airflow Project/venv/lib/python3.10/site-packages/airflow/example_dags/tutorial_dag.py
[2025-02-09T19:15:49.084-0700] {processor.py:925} INFO - DAG(s) 'tutorial_dag' retrieved from /Users/pranithjain/Desktop/DE Project/Apache Airflow Project/venv/lib/python3.10/site-packages/airflow/example_dags/tutorial_dag.py
[2025-02-09T19:15:49.149-0700] {logging_mixin.py:190} INFO - [2025-02-09T19:15:49.149-0700] {dag.py:3239} INFO - Sync 1 DAGs
[2025-02-09T19:15:49.153-0700] {logging_mixin.py:190} INFO - [2025-02-09T19:15:49.153-0700] {dag.py:4180} INFO - Setting next_dagrun for tutorial_dag to None, run_after=None
[2025-02-09T19:15:49.161-0700] {processor.py:208} INFO - Processing /Users/pranithjain/Desktop/DE Project/Apache Airflow Project/venv/lib/python3.10/site-packages/airflow/example_dags/tutorial_dag.py took 0.090 seconds
[2025-02-09T19:16:59.355-0700] {processor.py:186} INFO - Started process (PID=23802) to work on /Users/pranithjain/Desktop/DE Project/Apache Airflow Project/venv/lib/python3.10/site-packages/airflow/example_dags/tutorial_dag.py
[2025-02-09T19:16:59.356-0700] {processor.py:914} INFO - Processing file /Users/pranithjain/Desktop/DE Project/Apache Airflow Project/venv/lib/python3.10/site-packages/airflow/example_dags/tutorial_dag.py for tasks to queue
[2025-02-09T19:16:59.357-0700] {logging_mixin.py:190} INFO - [2025-02-09T19:16:59.357-0700] {dagbag.py:588} INFO - Filling up the DagBag from /Users/pranithjain/Desktop/DE Project/Apache Airflow Project/venv/lib/python3.10/site-packages/airflow/example_dags/tutorial_dag.py
[2025-02-09T19:16:59.368-0700] {processor.py:925} INFO - DAG(s) 'tutorial_dag' retrieved from /Users/pranithjain/Desktop/DE Project/Apache Airflow Project/venv/lib/python3.10/site-packages/airflow/example_dags/tutorial_dag.py
[2025-02-09T19:16:59.436-0700] {logging_mixin.py:190} INFO - [2025-02-09T19:16:59.436-0700] {dag.py:3239} INFO - Sync 1 DAGs
[2025-02-09T19:16:59.441-0700] {logging_mixin.py:190} INFO - [2025-02-09T19:16:59.441-0700] {dag.py:4180} INFO - Setting next_dagrun for tutorial_dag to None, run_after=None
[2025-02-09T19:16:59.450-0700] {processor.py:208} INFO - Processing /Users/pranithjain/Desktop/DE Project/Apache Airflow Project/venv/lib/python3.10/site-packages/airflow/example_dags/tutorial_dag.py took 0.096 seconds
[2025-02-09T19:18:11.367-0700] {processor.py:186} INFO - Started process (PID=24021) to work on /Users/pranithjain/Desktop/DE Project/Apache Airflow Project/venv/lib/python3.10/site-packages/airflow/example_dags/tutorial_dag.py
[2025-02-09T19:18:11.368-0700] {processor.py:914} INFO - Processing file /Users/pranithjain/Desktop/DE Project/Apache Airflow Project/venv/lib/python3.10/site-packages/airflow/example_dags/tutorial_dag.py for tasks to queue
[2025-02-09T19:18:11.368-0700] {logging_mixin.py:190} INFO - [2025-02-09T19:18:11.368-0700] {dagbag.py:588} INFO - Filling up the DagBag from /Users/pranithjain/Desktop/DE Project/Apache Airflow Project/venv/lib/python3.10/site-packages/airflow/example_dags/tutorial_dag.py
[2025-02-09T19:18:11.380-0700] {processor.py:925} INFO - DAG(s) 'tutorial_dag' retrieved from /Users/pranithjain/Desktop/DE Project/Apache Airflow Project/venv/lib/python3.10/site-packages/airflow/example_dags/tutorial_dag.py
[2025-02-09T19:18:11.449-0700] {logging_mixin.py:190} INFO - [2025-02-09T19:18:11.449-0700] {dag.py:3239} INFO - Sync 1 DAGs
[2025-02-09T19:18:11.454-0700] {logging_mixin.py:190} INFO - [2025-02-09T19:18:11.454-0700] {dag.py:4180} INFO - Setting next_dagrun for tutorial_dag to None, run_after=None
[2025-02-09T19:18:11.463-0700] {processor.py:208} INFO - Processing /Users/pranithjain/Desktop/DE Project/Apache Airflow Project/venv/lib/python3.10/site-packages/airflow/example_dags/tutorial_dag.py took 0.097 seconds
[2025-02-09T19:19:24.390-0700] {processor.py:186} INFO - Started process (PID=24249) to work on /Users/pranithjain/Desktop/DE Project/Apache Airflow Project/venv/lib/python3.10/site-packages/airflow/example_dags/tutorial_dag.py
[2025-02-09T19:19:24.391-0700] {processor.py:914} INFO - Processing file /Users/pranithjain/Desktop/DE Project/Apache Airflow Project/venv/lib/python3.10/site-packages/airflow/example_dags/tutorial_dag.py for tasks to queue
[2025-02-09T19:19:24.391-0700] {logging_mixin.py:190} INFO - [2025-02-09T19:19:24.391-0700] {dagbag.py:588} INFO - Filling up the DagBag from /Users/pranithjain/Desktop/DE Project/Apache Airflow Project/venv/lib/python3.10/site-packages/airflow/example_dags/tutorial_dag.py
[2025-02-09T19:19:24.402-0700] {processor.py:925} INFO - DAG(s) 'tutorial_dag' retrieved from /Users/pranithjain/Desktop/DE Project/Apache Airflow Project/venv/lib/python3.10/site-packages/airflow/example_dags/tutorial_dag.py
[2025-02-09T19:19:24.466-0700] {logging_mixin.py:190} INFO - [2025-02-09T19:19:24.466-0700] {dag.py:3239} INFO - Sync 1 DAGs
[2025-02-09T19:19:24.470-0700] {logging_mixin.py:190} INFO - [2025-02-09T19:19:24.470-0700] {dag.py:4180} INFO - Setting next_dagrun for tutorial_dag to None, run_after=None
[2025-02-09T19:19:24.478-0700] {processor.py:208} INFO - Processing /Users/pranithjain/Desktop/DE Project/Apache Airflow Project/venv/lib/python3.10/site-packages/airflow/example_dags/tutorial_dag.py took 0.089 seconds
[2025-02-09T19:20:38.226-0700] {processor.py:186} INFO - Started process (PID=24472) to work on /Users/pranithjain/Desktop/DE Project/Apache Airflow Project/venv/lib/python3.10/site-packages/airflow/example_dags/tutorial_dag.py
[2025-02-09T19:20:38.226-0700] {processor.py:914} INFO - Processing file /Users/pranithjain/Desktop/DE Project/Apache Airflow Project/venv/lib/python3.10/site-packages/airflow/example_dags/tutorial_dag.py for tasks to queue
[2025-02-09T19:20:38.227-0700] {logging_mixin.py:190} INFO - [2025-02-09T19:20:38.227-0700] {dagbag.py:588} INFO - Filling up the DagBag from /Users/pranithjain/Desktop/DE Project/Apache Airflow Project/venv/lib/python3.10/site-packages/airflow/example_dags/tutorial_dag.py
[2025-02-09T19:20:38.238-0700] {processor.py:925} INFO - DAG(s) 'tutorial_dag' retrieved from /Users/pranithjain/Desktop/DE Project/Apache Airflow Project/venv/lib/python3.10/site-packages/airflow/example_dags/tutorial_dag.py
[2025-02-09T19:20:38.303-0700] {logging_mixin.py:190} INFO - [2025-02-09T19:20:38.302-0700] {dag.py:3239} INFO - Sync 1 DAGs
[2025-02-09T19:20:38.307-0700] {logging_mixin.py:190} INFO - [2025-02-09T19:20:38.307-0700] {dag.py:4180} INFO - Setting next_dagrun for tutorial_dag to None, run_after=None
[2025-02-09T19:20:38.315-0700] {processor.py:208} INFO - Processing /Users/pranithjain/Desktop/DE Project/Apache Airflow Project/venv/lib/python3.10/site-packages/airflow/example_dags/tutorial_dag.py took 0.091 seconds
[2025-02-09T19:21:51.738-0700] {processor.py:186} INFO - Started process (PID=24785) to work on /Users/pranithjain/Desktop/DE Project/Apache Airflow Project/venv/lib/python3.10/site-packages/airflow/example_dags/tutorial_dag.py
[2025-02-09T19:21:51.738-0700] {processor.py:914} INFO - Processing file /Users/pranithjain/Desktop/DE Project/Apache Airflow Project/venv/lib/python3.10/site-packages/airflow/example_dags/tutorial_dag.py for tasks to queue
[2025-02-09T19:21:51.739-0700] {logging_mixin.py:190} INFO - [2025-02-09T19:21:51.739-0700] {dagbag.py:588} INFO - Filling up the DagBag from /Users/pranithjain/Desktop/DE Project/Apache Airflow Project/venv/lib/python3.10/site-packages/airflow/example_dags/tutorial_dag.py
[2025-02-09T19:21:51.749-0700] {processor.py:925} INFO - DAG(s) 'tutorial_dag' retrieved from /Users/pranithjain/Desktop/DE Project/Apache Airflow Project/venv/lib/python3.10/site-packages/airflow/example_dags/tutorial_dag.py
[2025-02-09T19:21:51.815-0700] {logging_mixin.py:190} INFO - [2025-02-09T19:21:51.815-0700] {dag.py:3239} INFO - Sync 1 DAGs
[2025-02-09T19:21:51.819-0700] {logging_mixin.py:190} INFO - [2025-02-09T19:21:51.819-0700] {dag.py:4180} INFO - Setting next_dagrun for tutorial_dag to None, run_after=None
[2025-02-09T19:21:51.826-0700] {processor.py:208} INFO - Processing /Users/pranithjain/Desktop/DE Project/Apache Airflow Project/venv/lib/python3.10/site-packages/airflow/example_dags/tutorial_dag.py took 0.090 seconds
[2025-02-09T19:23:05.196-0700] {processor.py:186} INFO - Started process (PID=25011) to work on /Users/pranithjain/Desktop/DE Project/Apache Airflow Project/venv/lib/python3.10/site-packages/airflow/example_dags/tutorial_dag.py
[2025-02-09T19:23:05.197-0700] {processor.py:914} INFO - Processing file /Users/pranithjain/Desktop/DE Project/Apache Airflow Project/venv/lib/python3.10/site-packages/airflow/example_dags/tutorial_dag.py for tasks to queue
[2025-02-09T19:23:05.197-0700] {logging_mixin.py:190} INFO - [2025-02-09T19:23:05.197-0700] {dagbag.py:588} INFO - Filling up the DagBag from /Users/pranithjain/Desktop/DE Project/Apache Airflow Project/venv/lib/python3.10/site-packages/airflow/example_dags/tutorial_dag.py
[2025-02-09T19:23:05.208-0700] {processor.py:925} INFO - DAG(s) 'tutorial_dag' retrieved from /Users/pranithjain/Desktop/DE Project/Apache Airflow Project/venv/lib/python3.10/site-packages/airflow/example_dags/tutorial_dag.py
[2025-02-09T19:23:05.274-0700] {logging_mixin.py:190} INFO - [2025-02-09T19:23:05.274-0700] {dag.py:3239} INFO - Sync 1 DAGs
[2025-02-09T19:23:05.278-0700] {logging_mixin.py:190} INFO - [2025-02-09T19:23:05.278-0700] {dag.py:4180} INFO - Setting next_dagrun for tutorial_dag to None, run_after=None
[2025-02-09T19:23:05.286-0700] {processor.py:208} INFO - Processing /Users/pranithjain/Desktop/DE Project/Apache Airflow Project/venv/lib/python3.10/site-packages/airflow/example_dags/tutorial_dag.py took 0.091 seconds
[2025-02-09T19:24:13.394-0700] {processor.py:186} INFO - Started process (PID=25224) to work on /Users/pranithjain/Desktop/DE Project/Apache Airflow Project/venv/lib/python3.10/site-packages/airflow/example_dags/tutorial_dag.py
[2025-02-09T19:24:13.394-0700] {processor.py:914} INFO - Processing file /Users/pranithjain/Desktop/DE Project/Apache Airflow Project/venv/lib/python3.10/site-packages/airflow/example_dags/tutorial_dag.py for tasks to queue
[2025-02-09T19:24:13.395-0700] {logging_mixin.py:190} INFO - [2025-02-09T19:24:13.395-0700] {dagbag.py:588} INFO - Filling up the DagBag from /Users/pranithjain/Desktop/DE Project/Apache Airflow Project/venv/lib/python3.10/site-packages/airflow/example_dags/tutorial_dag.py
[2025-02-09T19:24:13.406-0700] {processor.py:925} INFO - DAG(s) 'tutorial_dag' retrieved from /Users/pranithjain/Desktop/DE Project/Apache Airflow Project/venv/lib/python3.10/site-packages/airflow/example_dags/tutorial_dag.py
[2025-02-09T19:24:13.470-0700] {logging_mixin.py:190} INFO - [2025-02-09T19:24:13.470-0700] {dag.py:3239} INFO - Sync 1 DAGs
[2025-02-09T19:24:13.474-0700] {logging_mixin.py:190} INFO - [2025-02-09T19:24:13.474-0700] {dag.py:4180} INFO - Setting next_dagrun for tutorial_dag to None, run_after=None
[2025-02-09T19:24:13.482-0700] {processor.py:208} INFO - Processing /Users/pranithjain/Desktop/DE Project/Apache Airflow Project/venv/lib/python3.10/site-packages/airflow/example_dags/tutorial_dag.py took 0.089 seconds
[2025-02-09T19:25:20.300-0700] {processor.py:186} INFO - Started process (PID=25430) to work on /Users/pranithjain/Desktop/DE Project/Apache Airflow Project/venv/lib/python3.10/site-packages/airflow/example_dags/tutorial_dag.py
[2025-02-09T19:25:20.301-0700] {processor.py:914} INFO - Processing file /Users/pranithjain/Desktop/DE Project/Apache Airflow Project/venv/lib/python3.10/site-packages/airflow/example_dags/tutorial_dag.py for tasks to queue
[2025-02-09T19:25:20.301-0700] {logging_mixin.py:190} INFO - [2025-02-09T19:25:20.301-0700] {dagbag.py:588} INFO - Filling up the DagBag from /Users/pranithjain/Desktop/DE Project/Apache Airflow Project/venv/lib/python3.10/site-packages/airflow/example_dags/tutorial_dag.py
[2025-02-09T19:25:20.312-0700] {processor.py:925} INFO - DAG(s) 'tutorial_dag' retrieved from /Users/pranithjain/Desktop/DE Project/Apache Airflow Project/venv/lib/python3.10/site-packages/airflow/example_dags/tutorial_dag.py
[2025-02-09T19:25:20.377-0700] {logging_mixin.py:190} INFO - [2025-02-09T19:25:20.377-0700] {dag.py:3239} INFO - Sync 1 DAGs
[2025-02-09T19:25:20.381-0700] {logging_mixin.py:190} INFO - [2025-02-09T19:25:20.381-0700] {dag.py:4180} INFO - Setting next_dagrun for tutorial_dag to None, run_after=None
[2025-02-09T19:25:20.388-0700] {processor.py:208} INFO - Processing /Users/pranithjain/Desktop/DE Project/Apache Airflow Project/venv/lib/python3.10/site-packages/airflow/example_dags/tutorial_dag.py took 0.090 seconds
[2025-02-09T19:26:29.965-0700] {processor.py:186} INFO - Started process (PID=25712) to work on /Users/pranithjain/Desktop/DE Project/Apache Airflow Project/venv/lib/python3.10/site-packages/airflow/example_dags/tutorial_dag.py
[2025-02-09T19:26:29.966-0700] {processor.py:914} INFO - Processing file /Users/pranithjain/Desktop/DE Project/Apache Airflow Project/venv/lib/python3.10/site-packages/airflow/example_dags/tutorial_dag.py for tasks to queue
[2025-02-09T19:26:29.967-0700] {logging_mixin.py:190} INFO - [2025-02-09T19:26:29.967-0700] {dagbag.py:588} INFO - Filling up the DagBag from /Users/pranithjain/Desktop/DE Project/Apache Airflow Project/venv/lib/python3.10/site-packages/airflow/example_dags/tutorial_dag.py
[2025-02-09T19:26:29.978-0700] {processor.py:925} INFO - DAG(s) 'tutorial_dag' retrieved from /Users/pranithjain/Desktop/DE Project/Apache Airflow Project/venv/lib/python3.10/site-packages/airflow/example_dags/tutorial_dag.py
[2025-02-09T19:26:30.048-0700] {logging_mixin.py:190} INFO - [2025-02-09T19:26:30.048-0700] {dag.py:3239} INFO - Sync 1 DAGs
[2025-02-09T19:26:30.052-0700] {logging_mixin.py:190} INFO - [2025-02-09T19:26:30.052-0700] {dag.py:4180} INFO - Setting next_dagrun for tutorial_dag to None, run_after=None
[2025-02-09T19:26:30.061-0700] {processor.py:208} INFO - Processing /Users/pranithjain/Desktop/DE Project/Apache Airflow Project/venv/lib/python3.10/site-packages/airflow/example_dags/tutorial_dag.py took 0.098 seconds
[2025-02-09T19:28:20.337-0700] {processor.py:186} INFO - Started process (PID=26110) to work on /Users/pranithjain/Desktop/DE Project/Apache Airflow Project/venv/lib/python3.10/site-packages/airflow/example_dags/tutorial_dag.py
[2025-02-09T19:28:20.337-0700] {processor.py:914} INFO - Processing file /Users/pranithjain/Desktop/DE Project/Apache Airflow Project/venv/lib/python3.10/site-packages/airflow/example_dags/tutorial_dag.py for tasks to queue
[2025-02-09T19:28:20.338-0700] {logging_mixin.py:190} INFO - [2025-02-09T19:28:20.338-0700] {dagbag.py:588} INFO - Filling up the DagBag from /Users/pranithjain/Desktop/DE Project/Apache Airflow Project/venv/lib/python3.10/site-packages/airflow/example_dags/tutorial_dag.py
[2025-02-09T19:28:20.349-0700] {processor.py:925} INFO - DAG(s) 'tutorial_dag' retrieved from /Users/pranithjain/Desktop/DE Project/Apache Airflow Project/venv/lib/python3.10/site-packages/airflow/example_dags/tutorial_dag.py
[2025-02-09T19:28:20.414-0700] {logging_mixin.py:190} INFO - [2025-02-09T19:28:20.414-0700] {dag.py:3239} INFO - Sync 1 DAGs
[2025-02-09T19:28:20.418-0700] {logging_mixin.py:190} INFO - [2025-02-09T19:28:20.418-0700] {dag.py:4180} INFO - Setting next_dagrun for tutorial_dag to None, run_after=None
[2025-02-09T19:28:20.426-0700] {processor.py:208} INFO - Processing /Users/pranithjain/Desktop/DE Project/Apache Airflow Project/venv/lib/python3.10/site-packages/airflow/example_dags/tutorial_dag.py took 0.090 seconds
