[2025-02-09T18:47:43.083-0700] {processor.py:186} INFO - Started process (PID=18691) to work on /Users/pranithjain/Desktop/DE Project/Apache Airflow Project/venv/lib/python3.10/site-packages/airflow/example_dags/tutorial.py
[2025-02-09T18:47:43.083-0700] {processor.py:914} INFO - Processing file /Users/pranithjain/Desktop/DE Project/Apache Airflow Project/venv/lib/python3.10/site-packages/airflow/example_dags/tutorial.py for tasks to queue
[2025-02-09T18:47:43.084-0700] {logging_mixin.py:190} INFO - [2025-02-09T18:47:43.084-0700] {dagbag.py:588} INFO - Filling up the DagBag from /Users/pranithjain/Desktop/DE Project/Apache Airflow Project/venv/lib/python3.10/site-packages/airflow/example_dags/tutorial.py
[2025-02-09T18:47:43.088-0700] {processor.py:925} INFO - DAG(s) 'tutorial' retrieved from /Users/pranithjain/Desktop/DE Project/Apache Airflow Project/venv/lib/python3.10/site-packages/airflow/example_dags/tutorial.py
[2025-02-09T18:47:43.192-0700] {logging_mixin.py:190} INFO - [2025-02-09T18:47:43.191-0700] {override.py:1930} INFO - Created Permission View: can delete on DAG:tutorial
[2025-02-09T18:47:43.195-0700] {logging_mixin.py:190} INFO - [2025-02-09T18:47:43.195-0700] {override.py:1930} INFO - Created Permission View: can edit on DAG:tutorial
[2025-02-09T18:47:43.197-0700] {logging_mixin.py:190} INFO - [2025-02-09T18:47:43.197-0700] {override.py:1930} INFO - Created Permission View: can read on DAG:tutorial
[2025-02-09T18:47:43.199-0700] {logging_mixin.py:190} INFO - [2025-02-09T18:47:43.199-0700] {override.py:1930} INFO - Created Permission View: can delete on DAG Run:tutorial
[2025-02-09T18:47:43.201-0700] {logging_mixin.py:190} INFO - [2025-02-09T18:47:43.201-0700] {override.py:1930} INFO - Created Permission View: menu access on DAG Run:tutorial
[2025-02-09T18:47:43.203-0700] {logging_mixin.py:190} INFO - [2025-02-09T18:47:43.203-0700] {override.py:1930} INFO - Created Permission View: can create on DAG Run:tutorial
[2025-02-09T18:47:43.205-0700] {logging_mixin.py:190} INFO - [2025-02-09T18:47:43.205-0700] {override.py:1930} INFO - Created Permission View: can read on DAG Run:tutorial
[2025-02-09T18:47:43.205-0700] {logging_mixin.py:190} INFO - [2025-02-09T18:47:43.205-0700] {dag.py:3239} INFO - Sync 1 DAGs
[2025-02-09T18:47:43.210-0700] {logging_mixin.py:190} INFO - [2025-02-09T18:47:43.210-0700] {dag.py:3262} INFO - Creating ORM DAG for tutorial
[2025-02-09T18:47:43.214-0700] {logging_mixin.py:190} INFO - [2025-02-09T18:47:43.214-0700] {dag.py:4180} INFO - Setting next_dagrun for tutorial to 2025-02-09 00:00:00+00:00, run_after=2025-02-10 00:00:00+00:00
[2025-02-09T18:47:43.220-0700] {processor.py:208} INFO - Processing /Users/pranithjain/Desktop/DE Project/Apache Airflow Project/venv/lib/python3.10/site-packages/airflow/example_dags/tutorial.py took 0.139 seconds
[2025-02-09T18:49:26.948-0700] {processor.py:186} INFO - Started process (PID=19085) to work on /Users/pranithjain/Desktop/DE Project/Apache Airflow Project/venv/lib/python3.10/site-packages/airflow/example_dags/tutorial.py
[2025-02-09T18:49:26.949-0700] {processor.py:914} INFO - Processing file /Users/pranithjain/Desktop/DE Project/Apache Airflow Project/venv/lib/python3.10/site-packages/airflow/example_dags/tutorial.py for tasks to queue
[2025-02-09T18:49:26.949-0700] {logging_mixin.py:190} INFO - [2025-02-09T18:49:26.949-0700] {dagbag.py:588} INFO - Filling up the DagBag from /Users/pranithjain/Desktop/DE Project/Apache Airflow Project/venv/lib/python3.10/site-packages/airflow/example_dags/tutorial.py
[2025-02-09T18:49:26.953-0700] {processor.py:925} INFO - DAG(s) 'tutorial' retrieved from /Users/pranithjain/Desktop/DE Project/Apache Airflow Project/venv/lib/python3.10/site-packages/airflow/example_dags/tutorial.py
[2025-02-09T18:49:27.018-0700] {logging_mixin.py:190} INFO - [2025-02-09T18:49:27.018-0700] {dag.py:3239} INFO - Sync 1 DAGs
[2025-02-09T18:49:27.025-0700] {logging_mixin.py:190} INFO - [2025-02-09T18:49:27.025-0700] {dag.py:4180} INFO - Setting next_dagrun for tutorial to 2025-02-09 00:00:00+00:00, run_after=2025-02-10 00:00:00+00:00
[2025-02-09T18:49:27.032-0700] {processor.py:208} INFO - Processing /Users/pranithjain/Desktop/DE Project/Apache Airflow Project/venv/lib/python3.10/site-packages/airflow/example_dags/tutorial.py took 0.086 seconds
[2025-02-09T18:50:40.589-0700] {processor.py:186} INFO - Started process (PID=19313) to work on /Users/pranithjain/Desktop/DE Project/Apache Airflow Project/venv/lib/python3.10/site-packages/airflow/example_dags/tutorial.py
[2025-02-09T18:50:40.590-0700] {processor.py:914} INFO - Processing file /Users/pranithjain/Desktop/DE Project/Apache Airflow Project/venv/lib/python3.10/site-packages/airflow/example_dags/tutorial.py for tasks to queue
[2025-02-09T18:50:40.591-0700] {logging_mixin.py:190} INFO - [2025-02-09T18:50:40.591-0700] {dagbag.py:588} INFO - Filling up the DagBag from /Users/pranithjain/Desktop/DE Project/Apache Airflow Project/venv/lib/python3.10/site-packages/airflow/example_dags/tutorial.py
[2025-02-09T18:50:40.595-0700] {processor.py:925} INFO - DAG(s) 'tutorial' retrieved from /Users/pranithjain/Desktop/DE Project/Apache Airflow Project/venv/lib/python3.10/site-packages/airflow/example_dags/tutorial.py
[2025-02-09T18:50:40.664-0700] {logging_mixin.py:190} INFO - [2025-02-09T18:50:40.664-0700] {dag.py:3239} INFO - Sync 1 DAGs
[2025-02-09T18:50:40.672-0700] {logging_mixin.py:190} INFO - [2025-02-09T18:50:40.672-0700] {dag.py:4180} INFO - Setting next_dagrun for tutorial to 2025-02-09 00:00:00+00:00, run_after=2025-02-10 00:00:00+00:00
[2025-02-09T18:50:40.678-0700] {processor.py:208} INFO - Processing /Users/pranithjain/Desktop/DE Project/Apache Airflow Project/venv/lib/python3.10/site-packages/airflow/example_dags/tutorial.py took 0.091 seconds
[2025-02-09T18:51:51.710-0700] {processor.py:186} INFO - Started process (PID=19534) to work on /Users/pranithjain/Desktop/DE Project/Apache Airflow Project/venv/lib/python3.10/site-packages/airflow/example_dags/tutorial.py
[2025-02-09T18:51:51.710-0700] {processor.py:914} INFO - Processing file /Users/pranithjain/Desktop/DE Project/Apache Airflow Project/venv/lib/python3.10/site-packages/airflow/example_dags/tutorial.py for tasks to queue
[2025-02-09T18:51:51.711-0700] {logging_mixin.py:190} INFO - [2025-02-09T18:51:51.711-0700] {dagbag.py:588} INFO - Filling up the DagBag from /Users/pranithjain/Desktop/DE Project/Apache Airflow Project/venv/lib/python3.10/site-packages/airflow/example_dags/tutorial.py
[2025-02-09T18:51:51.715-0700] {processor.py:925} INFO - DAG(s) 'tutorial' retrieved from /Users/pranithjain/Desktop/DE Project/Apache Airflow Project/venv/lib/python3.10/site-packages/airflow/example_dags/tutorial.py
[2025-02-09T18:51:51.786-0700] {logging_mixin.py:190} INFO - [2025-02-09T18:51:51.786-0700] {dag.py:3239} INFO - Sync 1 DAGs
[2025-02-09T18:51:51.793-0700] {logging_mixin.py:190} INFO - [2025-02-09T18:51:51.793-0700] {dag.py:4180} INFO - Setting next_dagrun for tutorial to 2025-02-09 00:00:00+00:00, run_after=2025-02-10 00:00:00+00:00
[2025-02-09T18:51:51.801-0700] {processor.py:208} INFO - Processing /Users/pranithjain/Desktop/DE Project/Apache Airflow Project/venv/lib/python3.10/site-packages/airflow/example_dags/tutorial.py took 0.093 seconds
[2025-02-09T18:52:51.623-0700] {processor.py:186} INFO - Started process (PID=19730) to work on /Users/pranithjain/Desktop/DE Project/Apache Airflow Project/venv/lib/python3.10/site-packages/airflow/example_dags/tutorial.py
[2025-02-09T18:52:51.625-0700] {processor.py:914} INFO - Processing file /Users/pranithjain/Desktop/DE Project/Apache Airflow Project/venv/lib/python3.10/site-packages/airflow/example_dags/tutorial.py for tasks to queue
[2025-02-09T18:52:51.625-0700] {logging_mixin.py:190} INFO - [2025-02-09T18:52:51.625-0700] {dagbag.py:588} INFO - Filling up the DagBag from /Users/pranithjain/Desktop/DE Project/Apache Airflow Project/venv/lib/python3.10/site-packages/airflow/example_dags/tutorial.py
[2025-02-09T18:52:51.629-0700] {processor.py:925} INFO - DAG(s) 'tutorial' retrieved from /Users/pranithjain/Desktop/DE Project/Apache Airflow Project/venv/lib/python3.10/site-packages/airflow/example_dags/tutorial.py
[2025-02-09T18:52:51.697-0700] {logging_mixin.py:190} INFO - [2025-02-09T18:52:51.697-0700] {dag.py:3239} INFO - Sync 1 DAGs
[2025-02-09T18:52:51.705-0700] {logging_mixin.py:190} INFO - [2025-02-09T18:52:51.705-0700] {dag.py:4180} INFO - Setting next_dagrun for tutorial to 2025-02-09 00:00:00+00:00, run_after=2025-02-10 00:00:00+00:00
[2025-02-09T18:52:51.711-0700] {processor.py:208} INFO - Processing /Users/pranithjain/Desktop/DE Project/Apache Airflow Project/venv/lib/python3.10/site-packages/airflow/example_dags/tutorial.py took 0.090 seconds
[2025-02-09T18:54:34.673-0700] {processor.py:186} INFO - Started process (PID=20046) to work on /Users/pranithjain/Desktop/DE Project/Apache Airflow Project/venv/lib/python3.10/site-packages/airflow/example_dags/tutorial.py
[2025-02-09T18:54:34.674-0700] {processor.py:914} INFO - Processing file /Users/pranithjain/Desktop/DE Project/Apache Airflow Project/venv/lib/python3.10/site-packages/airflow/example_dags/tutorial.py for tasks to queue
[2025-02-09T18:54:34.674-0700] {logging_mixin.py:190} INFO - [2025-02-09T18:54:34.674-0700] {dagbag.py:588} INFO - Filling up the DagBag from /Users/pranithjain/Desktop/DE Project/Apache Airflow Project/venv/lib/python3.10/site-packages/airflow/example_dags/tutorial.py
[2025-02-09T18:54:34.678-0700] {processor.py:925} INFO - DAG(s) 'tutorial' retrieved from /Users/pranithjain/Desktop/DE Project/Apache Airflow Project/venv/lib/python3.10/site-packages/airflow/example_dags/tutorial.py
[2025-02-09T18:54:34.746-0700] {logging_mixin.py:190} INFO - [2025-02-09T18:54:34.746-0700] {dag.py:3239} INFO - Sync 1 DAGs
[2025-02-09T18:54:34.752-0700] {logging_mixin.py:190} INFO - [2025-02-09T18:54:34.752-0700] {dag.py:4180} INFO - Setting next_dagrun for tutorial to 2025-02-09 00:00:00+00:00, run_after=2025-02-10 00:00:00+00:00
[2025-02-09T18:54:34.759-0700] {processor.py:208} INFO - Processing /Users/pranithjain/Desktop/DE Project/Apache Airflow Project/venv/lib/python3.10/site-packages/airflow/example_dags/tutorial.py took 0.088 seconds
[2025-02-09T18:55:46.315-0700] {processor.py:186} INFO - Started process (PID=20264) to work on /Users/pranithjain/Desktop/DE Project/Apache Airflow Project/venv/lib/python3.10/site-packages/airflow/example_dags/tutorial.py
[2025-02-09T18:55:46.316-0700] {processor.py:914} INFO - Processing file /Users/pranithjain/Desktop/DE Project/Apache Airflow Project/venv/lib/python3.10/site-packages/airflow/example_dags/tutorial.py for tasks to queue
[2025-02-09T18:55:46.316-0700] {logging_mixin.py:190} INFO - [2025-02-09T18:55:46.316-0700] {dagbag.py:588} INFO - Filling up the DagBag from /Users/pranithjain/Desktop/DE Project/Apache Airflow Project/venv/lib/python3.10/site-packages/airflow/example_dags/tutorial.py
[2025-02-09T18:55:46.320-0700] {processor.py:925} INFO - DAG(s) 'tutorial' retrieved from /Users/pranithjain/Desktop/DE Project/Apache Airflow Project/venv/lib/python3.10/site-packages/airflow/example_dags/tutorial.py
[2025-02-09T18:55:46.389-0700] {logging_mixin.py:190} INFO - [2025-02-09T18:55:46.389-0700] {dag.py:3239} INFO - Sync 1 DAGs
[2025-02-09T18:55:46.397-0700] {logging_mixin.py:190} INFO - [2025-02-09T18:55:46.396-0700] {dag.py:4180} INFO - Setting next_dagrun for tutorial to 2025-02-09 00:00:00+00:00, run_after=2025-02-10 00:00:00+00:00
[2025-02-09T18:55:46.403-0700] {processor.py:208} INFO - Processing /Users/pranithjain/Desktop/DE Project/Apache Airflow Project/venv/lib/python3.10/site-packages/airflow/example_dags/tutorial.py took 0.091 seconds
[2025-02-09T18:56:59.987-0700] {processor.py:186} INFO - Started process (PID=20500) to work on /Users/pranithjain/Desktop/DE Project/Apache Airflow Project/venv/lib/python3.10/site-packages/airflow/example_dags/tutorial.py
[2025-02-09T18:56:59.988-0700] {processor.py:914} INFO - Processing file /Users/pranithjain/Desktop/DE Project/Apache Airflow Project/venv/lib/python3.10/site-packages/airflow/example_dags/tutorial.py for tasks to queue
[2025-02-09T18:56:59.988-0700] {logging_mixin.py:190} INFO - [2025-02-09T18:56:59.988-0700] {dagbag.py:588} INFO - Filling up the DagBag from /Users/pranithjain/Desktop/DE Project/Apache Airflow Project/venv/lib/python3.10/site-packages/airflow/example_dags/tutorial.py
[2025-02-09T18:56:59.992-0700] {processor.py:925} INFO - DAG(s) 'tutorial' retrieved from /Users/pranithjain/Desktop/DE Project/Apache Airflow Project/venv/lib/python3.10/site-packages/airflow/example_dags/tutorial.py
[2025-02-09T18:57:00.060-0700] {logging_mixin.py:190} INFO - [2025-02-09T18:57:00.060-0700] {dag.py:3239} INFO - Sync 1 DAGs
[2025-02-09T18:57:00.067-0700] {logging_mixin.py:190} INFO - [2025-02-09T18:57:00.067-0700] {dag.py:4180} INFO - Setting next_dagrun for tutorial to 2025-02-09 00:00:00+00:00, run_after=2025-02-10 00:00:00+00:00
[2025-02-09T18:57:00.074-0700] {processor.py:208} INFO - Processing /Users/pranithjain/Desktop/DE Project/Apache Airflow Project/venv/lib/python3.10/site-packages/airflow/example_dags/tutorial.py took 0.089 seconds
[2025-02-09T18:58:13.025-0700] {processor.py:186} INFO - Started process (PID=20721) to work on /Users/pranithjain/Desktop/DE Project/Apache Airflow Project/venv/lib/python3.10/site-packages/airflow/example_dags/tutorial.py
[2025-02-09T18:58:13.025-0700] {processor.py:914} INFO - Processing file /Users/pranithjain/Desktop/DE Project/Apache Airflow Project/venv/lib/python3.10/site-packages/airflow/example_dags/tutorial.py for tasks to queue
[2025-02-09T18:58:13.026-0700] {logging_mixin.py:190} INFO - [2025-02-09T18:58:13.026-0700] {dagbag.py:588} INFO - Filling up the DagBag from /Users/pranithjain/Desktop/DE Project/Apache Airflow Project/venv/lib/python3.10/site-packages/airflow/example_dags/tutorial.py
[2025-02-09T18:58:13.029-0700] {processor.py:925} INFO - DAG(s) 'tutorial' retrieved from /Users/pranithjain/Desktop/DE Project/Apache Airflow Project/venv/lib/python3.10/site-packages/airflow/example_dags/tutorial.py
[2025-02-09T18:58:13.100-0700] {logging_mixin.py:190} INFO - [2025-02-09T18:58:13.100-0700] {dag.py:3239} INFO - Sync 1 DAGs
[2025-02-09T18:58:13.107-0700] {logging_mixin.py:190} INFO - [2025-02-09T18:58:13.107-0700] {dag.py:4180} INFO - Setting next_dagrun for tutorial to 2025-02-09 00:00:00+00:00, run_after=2025-02-10 00:00:00+00:00
[2025-02-09T18:58:13.115-0700] {processor.py:208} INFO - Processing /Users/pranithjain/Desktop/DE Project/Apache Airflow Project/venv/lib/python3.10/site-packages/airflow/example_dags/tutorial.py took 0.092 seconds
[2025-02-09T19:06:27.942-0700] {processor.py:186} INFO - Started process (PID=21903) to work on /Users/pranithjain/Desktop/DE Project/Apache Airflow Project/venv/lib/python3.10/site-packages/airflow/example_dags/tutorial.py
[2025-02-09T19:06:27.942-0700] {processor.py:914} INFO - Processing file /Users/pranithjain/Desktop/DE Project/Apache Airflow Project/venv/lib/python3.10/site-packages/airflow/example_dags/tutorial.py for tasks to queue
[2025-02-09T19:06:27.943-0700] {logging_mixin.py:190} INFO - [2025-02-09T19:06:27.943-0700] {dagbag.py:588} INFO - Filling up the DagBag from /Users/pranithjain/Desktop/DE Project/Apache Airflow Project/venv/lib/python3.10/site-packages/airflow/example_dags/tutorial.py
[2025-02-09T19:06:27.947-0700] {processor.py:925} INFO - DAG(s) 'tutorial' retrieved from /Users/pranithjain/Desktop/DE Project/Apache Airflow Project/venv/lib/python3.10/site-packages/airflow/example_dags/tutorial.py
[2025-02-09T19:06:28.017-0700] {logging_mixin.py:190} INFO - [2025-02-09T19:06:28.016-0700] {dag.py:3239} INFO - Sync 1 DAGs
[2025-02-09T19:06:28.024-0700] {logging_mixin.py:190} INFO - [2025-02-09T19:06:28.024-0700] {dag.py:4180} INFO - Setting next_dagrun for tutorial to 2025-02-09 00:00:00+00:00, run_after=2025-02-10 00:00:00+00:00
[2025-02-09T19:06:28.032-0700] {processor.py:208} INFO - Processing /Users/pranithjain/Desktop/DE Project/Apache Airflow Project/venv/lib/python3.10/site-packages/airflow/example_dags/tutorial.py took 0.092 seconds
[2025-02-09T19:08:06.925-0700] {processor.py:186} INFO - Started process (PID=22213) to work on /Users/pranithjain/Desktop/DE Project/Apache Airflow Project/venv/lib/python3.10/site-packages/airflow/example_dags/tutorial.py
[2025-02-09T19:08:06.926-0700] {processor.py:914} INFO - Processing file /Users/pranithjain/Desktop/DE Project/Apache Airflow Project/venv/lib/python3.10/site-packages/airflow/example_dags/tutorial.py for tasks to queue
[2025-02-09T19:08:06.926-0700] {logging_mixin.py:190} INFO - [2025-02-09T19:08:06.926-0700] {dagbag.py:588} INFO - Filling up the DagBag from /Users/pranithjain/Desktop/DE Project/Apache Airflow Project/venv/lib/python3.10/site-packages/airflow/example_dags/tutorial.py
[2025-02-09T19:08:06.930-0700] {processor.py:925} INFO - DAG(s) 'tutorial' retrieved from /Users/pranithjain/Desktop/DE Project/Apache Airflow Project/venv/lib/python3.10/site-packages/airflow/example_dags/tutorial.py
[2025-02-09T19:08:06.997-0700] {logging_mixin.py:190} INFO - [2025-02-09T19:08:06.997-0700] {dag.py:3239} INFO - Sync 1 DAGs
[2025-02-09T19:08:07.004-0700] {logging_mixin.py:190} INFO - [2025-02-09T19:08:07.004-0700] {dag.py:4180} INFO - Setting next_dagrun for tutorial to 2025-02-09 00:00:00+00:00, run_after=2025-02-10 00:00:00+00:00
[2025-02-09T19:08:07.011-0700] {processor.py:208} INFO - Processing /Users/pranithjain/Desktop/DE Project/Apache Airflow Project/venv/lib/python3.10/site-packages/airflow/example_dags/tutorial.py took 0.087 seconds
[2025-02-09T19:09:16.537-0700] {processor.py:186} INFO - Started process (PID=22435) to work on /Users/pranithjain/Desktop/DE Project/Apache Airflow Project/venv/lib/python3.10/site-packages/airflow/example_dags/tutorial.py
[2025-02-09T19:09:16.538-0700] {processor.py:914} INFO - Processing file /Users/pranithjain/Desktop/DE Project/Apache Airflow Project/venv/lib/python3.10/site-packages/airflow/example_dags/tutorial.py for tasks to queue
[2025-02-09T19:09:16.538-0700] {logging_mixin.py:190} INFO - [2025-02-09T19:09:16.538-0700] {dagbag.py:588} INFO - Filling up the DagBag from /Users/pranithjain/Desktop/DE Project/Apache Airflow Project/venv/lib/python3.10/site-packages/airflow/example_dags/tutorial.py
[2025-02-09T19:09:16.542-0700] {processor.py:925} INFO - DAG(s) 'tutorial' retrieved from /Users/pranithjain/Desktop/DE Project/Apache Airflow Project/venv/lib/python3.10/site-packages/airflow/example_dags/tutorial.py
[2025-02-09T19:09:16.544-0700] {logging_mixin.py:190} INFO - [2025-02-09T19:09:16.544-0700] {dag.py:3239} INFO - Sync 1 DAGs
[2025-02-09T19:09:16.615-0700] {logging_mixin.py:190} INFO - [2025-02-09T19:09:16.615-0700] {dag.py:4180} INFO - Setting next_dagrun for tutorial to 2025-02-09 00:00:00+00:00, run_after=2025-02-10 00:00:00+00:00
[2025-02-09T19:09:16.623-0700] {processor.py:208} INFO - Processing /Users/pranithjain/Desktop/DE Project/Apache Airflow Project/venv/lib/python3.10/site-packages/airflow/example_dags/tutorial.py took 0.087 seconds
[2025-02-09T19:10:29.852-0700] {processor.py:186} INFO - Started process (PID=22655) to work on /Users/pranithjain/Desktop/DE Project/Apache Airflow Project/venv/lib/python3.10/site-packages/airflow/example_dags/tutorial.py
[2025-02-09T19:10:29.853-0700] {processor.py:914} INFO - Processing file /Users/pranithjain/Desktop/DE Project/Apache Airflow Project/venv/lib/python3.10/site-packages/airflow/example_dags/tutorial.py for tasks to queue
[2025-02-09T19:10:29.853-0700] {logging_mixin.py:190} INFO - [2025-02-09T19:10:29.853-0700] {dagbag.py:588} INFO - Filling up the DagBag from /Users/pranithjain/Desktop/DE Project/Apache Airflow Project/venv/lib/python3.10/site-packages/airflow/example_dags/tutorial.py
[2025-02-09T19:10:29.857-0700] {processor.py:925} INFO - DAG(s) 'tutorial' retrieved from /Users/pranithjain/Desktop/DE Project/Apache Airflow Project/venv/lib/python3.10/site-packages/airflow/example_dags/tutorial.py
[2025-02-09T19:10:29.960-0700] {logging_mixin.py:190} INFO - [2025-02-09T19:10:29.960-0700] {dag.py:3239} INFO - Sync 1 DAGs
[2025-02-09T19:10:29.967-0700] {logging_mixin.py:190} INFO - [2025-02-09T19:10:29.967-0700] {dag.py:4180} INFO - Setting next_dagrun for tutorial to 2025-02-09 00:00:00+00:00, run_after=2025-02-10 00:00:00+00:00
[2025-02-09T19:10:29.974-0700] {processor.py:208} INFO - Processing /Users/pranithjain/Desktop/DE Project/Apache Airflow Project/venv/lib/python3.10/site-packages/airflow/example_dags/tutorial.py took 0.124 seconds
[2025-02-09T19:12:57.411-0700] {processor.py:186} INFO - Started process (PID=23059) to work on /Users/pranithjain/Desktop/DE Project/Apache Airflow Project/venv/lib/python3.10/site-packages/airflow/example_dags/tutorial.py
[2025-02-09T19:12:57.411-0700] {processor.py:914} INFO - Processing file /Users/pranithjain/Desktop/DE Project/Apache Airflow Project/venv/lib/python3.10/site-packages/airflow/example_dags/tutorial.py for tasks to queue
[2025-02-09T19:12:57.412-0700] {logging_mixin.py:190} INFO - [2025-02-09T19:12:57.412-0700] {dagbag.py:588} INFO - Filling up the DagBag from /Users/pranithjain/Desktop/DE Project/Apache Airflow Project/venv/lib/python3.10/site-packages/airflow/example_dags/tutorial.py
[2025-02-09T19:12:57.416-0700] {processor.py:925} INFO - DAG(s) 'tutorial' retrieved from /Users/pranithjain/Desktop/DE Project/Apache Airflow Project/venv/lib/python3.10/site-packages/airflow/example_dags/tutorial.py
[2025-02-09T19:12:57.485-0700] {logging_mixin.py:190} INFO - [2025-02-09T19:12:57.485-0700] {dag.py:3239} INFO - Sync 1 DAGs
[2025-02-09T19:12:57.492-0700] {logging_mixin.py:190} INFO - [2025-02-09T19:12:57.492-0700] {dag.py:4180} INFO - Setting next_dagrun for tutorial to 2025-02-09 00:00:00+00:00, run_after=2025-02-10 00:00:00+00:00
[2025-02-09T19:12:57.500-0700] {processor.py:208} INFO - Processing /Users/pranithjain/Desktop/DE Project/Apache Airflow Project/venv/lib/python3.10/site-packages/airflow/example_dags/tutorial.py took 0.091 seconds
[2025-02-09T19:14:41.417-0700] {processor.py:186} INFO - Started process (PID=23382) to work on /Users/pranithjain/Desktop/DE Project/Apache Airflow Project/venv/lib/python3.10/site-packages/airflow/example_dags/tutorial.py
[2025-02-09T19:14:41.418-0700] {processor.py:914} INFO - Processing file /Users/pranithjain/Desktop/DE Project/Apache Airflow Project/venv/lib/python3.10/site-packages/airflow/example_dags/tutorial.py for tasks to queue
[2025-02-09T19:14:41.418-0700] {logging_mixin.py:190} INFO - [2025-02-09T19:14:41.418-0700] {dagbag.py:588} INFO - Filling up the DagBag from /Users/pranithjain/Desktop/DE Project/Apache Airflow Project/venv/lib/python3.10/site-packages/airflow/example_dags/tutorial.py
[2025-02-09T19:14:41.422-0700] {processor.py:925} INFO - DAG(s) 'tutorial' retrieved from /Users/pranithjain/Desktop/DE Project/Apache Airflow Project/venv/lib/python3.10/site-packages/airflow/example_dags/tutorial.py
[2025-02-09T19:14:41.488-0700] {logging_mixin.py:190} INFO - [2025-02-09T19:14:41.488-0700] {dag.py:3239} INFO - Sync 1 DAGs
[2025-02-09T19:14:41.495-0700] {logging_mixin.py:190} INFO - [2025-02-09T19:14:41.495-0700] {dag.py:4180} INFO - Setting next_dagrun for tutorial to 2025-02-09 00:00:00+00:00, run_after=2025-02-10 00:00:00+00:00
[2025-02-09T19:14:41.502-0700] {processor.py:208} INFO - Processing /Users/pranithjain/Desktop/DE Project/Apache Airflow Project/venv/lib/python3.10/site-packages/airflow/example_dags/tutorial.py took 0.086 seconds
[2025-02-09T19:15:50.702-0700] {processor.py:186} INFO - Started process (PID=23595) to work on /Users/pranithjain/Desktop/DE Project/Apache Airflow Project/venv/lib/python3.10/site-packages/airflow/example_dags/tutorial.py
[2025-02-09T19:15:50.703-0700] {processor.py:914} INFO - Processing file /Users/pranithjain/Desktop/DE Project/Apache Airflow Project/venv/lib/python3.10/site-packages/airflow/example_dags/tutorial.py for tasks to queue
[2025-02-09T19:15:50.703-0700] {logging_mixin.py:190} INFO - [2025-02-09T19:15:50.703-0700] {dagbag.py:588} INFO - Filling up the DagBag from /Users/pranithjain/Desktop/DE Project/Apache Airflow Project/venv/lib/python3.10/site-packages/airflow/example_dags/tutorial.py
[2025-02-09T19:15:50.707-0700] {processor.py:925} INFO - DAG(s) 'tutorial' retrieved from /Users/pranithjain/Desktop/DE Project/Apache Airflow Project/venv/lib/python3.10/site-packages/airflow/example_dags/tutorial.py
[2025-02-09T19:15:50.774-0700] {logging_mixin.py:190} INFO - [2025-02-09T19:15:50.774-0700] {dag.py:3239} INFO - Sync 1 DAGs
[2025-02-09T19:15:50.781-0700] {logging_mixin.py:190} INFO - [2025-02-09T19:15:50.781-0700] {dag.py:4180} INFO - Setting next_dagrun for tutorial to 2025-02-09 00:00:00+00:00, run_after=2025-02-10 00:00:00+00:00
[2025-02-09T19:15:50.788-0700] {processor.py:208} INFO - Processing /Users/pranithjain/Desktop/DE Project/Apache Airflow Project/venv/lib/python3.10/site-packages/airflow/example_dags/tutorial.py took 0.087 seconds
[2025-02-09T19:17:01.221-0700] {processor.py:186} INFO - Started process (PID=23809) to work on /Users/pranithjain/Desktop/DE Project/Apache Airflow Project/venv/lib/python3.10/site-packages/airflow/example_dags/tutorial.py
[2025-02-09T19:17:01.222-0700] {processor.py:914} INFO - Processing file /Users/pranithjain/Desktop/DE Project/Apache Airflow Project/venv/lib/python3.10/site-packages/airflow/example_dags/tutorial.py for tasks to queue
[2025-02-09T19:17:01.223-0700] {logging_mixin.py:190} INFO - [2025-02-09T19:17:01.222-0700] {dagbag.py:588} INFO - Filling up the DagBag from /Users/pranithjain/Desktop/DE Project/Apache Airflow Project/venv/lib/python3.10/site-packages/airflow/example_dags/tutorial.py
[2025-02-09T19:17:01.227-0700] {processor.py:925} INFO - DAG(s) 'tutorial' retrieved from /Users/pranithjain/Desktop/DE Project/Apache Airflow Project/venv/lib/python3.10/site-packages/airflow/example_dags/tutorial.py
[2025-02-09T19:17:01.293-0700] {logging_mixin.py:190} INFO - [2025-02-09T19:17:01.293-0700] {dag.py:3239} INFO - Sync 1 DAGs
[2025-02-09T19:17:01.300-0700] {logging_mixin.py:190} INFO - [2025-02-09T19:17:01.300-0700] {dag.py:4180} INFO - Setting next_dagrun for tutorial to 2025-02-09 00:00:00+00:00, run_after=2025-02-10 00:00:00+00:00
[2025-02-09T19:17:01.307-0700] {processor.py:208} INFO - Processing /Users/pranithjain/Desktop/DE Project/Apache Airflow Project/venv/lib/python3.10/site-packages/airflow/example_dags/tutorial.py took 0.088 seconds
[2025-02-09T19:18:13.255-0700] {processor.py:186} INFO - Started process (PID=24025) to work on /Users/pranithjain/Desktop/DE Project/Apache Airflow Project/venv/lib/python3.10/site-packages/airflow/example_dags/tutorial.py
[2025-02-09T19:18:13.256-0700] {processor.py:914} INFO - Processing file /Users/pranithjain/Desktop/DE Project/Apache Airflow Project/venv/lib/python3.10/site-packages/airflow/example_dags/tutorial.py for tasks to queue
[2025-02-09T19:18:13.256-0700] {logging_mixin.py:190} INFO - [2025-02-09T19:18:13.256-0700] {dagbag.py:588} INFO - Filling up the DagBag from /Users/pranithjain/Desktop/DE Project/Apache Airflow Project/venv/lib/python3.10/site-packages/airflow/example_dags/tutorial.py
[2025-02-09T19:18:13.260-0700] {processor.py:925} INFO - DAG(s) 'tutorial' retrieved from /Users/pranithjain/Desktop/DE Project/Apache Airflow Project/venv/lib/python3.10/site-packages/airflow/example_dags/tutorial.py
[2025-02-09T19:18:13.327-0700] {logging_mixin.py:190} INFO - [2025-02-09T19:18:13.327-0700] {dag.py:3239} INFO - Sync 1 DAGs
[2025-02-09T19:18:13.334-0700] {logging_mixin.py:190} INFO - [2025-02-09T19:18:13.334-0700] {dag.py:4180} INFO - Setting next_dagrun for tutorial to 2025-02-09 00:00:00+00:00, run_after=2025-02-10 00:00:00+00:00
[2025-02-09T19:18:13.341-0700] {processor.py:208} INFO - Processing /Users/pranithjain/Desktop/DE Project/Apache Airflow Project/venv/lib/python3.10/site-packages/airflow/example_dags/tutorial.py took 0.088 seconds
[2025-02-09T19:19:26.211-0700] {processor.py:186} INFO - Started process (PID=24254) to work on /Users/pranithjain/Desktop/DE Project/Apache Airflow Project/venv/lib/python3.10/site-packages/airflow/example_dags/tutorial.py
[2025-02-09T19:19:26.211-0700] {processor.py:914} INFO - Processing file /Users/pranithjain/Desktop/DE Project/Apache Airflow Project/venv/lib/python3.10/site-packages/airflow/example_dags/tutorial.py for tasks to queue
[2025-02-09T19:19:26.212-0700] {logging_mixin.py:190} INFO - [2025-02-09T19:19:26.212-0700] {dagbag.py:588} INFO - Filling up the DagBag from /Users/pranithjain/Desktop/DE Project/Apache Airflow Project/venv/lib/python3.10/site-packages/airflow/example_dags/tutorial.py
[2025-02-09T19:19:26.216-0700] {processor.py:925} INFO - DAG(s) 'tutorial' retrieved from /Users/pranithjain/Desktop/DE Project/Apache Airflow Project/venv/lib/python3.10/site-packages/airflow/example_dags/tutorial.py
[2025-02-09T19:19:26.282-0700] {logging_mixin.py:190} INFO - [2025-02-09T19:19:26.282-0700] {dag.py:3239} INFO - Sync 1 DAGs
[2025-02-09T19:19:26.289-0700] {logging_mixin.py:190} INFO - [2025-02-09T19:19:26.289-0700] {dag.py:4180} INFO - Setting next_dagrun for tutorial to 2025-02-09 00:00:00+00:00, run_after=2025-02-10 00:00:00+00:00
[2025-02-09T19:19:26.296-0700] {processor.py:208} INFO - Processing /Users/pranithjain/Desktop/DE Project/Apache Airflow Project/venv/lib/python3.10/site-packages/airflow/example_dags/tutorial.py took 0.087 seconds
[2025-02-09T19:20:39.173-0700] {processor.py:186} INFO - Started process (PID=24476) to work on /Users/pranithjain/Desktop/DE Project/Apache Airflow Project/venv/lib/python3.10/site-packages/airflow/example_dags/tutorial.py
[2025-02-09T19:20:39.174-0700] {processor.py:914} INFO - Processing file /Users/pranithjain/Desktop/DE Project/Apache Airflow Project/venv/lib/python3.10/site-packages/airflow/example_dags/tutorial.py for tasks to queue
[2025-02-09T19:20:39.174-0700] {logging_mixin.py:190} INFO - [2025-02-09T19:20:39.174-0700] {dagbag.py:588} INFO - Filling up the DagBag from /Users/pranithjain/Desktop/DE Project/Apache Airflow Project/venv/lib/python3.10/site-packages/airflow/example_dags/tutorial.py
[2025-02-09T19:20:39.178-0700] {processor.py:925} INFO - DAG(s) 'tutorial' retrieved from /Users/pranithjain/Desktop/DE Project/Apache Airflow Project/venv/lib/python3.10/site-packages/airflow/example_dags/tutorial.py
[2025-02-09T19:20:39.245-0700] {logging_mixin.py:190} INFO - [2025-02-09T19:20:39.245-0700] {dag.py:3239} INFO - Sync 1 DAGs
[2025-02-09T19:20:39.252-0700] {logging_mixin.py:190} INFO - [2025-02-09T19:20:39.252-0700] {dag.py:4180} INFO - Setting next_dagrun for tutorial to 2025-02-09 00:00:00+00:00, run_after=2025-02-10 00:00:00+00:00
[2025-02-09T19:20:39.259-0700] {processor.py:208} INFO - Processing /Users/pranithjain/Desktop/DE Project/Apache Airflow Project/venv/lib/python3.10/site-packages/airflow/example_dags/tutorial.py took 0.087 seconds
[2025-02-09T19:21:53.543-0700] {processor.py:186} INFO - Started process (PID=24790) to work on /Users/pranithjain/Desktop/DE Project/Apache Airflow Project/venv/lib/python3.10/site-packages/airflow/example_dags/tutorial.py
[2025-02-09T19:21:53.544-0700] {processor.py:914} INFO - Processing file /Users/pranithjain/Desktop/DE Project/Apache Airflow Project/venv/lib/python3.10/site-packages/airflow/example_dags/tutorial.py for tasks to queue
[2025-02-09T19:21:53.544-0700] {logging_mixin.py:190} INFO - [2025-02-09T19:21:53.544-0700] {dagbag.py:588} INFO - Filling up the DagBag from /Users/pranithjain/Desktop/DE Project/Apache Airflow Project/venv/lib/python3.10/site-packages/airflow/example_dags/tutorial.py
[2025-02-09T19:21:53.548-0700] {processor.py:925} INFO - DAG(s) 'tutorial' retrieved from /Users/pranithjain/Desktop/DE Project/Apache Airflow Project/venv/lib/python3.10/site-packages/airflow/example_dags/tutorial.py
[2025-02-09T19:21:53.615-0700] {logging_mixin.py:190} INFO - [2025-02-09T19:21:53.615-0700] {dag.py:3239} INFO - Sync 1 DAGs
[2025-02-09T19:21:53.622-0700] {logging_mixin.py:190} INFO - [2025-02-09T19:21:53.622-0700] {dag.py:4180} INFO - Setting next_dagrun for tutorial to 2025-02-09 00:00:00+00:00, run_after=2025-02-10 00:00:00+00:00
[2025-02-09T19:21:53.629-0700] {processor.py:208} INFO - Processing /Users/pranithjain/Desktop/DE Project/Apache Airflow Project/venv/lib/python3.10/site-packages/airflow/example_dags/tutorial.py took 0.088 seconds
[2025-02-09T19:23:06.098-0700] {processor.py:186} INFO - Started process (PID=25015) to work on /Users/pranithjain/Desktop/DE Project/Apache Airflow Project/venv/lib/python3.10/site-packages/airflow/example_dags/tutorial.py
[2025-02-09T19:23:06.098-0700] {processor.py:914} INFO - Processing file /Users/pranithjain/Desktop/DE Project/Apache Airflow Project/venv/lib/python3.10/site-packages/airflow/example_dags/tutorial.py for tasks to queue
[2025-02-09T19:23:06.099-0700] {logging_mixin.py:190} INFO - [2025-02-09T19:23:06.099-0700] {dagbag.py:588} INFO - Filling up the DagBag from /Users/pranithjain/Desktop/DE Project/Apache Airflow Project/venv/lib/python3.10/site-packages/airflow/example_dags/tutorial.py
[2025-02-09T19:23:06.103-0700] {processor.py:925} INFO - DAG(s) 'tutorial' retrieved from /Users/pranithjain/Desktop/DE Project/Apache Airflow Project/venv/lib/python3.10/site-packages/airflow/example_dags/tutorial.py
[2025-02-09T19:23:06.177-0700] {logging_mixin.py:190} INFO - [2025-02-09T19:23:06.177-0700] {dag.py:3239} INFO - Sync 1 DAGs
[2025-02-09T19:23:06.184-0700] {logging_mixin.py:190} INFO - [2025-02-09T19:23:06.184-0700] {dag.py:4180} INFO - Setting next_dagrun for tutorial to 2025-02-09 00:00:00+00:00, run_after=2025-02-10 00:00:00+00:00
[2025-02-09T19:23:06.191-0700] {processor.py:208} INFO - Processing /Users/pranithjain/Desktop/DE Project/Apache Airflow Project/venv/lib/python3.10/site-packages/airflow/example_dags/tutorial.py took 0.095 seconds
[2025-02-09T19:24:15.234-0700] {processor.py:186} INFO - Started process (PID=25229) to work on /Users/pranithjain/Desktop/DE Project/Apache Airflow Project/venv/lib/python3.10/site-packages/airflow/example_dags/tutorial.py
[2025-02-09T19:24:15.234-0700] {processor.py:914} INFO - Processing file /Users/pranithjain/Desktop/DE Project/Apache Airflow Project/venv/lib/python3.10/site-packages/airflow/example_dags/tutorial.py for tasks to queue
[2025-02-09T19:24:15.235-0700] {logging_mixin.py:190} INFO - [2025-02-09T19:24:15.235-0700] {dagbag.py:588} INFO - Filling up the DagBag from /Users/pranithjain/Desktop/DE Project/Apache Airflow Project/venv/lib/python3.10/site-packages/airflow/example_dags/tutorial.py
[2025-02-09T19:24:15.239-0700] {processor.py:925} INFO - DAG(s) 'tutorial' retrieved from /Users/pranithjain/Desktop/DE Project/Apache Airflow Project/venv/lib/python3.10/site-packages/airflow/example_dags/tutorial.py
[2025-02-09T19:24:15.306-0700] {logging_mixin.py:190} INFO - [2025-02-09T19:24:15.305-0700] {dag.py:3239} INFO - Sync 1 DAGs
[2025-02-09T19:24:15.312-0700] {logging_mixin.py:190} INFO - [2025-02-09T19:24:15.312-0700] {dag.py:4180} INFO - Setting next_dagrun for tutorial to 2025-02-09 00:00:00+00:00, run_after=2025-02-10 00:00:00+00:00
[2025-02-09T19:24:15.319-0700] {processor.py:208} INFO - Processing /Users/pranithjain/Desktop/DE Project/Apache Airflow Project/venv/lib/python3.10/site-packages/airflow/example_dags/tutorial.py took 0.087 seconds
[2025-02-09T19:25:22.091-0700] {processor.py:186} INFO - Started process (PID=25437) to work on /Users/pranithjain/Desktop/DE Project/Apache Airflow Project/venv/lib/python3.10/site-packages/airflow/example_dags/tutorial.py
[2025-02-09T19:25:22.091-0700] {processor.py:914} INFO - Processing file /Users/pranithjain/Desktop/DE Project/Apache Airflow Project/venv/lib/python3.10/site-packages/airflow/example_dags/tutorial.py for tasks to queue
[2025-02-09T19:25:22.092-0700] {logging_mixin.py:190} INFO - [2025-02-09T19:25:22.092-0700] {dagbag.py:588} INFO - Filling up the DagBag from /Users/pranithjain/Desktop/DE Project/Apache Airflow Project/venv/lib/python3.10/site-packages/airflow/example_dags/tutorial.py
[2025-02-09T19:25:22.096-0700] {processor.py:925} INFO - DAG(s) 'tutorial' retrieved from /Users/pranithjain/Desktop/DE Project/Apache Airflow Project/venv/lib/python3.10/site-packages/airflow/example_dags/tutorial.py
[2025-02-09T19:25:22.163-0700] {logging_mixin.py:190} INFO - [2025-02-09T19:25:22.163-0700] {dag.py:3239} INFO - Sync 1 DAGs
[2025-02-09T19:25:22.169-0700] {logging_mixin.py:190} INFO - [2025-02-09T19:25:22.169-0700] {dag.py:4180} INFO - Setting next_dagrun for tutorial to 2025-02-09 00:00:00+00:00, run_after=2025-02-10 00:00:00+00:00
[2025-02-09T19:25:22.176-0700] {processor.py:208} INFO - Processing /Users/pranithjain/Desktop/DE Project/Apache Airflow Project/venv/lib/python3.10/site-packages/airflow/example_dags/tutorial.py took 0.087 seconds
[2025-02-09T19:26:31.001-0700] {processor.py:186} INFO - Started process (PID=25720) to work on /Users/pranithjain/Desktop/DE Project/Apache Airflow Project/venv/lib/python3.10/site-packages/airflow/example_dags/tutorial.py
[2025-02-09T19:26:31.003-0700] {processor.py:914} INFO - Processing file /Users/pranithjain/Desktop/DE Project/Apache Airflow Project/venv/lib/python3.10/site-packages/airflow/example_dags/tutorial.py for tasks to queue
[2025-02-09T19:26:31.003-0700] {logging_mixin.py:190} INFO - [2025-02-09T19:26:31.003-0700] {dagbag.py:588} INFO - Filling up the DagBag from /Users/pranithjain/Desktop/DE Project/Apache Airflow Project/venv/lib/python3.10/site-packages/airflow/example_dags/tutorial.py
[2025-02-09T19:26:31.007-0700] {processor.py:925} INFO - DAG(s) 'tutorial' retrieved from /Users/pranithjain/Desktop/DE Project/Apache Airflow Project/venv/lib/python3.10/site-packages/airflow/example_dags/tutorial.py
[2025-02-09T19:26:31.076-0700] {logging_mixin.py:190} INFO - [2025-02-09T19:26:31.075-0700] {dag.py:3239} INFO - Sync 1 DAGs
[2025-02-09T19:26:31.083-0700] {logging_mixin.py:190} INFO - [2025-02-09T19:26:31.083-0700] {dag.py:4180} INFO - Setting next_dagrun for tutorial to 2025-02-09 00:00:00+00:00, run_after=2025-02-10 00:00:00+00:00
[2025-02-09T19:26:31.090-0700] {processor.py:208} INFO - Processing /Users/pranithjain/Desktop/DE Project/Apache Airflow Project/venv/lib/python3.10/site-packages/airflow/example_dags/tutorial.py took 0.090 seconds
[2025-02-09T19:28:22.182-0700] {processor.py:186} INFO - Started process (PID=26115) to work on /Users/pranithjain/Desktop/DE Project/Apache Airflow Project/venv/lib/python3.10/site-packages/airflow/example_dags/tutorial.py
[2025-02-09T19:28:22.183-0700] {processor.py:914} INFO - Processing file /Users/pranithjain/Desktop/DE Project/Apache Airflow Project/venv/lib/python3.10/site-packages/airflow/example_dags/tutorial.py for tasks to queue
[2025-02-09T19:28:22.183-0700] {logging_mixin.py:190} INFO - [2025-02-09T19:28:22.183-0700] {dagbag.py:588} INFO - Filling up the DagBag from /Users/pranithjain/Desktop/DE Project/Apache Airflow Project/venv/lib/python3.10/site-packages/airflow/example_dags/tutorial.py
[2025-02-09T19:28:22.187-0700] {processor.py:925} INFO - DAG(s) 'tutorial' retrieved from /Users/pranithjain/Desktop/DE Project/Apache Airflow Project/venv/lib/python3.10/site-packages/airflow/example_dags/tutorial.py
[2025-02-09T19:28:22.254-0700] {logging_mixin.py:190} INFO - [2025-02-09T19:28:22.254-0700] {dag.py:3239} INFO - Sync 1 DAGs
[2025-02-09T19:28:22.261-0700] {logging_mixin.py:190} INFO - [2025-02-09T19:28:22.261-0700] {dag.py:4180} INFO - Setting next_dagrun for tutorial to 2025-02-09 00:00:00+00:00, run_after=2025-02-10 00:00:00+00:00
[2025-02-09T19:28:22.269-0700] {processor.py:208} INFO - Processing /Users/pranithjain/Desktop/DE Project/Apache Airflow Project/venv/lib/python3.10/site-packages/airflow/example_dags/tutorial.py took 0.088 seconds
