[2025-02-09T18:47:37.381-0700] {processor.py:186} INFO - Started process (PID=18674) to work on /Users/pranithjain/Desktop/DE Project/Apache Airflow Project/venv/lib/python3.10/site-packages/airflow/example_dags/tutorial_taskflow_api.py
[2025-02-09T18:47:37.381-0700] {processor.py:914} INFO - Processing file /Users/pranithjain/Desktop/DE Project/Apache Airflow Project/venv/lib/python3.10/site-packages/airflow/example_dags/tutorial_taskflow_api.py for tasks to queue
[2025-02-09T18:47:37.382-0700] {logging_mixin.py:190} INFO - [2025-02-09T18:47:37.382-0700] {dagbag.py:588} INFO - Filling up the DagBag from /Users/pranithjain/Desktop/DE Project/Apache Airflow Project/venv/lib/python3.10/site-packages/airflow/example_dags/tutorial_taskflow_api.py
[2025-02-09T18:47:37.398-0700] {processor.py:925} INFO - DAG(s) 'tutorial_taskflow_api' retrieved from /Users/pranithjain/Desktop/DE Project/Apache Airflow Project/venv/lib/python3.10/site-packages/airflow/example_dags/tutorial_taskflow_api.py
[2025-02-09T18:47:37.500-0700] {logging_mixin.py:190} INFO - [2025-02-09T18:47:37.500-0700] {override.py:1930} INFO - Created Permission View: can delete on DAG:tutorial_taskflow_api
[2025-02-09T18:47:37.503-0700] {logging_mixin.py:190} INFO - [2025-02-09T18:47:37.503-0700] {override.py:1930} INFO - Created Permission View: can edit on DAG:tutorial_taskflow_api
[2025-02-09T18:47:37.505-0700] {logging_mixin.py:190} INFO - [2025-02-09T18:47:37.505-0700] {override.py:1930} INFO - Created Permission View: can read on DAG:tutorial_taskflow_api
[2025-02-09T18:47:37.508-0700] {logging_mixin.py:190} INFO - [2025-02-09T18:47:37.508-0700] {override.py:1930} INFO - Created Permission View: can delete on DAG Run:tutorial_taskflow_api
[2025-02-09T18:47:37.510-0700] {logging_mixin.py:190} INFO - [2025-02-09T18:47:37.510-0700] {override.py:1930} INFO - Created Permission View: menu access on DAG Run:tutorial_taskflow_api
[2025-02-09T18:47:37.512-0700] {logging_mixin.py:190} INFO - [2025-02-09T18:47:37.512-0700] {override.py:1930} INFO - Created Permission View: can create on DAG Run:tutorial_taskflow_api
[2025-02-09T18:47:37.514-0700] {logging_mixin.py:190} INFO - [2025-02-09T18:47:37.514-0700] {override.py:1930} INFO - Created Permission View: can read on DAG Run:tutorial_taskflow_api
[2025-02-09T18:47:37.514-0700] {logging_mixin.py:190} INFO - [2025-02-09T18:47:37.514-0700] {dag.py:3239} INFO - Sync 1 DAGs
[2025-02-09T18:47:37.519-0700] {logging_mixin.py:190} INFO - [2025-02-09T18:47:37.518-0700] {dag.py:3262} INFO - Creating ORM DAG for tutorial_taskflow_api
[2025-02-09T18:47:37.519-0700] {logging_mixin.py:190} INFO - [2025-02-09T18:47:37.519-0700] {dag.py:4180} INFO - Setting next_dagrun for tutorial_taskflow_api to None, run_after=None
[2025-02-09T18:47:37.525-0700] {processor.py:208} INFO - Processing /Users/pranithjain/Desktop/DE Project/Apache Airflow Project/venv/lib/python3.10/site-packages/airflow/example_dags/tutorial_taskflow_api.py took 0.146 seconds
[2025-02-09T18:49:22.332-0700] {processor.py:186} INFO - Started process (PID=19068) to work on /Users/pranithjain/Desktop/DE Project/Apache Airflow Project/venv/lib/python3.10/site-packages/airflow/example_dags/tutorial_taskflow_api.py
[2025-02-09T18:49:22.332-0700] {processor.py:914} INFO - Processing file /Users/pranithjain/Desktop/DE Project/Apache Airflow Project/venv/lib/python3.10/site-packages/airflow/example_dags/tutorial_taskflow_api.py for tasks to queue
[2025-02-09T18:49:22.332-0700] {logging_mixin.py:190} INFO - [2025-02-09T18:49:22.332-0700] {dagbag.py:588} INFO - Filling up the DagBag from /Users/pranithjain/Desktop/DE Project/Apache Airflow Project/venv/lib/python3.10/site-packages/airflow/example_dags/tutorial_taskflow_api.py
[2025-02-09T18:49:22.348-0700] {processor.py:925} INFO - DAG(s) 'tutorial_taskflow_api' retrieved from /Users/pranithjain/Desktop/DE Project/Apache Airflow Project/venv/lib/python3.10/site-packages/airflow/example_dags/tutorial_taskflow_api.py
[2025-02-09T18:49:22.412-0700] {logging_mixin.py:190} INFO - [2025-02-09T18:49:22.412-0700] {dag.py:3239} INFO - Sync 1 DAGs
[2025-02-09T18:49:22.417-0700] {logging_mixin.py:190} INFO - [2025-02-09T18:49:22.417-0700] {dag.py:4180} INFO - Setting next_dagrun for tutorial_taskflow_api to None, run_after=None
[2025-02-09T18:49:22.424-0700] {processor.py:208} INFO - Processing /Users/pranithjain/Desktop/DE Project/Apache Airflow Project/venv/lib/python3.10/site-packages/airflow/example_dags/tutorial_taskflow_api.py took 0.094 seconds
[2025-02-09T18:50:34.934-0700] {processor.py:186} INFO - Started process (PID=19296) to work on /Users/pranithjain/Desktop/DE Project/Apache Airflow Project/venv/lib/python3.10/site-packages/airflow/example_dags/tutorial_taskflow_api.py
[2025-02-09T18:50:34.936-0700] {processor.py:914} INFO - Processing file /Users/pranithjain/Desktop/DE Project/Apache Airflow Project/venv/lib/python3.10/site-packages/airflow/example_dags/tutorial_taskflow_api.py for tasks to queue
[2025-02-09T18:50:34.936-0700] {logging_mixin.py:190} INFO - [2025-02-09T18:50:34.936-0700] {dagbag.py:588} INFO - Filling up the DagBag from /Users/pranithjain/Desktop/DE Project/Apache Airflow Project/venv/lib/python3.10/site-packages/airflow/example_dags/tutorial_taskflow_api.py
[2025-02-09T18:50:34.952-0700] {processor.py:925} INFO - DAG(s) 'tutorial_taskflow_api' retrieved from /Users/pranithjain/Desktop/DE Project/Apache Airflow Project/venv/lib/python3.10/site-packages/airflow/example_dags/tutorial_taskflow_api.py
[2025-02-09T18:50:35.018-0700] {logging_mixin.py:190} INFO - [2025-02-09T18:50:35.018-0700] {dag.py:3239} INFO - Sync 1 DAGs
[2025-02-09T18:50:35.023-0700] {logging_mixin.py:190} INFO - [2025-02-09T18:50:35.023-0700] {dag.py:4180} INFO - Setting next_dagrun for tutorial_taskflow_api to None, run_after=None
[2025-02-09T18:50:35.030-0700] {processor.py:208} INFO - Processing /Users/pranithjain/Desktop/DE Project/Apache Airflow Project/venv/lib/python3.10/site-packages/airflow/example_dags/tutorial_taskflow_api.py took 0.097 seconds
[2025-02-09T18:51:46.876-0700] {processor.py:186} INFO - Started process (PID=19517) to work on /Users/pranithjain/Desktop/DE Project/Apache Airflow Project/venv/lib/python3.10/site-packages/airflow/example_dags/tutorial_taskflow_api.py
[2025-02-09T18:51:46.876-0700] {processor.py:914} INFO - Processing file /Users/pranithjain/Desktop/DE Project/Apache Airflow Project/venv/lib/python3.10/site-packages/airflow/example_dags/tutorial_taskflow_api.py for tasks to queue
[2025-02-09T18:51:46.877-0700] {logging_mixin.py:190} INFO - [2025-02-09T18:51:46.877-0700] {dagbag.py:588} INFO - Filling up the DagBag from /Users/pranithjain/Desktop/DE Project/Apache Airflow Project/venv/lib/python3.10/site-packages/airflow/example_dags/tutorial_taskflow_api.py
[2025-02-09T18:51:46.893-0700] {processor.py:925} INFO - DAG(s) 'tutorial_taskflow_api' retrieved from /Users/pranithjain/Desktop/DE Project/Apache Airflow Project/venv/lib/python3.10/site-packages/airflow/example_dags/tutorial_taskflow_api.py
[2025-02-09T18:51:46.958-0700] {logging_mixin.py:190} INFO - [2025-02-09T18:51:46.958-0700] {dag.py:3239} INFO - Sync 1 DAGs
[2025-02-09T18:51:46.963-0700] {logging_mixin.py:190} INFO - [2025-02-09T18:51:46.963-0700] {dag.py:4180} INFO - Setting next_dagrun for tutorial_taskflow_api to None, run_after=None
[2025-02-09T18:51:46.970-0700] {processor.py:208} INFO - Processing /Users/pranithjain/Desktop/DE Project/Apache Airflow Project/venv/lib/python3.10/site-packages/airflow/example_dags/tutorial_taskflow_api.py took 0.096 seconds
[2025-02-09T18:52:46.050-0700] {processor.py:186} INFO - Started process (PID=19713) to work on /Users/pranithjain/Desktop/DE Project/Apache Airflow Project/venv/lib/python3.10/site-packages/airflow/example_dags/tutorial_taskflow_api.py
[2025-02-09T18:52:46.051-0700] {processor.py:914} INFO - Processing file /Users/pranithjain/Desktop/DE Project/Apache Airflow Project/venv/lib/python3.10/site-packages/airflow/example_dags/tutorial_taskflow_api.py for tasks to queue
[2025-02-09T18:52:46.052-0700] {logging_mixin.py:190} INFO - [2025-02-09T18:52:46.052-0700] {dagbag.py:588} INFO - Filling up the DagBag from /Users/pranithjain/Desktop/DE Project/Apache Airflow Project/venv/lib/python3.10/site-packages/airflow/example_dags/tutorial_taskflow_api.py
[2025-02-09T18:52:46.071-0700] {processor.py:925} INFO - DAG(s) 'tutorial_taskflow_api' retrieved from /Users/pranithjain/Desktop/DE Project/Apache Airflow Project/venv/lib/python3.10/site-packages/airflow/example_dags/tutorial_taskflow_api.py
[2025-02-09T18:52:46.147-0700] {logging_mixin.py:190} INFO - [2025-02-09T18:52:46.147-0700] {dag.py:3239} INFO - Sync 1 DAGs
[2025-02-09T18:52:46.152-0700] {logging_mixin.py:190} INFO - [2025-02-09T18:52:46.152-0700] {dag.py:4180} INFO - Setting next_dagrun for tutorial_taskflow_api to None, run_after=None
[2025-02-09T18:52:46.160-0700] {processor.py:208} INFO - Processing /Users/pranithjain/Desktop/DE Project/Apache Airflow Project/venv/lib/python3.10/site-packages/airflow/example_dags/tutorial_taskflow_api.py took 0.113 seconds
[2025-02-09T18:54:30.400-0700] {processor.py:186} INFO - Started process (PID=20034) to work on /Users/pranithjain/Desktop/DE Project/Apache Airflow Project/venv/lib/python3.10/site-packages/airflow/example_dags/tutorial_taskflow_api.py
[2025-02-09T18:54:30.400-0700] {processor.py:914} INFO - Processing file /Users/pranithjain/Desktop/DE Project/Apache Airflow Project/venv/lib/python3.10/site-packages/airflow/example_dags/tutorial_taskflow_api.py for tasks to queue
[2025-02-09T18:54:30.400-0700] {logging_mixin.py:190} INFO - [2025-02-09T18:54:30.400-0700] {dagbag.py:588} INFO - Filling up the DagBag from /Users/pranithjain/Desktop/DE Project/Apache Airflow Project/venv/lib/python3.10/site-packages/airflow/example_dags/tutorial_taskflow_api.py
[2025-02-09T18:54:30.416-0700] {processor.py:925} INFO - DAG(s) 'tutorial_taskflow_api' retrieved from /Users/pranithjain/Desktop/DE Project/Apache Airflow Project/venv/lib/python3.10/site-packages/airflow/example_dags/tutorial_taskflow_api.py
[2025-02-09T18:54:30.482-0700] {logging_mixin.py:190} INFO - [2025-02-09T18:54:30.482-0700] {dag.py:3239} INFO - Sync 1 DAGs
[2025-02-09T18:54:30.487-0700] {logging_mixin.py:190} INFO - [2025-02-09T18:54:30.487-0700] {dag.py:4180} INFO - Setting next_dagrun for tutorial_taskflow_api to None, run_after=None
[2025-02-09T18:54:30.495-0700] {processor.py:208} INFO - Processing /Users/pranithjain/Desktop/DE Project/Apache Airflow Project/venv/lib/python3.10/site-packages/airflow/example_dags/tutorial_taskflow_api.py took 0.097 seconds
[2025-02-09T18:55:40.726-0700] {processor.py:186} INFO - Started process (PID=20247) to work on /Users/pranithjain/Desktop/DE Project/Apache Airflow Project/venv/lib/python3.10/site-packages/airflow/example_dags/tutorial_taskflow_api.py
[2025-02-09T18:55:40.726-0700] {processor.py:914} INFO - Processing file /Users/pranithjain/Desktop/DE Project/Apache Airflow Project/venv/lib/python3.10/site-packages/airflow/example_dags/tutorial_taskflow_api.py for tasks to queue
[2025-02-09T18:55:40.727-0700] {logging_mixin.py:190} INFO - [2025-02-09T18:55:40.726-0700] {dagbag.py:588} INFO - Filling up the DagBag from /Users/pranithjain/Desktop/DE Project/Apache Airflow Project/venv/lib/python3.10/site-packages/airflow/example_dags/tutorial_taskflow_api.py
[2025-02-09T18:55:40.742-0700] {processor.py:925} INFO - DAG(s) 'tutorial_taskflow_api' retrieved from /Users/pranithjain/Desktop/DE Project/Apache Airflow Project/venv/lib/python3.10/site-packages/airflow/example_dags/tutorial_taskflow_api.py
[2025-02-09T18:55:40.808-0700] {logging_mixin.py:190} INFO - [2025-02-09T18:55:40.808-0700] {dag.py:3239} INFO - Sync 1 DAGs
[2025-02-09T18:55:40.813-0700] {logging_mixin.py:190} INFO - [2025-02-09T18:55:40.813-0700] {dag.py:4180} INFO - Setting next_dagrun for tutorial_taskflow_api to None, run_after=None
[2025-02-09T18:55:40.820-0700] {processor.py:208} INFO - Processing /Users/pranithjain/Desktop/DE Project/Apache Airflow Project/venv/lib/python3.10/site-packages/airflow/example_dags/tutorial_taskflow_api.py took 0.096 seconds
[2025-02-09T18:56:54.770-0700] {processor.py:186} INFO - Started process (PID=20483) to work on /Users/pranithjain/Desktop/DE Project/Apache Airflow Project/venv/lib/python3.10/site-packages/airflow/example_dags/tutorial_taskflow_api.py
[2025-02-09T18:56:54.771-0700] {processor.py:914} INFO - Processing file /Users/pranithjain/Desktop/DE Project/Apache Airflow Project/venv/lib/python3.10/site-packages/airflow/example_dags/tutorial_taskflow_api.py for tasks to queue
[2025-02-09T18:56:54.771-0700] {logging_mixin.py:190} INFO - [2025-02-09T18:56:54.771-0700] {dagbag.py:588} INFO - Filling up the DagBag from /Users/pranithjain/Desktop/DE Project/Apache Airflow Project/venv/lib/python3.10/site-packages/airflow/example_dags/tutorial_taskflow_api.py
[2025-02-09T18:56:54.787-0700] {processor.py:925} INFO - DAG(s) 'tutorial_taskflow_api' retrieved from /Users/pranithjain/Desktop/DE Project/Apache Airflow Project/venv/lib/python3.10/site-packages/airflow/example_dags/tutorial_taskflow_api.py
[2025-02-09T18:56:54.854-0700] {logging_mixin.py:190} INFO - [2025-02-09T18:56:54.854-0700] {dag.py:3239} INFO - Sync 1 DAGs
[2025-02-09T18:56:54.859-0700] {logging_mixin.py:190} INFO - [2025-02-09T18:56:54.859-0700] {dag.py:4180} INFO - Setting next_dagrun for tutorial_taskflow_api to None, run_after=None
[2025-02-09T18:56:54.866-0700] {processor.py:208} INFO - Processing /Users/pranithjain/Desktop/DE Project/Apache Airflow Project/venv/lib/python3.10/site-packages/airflow/example_dags/tutorial_taskflow_api.py took 0.097 seconds
[2025-02-09T18:58:07.243-0700] {processor.py:186} INFO - Started process (PID=20704) to work on /Users/pranithjain/Desktop/DE Project/Apache Airflow Project/venv/lib/python3.10/site-packages/airflow/example_dags/tutorial_taskflow_api.py
[2025-02-09T18:58:07.243-0700] {processor.py:914} INFO - Processing file /Users/pranithjain/Desktop/DE Project/Apache Airflow Project/venv/lib/python3.10/site-packages/airflow/example_dags/tutorial_taskflow_api.py for tasks to queue
[2025-02-09T18:58:07.244-0700] {logging_mixin.py:190} INFO - [2025-02-09T18:58:07.244-0700] {dagbag.py:588} INFO - Filling up the DagBag from /Users/pranithjain/Desktop/DE Project/Apache Airflow Project/venv/lib/python3.10/site-packages/airflow/example_dags/tutorial_taskflow_api.py
[2025-02-09T18:58:07.259-0700] {processor.py:925} INFO - DAG(s) 'tutorial_taskflow_api' retrieved from /Users/pranithjain/Desktop/DE Project/Apache Airflow Project/venv/lib/python3.10/site-packages/airflow/example_dags/tutorial_taskflow_api.py
[2025-02-09T18:58:07.324-0700] {logging_mixin.py:190} INFO - [2025-02-09T18:58:07.324-0700] {dag.py:3239} INFO - Sync 1 DAGs
[2025-02-09T18:58:07.329-0700] {logging_mixin.py:190} INFO - [2025-02-09T18:58:07.329-0700] {dag.py:4180} INFO - Setting next_dagrun for tutorial_taskflow_api to None, run_after=None
[2025-02-09T18:58:07.336-0700] {processor.py:208} INFO - Processing /Users/pranithjain/Desktop/DE Project/Apache Airflow Project/venv/lib/python3.10/site-packages/airflow/example_dags/tutorial_taskflow_api.py took 0.095 seconds
[2025-02-09T19:06:23.197-0700] {processor.py:186} INFO - Started process (PID=21889) to work on /Users/pranithjain/Desktop/DE Project/Apache Airflow Project/venv/lib/python3.10/site-packages/airflow/example_dags/tutorial_taskflow_api.py
[2025-02-09T19:06:23.198-0700] {processor.py:914} INFO - Processing file /Users/pranithjain/Desktop/DE Project/Apache Airflow Project/venv/lib/python3.10/site-packages/airflow/example_dags/tutorial_taskflow_api.py for tasks to queue
[2025-02-09T19:06:23.198-0700] {logging_mixin.py:190} INFO - [2025-02-09T19:06:23.198-0700] {dagbag.py:588} INFO - Filling up the DagBag from /Users/pranithjain/Desktop/DE Project/Apache Airflow Project/venv/lib/python3.10/site-packages/airflow/example_dags/tutorial_taskflow_api.py
[2025-02-09T19:06:23.213-0700] {processor.py:925} INFO - DAG(s) 'tutorial_taskflow_api' retrieved from /Users/pranithjain/Desktop/DE Project/Apache Airflow Project/venv/lib/python3.10/site-packages/airflow/example_dags/tutorial_taskflow_api.py
[2025-02-09T19:06:23.278-0700] {logging_mixin.py:190} INFO - [2025-02-09T19:06:23.278-0700] {dag.py:3239} INFO - Sync 1 DAGs
[2025-02-09T19:06:23.283-0700] {logging_mixin.py:190} INFO - [2025-02-09T19:06:23.283-0700] {dag.py:4180} INFO - Setting next_dagrun for tutorial_taskflow_api to None, run_after=None
[2025-02-09T19:06:23.290-0700] {processor.py:208} INFO - Processing /Users/pranithjain/Desktop/DE Project/Apache Airflow Project/venv/lib/python3.10/site-packages/airflow/example_dags/tutorial_taskflow_api.py took 0.095 seconds
[2025-02-09T19:08:01.460-0700] {processor.py:186} INFO - Started process (PID=22196) to work on /Users/pranithjain/Desktop/DE Project/Apache Airflow Project/venv/lib/python3.10/site-packages/airflow/example_dags/tutorial_taskflow_api.py
[2025-02-09T19:08:01.461-0700] {processor.py:914} INFO - Processing file /Users/pranithjain/Desktop/DE Project/Apache Airflow Project/venv/lib/python3.10/site-packages/airflow/example_dags/tutorial_taskflow_api.py for tasks to queue
[2025-02-09T19:08:01.461-0700] {logging_mixin.py:190} INFO - [2025-02-09T19:08:01.461-0700] {dagbag.py:588} INFO - Filling up the DagBag from /Users/pranithjain/Desktop/DE Project/Apache Airflow Project/venv/lib/python3.10/site-packages/airflow/example_dags/tutorial_taskflow_api.py
[2025-02-09T19:08:01.477-0700] {processor.py:925} INFO - DAG(s) 'tutorial_taskflow_api' retrieved from /Users/pranithjain/Desktop/DE Project/Apache Airflow Project/venv/lib/python3.10/site-packages/airflow/example_dags/tutorial_taskflow_api.py
[2025-02-09T19:08:01.542-0700] {logging_mixin.py:190} INFO - [2025-02-09T19:08:01.541-0700] {dag.py:3239} INFO - Sync 1 DAGs
[2025-02-09T19:08:01.546-0700] {logging_mixin.py:190} INFO - [2025-02-09T19:08:01.546-0700] {dag.py:4180} INFO - Setting next_dagrun for tutorial_taskflow_api to None, run_after=None
[2025-02-09T19:08:01.553-0700] {processor.py:208} INFO - Processing /Users/pranithjain/Desktop/DE Project/Apache Airflow Project/venv/lib/python3.10/site-packages/airflow/example_dags/tutorial_taskflow_api.py took 0.094 seconds
[2025-02-09T19:09:11.197-0700] {processor.py:186} INFO - Started process (PID=22418) to work on /Users/pranithjain/Desktop/DE Project/Apache Airflow Project/venv/lib/python3.10/site-packages/airflow/example_dags/tutorial_taskflow_api.py
[2025-02-09T19:09:11.198-0700] {processor.py:914} INFO - Processing file /Users/pranithjain/Desktop/DE Project/Apache Airflow Project/venv/lib/python3.10/site-packages/airflow/example_dags/tutorial_taskflow_api.py for tasks to queue
[2025-02-09T19:09:11.198-0700] {logging_mixin.py:190} INFO - [2025-02-09T19:09:11.198-0700] {dagbag.py:588} INFO - Filling up the DagBag from /Users/pranithjain/Desktop/DE Project/Apache Airflow Project/venv/lib/python3.10/site-packages/airflow/example_dags/tutorial_taskflow_api.py
[2025-02-09T19:09:11.215-0700] {processor.py:925} INFO - DAG(s) 'tutorial_taskflow_api' retrieved from /Users/pranithjain/Desktop/DE Project/Apache Airflow Project/venv/lib/python3.10/site-packages/airflow/example_dags/tutorial_taskflow_api.py
[2025-02-09T19:09:11.217-0700] {logging_mixin.py:190} INFO - [2025-02-09T19:09:11.217-0700] {dag.py:3239} INFO - Sync 1 DAGs
[2025-02-09T19:09:11.281-0700] {logging_mixin.py:190} INFO - [2025-02-09T19:09:11.280-0700] {dag.py:4180} INFO - Setting next_dagrun for tutorial_taskflow_api to None, run_after=None
[2025-02-09T19:09:11.288-0700] {processor.py:208} INFO - Processing /Users/pranithjain/Desktop/DE Project/Apache Airflow Project/venv/lib/python3.10/site-packages/airflow/example_dags/tutorial_taskflow_api.py took 0.093 seconds
[2025-02-09T19:10:24.086-0700] {processor.py:186} INFO - Started process (PID=22638) to work on /Users/pranithjain/Desktop/DE Project/Apache Airflow Project/venv/lib/python3.10/site-packages/airflow/example_dags/tutorial_taskflow_api.py
[2025-02-09T19:10:24.087-0700] {processor.py:914} INFO - Processing file /Users/pranithjain/Desktop/DE Project/Apache Airflow Project/venv/lib/python3.10/site-packages/airflow/example_dags/tutorial_taskflow_api.py for tasks to queue
[2025-02-09T19:10:24.087-0700] {logging_mixin.py:190} INFO - [2025-02-09T19:10:24.087-0700] {dagbag.py:588} INFO - Filling up the DagBag from /Users/pranithjain/Desktop/DE Project/Apache Airflow Project/venv/lib/python3.10/site-packages/airflow/example_dags/tutorial_taskflow_api.py
[2025-02-09T19:10:24.103-0700] {processor.py:925} INFO - DAG(s) 'tutorial_taskflow_api' retrieved from /Users/pranithjain/Desktop/DE Project/Apache Airflow Project/venv/lib/python3.10/site-packages/airflow/example_dags/tutorial_taskflow_api.py
[2025-02-09T19:10:24.202-0700] {logging_mixin.py:190} INFO - [2025-02-09T19:10:24.202-0700] {dag.py:3239} INFO - Sync 1 DAGs
[2025-02-09T19:10:24.206-0700] {logging_mixin.py:190} INFO - [2025-02-09T19:10:24.206-0700] {dag.py:4180} INFO - Setting next_dagrun for tutorial_taskflow_api to None, run_after=None
[2025-02-09T19:10:24.213-0700] {processor.py:208} INFO - Processing /Users/pranithjain/Desktop/DE Project/Apache Airflow Project/venv/lib/python3.10/site-packages/airflow/example_dags/tutorial_taskflow_api.py took 0.129 seconds
[2025-02-09T19:12:51.795-0700] {processor.py:186} INFO - Started process (PID=23045) to work on /Users/pranithjain/Desktop/DE Project/Apache Airflow Project/venv/lib/python3.10/site-packages/airflow/example_dags/tutorial_taskflow_api.py
[2025-02-09T19:12:51.796-0700] {processor.py:914} INFO - Processing file /Users/pranithjain/Desktop/DE Project/Apache Airflow Project/venv/lib/python3.10/site-packages/airflow/example_dags/tutorial_taskflow_api.py for tasks to queue
[2025-02-09T19:12:51.796-0700] {logging_mixin.py:190} INFO - [2025-02-09T19:12:51.796-0700] {dagbag.py:588} INFO - Filling up the DagBag from /Users/pranithjain/Desktop/DE Project/Apache Airflow Project/venv/lib/python3.10/site-packages/airflow/example_dags/tutorial_taskflow_api.py
[2025-02-09T19:12:51.812-0700] {processor.py:925} INFO - DAG(s) 'tutorial_taskflow_api' retrieved from /Users/pranithjain/Desktop/DE Project/Apache Airflow Project/venv/lib/python3.10/site-packages/airflow/example_dags/tutorial_taskflow_api.py
[2025-02-09T19:12:51.881-0700] {logging_mixin.py:190} INFO - [2025-02-09T19:12:51.881-0700] {dag.py:3239} INFO - Sync 1 DAGs
[2025-02-09T19:12:51.887-0700] {logging_mixin.py:190} INFO - [2025-02-09T19:12:51.886-0700] {dag.py:4180} INFO - Setting next_dagrun for tutorial_taskflow_api to None, run_after=None
[2025-02-09T19:12:51.894-0700] {processor.py:208} INFO - Processing /Users/pranithjain/Desktop/DE Project/Apache Airflow Project/venv/lib/python3.10/site-packages/airflow/example_dags/tutorial_taskflow_api.py took 0.101 seconds
[2025-02-09T19:14:36.648-0700] {processor.py:186} INFO - Started process (PID=23365) to work on /Users/pranithjain/Desktop/DE Project/Apache Airflow Project/venv/lib/python3.10/site-packages/airflow/example_dags/tutorial_taskflow_api.py
[2025-02-09T19:14:36.648-0700] {processor.py:914} INFO - Processing file /Users/pranithjain/Desktop/DE Project/Apache Airflow Project/venv/lib/python3.10/site-packages/airflow/example_dags/tutorial_taskflow_api.py for tasks to queue
[2025-02-09T19:14:36.649-0700] {logging_mixin.py:190} INFO - [2025-02-09T19:14:36.648-0700] {dagbag.py:588} INFO - Filling up the DagBag from /Users/pranithjain/Desktop/DE Project/Apache Airflow Project/venv/lib/python3.10/site-packages/airflow/example_dags/tutorial_taskflow_api.py
[2025-02-09T19:14:36.664-0700] {processor.py:925} INFO - DAG(s) 'tutorial_taskflow_api' retrieved from /Users/pranithjain/Desktop/DE Project/Apache Airflow Project/venv/lib/python3.10/site-packages/airflow/example_dags/tutorial_taskflow_api.py
[2025-02-09T19:14:36.730-0700] {logging_mixin.py:190} INFO - [2025-02-09T19:14:36.730-0700] {dag.py:3239} INFO - Sync 1 DAGs
[2025-02-09T19:14:36.735-0700] {logging_mixin.py:190} INFO - [2025-02-09T19:14:36.735-0700] {dag.py:4180} INFO - Setting next_dagrun for tutorial_taskflow_api to None, run_after=None
[2025-02-09T19:14:36.743-0700] {processor.py:208} INFO - Processing /Users/pranithjain/Desktop/DE Project/Apache Airflow Project/venv/lib/python3.10/site-packages/airflow/example_dags/tutorial_taskflow_api.py took 0.096 seconds
[2025-02-09T19:15:45.412-0700] {processor.py:186} INFO - Started process (PID=23578) to work on /Users/pranithjain/Desktop/DE Project/Apache Airflow Project/venv/lib/python3.10/site-packages/airflow/example_dags/tutorial_taskflow_api.py
[2025-02-09T19:15:45.413-0700] {processor.py:914} INFO - Processing file /Users/pranithjain/Desktop/DE Project/Apache Airflow Project/venv/lib/python3.10/site-packages/airflow/example_dags/tutorial_taskflow_api.py for tasks to queue
[2025-02-09T19:15:45.413-0700] {logging_mixin.py:190} INFO - [2025-02-09T19:15:45.413-0700] {dagbag.py:588} INFO - Filling up the DagBag from /Users/pranithjain/Desktop/DE Project/Apache Airflow Project/venv/lib/python3.10/site-packages/airflow/example_dags/tutorial_taskflow_api.py
[2025-02-09T19:15:45.428-0700] {processor.py:925} INFO - DAG(s) 'tutorial_taskflow_api' retrieved from /Users/pranithjain/Desktop/DE Project/Apache Airflow Project/venv/lib/python3.10/site-packages/airflow/example_dags/tutorial_taskflow_api.py
[2025-02-09T19:15:45.493-0700] {logging_mixin.py:190} INFO - [2025-02-09T19:15:45.492-0700] {dag.py:3239} INFO - Sync 1 DAGs
[2025-02-09T19:15:45.497-0700] {logging_mixin.py:190} INFO - [2025-02-09T19:15:45.497-0700] {dag.py:4180} INFO - Setting next_dagrun for tutorial_taskflow_api to None, run_after=None
[2025-02-09T19:15:45.504-0700] {processor.py:208} INFO - Processing /Users/pranithjain/Desktop/DE Project/Apache Airflow Project/venv/lib/python3.10/site-packages/airflow/example_dags/tutorial_taskflow_api.py took 0.093 seconds
[2025-02-09T19:16:55.664-0700] {processor.py:186} INFO - Started process (PID=23790) to work on /Users/pranithjain/Desktop/DE Project/Apache Airflow Project/venv/lib/python3.10/site-packages/airflow/example_dags/tutorial_taskflow_api.py
[2025-02-09T19:16:55.666-0700] {processor.py:914} INFO - Processing file /Users/pranithjain/Desktop/DE Project/Apache Airflow Project/venv/lib/python3.10/site-packages/airflow/example_dags/tutorial_taskflow_api.py for tasks to queue
[2025-02-09T19:16:55.666-0700] {logging_mixin.py:190} INFO - [2025-02-09T19:16:55.666-0700] {dagbag.py:588} INFO - Filling up the DagBag from /Users/pranithjain/Desktop/DE Project/Apache Airflow Project/venv/lib/python3.10/site-packages/airflow/example_dags/tutorial_taskflow_api.py
[2025-02-09T19:16:55.682-0700] {processor.py:925} INFO - DAG(s) 'tutorial_taskflow_api' retrieved from /Users/pranithjain/Desktop/DE Project/Apache Airflow Project/venv/lib/python3.10/site-packages/airflow/example_dags/tutorial_taskflow_api.py
[2025-02-09T19:16:55.746-0700] {logging_mixin.py:190} INFO - [2025-02-09T19:16:55.746-0700] {dag.py:3239} INFO - Sync 1 DAGs
[2025-02-09T19:16:55.751-0700] {logging_mixin.py:190} INFO - [2025-02-09T19:16:55.750-0700] {dag.py:4180} INFO - Setting next_dagrun for tutorial_taskflow_api to None, run_after=None
[2025-02-09T19:16:55.758-0700] {processor.py:208} INFO - Processing /Users/pranithjain/Desktop/DE Project/Apache Airflow Project/venv/lib/python3.10/site-packages/airflow/example_dags/tutorial_taskflow_api.py took 0.095 seconds
[2025-02-09T19:18:07.701-0700] {processor.py:186} INFO - Started process (PID=24011) to work on /Users/pranithjain/Desktop/DE Project/Apache Airflow Project/venv/lib/python3.10/site-packages/airflow/example_dags/tutorial_taskflow_api.py
[2025-02-09T19:18:07.702-0700] {processor.py:914} INFO - Processing file /Users/pranithjain/Desktop/DE Project/Apache Airflow Project/venv/lib/python3.10/site-packages/airflow/example_dags/tutorial_taskflow_api.py for tasks to queue
[2025-02-09T19:18:07.702-0700] {logging_mixin.py:190} INFO - [2025-02-09T19:18:07.702-0700] {dagbag.py:588} INFO - Filling up the DagBag from /Users/pranithjain/Desktop/DE Project/Apache Airflow Project/venv/lib/python3.10/site-packages/airflow/example_dags/tutorial_taskflow_api.py
[2025-02-09T19:18:07.718-0700] {processor.py:925} INFO - DAG(s) 'tutorial_taskflow_api' retrieved from /Users/pranithjain/Desktop/DE Project/Apache Airflow Project/venv/lib/python3.10/site-packages/airflow/example_dags/tutorial_taskflow_api.py
[2025-02-09T19:18:07.782-0700] {logging_mixin.py:190} INFO - [2025-02-09T19:18:07.782-0700] {dag.py:3239} INFO - Sync 1 DAGs
[2025-02-09T19:18:07.787-0700] {logging_mixin.py:190} INFO - [2025-02-09T19:18:07.787-0700] {dag.py:4180} INFO - Setting next_dagrun for tutorial_taskflow_api to None, run_after=None
[2025-02-09T19:18:07.794-0700] {processor.py:208} INFO - Processing /Users/pranithjain/Desktop/DE Project/Apache Airflow Project/venv/lib/python3.10/site-packages/airflow/example_dags/tutorial_taskflow_api.py took 0.094 seconds
[2025-02-09T19:19:21.465-0700] {processor.py:186} INFO - Started process (PID=24240) to work on /Users/pranithjain/Desktop/DE Project/Apache Airflow Project/venv/lib/python3.10/site-packages/airflow/example_dags/tutorial_taskflow_api.py
[2025-02-09T19:19:21.465-0700] {processor.py:914} INFO - Processing file /Users/pranithjain/Desktop/DE Project/Apache Airflow Project/venv/lib/python3.10/site-packages/airflow/example_dags/tutorial_taskflow_api.py for tasks to queue
[2025-02-09T19:19:21.466-0700] {logging_mixin.py:190} INFO - [2025-02-09T19:19:21.466-0700] {dagbag.py:588} INFO - Filling up the DagBag from /Users/pranithjain/Desktop/DE Project/Apache Airflow Project/venv/lib/python3.10/site-packages/airflow/example_dags/tutorial_taskflow_api.py
[2025-02-09T19:19:21.481-0700] {processor.py:925} INFO - DAG(s) 'tutorial_taskflow_api' retrieved from /Users/pranithjain/Desktop/DE Project/Apache Airflow Project/venv/lib/python3.10/site-packages/airflow/example_dags/tutorial_taskflow_api.py
[2025-02-09T19:19:21.546-0700] {logging_mixin.py:190} INFO - [2025-02-09T19:19:21.546-0700] {dag.py:3239} INFO - Sync 1 DAGs
[2025-02-09T19:19:21.551-0700] {logging_mixin.py:190} INFO - [2025-02-09T19:19:21.551-0700] {dag.py:4180} INFO - Setting next_dagrun for tutorial_taskflow_api to None, run_after=None
[2025-02-09T19:19:21.558-0700] {processor.py:208} INFO - Processing /Users/pranithjain/Desktop/DE Project/Apache Airflow Project/venv/lib/python3.10/site-packages/airflow/example_dags/tutorial_taskflow_api.py took 0.095 seconds
[2025-02-09T19:20:34.456-0700] {processor.py:186} INFO - Started process (PID=24462) to work on /Users/pranithjain/Desktop/DE Project/Apache Airflow Project/venv/lib/python3.10/site-packages/airflow/example_dags/tutorial_taskflow_api.py
[2025-02-09T19:20:34.456-0700] {processor.py:914} INFO - Processing file /Users/pranithjain/Desktop/DE Project/Apache Airflow Project/venv/lib/python3.10/site-packages/airflow/example_dags/tutorial_taskflow_api.py for tasks to queue
[2025-02-09T19:20:34.457-0700] {logging_mixin.py:190} INFO - [2025-02-09T19:20:34.457-0700] {dagbag.py:588} INFO - Filling up the DagBag from /Users/pranithjain/Desktop/DE Project/Apache Airflow Project/venv/lib/python3.10/site-packages/airflow/example_dags/tutorial_taskflow_api.py
[2025-02-09T19:20:34.473-0700] {processor.py:925} INFO - DAG(s) 'tutorial_taskflow_api' retrieved from /Users/pranithjain/Desktop/DE Project/Apache Airflow Project/venv/lib/python3.10/site-packages/airflow/example_dags/tutorial_taskflow_api.py
[2025-02-09T19:20:34.543-0700] {logging_mixin.py:190} INFO - [2025-02-09T19:20:34.543-0700] {dag.py:3239} INFO - Sync 1 DAGs
[2025-02-09T19:20:34.548-0700] {logging_mixin.py:190} INFO - [2025-02-09T19:20:34.548-0700] {dag.py:4180} INFO - Setting next_dagrun for tutorial_taskflow_api to None, run_after=None
[2025-02-09T19:20:34.556-0700] {processor.py:208} INFO - Processing /Users/pranithjain/Desktop/DE Project/Apache Airflow Project/venv/lib/python3.10/site-packages/airflow/example_dags/tutorial_taskflow_api.py took 0.102 seconds
[2025-02-09T19:21:48.092-0700] {processor.py:186} INFO - Started process (PID=24755) to work on /Users/pranithjain/Desktop/DE Project/Apache Airflow Project/venv/lib/python3.10/site-packages/airflow/example_dags/tutorial_taskflow_api.py
[2025-02-09T19:21:48.092-0700] {processor.py:914} INFO - Processing file /Users/pranithjain/Desktop/DE Project/Apache Airflow Project/venv/lib/python3.10/site-packages/airflow/example_dags/tutorial_taskflow_api.py for tasks to queue
[2025-02-09T19:21:48.093-0700] {logging_mixin.py:190} INFO - [2025-02-09T19:21:48.093-0700] {dagbag.py:588} INFO - Filling up the DagBag from /Users/pranithjain/Desktop/DE Project/Apache Airflow Project/venv/lib/python3.10/site-packages/airflow/example_dags/tutorial_taskflow_api.py
[2025-02-09T19:21:48.108-0700] {processor.py:925} INFO - DAG(s) 'tutorial_taskflow_api' retrieved from /Users/pranithjain/Desktop/DE Project/Apache Airflow Project/venv/lib/python3.10/site-packages/airflow/example_dags/tutorial_taskflow_api.py
[2025-02-09T19:21:48.176-0700] {logging_mixin.py:190} INFO - [2025-02-09T19:21:48.176-0700] {dag.py:3239} INFO - Sync 1 DAGs
[2025-02-09T19:21:48.180-0700] {logging_mixin.py:190} INFO - [2025-02-09T19:21:48.180-0700] {dag.py:4180} INFO - Setting next_dagrun for tutorial_taskflow_api to None, run_after=None
[2025-02-09T19:21:48.188-0700] {processor.py:208} INFO - Processing /Users/pranithjain/Desktop/DE Project/Apache Airflow Project/venv/lib/python3.10/site-packages/airflow/example_dags/tutorial_taskflow_api.py took 0.098 seconds
[2025-02-09T19:23:01.845-0700] {processor.py:186} INFO - Started process (PID=25000) to work on /Users/pranithjain/Desktop/DE Project/Apache Airflow Project/venv/lib/python3.10/site-packages/airflow/example_dags/tutorial_taskflow_api.py
[2025-02-09T19:23:01.846-0700] {processor.py:914} INFO - Processing file /Users/pranithjain/Desktop/DE Project/Apache Airflow Project/venv/lib/python3.10/site-packages/airflow/example_dags/tutorial_taskflow_api.py for tasks to queue
[2025-02-09T19:23:01.846-0700] {logging_mixin.py:190} INFO - [2025-02-09T19:23:01.846-0700] {dagbag.py:588} INFO - Filling up the DagBag from /Users/pranithjain/Desktop/DE Project/Apache Airflow Project/venv/lib/python3.10/site-packages/airflow/example_dags/tutorial_taskflow_api.py
[2025-02-09T19:23:01.863-0700] {processor.py:925} INFO - DAG(s) 'tutorial_taskflow_api' retrieved from /Users/pranithjain/Desktop/DE Project/Apache Airflow Project/venv/lib/python3.10/site-packages/airflow/example_dags/tutorial_taskflow_api.py
[2025-02-09T19:23:01.929-0700] {logging_mixin.py:190} INFO - [2025-02-09T19:23:01.928-0700] {dag.py:3239} INFO - Sync 1 DAGs
[2025-02-09T19:23:01.933-0700] {logging_mixin.py:190} INFO - [2025-02-09T19:23:01.933-0700] {dag.py:4180} INFO - Setting next_dagrun for tutorial_taskflow_api to None, run_after=None
[2025-02-09T19:23:01.940-0700] {processor.py:208} INFO - Processing /Users/pranithjain/Desktop/DE Project/Apache Airflow Project/venv/lib/python3.10/site-packages/airflow/example_dags/tutorial_taskflow_api.py took 0.097 seconds
[2025-02-09T19:24:09.771-0700] {processor.py:186} INFO - Started process (PID=25215) to work on /Users/pranithjain/Desktop/DE Project/Apache Airflow Project/venv/lib/python3.10/site-packages/airflow/example_dags/tutorial_taskflow_api.py
[2025-02-09T19:24:09.771-0700] {processor.py:914} INFO - Processing file /Users/pranithjain/Desktop/DE Project/Apache Airflow Project/venv/lib/python3.10/site-packages/airflow/example_dags/tutorial_taskflow_api.py for tasks to queue
[2025-02-09T19:24:09.772-0700] {logging_mixin.py:190} INFO - [2025-02-09T19:24:09.772-0700] {dagbag.py:588} INFO - Filling up the DagBag from /Users/pranithjain/Desktop/DE Project/Apache Airflow Project/venv/lib/python3.10/site-packages/airflow/example_dags/tutorial_taskflow_api.py
[2025-02-09T19:24:09.787-0700] {processor.py:925} INFO - DAG(s) 'tutorial_taskflow_api' retrieved from /Users/pranithjain/Desktop/DE Project/Apache Airflow Project/venv/lib/python3.10/site-packages/airflow/example_dags/tutorial_taskflow_api.py
[2025-02-09T19:24:09.852-0700] {logging_mixin.py:190} INFO - [2025-02-09T19:24:09.852-0700] {dag.py:3239} INFO - Sync 1 DAGs
[2025-02-09T19:24:09.857-0700] {logging_mixin.py:190} INFO - [2025-02-09T19:24:09.857-0700] {dag.py:4180} INFO - Setting next_dagrun for tutorial_taskflow_api to None, run_after=None
[2025-02-09T19:24:09.864-0700] {processor.py:208} INFO - Processing /Users/pranithjain/Desktop/DE Project/Apache Airflow Project/venv/lib/python3.10/site-packages/airflow/example_dags/tutorial_taskflow_api.py took 0.094 seconds
[2025-02-09T19:25:16.730-0700] {processor.py:186} INFO - Started process (PID=25417) to work on /Users/pranithjain/Desktop/DE Project/Apache Airflow Project/venv/lib/python3.10/site-packages/airflow/example_dags/tutorial_taskflow_api.py
[2025-02-09T19:25:16.731-0700] {processor.py:914} INFO - Processing file /Users/pranithjain/Desktop/DE Project/Apache Airflow Project/venv/lib/python3.10/site-packages/airflow/example_dags/tutorial_taskflow_api.py for tasks to queue
[2025-02-09T19:25:16.731-0700] {logging_mixin.py:190} INFO - [2025-02-09T19:25:16.731-0700] {dagbag.py:588} INFO - Filling up the DagBag from /Users/pranithjain/Desktop/DE Project/Apache Airflow Project/venv/lib/python3.10/site-packages/airflow/example_dags/tutorial_taskflow_api.py
[2025-02-09T19:25:16.747-0700] {processor.py:925} INFO - DAG(s) 'tutorial_taskflow_api' retrieved from /Users/pranithjain/Desktop/DE Project/Apache Airflow Project/venv/lib/python3.10/site-packages/airflow/example_dags/tutorial_taskflow_api.py
[2025-02-09T19:25:16.812-0700] {logging_mixin.py:190} INFO - [2025-02-09T19:25:16.812-0700] {dag.py:3239} INFO - Sync 1 DAGs
[2025-02-09T19:25:16.817-0700] {logging_mixin.py:190} INFO - [2025-02-09T19:25:16.817-0700] {dag.py:4180} INFO - Setting next_dagrun for tutorial_taskflow_api to None, run_after=None
[2025-02-09T19:25:16.824-0700] {processor.py:208} INFO - Processing /Users/pranithjain/Desktop/DE Project/Apache Airflow Project/venv/lib/python3.10/site-packages/airflow/example_dags/tutorial_taskflow_api.py took 0.096 seconds
[2025-02-09T19:26:26.975-0700] {processor.py:186} INFO - Started process (PID=25699) to work on /Users/pranithjain/Desktop/DE Project/Apache Airflow Project/venv/lib/python3.10/site-packages/airflow/example_dags/tutorial_taskflow_api.py
[2025-02-09T19:26:26.976-0700] {processor.py:914} INFO - Processing file /Users/pranithjain/Desktop/DE Project/Apache Airflow Project/venv/lib/python3.10/site-packages/airflow/example_dags/tutorial_taskflow_api.py for tasks to queue
[2025-02-09T19:26:26.977-0700] {logging_mixin.py:190} INFO - [2025-02-09T19:26:26.977-0700] {dagbag.py:588} INFO - Filling up the DagBag from /Users/pranithjain/Desktop/DE Project/Apache Airflow Project/venv/lib/python3.10/site-packages/airflow/example_dags/tutorial_taskflow_api.py
[2025-02-09T19:26:26.993-0700] {processor.py:925} INFO - DAG(s) 'tutorial_taskflow_api' retrieved from /Users/pranithjain/Desktop/DE Project/Apache Airflow Project/venv/lib/python3.10/site-packages/airflow/example_dags/tutorial_taskflow_api.py
[2025-02-09T19:26:27.058-0700] {logging_mixin.py:190} INFO - [2025-02-09T19:26:27.058-0700] {dag.py:3239} INFO - Sync 1 DAGs
[2025-02-09T19:26:27.062-0700] {logging_mixin.py:190} INFO - [2025-02-09T19:26:27.062-0700] {dag.py:4180} INFO - Setting next_dagrun for tutorial_taskflow_api to None, run_after=None
[2025-02-09T19:26:27.070-0700] {processor.py:208} INFO - Processing /Users/pranithjain/Desktop/DE Project/Apache Airflow Project/venv/lib/python3.10/site-packages/airflow/example_dags/tutorial_taskflow_api.py took 0.096 seconds
[2025-02-09T19:27:38.536-0700] {processor.py:186} INFO - Started process (PID=25986) to work on /Users/pranithjain/Desktop/DE Project/Apache Airflow Project/venv/lib/python3.10/site-packages/airflow/example_dags/tutorial_taskflow_api.py
[2025-02-09T19:27:38.537-0700] {processor.py:914} INFO - Processing file /Users/pranithjain/Desktop/DE Project/Apache Airflow Project/venv/lib/python3.10/site-packages/airflow/example_dags/tutorial_taskflow_api.py for tasks to queue
[2025-02-09T19:27:38.537-0700] {logging_mixin.py:190} INFO - [2025-02-09T19:27:38.537-0700] {dagbag.py:588} INFO - Filling up the DagBag from /Users/pranithjain/Desktop/DE Project/Apache Airflow Project/venv/lib/python3.10/site-packages/airflow/example_dags/tutorial_taskflow_api.py
[2025-02-09T19:27:38.553-0700] {processor.py:925} INFO - DAG(s) 'tutorial_taskflow_api' retrieved from /Users/pranithjain/Desktop/DE Project/Apache Airflow Project/venv/lib/python3.10/site-packages/airflow/example_dags/tutorial_taskflow_api.py
[2025-02-09T19:27:38.621-0700] {logging_mixin.py:190} INFO - [2025-02-09T19:27:38.621-0700] {dag.py:3239} INFO - Sync 1 DAGs
[2025-02-09T19:27:38.626-0700] {logging_mixin.py:190} INFO - [2025-02-09T19:27:38.626-0700] {dag.py:4180} INFO - Setting next_dagrun for tutorial_taskflow_api to None, run_after=None
[2025-02-09T19:27:38.634-0700] {processor.py:208} INFO - Processing /Users/pranithjain/Desktop/DE Project/Apache Airflow Project/venv/lib/python3.10/site-packages/airflow/example_dags/tutorial_taskflow_api.py took 0.100 seconds
[2025-02-09T19:28:16.614-0700] {processor.py:186} INFO - Started process (PID=26098) to work on /Users/pranithjain/Desktop/DE Project/Apache Airflow Project/venv/lib/python3.10/site-packages/airflow/example_dags/tutorial_taskflow_api.py
[2025-02-09T19:28:16.615-0700] {processor.py:914} INFO - Processing file /Users/pranithjain/Desktop/DE Project/Apache Airflow Project/venv/lib/python3.10/site-packages/airflow/example_dags/tutorial_taskflow_api.py for tasks to queue
[2025-02-09T19:28:16.615-0700] {logging_mixin.py:190} INFO - [2025-02-09T19:28:16.615-0700] {dagbag.py:588} INFO - Filling up the DagBag from /Users/pranithjain/Desktop/DE Project/Apache Airflow Project/venv/lib/python3.10/site-packages/airflow/example_dags/tutorial_taskflow_api.py
[2025-02-09T19:28:16.630-0700] {processor.py:925} INFO - DAG(s) 'tutorial_taskflow_api' retrieved from /Users/pranithjain/Desktop/DE Project/Apache Airflow Project/venv/lib/python3.10/site-packages/airflow/example_dags/tutorial_taskflow_api.py
[2025-02-09T19:28:16.695-0700] {logging_mixin.py:190} INFO - [2025-02-09T19:28:16.695-0700] {dag.py:3239} INFO - Sync 1 DAGs
[2025-02-09T19:28:16.700-0700] {logging_mixin.py:190} INFO - [2025-02-09T19:28:16.700-0700] {dag.py:4180} INFO - Setting next_dagrun for tutorial_taskflow_api to None, run_after=None
[2025-02-09T19:28:16.707-0700] {processor.py:208} INFO - Processing /Users/pranithjain/Desktop/DE Project/Apache Airflow Project/venv/lib/python3.10/site-packages/airflow/example_dags/tutorial_taskflow_api.py took 0.094 seconds
