[2025-02-09T18:47:36.055-0700] {processor.py:186} INFO - Started process (PID=18669) to work on /Users/pranithjain/Desktop/DE Project/Apache Airflow Project/venv/lib/python3.10/site-packages/airflow/example_dags/tutorial_taskflow_api_virtualenv.py
[2025-02-09T18:47:36.056-0700] {processor.py:914} INFO - Processing file /Users/pranithjain/Desktop/DE Project/Apache Airflow Project/venv/lib/python3.10/site-packages/airflow/example_dags/tutorial_taskflow_api_virtualenv.py for tasks to queue
[2025-02-09T18:47:36.056-0700] {logging_mixin.py:190} INFO - [2025-02-09T18:47:36.056-0700] {dagbag.py:588} INFO - Filling up the DagBag from /Users/pranithjain/Desktop/DE Project/Apache Airflow Project/venv/lib/python3.10/site-packages/airflow/example_dags/tutorial_taskflow_api_virtualenv.py
[2025-02-09T18:47:36.073-0700] {processor.py:925} INFO - DAG(s) 'tutorial_taskflow_api_virtualenv' retrieved from /Users/pranithjain/Desktop/DE Project/Apache Airflow Project/venv/lib/python3.10/site-packages/airflow/example_dags/tutorial_taskflow_api_virtualenv.py
[2025-02-09T18:47:36.172-0700] {logging_mixin.py:190} INFO - [2025-02-09T18:47:36.172-0700] {override.py:1930} INFO - Created Permission View: can delete on DAG:tutorial_taskflow_api_virtualenv
[2025-02-09T18:47:36.176-0700] {logging_mixin.py:190} INFO - [2025-02-09T18:47:36.175-0700] {override.py:1930} INFO - Created Permission View: can read on DAG:tutorial_taskflow_api_virtualenv
[2025-02-09T18:47:36.178-0700] {logging_mixin.py:190} INFO - [2025-02-09T18:47:36.178-0700] {override.py:1930} INFO - Created Permission View: can edit on DAG:tutorial_taskflow_api_virtualenv
[2025-02-09T18:47:36.180-0700] {logging_mixin.py:190} INFO - [2025-02-09T18:47:36.180-0700] {override.py:1930} INFO - Created Permission View: menu access on DAG Run:tutorial_taskflow_api_virtualenv
[2025-02-09T18:47:36.182-0700] {logging_mixin.py:190} INFO - [2025-02-09T18:47:36.182-0700] {override.py:1930} INFO - Created Permission View: can create on DAG Run:tutorial_taskflow_api_virtualenv
[2025-02-09T18:47:36.184-0700] {logging_mixin.py:190} INFO - [2025-02-09T18:47:36.184-0700] {override.py:1930} INFO - Created Permission View: can read on DAG Run:tutorial_taskflow_api_virtualenv
[2025-02-09T18:47:36.186-0700] {logging_mixin.py:190} INFO - [2025-02-09T18:47:36.186-0700] {override.py:1930} INFO - Created Permission View: can delete on DAG Run:tutorial_taskflow_api_virtualenv
[2025-02-09T18:47:36.186-0700] {logging_mixin.py:190} INFO - [2025-02-09T18:47:36.186-0700] {dag.py:3239} INFO - Sync 1 DAGs
[2025-02-09T18:47:36.191-0700] {logging_mixin.py:190} INFO - [2025-02-09T18:47:36.191-0700] {dag.py:3262} INFO - Creating ORM DAG for tutorial_taskflow_api_virtualenv
[2025-02-09T18:47:36.191-0700] {logging_mixin.py:190} INFO - [2025-02-09T18:47:36.191-0700] {dag.py:4180} INFO - Setting next_dagrun for tutorial_taskflow_api_virtualenv to None, run_after=None
[2025-02-09T18:47:36.197-0700] {processor.py:208} INFO - Processing /Users/pranithjain/Desktop/DE Project/Apache Airflow Project/venv/lib/python3.10/site-packages/airflow/example_dags/tutorial_taskflow_api_virtualenv.py took 0.144 seconds
[2025-02-09T18:49:21.302-0700] {processor.py:186} INFO - Started process (PID=19066) to work on /Users/pranithjain/Desktop/DE Project/Apache Airflow Project/venv/lib/python3.10/site-packages/airflow/example_dags/tutorial_taskflow_api_virtualenv.py
[2025-02-09T18:49:21.302-0700] {processor.py:914} INFO - Processing file /Users/pranithjain/Desktop/DE Project/Apache Airflow Project/venv/lib/python3.10/site-packages/airflow/example_dags/tutorial_taskflow_api_virtualenv.py for tasks to queue
[2025-02-09T18:49:21.303-0700] {logging_mixin.py:190} INFO - [2025-02-09T18:49:21.303-0700] {dagbag.py:588} INFO - Filling up the DagBag from /Users/pranithjain/Desktop/DE Project/Apache Airflow Project/venv/lib/python3.10/site-packages/airflow/example_dags/tutorial_taskflow_api_virtualenv.py
[2025-02-09T18:49:21.319-0700] {processor.py:925} INFO - DAG(s) 'tutorial_taskflow_api_virtualenv' retrieved from /Users/pranithjain/Desktop/DE Project/Apache Airflow Project/venv/lib/python3.10/site-packages/airflow/example_dags/tutorial_taskflow_api_virtualenv.py
[2025-02-09T18:49:21.418-0700] {logging_mixin.py:190} INFO - [2025-02-09T18:49:21.418-0700] {dag.py:3239} INFO - Sync 1 DAGs
[2025-02-09T18:49:21.422-0700] {logging_mixin.py:190} INFO - [2025-02-09T18:49:21.422-0700] {dag.py:4180} INFO - Setting next_dagrun for tutorial_taskflow_api_virtualenv to None, run_after=None
[2025-02-09T18:49:21.430-0700] {processor.py:208} INFO - Processing /Users/pranithjain/Desktop/DE Project/Apache Airflow Project/venv/lib/python3.10/site-packages/airflow/example_dags/tutorial_taskflow_api_virtualenv.py took 0.130 seconds
[2025-02-09T18:50:33.037-0700] {processor.py:186} INFO - Started process (PID=19291) to work on /Users/pranithjain/Desktop/DE Project/Apache Airflow Project/venv/lib/python3.10/site-packages/airflow/example_dags/tutorial_taskflow_api_virtualenv.py
[2025-02-09T18:50:33.038-0700] {processor.py:914} INFO - Processing file /Users/pranithjain/Desktop/DE Project/Apache Airflow Project/venv/lib/python3.10/site-packages/airflow/example_dags/tutorial_taskflow_api_virtualenv.py for tasks to queue
[2025-02-09T18:50:33.039-0700] {logging_mixin.py:190} INFO - [2025-02-09T18:50:33.038-0700] {dagbag.py:588} INFO - Filling up the DagBag from /Users/pranithjain/Desktop/DE Project/Apache Airflow Project/venv/lib/python3.10/site-packages/airflow/example_dags/tutorial_taskflow_api_virtualenv.py
[2025-02-09T18:50:33.055-0700] {processor.py:925} INFO - DAG(s) 'tutorial_taskflow_api_virtualenv' retrieved from /Users/pranithjain/Desktop/DE Project/Apache Airflow Project/venv/lib/python3.10/site-packages/airflow/example_dags/tutorial_taskflow_api_virtualenv.py
[2025-02-09T18:50:33.164-0700] {logging_mixin.py:190} INFO - [2025-02-09T18:50:33.164-0700] {dag.py:3239} INFO - Sync 1 DAGs
[2025-02-09T18:50:33.168-0700] {logging_mixin.py:190} INFO - [2025-02-09T18:50:33.168-0700] {dag.py:4180} INFO - Setting next_dagrun for tutorial_taskflow_api_virtualenv to None, run_after=None
[2025-02-09T18:50:33.175-0700] {processor.py:208} INFO - Processing /Users/pranithjain/Desktop/DE Project/Apache Airflow Project/venv/lib/python3.10/site-packages/airflow/example_dags/tutorial_taskflow_api_virtualenv.py took 0.140 seconds
[2025-02-09T18:51:44.959-0700] {processor.py:186} INFO - Started process (PID=19512) to work on /Users/pranithjain/Desktop/DE Project/Apache Airflow Project/venv/lib/python3.10/site-packages/airflow/example_dags/tutorial_taskflow_api_virtualenv.py
[2025-02-09T18:51:44.960-0700] {processor.py:914} INFO - Processing file /Users/pranithjain/Desktop/DE Project/Apache Airflow Project/venv/lib/python3.10/site-packages/airflow/example_dags/tutorial_taskflow_api_virtualenv.py for tasks to queue
[2025-02-09T18:51:44.960-0700] {logging_mixin.py:190} INFO - [2025-02-09T18:51:44.960-0700] {dagbag.py:588} INFO - Filling up the DagBag from /Users/pranithjain/Desktop/DE Project/Apache Airflow Project/venv/lib/python3.10/site-packages/airflow/example_dags/tutorial_taskflow_api_virtualenv.py
[2025-02-09T18:51:44.977-0700] {processor.py:925} INFO - DAG(s) 'tutorial_taskflow_api_virtualenv' retrieved from /Users/pranithjain/Desktop/DE Project/Apache Airflow Project/venv/lib/python3.10/site-packages/airflow/example_dags/tutorial_taskflow_api_virtualenv.py
[2025-02-09T18:51:45.079-0700] {logging_mixin.py:190} INFO - [2025-02-09T18:51:45.078-0700] {dag.py:3239} INFO - Sync 1 DAGs
[2025-02-09T18:51:45.083-0700] {logging_mixin.py:190} INFO - [2025-02-09T18:51:45.082-0700] {dag.py:4180} INFO - Setting next_dagrun for tutorial_taskflow_api_virtualenv to None, run_after=None
[2025-02-09T18:51:45.090-0700] {processor.py:208} INFO - Processing /Users/pranithjain/Desktop/DE Project/Apache Airflow Project/venv/lib/python3.10/site-packages/airflow/example_dags/tutorial_taskflow_api_virtualenv.py took 0.132 seconds
[2025-02-09T18:52:44.851-0700] {processor.py:186} INFO - Started process (PID=19711) to work on /Users/pranithjain/Desktop/DE Project/Apache Airflow Project/venv/lib/python3.10/site-packages/airflow/example_dags/tutorial_taskflow_api_virtualenv.py
[2025-02-09T18:52:44.852-0700] {processor.py:914} INFO - Processing file /Users/pranithjain/Desktop/DE Project/Apache Airflow Project/venv/lib/python3.10/site-packages/airflow/example_dags/tutorial_taskflow_api_virtualenv.py for tasks to queue
[2025-02-09T18:52:44.853-0700] {logging_mixin.py:190} INFO - [2025-02-09T18:52:44.853-0700] {dagbag.py:588} INFO - Filling up the DagBag from /Users/pranithjain/Desktop/DE Project/Apache Airflow Project/venv/lib/python3.10/site-packages/airflow/example_dags/tutorial_taskflow_api_virtualenv.py
[2025-02-09T18:52:44.871-0700] {processor.py:925} INFO - DAG(s) 'tutorial_taskflow_api_virtualenv' retrieved from /Users/pranithjain/Desktop/DE Project/Apache Airflow Project/venv/lib/python3.10/site-packages/airflow/example_dags/tutorial_taskflow_api_virtualenv.py
[2025-02-09T18:52:45.001-0700] {logging_mixin.py:190} INFO - [2025-02-09T18:52:45.001-0700] {dag.py:3239} INFO - Sync 1 DAGs
[2025-02-09T18:52:45.008-0700] {logging_mixin.py:190} INFO - [2025-02-09T18:52:45.008-0700] {dag.py:4180} INFO - Setting next_dagrun for tutorial_taskflow_api_virtualenv to None, run_after=None
[2025-02-09T18:52:45.017-0700] {processor.py:208} INFO - Processing /Users/pranithjain/Desktop/DE Project/Apache Airflow Project/venv/lib/python3.10/site-packages/airflow/example_dags/tutorial_taskflow_api_virtualenv.py took 0.167 seconds
[2025-02-09T18:54:28.515-0700] {processor.py:186} INFO - Started process (PID=20027) to work on /Users/pranithjain/Desktop/DE Project/Apache Airflow Project/venv/lib/python3.10/site-packages/airflow/example_dags/tutorial_taskflow_api_virtualenv.py
[2025-02-09T18:54:28.516-0700] {processor.py:914} INFO - Processing file /Users/pranithjain/Desktop/DE Project/Apache Airflow Project/venv/lib/python3.10/site-packages/airflow/example_dags/tutorial_taskflow_api_virtualenv.py for tasks to queue
[2025-02-09T18:54:28.516-0700] {logging_mixin.py:190} INFO - [2025-02-09T18:54:28.516-0700] {dagbag.py:588} INFO - Filling up the DagBag from /Users/pranithjain/Desktop/DE Project/Apache Airflow Project/venv/lib/python3.10/site-packages/airflow/example_dags/tutorial_taskflow_api_virtualenv.py
[2025-02-09T18:54:28.534-0700] {processor.py:925} INFO - DAG(s) 'tutorial_taskflow_api_virtualenv' retrieved from /Users/pranithjain/Desktop/DE Project/Apache Airflow Project/venv/lib/python3.10/site-packages/airflow/example_dags/tutorial_taskflow_api_virtualenv.py
[2025-02-09T18:54:28.637-0700] {logging_mixin.py:190} INFO - [2025-02-09T18:54:28.637-0700] {dag.py:3239} INFO - Sync 1 DAGs
[2025-02-09T18:54:28.641-0700] {logging_mixin.py:190} INFO - [2025-02-09T18:54:28.641-0700] {dag.py:4180} INFO - Setting next_dagrun for tutorial_taskflow_api_virtualenv to None, run_after=None
[2025-02-09T18:54:28.649-0700] {processor.py:208} INFO - Processing /Users/pranithjain/Desktop/DE Project/Apache Airflow Project/venv/lib/python3.10/site-packages/airflow/example_dags/tutorial_taskflow_api_virtualenv.py took 0.135 seconds
[2025-02-09T18:55:38.836-0700] {processor.py:186} INFO - Started process (PID=20240) to work on /Users/pranithjain/Desktop/DE Project/Apache Airflow Project/venv/lib/python3.10/site-packages/airflow/example_dags/tutorial_taskflow_api_virtualenv.py
[2025-02-09T18:55:38.837-0700] {processor.py:914} INFO - Processing file /Users/pranithjain/Desktop/DE Project/Apache Airflow Project/venv/lib/python3.10/site-packages/airflow/example_dags/tutorial_taskflow_api_virtualenv.py for tasks to queue
[2025-02-09T18:55:38.837-0700] {logging_mixin.py:190} INFO - [2025-02-09T18:55:38.837-0700] {dagbag.py:588} INFO - Filling up the DagBag from /Users/pranithjain/Desktop/DE Project/Apache Airflow Project/venv/lib/python3.10/site-packages/airflow/example_dags/tutorial_taskflow_api_virtualenv.py
[2025-02-09T18:55:38.854-0700] {processor.py:925} INFO - DAG(s) 'tutorial_taskflow_api_virtualenv' retrieved from /Users/pranithjain/Desktop/DE Project/Apache Airflow Project/venv/lib/python3.10/site-packages/airflow/example_dags/tutorial_taskflow_api_virtualenv.py
[2025-02-09T18:55:38.954-0700] {logging_mixin.py:190} INFO - [2025-02-09T18:55:38.954-0700] {dag.py:3239} INFO - Sync 1 DAGs
[2025-02-09T18:55:38.958-0700] {logging_mixin.py:190} INFO - [2025-02-09T18:55:38.958-0700] {dag.py:4180} INFO - Setting next_dagrun for tutorial_taskflow_api_virtualenv to None, run_after=None
[2025-02-09T18:55:38.966-0700] {processor.py:208} INFO - Processing /Users/pranithjain/Desktop/DE Project/Apache Airflow Project/venv/lib/python3.10/site-packages/airflow/example_dags/tutorial_taskflow_api_virtualenv.py took 0.131 seconds
[2025-02-09T18:56:52.853-0700] {processor.py:186} INFO - Started process (PID=20481) to work on /Users/pranithjain/Desktop/DE Project/Apache Airflow Project/venv/lib/python3.10/site-packages/airflow/example_dags/tutorial_taskflow_api_virtualenv.py
[2025-02-09T18:56:52.854-0700] {processor.py:914} INFO - Processing file /Users/pranithjain/Desktop/DE Project/Apache Airflow Project/venv/lib/python3.10/site-packages/airflow/example_dags/tutorial_taskflow_api_virtualenv.py for tasks to queue
[2025-02-09T18:56:52.854-0700] {logging_mixin.py:190} INFO - [2025-02-09T18:56:52.854-0700] {dagbag.py:588} INFO - Filling up the DagBag from /Users/pranithjain/Desktop/DE Project/Apache Airflow Project/venv/lib/python3.10/site-packages/airflow/example_dags/tutorial_taskflow_api_virtualenv.py
[2025-02-09T18:56:52.871-0700] {processor.py:925} INFO - DAG(s) 'tutorial_taskflow_api_virtualenv' retrieved from /Users/pranithjain/Desktop/DE Project/Apache Airflow Project/venv/lib/python3.10/site-packages/airflow/example_dags/tutorial_taskflow_api_virtualenv.py
[2025-02-09T18:56:52.973-0700] {logging_mixin.py:190} INFO - [2025-02-09T18:56:52.973-0700] {dag.py:3239} INFO - Sync 1 DAGs
[2025-02-09T18:56:52.977-0700] {logging_mixin.py:190} INFO - [2025-02-09T18:56:52.977-0700] {dag.py:4180} INFO - Setting next_dagrun for tutorial_taskflow_api_virtualenv to None, run_after=None
[2025-02-09T18:56:52.984-0700] {processor.py:208} INFO - Processing /Users/pranithjain/Desktop/DE Project/Apache Airflow Project/venv/lib/python3.10/site-packages/airflow/example_dags/tutorial_taskflow_api_virtualenv.py took 0.133 seconds
[2025-02-09T18:58:05.365-0700] {processor.py:186} INFO - Started process (PID=20697) to work on /Users/pranithjain/Desktop/DE Project/Apache Airflow Project/venv/lib/python3.10/site-packages/airflow/example_dags/tutorial_taskflow_api_virtualenv.py
[2025-02-09T18:58:05.365-0700] {processor.py:914} INFO - Processing file /Users/pranithjain/Desktop/DE Project/Apache Airflow Project/venv/lib/python3.10/site-packages/airflow/example_dags/tutorial_taskflow_api_virtualenv.py for tasks to queue
[2025-02-09T18:58:05.366-0700] {logging_mixin.py:190} INFO - [2025-02-09T18:58:05.366-0700] {dagbag.py:588} INFO - Filling up the DagBag from /Users/pranithjain/Desktop/DE Project/Apache Airflow Project/venv/lib/python3.10/site-packages/airflow/example_dags/tutorial_taskflow_api_virtualenv.py
[2025-02-09T18:58:05.383-0700] {processor.py:925} INFO - DAG(s) 'tutorial_taskflow_api_virtualenv' retrieved from /Users/pranithjain/Desktop/DE Project/Apache Airflow Project/venv/lib/python3.10/site-packages/airflow/example_dags/tutorial_taskflow_api_virtualenv.py
[2025-02-09T18:58:05.484-0700] {logging_mixin.py:190} INFO - [2025-02-09T18:58:05.484-0700] {dag.py:3239} INFO - Sync 1 DAGs
[2025-02-09T18:58:05.488-0700] {logging_mixin.py:190} INFO - [2025-02-09T18:58:05.488-0700] {dag.py:4180} INFO - Setting next_dagrun for tutorial_taskflow_api_virtualenv to None, run_after=None
[2025-02-09T18:58:05.496-0700] {processor.py:208} INFO - Processing /Users/pranithjain/Desktop/DE Project/Apache Airflow Project/venv/lib/python3.10/site-packages/airflow/example_dags/tutorial_taskflow_api_virtualenv.py took 0.133 seconds
[2025-02-09T19:06:22.071-0700] {processor.py:186} INFO - Started process (PID=21884) to work on /Users/pranithjain/Desktop/DE Project/Apache Airflow Project/venv/lib/python3.10/site-packages/airflow/example_dags/tutorial_taskflow_api_virtualenv.py
[2025-02-09T19:06:22.071-0700] {processor.py:914} INFO - Processing file /Users/pranithjain/Desktop/DE Project/Apache Airflow Project/venv/lib/python3.10/site-packages/airflow/example_dags/tutorial_taskflow_api_virtualenv.py for tasks to queue
[2025-02-09T19:06:22.072-0700] {logging_mixin.py:190} INFO - [2025-02-09T19:06:22.071-0700] {dagbag.py:588} INFO - Filling up the DagBag from /Users/pranithjain/Desktop/DE Project/Apache Airflow Project/venv/lib/python3.10/site-packages/airflow/example_dags/tutorial_taskflow_api_virtualenv.py
[2025-02-09T19:06:22.088-0700] {processor.py:925} INFO - DAG(s) 'tutorial_taskflow_api_virtualenv' retrieved from /Users/pranithjain/Desktop/DE Project/Apache Airflow Project/venv/lib/python3.10/site-packages/airflow/example_dags/tutorial_taskflow_api_virtualenv.py
[2025-02-09T19:06:22.192-0700] {logging_mixin.py:190} INFO - [2025-02-09T19:06:22.192-0700] {dag.py:3239} INFO - Sync 1 DAGs
[2025-02-09T19:06:22.197-0700] {logging_mixin.py:190} INFO - [2025-02-09T19:06:22.196-0700] {dag.py:4180} INFO - Setting next_dagrun for tutorial_taskflow_api_virtualenv to None, run_after=None
[2025-02-09T19:06:22.204-0700] {processor.py:208} INFO - Processing /Users/pranithjain/Desktop/DE Project/Apache Airflow Project/venv/lib/python3.10/site-packages/airflow/example_dags/tutorial_taskflow_api_virtualenv.py took 0.136 seconds
[2025-02-09T19:07:59.591-0700] {processor.py:186} INFO - Started process (PID=22191) to work on /Users/pranithjain/Desktop/DE Project/Apache Airflow Project/venv/lib/python3.10/site-packages/airflow/example_dags/tutorial_taskflow_api_virtualenv.py
[2025-02-09T19:07:59.592-0700] {processor.py:914} INFO - Processing file /Users/pranithjain/Desktop/DE Project/Apache Airflow Project/venv/lib/python3.10/site-packages/airflow/example_dags/tutorial_taskflow_api_virtualenv.py for tasks to queue
[2025-02-09T19:07:59.592-0700] {logging_mixin.py:190} INFO - [2025-02-09T19:07:59.592-0700] {dagbag.py:588} INFO - Filling up the DagBag from /Users/pranithjain/Desktop/DE Project/Apache Airflow Project/venv/lib/python3.10/site-packages/airflow/example_dags/tutorial_taskflow_api_virtualenv.py
[2025-02-09T19:07:59.609-0700] {processor.py:925} INFO - DAG(s) 'tutorial_taskflow_api_virtualenv' retrieved from /Users/pranithjain/Desktop/DE Project/Apache Airflow Project/venv/lib/python3.10/site-packages/airflow/example_dags/tutorial_taskflow_api_virtualenv.py
[2025-02-09T19:07:59.709-0700] {logging_mixin.py:190} INFO - [2025-02-09T19:07:59.708-0700] {dag.py:3239} INFO - Sync 1 DAGs
[2025-02-09T19:07:59.713-0700] {logging_mixin.py:190} INFO - [2025-02-09T19:07:59.713-0700] {dag.py:4180} INFO - Setting next_dagrun for tutorial_taskflow_api_virtualenv to None, run_after=None
[2025-02-09T19:07:59.720-0700] {processor.py:208} INFO - Processing /Users/pranithjain/Desktop/DE Project/Apache Airflow Project/venv/lib/python3.10/site-packages/airflow/example_dags/tutorial_taskflow_api_virtualenv.py took 0.130 seconds
[2025-02-09T19:09:09.897-0700] {processor.py:186} INFO - Started process (PID=22414) to work on /Users/pranithjain/Desktop/DE Project/Apache Airflow Project/venv/lib/python3.10/site-packages/airflow/example_dags/tutorial_taskflow_api_virtualenv.py
[2025-02-09T19:09:09.898-0700] {processor.py:914} INFO - Processing file /Users/pranithjain/Desktop/DE Project/Apache Airflow Project/venv/lib/python3.10/site-packages/airflow/example_dags/tutorial_taskflow_api_virtualenv.py for tasks to queue
[2025-02-09T19:09:09.898-0700] {logging_mixin.py:190} INFO - [2025-02-09T19:09:09.898-0700] {dagbag.py:588} INFO - Filling up the DagBag from /Users/pranithjain/Desktop/DE Project/Apache Airflow Project/venv/lib/python3.10/site-packages/airflow/example_dags/tutorial_taskflow_api_virtualenv.py
[2025-02-09T19:09:09.915-0700] {processor.py:925} INFO - DAG(s) 'tutorial_taskflow_api_virtualenv' retrieved from /Users/pranithjain/Desktop/DE Project/Apache Airflow Project/venv/lib/python3.10/site-packages/airflow/example_dags/tutorial_taskflow_api_virtualenv.py
[2025-02-09T19:09:09.917-0700] {logging_mixin.py:190} INFO - [2025-02-09T19:09:09.917-0700] {dag.py:3239} INFO - Sync 1 DAGs
[2025-02-09T19:09:09.981-0700] {logging_mixin.py:190} INFO - [2025-02-09T19:09:09.981-0700] {dag.py:4180} INFO - Setting next_dagrun for tutorial_taskflow_api_virtualenv to None, run_after=None
[2025-02-09T19:09:09.989-0700] {processor.py:208} INFO - Processing /Users/pranithjain/Desktop/DE Project/Apache Airflow Project/venv/lib/python3.10/site-packages/airflow/example_dags/tutorial_taskflow_api_virtualenv.py took 0.094 seconds
[2025-02-09T19:10:22.191-0700] {processor.py:186} INFO - Started process (PID=22633) to work on /Users/pranithjain/Desktop/DE Project/Apache Airflow Project/venv/lib/python3.10/site-packages/airflow/example_dags/tutorial_taskflow_api_virtualenv.py
[2025-02-09T19:10:22.191-0700] {processor.py:914} INFO - Processing file /Users/pranithjain/Desktop/DE Project/Apache Airflow Project/venv/lib/python3.10/site-packages/airflow/example_dags/tutorial_taskflow_api_virtualenv.py for tasks to queue
[2025-02-09T19:10:22.192-0700] {logging_mixin.py:190} INFO - [2025-02-09T19:10:22.192-0700] {dagbag.py:588} INFO - Filling up the DagBag from /Users/pranithjain/Desktop/DE Project/Apache Airflow Project/venv/lib/python3.10/site-packages/airflow/example_dags/tutorial_taskflow_api_virtualenv.py
[2025-02-09T19:10:22.209-0700] {processor.py:925} INFO - DAG(s) 'tutorial_taskflow_api_virtualenv' retrieved from /Users/pranithjain/Desktop/DE Project/Apache Airflow Project/venv/lib/python3.10/site-packages/airflow/example_dags/tutorial_taskflow_api_virtualenv.py
[2025-02-09T19:10:22.311-0700] {logging_mixin.py:190} INFO - [2025-02-09T19:10:22.311-0700] {dag.py:3239} INFO - Sync 1 DAGs
[2025-02-09T19:10:22.315-0700] {logging_mixin.py:190} INFO - [2025-02-09T19:10:22.315-0700] {dag.py:4180} INFO - Setting next_dagrun for tutorial_taskflow_api_virtualenv to None, run_after=None
[2025-02-09T19:10:22.323-0700] {processor.py:208} INFO - Processing /Users/pranithjain/Desktop/DE Project/Apache Airflow Project/venv/lib/python3.10/site-packages/airflow/example_dags/tutorial_taskflow_api_virtualenv.py took 0.134 seconds
[2025-02-09T19:12:50.515-0700] {processor.py:186} INFO - Started process (PID=23040) to work on /Users/pranithjain/Desktop/DE Project/Apache Airflow Project/venv/lib/python3.10/site-packages/airflow/example_dags/tutorial_taskflow_api_virtualenv.py
[2025-02-09T19:12:50.515-0700] {processor.py:914} INFO - Processing file /Users/pranithjain/Desktop/DE Project/Apache Airflow Project/venv/lib/python3.10/site-packages/airflow/example_dags/tutorial_taskflow_api_virtualenv.py for tasks to queue
[2025-02-09T19:12:50.516-0700] {logging_mixin.py:190} INFO - [2025-02-09T19:12:50.516-0700] {dagbag.py:588} INFO - Filling up the DagBag from /Users/pranithjain/Desktop/DE Project/Apache Airflow Project/venv/lib/python3.10/site-packages/airflow/example_dags/tutorial_taskflow_api_virtualenv.py
[2025-02-09T19:12:50.533-0700] {processor.py:925} INFO - DAG(s) 'tutorial_taskflow_api_virtualenv' retrieved from /Users/pranithjain/Desktop/DE Project/Apache Airflow Project/venv/lib/python3.10/site-packages/airflow/example_dags/tutorial_taskflow_api_virtualenv.py
[2025-02-09T19:12:50.633-0700] {logging_mixin.py:190} INFO - [2025-02-09T19:12:50.633-0700] {dag.py:3239} INFO - Sync 1 DAGs
[2025-02-09T19:12:50.637-0700] {logging_mixin.py:190} INFO - [2025-02-09T19:12:50.637-0700] {dag.py:4180} INFO - Setting next_dagrun for tutorial_taskflow_api_virtualenv to None, run_after=None
[2025-02-09T19:12:50.644-0700] {processor.py:208} INFO - Processing /Users/pranithjain/Desktop/DE Project/Apache Airflow Project/venv/lib/python3.10/site-packages/airflow/example_dags/tutorial_taskflow_api_virtualenv.py took 0.131 seconds
[2025-02-09T19:14:34.779-0700] {processor.py:186} INFO - Started process (PID=23360) to work on /Users/pranithjain/Desktop/DE Project/Apache Airflow Project/venv/lib/python3.10/site-packages/airflow/example_dags/tutorial_taskflow_api_virtualenv.py
[2025-02-09T19:14:34.780-0700] {processor.py:914} INFO - Processing file /Users/pranithjain/Desktop/DE Project/Apache Airflow Project/venv/lib/python3.10/site-packages/airflow/example_dags/tutorial_taskflow_api_virtualenv.py for tasks to queue
[2025-02-09T19:14:34.780-0700] {logging_mixin.py:190} INFO - [2025-02-09T19:14:34.780-0700] {dagbag.py:588} INFO - Filling up the DagBag from /Users/pranithjain/Desktop/DE Project/Apache Airflow Project/venv/lib/python3.10/site-packages/airflow/example_dags/tutorial_taskflow_api_virtualenv.py
[2025-02-09T19:14:34.797-0700] {processor.py:925} INFO - DAG(s) 'tutorial_taskflow_api_virtualenv' retrieved from /Users/pranithjain/Desktop/DE Project/Apache Airflow Project/venv/lib/python3.10/site-packages/airflow/example_dags/tutorial_taskflow_api_virtualenv.py
[2025-02-09T19:14:34.896-0700] {logging_mixin.py:190} INFO - [2025-02-09T19:14:34.896-0700] {dag.py:3239} INFO - Sync 1 DAGs
[2025-02-09T19:14:34.900-0700] {logging_mixin.py:190} INFO - [2025-02-09T19:14:34.900-0700] {dag.py:4180} INFO - Setting next_dagrun for tutorial_taskflow_api_virtualenv to None, run_after=None
[2025-02-09T19:14:34.907-0700] {processor.py:208} INFO - Processing /Users/pranithjain/Desktop/DE Project/Apache Airflow Project/venv/lib/python3.10/site-packages/airflow/example_dags/tutorial_taskflow_api_virtualenv.py took 0.130 seconds
[2025-02-09T19:15:43.535-0700] {processor.py:186} INFO - Started process (PID=23571) to work on /Users/pranithjain/Desktop/DE Project/Apache Airflow Project/venv/lib/python3.10/site-packages/airflow/example_dags/tutorial_taskflow_api_virtualenv.py
[2025-02-09T19:15:43.535-0700] {processor.py:914} INFO - Processing file /Users/pranithjain/Desktop/DE Project/Apache Airflow Project/venv/lib/python3.10/site-packages/airflow/example_dags/tutorial_taskflow_api_virtualenv.py for tasks to queue
[2025-02-09T19:15:43.536-0700] {logging_mixin.py:190} INFO - [2025-02-09T19:15:43.536-0700] {dagbag.py:588} INFO - Filling up the DagBag from /Users/pranithjain/Desktop/DE Project/Apache Airflow Project/venv/lib/python3.10/site-packages/airflow/example_dags/tutorial_taskflow_api_virtualenv.py
[2025-02-09T19:15:43.552-0700] {processor.py:925} INFO - DAG(s) 'tutorial_taskflow_api_virtualenv' retrieved from /Users/pranithjain/Desktop/DE Project/Apache Airflow Project/venv/lib/python3.10/site-packages/airflow/example_dags/tutorial_taskflow_api_virtualenv.py
[2025-02-09T19:15:43.652-0700] {logging_mixin.py:190} INFO - [2025-02-09T19:15:43.652-0700] {dag.py:3239} INFO - Sync 1 DAGs
[2025-02-09T19:15:43.656-0700] {logging_mixin.py:190} INFO - [2025-02-09T19:15:43.656-0700] {dag.py:4180} INFO - Setting next_dagrun for tutorial_taskflow_api_virtualenv to None, run_after=None
[2025-02-09T19:15:43.664-0700] {processor.py:208} INFO - Processing /Users/pranithjain/Desktop/DE Project/Apache Airflow Project/venv/lib/python3.10/site-packages/airflow/example_dags/tutorial_taskflow_api_virtualenv.py took 0.131 seconds
[2025-02-09T19:16:53.952-0700] {processor.py:186} INFO - Started process (PID=23788) to work on /Users/pranithjain/Desktop/DE Project/Apache Airflow Project/venv/lib/python3.10/site-packages/airflow/example_dags/tutorial_taskflow_api_virtualenv.py
[2025-02-09T19:16:53.953-0700] {processor.py:914} INFO - Processing file /Users/pranithjain/Desktop/DE Project/Apache Airflow Project/venv/lib/python3.10/site-packages/airflow/example_dags/tutorial_taskflow_api_virtualenv.py for tasks to queue
[2025-02-09T19:16:53.954-0700] {logging_mixin.py:190} INFO - [2025-02-09T19:16:53.954-0700] {dagbag.py:588} INFO - Filling up the DagBag from /Users/pranithjain/Desktop/DE Project/Apache Airflow Project/venv/lib/python3.10/site-packages/airflow/example_dags/tutorial_taskflow_api_virtualenv.py
[2025-02-09T19:16:53.970-0700] {processor.py:925} INFO - DAG(s) 'tutorial_taskflow_api_virtualenv' retrieved from /Users/pranithjain/Desktop/DE Project/Apache Airflow Project/venv/lib/python3.10/site-packages/airflow/example_dags/tutorial_taskflow_api_virtualenv.py
[2025-02-09T19:16:54.070-0700] {logging_mixin.py:190} INFO - [2025-02-09T19:16:54.069-0700] {dag.py:3239} INFO - Sync 1 DAGs
[2025-02-09T19:16:54.074-0700] {logging_mixin.py:190} INFO - [2025-02-09T19:16:54.074-0700] {dag.py:4180} INFO - Setting next_dagrun for tutorial_taskflow_api_virtualenv to None, run_after=None
[2025-02-09T19:16:54.081-0700] {processor.py:208} INFO - Processing /Users/pranithjain/Desktop/DE Project/Apache Airflow Project/venv/lib/python3.10/site-packages/airflow/example_dags/tutorial_taskflow_api_virtualenv.py took 0.132 seconds
[2025-02-09T19:18:05.816-0700] {processor.py:186} INFO - Started process (PID=24004) to work on /Users/pranithjain/Desktop/DE Project/Apache Airflow Project/venv/lib/python3.10/site-packages/airflow/example_dags/tutorial_taskflow_api_virtualenv.py
[2025-02-09T19:18:05.817-0700] {processor.py:914} INFO - Processing file /Users/pranithjain/Desktop/DE Project/Apache Airflow Project/venv/lib/python3.10/site-packages/airflow/example_dags/tutorial_taskflow_api_virtualenv.py for tasks to queue
[2025-02-09T19:18:05.817-0700] {logging_mixin.py:190} INFO - [2025-02-09T19:18:05.817-0700] {dagbag.py:588} INFO - Filling up the DagBag from /Users/pranithjain/Desktop/DE Project/Apache Airflow Project/venv/lib/python3.10/site-packages/airflow/example_dags/tutorial_taskflow_api_virtualenv.py
[2025-02-09T19:18:05.834-0700] {processor.py:925} INFO - DAG(s) 'tutorial_taskflow_api_virtualenv' retrieved from /Users/pranithjain/Desktop/DE Project/Apache Airflow Project/venv/lib/python3.10/site-packages/airflow/example_dags/tutorial_taskflow_api_virtualenv.py
[2025-02-09T19:18:05.935-0700] {logging_mixin.py:190} INFO - [2025-02-09T19:18:05.934-0700] {dag.py:3239} INFO - Sync 1 DAGs
[2025-02-09T19:18:05.939-0700] {logging_mixin.py:190} INFO - [2025-02-09T19:18:05.938-0700] {dag.py:4180} INFO - Setting next_dagrun for tutorial_taskflow_api_virtualenv to None, run_after=None
[2025-02-09T19:18:05.946-0700] {processor.py:208} INFO - Processing /Users/pranithjain/Desktop/DE Project/Apache Airflow Project/venv/lib/python3.10/site-packages/airflow/example_dags/tutorial_taskflow_api_virtualenv.py took 0.132 seconds
[2025-02-09T19:19:19.594-0700] {processor.py:186} INFO - Started process (PID=24235) to work on /Users/pranithjain/Desktop/DE Project/Apache Airflow Project/venv/lib/python3.10/site-packages/airflow/example_dags/tutorial_taskflow_api_virtualenv.py
[2025-02-09T19:19:19.595-0700] {processor.py:914} INFO - Processing file /Users/pranithjain/Desktop/DE Project/Apache Airflow Project/venv/lib/python3.10/site-packages/airflow/example_dags/tutorial_taskflow_api_virtualenv.py for tasks to queue
[2025-02-09T19:19:19.595-0700] {logging_mixin.py:190} INFO - [2025-02-09T19:19:19.595-0700] {dagbag.py:588} INFO - Filling up the DagBag from /Users/pranithjain/Desktop/DE Project/Apache Airflow Project/venv/lib/python3.10/site-packages/airflow/example_dags/tutorial_taskflow_api_virtualenv.py
[2025-02-09T19:19:19.612-0700] {processor.py:925} INFO - DAG(s) 'tutorial_taskflow_api_virtualenv' retrieved from /Users/pranithjain/Desktop/DE Project/Apache Airflow Project/venv/lib/python3.10/site-packages/airflow/example_dags/tutorial_taskflow_api_virtualenv.py
[2025-02-09T19:19:19.713-0700] {logging_mixin.py:190} INFO - [2025-02-09T19:19:19.713-0700] {dag.py:3239} INFO - Sync 1 DAGs
[2025-02-09T19:19:19.717-0700] {logging_mixin.py:190} INFO - [2025-02-09T19:19:19.717-0700] {dag.py:4180} INFO - Setting next_dagrun for tutorial_taskflow_api_virtualenv to None, run_after=None
[2025-02-09T19:19:19.725-0700] {processor.py:208} INFO - Processing /Users/pranithjain/Desktop/DE Project/Apache Airflow Project/venv/lib/python3.10/site-packages/airflow/example_dags/tutorial_taskflow_api_virtualenv.py took 0.132 seconds
[2025-02-09T19:20:32.533-0700] {processor.py:186} INFO - Started process (PID=24455) to work on /Users/pranithjain/Desktop/DE Project/Apache Airflow Project/venv/lib/python3.10/site-packages/airflow/example_dags/tutorial_taskflow_api_virtualenv.py
[2025-02-09T19:20:32.533-0700] {processor.py:914} INFO - Processing file /Users/pranithjain/Desktop/DE Project/Apache Airflow Project/venv/lib/python3.10/site-packages/airflow/example_dags/tutorial_taskflow_api_virtualenv.py for tasks to queue
[2025-02-09T19:20:32.534-0700] {logging_mixin.py:190} INFO - [2025-02-09T19:20:32.534-0700] {dagbag.py:588} INFO - Filling up the DagBag from /Users/pranithjain/Desktop/DE Project/Apache Airflow Project/venv/lib/python3.10/site-packages/airflow/example_dags/tutorial_taskflow_api_virtualenv.py
[2025-02-09T19:20:32.549-0700] {processor.py:925} INFO - DAG(s) 'tutorial_taskflow_api_virtualenv' retrieved from /Users/pranithjain/Desktop/DE Project/Apache Airflow Project/venv/lib/python3.10/site-packages/airflow/example_dags/tutorial_taskflow_api_virtualenv.py
[2025-02-09T19:20:32.663-0700] {logging_mixin.py:190} INFO - [2025-02-09T19:20:32.662-0700] {dag.py:3239} INFO - Sync 1 DAGs
[2025-02-09T19:20:32.667-0700] {logging_mixin.py:190} INFO - [2025-02-09T19:20:32.667-0700] {dag.py:4180} INFO - Setting next_dagrun for tutorial_taskflow_api_virtualenv to None, run_after=None
[2025-02-09T19:20:32.676-0700] {processor.py:208} INFO - Processing /Users/pranithjain/Desktop/DE Project/Apache Airflow Project/venv/lib/python3.10/site-packages/airflow/example_dags/tutorial_taskflow_api_virtualenv.py took 0.145 seconds
[2025-02-09T19:21:46.236-0700] {processor.py:186} INFO - Started process (PID=24750) to work on /Users/pranithjain/Desktop/DE Project/Apache Airflow Project/venv/lib/python3.10/site-packages/airflow/example_dags/tutorial_taskflow_api_virtualenv.py
[2025-02-09T19:21:46.236-0700] {processor.py:914} INFO - Processing file /Users/pranithjain/Desktop/DE Project/Apache Airflow Project/venv/lib/python3.10/site-packages/airflow/example_dags/tutorial_taskflow_api_virtualenv.py for tasks to queue
[2025-02-09T19:21:46.237-0700] {logging_mixin.py:190} INFO - [2025-02-09T19:21:46.237-0700] {dagbag.py:588} INFO - Filling up the DagBag from /Users/pranithjain/Desktop/DE Project/Apache Airflow Project/venv/lib/python3.10/site-packages/airflow/example_dags/tutorial_taskflow_api_virtualenv.py
[2025-02-09T19:21:46.254-0700] {processor.py:925} INFO - DAG(s) 'tutorial_taskflow_api_virtualenv' retrieved from /Users/pranithjain/Desktop/DE Project/Apache Airflow Project/venv/lib/python3.10/site-packages/airflow/example_dags/tutorial_taskflow_api_virtualenv.py
[2025-02-09T19:21:46.354-0700] {logging_mixin.py:190} INFO - [2025-02-09T19:21:46.354-0700] {dag.py:3239} INFO - Sync 1 DAGs
[2025-02-09T19:21:46.359-0700] {logging_mixin.py:190} INFO - [2025-02-09T19:21:46.358-0700] {dag.py:4180} INFO - Setting next_dagrun for tutorial_taskflow_api_virtualenv to None, run_after=None
[2025-02-09T19:21:46.366-0700] {processor.py:208} INFO - Processing /Users/pranithjain/Desktop/DE Project/Apache Airflow Project/venv/lib/python3.10/site-packages/airflow/example_dags/tutorial_taskflow_api_virtualenv.py took 0.132 seconds
[2025-02-09T19:23:00.219-0700] {processor.py:186} INFO - Started process (PID=24993) to work on /Users/pranithjain/Desktop/DE Project/Apache Airflow Project/venv/lib/python3.10/site-packages/airflow/example_dags/tutorial_taskflow_api_virtualenv.py
[2025-02-09T19:23:00.219-0700] {processor.py:914} INFO - Processing file /Users/pranithjain/Desktop/DE Project/Apache Airflow Project/venv/lib/python3.10/site-packages/airflow/example_dags/tutorial_taskflow_api_virtualenv.py for tasks to queue
[2025-02-09T19:23:00.220-0700] {logging_mixin.py:190} INFO - [2025-02-09T19:23:00.220-0700] {dagbag.py:588} INFO - Filling up the DagBag from /Users/pranithjain/Desktop/DE Project/Apache Airflow Project/venv/lib/python3.10/site-packages/airflow/example_dags/tutorial_taskflow_api_virtualenv.py
[2025-02-09T19:23:00.236-0700] {processor.py:925} INFO - DAG(s) 'tutorial_taskflow_api_virtualenv' retrieved from /Users/pranithjain/Desktop/DE Project/Apache Airflow Project/venv/lib/python3.10/site-packages/airflow/example_dags/tutorial_taskflow_api_virtualenv.py
[2025-02-09T19:23:00.337-0700] {logging_mixin.py:190} INFO - [2025-02-09T19:23:00.337-0700] {dag.py:3239} INFO - Sync 1 DAGs
[2025-02-09T19:23:00.341-0700] {logging_mixin.py:190} INFO - [2025-02-09T19:23:00.341-0700] {dag.py:4180} INFO - Setting next_dagrun for tutorial_taskflow_api_virtualenv to None, run_after=None
[2025-02-09T19:23:00.349-0700] {processor.py:208} INFO - Processing /Users/pranithjain/Desktop/DE Project/Apache Airflow Project/venv/lib/python3.10/site-packages/airflow/example_dags/tutorial_taskflow_api_virtualenv.py took 0.132 seconds
[2025-02-09T19:24:07.923-0700] {processor.py:186} INFO - Started process (PID=25210) to work on /Users/pranithjain/Desktop/DE Project/Apache Airflow Project/venv/lib/python3.10/site-packages/airflow/example_dags/tutorial_taskflow_api_virtualenv.py
[2025-02-09T19:24:07.923-0700] {processor.py:914} INFO - Processing file /Users/pranithjain/Desktop/DE Project/Apache Airflow Project/venv/lib/python3.10/site-packages/airflow/example_dags/tutorial_taskflow_api_virtualenv.py for tasks to queue
[2025-02-09T19:24:07.924-0700] {logging_mixin.py:190} INFO - [2025-02-09T19:24:07.924-0700] {dagbag.py:588} INFO - Filling up the DagBag from /Users/pranithjain/Desktop/DE Project/Apache Airflow Project/venv/lib/python3.10/site-packages/airflow/example_dags/tutorial_taskflow_api_virtualenv.py
[2025-02-09T19:24:07.940-0700] {processor.py:925} INFO - DAG(s) 'tutorial_taskflow_api_virtualenv' retrieved from /Users/pranithjain/Desktop/DE Project/Apache Airflow Project/venv/lib/python3.10/site-packages/airflow/example_dags/tutorial_taskflow_api_virtualenv.py
[2025-02-09T19:24:08.040-0700] {logging_mixin.py:190} INFO - [2025-02-09T19:24:08.040-0700] {dag.py:3239} INFO - Sync 1 DAGs
[2025-02-09T19:24:08.044-0700] {logging_mixin.py:190} INFO - [2025-02-09T19:24:08.044-0700] {dag.py:4180} INFO - Setting next_dagrun for tutorial_taskflow_api_virtualenv to None, run_after=None
[2025-02-09T19:24:08.052-0700] {processor.py:208} INFO - Processing /Users/pranithjain/Desktop/DE Project/Apache Airflow Project/venv/lib/python3.10/site-packages/airflow/example_dags/tutorial_taskflow_api_virtualenv.py took 0.131 seconds
[2025-02-09T19:25:14.898-0700] {processor.py:186} INFO - Started process (PID=25415) to work on /Users/pranithjain/Desktop/DE Project/Apache Airflow Project/venv/lib/python3.10/site-packages/airflow/example_dags/tutorial_taskflow_api_virtualenv.py
[2025-02-09T19:25:14.898-0700] {processor.py:914} INFO - Processing file /Users/pranithjain/Desktop/DE Project/Apache Airflow Project/venv/lib/python3.10/site-packages/airflow/example_dags/tutorial_taskflow_api_virtualenv.py for tasks to queue
[2025-02-09T19:25:14.899-0700] {logging_mixin.py:190} INFO - [2025-02-09T19:25:14.899-0700] {dagbag.py:588} INFO - Filling up the DagBag from /Users/pranithjain/Desktop/DE Project/Apache Airflow Project/venv/lib/python3.10/site-packages/airflow/example_dags/tutorial_taskflow_api_virtualenv.py
[2025-02-09T19:25:14.916-0700] {processor.py:925} INFO - DAG(s) 'tutorial_taskflow_api_virtualenv' retrieved from /Users/pranithjain/Desktop/DE Project/Apache Airflow Project/venv/lib/python3.10/site-packages/airflow/example_dags/tutorial_taskflow_api_virtualenv.py
[2025-02-09T19:25:15.015-0700] {logging_mixin.py:190} INFO - [2025-02-09T19:25:15.015-0700] {dag.py:3239} INFO - Sync 1 DAGs
[2025-02-09T19:25:15.019-0700] {logging_mixin.py:190} INFO - [2025-02-09T19:25:15.019-0700] {dag.py:4180} INFO - Setting next_dagrun for tutorial_taskflow_api_virtualenv to None, run_after=None
[2025-02-09T19:25:15.027-0700] {processor.py:208} INFO - Processing /Users/pranithjain/Desktop/DE Project/Apache Airflow Project/venv/lib/python3.10/site-packages/airflow/example_dags/tutorial_taskflow_api_virtualenv.py took 0.131 seconds
[2025-02-09T19:26:25.063-0700] {processor.py:186} INFO - Started process (PID=25691) to work on /Users/pranithjain/Desktop/DE Project/Apache Airflow Project/venv/lib/python3.10/site-packages/airflow/example_dags/tutorial_taskflow_api_virtualenv.py
[2025-02-09T19:26:25.065-0700] {processor.py:914} INFO - Processing file /Users/pranithjain/Desktop/DE Project/Apache Airflow Project/venv/lib/python3.10/site-packages/airflow/example_dags/tutorial_taskflow_api_virtualenv.py for tasks to queue
[2025-02-09T19:26:25.065-0700] {logging_mixin.py:190} INFO - [2025-02-09T19:26:25.065-0700] {dagbag.py:588} INFO - Filling up the DagBag from /Users/pranithjain/Desktop/DE Project/Apache Airflow Project/venv/lib/python3.10/site-packages/airflow/example_dags/tutorial_taskflow_api_virtualenv.py
[2025-02-09T19:26:25.083-0700] {processor.py:925} INFO - DAG(s) 'tutorial_taskflow_api_virtualenv' retrieved from /Users/pranithjain/Desktop/DE Project/Apache Airflow Project/venv/lib/python3.10/site-packages/airflow/example_dags/tutorial_taskflow_api_virtualenv.py
[2025-02-09T19:26:25.201-0700] {logging_mixin.py:190} INFO - [2025-02-09T19:26:25.201-0700] {dag.py:3239} INFO - Sync 1 DAGs
[2025-02-09T19:26:25.205-0700] {logging_mixin.py:190} INFO - [2025-02-09T19:26:25.205-0700] {dag.py:4180} INFO - Setting next_dagrun for tutorial_taskflow_api_virtualenv to None, run_after=None
[2025-02-09T19:26:25.213-0700] {processor.py:208} INFO - Processing /Users/pranithjain/Desktop/DE Project/Apache Airflow Project/venv/lib/python3.10/site-packages/airflow/example_dags/tutorial_taskflow_api_virtualenv.py took 0.152 seconds
[2025-02-09T19:27:36.625-0700] {processor.py:186} INFO - Started process (PID=25980) to work on /Users/pranithjain/Desktop/DE Project/Apache Airflow Project/venv/lib/python3.10/site-packages/airflow/example_dags/tutorial_taskflow_api_virtualenv.py
[2025-02-09T19:27:36.626-0700] {processor.py:914} INFO - Processing file /Users/pranithjain/Desktop/DE Project/Apache Airflow Project/venv/lib/python3.10/site-packages/airflow/example_dags/tutorial_taskflow_api_virtualenv.py for tasks to queue
[2025-02-09T19:27:36.626-0700] {logging_mixin.py:190} INFO - [2025-02-09T19:27:36.626-0700] {dagbag.py:588} INFO - Filling up the DagBag from /Users/pranithjain/Desktop/DE Project/Apache Airflow Project/venv/lib/python3.10/site-packages/airflow/example_dags/tutorial_taskflow_api_virtualenv.py
[2025-02-09T19:27:36.643-0700] {processor.py:925} INFO - DAG(s) 'tutorial_taskflow_api_virtualenv' retrieved from /Users/pranithjain/Desktop/DE Project/Apache Airflow Project/venv/lib/python3.10/site-packages/airflow/example_dags/tutorial_taskflow_api_virtualenv.py
[2025-02-09T19:27:36.749-0700] {logging_mixin.py:190} INFO - [2025-02-09T19:27:36.749-0700] {dag.py:3239} INFO - Sync 1 DAGs
[2025-02-09T19:27:36.754-0700] {logging_mixin.py:190} INFO - [2025-02-09T19:27:36.754-0700] {dag.py:4180} INFO - Setting next_dagrun for tutorial_taskflow_api_virtualenv to None, run_after=None
[2025-02-09T19:27:36.762-0700] {processor.py:208} INFO - Processing /Users/pranithjain/Desktop/DE Project/Apache Airflow Project/venv/lib/python3.10/site-packages/airflow/example_dags/tutorial_taskflow_api_virtualenv.py took 0.139 seconds
[2025-02-09T19:28:15.283-0700] {processor.py:186} INFO - Started process (PID=26093) to work on /Users/pranithjain/Desktop/DE Project/Apache Airflow Project/venv/lib/python3.10/site-packages/airflow/example_dags/tutorial_taskflow_api_virtualenv.py
[2025-02-09T19:28:15.284-0700] {processor.py:914} INFO - Processing file /Users/pranithjain/Desktop/DE Project/Apache Airflow Project/venv/lib/python3.10/site-packages/airflow/example_dags/tutorial_taskflow_api_virtualenv.py for tasks to queue
[2025-02-09T19:28:15.284-0700] {logging_mixin.py:190} INFO - [2025-02-09T19:28:15.284-0700] {dagbag.py:588} INFO - Filling up the DagBag from /Users/pranithjain/Desktop/DE Project/Apache Airflow Project/venv/lib/python3.10/site-packages/airflow/example_dags/tutorial_taskflow_api_virtualenv.py
[2025-02-09T19:28:15.301-0700] {processor.py:925} INFO - DAG(s) 'tutorial_taskflow_api_virtualenv' retrieved from /Users/pranithjain/Desktop/DE Project/Apache Airflow Project/venv/lib/python3.10/site-packages/airflow/example_dags/tutorial_taskflow_api_virtualenv.py
[2025-02-09T19:28:15.402-0700] {logging_mixin.py:190} INFO - [2025-02-09T19:28:15.402-0700] {dag.py:3239} INFO - Sync 1 DAGs
[2025-02-09T19:28:15.406-0700] {logging_mixin.py:190} INFO - [2025-02-09T19:28:15.406-0700] {dag.py:4180} INFO - Setting next_dagrun for tutorial_taskflow_api_virtualenv to None, run_after=None
[2025-02-09T19:28:15.413-0700] {processor.py:208} INFO - Processing /Users/pranithjain/Desktop/DE Project/Apache Airflow Project/venv/lib/python3.10/site-packages/airflow/example_dags/tutorial_taskflow_api_virtualenv.py took 0.132 seconds
