[2025-02-09T18:47:30.526-0700] {processor.py:186} INFO - Started process (PID=18652) to work on /Users/pranithjain/Desktop/DE Project/Apache Airflow Project/venv/lib/python3.10/site-packages/airflow/example_dags/plugins/event_listener.py
[2025-02-09T18:47:30.527-0700] {processor.py:914} INFO - Processing file /Users/pranithjain/Desktop/DE Project/Apache Airflow Project/venv/lib/python3.10/site-packages/airflow/example_dags/plugins/event_listener.py for tasks to queue
[2025-02-09T18:47:30.527-0700] {logging_mixin.py:190} INFO - [2025-02-09T18:47:30.527-0700] {dagbag.py:588} INFO - Filling up the DagBag from /Users/pranithjain/Desktop/DE Project/Apache Airflow Project/venv/lib/python3.10/site-packages/airflow/example_dags/plugins/event_listener.py
[2025-02-09T18:47:30.528-0700] {processor.py:927} WARNING - No viable dags retrieved from /Users/pranithjain/Desktop/DE Project/Apache Airflow Project/venv/lib/python3.10/site-packages/airflow/example_dags/plugins/event_listener.py
[2025-02-09T18:47:30.591-0700] {processor.py:208} INFO - Processing /Users/pranithjain/Desktop/DE Project/Apache Airflow Project/venv/lib/python3.10/site-packages/airflow/example_dags/plugins/event_listener.py took 0.066 seconds
[2025-02-09T18:49:16.134-0700] {processor.py:186} INFO - Started process (PID=19047) to work on /Users/pranithjain/Desktop/DE Project/Apache Airflow Project/venv/lib/python3.10/site-packages/airflow/example_dags/plugins/event_listener.py
[2025-02-09T18:49:16.134-0700] {processor.py:914} INFO - Processing file /Users/pranithjain/Desktop/DE Project/Apache Airflow Project/venv/lib/python3.10/site-packages/airflow/example_dags/plugins/event_listener.py for tasks to queue
[2025-02-09T18:49:16.135-0700] {logging_mixin.py:190} INFO - [2025-02-09T18:49:16.135-0700] {dagbag.py:588} INFO - Filling up the DagBag from /Users/pranithjain/Desktop/DE Project/Apache Airflow Project/venv/lib/python3.10/site-packages/airflow/example_dags/plugins/event_listener.py
[2025-02-09T18:49:16.135-0700] {processor.py:927} WARNING - No viable dags retrieved from /Users/pranithjain/Desktop/DE Project/Apache Airflow Project/venv/lib/python3.10/site-packages/airflow/example_dags/plugins/event_listener.py
[2025-02-09T18:49:16.200-0700] {processor.py:208} INFO - Processing /Users/pranithjain/Desktop/DE Project/Apache Airflow Project/venv/lib/python3.10/site-packages/airflow/example_dags/plugins/event_listener.py took 0.068 seconds
[2025-02-09T18:50:28.574-0700] {processor.py:186} INFO - Started process (PID=19277) to work on /Users/pranithjain/Desktop/DE Project/Apache Airflow Project/venv/lib/python3.10/site-packages/airflow/example_dags/plugins/event_listener.py
[2025-02-09T18:50:28.576-0700] {processor.py:914} INFO - Processing file /Users/pranithjain/Desktop/DE Project/Apache Airflow Project/venv/lib/python3.10/site-packages/airflow/example_dags/plugins/event_listener.py for tasks to queue
[2025-02-09T18:50:28.576-0700] {logging_mixin.py:190} INFO - [2025-02-09T18:50:28.576-0700] {dagbag.py:588} INFO - Filling up the DagBag from /Users/pranithjain/Desktop/DE Project/Apache Airflow Project/venv/lib/python3.10/site-packages/airflow/example_dags/plugins/event_listener.py
[2025-02-09T18:50:28.577-0700] {processor.py:927} WARNING - No viable dags retrieved from /Users/pranithjain/Desktop/DE Project/Apache Airflow Project/venv/lib/python3.10/site-packages/airflow/example_dags/plugins/event_listener.py
[2025-02-09T18:50:28.641-0700] {processor.py:208} INFO - Processing /Users/pranithjain/Desktop/DE Project/Apache Airflow Project/venv/lib/python3.10/site-packages/airflow/example_dags/plugins/event_listener.py took 0.068 seconds
[2025-02-09T18:51:39.551-0700] {processor.py:186} INFO - Started process (PID=19498) to work on /Users/pranithjain/Desktop/DE Project/Apache Airflow Project/venv/lib/python3.10/site-packages/airflow/example_dags/plugins/event_listener.py
[2025-02-09T18:51:39.552-0700] {processor.py:914} INFO - Processing file /Users/pranithjain/Desktop/DE Project/Apache Airflow Project/venv/lib/python3.10/site-packages/airflow/example_dags/plugins/event_listener.py for tasks to queue
[2025-02-09T18:51:39.552-0700] {logging_mixin.py:190} INFO - [2025-02-09T18:51:39.552-0700] {dagbag.py:588} INFO - Filling up the DagBag from /Users/pranithjain/Desktop/DE Project/Apache Airflow Project/venv/lib/python3.10/site-packages/airflow/example_dags/plugins/event_listener.py
[2025-02-09T18:51:39.553-0700] {processor.py:927} WARNING - No viable dags retrieved from /Users/pranithjain/Desktop/DE Project/Apache Airflow Project/venv/lib/python3.10/site-packages/airflow/example_dags/plugins/event_listener.py
[2025-02-09T18:51:39.615-0700] {processor.py:208} INFO - Processing /Users/pranithjain/Desktop/DE Project/Apache Airflow Project/venv/lib/python3.10/site-packages/airflow/example_dags/plugins/event_listener.py took 0.066 seconds
[2025-02-09T18:52:39.307-0700] {processor.py:186} INFO - Started process (PID=19691) to work on /Users/pranithjain/Desktop/DE Project/Apache Airflow Project/venv/lib/python3.10/site-packages/airflow/example_dags/plugins/event_listener.py
[2025-02-09T18:52:39.307-0700] {processor.py:914} INFO - Processing file /Users/pranithjain/Desktop/DE Project/Apache Airflow Project/venv/lib/python3.10/site-packages/airflow/example_dags/plugins/event_listener.py for tasks to queue
[2025-02-09T18:52:39.308-0700] {logging_mixin.py:190} INFO - [2025-02-09T18:52:39.308-0700] {dagbag.py:588} INFO - Filling up the DagBag from /Users/pranithjain/Desktop/DE Project/Apache Airflow Project/venv/lib/python3.10/site-packages/airflow/example_dags/plugins/event_listener.py
[2025-02-09T18:52:39.308-0700] {processor.py:927} WARNING - No viable dags retrieved from /Users/pranithjain/Desktop/DE Project/Apache Airflow Project/venv/lib/python3.10/site-packages/airflow/example_dags/plugins/event_listener.py
[2025-02-09T18:52:39.372-0700] {processor.py:208} INFO - Processing /Users/pranithjain/Desktop/DE Project/Apache Airflow Project/venv/lib/python3.10/site-packages/airflow/example_dags/plugins/event_listener.py took 0.066 seconds
[2025-02-09T18:54:23.370-0700] {processor.py:186} INFO - Started process (PID=20010) to work on /Users/pranithjain/Desktop/DE Project/Apache Airflow Project/venv/lib/python3.10/site-packages/airflow/example_dags/plugins/event_listener.py
[2025-02-09T18:54:23.371-0700] {processor.py:914} INFO - Processing file /Users/pranithjain/Desktop/DE Project/Apache Airflow Project/venv/lib/python3.10/site-packages/airflow/example_dags/plugins/event_listener.py for tasks to queue
[2025-02-09T18:54:23.371-0700] {logging_mixin.py:190} INFO - [2025-02-09T18:54:23.371-0700] {dagbag.py:588} INFO - Filling up the DagBag from /Users/pranithjain/Desktop/DE Project/Apache Airflow Project/venv/lib/python3.10/site-packages/airflow/example_dags/plugins/event_listener.py
[2025-02-09T18:54:23.372-0700] {processor.py:927} WARNING - No viable dags retrieved from /Users/pranithjain/Desktop/DE Project/Apache Airflow Project/venv/lib/python3.10/site-packages/airflow/example_dags/plugins/event_listener.py
[2025-02-09T18:54:23.436-0700] {processor.py:208} INFO - Processing /Users/pranithjain/Desktop/DE Project/Apache Airflow Project/venv/lib/python3.10/site-packages/airflow/example_dags/plugins/event_listener.py took 0.068 seconds
[2025-02-09T18:55:34.172-0700] {processor.py:186} INFO - Started process (PID=20226) to work on /Users/pranithjain/Desktop/DE Project/Apache Airflow Project/venv/lib/python3.10/site-packages/airflow/example_dags/plugins/event_listener.py
[2025-02-09T18:55:34.172-0700] {processor.py:914} INFO - Processing file /Users/pranithjain/Desktop/DE Project/Apache Airflow Project/venv/lib/python3.10/site-packages/airflow/example_dags/plugins/event_listener.py for tasks to queue
[2025-02-09T18:55:34.173-0700] {logging_mixin.py:190} INFO - [2025-02-09T18:55:34.173-0700] {dagbag.py:588} INFO - Filling up the DagBag from /Users/pranithjain/Desktop/DE Project/Apache Airflow Project/venv/lib/python3.10/site-packages/airflow/example_dags/plugins/event_listener.py
[2025-02-09T18:55:34.173-0700] {processor.py:927} WARNING - No viable dags retrieved from /Users/pranithjain/Desktop/DE Project/Apache Airflow Project/venv/lib/python3.10/site-packages/airflow/example_dags/plugins/event_listener.py
[2025-02-09T18:55:34.237-0700] {processor.py:208} INFO - Processing /Users/pranithjain/Desktop/DE Project/Apache Airflow Project/venv/lib/python3.10/site-packages/airflow/example_dags/plugins/event_listener.py took 0.067 seconds
[2025-02-09T18:56:47.274-0700] {processor.py:186} INFO - Started process (PID=20464) to work on /Users/pranithjain/Desktop/DE Project/Apache Airflow Project/venv/lib/python3.10/site-packages/airflow/example_dags/plugins/event_listener.py
[2025-02-09T18:56:47.275-0700] {processor.py:914} INFO - Processing file /Users/pranithjain/Desktop/DE Project/Apache Airflow Project/venv/lib/python3.10/site-packages/airflow/example_dags/plugins/event_listener.py for tasks to queue
[2025-02-09T18:56:47.275-0700] {logging_mixin.py:190} INFO - [2025-02-09T18:56:47.275-0700] {dagbag.py:588} INFO - Filling up the DagBag from /Users/pranithjain/Desktop/DE Project/Apache Airflow Project/venv/lib/python3.10/site-packages/airflow/example_dags/plugins/event_listener.py
[2025-02-09T18:56:47.276-0700] {processor.py:927} WARNING - No viable dags retrieved from /Users/pranithjain/Desktop/DE Project/Apache Airflow Project/venv/lib/python3.10/site-packages/airflow/example_dags/plugins/event_listener.py
[2025-02-09T18:56:47.344-0700] {processor.py:208} INFO - Processing /Users/pranithjain/Desktop/DE Project/Apache Airflow Project/venv/lib/python3.10/site-packages/airflow/example_dags/plugins/event_listener.py took 0.071 seconds
[2025-02-09T18:58:00.083-0700] {processor.py:186} INFO - Started process (PID=20680) to work on /Users/pranithjain/Desktop/DE Project/Apache Airflow Project/venv/lib/python3.10/site-packages/airflow/example_dags/plugins/event_listener.py
[2025-02-09T18:58:00.083-0700] {processor.py:914} INFO - Processing file /Users/pranithjain/Desktop/DE Project/Apache Airflow Project/venv/lib/python3.10/site-packages/airflow/example_dags/plugins/event_listener.py for tasks to queue
[2025-02-09T18:58:00.083-0700] {logging_mixin.py:190} INFO - [2025-02-09T18:58:00.083-0700] {dagbag.py:588} INFO - Filling up the DagBag from /Users/pranithjain/Desktop/DE Project/Apache Airflow Project/venv/lib/python3.10/site-packages/airflow/example_dags/plugins/event_listener.py
[2025-02-09T18:58:00.084-0700] {processor.py:927} WARNING - No viable dags retrieved from /Users/pranithjain/Desktop/DE Project/Apache Airflow Project/venv/lib/python3.10/site-packages/airflow/example_dags/plugins/event_listener.py
[2025-02-09T18:58:00.147-0700] {processor.py:208} INFO - Processing /Users/pranithjain/Desktop/DE Project/Apache Airflow Project/venv/lib/python3.10/site-packages/airflow/example_dags/plugins/event_listener.py took 0.067 seconds
[2025-02-09T19:06:16.426-0700] {processor.py:186} INFO - Started process (PID=21869) to work on /Users/pranithjain/Desktop/DE Project/Apache Airflow Project/venv/lib/python3.10/site-packages/airflow/example_dags/plugins/event_listener.py
[2025-02-09T19:06:16.426-0700] {processor.py:914} INFO - Processing file /Users/pranithjain/Desktop/DE Project/Apache Airflow Project/venv/lib/python3.10/site-packages/airflow/example_dags/plugins/event_listener.py for tasks to queue
[2025-02-09T19:06:16.427-0700] {logging_mixin.py:190} INFO - [2025-02-09T19:06:16.427-0700] {dagbag.py:588} INFO - Filling up the DagBag from /Users/pranithjain/Desktop/DE Project/Apache Airflow Project/venv/lib/python3.10/site-packages/airflow/example_dags/plugins/event_listener.py
[2025-02-09T19:06:16.427-0700] {processor.py:927} WARNING - No viable dags retrieved from /Users/pranithjain/Desktop/DE Project/Apache Airflow Project/venv/lib/python3.10/site-packages/airflow/example_dags/plugins/event_listener.py
[2025-02-09T19:06:16.493-0700] {processor.py:208} INFO - Processing /Users/pranithjain/Desktop/DE Project/Apache Airflow Project/venv/lib/python3.10/site-packages/airflow/example_dags/plugins/event_listener.py took 0.069 seconds
[2025-02-09T19:07:54.473-0700] {processor.py:186} INFO - Started process (PID=22177) to work on /Users/pranithjain/Desktop/DE Project/Apache Airflow Project/venv/lib/python3.10/site-packages/airflow/example_dags/plugins/event_listener.py
[2025-02-09T19:07:54.474-0700] {processor.py:914} INFO - Processing file /Users/pranithjain/Desktop/DE Project/Apache Airflow Project/venv/lib/python3.10/site-packages/airflow/example_dags/plugins/event_listener.py for tasks to queue
[2025-02-09T19:07:54.474-0700] {logging_mixin.py:190} INFO - [2025-02-09T19:07:54.474-0700] {dagbag.py:588} INFO - Filling up the DagBag from /Users/pranithjain/Desktop/DE Project/Apache Airflow Project/venv/lib/python3.10/site-packages/airflow/example_dags/plugins/event_listener.py
[2025-02-09T19:07:54.475-0700] {processor.py:927} WARNING - No viable dags retrieved from /Users/pranithjain/Desktop/DE Project/Apache Airflow Project/venv/lib/python3.10/site-packages/airflow/example_dags/plugins/event_listener.py
[2025-02-09T19:07:54.538-0700] {processor.py:208} INFO - Processing /Users/pranithjain/Desktop/DE Project/Apache Airflow Project/venv/lib/python3.10/site-packages/airflow/example_dags/plugins/event_listener.py took 0.066 seconds
[2025-02-09T19:09:05.340-0700] {processor.py:186} INFO - Started process (PID=22400) to work on /Users/pranithjain/Desktop/DE Project/Apache Airflow Project/venv/lib/python3.10/site-packages/airflow/example_dags/plugins/event_listener.py
[2025-02-09T19:09:05.340-0700] {processor.py:914} INFO - Processing file /Users/pranithjain/Desktop/DE Project/Apache Airflow Project/venv/lib/python3.10/site-packages/airflow/example_dags/plugins/event_listener.py for tasks to queue
[2025-02-09T19:09:05.341-0700] {logging_mixin.py:190} INFO - [2025-02-09T19:09:05.341-0700] {dagbag.py:588} INFO - Filling up the DagBag from /Users/pranithjain/Desktop/DE Project/Apache Airflow Project/venv/lib/python3.10/site-packages/airflow/example_dags/plugins/event_listener.py
[2025-02-09T19:09:05.341-0700] {processor.py:927} WARNING - No viable dags retrieved from /Users/pranithjain/Desktop/DE Project/Apache Airflow Project/venv/lib/python3.10/site-packages/airflow/example_dags/plugins/event_listener.py
[2025-02-09T19:09:05.410-0700] {processor.py:208} INFO - Processing /Users/pranithjain/Desktop/DE Project/Apache Airflow Project/venv/lib/python3.10/site-packages/airflow/example_dags/plugins/event_listener.py took 0.073 seconds
[2025-02-09T19:10:17.384-0700] {processor.py:186} INFO - Started process (PID=22619) to work on /Users/pranithjain/Desktop/DE Project/Apache Airflow Project/venv/lib/python3.10/site-packages/airflow/example_dags/plugins/event_listener.py
[2025-02-09T19:10:17.384-0700] {processor.py:914} INFO - Processing file /Users/pranithjain/Desktop/DE Project/Apache Airflow Project/venv/lib/python3.10/site-packages/airflow/example_dags/plugins/event_listener.py for tasks to queue
[2025-02-09T19:10:17.385-0700] {logging_mixin.py:190} INFO - [2025-02-09T19:10:17.385-0700] {dagbag.py:588} INFO - Filling up the DagBag from /Users/pranithjain/Desktop/DE Project/Apache Airflow Project/venv/lib/python3.10/site-packages/airflow/example_dags/plugins/event_listener.py
[2025-02-09T19:10:17.385-0700] {processor.py:927} WARNING - No viable dags retrieved from /Users/pranithjain/Desktop/DE Project/Apache Airflow Project/venv/lib/python3.10/site-packages/airflow/example_dags/plugins/event_listener.py
[2025-02-09T19:10:17.455-0700] {processor.py:208} INFO - Processing /Users/pranithjain/Desktop/DE Project/Apache Airflow Project/venv/lib/python3.10/site-packages/airflow/example_dags/plugins/event_listener.py took 0.073 seconds
[2025-02-09T19:12:44.983-0700] {processor.py:186} INFO - Started process (PID=23023) to work on /Users/pranithjain/Desktop/DE Project/Apache Airflow Project/venv/lib/python3.10/site-packages/airflow/example_dags/plugins/event_listener.py
[2025-02-09T19:12:44.983-0700] {processor.py:914} INFO - Processing file /Users/pranithjain/Desktop/DE Project/Apache Airflow Project/venv/lib/python3.10/site-packages/airflow/example_dags/plugins/event_listener.py for tasks to queue
[2025-02-09T19:12:44.984-0700] {logging_mixin.py:190} INFO - [2025-02-09T19:12:44.984-0700] {dagbag.py:588} INFO - Filling up the DagBag from /Users/pranithjain/Desktop/DE Project/Apache Airflow Project/venv/lib/python3.10/site-packages/airflow/example_dags/plugins/event_listener.py
[2025-02-09T19:12:44.984-0700] {processor.py:927} WARNING - No viable dags retrieved from /Users/pranithjain/Desktop/DE Project/Apache Airflow Project/venv/lib/python3.10/site-packages/airflow/example_dags/plugins/event_listener.py
[2025-02-09T19:12:45.051-0700] {processor.py:208} INFO - Processing /Users/pranithjain/Desktop/DE Project/Apache Airflow Project/venv/lib/python3.10/site-packages/airflow/example_dags/plugins/event_listener.py took 0.070 seconds
[2025-02-09T19:14:29.467-0700] {processor.py:186} INFO - Started process (PID=23345) to work on /Users/pranithjain/Desktop/DE Project/Apache Airflow Project/venv/lib/python3.10/site-packages/airflow/example_dags/plugins/event_listener.py
[2025-02-09T19:14:29.468-0700] {processor.py:914} INFO - Processing file /Users/pranithjain/Desktop/DE Project/Apache Airflow Project/venv/lib/python3.10/site-packages/airflow/example_dags/plugins/event_listener.py for tasks to queue
[2025-02-09T19:14:29.468-0700] {logging_mixin.py:190} INFO - [2025-02-09T19:14:29.468-0700] {dagbag.py:588} INFO - Filling up the DagBag from /Users/pranithjain/Desktop/DE Project/Apache Airflow Project/venv/lib/python3.10/site-packages/airflow/example_dags/plugins/event_listener.py
[2025-02-09T19:14:29.469-0700] {processor.py:927} WARNING - No viable dags retrieved from /Users/pranithjain/Desktop/DE Project/Apache Airflow Project/venv/lib/python3.10/site-packages/airflow/example_dags/plugins/event_listener.py
[2025-02-09T19:14:29.532-0700] {processor.py:208} INFO - Processing /Users/pranithjain/Desktop/DE Project/Apache Airflow Project/venv/lib/python3.10/site-packages/airflow/example_dags/plugins/event_listener.py took 0.066 seconds
[2025-02-09T19:15:38.127-0700] {processor.py:186} INFO - Started process (PID=23554) to work on /Users/pranithjain/Desktop/DE Project/Apache Airflow Project/venv/lib/python3.10/site-packages/airflow/example_dags/plugins/event_listener.py
[2025-02-09T19:15:38.127-0700] {processor.py:914} INFO - Processing file /Users/pranithjain/Desktop/DE Project/Apache Airflow Project/venv/lib/python3.10/site-packages/airflow/example_dags/plugins/event_listener.py for tasks to queue
[2025-02-09T19:15:38.128-0700] {logging_mixin.py:190} INFO - [2025-02-09T19:15:38.127-0700] {dagbag.py:588} INFO - Filling up the DagBag from /Users/pranithjain/Desktop/DE Project/Apache Airflow Project/venv/lib/python3.10/site-packages/airflow/example_dags/plugins/event_listener.py
[2025-02-09T19:15:38.128-0700] {processor.py:927} WARNING - No viable dags retrieved from /Users/pranithjain/Desktop/DE Project/Apache Airflow Project/venv/lib/python3.10/site-packages/airflow/example_dags/plugins/event_listener.py
[2025-02-09T19:15:38.191-0700] {processor.py:208} INFO - Processing /Users/pranithjain/Desktop/DE Project/Apache Airflow Project/venv/lib/python3.10/site-packages/airflow/example_dags/plugins/event_listener.py took 0.067 seconds
[2025-02-09T19:16:48.441-0700] {processor.py:186} INFO - Started process (PID=23771) to work on /Users/pranithjain/Desktop/DE Project/Apache Airflow Project/venv/lib/python3.10/site-packages/airflow/example_dags/plugins/event_listener.py
[2025-02-09T19:16:48.442-0700] {processor.py:914} INFO - Processing file /Users/pranithjain/Desktop/DE Project/Apache Airflow Project/venv/lib/python3.10/site-packages/airflow/example_dags/plugins/event_listener.py for tasks to queue
[2025-02-09T19:16:48.443-0700] {logging_mixin.py:190} INFO - [2025-02-09T19:16:48.442-0700] {dagbag.py:588} INFO - Filling up the DagBag from /Users/pranithjain/Desktop/DE Project/Apache Airflow Project/venv/lib/python3.10/site-packages/airflow/example_dags/plugins/event_listener.py
[2025-02-09T19:16:48.443-0700] {processor.py:927} WARNING - No viable dags retrieved from /Users/pranithjain/Desktop/DE Project/Apache Airflow Project/venv/lib/python3.10/site-packages/airflow/example_dags/plugins/event_listener.py
[2025-02-09T19:16:48.506-0700] {processor.py:208} INFO - Processing /Users/pranithjain/Desktop/DE Project/Apache Airflow Project/venv/lib/python3.10/site-packages/airflow/example_dags/plugins/event_listener.py took 0.067 seconds
[2025-02-09T19:18:00.825-0700] {processor.py:186} INFO - Started process (PID=23987) to work on /Users/pranithjain/Desktop/DE Project/Apache Airflow Project/venv/lib/python3.10/site-packages/airflow/example_dags/plugins/event_listener.py
[2025-02-09T19:18:00.826-0700] {processor.py:914} INFO - Processing file /Users/pranithjain/Desktop/DE Project/Apache Airflow Project/venv/lib/python3.10/site-packages/airflow/example_dags/plugins/event_listener.py for tasks to queue
[2025-02-09T19:18:00.826-0700] {logging_mixin.py:190} INFO - [2025-02-09T19:18:00.826-0700] {dagbag.py:588} INFO - Filling up the DagBag from /Users/pranithjain/Desktop/DE Project/Apache Airflow Project/venv/lib/python3.10/site-packages/airflow/example_dags/plugins/event_listener.py
[2025-02-09T19:18:00.827-0700] {processor.py:927} WARNING - No viable dags retrieved from /Users/pranithjain/Desktop/DE Project/Apache Airflow Project/venv/lib/python3.10/site-packages/airflow/example_dags/plugins/event_listener.py
[2025-02-09T19:18:00.890-0700] {processor.py:208} INFO - Processing /Users/pranithjain/Desktop/DE Project/Apache Airflow Project/venv/lib/python3.10/site-packages/airflow/example_dags/plugins/event_listener.py took 0.066 seconds
[2025-02-09T19:19:14.167-0700] {processor.py:186} INFO - Started process (PID=24218) to work on /Users/pranithjain/Desktop/DE Project/Apache Airflow Project/venv/lib/python3.10/site-packages/airflow/example_dags/plugins/event_listener.py
[2025-02-09T19:19:14.168-0700] {processor.py:914} INFO - Processing file /Users/pranithjain/Desktop/DE Project/Apache Airflow Project/venv/lib/python3.10/site-packages/airflow/example_dags/plugins/event_listener.py for tasks to queue
[2025-02-09T19:19:14.168-0700] {logging_mixin.py:190} INFO - [2025-02-09T19:19:14.168-0700] {dagbag.py:588} INFO - Filling up the DagBag from /Users/pranithjain/Desktop/DE Project/Apache Airflow Project/venv/lib/python3.10/site-packages/airflow/example_dags/plugins/event_listener.py
[2025-02-09T19:19:14.169-0700] {processor.py:927} WARNING - No viable dags retrieved from /Users/pranithjain/Desktop/DE Project/Apache Airflow Project/venv/lib/python3.10/site-packages/airflow/example_dags/plugins/event_listener.py
[2025-02-09T19:19:14.232-0700] {processor.py:208} INFO - Processing /Users/pranithjain/Desktop/DE Project/Apache Airflow Project/venv/lib/python3.10/site-packages/airflow/example_dags/plugins/event_listener.py took 0.066 seconds
[2025-02-09T19:20:26.976-0700] {processor.py:186} INFO - Started process (PID=24438) to work on /Users/pranithjain/Desktop/DE Project/Apache Airflow Project/venv/lib/python3.10/site-packages/airflow/example_dags/plugins/event_listener.py
[2025-02-09T19:20:26.977-0700] {processor.py:914} INFO - Processing file /Users/pranithjain/Desktop/DE Project/Apache Airflow Project/venv/lib/python3.10/site-packages/airflow/example_dags/plugins/event_listener.py for tasks to queue
[2025-02-09T19:20:26.977-0700] {logging_mixin.py:190} INFO - [2025-02-09T19:20:26.977-0700] {dagbag.py:588} INFO - Filling up the DagBag from /Users/pranithjain/Desktop/DE Project/Apache Airflow Project/venv/lib/python3.10/site-packages/airflow/example_dags/plugins/event_listener.py
[2025-02-09T19:20:26.978-0700] {processor.py:927} WARNING - No viable dags retrieved from /Users/pranithjain/Desktop/DE Project/Apache Airflow Project/venv/lib/python3.10/site-packages/airflow/example_dags/plugins/event_listener.py
[2025-02-09T19:20:27.045-0700] {processor.py:208} INFO - Processing /Users/pranithjain/Desktop/DE Project/Apache Airflow Project/venv/lib/python3.10/site-packages/airflow/example_dags/plugins/event_listener.py took 0.071 seconds
[2025-02-09T19:21:41.088-0700] {processor.py:186} INFO - Started process (PID=24735) to work on /Users/pranithjain/Desktop/DE Project/Apache Airflow Project/venv/lib/python3.10/site-packages/airflow/example_dags/plugins/event_listener.py
[2025-02-09T19:21:41.089-0700] {processor.py:914} INFO - Processing file /Users/pranithjain/Desktop/DE Project/Apache Airflow Project/venv/lib/python3.10/site-packages/airflow/example_dags/plugins/event_listener.py for tasks to queue
[2025-02-09T19:21:41.089-0700] {logging_mixin.py:190} INFO - [2025-02-09T19:21:41.089-0700] {dagbag.py:588} INFO - Filling up the DagBag from /Users/pranithjain/Desktop/DE Project/Apache Airflow Project/venv/lib/python3.10/site-packages/airflow/example_dags/plugins/event_listener.py
[2025-02-09T19:21:41.090-0700] {processor.py:927} WARNING - No viable dags retrieved from /Users/pranithjain/Desktop/DE Project/Apache Airflow Project/venv/lib/python3.10/site-packages/airflow/example_dags/plugins/event_listener.py
[2025-02-09T19:21:41.154-0700] {processor.py:208} INFO - Processing /Users/pranithjain/Desktop/DE Project/Apache Airflow Project/venv/lib/python3.10/site-packages/airflow/example_dags/plugins/event_listener.py took 0.067 seconds
[2025-02-09T19:22:54.683-0700] {processor.py:186} INFO - Started process (PID=24979) to work on /Users/pranithjain/Desktop/DE Project/Apache Airflow Project/venv/lib/python3.10/site-packages/airflow/example_dags/plugins/event_listener.py
[2025-02-09T19:22:54.684-0700] {processor.py:914} INFO - Processing file /Users/pranithjain/Desktop/DE Project/Apache Airflow Project/venv/lib/python3.10/site-packages/airflow/example_dags/plugins/event_listener.py for tasks to queue
[2025-02-09T19:22:54.684-0700] {logging_mixin.py:190} INFO - [2025-02-09T19:22:54.684-0700] {dagbag.py:588} INFO - Filling up the DagBag from /Users/pranithjain/Desktop/DE Project/Apache Airflow Project/venv/lib/python3.10/site-packages/airflow/example_dags/plugins/event_listener.py
[2025-02-09T19:22:54.685-0700] {processor.py:927} WARNING - No viable dags retrieved from /Users/pranithjain/Desktop/DE Project/Apache Airflow Project/venv/lib/python3.10/site-packages/airflow/example_dags/plugins/event_listener.py
[2025-02-09T19:22:54.750-0700] {processor.py:208} INFO - Processing /Users/pranithjain/Desktop/DE Project/Apache Airflow Project/venv/lib/python3.10/site-packages/airflow/example_dags/plugins/event_listener.py took 0.069 seconds
[2025-02-09T19:24:03.928-0700] {processor.py:186} INFO - Started process (PID=25196) to work on /Users/pranithjain/Desktop/DE Project/Apache Airflow Project/venv/lib/python3.10/site-packages/airflow/example_dags/plugins/event_listener.py
[2025-02-09T19:24:03.929-0700] {processor.py:914} INFO - Processing file /Users/pranithjain/Desktop/DE Project/Apache Airflow Project/venv/lib/python3.10/site-packages/airflow/example_dags/plugins/event_listener.py for tasks to queue
[2025-02-09T19:24:03.929-0700] {logging_mixin.py:190} INFO - [2025-02-09T19:24:03.929-0700] {dagbag.py:588} INFO - Filling up the DagBag from /Users/pranithjain/Desktop/DE Project/Apache Airflow Project/venv/lib/python3.10/site-packages/airflow/example_dags/plugins/event_listener.py
[2025-02-09T19:24:03.930-0700] {processor.py:927} WARNING - No viable dags retrieved from /Users/pranithjain/Desktop/DE Project/Apache Airflow Project/venv/lib/python3.10/site-packages/airflow/example_dags/plugins/event_listener.py
[2025-02-09T19:24:03.993-0700] {processor.py:208} INFO - Processing /Users/pranithjain/Desktop/DE Project/Apache Airflow Project/venv/lib/python3.10/site-packages/airflow/example_dags/plugins/event_listener.py took 0.066 seconds
[2025-02-09T19:25:09.528-0700] {processor.py:186} INFO - Started process (PID=25398) to work on /Users/pranithjain/Desktop/DE Project/Apache Airflow Project/venv/lib/python3.10/site-packages/airflow/example_dags/plugins/event_listener.py
[2025-02-09T19:25:09.529-0700] {processor.py:914} INFO - Processing file /Users/pranithjain/Desktop/DE Project/Apache Airflow Project/venv/lib/python3.10/site-packages/airflow/example_dags/plugins/event_listener.py for tasks to queue
[2025-02-09T19:25:09.529-0700] {logging_mixin.py:190} INFO - [2025-02-09T19:25:09.529-0700] {dagbag.py:588} INFO - Filling up the DagBag from /Users/pranithjain/Desktop/DE Project/Apache Airflow Project/venv/lib/python3.10/site-packages/airflow/example_dags/plugins/event_listener.py
[2025-02-09T19:25:09.530-0700] {processor.py:927} WARNING - No viable dags retrieved from /Users/pranithjain/Desktop/DE Project/Apache Airflow Project/venv/lib/python3.10/site-packages/airflow/example_dags/plugins/event_listener.py
[2025-02-09T19:25:09.593-0700] {processor.py:208} INFO - Processing /Users/pranithjain/Desktop/DE Project/Apache Airflow Project/venv/lib/python3.10/site-packages/airflow/example_dags/plugins/event_listener.py took 0.066 seconds
[2025-02-09T19:26:19.991-0700] {processor.py:186} INFO - Started process (PID=25658) to work on /Users/pranithjain/Desktop/DE Project/Apache Airflow Project/venv/lib/python3.10/site-packages/airflow/example_dags/plugins/event_listener.py
[2025-02-09T19:26:19.992-0700] {processor.py:914} INFO - Processing file /Users/pranithjain/Desktop/DE Project/Apache Airflow Project/venv/lib/python3.10/site-packages/airflow/example_dags/plugins/event_listener.py for tasks to queue
[2025-02-09T19:26:19.993-0700] {logging_mixin.py:190} INFO - [2025-02-09T19:26:19.993-0700] {dagbag.py:588} INFO - Filling up the DagBag from /Users/pranithjain/Desktop/DE Project/Apache Airflow Project/venv/lib/python3.10/site-packages/airflow/example_dags/plugins/event_listener.py
[2025-02-09T19:26:19.993-0700] {processor.py:927} WARNING - No viable dags retrieved from /Users/pranithjain/Desktop/DE Project/Apache Airflow Project/venv/lib/python3.10/site-packages/airflow/example_dags/plugins/event_listener.py
[2025-02-09T19:26:20.056-0700] {processor.py:208} INFO - Processing /Users/pranithjain/Desktop/DE Project/Apache Airflow Project/venv/lib/python3.10/site-packages/airflow/example_dags/plugins/event_listener.py took 0.067 seconds
[2025-02-09T19:27:30.893-0700] {processor.py:186} INFO - Started process (PID=25958) to work on /Users/pranithjain/Desktop/DE Project/Apache Airflow Project/venv/lib/python3.10/site-packages/airflow/example_dags/plugins/event_listener.py
[2025-02-09T19:27:30.894-0700] {processor.py:914} INFO - Processing file /Users/pranithjain/Desktop/DE Project/Apache Airflow Project/venv/lib/python3.10/site-packages/airflow/example_dags/plugins/event_listener.py for tasks to queue
[2025-02-09T19:27:30.894-0700] {logging_mixin.py:190} INFO - [2025-02-09T19:27:30.894-0700] {dagbag.py:588} INFO - Filling up the DagBag from /Users/pranithjain/Desktop/DE Project/Apache Airflow Project/venv/lib/python3.10/site-packages/airflow/example_dags/plugins/event_listener.py
[2025-02-09T19:27:30.895-0700] {processor.py:927} WARNING - No viable dags retrieved from /Users/pranithjain/Desktop/DE Project/Apache Airflow Project/venv/lib/python3.10/site-packages/airflow/example_dags/plugins/event_listener.py
[2025-02-09T19:27:30.965-0700] {processor.py:208} INFO - Processing /Users/pranithjain/Desktop/DE Project/Apache Airflow Project/venv/lib/python3.10/site-packages/airflow/example_dags/plugins/event_listener.py took 0.074 seconds
[2025-02-09T19:28:09.775-0700] {processor.py:186} INFO - Started process (PID=26079) to work on /Users/pranithjain/Desktop/DE Project/Apache Airflow Project/venv/lib/python3.10/site-packages/airflow/example_dags/plugins/event_listener.py
[2025-02-09T19:28:09.776-0700] {processor.py:914} INFO - Processing file /Users/pranithjain/Desktop/DE Project/Apache Airflow Project/venv/lib/python3.10/site-packages/airflow/example_dags/plugins/event_listener.py for tasks to queue
[2025-02-09T19:28:09.776-0700] {logging_mixin.py:190} INFO - [2025-02-09T19:28:09.776-0700] {dagbag.py:588} INFO - Filling up the DagBag from /Users/pranithjain/Desktop/DE Project/Apache Airflow Project/venv/lib/python3.10/site-packages/airflow/example_dags/plugins/event_listener.py
[2025-02-09T19:28:09.777-0700] {processor.py:927} WARNING - No viable dags retrieved from /Users/pranithjain/Desktop/DE Project/Apache Airflow Project/venv/lib/python3.10/site-packages/airflow/example_dags/plugins/event_listener.py
[2025-02-09T19:28:09.841-0700] {processor.py:208} INFO - Processing /Users/pranithjain/Desktop/DE Project/Apache Airflow Project/venv/lib/python3.10/site-packages/airflow/example_dags/plugins/event_listener.py took 0.068 seconds
