[2025-02-09T18:47:28.757-0700] {processor.py:186} INFO - Started process (PID=18645) to work on /Users/pranithjain/Desktop/DE Project/Apache Airflow Project/venv/lib/python3.10/site-packages/airflow/example_dags/plugins/listener_plugin.py
[2025-02-09T18:47:28.757-0700] {processor.py:914} INFO - Processing file /Users/pranithjain/Desktop/DE Project/Apache Airflow Project/venv/lib/python3.10/site-packages/airflow/example_dags/plugins/listener_plugin.py for tasks to queue
[2025-02-09T18:47:28.758-0700] {logging_mixin.py:190} INFO - [2025-02-09T18:47:28.758-0700] {dagbag.py:588} INFO - Filling up the DagBag from /Users/pranithjain/Desktop/DE Project/Apache Airflow Project/venv/lib/python3.10/site-packages/airflow/example_dags/plugins/listener_plugin.py
[2025-02-09T18:47:28.758-0700] {processor.py:927} WARNING - No viable dags retrieved from /Users/pranithjain/Desktop/DE Project/Apache Airflow Project/venv/lib/python3.10/site-packages/airflow/example_dags/plugins/listener_plugin.py
[2025-02-09T18:47:28.822-0700] {processor.py:208} INFO - Processing /Users/pranithjain/Desktop/DE Project/Apache Airflow Project/venv/lib/python3.10/site-packages/airflow/example_dags/plugins/listener_plugin.py took 0.067 seconds
[2025-02-09T18:49:14.341-0700] {processor.py:186} INFO - Started process (PID=19042) to work on /Users/pranithjain/Desktop/DE Project/Apache Airflow Project/venv/lib/python3.10/site-packages/airflow/example_dags/plugins/listener_plugin.py
[2025-02-09T18:49:14.342-0700] {processor.py:914} INFO - Processing file /Users/pranithjain/Desktop/DE Project/Apache Airflow Project/venv/lib/python3.10/site-packages/airflow/example_dags/plugins/listener_plugin.py for tasks to queue
[2025-02-09T18:49:14.342-0700] {logging_mixin.py:190} INFO - [2025-02-09T18:49:14.342-0700] {dagbag.py:588} INFO - Filling up the DagBag from /Users/pranithjain/Desktop/DE Project/Apache Airflow Project/venv/lib/python3.10/site-packages/airflow/example_dags/plugins/listener_plugin.py
[2025-02-09T18:49:14.343-0700] {processor.py:927} WARNING - No viable dags retrieved from /Users/pranithjain/Desktop/DE Project/Apache Airflow Project/venv/lib/python3.10/site-packages/airflow/example_dags/plugins/listener_plugin.py
[2025-02-09T18:49:14.406-0700] {processor.py:208} INFO - Processing /Users/pranithjain/Desktop/DE Project/Apache Airflow Project/venv/lib/python3.10/site-packages/airflow/example_dags/plugins/listener_plugin.py took 0.067 seconds
[2025-02-09T18:50:26.757-0700] {processor.py:186} INFO - Started process (PID=19270) to work on /Users/pranithjain/Desktop/DE Project/Apache Airflow Project/venv/lib/python3.10/site-packages/airflow/example_dags/plugins/listener_plugin.py
[2025-02-09T18:50:26.758-0700] {processor.py:914} INFO - Processing file /Users/pranithjain/Desktop/DE Project/Apache Airflow Project/venv/lib/python3.10/site-packages/airflow/example_dags/plugins/listener_plugin.py for tasks to queue
[2025-02-09T18:50:26.759-0700] {logging_mixin.py:190} INFO - [2025-02-09T18:50:26.759-0700] {dagbag.py:588} INFO - Filling up the DagBag from /Users/pranithjain/Desktop/DE Project/Apache Airflow Project/venv/lib/python3.10/site-packages/airflow/example_dags/plugins/listener_plugin.py
[2025-02-09T18:50:26.760-0700] {processor.py:927} WARNING - No viable dags retrieved from /Users/pranithjain/Desktop/DE Project/Apache Airflow Project/venv/lib/python3.10/site-packages/airflow/example_dags/plugins/listener_plugin.py
[2025-02-09T18:50:26.823-0700] {processor.py:208} INFO - Processing /Users/pranithjain/Desktop/DE Project/Apache Airflow Project/venv/lib/python3.10/site-packages/airflow/example_dags/plugins/listener_plugin.py took 0.068 seconds
[2025-02-09T18:51:37.772-0700] {processor.py:186} INFO - Started process (PID=19490) to work on /Users/pranithjain/Desktop/DE Project/Apache Airflow Project/venv/lib/python3.10/site-packages/airflow/example_dags/plugins/listener_plugin.py
[2025-02-09T18:51:37.772-0700] {processor.py:914} INFO - Processing file /Users/pranithjain/Desktop/DE Project/Apache Airflow Project/venv/lib/python3.10/site-packages/airflow/example_dags/plugins/listener_plugin.py for tasks to queue
[2025-02-09T18:51:37.773-0700] {logging_mixin.py:190} INFO - [2025-02-09T18:51:37.773-0700] {dagbag.py:588} INFO - Filling up the DagBag from /Users/pranithjain/Desktop/DE Project/Apache Airflow Project/venv/lib/python3.10/site-packages/airflow/example_dags/plugins/listener_plugin.py
[2025-02-09T18:51:37.773-0700] {processor.py:927} WARNING - No viable dags retrieved from /Users/pranithjain/Desktop/DE Project/Apache Airflow Project/venv/lib/python3.10/site-packages/airflow/example_dags/plugins/listener_plugin.py
[2025-02-09T18:51:37.838-0700] {processor.py:208} INFO - Processing /Users/pranithjain/Desktop/DE Project/Apache Airflow Project/venv/lib/python3.10/site-packages/airflow/example_dags/plugins/listener_plugin.py took 0.068 seconds
[2025-02-09T18:52:37.454-0700] {processor.py:186} INFO - Started process (PID=19684) to work on /Users/pranithjain/Desktop/DE Project/Apache Airflow Project/venv/lib/python3.10/site-packages/airflow/example_dags/plugins/listener_plugin.py
[2025-02-09T18:52:37.454-0700] {processor.py:914} INFO - Processing file /Users/pranithjain/Desktop/DE Project/Apache Airflow Project/venv/lib/python3.10/site-packages/airflow/example_dags/plugins/listener_plugin.py for tasks to queue
[2025-02-09T18:52:37.455-0700] {logging_mixin.py:190} INFO - [2025-02-09T18:52:37.455-0700] {dagbag.py:588} INFO - Filling up the DagBag from /Users/pranithjain/Desktop/DE Project/Apache Airflow Project/venv/lib/python3.10/site-packages/airflow/example_dags/plugins/listener_plugin.py
[2025-02-09T18:52:37.456-0700] {processor.py:927} WARNING - No viable dags retrieved from /Users/pranithjain/Desktop/DE Project/Apache Airflow Project/venv/lib/python3.10/site-packages/airflow/example_dags/plugins/listener_plugin.py
[2025-02-09T18:52:37.519-0700] {processor.py:208} INFO - Processing /Users/pranithjain/Desktop/DE Project/Apache Airflow Project/venv/lib/python3.10/site-packages/airflow/example_dags/plugins/listener_plugin.py took 0.067 seconds
[2025-02-09T18:54:21.534-0700] {processor.py:186} INFO - Started process (PID=20005) to work on /Users/pranithjain/Desktop/DE Project/Apache Airflow Project/venv/lib/python3.10/site-packages/airflow/example_dags/plugins/listener_plugin.py
[2025-02-09T18:54:21.535-0700] {processor.py:914} INFO - Processing file /Users/pranithjain/Desktop/DE Project/Apache Airflow Project/venv/lib/python3.10/site-packages/airflow/example_dags/plugins/listener_plugin.py for tasks to queue
[2025-02-09T18:54:21.536-0700] {logging_mixin.py:190} INFO - [2025-02-09T18:54:21.536-0700] {dagbag.py:588} INFO - Filling up the DagBag from /Users/pranithjain/Desktop/DE Project/Apache Airflow Project/venv/lib/python3.10/site-packages/airflow/example_dags/plugins/listener_plugin.py
[2025-02-09T18:54:21.537-0700] {processor.py:927} WARNING - No viable dags retrieved from /Users/pranithjain/Desktop/DE Project/Apache Airflow Project/venv/lib/python3.10/site-packages/airflow/example_dags/plugins/listener_plugin.py
[2025-02-09T18:54:21.603-0700] {processor.py:208} INFO - Processing /Users/pranithjain/Desktop/DE Project/Apache Airflow Project/venv/lib/python3.10/site-packages/airflow/example_dags/plugins/listener_plugin.py took 0.071 seconds
[2025-02-09T18:55:32.367-0700] {processor.py:186} INFO - Started process (PID=20221) to work on /Users/pranithjain/Desktop/DE Project/Apache Airflow Project/venv/lib/python3.10/site-packages/airflow/example_dags/plugins/listener_plugin.py
[2025-02-09T18:55:32.368-0700] {processor.py:914} INFO - Processing file /Users/pranithjain/Desktop/DE Project/Apache Airflow Project/venv/lib/python3.10/site-packages/airflow/example_dags/plugins/listener_plugin.py for tasks to queue
[2025-02-09T18:55:32.368-0700] {logging_mixin.py:190} INFO - [2025-02-09T18:55:32.368-0700] {dagbag.py:588} INFO - Filling up the DagBag from /Users/pranithjain/Desktop/DE Project/Apache Airflow Project/venv/lib/python3.10/site-packages/airflow/example_dags/plugins/listener_plugin.py
[2025-02-09T18:55:32.369-0700] {processor.py:927} WARNING - No viable dags retrieved from /Users/pranithjain/Desktop/DE Project/Apache Airflow Project/venv/lib/python3.10/site-packages/airflow/example_dags/plugins/listener_plugin.py
[2025-02-09T18:55:32.434-0700] {processor.py:208} INFO - Processing /Users/pranithjain/Desktop/DE Project/Apache Airflow Project/venv/lib/python3.10/site-packages/airflow/example_dags/plugins/listener_plugin.py took 0.069 seconds
[2025-02-09T18:56:45.446-0700] {processor.py:186} INFO - Started process (PID=20457) to work on /Users/pranithjain/Desktop/DE Project/Apache Airflow Project/venv/lib/python3.10/site-packages/airflow/example_dags/plugins/listener_plugin.py
[2025-02-09T18:56:45.446-0700] {processor.py:914} INFO - Processing file /Users/pranithjain/Desktop/DE Project/Apache Airflow Project/venv/lib/python3.10/site-packages/airflow/example_dags/plugins/listener_plugin.py for tasks to queue
[2025-02-09T18:56:45.447-0700] {logging_mixin.py:190} INFO - [2025-02-09T18:56:45.447-0700] {dagbag.py:588} INFO - Filling up the DagBag from /Users/pranithjain/Desktop/DE Project/Apache Airflow Project/venv/lib/python3.10/site-packages/airflow/example_dags/plugins/listener_plugin.py
[2025-02-09T18:56:45.448-0700] {processor.py:927} WARNING - No viable dags retrieved from /Users/pranithjain/Desktop/DE Project/Apache Airflow Project/venv/lib/python3.10/site-packages/airflow/example_dags/plugins/listener_plugin.py
[2025-02-09T18:56:45.512-0700] {processor.py:208} INFO - Processing /Users/pranithjain/Desktop/DE Project/Apache Airflow Project/venv/lib/python3.10/site-packages/airflow/example_dags/plugins/listener_plugin.py took 0.068 seconds
[2025-02-09T18:57:58.280-0700] {processor.py:186} INFO - Started process (PID=20678) to work on /Users/pranithjain/Desktop/DE Project/Apache Airflow Project/venv/lib/python3.10/site-packages/airflow/example_dags/plugins/listener_plugin.py
[2025-02-09T18:57:58.281-0700] {processor.py:914} INFO - Processing file /Users/pranithjain/Desktop/DE Project/Apache Airflow Project/venv/lib/python3.10/site-packages/airflow/example_dags/plugins/listener_plugin.py for tasks to queue
[2025-02-09T18:57:58.281-0700] {logging_mixin.py:190} INFO - [2025-02-09T18:57:58.281-0700] {dagbag.py:588} INFO - Filling up the DagBag from /Users/pranithjain/Desktop/DE Project/Apache Airflow Project/venv/lib/python3.10/site-packages/airflow/example_dags/plugins/listener_plugin.py
[2025-02-09T18:57:58.282-0700] {processor.py:927} WARNING - No viable dags retrieved from /Users/pranithjain/Desktop/DE Project/Apache Airflow Project/venv/lib/python3.10/site-packages/airflow/example_dags/plugins/listener_plugin.py
[2025-02-09T18:57:58.345-0700] {processor.py:208} INFO - Processing /Users/pranithjain/Desktop/DE Project/Apache Airflow Project/venv/lib/python3.10/site-packages/airflow/example_dags/plugins/listener_plugin.py took 0.066 seconds
[2025-02-09T19:06:14.597-0700] {processor.py:186} INFO - Started process (PID=21864) to work on /Users/pranithjain/Desktop/DE Project/Apache Airflow Project/venv/lib/python3.10/site-packages/airflow/example_dags/plugins/listener_plugin.py
[2025-02-09T19:06:14.597-0700] {processor.py:914} INFO - Processing file /Users/pranithjain/Desktop/DE Project/Apache Airflow Project/venv/lib/python3.10/site-packages/airflow/example_dags/plugins/listener_plugin.py for tasks to queue
[2025-02-09T19:06:14.598-0700] {logging_mixin.py:190} INFO - [2025-02-09T19:06:14.598-0700] {dagbag.py:588} INFO - Filling up the DagBag from /Users/pranithjain/Desktop/DE Project/Apache Airflow Project/venv/lib/python3.10/site-packages/airflow/example_dags/plugins/listener_plugin.py
[2025-02-09T19:06:14.598-0700] {processor.py:927} WARNING - No viable dags retrieved from /Users/pranithjain/Desktop/DE Project/Apache Airflow Project/venv/lib/python3.10/site-packages/airflow/example_dags/plugins/listener_plugin.py
[2025-02-09T19:06:14.662-0700] {processor.py:208} INFO - Processing /Users/pranithjain/Desktop/DE Project/Apache Airflow Project/venv/lib/python3.10/site-packages/airflow/example_dags/plugins/listener_plugin.py took 0.067 seconds
[2025-02-09T19:07:52.680-0700] {processor.py:186} INFO - Started process (PID=22170) to work on /Users/pranithjain/Desktop/DE Project/Apache Airflow Project/venv/lib/python3.10/site-packages/airflow/example_dags/plugins/listener_plugin.py
[2025-02-09T19:07:52.681-0700] {processor.py:914} INFO - Processing file /Users/pranithjain/Desktop/DE Project/Apache Airflow Project/venv/lib/python3.10/site-packages/airflow/example_dags/plugins/listener_plugin.py for tasks to queue
[2025-02-09T19:07:52.681-0700] {logging_mixin.py:190} INFO - [2025-02-09T19:07:52.681-0700] {dagbag.py:588} INFO - Filling up the DagBag from /Users/pranithjain/Desktop/DE Project/Apache Airflow Project/venv/lib/python3.10/site-packages/airflow/example_dags/plugins/listener_plugin.py
[2025-02-09T19:07:52.682-0700] {processor.py:927} WARNING - No viable dags retrieved from /Users/pranithjain/Desktop/DE Project/Apache Airflow Project/venv/lib/python3.10/site-packages/airflow/example_dags/plugins/listener_plugin.py
[2025-02-09T19:07:52.746-0700] {processor.py:208} INFO - Processing /Users/pranithjain/Desktop/DE Project/Apache Airflow Project/venv/lib/python3.10/site-packages/airflow/example_dags/plugins/listener_plugin.py took 0.067 seconds
[2025-02-09T19:09:03.542-0700] {processor.py:186} INFO - Started process (PID=22393) to work on /Users/pranithjain/Desktop/DE Project/Apache Airflow Project/venv/lib/python3.10/site-packages/airflow/example_dags/plugins/listener_plugin.py
[2025-02-09T19:09:03.542-0700] {processor.py:914} INFO - Processing file /Users/pranithjain/Desktop/DE Project/Apache Airflow Project/venv/lib/python3.10/site-packages/airflow/example_dags/plugins/listener_plugin.py for tasks to queue
[2025-02-09T19:09:03.543-0700] {logging_mixin.py:190} INFO - [2025-02-09T19:09:03.543-0700] {dagbag.py:588} INFO - Filling up the DagBag from /Users/pranithjain/Desktop/DE Project/Apache Airflow Project/venv/lib/python3.10/site-packages/airflow/example_dags/plugins/listener_plugin.py
[2025-02-09T19:09:03.543-0700] {processor.py:927} WARNING - No viable dags retrieved from /Users/pranithjain/Desktop/DE Project/Apache Airflow Project/venv/lib/python3.10/site-packages/airflow/example_dags/plugins/listener_plugin.py
[2025-02-09T19:09:03.608-0700] {processor.py:208} INFO - Processing /Users/pranithjain/Desktop/DE Project/Apache Airflow Project/venv/lib/python3.10/site-packages/airflow/example_dags/plugins/listener_plugin.py took 0.068 seconds
[2025-02-09T19:10:15.857-0700] {processor.py:186} INFO - Started process (PID=22612) to work on /Users/pranithjain/Desktop/DE Project/Apache Airflow Project/venv/lib/python3.10/site-packages/airflow/example_dags/plugins/listener_plugin.py
[2025-02-09T19:10:15.858-0700] {processor.py:914} INFO - Processing file /Users/pranithjain/Desktop/DE Project/Apache Airflow Project/venv/lib/python3.10/site-packages/airflow/example_dags/plugins/listener_plugin.py for tasks to queue
[2025-02-09T19:10:15.858-0700] {logging_mixin.py:190} INFO - [2025-02-09T19:10:15.858-0700] {dagbag.py:588} INFO - Filling up the DagBag from /Users/pranithjain/Desktop/DE Project/Apache Airflow Project/venv/lib/python3.10/site-packages/airflow/example_dags/plugins/listener_plugin.py
[2025-02-09T19:10:15.859-0700] {processor.py:927} WARNING - No viable dags retrieved from /Users/pranithjain/Desktop/DE Project/Apache Airflow Project/venv/lib/python3.10/site-packages/airflow/example_dags/plugins/listener_plugin.py
[2025-02-09T19:10:15.931-0700] {processor.py:208} INFO - Processing /Users/pranithjain/Desktop/DE Project/Apache Airflow Project/venv/lib/python3.10/site-packages/airflow/example_dags/plugins/listener_plugin.py took 0.076 seconds
[2025-02-09T19:12:43.152-0700] {processor.py:186} INFO - Started process (PID=23018) to work on /Users/pranithjain/Desktop/DE Project/Apache Airflow Project/venv/lib/python3.10/site-packages/airflow/example_dags/plugins/listener_plugin.py
[2025-02-09T19:12:43.153-0700] {processor.py:914} INFO - Processing file /Users/pranithjain/Desktop/DE Project/Apache Airflow Project/venv/lib/python3.10/site-packages/airflow/example_dags/plugins/listener_plugin.py for tasks to queue
[2025-02-09T19:12:43.153-0700] {logging_mixin.py:190} INFO - [2025-02-09T19:12:43.153-0700] {dagbag.py:588} INFO - Filling up the DagBag from /Users/pranithjain/Desktop/DE Project/Apache Airflow Project/venv/lib/python3.10/site-packages/airflow/example_dags/plugins/listener_plugin.py
[2025-02-09T19:12:43.154-0700] {processor.py:927} WARNING - No viable dags retrieved from /Users/pranithjain/Desktop/DE Project/Apache Airflow Project/venv/lib/python3.10/site-packages/airflow/example_dags/plugins/listener_plugin.py
[2025-02-09T19:12:43.218-0700] {processor.py:208} INFO - Processing /Users/pranithjain/Desktop/DE Project/Apache Airflow Project/venv/lib/python3.10/site-packages/airflow/example_dags/plugins/listener_plugin.py took 0.068 seconds
[2025-02-09T19:14:27.666-0700] {processor.py:186} INFO - Started process (PID=23338) to work on /Users/pranithjain/Desktop/DE Project/Apache Airflow Project/venv/lib/python3.10/site-packages/airflow/example_dags/plugins/listener_plugin.py
[2025-02-09T19:14:27.667-0700] {processor.py:914} INFO - Processing file /Users/pranithjain/Desktop/DE Project/Apache Airflow Project/venv/lib/python3.10/site-packages/airflow/example_dags/plugins/listener_plugin.py for tasks to queue
[2025-02-09T19:14:27.668-0700] {logging_mixin.py:190} INFO - [2025-02-09T19:14:27.667-0700] {dagbag.py:588} INFO - Filling up the DagBag from /Users/pranithjain/Desktop/DE Project/Apache Airflow Project/venv/lib/python3.10/site-packages/airflow/example_dags/plugins/listener_plugin.py
[2025-02-09T19:14:27.668-0700] {processor.py:927} WARNING - No viable dags retrieved from /Users/pranithjain/Desktop/DE Project/Apache Airflow Project/venv/lib/python3.10/site-packages/airflow/example_dags/plugins/listener_plugin.py
[2025-02-09T19:14:27.732-0700] {processor.py:208} INFO - Processing /Users/pranithjain/Desktop/DE Project/Apache Airflow Project/venv/lib/python3.10/site-packages/airflow/example_dags/plugins/listener_plugin.py took 0.067 seconds
[2025-02-09T19:15:36.334-0700] {processor.py:186} INFO - Started process (PID=23549) to work on /Users/pranithjain/Desktop/DE Project/Apache Airflow Project/venv/lib/python3.10/site-packages/airflow/example_dags/plugins/listener_plugin.py
[2025-02-09T19:15:36.335-0700] {processor.py:914} INFO - Processing file /Users/pranithjain/Desktop/DE Project/Apache Airflow Project/venv/lib/python3.10/site-packages/airflow/example_dags/plugins/listener_plugin.py for tasks to queue
[2025-02-09T19:15:36.335-0700] {logging_mixin.py:190} INFO - [2025-02-09T19:15:36.335-0700] {dagbag.py:588} INFO - Filling up the DagBag from /Users/pranithjain/Desktop/DE Project/Apache Airflow Project/venv/lib/python3.10/site-packages/airflow/example_dags/plugins/listener_plugin.py
[2025-02-09T19:15:36.336-0700] {processor.py:927} WARNING - No viable dags retrieved from /Users/pranithjain/Desktop/DE Project/Apache Airflow Project/venv/lib/python3.10/site-packages/airflow/example_dags/plugins/listener_plugin.py
[2025-02-09T19:15:36.400-0700] {processor.py:208} INFO - Processing /Users/pranithjain/Desktop/DE Project/Apache Airflow Project/venv/lib/python3.10/site-packages/airflow/example_dags/plugins/listener_plugin.py took 0.067 seconds
[2025-02-09T19:16:46.648-0700] {processor.py:186} INFO - Started process (PID=23766) to work on /Users/pranithjain/Desktop/DE Project/Apache Airflow Project/venv/lib/python3.10/site-packages/airflow/example_dags/plugins/listener_plugin.py
[2025-02-09T19:16:46.650-0700] {processor.py:914} INFO - Processing file /Users/pranithjain/Desktop/DE Project/Apache Airflow Project/venv/lib/python3.10/site-packages/airflow/example_dags/plugins/listener_plugin.py for tasks to queue
[2025-02-09T19:16:46.650-0700] {logging_mixin.py:190} INFO - [2025-02-09T19:16:46.650-0700] {dagbag.py:588} INFO - Filling up the DagBag from /Users/pranithjain/Desktop/DE Project/Apache Airflow Project/venv/lib/python3.10/site-packages/airflow/example_dags/plugins/listener_plugin.py
[2025-02-09T19:16:46.651-0700] {processor.py:927} WARNING - No viable dags retrieved from /Users/pranithjain/Desktop/DE Project/Apache Airflow Project/venv/lib/python3.10/site-packages/airflow/example_dags/plugins/listener_plugin.py
[2025-02-09T19:16:46.715-0700] {processor.py:208} INFO - Processing /Users/pranithjain/Desktop/DE Project/Apache Airflow Project/venv/lib/python3.10/site-packages/airflow/example_dags/plugins/listener_plugin.py took 0.068 seconds
[2025-02-09T19:17:59.619-0700] {processor.py:186} INFO - Started process (PID=23985) to work on /Users/pranithjain/Desktop/DE Project/Apache Airflow Project/venv/lib/python3.10/site-packages/airflow/example_dags/plugins/listener_plugin.py
[2025-02-09T19:17:59.620-0700] {processor.py:914} INFO - Processing file /Users/pranithjain/Desktop/DE Project/Apache Airflow Project/venv/lib/python3.10/site-packages/airflow/example_dags/plugins/listener_plugin.py for tasks to queue
[2025-02-09T19:17:59.620-0700] {logging_mixin.py:190} INFO - [2025-02-09T19:17:59.620-0700] {dagbag.py:588} INFO - Filling up the DagBag from /Users/pranithjain/Desktop/DE Project/Apache Airflow Project/venv/lib/python3.10/site-packages/airflow/example_dags/plugins/listener_plugin.py
[2025-02-09T19:17:59.621-0700] {processor.py:927} WARNING - No viable dags retrieved from /Users/pranithjain/Desktop/DE Project/Apache Airflow Project/venv/lib/python3.10/site-packages/airflow/example_dags/plugins/listener_plugin.py
[2025-02-09T19:17:59.685-0700] {processor.py:208} INFO - Processing /Users/pranithjain/Desktop/DE Project/Apache Airflow Project/venv/lib/python3.10/site-packages/airflow/example_dags/plugins/listener_plugin.py took 0.067 seconds
[2025-02-09T19:19:12.361-0700] {processor.py:186} INFO - Started process (PID=24215) to work on /Users/pranithjain/Desktop/DE Project/Apache Airflow Project/venv/lib/python3.10/site-packages/airflow/example_dags/plugins/listener_plugin.py
[2025-02-09T19:19:12.361-0700] {processor.py:914} INFO - Processing file /Users/pranithjain/Desktop/DE Project/Apache Airflow Project/venv/lib/python3.10/site-packages/airflow/example_dags/plugins/listener_plugin.py for tasks to queue
[2025-02-09T19:19:12.362-0700] {logging_mixin.py:190} INFO - [2025-02-09T19:19:12.362-0700] {dagbag.py:588} INFO - Filling up the DagBag from /Users/pranithjain/Desktop/DE Project/Apache Airflow Project/venv/lib/python3.10/site-packages/airflow/example_dags/plugins/listener_plugin.py
[2025-02-09T19:19:12.362-0700] {processor.py:927} WARNING - No viable dags retrieved from /Users/pranithjain/Desktop/DE Project/Apache Airflow Project/venv/lib/python3.10/site-packages/airflow/example_dags/plugins/listener_plugin.py
[2025-02-09T19:19:12.427-0700] {processor.py:208} INFO - Processing /Users/pranithjain/Desktop/DE Project/Apache Airflow Project/venv/lib/python3.10/site-packages/airflow/example_dags/plugins/listener_plugin.py took 0.068 seconds
[2025-02-09T19:20:25.595-0700] {processor.py:186} INFO - Started process (PID=24436) to work on /Users/pranithjain/Desktop/DE Project/Apache Airflow Project/venv/lib/python3.10/site-packages/airflow/example_dags/plugins/listener_plugin.py
[2025-02-09T19:20:25.596-0700] {processor.py:914} INFO - Processing file /Users/pranithjain/Desktop/DE Project/Apache Airflow Project/venv/lib/python3.10/site-packages/airflow/example_dags/plugins/listener_plugin.py for tasks to queue
[2025-02-09T19:20:25.596-0700] {logging_mixin.py:190} INFO - [2025-02-09T19:20:25.596-0700] {dagbag.py:588} INFO - Filling up the DagBag from /Users/pranithjain/Desktop/DE Project/Apache Airflow Project/venv/lib/python3.10/site-packages/airflow/example_dags/plugins/listener_plugin.py
[2025-02-09T19:20:25.597-0700] {processor.py:927} WARNING - No viable dags retrieved from /Users/pranithjain/Desktop/DE Project/Apache Airflow Project/venv/lib/python3.10/site-packages/airflow/example_dags/plugins/listener_plugin.py
[2025-02-09T19:20:25.662-0700] {processor.py:208} INFO - Processing /Users/pranithjain/Desktop/DE Project/Apache Airflow Project/venv/lib/python3.10/site-packages/airflow/example_dags/plugins/listener_plugin.py took 0.068 seconds
[2025-02-09T19:21:39.308-0700] {processor.py:186} INFO - Started process (PID=24655) to work on /Users/pranithjain/Desktop/DE Project/Apache Airflow Project/venv/lib/python3.10/site-packages/airflow/example_dags/plugins/listener_plugin.py
[2025-02-09T19:21:39.309-0700] {processor.py:914} INFO - Processing file /Users/pranithjain/Desktop/DE Project/Apache Airflow Project/venv/lib/python3.10/site-packages/airflow/example_dags/plugins/listener_plugin.py for tasks to queue
[2025-02-09T19:21:39.309-0700] {logging_mixin.py:190} INFO - [2025-02-09T19:21:39.309-0700] {dagbag.py:588} INFO - Filling up the DagBag from /Users/pranithjain/Desktop/DE Project/Apache Airflow Project/venv/lib/python3.10/site-packages/airflow/example_dags/plugins/listener_plugin.py
[2025-02-09T19:21:39.310-0700] {processor.py:927} WARNING - No viable dags retrieved from /Users/pranithjain/Desktop/DE Project/Apache Airflow Project/venv/lib/python3.10/site-packages/airflow/example_dags/plugins/listener_plugin.py
[2025-02-09T19:21:39.374-0700] {processor.py:208} INFO - Processing /Users/pranithjain/Desktop/DE Project/Apache Airflow Project/venv/lib/python3.10/site-packages/airflow/example_dags/plugins/listener_plugin.py took 0.067 seconds
[2025-02-09T19:22:52.889-0700] {processor.py:186} INFO - Started process (PID=24974) to work on /Users/pranithjain/Desktop/DE Project/Apache Airflow Project/venv/lib/python3.10/site-packages/airflow/example_dags/plugins/listener_plugin.py
[2025-02-09T19:22:52.889-0700] {processor.py:914} INFO - Processing file /Users/pranithjain/Desktop/DE Project/Apache Airflow Project/venv/lib/python3.10/site-packages/airflow/example_dags/plugins/listener_plugin.py for tasks to queue
[2025-02-09T19:22:52.890-0700] {logging_mixin.py:190} INFO - [2025-02-09T19:22:52.890-0700] {dagbag.py:588} INFO - Filling up the DagBag from /Users/pranithjain/Desktop/DE Project/Apache Airflow Project/venv/lib/python3.10/site-packages/airflow/example_dags/plugins/listener_plugin.py
[2025-02-09T19:22:52.891-0700] {processor.py:927} WARNING - No viable dags retrieved from /Users/pranithjain/Desktop/DE Project/Apache Airflow Project/venv/lib/python3.10/site-packages/airflow/example_dags/plugins/listener_plugin.py
[2025-02-09T19:22:52.955-0700] {processor.py:208} INFO - Processing /Users/pranithjain/Desktop/DE Project/Apache Airflow Project/venv/lib/python3.10/site-packages/airflow/example_dags/plugins/listener_plugin.py took 0.069 seconds
[2025-02-09T19:24:02.147-0700] {processor.py:186} INFO - Started process (PID=25191) to work on /Users/pranithjain/Desktop/DE Project/Apache Airflow Project/venv/lib/python3.10/site-packages/airflow/example_dags/plugins/listener_plugin.py
[2025-02-09T19:24:02.148-0700] {processor.py:914} INFO - Processing file /Users/pranithjain/Desktop/DE Project/Apache Airflow Project/venv/lib/python3.10/site-packages/airflow/example_dags/plugins/listener_plugin.py for tasks to queue
[2025-02-09T19:24:02.148-0700] {logging_mixin.py:190} INFO - [2025-02-09T19:24:02.148-0700] {dagbag.py:588} INFO - Filling up the DagBag from /Users/pranithjain/Desktop/DE Project/Apache Airflow Project/venv/lib/python3.10/site-packages/airflow/example_dags/plugins/listener_plugin.py
[2025-02-09T19:24:02.149-0700] {processor.py:927} WARNING - No viable dags retrieved from /Users/pranithjain/Desktop/DE Project/Apache Airflow Project/venv/lib/python3.10/site-packages/airflow/example_dags/plugins/listener_plugin.py
[2025-02-09T19:24:02.213-0700] {processor.py:208} INFO - Processing /Users/pranithjain/Desktop/DE Project/Apache Airflow Project/venv/lib/python3.10/site-packages/airflow/example_dags/plugins/listener_plugin.py took 0.067 seconds
[2025-02-09T19:25:08.157-0700] {processor.py:186} INFO - Started process (PID=25393) to work on /Users/pranithjain/Desktop/DE Project/Apache Airflow Project/venv/lib/python3.10/site-packages/airflow/example_dags/plugins/listener_plugin.py
[2025-02-09T19:25:08.158-0700] {processor.py:914} INFO - Processing file /Users/pranithjain/Desktop/DE Project/Apache Airflow Project/venv/lib/python3.10/site-packages/airflow/example_dags/plugins/listener_plugin.py for tasks to queue
[2025-02-09T19:25:08.158-0700] {logging_mixin.py:190} INFO - [2025-02-09T19:25:08.158-0700] {dagbag.py:588} INFO - Filling up the DagBag from /Users/pranithjain/Desktop/DE Project/Apache Airflow Project/venv/lib/python3.10/site-packages/airflow/example_dags/plugins/listener_plugin.py
[2025-02-09T19:25:08.159-0700] {processor.py:927} WARNING - No viable dags retrieved from /Users/pranithjain/Desktop/DE Project/Apache Airflow Project/venv/lib/python3.10/site-packages/airflow/example_dags/plugins/listener_plugin.py
[2025-02-09T19:25:08.222-0700] {processor.py:208} INFO - Processing /Users/pranithjain/Desktop/DE Project/Apache Airflow Project/venv/lib/python3.10/site-packages/airflow/example_dags/plugins/listener_plugin.py took 0.067 seconds
[2025-02-09T19:26:18.174-0700] {processor.py:186} INFO - Started process (PID=25650) to work on /Users/pranithjain/Desktop/DE Project/Apache Airflow Project/venv/lib/python3.10/site-packages/airflow/example_dags/plugins/listener_plugin.py
[2025-02-09T19:26:18.176-0700] {processor.py:914} INFO - Processing file /Users/pranithjain/Desktop/DE Project/Apache Airflow Project/venv/lib/python3.10/site-packages/airflow/example_dags/plugins/listener_plugin.py for tasks to queue
[2025-02-09T19:26:18.176-0700] {logging_mixin.py:190} INFO - [2025-02-09T19:26:18.176-0700] {dagbag.py:588} INFO - Filling up the DagBag from /Users/pranithjain/Desktop/DE Project/Apache Airflow Project/venv/lib/python3.10/site-packages/airflow/example_dags/plugins/listener_plugin.py
[2025-02-09T19:26:18.177-0700] {processor.py:927} WARNING - No viable dags retrieved from /Users/pranithjain/Desktop/DE Project/Apache Airflow Project/venv/lib/python3.10/site-packages/airflow/example_dags/plugins/listener_plugin.py
[2025-02-09T19:26:18.241-0700] {processor.py:208} INFO - Processing /Users/pranithjain/Desktop/DE Project/Apache Airflow Project/venv/lib/python3.10/site-packages/airflow/example_dags/plugins/listener_plugin.py took 0.069 seconds
[2025-02-09T19:27:29.668-0700] {processor.py:186} INFO - Started process (PID=25956) to work on /Users/pranithjain/Desktop/DE Project/Apache Airflow Project/venv/lib/python3.10/site-packages/airflow/example_dags/plugins/listener_plugin.py
[2025-02-09T19:27:29.668-0700] {processor.py:914} INFO - Processing file /Users/pranithjain/Desktop/DE Project/Apache Airflow Project/venv/lib/python3.10/site-packages/airflow/example_dags/plugins/listener_plugin.py for tasks to queue
[2025-02-09T19:27:29.669-0700] {logging_mixin.py:190} INFO - [2025-02-09T19:27:29.669-0700] {dagbag.py:588} INFO - Filling up the DagBag from /Users/pranithjain/Desktop/DE Project/Apache Airflow Project/venv/lib/python3.10/site-packages/airflow/example_dags/plugins/listener_plugin.py
[2025-02-09T19:27:29.670-0700] {processor.py:927} WARNING - No viable dags retrieved from /Users/pranithjain/Desktop/DE Project/Apache Airflow Project/venv/lib/python3.10/site-packages/airflow/example_dags/plugins/listener_plugin.py
[2025-02-09T19:27:29.738-0700] {processor.py:208} INFO - Processing /Users/pranithjain/Desktop/DE Project/Apache Airflow Project/venv/lib/python3.10/site-packages/airflow/example_dags/plugins/listener_plugin.py took 0.072 seconds
[2025-02-09T19:28:07.979-0700] {processor.py:186} INFO - Started process (PID=26070) to work on /Users/pranithjain/Desktop/DE Project/Apache Airflow Project/venv/lib/python3.10/site-packages/airflow/example_dags/plugins/listener_plugin.py
[2025-02-09T19:28:07.979-0700] {processor.py:914} INFO - Processing file /Users/pranithjain/Desktop/DE Project/Apache Airflow Project/venv/lib/python3.10/site-packages/airflow/example_dags/plugins/listener_plugin.py for tasks to queue
[2025-02-09T19:28:07.980-0700] {logging_mixin.py:190} INFO - [2025-02-09T19:28:07.979-0700] {dagbag.py:588} INFO - Filling up the DagBag from /Users/pranithjain/Desktop/DE Project/Apache Airflow Project/venv/lib/python3.10/site-packages/airflow/example_dags/plugins/listener_plugin.py
[2025-02-09T19:28:07.980-0700] {processor.py:927} WARNING - No viable dags retrieved from /Users/pranithjain/Desktop/DE Project/Apache Airflow Project/venv/lib/python3.10/site-packages/airflow/example_dags/plugins/listener_plugin.py
[2025-02-09T19:28:08.048-0700] {processor.py:208} INFO - Processing /Users/pranithjain/Desktop/DE Project/Apache Airflow Project/venv/lib/python3.10/site-packages/airflow/example_dags/plugins/listener_plugin.py took 0.072 seconds
