[2025-02-09T18:47:26.804-0700] {processor.py:186} INFO - Started process (PID=18643) to work on /Users/pranithjain/Desktop/DE Project/Apache Airflow Project/venv/lib/python3.10/site-packages/airflow/example_dags/plugins/workday.py
[2025-02-09T18:47:26.804-0700] {processor.py:914} INFO - Processing file /Users/pranithjain/Desktop/DE Project/Apache Airflow Project/venv/lib/python3.10/site-packages/airflow/example_dags/plugins/workday.py for tasks to queue
[2025-02-09T18:47:26.805-0700] {logging_mixin.py:190} INFO - [2025-02-09T18:47:26.805-0700] {dagbag.py:588} INFO - Filling up the DagBag from /Users/pranithjain/Desktop/DE Project/Apache Airflow Project/venv/lib/python3.10/site-packages/airflow/example_dags/plugins/workday.py
[2025-02-09T18:47:26.971-0700] {processor.py:927} WARNING - No viable dags retrieved from /Users/pranithjain/Desktop/DE Project/Apache Airflow Project/venv/lib/python3.10/site-packages/airflow/example_dags/plugins/workday.py
[2025-02-09T18:47:27.010-0700] {processor.py:208} INFO - Processing /Users/pranithjain/Desktop/DE Project/Apache Airflow Project/venv/lib/python3.10/site-packages/airflow/example_dags/plugins/workday.py took 0.208 seconds
[2025-02-09T18:49:12.349-0700] {processor.py:186} INFO - Started process (PID=19037) to work on /Users/pranithjain/Desktop/DE Project/Apache Airflow Project/venv/lib/python3.10/site-packages/airflow/example_dags/plugins/workday.py
[2025-02-09T18:49:12.349-0700] {processor.py:914} INFO - Processing file /Users/pranithjain/Desktop/DE Project/Apache Airflow Project/venv/lib/python3.10/site-packages/airflow/example_dags/plugins/workday.py for tasks to queue
[2025-02-09T18:49:12.350-0700] {logging_mixin.py:190} INFO - [2025-02-09T18:49:12.350-0700] {dagbag.py:588} INFO - Filling up the DagBag from /Users/pranithjain/Desktop/DE Project/Apache Airflow Project/venv/lib/python3.10/site-packages/airflow/example_dags/plugins/workday.py
[2025-02-09T18:49:12.525-0700] {processor.py:927} WARNING - No viable dags retrieved from /Users/pranithjain/Desktop/DE Project/Apache Airflow Project/venv/lib/python3.10/site-packages/airflow/example_dags/plugins/workday.py
[2025-02-09T18:49:12.569-0700] {processor.py:208} INFO - Processing /Users/pranithjain/Desktop/DE Project/Apache Airflow Project/venv/lib/python3.10/site-packages/airflow/example_dags/plugins/workday.py took 0.222 seconds
[2025-02-09T18:50:25.476-0700] {processor.py:186} INFO - Started process (PID=19265) to work on /Users/pranithjain/Desktop/DE Project/Apache Airflow Project/venv/lib/python3.10/site-packages/airflow/example_dags/plugins/workday.py
[2025-02-09T18:50:25.477-0700] {processor.py:914} INFO - Processing file /Users/pranithjain/Desktop/DE Project/Apache Airflow Project/venv/lib/python3.10/site-packages/airflow/example_dags/plugins/workday.py for tasks to queue
[2025-02-09T18:50:25.478-0700] {logging_mixin.py:190} INFO - [2025-02-09T18:50:25.477-0700] {dagbag.py:588} INFO - Filling up the DagBag from /Users/pranithjain/Desktop/DE Project/Apache Airflow Project/venv/lib/python3.10/site-packages/airflow/example_dags/plugins/workday.py
[2025-02-09T18:50:25.658-0700] {processor.py:927} WARNING - No viable dags retrieved from /Users/pranithjain/Desktop/DE Project/Apache Airflow Project/venv/lib/python3.10/site-packages/airflow/example_dags/plugins/workday.py
[2025-02-09T18:50:25.702-0700] {processor.py:208} INFO - Processing /Users/pranithjain/Desktop/DE Project/Apache Airflow Project/venv/lib/python3.10/site-packages/airflow/example_dags/plugins/workday.py took 0.228 seconds
[2025-02-09T18:51:35.811-0700] {processor.py:186} INFO - Started process (PID=19484) to work on /Users/pranithjain/Desktop/DE Project/Apache Airflow Project/venv/lib/python3.10/site-packages/airflow/example_dags/plugins/workday.py
[2025-02-09T18:51:35.812-0700] {processor.py:914} INFO - Processing file /Users/pranithjain/Desktop/DE Project/Apache Airflow Project/venv/lib/python3.10/site-packages/airflow/example_dags/plugins/workday.py for tasks to queue
[2025-02-09T18:51:35.812-0700] {logging_mixin.py:190} INFO - [2025-02-09T18:51:35.812-0700] {dagbag.py:588} INFO - Filling up the DagBag from /Users/pranithjain/Desktop/DE Project/Apache Airflow Project/venv/lib/python3.10/site-packages/airflow/example_dags/plugins/workday.py
[2025-02-09T18:51:35.976-0700] {processor.py:927} WARNING - No viable dags retrieved from /Users/pranithjain/Desktop/DE Project/Apache Airflow Project/venv/lib/python3.10/site-packages/airflow/example_dags/plugins/workday.py
[2025-02-09T18:51:36.015-0700] {processor.py:208} INFO - Processing /Users/pranithjain/Desktop/DE Project/Apache Airflow Project/venv/lib/python3.10/site-packages/airflow/example_dags/plugins/workday.py took 0.206 seconds
[2025-02-09T18:52:35.425-0700] {processor.py:186} INFO - Started process (PID=19679) to work on /Users/pranithjain/Desktop/DE Project/Apache Airflow Project/venv/lib/python3.10/site-packages/airflow/example_dags/plugins/workday.py
[2025-02-09T18:52:35.426-0700] {processor.py:914} INFO - Processing file /Users/pranithjain/Desktop/DE Project/Apache Airflow Project/venv/lib/python3.10/site-packages/airflow/example_dags/plugins/workday.py for tasks to queue
[2025-02-09T18:52:35.426-0700] {logging_mixin.py:190} INFO - [2025-02-09T18:52:35.426-0700] {dagbag.py:588} INFO - Filling up the DagBag from /Users/pranithjain/Desktop/DE Project/Apache Airflow Project/venv/lib/python3.10/site-packages/airflow/example_dags/plugins/workday.py
[2025-02-09T18:52:35.595-0700] {processor.py:927} WARNING - No viable dags retrieved from /Users/pranithjain/Desktop/DE Project/Apache Airflow Project/venv/lib/python3.10/site-packages/airflow/example_dags/plugins/workday.py
[2025-02-09T18:52:35.637-0700] {processor.py:208} INFO - Processing /Users/pranithjain/Desktop/DE Project/Apache Airflow Project/venv/lib/python3.10/site-packages/airflow/example_dags/plugins/workday.py took 0.213 seconds
[2025-02-09T18:54:19.530-0700] {processor.py:186} INFO - Started process (PID=19999) to work on /Users/pranithjain/Desktop/DE Project/Apache Airflow Project/venv/lib/python3.10/site-packages/airflow/example_dags/plugins/workday.py
[2025-02-09T18:54:19.532-0700] {processor.py:914} INFO - Processing file /Users/pranithjain/Desktop/DE Project/Apache Airflow Project/venv/lib/python3.10/site-packages/airflow/example_dags/plugins/workday.py for tasks to queue
[2025-02-09T18:54:19.533-0700] {logging_mixin.py:190} INFO - [2025-02-09T18:54:19.532-0700] {dagbag.py:588} INFO - Filling up the DagBag from /Users/pranithjain/Desktop/DE Project/Apache Airflow Project/venv/lib/python3.10/site-packages/airflow/example_dags/plugins/workday.py
[2025-02-09T18:54:19.703-0700] {processor.py:927} WARNING - No viable dags retrieved from /Users/pranithjain/Desktop/DE Project/Apache Airflow Project/venv/lib/python3.10/site-packages/airflow/example_dags/plugins/workday.py
[2025-02-09T18:54:19.744-0700] {processor.py:208} INFO - Processing /Users/pranithjain/Desktop/DE Project/Apache Airflow Project/venv/lib/python3.10/site-packages/airflow/example_dags/plugins/workday.py took 0.216 seconds
[2025-02-09T18:55:31.199-0700] {processor.py:186} INFO - Started process (PID=20216) to work on /Users/pranithjain/Desktop/DE Project/Apache Airflow Project/venv/lib/python3.10/site-packages/airflow/example_dags/plugins/workday.py
[2025-02-09T18:55:31.200-0700] {processor.py:914} INFO - Processing file /Users/pranithjain/Desktop/DE Project/Apache Airflow Project/venv/lib/python3.10/site-packages/airflow/example_dags/plugins/workday.py for tasks to queue
[2025-02-09T18:55:31.200-0700] {logging_mixin.py:190} INFO - [2025-02-09T18:55:31.200-0700] {dagbag.py:588} INFO - Filling up the DagBag from /Users/pranithjain/Desktop/DE Project/Apache Airflow Project/venv/lib/python3.10/site-packages/airflow/example_dags/plugins/workday.py
[2025-02-09T18:55:31.383-0700] {processor.py:927} WARNING - No viable dags retrieved from /Users/pranithjain/Desktop/DE Project/Apache Airflow Project/venv/lib/python3.10/site-packages/airflow/example_dags/plugins/workday.py
[2025-02-09T18:55:31.425-0700] {processor.py:208} INFO - Processing /Users/pranithjain/Desktop/DE Project/Apache Airflow Project/venv/lib/python3.10/site-packages/airflow/example_dags/plugins/workday.py took 0.228 seconds
[2025-02-09T18:56:43.453-0700] {processor.py:186} INFO - Started process (PID=20452) to work on /Users/pranithjain/Desktop/DE Project/Apache Airflow Project/venv/lib/python3.10/site-packages/airflow/example_dags/plugins/workday.py
[2025-02-09T18:56:43.454-0700] {processor.py:914} INFO - Processing file /Users/pranithjain/Desktop/DE Project/Apache Airflow Project/venv/lib/python3.10/site-packages/airflow/example_dags/plugins/workday.py for tasks to queue
[2025-02-09T18:56:43.454-0700] {logging_mixin.py:190} INFO - [2025-02-09T18:56:43.454-0700] {dagbag.py:588} INFO - Filling up the DagBag from /Users/pranithjain/Desktop/DE Project/Apache Airflow Project/venv/lib/python3.10/site-packages/airflow/example_dags/plugins/workday.py
[2025-02-09T18:56:43.616-0700] {processor.py:927} WARNING - No viable dags retrieved from /Users/pranithjain/Desktop/DE Project/Apache Airflow Project/venv/lib/python3.10/site-packages/airflow/example_dags/plugins/workday.py
[2025-02-09T18:56:43.655-0700] {processor.py:208} INFO - Processing /Users/pranithjain/Desktop/DE Project/Apache Airflow Project/venv/lib/python3.10/site-packages/airflow/example_dags/plugins/workday.py took 0.203 seconds
[2025-02-09T18:57:56.323-0700] {processor.py:186} INFO - Started process (PID=20670) to work on /Users/pranithjain/Desktop/DE Project/Apache Airflow Project/venv/lib/python3.10/site-packages/airflow/example_dags/plugins/workday.py
[2025-02-09T18:57:56.324-0700] {processor.py:914} INFO - Processing file /Users/pranithjain/Desktop/DE Project/Apache Airflow Project/venv/lib/python3.10/site-packages/airflow/example_dags/plugins/workday.py for tasks to queue
[2025-02-09T18:57:56.324-0700] {logging_mixin.py:190} INFO - [2025-02-09T18:57:56.324-0700] {dagbag.py:588} INFO - Filling up the DagBag from /Users/pranithjain/Desktop/DE Project/Apache Airflow Project/venv/lib/python3.10/site-packages/airflow/example_dags/plugins/workday.py
[2025-02-09T18:57:56.490-0700] {processor.py:927} WARNING - No viable dags retrieved from /Users/pranithjain/Desktop/DE Project/Apache Airflow Project/venv/lib/python3.10/site-packages/airflow/example_dags/plugins/workday.py
[2025-02-09T18:57:56.529-0700] {processor.py:208} INFO - Processing /Users/pranithjain/Desktop/DE Project/Apache Airflow Project/venv/lib/python3.10/site-packages/airflow/example_dags/plugins/workday.py took 0.207 seconds
[2025-02-09T19:06:12.595-0700] {processor.py:186} INFO - Started process (PID=21855) to work on /Users/pranithjain/Desktop/DE Project/Apache Airflow Project/venv/lib/python3.10/site-packages/airflow/example_dags/plugins/workday.py
[2025-02-09T19:06:12.595-0700] {processor.py:914} INFO - Processing file /Users/pranithjain/Desktop/DE Project/Apache Airflow Project/venv/lib/python3.10/site-packages/airflow/example_dags/plugins/workday.py for tasks to queue
[2025-02-09T19:06:12.596-0700] {logging_mixin.py:190} INFO - [2025-02-09T19:06:12.596-0700] {dagbag.py:588} INFO - Filling up the DagBag from /Users/pranithjain/Desktop/DE Project/Apache Airflow Project/venv/lib/python3.10/site-packages/airflow/example_dags/plugins/workday.py
[2025-02-09T19:06:12.759-0700] {processor.py:927} WARNING - No viable dags retrieved from /Users/pranithjain/Desktop/DE Project/Apache Airflow Project/venv/lib/python3.10/site-packages/airflow/example_dags/plugins/workday.py
[2025-02-09T19:06:12.802-0700] {processor.py:208} INFO - Processing /Users/pranithjain/Desktop/DE Project/Apache Airflow Project/venv/lib/python3.10/site-packages/airflow/example_dags/plugins/workday.py took 0.208 seconds
[2025-02-09T19:07:50.715-0700] {processor.py:186} INFO - Started process (PID=22165) to work on /Users/pranithjain/Desktop/DE Project/Apache Airflow Project/venv/lib/python3.10/site-packages/airflow/example_dags/plugins/workday.py
[2025-02-09T19:07:50.716-0700] {processor.py:914} INFO - Processing file /Users/pranithjain/Desktop/DE Project/Apache Airflow Project/venv/lib/python3.10/site-packages/airflow/example_dags/plugins/workday.py for tasks to queue
[2025-02-09T19:07:50.716-0700] {logging_mixin.py:190} INFO - [2025-02-09T19:07:50.716-0700] {dagbag.py:588} INFO - Filling up the DagBag from /Users/pranithjain/Desktop/DE Project/Apache Airflow Project/venv/lib/python3.10/site-packages/airflow/example_dags/plugins/workday.py
[2025-02-09T19:07:50.877-0700] {processor.py:927} WARNING - No viable dags retrieved from /Users/pranithjain/Desktop/DE Project/Apache Airflow Project/venv/lib/python3.10/site-packages/airflow/example_dags/plugins/workday.py
[2025-02-09T19:07:50.915-0700] {processor.py:208} INFO - Processing /Users/pranithjain/Desktop/DE Project/Apache Airflow Project/venv/lib/python3.10/site-packages/airflow/example_dags/plugins/workday.py took 0.202 seconds
[2025-02-09T19:09:01.588-0700] {processor.py:186} INFO - Started process (PID=22388) to work on /Users/pranithjain/Desktop/DE Project/Apache Airflow Project/venv/lib/python3.10/site-packages/airflow/example_dags/plugins/workday.py
[2025-02-09T19:09:01.588-0700] {processor.py:914} INFO - Processing file /Users/pranithjain/Desktop/DE Project/Apache Airflow Project/venv/lib/python3.10/site-packages/airflow/example_dags/plugins/workday.py for tasks to queue
[2025-02-09T19:09:01.589-0700] {logging_mixin.py:190} INFO - [2025-02-09T19:09:01.589-0700] {dagbag.py:588} INFO - Filling up the DagBag from /Users/pranithjain/Desktop/DE Project/Apache Airflow Project/venv/lib/python3.10/site-packages/airflow/example_dags/plugins/workday.py
[2025-02-09T19:09:01.750-0700] {processor.py:927} WARNING - No viable dags retrieved from /Users/pranithjain/Desktop/DE Project/Apache Airflow Project/venv/lib/python3.10/site-packages/airflow/example_dags/plugins/workday.py
[2025-02-09T19:09:01.790-0700] {processor.py:208} INFO - Processing /Users/pranithjain/Desktop/DE Project/Apache Airflow Project/venv/lib/python3.10/site-packages/airflow/example_dags/plugins/workday.py took 0.203 seconds
[2025-02-09T19:10:13.779-0700] {processor.py:186} INFO - Started process (PID=22607) to work on /Users/pranithjain/Desktop/DE Project/Apache Airflow Project/venv/lib/python3.10/site-packages/airflow/example_dags/plugins/workday.py
[2025-02-09T19:10:13.780-0700] {processor.py:914} INFO - Processing file /Users/pranithjain/Desktop/DE Project/Apache Airflow Project/venv/lib/python3.10/site-packages/airflow/example_dags/plugins/workday.py for tasks to queue
[2025-02-09T19:10:13.780-0700] {logging_mixin.py:190} INFO - [2025-02-09T19:10:13.780-0700] {dagbag.py:588} INFO - Filling up the DagBag from /Users/pranithjain/Desktop/DE Project/Apache Airflow Project/venv/lib/python3.10/site-packages/airflow/example_dags/plugins/workday.py
[2025-02-09T19:10:13.976-0700] {processor.py:927} WARNING - No viable dags retrieved from /Users/pranithjain/Desktop/DE Project/Apache Airflow Project/venv/lib/python3.10/site-packages/airflow/example_dags/plugins/workday.py
[2025-02-09T19:10:14.020-0700] {processor.py:208} INFO - Processing /Users/pranithjain/Desktop/DE Project/Apache Airflow Project/venv/lib/python3.10/site-packages/airflow/example_dags/plugins/workday.py took 0.243 seconds
[2025-02-09T19:12:41.218-0700] {processor.py:186} INFO - Started process (PID=23014) to work on /Users/pranithjain/Desktop/DE Project/Apache Airflow Project/venv/lib/python3.10/site-packages/airflow/example_dags/plugins/workday.py
[2025-02-09T19:12:41.219-0700] {processor.py:914} INFO - Processing file /Users/pranithjain/Desktop/DE Project/Apache Airflow Project/venv/lib/python3.10/site-packages/airflow/example_dags/plugins/workday.py for tasks to queue
[2025-02-09T19:12:41.219-0700] {logging_mixin.py:190} INFO - [2025-02-09T19:12:41.219-0700] {dagbag.py:588} INFO - Filling up the DagBag from /Users/pranithjain/Desktop/DE Project/Apache Airflow Project/venv/lib/python3.10/site-packages/airflow/example_dags/plugins/workday.py
[2025-02-09T19:12:41.381-0700] {processor.py:927} WARNING - No viable dags retrieved from /Users/pranithjain/Desktop/DE Project/Apache Airflow Project/venv/lib/python3.10/site-packages/airflow/example_dags/plugins/workday.py
[2025-02-09T19:12:41.420-0700] {processor.py:208} INFO - Processing /Users/pranithjain/Desktop/DE Project/Apache Airflow Project/venv/lib/python3.10/site-packages/airflow/example_dags/plugins/workday.py took 0.203 seconds
[2025-02-09T19:14:25.694-0700] {processor.py:186} INFO - Started process (PID=23333) to work on /Users/pranithjain/Desktop/DE Project/Apache Airflow Project/venv/lib/python3.10/site-packages/airflow/example_dags/plugins/workday.py
[2025-02-09T19:14:25.695-0700] {processor.py:914} INFO - Processing file /Users/pranithjain/Desktop/DE Project/Apache Airflow Project/venv/lib/python3.10/site-packages/airflow/example_dags/plugins/workday.py for tasks to queue
[2025-02-09T19:14:25.695-0700] {logging_mixin.py:190} INFO - [2025-02-09T19:14:25.695-0700] {dagbag.py:588} INFO - Filling up the DagBag from /Users/pranithjain/Desktop/DE Project/Apache Airflow Project/venv/lib/python3.10/site-packages/airflow/example_dags/plugins/workday.py
[2025-02-09T19:14:25.856-0700] {processor.py:927} WARNING - No viable dags retrieved from /Users/pranithjain/Desktop/DE Project/Apache Airflow Project/venv/lib/python3.10/site-packages/airflow/example_dags/plugins/workday.py
[2025-02-09T19:14:25.895-0700] {processor.py:208} INFO - Processing /Users/pranithjain/Desktop/DE Project/Apache Airflow Project/venv/lib/python3.10/site-packages/airflow/example_dags/plugins/workday.py took 0.202 seconds
[2025-02-09T19:15:34.381-0700] {processor.py:186} INFO - Started process (PID=23545) to work on /Users/pranithjain/Desktop/DE Project/Apache Airflow Project/venv/lib/python3.10/site-packages/airflow/example_dags/plugins/workday.py
[2025-02-09T19:15:34.382-0700] {processor.py:914} INFO - Processing file /Users/pranithjain/Desktop/DE Project/Apache Airflow Project/venv/lib/python3.10/site-packages/airflow/example_dags/plugins/workday.py for tasks to queue
[2025-02-09T19:15:34.382-0700] {logging_mixin.py:190} INFO - [2025-02-09T19:15:34.382-0700] {dagbag.py:588} INFO - Filling up the DagBag from /Users/pranithjain/Desktop/DE Project/Apache Airflow Project/venv/lib/python3.10/site-packages/airflow/example_dags/plugins/workday.py
[2025-02-09T19:15:34.541-0700] {processor.py:927} WARNING - No viable dags retrieved from /Users/pranithjain/Desktop/DE Project/Apache Airflow Project/venv/lib/python3.10/site-packages/airflow/example_dags/plugins/workday.py
[2025-02-09T19:15:34.580-0700] {processor.py:208} INFO - Processing /Users/pranithjain/Desktop/DE Project/Apache Airflow Project/venv/lib/python3.10/site-packages/airflow/example_dags/plugins/workday.py took 0.200 seconds
[2025-02-09T19:16:44.687-0700] {processor.py:186} INFO - Started process (PID=23759) to work on /Users/pranithjain/Desktop/DE Project/Apache Airflow Project/venv/lib/python3.10/site-packages/airflow/example_dags/plugins/workday.py
[2025-02-09T19:16:44.688-0700] {processor.py:914} INFO - Processing file /Users/pranithjain/Desktop/DE Project/Apache Airflow Project/venv/lib/python3.10/site-packages/airflow/example_dags/plugins/workday.py for tasks to queue
[2025-02-09T19:16:44.689-0700] {logging_mixin.py:190} INFO - [2025-02-09T19:16:44.689-0700] {dagbag.py:588} INFO - Filling up the DagBag from /Users/pranithjain/Desktop/DE Project/Apache Airflow Project/venv/lib/python3.10/site-packages/airflow/example_dags/plugins/workday.py
[2025-02-09T19:16:44.852-0700] {processor.py:927} WARNING - No viable dags retrieved from /Users/pranithjain/Desktop/DE Project/Apache Airflow Project/venv/lib/python3.10/site-packages/airflow/example_dags/plugins/workday.py
[2025-02-09T19:16:44.891-0700] {processor.py:208} INFO - Processing /Users/pranithjain/Desktop/DE Project/Apache Airflow Project/venv/lib/python3.10/site-packages/airflow/example_dags/plugins/workday.py took 0.205 seconds
[2025-02-09T19:17:57.650-0700] {processor.py:186} INFO - Started process (PID=23980) to work on /Users/pranithjain/Desktop/DE Project/Apache Airflow Project/venv/lib/python3.10/site-packages/airflow/example_dags/plugins/workday.py
[2025-02-09T19:17:57.650-0700] {processor.py:914} INFO - Processing file /Users/pranithjain/Desktop/DE Project/Apache Airflow Project/venv/lib/python3.10/site-packages/airflow/example_dags/plugins/workday.py for tasks to queue
[2025-02-09T19:17:57.651-0700] {logging_mixin.py:190} INFO - [2025-02-09T19:17:57.651-0700] {dagbag.py:588} INFO - Filling up the DagBag from /Users/pranithjain/Desktop/DE Project/Apache Airflow Project/venv/lib/python3.10/site-packages/airflow/example_dags/plugins/workday.py
[2025-02-09T19:17:57.820-0700] {processor.py:927} WARNING - No viable dags retrieved from /Users/pranithjain/Desktop/DE Project/Apache Airflow Project/venv/lib/python3.10/site-packages/airflow/example_dags/plugins/workday.py
[2025-02-09T19:17:57.860-0700] {processor.py:208} INFO - Processing /Users/pranithjain/Desktop/DE Project/Apache Airflow Project/venv/lib/python3.10/site-packages/airflow/example_dags/plugins/workday.py took 0.212 seconds
[2025-02-09T19:19:10.396-0700] {processor.py:186} INFO - Started process (PID=24209) to work on /Users/pranithjain/Desktop/DE Project/Apache Airflow Project/venv/lib/python3.10/site-packages/airflow/example_dags/plugins/workday.py
[2025-02-09T19:19:10.396-0700] {processor.py:914} INFO - Processing file /Users/pranithjain/Desktop/DE Project/Apache Airflow Project/venv/lib/python3.10/site-packages/airflow/example_dags/plugins/workday.py for tasks to queue
[2025-02-09T19:19:10.397-0700] {logging_mixin.py:190} INFO - [2025-02-09T19:19:10.397-0700] {dagbag.py:588} INFO - Filling up the DagBag from /Users/pranithjain/Desktop/DE Project/Apache Airflow Project/venv/lib/python3.10/site-packages/airflow/example_dags/plugins/workday.py
[2025-02-09T19:19:10.558-0700] {processor.py:927} WARNING - No viable dags retrieved from /Users/pranithjain/Desktop/DE Project/Apache Airflow Project/venv/lib/python3.10/site-packages/airflow/example_dags/plugins/workday.py
[2025-02-09T19:19:10.597-0700] {processor.py:208} INFO - Processing /Users/pranithjain/Desktop/DE Project/Apache Airflow Project/venv/lib/python3.10/site-packages/airflow/example_dags/plugins/workday.py took 0.203 seconds
[2025-02-09T19:20:23.626-0700] {processor.py:186} INFO - Started process (PID=24431) to work on /Users/pranithjain/Desktop/DE Project/Apache Airflow Project/venv/lib/python3.10/site-packages/airflow/example_dags/plugins/workday.py
[2025-02-09T19:20:23.626-0700] {processor.py:914} INFO - Processing file /Users/pranithjain/Desktop/DE Project/Apache Airflow Project/venv/lib/python3.10/site-packages/airflow/example_dags/plugins/workday.py for tasks to queue
[2025-02-09T19:20:23.627-0700] {logging_mixin.py:190} INFO - [2025-02-09T19:20:23.627-0700] {dagbag.py:588} INFO - Filling up the DagBag from /Users/pranithjain/Desktop/DE Project/Apache Airflow Project/venv/lib/python3.10/site-packages/airflow/example_dags/plugins/workday.py
[2025-02-09T19:20:23.794-0700] {processor.py:927} WARNING - No viable dags retrieved from /Users/pranithjain/Desktop/DE Project/Apache Airflow Project/venv/lib/python3.10/site-packages/airflow/example_dags/plugins/workday.py
[2025-02-09T19:20:23.833-0700] {processor.py:208} INFO - Processing /Users/pranithjain/Desktop/DE Project/Apache Airflow Project/venv/lib/python3.10/site-packages/airflow/example_dags/plugins/workday.py took 0.208 seconds
[2025-02-09T19:21:37.287-0700] {processor.py:186} INFO - Started process (PID=24650) to work on /Users/pranithjain/Desktop/DE Project/Apache Airflow Project/venv/lib/python3.10/site-packages/airflow/example_dags/plugins/workday.py
[2025-02-09T19:21:37.288-0700] {processor.py:914} INFO - Processing file /Users/pranithjain/Desktop/DE Project/Apache Airflow Project/venv/lib/python3.10/site-packages/airflow/example_dags/plugins/workday.py for tasks to queue
[2025-02-09T19:21:37.289-0700] {logging_mixin.py:190} INFO - [2025-02-09T19:21:37.288-0700] {dagbag.py:588} INFO - Filling up the DagBag from /Users/pranithjain/Desktop/DE Project/Apache Airflow Project/venv/lib/python3.10/site-packages/airflow/example_dags/plugins/workday.py
[2025-02-09T19:21:37.451-0700] {processor.py:927} WARNING - No viable dags retrieved from /Users/pranithjain/Desktop/DE Project/Apache Airflow Project/venv/lib/python3.10/site-packages/airflow/example_dags/plugins/workday.py
[2025-02-09T19:21:37.490-0700] {processor.py:208} INFO - Processing /Users/pranithjain/Desktop/DE Project/Apache Airflow Project/venv/lib/python3.10/site-packages/airflow/example_dags/plugins/workday.py took 0.204 seconds
[2025-02-09T19:22:50.879-0700] {processor.py:186} INFO - Started process (PID=24969) to work on /Users/pranithjain/Desktop/DE Project/Apache Airflow Project/venv/lib/python3.10/site-packages/airflow/example_dags/plugins/workday.py
[2025-02-09T19:22:50.879-0700] {processor.py:914} INFO - Processing file /Users/pranithjain/Desktop/DE Project/Apache Airflow Project/venv/lib/python3.10/site-packages/airflow/example_dags/plugins/workday.py for tasks to queue
[2025-02-09T19:22:50.880-0700] {logging_mixin.py:190} INFO - [2025-02-09T19:22:50.880-0700] {dagbag.py:588} INFO - Filling up the DagBag from /Users/pranithjain/Desktop/DE Project/Apache Airflow Project/venv/lib/python3.10/site-packages/airflow/example_dags/plugins/workday.py
[2025-02-09T19:22:51.047-0700] {processor.py:927} WARNING - No viable dags retrieved from /Users/pranithjain/Desktop/DE Project/Apache Airflow Project/venv/lib/python3.10/site-packages/airflow/example_dags/plugins/workday.py
[2025-02-09T19:22:51.089-0700] {processor.py:208} INFO - Processing /Users/pranithjain/Desktop/DE Project/Apache Airflow Project/venv/lib/python3.10/site-packages/airflow/example_dags/plugins/workday.py took 0.212 seconds
[2025-02-09T19:24:00.203-0700] {processor.py:186} INFO - Started process (PID=25184) to work on /Users/pranithjain/Desktop/DE Project/Apache Airflow Project/venv/lib/python3.10/site-packages/airflow/example_dags/plugins/workday.py
[2025-02-09T19:24:00.203-0700] {processor.py:914} INFO - Processing file /Users/pranithjain/Desktop/DE Project/Apache Airflow Project/venv/lib/python3.10/site-packages/airflow/example_dags/plugins/workday.py for tasks to queue
[2025-02-09T19:24:00.204-0700] {logging_mixin.py:190} INFO - [2025-02-09T19:24:00.203-0700] {dagbag.py:588} INFO - Filling up the DagBag from /Users/pranithjain/Desktop/DE Project/Apache Airflow Project/venv/lib/python3.10/site-packages/airflow/example_dags/plugins/workday.py
[2025-02-09T19:24:00.365-0700] {processor.py:927} WARNING - No viable dags retrieved from /Users/pranithjain/Desktop/DE Project/Apache Airflow Project/venv/lib/python3.10/site-packages/airflow/example_dags/plugins/workday.py
[2025-02-09T19:24:00.405-0700] {processor.py:208} INFO - Processing /Users/pranithjain/Desktop/DE Project/Apache Airflow Project/venv/lib/python3.10/site-packages/airflow/example_dags/plugins/workday.py took 0.204 seconds
[2025-02-09T19:25:06.217-0700] {processor.py:186} INFO - Started process (PID=25386) to work on /Users/pranithjain/Desktop/DE Project/Apache Airflow Project/venv/lib/python3.10/site-packages/airflow/example_dags/plugins/workday.py
[2025-02-09T19:25:06.218-0700] {processor.py:914} INFO - Processing file /Users/pranithjain/Desktop/DE Project/Apache Airflow Project/venv/lib/python3.10/site-packages/airflow/example_dags/plugins/workday.py for tasks to queue
[2025-02-09T19:25:06.218-0700] {logging_mixin.py:190} INFO - [2025-02-09T19:25:06.218-0700] {dagbag.py:588} INFO - Filling up the DagBag from /Users/pranithjain/Desktop/DE Project/Apache Airflow Project/venv/lib/python3.10/site-packages/airflow/example_dags/plugins/workday.py
[2025-02-09T19:25:06.383-0700] {processor.py:927} WARNING - No viable dags retrieved from /Users/pranithjain/Desktop/DE Project/Apache Airflow Project/venv/lib/python3.10/site-packages/airflow/example_dags/plugins/workday.py
[2025-02-09T19:25:06.421-0700] {processor.py:208} INFO - Processing /Users/pranithjain/Desktop/DE Project/Apache Airflow Project/venv/lib/python3.10/site-packages/airflow/example_dags/plugins/workday.py took 0.206 seconds
[2025-02-09T19:26:16.096-0700] {processor.py:186} INFO - Started process (PID=25640) to work on /Users/pranithjain/Desktop/DE Project/Apache Airflow Project/venv/lib/python3.10/site-packages/airflow/example_dags/plugins/workday.py
[2025-02-09T19:26:16.097-0700] {processor.py:914} INFO - Processing file /Users/pranithjain/Desktop/DE Project/Apache Airflow Project/venv/lib/python3.10/site-packages/airflow/example_dags/plugins/workday.py for tasks to queue
[2025-02-09T19:26:16.098-0700] {logging_mixin.py:190} INFO - [2025-02-09T19:26:16.098-0700] {dagbag.py:588} INFO - Filling up the DagBag from /Users/pranithjain/Desktop/DE Project/Apache Airflow Project/venv/lib/python3.10/site-packages/airflow/example_dags/plugins/workday.py
[2025-02-09T19:26:16.277-0700] {processor.py:927} WARNING - No viable dags retrieved from /Users/pranithjain/Desktop/DE Project/Apache Airflow Project/venv/lib/python3.10/site-packages/airflow/example_dags/plugins/workday.py
[2025-02-09T19:26:16.326-0700] {processor.py:208} INFO - Processing /Users/pranithjain/Desktop/DE Project/Apache Airflow Project/venv/lib/python3.10/site-packages/airflow/example_dags/plugins/workday.py took 0.232 seconds
[2025-02-09T19:27:27.740-0700] {processor.py:186} INFO - Started process (PID=25949) to work on /Users/pranithjain/Desktop/DE Project/Apache Airflow Project/venv/lib/python3.10/site-packages/airflow/example_dags/plugins/workday.py
[2025-02-09T19:27:27.741-0700] {processor.py:914} INFO - Processing file /Users/pranithjain/Desktop/DE Project/Apache Airflow Project/venv/lib/python3.10/site-packages/airflow/example_dags/plugins/workday.py for tasks to queue
[2025-02-09T19:27:27.741-0700] {logging_mixin.py:190} INFO - [2025-02-09T19:27:27.741-0700] {dagbag.py:588} INFO - Filling up the DagBag from /Users/pranithjain/Desktop/DE Project/Apache Airflow Project/venv/lib/python3.10/site-packages/airflow/example_dags/plugins/workday.py
[2025-02-09T19:27:27.928-0700] {processor.py:927} WARNING - No viable dags retrieved from /Users/pranithjain/Desktop/DE Project/Apache Airflow Project/venv/lib/python3.10/site-packages/airflow/example_dags/plugins/workday.py
[2025-02-09T19:27:27.971-0700] {processor.py:208} INFO - Processing /Users/pranithjain/Desktop/DE Project/Apache Airflow Project/venv/lib/python3.10/site-packages/airflow/example_dags/plugins/workday.py took 0.232 seconds
[2025-02-09T19:28:05.985-0700] {processor.py:186} INFO - Started process (PID=26065) to work on /Users/pranithjain/Desktop/DE Project/Apache Airflow Project/venv/lib/python3.10/site-packages/airflow/example_dags/plugins/workday.py
[2025-02-09T19:28:05.985-0700] {processor.py:914} INFO - Processing file /Users/pranithjain/Desktop/DE Project/Apache Airflow Project/venv/lib/python3.10/site-packages/airflow/example_dags/plugins/workday.py for tasks to queue
[2025-02-09T19:28:05.986-0700] {logging_mixin.py:190} INFO - [2025-02-09T19:28:05.986-0700] {dagbag.py:588} INFO - Filling up the DagBag from /Users/pranithjain/Desktop/DE Project/Apache Airflow Project/venv/lib/python3.10/site-packages/airflow/example_dags/plugins/workday.py
[2025-02-09T19:28:06.148-0700] {processor.py:927} WARNING - No viable dags retrieved from /Users/pranithjain/Desktop/DE Project/Apache Airflow Project/venv/lib/python3.10/site-packages/airflow/example_dags/plugins/workday.py
[2025-02-09T19:28:06.187-0700] {processor.py:208} INFO - Processing /Users/pranithjain/Desktop/DE Project/Apache Airflow Project/venv/lib/python3.10/site-packages/airflow/example_dags/plugins/workday.py took 0.204 seconds
